[0.224s] Invoking command in '/home/kush/UR5_Project_main/build/moveit_resources_prbt_support': CMAKE_PREFIX_PATH=${CMAKE_PREFIX_PATH}:/home/kush/UR5_Project_main/install/moveit_configs_utils:/home/kush/UR5_Project_main/install/launch_param_builder:/home/kush/ws_moveit2_ur5/install/moveit_configs_utils:/home/kush/ws_moveit2_ur5/install/launch_param_builder:/opt/ros/humble /usr/bin/cmake --build /home/kush/UR5_Project_main/build/moveit_resources_prbt_support -- -j4 -l4
[0.614s] Invoked command in '/home/kush/UR5_Project_main/build/moveit_resources_prbt_support' returned '0': CMAKE_PREFIX_PATH=${CMAKE_PREFIX_PATH}:/home/kush/UR5_Project_main/install/moveit_configs_utils:/home/kush/UR5_Project_main/install/launch_param_builder:/home/kush/ws_moveit2_ur5/install/moveit_configs_utils:/home/kush/ws_moveit2_ur5/install/launch_param_builder:/opt/ros/humble /usr/bin/cmake --build /home/kush/UR5_Project_main/build/moveit_resources_prbt_support -- -j4 -l4
[0.942s] Invoking command in '/home/kush/UR5_Project_main/build/moveit_resources_prbt_support': CMAKE_PREFIX_PATH=${CMAKE_PREFIX_PATH}:/home/kush/UR5_Project_main/install/moveit_configs_utils:/home/kush/UR5_Project_main/install/launch_param_builder:/home/kush/ws_moveit2_ur5/install/moveit_configs_utils:/home/kush/ws_moveit2_ur5/install/launch_param_builder:/opt/ros/humble /usr/bin/cmake --install /home/kush/UR5_Project_main/build/moveit_resources_prbt_support
[1.016s] -- Install configuration: "Release"
[1.017s] -- Up-to-date: /home/kush/UR5_Project_main/install/moveit_resources_prbt_support/share/ament_index/resource_index/package_run_dependencies/moveit_resources_prbt_support
[1.017s] -- Up-to-date: /home/kush/UR5_Project_main/install/moveit_resources_prbt_support/share/ament_index/resource_index/parent_prefix_path/moveit_resources_prbt_support
[1.017s] -- Up-to-date: /home/kush/UR5_Project_main/install/moveit_resources_prbt_support/share/moveit_resources_prbt_support/environment/ament_prefix_path.sh
[1.018s] -- Up-to-date: /home/kush/UR5_Project_main/install/moveit_resources_prbt_support/share/moveit_resources_prbt_support/environment/ament_prefix_path.dsv
[1.018s] -- Up-to-date: /home/kush/UR5_Project_main/install/moveit_resources_prbt_support/share/moveit_resources_prbt_support/environment/path.sh
[1.018s] -- Up-to-date: /home/kush/UR5_Project_main/install/moveit_resources_prbt_support/share/moveit_resources_prbt_support/environment/path.dsv
[1.018s] -- Up-to-date: /home/kush/UR5_Project_main/install/moveit_resources_prbt_support/share/moveit_resources_prbt_support/local_setup.bash
[1.018s] -- Up-to-date: /home/kush/UR5_Project_main/install/moveit_resources_prbt_support/share/moveit_resources_prbt_support/local_setup.sh
[1.019s] -- Up-to-date: /home/kush/UR5_Project_main/install/moveit_resources_prbt_support/share/moveit_resources_prbt_support/local_setup.zsh
[1.019s] -- Up-to-date: /home/kush/UR5_Project_main/install/moveit_resources_prbt_support/share/moveit_resources_prbt_support/local_setup.dsv
[1.019s] -- Installing: /home/kush/UR5_Project_main/install/moveit_resources_prbt_support/share/moveit_resources_prbt_support/package.dsv
[1.019s] -- Up-to-date: /home/kush/UR5_Project_main/install/moveit_resources_prbt_support/share/ament_index/resource_index/packages/moveit_resources_prbt_support
[1.024s] -- Up-to-date: /home/kush/UR5_Project_main/install/moveit_resources_prbt_support/share/moveit_resources_prbt_support/cmake/moveit_resources_prbt_supportConfig.cmake
[1.024s] -- Up-to-date: /home/kush/UR5_Project_main/install/moveit_resources_prbt_support/share/moveit_resources_prbt_support/cmake/moveit_resources_prbt_supportConfig-version.cmake
[1.025s] -- Up-to-date: /home/kush/UR5_Project_main/install/moveit_resources_prbt_support/share/moveit_resources_prbt_support/package.xml
[1.025s] -- Up-to-date: /home/kush/UR5_Project_main/install/moveit_resources_prbt_support/share/moveit_resources_prbt_support/urdf
[1.026s] -- Up-to-date: /home/kush/UR5_Project_main/install/moveit_resources_prbt_support/share/moveit_resources_prbt_support/urdf/prbt.xacro
[1.026s] -- Up-to-date: /home/kush/UR5_Project_main/install/moveit_resources_prbt_support/share/moveit_resources_prbt_support/urdf/prbt.ros2_control.xacro
[1.027s] -- Up-to-date: /home/kush/UR5_Project_main/install/moveit_resources_prbt_support/share/moveit_resources_prbt_support/urdf/simple_gripper_brackets.urdf.xacro
[1.027s] -- Up-to-date: /home/kush/UR5_Project_main/install/moveit_resources_prbt_support/share/moveit_resources_prbt_support/urdf/prbt_macro.xacro
[1.035s] -- Up-to-date: /home/kush/UR5_Project_main/install/moveit_resources_prbt_support/share/moveit_resources_prbt_support/meshes
[1.035s] -- Up-to-date: /home/kush/UR5_Project_main/install/moveit_resources_prbt_support/share/moveit_resources_prbt_support/meshes/link_2.stl
[1.036s] -- Up-to-date: /home/kush/UR5_Project_main/install/moveit_resources_prbt_support/share/moveit_resources_prbt_support/meshes/foot.dae
[1.036s] -- Up-to-date: /home/kush/UR5_Project_main/install/moveit_resources_prbt_support/share/moveit_resources_prbt_support/meshes/foot.stl
[1.036s] -- Up-to-date: /home/kush/UR5_Project_main/install/moveit_resources_prbt_support/share/moveit_resources_prbt_support/meshes/link_1.dae
[1.036s] -- Up-to-date: /home/kush/UR5_Project_main/install/moveit_resources_prbt_support/share/moveit_resources_prbt_support/meshes/link_5.stl
[1.037s] -- Up-to-date: /home/kush/UR5_Project_main/install/moveit_resources_prbt_support/share/moveit_resources_prbt_support/meshes/flange.stl
[1.037s] -- Up-to-date: /home/kush/UR5_Project_main/install/moveit_resources_prbt_support/share/moveit_resources_prbt_support/meshes/link_5.dae
[1.037s] -- Up-to-date: /home/kush/UR5_Project_main/install/moveit_resources_prbt_support/share/moveit_resources_prbt_support/meshes/link_4.stl
[1.037s] -- Up-to-date: /home/kush/UR5_Project_main/install/moveit_resources_prbt_support/share/moveit_resources_prbt_support/meshes/link_4.dae
[1.038s] -- Up-to-date: /home/kush/UR5_Project_main/install/moveit_resources_prbt_support/share/moveit_resources_prbt_support/meshes/link_2.dae
[1.038s] -- Up-to-date: /home/kush/UR5_Project_main/install/moveit_resources_prbt_support/share/moveit_resources_prbt_support/meshes/link_1.stl
[1.038s] -- Up-to-date: /home/kush/UR5_Project_main/install/moveit_resources_prbt_support/share/moveit_resources_prbt_support/meshes/flange.dae
[1.038s] -- Up-to-date: /home/kush/UR5_Project_main/install/moveit_resources_prbt_support/share/moveit_resources_prbt_support/meshes/link_3.dae
[1.039s] -- Up-to-date: /home/kush/UR5_Project_main/install/moveit_resources_prbt_support/share/moveit_resources_prbt_support/meshes/link_3.stl
[1.039s] -- Up-to-date: /home/kush/UR5_Project_main/install/moveit_resources_prbt_support/share/moveit_resources_prbt_support/config
[1.039s] -- Up-to-date: /home/kush/UR5_Project_main/install/moveit_resources_prbt_support/share/moveit_resources_prbt_support/config/prbt_0_1.dcf
[1.039s] -- Up-to-date: /home/kush/UR5_Project_main/install/moveit_resources_prbt_support/share/moveit_resources_prbt_support/config/manipulator_driver.yaml
[1.039s] -- Up-to-date: /home/kush/UR5_Project_main/install/moveit_resources_prbt_support/share/moveit_resources_prbt_support/config/manipulator_controller.yaml
[1.158s] Invoked command in '/home/kush/UR5_Project_main/build/moveit_resources_prbt_support' returned '0': CMAKE_PREFIX_PATH=${CMAKE_PREFIX_PATH}:/home/kush/UR5_Project_main/install/moveit_configs_utils:/home/kush/UR5_Project_main/install/launch_param_builder:/home/kush/ws_moveit2_ur5/install/moveit_configs_utils:/home/kush/ws_moveit2_ur5/install/launch_param_builder:/opt/ros/humble /usr/bin/cmake --install /home/kush/UR5_Project_main/build/moveit_resources_prbt_support
