[0.183s] Invoking command in '/home/kush/UR5_Project_main/build/moveit_ros_planning': AMENT_PREFIX_PATH=/home/kush/UR5_Project_main/install/moveit_ros_occupancy_map_monitor:/home/kush/UR5_Project_main/install/moveit_core:/home/kush/UR5_Project_main/install/moveit_resources_panda_moveit_config:/home/kush/UR5_Project_main/install/srdfdom:/home/kush/UR5_Project_main/install/moveit_resources_panda_description:/home/kush/UR5_Project_main/install/moveit_common:${AMENT_PREFIX_PATH} CMAKE_PREFIX_PATH=/home/kush/UR5_Project_main/install/moveit_ros_occupancy_map_monitor:/home/kush/UR5_Project_main/install/moveit_core:/home/kush/UR5_Project_main/install/moveit_resources_panda_moveit_config:/home/kush/UR5_Project_main/install/srdfdom:/home/kush/UR5_Project_main/install/moveit_resources_panda_description:/home/kush/UR5_Project_main/install/moveit_common:/home/kush/ws_moveit2_ur5/install/ur_description:/home/kush/ws_moveit2_ur5/install/pilz_industrial_motion_planner_testutils:/home/kush/ws_moveit2_ur5/install/moveit_runtime:/home/kush/ws_moveit2_ur5/install/moveit2_tutorials:/home/kush/ws_moveit2_ur5/install/moveit:/home/kush/ws_moveit2_ur5/install/moveit_planners:/home/kush/ws_moveit2_ur5/install/pilz_industrial_motion_planner:/home/kush/ws_moveit2_ur5/install/moveit_visual_tools:/home/kush/ws_moveit2_ur5/install/moveit_task_constructor_visualization:/home/kush/ws_moveit2_ur5/install/moveit_task_constructor_demo:/home/kush/ws_moveit2_ur5/install/moveit_task_constructor_capabilities:/home/kush/ws_moveit2_ur5/install/moveit_task_constructor_core:/home/kush/ws_moveit2_ur5/install/moveit_ros_control_interface:/home/kush/ws_moveit2_ur5/install/moveit_plugins:/home/kush/ws_moveit2_ur5/install/moveit_simple_controller_manager:/home/kush/ws_moveit2_ur5/install/moveit_setup_assistant:/home/kush/ws_moveit2_ur5/install/moveit_setup_srdf_plugins:/home/kush/ws_moveit2_ur5/install/moveit_setup_core_plugins:/home/kush/ws_moveit2_ur5/install/moveit_setup_controllers:/home/kush/ws_moveit2_ur5/install/moveit_setup_app_plugins:/home/kush/ws_moveit2_ur5/install/moveit_setup_framework:/home/kush/ws_moveit2_ur5/install/moveit_servo:/home/kush/ws_moveit2_ur5/install/moveit_ros:/home/kush/ws_moveit2_ur5/install/moveit_ros_visualization:/home/kush/ws_moveit2_ur5/install/moveit_hybrid_planning:/home/kush/ws_moveit2_ur5/install/moveit_ros_planning_interface:/home/kush/ws_moveit2_ur5/install/moveit_ros_benchmarks:/home/kush/ws_moveit2_ur5/install/moveit_ros_warehouse:/home/kush/ws_moveit2_ur5/install/moveit_ros_robot_interaction:/home/kush/ws_moveit2_ur5/install/moveit_ros_perception:/home/kush/ws_moveit2_ur5/install/moveit_resources_prbt_pg70_support:/home/kush/ws_moveit2_ur5/install/moveit_resources_prbt_moveit_config:/home/kush/ws_moveit2_ur5/install/moveit_ros_move_group:/home/kush/ws_moveit2_ur5/install/moveit_planners_ompl:/home/kush/ws_moveit2_ur5/install/moveit_ros_planning:/home/kush/ws_moveit2_ur5/install/moveit_ros_occupancy_map_monitor:/home/kush/ws_moveit2_ur5/install/moveit_resources_prbt_ikfast_manipulator_plugin:/home/kush/ws_moveit2_ur5/install/moveit_planners_chomp:/home/kush/ws_moveit2_ur5/install/moveit_kinematics:/home/kush/ws_moveit2_ur5/install/moveit_chomp_optimizer_adapter:/home/kush/ws_moveit2_ur5/install/chomp_motion_planner:/home/kush/ws_moveit2_ur5/install/moveit_core:/home/kush/ws_moveit2_ur5/install/srdfdom:/home/kush/ws_moveit2_ur5/install/rviz_marker_tools:/home/kush/ws_moveit2_ur5/install/rosparam_shortcuts:/home/kush/ws_moveit2_ur5/install/moveit_task_constructor_msgs:/home/kush/ws_moveit2_ur5/install/moveit_resources_prbt_support:/home/kush/ws_moveit2_ur5/install/moveit_resources:/home/kush/ws_moveit2_ur5/install/moveit_resources_pr2_description:/home/kush/ws_moveit2_ur5/install/moveit_resources_panda_moveit_config:/home/kush/ws_moveit2_ur5/install/moveit_resources_panda_description:/home/kush/ws_moveit2_ur5/install/moveit_resources_fanuc_moveit_config:/home/kush/ws_moveit2_ur5/install/moveit_resources_fanuc_description:/home/kush/ws_moveit2_ur5/install/moveit_common:/home/kush/ws_moveit2_ur5/install/moveit_configs_utils:/home/kush/ws_moveit2_ur5/install/launch_param_builder:/opt/ros/humble LD_LIBRARY_PATH=/home/kush/UR5_Project_main/install/moveit_ros_occupancy_map_monitor/lib:/home/kush/UR5_Project_main/install/moveit_core/lib:/home/kush/UR5_Project_main/install/srdfdom/lib:${LD_LIBRARY_PATH} PATH=/home/kush/UR5_Project_main/install/moveit_core/bin:${PATH} PYTHONPATH=/home/kush/UR5_Project_main/install/srdfdom/local/lib/python3.10/dist-packages:${PYTHONPATH} /usr/bin/cmake --build /home/kush/UR5_Project_main/build/moveit_ros_planning -- -j4 -l4
[0.602s] [35m[1mConsolidate compiler generated dependencies of target moveit_rdf_loader[0m
[0.709s] [  4%] Built target moveit_rdf_loader
[0.958s] [35m[1mConsolidate compiler generated dependencies of target moveit_default_planning_request_adapter_plugins[0m
[1.159s] [ 22%] Built target moveit_default_planning_request_adapter_plugins
[1.247s] [35m[1mConsolidate compiler generated dependencies of target moveit_list_request_adapter_plugins[0m
[1.327s] [ 25%] Built target moveit_list_request_adapter_plugins
[1.481s] [35m[1mConsolidate compiler generated dependencies of target gmock_main[0m
[1.515s] [ 29%] Built target gmock_main
[1.707s] [35m[1mConsolidate compiler generated dependencies of target gmock[0m
[1.739s] [ 33%] Built target gmock
[2.100s] [35m[1mConsolidate compiler generated dependencies of target moveit_kinematics_plugin_loader[0m
[2.169s] [ 37%] Built target moveit_kinematics_plugin_loader
[2.251s] [35m[1mConsolidate compiler generated dependencies of target moveit_constraint_sampler_manager_loader[0m
[2.313s] [ 40%] Built target moveit_constraint_sampler_manager_loader
[2.413s] [35m[1mConsolidate compiler generated dependencies of target moveit_robot_model_loader[0m
[2.455s] [ 43%] Built target moveit_robot_model_loader
[2.526s] [35m[1mConsolidate compiler generated dependencies of target moveit_planning_pipeline[0m
[2.575s] [ 46%] Built target moveit_planning_pipeline
[2.631s] [35m[1mConsolidate compiler generated dependencies of target moveit_print_planning_model_info[0m
[2.679s] [ 50%] Built target moveit_print_planning_model_info
[2.773s] [35m[1mConsolidate compiler generated dependencies of target moveit_collision_plugin_loader[0m
[2.828s] [ 53%] Built target moveit_collision_plugin_loader
[3.040s] [35m[1mConsolidate compiler generated dependencies of target moveit_planning_scene_monitor[0m
[3.175s] [ 62%] Built target moveit_planning_scene_monitor
[3.262s] [35m[1mConsolidate compiler generated dependencies of target demo_scene[0m
[3.322s] [ 66%] Built target demo_scene
[3.437s] [35m[1mConsolidate compiler generated dependencies of target moveit_print_planning_scene_info[0m
[3.510s] [ 69%] Built target moveit_print_planning_scene_info
[3.589s] [35m[1mConsolidate compiler generated dependencies of target moveit_display_random_state[0m
[3.652s] [ 72%] Built target moveit_display_random_state
[3.695s] [35m[1mConsolidate compiler generated dependencies of target moveit_visualize_robot_collision_volume[0m
[3.759s] [ 75%] Built target moveit_visualize_robot_collision_volume
[3.817s] [35m[1mConsolidate compiler generated dependencies of target moveit_evaluate_collision_checking_speed[0m
[3.882s] [ 79%] Built target moveit_evaluate_collision_checking_speed
[3.976s] [35m[1mConsolidate compiler generated dependencies of target moveit_publish_scene_from_text[0m
[4.043s] [ 82%] Built target moveit_publish_scene_from_text
[4.097s] [35m[1mConsolidate compiler generated dependencies of target moveit_trajectory_execution_manager[0m
[4.162s] [ 85%] Built target moveit_trajectory_execution_manager
[4.273s] [35m[1mConsolidate compiler generated dependencies of target trajectory_monitor_tests[0m
[4.336s] [ 88%] Built target trajectory_monitor_tests
[4.452s] [35m[1mConsolidate compiler generated dependencies of target moveit_cpp[0m
[4.569s] [ 93%] Built target moveit_cpp
[4.693s] [35m[1mConsolidate compiler generated dependencies of target moveit_plan_execution[0m
[4.749s] [ 96%] Built target moveit_plan_execution
[4.829s] [35m[1mConsolidate compiler generated dependencies of target current_state_monitor_tests[0m
[4.887s] [100%] Built target current_state_monitor_tests
[4.912s] Invoked command in '/home/kush/UR5_Project_main/build/moveit_ros_planning' returned '0': AMENT_PREFIX_PATH=/home/kush/UR5_Project_main/install/moveit_ros_occupancy_map_monitor:/home/kush/UR5_Project_main/install/moveit_core:/home/kush/UR5_Project_main/install/moveit_resources_panda_moveit_config:/home/kush/UR5_Project_main/install/srdfdom:/home/kush/UR5_Project_main/install/moveit_resources_panda_description:/home/kush/UR5_Project_main/install/moveit_common:${AMENT_PREFIX_PATH} CMAKE_PREFIX_PATH=/home/kush/UR5_Project_main/install/moveit_ros_occupancy_map_monitor:/home/kush/UR5_Project_main/install/moveit_core:/home/kush/UR5_Project_main/install/moveit_resources_panda_moveit_config:/home/kush/UR5_Project_main/install/srdfdom:/home/kush/UR5_Project_main/install/moveit_resources_panda_description:/home/kush/UR5_Project_main/install/moveit_common:/home/kush/ws_moveit2_ur5/install/ur_description:/home/kush/ws_moveit2_ur5/install/pilz_industrial_motion_planner_testutils:/home/kush/ws_moveit2_ur5/install/moveit_runtime:/home/kush/ws_moveit2_ur5/install/moveit2_tutorials:/home/kush/ws_moveit2_ur5/install/moveit:/home/kush/ws_moveit2_ur5/install/moveit_planners:/home/kush/ws_moveit2_ur5/install/pilz_industrial_motion_planner:/home/kush/ws_moveit2_ur5/install/moveit_visual_tools:/home/kush/ws_moveit2_ur5/install/moveit_task_constructor_visualization:/home/kush/ws_moveit2_ur5/install/moveit_task_constructor_demo:/home/kush/ws_moveit2_ur5/install/moveit_task_constructor_capabilities:/home/kush/ws_moveit2_ur5/install/moveit_task_constructor_core:/home/kush/ws_moveit2_ur5/install/moveit_ros_control_interface:/home/kush/ws_moveit2_ur5/install/moveit_plugins:/home/kush/ws_moveit2_ur5/install/moveit_simple_controller_manager:/home/kush/ws_moveit2_ur5/install/moveit_setup_assistant:/home/kush/ws_moveit2_ur5/install/moveit_setup_srdf_plugins:/home/kush/ws_moveit2_ur5/install/moveit_setup_core_plugins:/home/kush/ws_moveit2_ur5/install/moveit_setup_controllers:/home/kush/ws_moveit2_ur5/install/moveit_setup_app_plugins:/home/kush/ws_moveit2_ur5/install/moveit_setup_framework:/home/kush/ws_moveit2_ur5/install/moveit_servo:/home/kush/ws_moveit2_ur5/install/moveit_ros:/home/kush/ws_moveit2_ur5/install/moveit_ros_visualization:/home/kush/ws_moveit2_ur5/install/moveit_hybrid_planning:/home/kush/ws_moveit2_ur5/install/moveit_ros_planning_interface:/home/kush/ws_moveit2_ur5/install/moveit_ros_benchmarks:/home/kush/ws_moveit2_ur5/install/moveit_ros_warehouse:/home/kush/ws_moveit2_ur5/install/moveit_ros_robot_interaction:/home/kush/ws_moveit2_ur5/install/moveit_ros_perception:/home/kush/ws_moveit2_ur5/install/moveit_resources_prbt_pg70_support:/home/kush/ws_moveit2_ur5/install/moveit_resources_prbt_moveit_config:/home/kush/ws_moveit2_ur5/install/moveit_ros_move_group:/home/kush/ws_moveit2_ur5/install/moveit_planners_ompl:/home/kush/ws_moveit2_ur5/install/moveit_ros_planning:/home/kush/ws_moveit2_ur5/install/moveit_ros_occupancy_map_monitor:/home/kush/ws_moveit2_ur5/install/moveit_resources_prbt_ikfast_manipulator_plugin:/home/kush/ws_moveit2_ur5/install/moveit_planners_chomp:/home/kush/ws_moveit2_ur5/install/moveit_kinematics:/home/kush/ws_moveit2_ur5/install/moveit_chomp_optimizer_adapter:/home/kush/ws_moveit2_ur5/install/chomp_motion_planner:/home/kush/ws_moveit2_ur5/install/moveit_core:/home/kush/ws_moveit2_ur5/install/srdfdom:/home/kush/ws_moveit2_ur5/install/rviz_marker_tools:/home/kush/ws_moveit2_ur5/install/rosparam_shortcuts:/home/kush/ws_moveit2_ur5/install/moveit_task_constructor_msgs:/home/kush/ws_moveit2_ur5/install/moveit_resources_prbt_support:/home/kush/ws_moveit2_ur5/install/moveit_resources:/home/kush/ws_moveit2_ur5/install/moveit_resources_pr2_description:/home/kush/ws_moveit2_ur5/install/moveit_resources_panda_moveit_config:/home/kush/ws_moveit2_ur5/install/moveit_resources_panda_description:/home/kush/ws_moveit2_ur5/install/moveit_resources_fanuc_moveit_config:/home/kush/ws_moveit2_ur5/install/moveit_resources_fanuc_description:/home/kush/ws_moveit2_ur5/install/moveit_common:/home/kush/ws_moveit2_ur5/install/moveit_configs_utils:/home/kush/ws_moveit2_ur5/install/launch_param_builder:/opt/ros/humble LD_LIBRARY_PATH=/home/kush/UR5_Project_main/install/moveit_ros_occupancy_map_monitor/lib:/home/kush/UR5_Project_main/install/moveit_core/lib:/home/kush/UR5_Project_main/install/srdfdom/lib:${LD_LIBRARY_PATH} PATH=/home/kush/UR5_Project_main/install/moveit_core/bin:${PATH} PYTHONPATH=/home/kush/UR5_Project_main/install/srdfdom/local/lib/python3.10/dist-packages:${PYTHONPATH} /usr/bin/cmake --build /home/kush/UR5_Project_main/build/moveit_ros_planning -- -j4 -l4
[5.043s] Invoking command in '/home/kush/UR5_Project_main/build/moveit_ros_planning': AMENT_PREFIX_PATH=/home/kush/UR5_Project_main/install/moveit_ros_occupancy_map_monitor:/home/kush/UR5_Project_main/install/moveit_core:/home/kush/UR5_Project_main/install/moveit_resources_panda_moveit_config:/home/kush/UR5_Project_main/install/srdfdom:/home/kush/UR5_Project_main/install/moveit_resources_panda_description:/home/kush/UR5_Project_main/install/moveit_common:${AMENT_PREFIX_PATH} CMAKE_PREFIX_PATH=/home/kush/UR5_Project_main/install/moveit_ros_occupancy_map_monitor:/home/kush/UR5_Project_main/install/moveit_core:/home/kush/UR5_Project_main/install/moveit_resources_panda_moveit_config:/home/kush/UR5_Project_main/install/srdfdom:/home/kush/UR5_Project_main/install/moveit_resources_panda_description:/home/kush/UR5_Project_main/install/moveit_common:/home/kush/ws_moveit2_ur5/install/ur_description:/home/kush/ws_moveit2_ur5/install/pilz_industrial_motion_planner_testutils:/home/kush/ws_moveit2_ur5/install/moveit_runtime:/home/kush/ws_moveit2_ur5/install/moveit2_tutorials:/home/kush/ws_moveit2_ur5/install/moveit:/home/kush/ws_moveit2_ur5/install/moveit_planners:/home/kush/ws_moveit2_ur5/install/pilz_industrial_motion_planner:/home/kush/ws_moveit2_ur5/install/moveit_visual_tools:/home/kush/ws_moveit2_ur5/install/moveit_task_constructor_visualization:/home/kush/ws_moveit2_ur5/install/moveit_task_constructor_demo:/home/kush/ws_moveit2_ur5/install/moveit_task_constructor_capabilities:/home/kush/ws_moveit2_ur5/install/moveit_task_constructor_core:/home/kush/ws_moveit2_ur5/install/moveit_ros_control_interface:/home/kush/ws_moveit2_ur5/install/moveit_plugins:/home/kush/ws_moveit2_ur5/install/moveit_simple_controller_manager:/home/kush/ws_moveit2_ur5/install/moveit_setup_assistant:/home/kush/ws_moveit2_ur5/install/moveit_setup_srdf_plugins:/home/kush/ws_moveit2_ur5/install/moveit_setup_core_plugins:/home/kush/ws_moveit2_ur5/install/moveit_setup_controllers:/home/kush/ws_moveit2_ur5/install/moveit_setup_app_plugins:/home/kush/ws_moveit2_ur5/install/moveit_setup_framework:/home/kush/ws_moveit2_ur5/install/moveit_servo:/home/kush/ws_moveit2_ur5/install/moveit_ros:/home/kush/ws_moveit2_ur5/install/moveit_ros_visualization:/home/kush/ws_moveit2_ur5/install/moveit_hybrid_planning:/home/kush/ws_moveit2_ur5/install/moveit_ros_planning_interface:/home/kush/ws_moveit2_ur5/install/moveit_ros_benchmarks:/home/kush/ws_moveit2_ur5/install/moveit_ros_warehouse:/home/kush/ws_moveit2_ur5/install/moveit_ros_robot_interaction:/home/kush/ws_moveit2_ur5/install/moveit_ros_perception:/home/kush/ws_moveit2_ur5/install/moveit_resources_prbt_pg70_support:/home/kush/ws_moveit2_ur5/install/moveit_resources_prbt_moveit_config:/home/kush/ws_moveit2_ur5/install/moveit_ros_move_group:/home/kush/ws_moveit2_ur5/install/moveit_planners_ompl:/home/kush/ws_moveit2_ur5/install/moveit_ros_planning:/home/kush/ws_moveit2_ur5/install/moveit_ros_occupancy_map_monitor:/home/kush/ws_moveit2_ur5/install/moveit_resources_prbt_ikfast_manipulator_plugin:/home/kush/ws_moveit2_ur5/install/moveit_planners_chomp:/home/kush/ws_moveit2_ur5/install/moveit_kinematics:/home/kush/ws_moveit2_ur5/install/moveit_chomp_optimizer_adapter:/home/kush/ws_moveit2_ur5/install/chomp_motion_planner:/home/kush/ws_moveit2_ur5/install/moveit_core:/home/kush/ws_moveit2_ur5/install/srdfdom:/home/kush/ws_moveit2_ur5/install/rviz_marker_tools:/home/kush/ws_moveit2_ur5/install/rosparam_shortcuts:/home/kush/ws_moveit2_ur5/install/moveit_task_constructor_msgs:/home/kush/ws_moveit2_ur5/install/moveit_resources_prbt_support:/home/kush/ws_moveit2_ur5/install/moveit_resources:/home/kush/ws_moveit2_ur5/install/moveit_resources_pr2_description:/home/kush/ws_moveit2_ur5/install/moveit_resources_panda_moveit_config:/home/kush/ws_moveit2_ur5/install/moveit_resources_panda_description:/home/kush/ws_moveit2_ur5/install/moveit_resources_fanuc_moveit_config:/home/kush/ws_moveit2_ur5/install/moveit_resources_fanuc_description:/home/kush/ws_moveit2_ur5/install/moveit_common:/home/kush/ws_moveit2_ur5/install/moveit_configs_utils:/home/kush/ws_moveit2_ur5/install/launch_param_builder:/opt/ros/humble LD_LIBRARY_PATH=/home/kush/UR5_Project_main/install/moveit_ros_occupancy_map_monitor/lib:/home/kush/UR5_Project_main/install/moveit_core/lib:/home/kush/UR5_Project_main/install/srdfdom/lib:${LD_LIBRARY_PATH} PATH=/home/kush/UR5_Project_main/install/moveit_core/bin:${PATH} PYTHONPATH=/home/kush/UR5_Project_main/install/srdfdom/local/lib/python3.10/dist-packages:${PYTHONPATH} /usr/bin/cmake --install /home/kush/UR5_Project_main/build/moveit_ros_planning
[5.092s] -- Install configuration: "Release"
[5.093s] -- Up-to-date: /home/kush/UR5_Project_main/install/moveit_ros_planning/include
[5.093s] -- Up-to-date: /home/kush/UR5_Project_main/install/moveit_ros_planning/include/moveit
[5.093s] -- Up-to-date: /home/kush/UR5_Project_main/install/moveit_ros_planning/include/moveit/rdf_loader
[5.093s] -- Up-to-date: /home/kush/UR5_Project_main/install/moveit_ros_planning/include/moveit/rdf_loader/synchronized_string_parameter.h
[5.093s] -- Up-to-date: /home/kush/UR5_Project_main/install/moveit_ros_planning/include/moveit/rdf_loader/rdf_loader.h
[5.094s] -- Up-to-date: /home/kush/UR5_Project_main/install/moveit_ros_planning/share/moveit_ros_planning/rdf_loader/test/data
[5.094s] -- Up-to-date: /home/kush/UR5_Project_main/install/moveit_ros_planning/share/moveit_ros_planning/rdf_loader/test/data/kermit.srdf
[5.094s] -- Up-to-date: /home/kush/UR5_Project_main/install/moveit_ros_planning/share/moveit_ros_planning/rdf_loader/test/data/gonzo.srdf
[5.094s] -- Up-to-date: /home/kush/UR5_Project_main/install/moveit_ros_planning/share/moveit_ros_planning/rdf_loader/test/data/kermit.urdf
[5.094s] -- Up-to-date: /home/kush/UR5_Project_main/install/moveit_ros_planning/share/moveit_ros_planning/rdf_loader/test/data/robin.srdf.xacro
[5.095s] -- Up-to-date: /home/kush/UR5_Project_main/install/moveit_ros_planning/share/moveit_ros_planning/rdf_loader/test/data/gonzo.urdf
[5.095s] -- Up-to-date: /home/kush/UR5_Project_main/install/moveit_ros_planning/share/moveit_ros_planning/rdf_loader/test/launch
[5.095s] -- Up-to-date: /home/kush/UR5_Project_main/install/moveit_ros_planning/share/moveit_ros_planning/rdf_loader/test/launch/test_rdf_integration.test.py
[5.096s] -- Up-to-date: /home/kush/UR5_Project_main/install/moveit_ros_planning/include
[5.096s] -- Up-to-date: /home/kush/UR5_Project_main/install/moveit_ros_planning/include/moveit
[5.096s] -- Up-to-date: /home/kush/UR5_Project_main/install/moveit_ros_planning/include/moveit/collision_plugin_loader
[5.097s] -- Up-to-date: /home/kush/UR5_Project_main/install/moveit_ros_planning/include/moveit/collision_plugin_loader/collision_plugin_loader.h
[5.098s] -- Up-to-date: /home/kush/UR5_Project_main/install/moveit_ros_planning/include
[5.098s] -- Up-to-date: /home/kush/UR5_Project_main/install/moveit_ros_planning/include/moveit
[5.098s] -- Up-to-date: /home/kush/UR5_Project_main/install/moveit_ros_planning/include/moveit/kinematics_plugin_loader
[5.098s] -- Up-to-date: /home/kush/UR5_Project_main/install/moveit_ros_planning/include/moveit/kinematics_plugin_loader/kinematics_plugin_loader.h
[5.100s] -- Up-to-date: /home/kush/UR5_Project_main/install/moveit_ros_planning/include
[5.100s] -- Up-to-date: /home/kush/UR5_Project_main/install/moveit_ros_planning/include/moveit
[5.100s] -- Up-to-date: /home/kush/UR5_Project_main/install/moveit_ros_planning/include/moveit/robot_model_loader
[5.100s] -- Up-to-date: /home/kush/UR5_Project_main/install/moveit_ros_planning/include/moveit/robot_model_loader/robot_model_loader.h
[5.101s] -- Up-to-date: /home/kush/UR5_Project_main/install/moveit_ros_planning/include
[5.101s] -- Up-to-date: /home/kush/UR5_Project_main/install/moveit_ros_planning/include/moveit
[5.101s] -- Up-to-date: /home/kush/UR5_Project_main/install/moveit_ros_planning/include/moveit/constraint_sampler_manager_loader
[5.102s] -- Up-to-date: /home/kush/UR5_Project_main/install/moveit_ros_planning/include/moveit/constraint_sampler_manager_loader/constraint_sampler_manager_loader.h
[5.103s] -- Up-to-date: /home/kush/UR5_Project_main/install/moveit_ros_planning/include
[5.103s] -- Up-to-date: /home/kush/UR5_Project_main/install/moveit_ros_planning/include/moveit
[5.103s] -- Up-to-date: /home/kush/UR5_Project_main/install/moveit_ros_planning/include/moveit/planning_pipeline
[5.103s] -- Up-to-date: /home/kush/UR5_Project_main/install/moveit_ros_planning/include/moveit/planning_pipeline/planning_pipeline.h
[5.103s] -- Up-to-date: /home/kush/UR5_Project_main/install/moveit_ros_planning/include/moveit_planning_pipeline_export.h
[5.122s] -- Up-to-date: /home/kush/UR5_Project_main/install/moveit_ros_planning/lib/moveit_ros_planning/moveit_list_request_adapter_plugins
[5.187s] -- Up-to-date: /home/kush/UR5_Project_main/install/moveit_ros_planning/lib/moveit_ros_planning/demo_scene
[5.187s] -- Up-to-date: /home/kush/UR5_Project_main/install/moveit_ros_planning/include
[5.187s] -- Up-to-date: /home/kush/UR5_Project_main/install/moveit_ros_planning/include/moveit
[5.188s] -- Up-to-date: /home/kush/UR5_Project_main/install/moveit_ros_planning/include/moveit/planning_scene_monitor
[5.188s] -- Up-to-date: /home/kush/UR5_Project_main/install/moveit_ros_planning/include/moveit/planning_scene_monitor/trajectory_monitor_middleware_handle.hpp
[5.188s] -- Up-to-date: /home/kush/UR5_Project_main/install/moveit_ros_planning/include/moveit/planning_scene_monitor/current_state_monitor_middleware_handle.hpp
[5.188s] -- Up-to-date: /home/kush/UR5_Project_main/install/moveit_ros_planning/include/moveit/planning_scene_monitor/trajectory_monitor.h
[5.188s] -- Up-to-date: /home/kush/UR5_Project_main/install/moveit_ros_planning/include/moveit/planning_scene_monitor/current_state_monitor.h
[5.188s] -- Up-to-date: /home/kush/UR5_Project_main/install/moveit_ros_planning/include/moveit/planning_scene_monitor/planning_scene_monitor.h
[5.189s] -- Up-to-date: /home/kush/UR5_Project_main/install/moveit_ros_planning/include/moveit_planning_scene_monitor_export.h
[5.218s] -- Up-to-date: /home/kush/UR5_Project_main/install/moveit_ros_planning/lib/moveit_ros_planning/moveit_print_planning_model_info
[5.219s] -- Up-to-date: /home/kush/UR5_Project_main/install/moveit_ros_planning/lib/moveit_ros_planning/moveit_print_planning_scene_info
[5.244s] -- Up-to-date: /home/kush/UR5_Project_main/install/moveit_ros_planning/lib/moveit_ros_planning/moveit_display_random_state
[5.309s] -- Up-to-date: /home/kush/UR5_Project_main/install/moveit_ros_planning/lib/moveit_ros_planning/moveit_visualize_robot_collision_volume
[5.356s] -- Up-to-date: /home/kush/UR5_Project_main/install/moveit_ros_planning/lib/moveit_ros_planning/moveit_evaluate_collision_checking_speed
[5.357s] -- Up-to-date: /home/kush/UR5_Project_main/install/moveit_ros_planning/lib/moveit_ros_planning/moveit_publish_scene_from_text
[5.367s] -- Up-to-date: /home/kush/UR5_Project_main/install/moveit_ros_planning/include
[5.368s] -- Up-to-date: /home/kush/UR5_Project_main/install/moveit_ros_planning/include/moveit
[5.368s] -- Up-to-date: /home/kush/UR5_Project_main/install/moveit_ros_planning/include/moveit/trajectory_execution_manager
[5.368s] -- Up-to-date: /home/kush/UR5_Project_main/install/moveit_ros_planning/include/moveit/trajectory_execution_manager/trajectory_execution_manager.h
[5.368s] -- Up-to-date: /home/kush/UR5_Project_main/install/moveit_ros_planning/include/moveit_trajectory_execution_manager_export.h
[5.368s] -- Up-to-date: /home/kush/UR5_Project_main/install/moveit_ros_planning/include
[5.369s] -- Up-to-date: /home/kush/UR5_Project_main/install/moveit_ros_planning/include/moveit
[5.369s] -- Up-to-date: /home/kush/UR5_Project_main/install/moveit_ros_planning/include/moveit/plan_execution
[5.369s] -- Up-to-date: /home/kush/UR5_Project_main/install/moveit_ros_planning/include/moveit/plan_execution/plan_representation.h
[5.369s] -- Up-to-date: /home/kush/UR5_Project_main/install/moveit_ros_planning/include/moveit/plan_execution/plan_execution.h
[5.370s] -- Up-to-date: /home/kush/UR5_Project_main/install/moveit_ros_planning/include
[5.370s] -- Up-to-date: /home/kush/UR5_Project_main/install/moveit_ros_planning/include/moveit
[5.370s] -- Up-to-date: /home/kush/UR5_Project_main/install/moveit_ros_planning/include/moveit/moveit_cpp
[5.370s] -- Up-to-date: /home/kush/UR5_Project_main/install/moveit_ros_planning/include/moveit/moveit_cpp/planning_component.h
[5.371s] -- Up-to-date: /home/kush/UR5_Project_main/install/moveit_ros_planning/include/moveit/moveit_cpp/moveit_cpp.h
[5.388s] -- Up-to-date: /home/kush/UR5_Project_main/install/moveit_ros_planning/lib/libmoveit_rdf_loader.so.2.5.4
[5.388s] -- Up-to-date: /home/kush/UR5_Project_main/install/moveit_ros_planning/lib/libmoveit_rdf_loader.so
[5.413s] -- Up-to-date: /home/kush/UR5_Project_main/install/moveit_ros_planning/lib/libmoveit_kinematics_plugin_loader.so.2.5.4
[5.414s] -- Up-to-date: /home/kush/UR5_Project_main/install/moveit_ros_planning/lib/libmoveit_kinematics_plugin_loader.so
[5.431s] -- Up-to-date: /home/kush/UR5_Project_main/install/moveit_ros_planning/lib/libmoveit_robot_model_loader.so.2.5.4
[5.432s] -- Up-to-date: /home/kush/UR5_Project_main/install/moveit_ros_planning/lib/libmoveit_robot_model_loader.so
[5.460s] -- Up-to-date: /home/kush/UR5_Project_main/install/moveit_ros_planning/lib/libmoveit_constraint_sampler_manager_loader.so.2.5.4
[5.460s] -- Up-to-date: /home/kush/UR5_Project_main/install/moveit_ros_planning/lib/libmoveit_constraint_sampler_manager_loader.so
[5.489s] -- Up-to-date: /home/kush/UR5_Project_main/install/moveit_ros_planning/lib/libmoveit_planning_pipeline.so.2.5.4
[5.489s] -- Up-to-date: /home/kush/UR5_Project_main/install/moveit_ros_planning/lib/libmoveit_planning_pipeline.so
[5.558s] -- Up-to-date: /home/kush/UR5_Project_main/install/moveit_ros_planning/lib/libmoveit_trajectory_execution_manager.so.2.5.4
[5.559s] -- Up-to-date: /home/kush/UR5_Project_main/install/moveit_ros_planning/lib/libmoveit_trajectory_execution_manager.so
[5.576s] -- Up-to-date: /home/kush/UR5_Project_main/install/moveit_ros_planning/lib/libmoveit_plan_execution.so.2.5.4
[5.577s] -- Up-to-date: /home/kush/UR5_Project_main/install/moveit_ros_planning/lib/libmoveit_plan_execution.so
[5.619s] -- Up-to-date: /home/kush/UR5_Project_main/install/moveit_ros_planning/lib/libmoveit_planning_scene_monitor.so.2.5.4
[5.619s] -- Up-to-date: /home/kush/UR5_Project_main/install/moveit_ros_planning/lib/libmoveit_planning_scene_monitor.so
[5.621s] -- Up-to-date: /home/kush/UR5_Project_main/install/moveit_ros_planning/lib/libmoveit_collision_plugin_loader.so.2.5.4
[5.621s] -- Up-to-date: /home/kush/UR5_Project_main/install/moveit_ros_planning/lib/libmoveit_collision_plugin_loader.so
[5.645s] -- Up-to-date: /home/kush/UR5_Project_main/install/moveit_ros_planning/lib/libmoveit_default_planning_request_adapter_plugins.so.2.5.4
[5.646s] -- Up-to-date: /home/kush/UR5_Project_main/install/moveit_ros_planning/lib/libmoveit_default_planning_request_adapter_plugins.so
[5.665s] -- Up-to-date: /home/kush/UR5_Project_main/install/moveit_ros_planning/lib/libmoveit_cpp.so.2.5.4
[5.665s] -- Up-to-date: /home/kush/UR5_Project_main/install/moveit_ros_planning/lib/libmoveit_cpp.so
[5.666s] -- Up-to-date: /home/kush/UR5_Project_main/install/moveit_ros_planning/share/moveit_ros_planning/environment/library_path.sh
[5.666s] -- Up-to-date: /home/kush/UR5_Project_main/install/moveit_ros_planning/share/moveit_ros_planning/environment/library_path.dsv
[5.666s] -- Up-to-date: /home/kush/UR5_Project_main/install/moveit_ros_planning/share/moveit_ros_planning/planning_request_adapters_plugin_description.xml
[5.666s] -- Up-to-date: /home/kush/UR5_Project_main/install/moveit_ros_planning/share/ament_index/resource_index/package_run_dependencies/moveit_ros_planning
[5.666s] -- Up-to-date: /home/kush/UR5_Project_main/install/moveit_ros_planning/share/ament_index/resource_index/parent_prefix_path/moveit_ros_planning
[5.667s] -- Up-to-date: /home/kush/UR5_Project_main/install/moveit_ros_planning/share/moveit_ros_planning/environment/ament_prefix_path.sh
[5.667s] -- Up-to-date: /home/kush/UR5_Project_main/install/moveit_ros_planning/share/moveit_ros_planning/environment/ament_prefix_path.dsv
[5.667s] -- Up-to-date: /home/kush/UR5_Project_main/install/moveit_ros_planning/share/moveit_ros_planning/environment/path.sh
[5.667s] -- Up-to-date: /home/kush/UR5_Project_main/install/moveit_ros_planning/share/moveit_ros_planning/environment/path.dsv
[5.667s] -- Up-to-date: /home/kush/UR5_Project_main/install/moveit_ros_planning/share/moveit_ros_planning/local_setup.bash
[5.668s] -- Up-to-date: /home/kush/UR5_Project_main/install/moveit_ros_planning/share/moveit_ros_planning/local_setup.sh
[5.668s] -- Up-to-date: /home/kush/UR5_Project_main/install/moveit_ros_planning/share/moveit_ros_planning/local_setup.zsh
[5.668s] -- Up-to-date: /home/kush/UR5_Project_main/install/moveit_ros_planning/share/moveit_ros_planning/local_setup.dsv
[5.668s] -- Installing: /home/kush/UR5_Project_main/install/moveit_ros_planning/share/moveit_ros_planning/package.dsv
[5.675s] -- Up-to-date: /home/kush/UR5_Project_main/install/moveit_ros_planning/share/ament_index/resource_index/packages/moveit_ros_planning
[5.676s] -- Up-to-date: /home/kush/UR5_Project_main/install/moveit_ros_planning/share/ament_index/resource_index/moveit_core__pluginlib__plugin/moveit_ros_planning
[5.724s] -- Up-to-date: /home/kush/UR5_Project_main/install/moveit_ros_planning/share/moveit_ros_planning/cmake/export_moveit_ros_planningExport.cmake
[5.724s] -- Up-to-date: /home/kush/UR5_Project_main/install/moveit_ros_planning/share/moveit_ros_planning/cmake/export_moveit_ros_planningExport-release.cmake
[5.724s] -- Up-to-date: /home/kush/UR5_Project_main/install/moveit_ros_planning/share/moveit_ros_planning/cmake/ConfigExtras.cmake
[5.724s] -- Up-to-date: /home/kush/UR5_Project_main/install/moveit_ros_planning/share/moveit_ros_planning/cmake/ament_cmake_export_targets-extras.cmake
[5.725s] -- Up-to-date: /home/kush/UR5_Project_main/install/moveit_ros_planning/share/moveit_ros_planning/cmake/ament_cmake_export_dependencies-extras.cmake
[5.725s] -- Up-to-date: /home/kush/UR5_Project_main/install/moveit_ros_planning/share/moveit_ros_planning/cmake/moveit_ros_planningConfig.cmake
[5.725s] -- Up-to-date: /home/kush/UR5_Project_main/install/moveit_ros_planning/share/moveit_ros_planning/cmake/moveit_ros_planningConfig-version.cmake
[5.725s] -- Up-to-date: /home/kush/UR5_Project_main/install/moveit_ros_planning/share/moveit_ros_planning/package.xml
[5.733s] Invoked command in '/home/kush/UR5_Project_main/build/moveit_ros_planning' returned '0': AMENT_PREFIX_PATH=/home/kush/UR5_Project_main/install/moveit_ros_occupancy_map_monitor:/home/kush/UR5_Project_main/install/moveit_core:/home/kush/UR5_Project_main/install/moveit_resources_panda_moveit_config:/home/kush/UR5_Project_main/install/srdfdom:/home/kush/UR5_Project_main/install/moveit_resources_panda_description:/home/kush/UR5_Project_main/install/moveit_common:${AMENT_PREFIX_PATH} CMAKE_PREFIX_PATH=/home/kush/UR5_Project_main/install/moveit_ros_occupancy_map_monitor:/home/kush/UR5_Project_main/install/moveit_core:/home/kush/UR5_Project_main/install/moveit_resources_panda_moveit_config:/home/kush/UR5_Project_main/install/srdfdom:/home/kush/UR5_Project_main/install/moveit_resources_panda_description:/home/kush/UR5_Project_main/install/moveit_common:/home/kush/ws_moveit2_ur5/install/ur_description:/home/kush/ws_moveit2_ur5/install/pilz_industrial_motion_planner_testutils:/home/kush/ws_moveit2_ur5/install/moveit_runtime:/home/kush/ws_moveit2_ur5/install/moveit2_tutorials:/home/kush/ws_moveit2_ur5/install/moveit:/home/kush/ws_moveit2_ur5/install/moveit_planners:/home/kush/ws_moveit2_ur5/install/pilz_industrial_motion_planner:/home/kush/ws_moveit2_ur5/install/moveit_visual_tools:/home/kush/ws_moveit2_ur5/install/moveit_task_constructor_visualization:/home/kush/ws_moveit2_ur5/install/moveit_task_constructor_demo:/home/kush/ws_moveit2_ur5/install/moveit_task_constructor_capabilities:/home/kush/ws_moveit2_ur5/install/moveit_task_constructor_core:/home/kush/ws_moveit2_ur5/install/moveit_ros_control_interface:/home/kush/ws_moveit2_ur5/install/moveit_plugins:/home/kush/ws_moveit2_ur5/install/moveit_simple_controller_manager:/home/kush/ws_moveit2_ur5/install/moveit_setup_assistant:/home/kush/ws_moveit2_ur5/install/moveit_setup_srdf_plugins:/home/kush/ws_moveit2_ur5/install/moveit_setup_core_plugins:/home/kush/ws_moveit2_ur5/install/moveit_setup_controllers:/home/kush/ws_moveit2_ur5/install/moveit_setup_app_plugins:/home/kush/ws_moveit2_ur5/install/moveit_setup_framework:/home/kush/ws_moveit2_ur5/install/moveit_servo:/home/kush/ws_moveit2_ur5/install/moveit_ros:/home/kush/ws_moveit2_ur5/install/moveit_ros_visualization:/home/kush/ws_moveit2_ur5/install/moveit_hybrid_planning:/home/kush/ws_moveit2_ur5/install/moveit_ros_planning_interface:/home/kush/ws_moveit2_ur5/install/moveit_ros_benchmarks:/home/kush/ws_moveit2_ur5/install/moveit_ros_warehouse:/home/kush/ws_moveit2_ur5/install/moveit_ros_robot_interaction:/home/kush/ws_moveit2_ur5/install/moveit_ros_perception:/home/kush/ws_moveit2_ur5/install/moveit_resources_prbt_pg70_support:/home/kush/ws_moveit2_ur5/install/moveit_resources_prbt_moveit_config:/home/kush/ws_moveit2_ur5/install/moveit_ros_move_group:/home/kush/ws_moveit2_ur5/install/moveit_planners_ompl:/home/kush/ws_moveit2_ur5/install/moveit_ros_planning:/home/kush/ws_moveit2_ur5/install/moveit_ros_occupancy_map_monitor:/home/kush/ws_moveit2_ur5/install/moveit_resources_prbt_ikfast_manipulator_plugin:/home/kush/ws_moveit2_ur5/install/moveit_planners_chomp:/home/kush/ws_moveit2_ur5/install/moveit_kinematics:/home/kush/ws_moveit2_ur5/install/moveit_chomp_optimizer_adapter:/home/kush/ws_moveit2_ur5/install/chomp_motion_planner:/home/kush/ws_moveit2_ur5/install/moveit_core:/home/kush/ws_moveit2_ur5/install/srdfdom:/home/kush/ws_moveit2_ur5/install/rviz_marker_tools:/home/kush/ws_moveit2_ur5/install/rosparam_shortcuts:/home/kush/ws_moveit2_ur5/install/moveit_task_constructor_msgs:/home/kush/ws_moveit2_ur5/install/moveit_resources_prbt_support:/home/kush/ws_moveit2_ur5/install/moveit_resources:/home/kush/ws_moveit2_ur5/install/moveit_resources_pr2_description:/home/kush/ws_moveit2_ur5/install/moveit_resources_panda_moveit_config:/home/kush/ws_moveit2_ur5/install/moveit_resources_panda_description:/home/kush/ws_moveit2_ur5/install/moveit_resources_fanuc_moveit_config:/home/kush/ws_moveit2_ur5/install/moveit_resources_fanuc_description:/home/kush/ws_moveit2_ur5/install/moveit_common:/home/kush/ws_moveit2_ur5/install/moveit_configs_utils:/home/kush/ws_moveit2_ur5/install/launch_param_builder:/opt/ros/humble LD_LIBRARY_PATH=/home/kush/UR5_Project_main/install/moveit_ros_occupancy_map_monitor/lib:/home/kush/UR5_Project_main/install/moveit_core/lib:/home/kush/UR5_Project_main/install/srdfdom/lib:${LD_LIBRARY_PATH} PATH=/home/kush/UR5_Project_main/install/moveit_core/bin:${PATH} PYTHONPATH=/home/kush/UR5_Project_main/install/srdfdom/local/lib/python3.10/dist-packages:${PYTHONPATH} /usr/bin/cmake --install /home/kush/UR5_Project_main/build/moveit_ros_planning
