[0.872s] Invoking command in '/home/kush/UR5_Project_main/src/build/moveit_resources_panda_description': CMAKE_PREFIX_PATH=${CMAKE_PREFIX_PATH}:/home/kush/UR5_Project_main/install/moveit_configs_utils:/home/kush/UR5_Project_main/install/launch_param_builder:/home/kush/ws_moveit2_ur5/install/moveit_configs_utils:/home/kush/ws_moveit2_ur5/install/launch_param_builder:/opt/ros/humble /usr/bin/cmake /home/kush/UR5_Project_main/src/moveit_resources/panda_description -DCMAKE_BUILD_TYPE=Debug -DCMAKE_INSTALL_PREFIX=/home/kush/UR5_Project_main/src/install/moveit_resources_panda_description
[1.141s] -- The C compiler identification is GNU 11.4.0
[1.392s] -- The CXX compiler identification is GNU 11.4.0
[1.430s] -- Detecting C compiler ABI info
[1.789s] -- Detecting C compiler ABI info - done
[1.815s] -- Check for working C compiler: /usr/bin/cc - skipped
[1.816s] -- Detecting C compile features
[1.820s] -- Detecting C compile features - done
[1.829s] -- Detecting CXX compiler ABI info
[2.135s] -- Detecting CXX compiler ABI info - done
[2.157s] -- Check for working CXX compiler: /usr/bin/c++ - skipped
[2.159s] -- Detecting CXX compile features
[2.159s] -- Detecting CXX compile features - done
[2.189s] -- Found ament_cmake: 1.3.5 (/opt/ros/humble/share/ament_cmake/cmake)
[2.721s] -- Found Python3: /usr/bin/python3.10 (found version "3.10.12") found components: Interpreter 
[4.150s] -- Configuring done
[4.156s] -- Generating done
[4.158s] -- Build files have been written to: /home/kush/UR5_Project_main/src/build/moveit_resources_panda_description
[4.167s] Invoked command in '/home/kush/UR5_Project_main/src/build/moveit_resources_panda_description' returned '0': CMAKE_PREFIX_PATH=${CMAKE_PREFIX_PATH}:/home/kush/UR5_Project_main/install/moveit_configs_utils:/home/kush/UR5_Project_main/install/launch_param_builder:/home/kush/ws_moveit2_ur5/install/moveit_configs_utils:/home/kush/ws_moveit2_ur5/install/launch_param_builder:/opt/ros/humble /usr/bin/cmake /home/kush/UR5_Project_main/src/moveit_resources/panda_description -DCMAKE_BUILD_TYPE=Debug -DCMAKE_INSTALL_PREFIX=/home/kush/UR5_Project_main/src/install/moveit_resources_panda_description
[4.168s] Invoking command in '/home/kush/UR5_Project_main/src/build/moveit_resources_panda_description': CMAKE_PREFIX_PATH=${CMAKE_PREFIX_PATH}:/home/kush/UR5_Project_main/install/moveit_configs_utils:/home/kush/UR5_Project_main/install/launch_param_builder:/home/kush/ws_moveit2_ur5/install/moveit_configs_utils:/home/kush/ws_moveit2_ur5/install/launch_param_builder:/opt/ros/humble /usr/bin/cmake --build /home/kush/UR5_Project_main/src/build/moveit_resources_panda_description -- -j4 -l4
[4.328s] Invoked command in '/home/kush/UR5_Project_main/src/build/moveit_resources_panda_description' returned '0': CMAKE_PREFIX_PATH=${CMAKE_PREFIX_PATH}:/home/kush/UR5_Project_main/install/moveit_configs_utils:/home/kush/UR5_Project_main/install/launch_param_builder:/home/kush/ws_moveit2_ur5/install/moveit_configs_utils:/home/kush/ws_moveit2_ur5/install/launch_param_builder:/opt/ros/humble /usr/bin/cmake --build /home/kush/UR5_Project_main/src/build/moveit_resources_panda_description -- -j4 -l4
[4.480s] Invoking command in '/home/kush/UR5_Project_main/src/build/moveit_resources_panda_description': CMAKE_PREFIX_PATH=${CMAKE_PREFIX_PATH}:/home/kush/UR5_Project_main/install/moveit_configs_utils:/home/kush/UR5_Project_main/install/launch_param_builder:/home/kush/ws_moveit2_ur5/install/moveit_configs_utils:/home/kush/ws_moveit2_ur5/install/launch_param_builder:/opt/ros/humble /usr/bin/cmake --install /home/kush/UR5_Project_main/src/build/moveit_resources_panda_description
[4.521s] -- Install configuration: "Debug"
[4.521s] -- Installing: /home/kush/UR5_Project_main/src/install/moveit_resources_panda_description/share/ament_index/resource_index/package_run_dependencies/moveit_resources_panda_description
[4.521s] -- Installing: /home/kush/UR5_Project_main/src/install/moveit_resources_panda_description/share/ament_index/resource_index/parent_prefix_path/moveit_resources_panda_description
[4.522s] -- Installing: /home/kush/UR5_Project_main/src/install/moveit_resources_panda_description/share/moveit_resources_panda_description/environment/ament_prefix_path.sh
[4.522s] -- Installing: /home/kush/UR5_Project_main/src/install/moveit_resources_panda_description/share/moveit_resources_panda_description/environment/ament_prefix_path.dsv
[4.527s] -- Installing: /home/kush/UR5_Project_main/src/install/moveit_resources_panda_description/share/moveit_resources_panda_description/environment/path.sh
[4.528s] -- Installing: /home/kush/UR5_Project_main/src/install/moveit_resources_panda_description/share/moveit_resources_panda_description/environment/path.dsv
[4.528s] -- Installing: /home/kush/UR5_Project_main/src/install/moveit_resources_panda_description/share/moveit_resources_panda_description/local_setup.bash
[4.528s] -- Installing: /home/kush/UR5_Project_main/src/install/moveit_resources_panda_description/share/moveit_resources_panda_description/local_setup.sh
[4.528s] -- Installing: /home/kush/UR5_Project_main/src/install/moveit_resources_panda_description/share/moveit_resources_panda_description/local_setup.zsh
[4.530s] -- Installing: /home/kush/UR5_Project_main/src/install/moveit_resources_panda_description/share/moveit_resources_panda_description/local_setup.dsv
[4.530s] -- Installing: /home/kush/UR5_Project_main/src/install/moveit_resources_panda_description/share/moveit_resources_panda_description/package.dsv
[4.530s] -- Installing: /home/kush/UR5_Project_main/src/install/moveit_resources_panda_description/share/ament_index/resource_index/packages/moveit_resources_panda_description
[4.530s] -- Installing: /home/kush/UR5_Project_main/src/install/moveit_resources_panda_description/share/moveit_resources_panda_description/cmake/moveit_resources_panda_descriptionConfig.cmake
[4.531s] -- Installing: /home/kush/UR5_Project_main/src/install/moveit_resources_panda_description/share/moveit_resources_panda_description/cmake/moveit_resources_panda_descriptionConfig-version.cmake
[4.531s] -- Installing: /home/kush/UR5_Project_main/src/install/moveit_resources_panda_description/share/moveit_resources_panda_description/package.xml
[4.531s] -- Installing: /home/kush/UR5_Project_main/src/install/moveit_resources_panda_description/share/moveit_resources_panda_description/meshes
[4.531s] -- Installing: /home/kush/UR5_Project_main/src/install/moveit_resources_panda_description/share/moveit_resources_panda_description/meshes/visual
[4.531s] -- Installing: /home/kush/UR5_Project_main/src/install/moveit_resources_panda_description/share/moveit_resources_panda_description/meshes/visual/link1.dae
[4.609s] -- Installing: /home/kush/UR5_Project_main/src/install/moveit_resources_panda_description/share/moveit_resources_panda_description/meshes/visual/link7.dae
[4.689s] -- Installing: /home/kush/UR5_Project_main/src/install/moveit_resources_panda_description/share/moveit_resources_panda_description/meshes/visual/link2.dae
[4.814s] -- Installing: /home/kush/UR5_Project_main/src/install/moveit_resources_panda_description/share/moveit_resources_panda_description/meshes/visual/finger.dae
[4.873s] -- Installing: /home/kush/UR5_Project_main/src/install/moveit_resources_panda_description/share/moveit_resources_panda_description/meshes/visual/link5.dae
[5.013s] -- Installing: /home/kush/UR5_Project_main/src/install/moveit_resources_panda_description/share/moveit_resources_panda_description/meshes/visual/link0.dae
[5.077s] -- Installing: /home/kush/UR5_Project_main/src/install/moveit_resources_panda_description/share/moveit_resources_panda_description/meshes/visual/link6.dae
[5.302s] -- Installing: /home/kush/UR5_Project_main/src/install/moveit_resources_panda_description/share/moveit_resources_panda_description/meshes/visual/link4.dae
[5.482s] -- Installing: /home/kush/UR5_Project_main/src/install/moveit_resources_panda_description/share/moveit_resources_panda_description/meshes/visual/hand.dae
[5.628s] -- Installing: /home/kush/UR5_Project_main/src/install/moveit_resources_panda_description/share/moveit_resources_panda_description/meshes/visual/link3.dae
[5.785s] -- Installing: /home/kush/UR5_Project_main/src/install/moveit_resources_panda_description/share/moveit_resources_panda_description/meshes/collision
[5.785s] -- Installing: /home/kush/UR5_Project_main/src/install/moveit_resources_panda_description/share/moveit_resources_panda_description/meshes/collision/finger.stl
[5.803s] -- Installing: /home/kush/UR5_Project_main/src/install/moveit_resources_panda_description/share/moveit_resources_panda_description/meshes/collision/link3.stl
[5.848s] -- Installing: /home/kush/UR5_Project_main/src/install/moveit_resources_panda_description/share/moveit_resources_panda_description/meshes/collision/link2.stl
[5.861s] -- Installing: /home/kush/UR5_Project_main/src/install/moveit_resources_panda_description/share/moveit_resources_panda_description/meshes/collision/link7.stl
[5.893s] -- Installing: /home/kush/UR5_Project_main/src/install/moveit_resources_panda_description/share/moveit_resources_panda_description/meshes/collision/link4.stl
[5.919s] -- Installing: /home/kush/UR5_Project_main/src/install/moveit_resources_panda_description/share/moveit_resources_panda_description/meshes/collision/hand.stl
[5.935s] -- Installing: /home/kush/UR5_Project_main/src/install/moveit_resources_panda_description/share/moveit_resources_panda_description/meshes/collision/link1.stl
[5.953s] -- Installing: /home/kush/UR5_Project_main/src/install/moveit_resources_panda_description/share/moveit_resources_panda_description/meshes/collision/link0.stl
[5.971s] -- Installing: /home/kush/UR5_Project_main/src/install/moveit_resources_panda_description/share/moveit_resources_panda_description/meshes/collision/link6.stl
[5.975s] -- Installing: /home/kush/UR5_Project_main/src/install/moveit_resources_panda_description/share/moveit_resources_panda_description/meshes/collision/link5.stl
[6.000s] -- Installing: /home/kush/UR5_Project_main/src/install/moveit_resources_panda_description/share/moveit_resources_panda_description/urdf
[6.000s] -- Installing: /home/kush/UR5_Project_main/src/install/moveit_resources_panda_description/share/moveit_resources_panda_description/urdf/panda.urdf
[6.021s] Invoked command in '/home/kush/UR5_Project_main/src/build/moveit_resources_panda_description' returned '0': CMAKE_PREFIX_PATH=${CMAKE_PREFIX_PATH}:/home/kush/UR5_Project_main/install/moveit_configs_utils:/home/kush/UR5_Project_main/install/launch_param_builder:/home/kush/ws_moveit2_ur5/install/moveit_configs_utils:/home/kush/ws_moveit2_ur5/install/launch_param_builder:/opt/ros/humble /usr/bin/cmake --install /home/kush/UR5_Project_main/src/build/moveit_resources_panda_description
