[0.149s] Invoking command in '/home/kush/UR5_Project_main/build/moveit_core': AMENT_PREFIX_PATH=/home/kush/UR5_Project_main/install/moveit_resources_panda_moveit_config:/home/kush/UR5_Project_main/install/srdfdom:/home/kush/UR5_Project_main/install/moveit_resources_pr2_description:/home/kush/UR5_Project_main/install/moveit_resources_panda_description:/home/kush/UR5_Project_main/install/moveit_common:${AMENT_PREFIX_PATH} CMAKE_PREFIX_PATH=/home/kush/UR5_Project_main/install/moveit_resources_panda_moveit_config:/home/kush/UR5_Project_main/install/srdfdom:/home/kush/UR5_Project_main/install/moveit_resources_pr2_description:/home/kush/UR5_Project_main/install/moveit_resources_panda_description:/home/kush/UR5_Project_main/install/moveit_common:/home/kush/ws_moveit2_ur5/install/ur_description:/home/kush/ws_moveit2_ur5/install/pilz_industrial_motion_planner_testutils:/home/kush/ws_moveit2_ur5/install/moveit_runtime:/home/kush/ws_moveit2_ur5/install/moveit2_tutorials:/home/kush/ws_moveit2_ur5/install/moveit:/home/kush/ws_moveit2_ur5/install/moveit_planners:/home/kush/ws_moveit2_ur5/install/pilz_industrial_motion_planner:/home/kush/ws_moveit2_ur5/install/moveit_visual_tools:/home/kush/ws_moveit2_ur5/install/moveit_task_constructor_visualization:/home/kush/ws_moveit2_ur5/install/moveit_task_constructor_demo:/home/kush/ws_moveit2_ur5/install/moveit_task_constructor_capabilities:/home/kush/ws_moveit2_ur5/install/moveit_task_constructor_core:/home/kush/ws_moveit2_ur5/install/moveit_ros_control_interface:/home/kush/ws_moveit2_ur5/install/moveit_plugins:/home/kush/ws_moveit2_ur5/install/moveit_simple_controller_manager:/home/kush/ws_moveit2_ur5/install/moveit_setup_assistant:/home/kush/ws_moveit2_ur5/install/moveit_setup_srdf_plugins:/home/kush/ws_moveit2_ur5/install/moveit_setup_core_plugins:/home/kush/ws_moveit2_ur5/install/moveit_setup_controllers:/home/kush/ws_moveit2_ur5/install/moveit_setup_app_plugins:/home/kush/ws_moveit2_ur5/install/moveit_setup_framework:/home/kush/ws_moveit2_ur5/install/moveit_servo:/home/kush/ws_moveit2_ur5/install/moveit_ros:/home/kush/ws_moveit2_ur5/install/moveit_ros_visualization:/home/kush/ws_moveit2_ur5/install/moveit_hybrid_planning:/home/kush/ws_moveit2_ur5/install/moveit_ros_planning_interface:/home/kush/ws_moveit2_ur5/install/moveit_ros_benchmarks:/home/kush/ws_moveit2_ur5/install/moveit_ros_warehouse:/home/kush/ws_moveit2_ur5/install/moveit_ros_robot_interaction:/home/kush/ws_moveit2_ur5/install/moveit_ros_perception:/home/kush/ws_moveit2_ur5/install/moveit_resources_prbt_pg70_support:/home/kush/ws_moveit2_ur5/install/moveit_resources_prbt_moveit_config:/home/kush/ws_moveit2_ur5/install/moveit_ros_move_group:/home/kush/ws_moveit2_ur5/install/moveit_planners_ompl:/home/kush/ws_moveit2_ur5/install/moveit_ros_planning:/home/kush/ws_moveit2_ur5/install/moveit_ros_occupancy_map_monitor:/home/kush/ws_moveit2_ur5/install/moveit_resources_prbt_ikfast_manipulator_plugin:/home/kush/ws_moveit2_ur5/install/moveit_planners_chomp:/home/kush/ws_moveit2_ur5/install/moveit_kinematics:/home/kush/ws_moveit2_ur5/install/moveit_chomp_optimizer_adapter:/home/kush/ws_moveit2_ur5/install/chomp_motion_planner:/home/kush/ws_moveit2_ur5/install/moveit_core:/home/kush/ws_moveit2_ur5/install/srdfdom:/home/kush/ws_moveit2_ur5/install/rviz_marker_tools:/home/kush/ws_moveit2_ur5/install/rosparam_shortcuts:/home/kush/ws_moveit2_ur5/install/moveit_task_constructor_msgs:/home/kush/ws_moveit2_ur5/install/moveit_resources_prbt_support:/home/kush/ws_moveit2_ur5/install/moveit_resources:/home/kush/ws_moveit2_ur5/install/moveit_resources_pr2_description:/home/kush/ws_moveit2_ur5/install/moveit_resources_panda_moveit_config:/home/kush/ws_moveit2_ur5/install/moveit_resources_panda_description:/home/kush/ws_moveit2_ur5/install/moveit_resources_fanuc_moveit_config:/home/kush/ws_moveit2_ur5/install/moveit_resources_fanuc_description:/home/kush/ws_moveit2_ur5/install/moveit_common:/home/kush/ws_moveit2_ur5/install/moveit_configs_utils:/home/kush/ws_moveit2_ur5/install/launch_param_builder:/opt/ros/humble LD_LIBRARY_PATH=/home/kush/UR5_Project_main/install/srdfdom/lib:${LD_LIBRARY_PATH} PYTHONPATH=/home/kush/UR5_Project_main/install/srdfdom/local/lib/python3.10/dist-packages:${PYTHONPATH} /usr/bin/cmake /home/kush/UR5_Project_main/src/moveit2/moveit_core -DCMAKE_BUILD_TYPE=Release -DCMAKE_INSTALL_PREFIX=/home/kush/UR5_Project_main/install/moveit_core
[0.433s] -- The CXX compiler identification is GNU 11.4.0
[0.455s] -- Detecting CXX compiler ABI info
[0.970s] -- Detecting CXX compiler ABI info - done
[1.003s] -- Check for working CXX compiler: /usr/bin/c++ - skipped
[1.004s] -- Detecting CXX compile features
[1.016s] -- Detecting CXX compile features - done
[1.020s] -- Found moveit_common: 2.5.4 (/home/kush/UR5_Project_main/install/moveit_common/share/moveit_common/cmake)
[1.042s] -- Found ament_cmake: 1.3.5 (/opt/ros/humble/share/ament_cmake/cmake)
[2.216s] -- Found Python3: /usr/bin/python3.10 (found version "3.10.12") found components: Interpreter 
[3.237s] -- Found libdw: /usr/lib/x86_64-linux-gnu/libdw.so  
[3.293s] -- Could NOT find libbfd (missing: LIBBFD_LIBRARY LIBBFD_INCLUDE_DIR) 
[3.293s] -- BACKWARD_HAS_UNWIND=1
[3.293s] -- BACKWARD_HAS_BACKTRACE=0
[3.294s] -- BACKWARD_HAS_BACKTRACE_SYMBOL=0
[3.294s] -- BACKWARD_HAS_DW=1
[3.294s] -- BACKWARD_HAS_BFD=0
[3.295s] -- Found Backward: /opt/ros/humble/share/backward_ros/cmake  
[3.336s] -- Found rclcpp: 16.0.5 (/opt/ros/humble/share/rclcpp/cmake)
[3.599s] -- Found rosidl_generator_c: 3.1.5 (/opt/ros/humble/share/rosidl_generator_c/cmake)
[3.657s] -- Found rosidl_adapter: 3.1.5 (/opt/ros/humble/share/rosidl_adapter/cmake)
[3.711s] -- Found rosidl_generator_cpp: 3.1.5 (/opt/ros/humble/share/rosidl_generator_cpp/cmake)
[3.836s] -- Using all available rosidl_typesupport_c: rosidl_typesupport_fastrtps_c;rosidl_typesupport_introspection_c
[4.112s] -- Using all available rosidl_typesupport_cpp: rosidl_typesupport_fastrtps_cpp;rosidl_typesupport_introspection_cpp
[4.480s] -- Found rmw_implementation_cmake: 6.1.1 (/opt/ros/humble/share/rmw_implementation_cmake/cmake)
[4.508s] -- Found rmw_fastrtps_cpp: 6.2.3 (/opt/ros/humble/share/rmw_fastrtps_cpp/cmake)
[5.033s] -- Found OpenSSL: /usr/lib/x86_64-linux-gnu/libcrypto.so (found version "3.0.2")  
[5.123s] -- Found FastRTPS: /opt/ros/humble/include  
[5.314s] -- Using RMW implementation 'rmw_fastrtps_cpp' as default
[5.399s] -- Looking for C++ include pthread.h
[5.736s] -- Looking for C++ include pthread.h - found
[5.737s] -- Performing Test CMAKE_HAVE_LIBC_PTHREAD
[6.080s] -- Performing Test CMAKE_HAVE_LIBC_PTHREAD - Success
[6.081s] -- Found Threads: TRUE  
[6.868s] -- Found eigen3_cmake_module: 0.1.1 (/opt/ros/humble/share/eigen3_cmake_module/cmake)
[6.907s] -- Found Eigen3: TRUE (found version "3.4.0") 
[6.919s] -- Found PkgConfig: /usr/bin/pkg-config (found version "0.29.2") 
[6.921s] -- Checking for module 'fcl>=0.5.0'
[7.088s] --   Found fcl, version 0.7.0
[7.390s] -- Found Bullet: /usr/lib/x86_64-linux-gnu/libBulletDynamics.so (Required is at least version "2.87") 
[7.436s] -- Found angles: 1.15.0 (/opt/ros/humble/share/angles/cmake)
[7.556s] -- Found urdf: 2.6.0 (/opt/ros/humble/share/urdf/cmake)
[7.762s] -- Found tf2_eigen: 0.25.3 (/opt/ros/humble/share/tf2_eigen/cmake)
[9.160s] -- Found tf2_kdl: 0.25.3 (/opt/ros/humble/share/tf2_kdl/cmake)
[9.266s] -- Ensuring Eigen3 include directory is part of orocos-kdl CMake target
[9.337s] -- Found tf2_geometry_msgs: 0.25.3 (/opt/ros/humble/share/tf2_geometry_msgs/cmake)
[9.419s] -- Found eigen_stl_containers: 1.0.0 (/opt/ros/humble/share/eigen_stl_containers/cmake)
[9.440s] -- Found generate_parameter_library: 0.3.3 (/opt/ros/humble/share/generate_parameter_library/cmake)
[9.459s] -- Found parameter_traits: 0.3.3 (/opt/ros/humble/share/parameter_traits/cmake)
[9.720s] -- Found rclcpp_lifecycle: 16.0.5 (/opt/ros/humble/share/rclcpp_lifecycle/cmake)
[9.948s] -- Found geometric_shapes: 2.1.3 (/opt/ros/humble/share/geometric_shapes/cmake)
[10.042s] -- Found Boost: /usr/lib/x86_64-linux-gnu/cmake/Boost-1.74.0/BoostConfig.cmake (found version "1.74.0") found components: filesystem 
[10.519s] -- library: /usr/lib/x86_64-linux-gnu/libcurl.so
[11.580s] -- Found kdl_parser: 2.6.4 (/opt/ros/humble/share/kdl_parser/cmake)
[11.618s] -- Found moveit_msgs: 2.2.1 (/opt/ros/humble/share/moveit_msgs/cmake)
[13.667s] -- Found srdfdom: 2.0.4 (/home/kush/UR5_Project_main/install/srdfdom/share/srdfdom/cmake)
[13.698s] -- Found common_interfaces: 4.2.3 (/opt/ros/humble/share/common_interfaces/cmake)
[14.245s] -- Found Boost: /usr/lib/x86_64-linux-gnu/cmake/Boost-1.74.0/BoostConfig.cmake (found version "1.74.0") found components: chrono date_time filesystem iostreams program_options regex serialization system thread 
[14.248s] --  *** Building MoveIt 2.5.4-Alpha ***
[14.354s] -- Performing Test COMPILER_HAS_HIDDEN_VISIBILITY
[14.647s] -- Performing Test COMPILER_HAS_HIDDEN_VISIBILITY - Success
[14.650s] -- Performing Test COMPILER_HAS_HIDDEN_INLINE_VISIBILITY
[14.956s] -- Performing Test COMPILER_HAS_HIDDEN_INLINE_VISIBILITY - Success
[14.957s] -- Performing Test COMPILER_HAS_DEPRECATED_ATTR
[15.222s] -- Performing Test COMPILER_HAS_DEPRECATED_ATTR - Success
[15.290s] -- Found ament_cmake_gtest: 1.3.5 (/opt/ros/humble/share/ament_cmake_gtest/cmake)
[15.308s] -- Found gtest sources under '/opt/ros/humble/src/gtest_vendor': C++ tests using 'Google Test' will be built
[15.399s] -- The C compiler identification is GNU 11.4.0
[15.415s] -- Detecting C compiler ABI info
[15.646s] -- Detecting C compiler ABI info - done
[15.659s] -- Check for working C compiler: /usr/bin/cc - skipped
[15.660s] -- Detecting C compile features
[15.663s] -- Detecting C compile features - done
[15.773s] -- Found ament_cmake_gmock: 1.3.5 (/opt/ros/humble/share/ament_cmake_gmock/cmake)
[15.821s] -- Found gmock sources under '/opt/ros/humble/src/gmock_vendor': C++ tests using 'Google Mock' will be built
[15.830s] -- Found ament_cmake_gtest: 1.3.5 (/opt/ros/humble/share/ament_cmake_gtest/cmake)
[15.832s] -- Found gtest sources under '/opt/ros/humble/src/gtest_vendor': C++ tests using 'Google Test' will be built
[15.909s] -- Found ament_cmake_gtest: 1.3.5 (/opt/ros/humble/share/ament_cmake_gtest/cmake)
[15.911s] -- Found gtest sources under '/opt/ros/humble/src/gtest_vendor': C++ tests using 'Google Test' will be built
[16.090s] -- Found ament_cmake_gtest: 1.3.5 (/opt/ros/humble/share/ament_cmake_gtest/cmake)
[16.092s] -- Found gtest sources under '/opt/ros/humble/src/gtest_vendor': C++ tests using 'Google Test' will be built
[16.168s] -- Found ament_lint_auto: 0.12.7 (/opt/ros/humble/share/ament_lint_auto/cmake)
[16.170s] -- Found ament_cmake_gtest: 1.3.5 (/opt/ros/humble/share/ament_cmake_gtest/cmake)
[16.172s] -- Found gtest sources under '/opt/ros/humble/src/gtest_vendor': C++ tests using 'Google Test' will be built
[16.305s] -- Found ament_cmake_gtest: 1.3.5 (/opt/ros/humble/share/ament_cmake_gtest/cmake)
[16.307s] -- Found gtest sources under '/opt/ros/humble/src/gtest_vendor': C++ tests using 'Google Test' will be built
[16.403s] -- Found ament_cmake_gtest: 1.3.5 (/opt/ros/humble/share/ament_cmake_gtest/cmake)
[16.405s] -- Found gtest sources under '/opt/ros/humble/src/gtest_vendor': C++ tests using 'Google Test' will be built
[16.450s] -- Found ament_cmake_gtest: 1.3.5 (/opt/ros/humble/share/ament_cmake_gtest/cmake)
[16.452s] -- Found gtest sources under '/opt/ros/humble/src/gtest_vendor': C++ tests using 'Google Test' will be built
[16.490s] -- Found gtest sources under '/opt/ros/humble/src/gtest_vendor': C++ tests using 'Google Test' will be built
[16.531s] -- Found gtest sources under '/opt/ros/humble/src/gtest_vendor': C++ tests using 'Google Test' will be built
[16.581s] -- Found ament_cmake_gtest: 1.3.5 (/opt/ros/humble/share/ament_cmake_gtest/cmake)
[16.584s] -- Found gtest sources under '/opt/ros/humble/src/gtest_vendor': C++ tests using 'Google Test' will be built
[16.709s] -- Found gtest sources under '/opt/ros/humble/src/gtest_vendor': C++ tests using 'Google Test' will be built
[16.818s] -- Found gtest sources under '/opt/ros/humble/src/gtest_vendor': C++ tests using 'Google Test' will be built
[16.910s] -- Found gtest sources under '/opt/ros/humble/src/gtest_vendor': C++ tests using 'Google Test' will be built
[16.928s] -- Found ament_lint_auto: 0.12.7 (/opt/ros/humble/share/ament_lint_auto/cmake)
[17.117s] -- Added test 'cppcheck' to perform static code analysis on C / C++ code
[17.123s] -- Configured cppcheck include dirs: /home/kush/UR5_Project_main/src/moveit2/moveit_core/exceptions/include;/home/kush/UR5_Project_main/src/moveit2/moveit_core/collision_detection/include;/home/kush/UR5_Project_main/src/moveit2/moveit_core/collision_detection_fcl/include;/home/kush/UR5_Project_main/src/moveit2/moveit_core/collision_detection_bullet/include;/home/kush/UR5_Project_main/src/moveit2/moveit_core/constraint_samplers/include;/home/kush/UR5_Project_main/src/moveit2/moveit_core/controller_manager/include;/home/kush/UR5_Project_main/src/moveit2/moveit_core/distance_field/include;/home/kush/UR5_Project_main/src/moveit2/moveit_core/collision_distance_field/include;/home/kush/UR5_Project_main/src/moveit2/moveit_core/dynamics_solver/include;/home/kush/UR5_Project_main/src/moveit2/moveit_core/kinematics_base/include;/home/kush/UR5_Project_main/src/moveit2/moveit_core/kinematics_metrics/include;/home/kush/UR5_Project_main/src/moveit2/moveit_core/robot_model/include;/home/kush/UR5_Project_main/src/moveit2/moveit_core/transforms/include;/home/kush/UR5_Project_main/src/moveit2/moveit_core/robot_state/include;/home/kush/UR5_Project_main/src/moveit2/moveit_core/robot_trajectory/include;/home/kush/UR5_Project_main/src/moveit2/moveit_core/kinematic_constraints/include;/home/kush/UR5_Project_main/src/moveit2/moveit_core/macros/include;/home/kush/UR5_Project_main/src/moveit2/moveit_core/online_signal_smoothing/include;/home/kush/UR5_Project_main/src/moveit2/moveit_core/planning_interface/include;/home/kush/UR5_Project_main/src/moveit2/moveit_core/planning_request_adapter/include;/home/kush/UR5_Project_main/src/moveit2/moveit_core/planning_scene/include;/home/kush/UR5_Project_main/src/moveit2/moveit_core/sensor_manager/include;/home/kush/UR5_Project_main/src/moveit2/moveit_core/trajectory_processing/include;/home/kush/UR5_Project_main/src/moveit2/moveit_core/utils/include
[17.123s] -- Configured cppcheck exclude dirs and/or files: 
[17.132s] -- Added test 'pep257' to check Python code against some of the docstring style conventions in PEP 257
[17.141s] -- Added test 'xmllint' to check XML markup files
[17.159s] -- Configuring done
[19.456s] -- Generating done
[19.473s] -- Build files have been written to: /home/kush/UR5_Project_main/build/moveit_core
[19.560s] Invoked command in '/home/kush/UR5_Project_main/build/moveit_core' returned '0': AMENT_PREFIX_PATH=/home/kush/UR5_Project_main/install/moveit_resources_panda_moveit_config:/home/kush/UR5_Project_main/install/srdfdom:/home/kush/UR5_Project_main/install/moveit_resources_pr2_description:/home/kush/UR5_Project_main/install/moveit_resources_panda_description:/home/kush/UR5_Project_main/install/moveit_common:${AMENT_PREFIX_PATH} CMAKE_PREFIX_PATH=/home/kush/UR5_Project_main/install/moveit_resources_panda_moveit_config:/home/kush/UR5_Project_main/install/srdfdom:/home/kush/UR5_Project_main/install/moveit_resources_pr2_description:/home/kush/UR5_Project_main/install/moveit_resources_panda_description:/home/kush/UR5_Project_main/install/moveit_common:/home/kush/ws_moveit2_ur5/install/ur_description:/home/kush/ws_moveit2_ur5/install/pilz_industrial_motion_planner_testutils:/home/kush/ws_moveit2_ur5/install/moveit_runtime:/home/kush/ws_moveit2_ur5/install/moveit2_tutorials:/home/kush/ws_moveit2_ur5/install/moveit:/home/kush/ws_moveit2_ur5/install/moveit_planners:/home/kush/ws_moveit2_ur5/install/pilz_industrial_motion_planner:/home/kush/ws_moveit2_ur5/install/moveit_visual_tools:/home/kush/ws_moveit2_ur5/install/moveit_task_constructor_visualization:/home/kush/ws_moveit2_ur5/install/moveit_task_constructor_demo:/home/kush/ws_moveit2_ur5/install/moveit_task_constructor_capabilities:/home/kush/ws_moveit2_ur5/install/moveit_task_constructor_core:/home/kush/ws_moveit2_ur5/install/moveit_ros_control_interface:/home/kush/ws_moveit2_ur5/install/moveit_plugins:/home/kush/ws_moveit2_ur5/install/moveit_simple_controller_manager:/home/kush/ws_moveit2_ur5/install/moveit_setup_assistant:/home/kush/ws_moveit2_ur5/install/moveit_setup_srdf_plugins:/home/kush/ws_moveit2_ur5/install/moveit_setup_core_plugins:/home/kush/ws_moveit2_ur5/install/moveit_setup_controllers:/home/kush/ws_moveit2_ur5/install/moveit_setup_app_plugins:/home/kush/ws_moveit2_ur5/install/moveit_setup_framework:/home/kush/ws_moveit2_ur5/install/moveit_servo:/home/kush/ws_moveit2_ur5/install/moveit_ros:/home/kush/ws_moveit2_ur5/install/moveit_ros_visualization:/home/kush/ws_moveit2_ur5/install/moveit_hybrid_planning:/home/kush/ws_moveit2_ur5/install/moveit_ros_planning_interface:/home/kush/ws_moveit2_ur5/install/moveit_ros_benchmarks:/home/kush/ws_moveit2_ur5/install/moveit_ros_warehouse:/home/kush/ws_moveit2_ur5/install/moveit_ros_robot_interaction:/home/kush/ws_moveit2_ur5/install/moveit_ros_perception:/home/kush/ws_moveit2_ur5/install/moveit_resources_prbt_pg70_support:/home/kush/ws_moveit2_ur5/install/moveit_resources_prbt_moveit_config:/home/kush/ws_moveit2_ur5/install/moveit_ros_move_group:/home/kush/ws_moveit2_ur5/install/moveit_planners_ompl:/home/kush/ws_moveit2_ur5/install/moveit_ros_planning:/home/kush/ws_moveit2_ur5/install/moveit_ros_occupancy_map_monitor:/home/kush/ws_moveit2_ur5/install/moveit_resources_prbt_ikfast_manipulator_plugin:/home/kush/ws_moveit2_ur5/install/moveit_planners_chomp:/home/kush/ws_moveit2_ur5/install/moveit_kinematics:/home/kush/ws_moveit2_ur5/install/moveit_chomp_optimizer_adapter:/home/kush/ws_moveit2_ur5/install/chomp_motion_planner:/home/kush/ws_moveit2_ur5/install/moveit_core:/home/kush/ws_moveit2_ur5/install/srdfdom:/home/kush/ws_moveit2_ur5/install/rviz_marker_tools:/home/kush/ws_moveit2_ur5/install/rosparam_shortcuts:/home/kush/ws_moveit2_ur5/install/moveit_task_constructor_msgs:/home/kush/ws_moveit2_ur5/install/moveit_resources_prbt_support:/home/kush/ws_moveit2_ur5/install/moveit_resources:/home/kush/ws_moveit2_ur5/install/moveit_resources_pr2_description:/home/kush/ws_moveit2_ur5/install/moveit_resources_panda_moveit_config:/home/kush/ws_moveit2_ur5/install/moveit_resources_panda_description:/home/kush/ws_moveit2_ur5/install/moveit_resources_fanuc_moveit_config:/home/kush/ws_moveit2_ur5/install/moveit_resources_fanuc_description:/home/kush/ws_moveit2_ur5/install/moveit_common:/home/kush/ws_moveit2_ur5/install/moveit_configs_utils:/home/kush/ws_moveit2_ur5/install/launch_param_builder:/opt/ros/humble LD_LIBRARY_PATH=/home/kush/UR5_Project_main/install/srdfdom/lib:${LD_LIBRARY_PATH} PYTHONPATH=/home/kush/UR5_Project_main/install/srdfdom/local/lib/python3.10/dist-packages:${PYTHONPATH} /usr/bin/cmake /home/kush/UR5_Project_main/src/moveit2/moveit_core -DCMAKE_BUILD_TYPE=Release -DCMAKE_INSTALL_PREFIX=/home/kush/UR5_Project_main/install/moveit_core
[19.561s] Invoking command in '/home/kush/UR5_Project_main/build/moveit_core': AMENT_PREFIX_PATH=/home/kush/UR5_Project_main/install/moveit_resources_panda_moveit_config:/home/kush/UR5_Project_main/install/srdfdom:/home/kush/UR5_Project_main/install/moveit_resources_pr2_description:/home/kush/UR5_Project_main/install/moveit_resources_panda_description:/home/kush/UR5_Project_main/install/moveit_common:${AMENT_PREFIX_PATH} CMAKE_PREFIX_PATH=/home/kush/UR5_Project_main/install/moveit_resources_panda_moveit_config:/home/kush/UR5_Project_main/install/srdfdom:/home/kush/UR5_Project_main/install/moveit_resources_pr2_description:/home/kush/UR5_Project_main/install/moveit_resources_panda_description:/home/kush/UR5_Project_main/install/moveit_common:/home/kush/ws_moveit2_ur5/install/ur_description:/home/kush/ws_moveit2_ur5/install/pilz_industrial_motion_planner_testutils:/home/kush/ws_moveit2_ur5/install/moveit_runtime:/home/kush/ws_moveit2_ur5/install/moveit2_tutorials:/home/kush/ws_moveit2_ur5/install/moveit:/home/kush/ws_moveit2_ur5/install/moveit_planners:/home/kush/ws_moveit2_ur5/install/pilz_industrial_motion_planner:/home/kush/ws_moveit2_ur5/install/moveit_visual_tools:/home/kush/ws_moveit2_ur5/install/moveit_task_constructor_visualization:/home/kush/ws_moveit2_ur5/install/moveit_task_constructor_demo:/home/kush/ws_moveit2_ur5/install/moveit_task_constructor_capabilities:/home/kush/ws_moveit2_ur5/install/moveit_task_constructor_core:/home/kush/ws_moveit2_ur5/install/moveit_ros_control_interface:/home/kush/ws_moveit2_ur5/install/moveit_plugins:/home/kush/ws_moveit2_ur5/install/moveit_simple_controller_manager:/home/kush/ws_moveit2_ur5/install/moveit_setup_assistant:/home/kush/ws_moveit2_ur5/install/moveit_setup_srdf_plugins:/home/kush/ws_moveit2_ur5/install/moveit_setup_core_plugins:/home/kush/ws_moveit2_ur5/install/moveit_setup_controllers:/home/kush/ws_moveit2_ur5/install/moveit_setup_app_plugins:/home/kush/ws_moveit2_ur5/install/moveit_setup_framework:/home/kush/ws_moveit2_ur5/install/moveit_servo:/home/kush/ws_moveit2_ur5/install/moveit_ros:/home/kush/ws_moveit2_ur5/install/moveit_ros_visualization:/home/kush/ws_moveit2_ur5/install/moveit_hybrid_planning:/home/kush/ws_moveit2_ur5/install/moveit_ros_planning_interface:/home/kush/ws_moveit2_ur5/install/moveit_ros_benchmarks:/home/kush/ws_moveit2_ur5/install/moveit_ros_warehouse:/home/kush/ws_moveit2_ur5/install/moveit_ros_robot_interaction:/home/kush/ws_moveit2_ur5/install/moveit_ros_perception:/home/kush/ws_moveit2_ur5/install/moveit_resources_prbt_pg70_support:/home/kush/ws_moveit2_ur5/install/moveit_resources_prbt_moveit_config:/home/kush/ws_moveit2_ur5/install/moveit_ros_move_group:/home/kush/ws_moveit2_ur5/install/moveit_planners_ompl:/home/kush/ws_moveit2_ur5/install/moveit_ros_planning:/home/kush/ws_moveit2_ur5/install/moveit_ros_occupancy_map_monitor:/home/kush/ws_moveit2_ur5/install/moveit_resources_prbt_ikfast_manipulator_plugin:/home/kush/ws_moveit2_ur5/install/moveit_planners_chomp:/home/kush/ws_moveit2_ur5/install/moveit_kinematics:/home/kush/ws_moveit2_ur5/install/moveit_chomp_optimizer_adapter:/home/kush/ws_moveit2_ur5/install/chomp_motion_planner:/home/kush/ws_moveit2_ur5/install/moveit_core:/home/kush/ws_moveit2_ur5/install/srdfdom:/home/kush/ws_moveit2_ur5/install/rviz_marker_tools:/home/kush/ws_moveit2_ur5/install/rosparam_shortcuts:/home/kush/ws_moveit2_ur5/install/moveit_task_constructor_msgs:/home/kush/ws_moveit2_ur5/install/moveit_resources_prbt_support:/home/kush/ws_moveit2_ur5/install/moveit_resources:/home/kush/ws_moveit2_ur5/install/moveit_resources_pr2_description:/home/kush/ws_moveit2_ur5/install/moveit_resources_panda_moveit_config:/home/kush/ws_moveit2_ur5/install/moveit_resources_panda_description:/home/kush/ws_moveit2_ur5/install/moveit_resources_fanuc_moveit_config:/home/kush/ws_moveit2_ur5/install/moveit_resources_fanuc_description:/home/kush/ws_moveit2_ur5/install/moveit_common:/home/kush/ws_moveit2_ur5/install/moveit_configs_utils:/home/kush/ws_moveit2_ur5/install/launch_param_builder:/opt/ros/humble LD_LIBRARY_PATH=/home/kush/UR5_Project_main/install/srdfdom/lib:${LD_LIBRARY_PATH} PYTHONPATH=/home/kush/UR5_Project_main/install/srdfdom/local/lib/python3.10/dist-packages:${PYTHONPATH} /usr/bin/cmake --build /home/kush/UR5_Project_main/build/moveit_core -- -j4 -l4
[19.734s] [  0%] [32mBuilding CXX object transforms/CMakeFiles/moveit_transforms.dir/src/transforms.cpp.o[0m
[34.710s] [  1%] [32m[1mLinking CXX shared library libmoveit_transforms.so[0m
[35.502s] [  1%] Built target moveit_transforms
[35.541s] [  2%] [32mBuilding CXX object distance_field/CMakeFiles/moveit_distance_field.dir/src/distance_field.cpp.o[0m
[49.331s] [  2%] [32mBuilding CXX object distance_field/CMakeFiles/moveit_distance_field.dir/src/find_internal_points.cpp.o[0m
[52.383s] [  3%] [32mBuilding CXX object distance_field/CMakeFiles/moveit_distance_field.dir/src/propagation_distance_field.cpp.o[0m
[63.460s] [  3%] [32m[1mLinking CXX shared library libmoveit_distance_field.so[0m
[63.726s] [  3%] Built target moveit_distance_field
[63.765s] [  4%] [32mBuilding CXX object utils/CMakeFiles/moveit_utils.dir/src/lexical_casts.cpp.o[0m
[64.494s] [  4%] [32mBuilding CXX object utils/CMakeFiles/moveit_utils.dir/src/message_checks.cpp.o[0m
[66.462s] [  5%] [32mBuilding CXX object utils/CMakeFiles/moveit_utils.dir/src/rclcpp_utils.cpp.o[0m
[66.840s] [  5%] [32m[1mLinking CXX shared library libmoveit_utils.so[0m
[67.809s] [  5%] Built target moveit_utils
[67.853s] [  5%] [32mBuilding CXX object gtest/CMakeFiles/gtest.dir/src/gtest-all.cc.o[0m
[78.889s] [  6%] [32mBuilding CXX object gtest/CMakeFiles/gtest_main.dir/src/gtest_main.cc.o[0m
[78.943s] [  7%] [32m[1mLinking CXX static library libgtest.a[0m
[79.065s] [  7%] Built target gtest
[79.116s] [  7%] [32mBuilding CXX object kinematics_base/CMakeFiles/moveit_kinematics_base.dir/src/kinematics_base.cpp.o[0m
[80.162s] [  7%] [32mBuilding CXX object gmock/CMakeFiles/gmock.dir/opt/ros/humble/src/gtest_vendor/src/gtest-all.cc.o[0m
[80.619s] [  7%] [32m[1mLinking CXX static library libgtest_main.a[0m
[80.823s] [  7%] Built target gtest_main
[80.898s] [  7%] [32mBuilding CXX object exceptions/CMakeFiles/moveit_exceptions.dir/src/exceptions.cpp.o[0m
[80.992s] [  7%] [32mBuilding CXX object gmock/CMakeFiles/gmock_main.dir/src/gmock_main.cc.o[0m
[83.422s] [  8%] [32m[1mLinking CXX shared library libmoveit_exceptions.so[0m
[83.773s] [  8%] Built target moveit_exceptions
[83.846s] [  9%] [32mBuilding CXX object distance_field/CMakeFiles/test_voxel_grid.dir/test/test_voxel_grid.cpp.o[0m
[85.465s] [ 10%] [32m[1mLinking CXX static library libgmock_main.a[0m
[85.745s] [ 10%] Built target gmock_main
[85.920s] [ 10%] [32mBuilding CXX object distance_field/CMakeFiles/test_distance_field.dir/test/test_distance_field.cpp.o[0m
[93.626s] [ 11%] [32m[1mLinking CXX shared library libmoveit_kinematics_base.so[0m
[94.115s] [ 11%] Built target moveit_kinematics_base
[94.183s] [ 11%] [32mBuilding CXX object online_signal_smoothing/CMakeFiles/moveit_smoothing_base.dir/src/smoothing_base_class.cpp.o[0m
[99.241s] [ 11%] [32m[1mLinking CXX executable test_voxel_grid[0m
[99.604s] [ 11%] Built target test_voxel_grid
[99.672s] [ 12%] [34m[1mRunning `/opt/ros/humble/bin/generate_parameter_library_py /home/kush/UR5_Project_main/build/moveit_core/online_signal_smoothing/moveit_butterworth_parameters/include//moveit_butterworth_parameters.hpp /home/kush/UR5_Project_main/src/moveit2/moveit_core/online_signal_smoothing/src/butterworth_parameters.yaml `[0m
[100.231s] [ 12%] Built target moveit_butterworth_parameters
[100.298s] [ 12%] [32mBuilding CXX object transforms/CMakeFiles/test_transforms.dir/test/test_transforms.cpp.o[0m
[103.417s] [ 13%] [32m[1mLinking CXX shared library libmoveit_smoothing_base.so[0m
[103.739s] [ 13%] Built target moveit_smoothing_base
[103.806s] [ 14%] [32mBuilding CXX object version/CMakeFiles/moveit_version.dir/version.cpp.o[0m
[103.914s] [ 15%] [32m[1mLinking CXX executable moveit_version[0m
[104.129s] [ 15%] Built target moveit_version
[104.603s] [ 16%] [32mBuilding CXX object gmock/CMakeFiles/gmock.dir/src/gmock-all.cc.o[0m
[109.159s] [ 17%] [32m[1mLinking CXX executable test_transforms[0m
[109.551s] [ 17%] Built target test_transforms
[109.621s] [ 17%] [32mBuilding CXX object robot_model/CMakeFiles/moveit_robot_model.dir/src/fixed_joint_model.cpp.o[0m
[109.622s] [ 18%] [32mBuilding CXX object robot_model/CMakeFiles/moveit_robot_model.dir/src/aabb.cpp.o[0m
[112.590s] [ 19%] [32m[1mLinking CXX static library libgmock.a[0m
[113.106s] [ 19%] Built target gmock
[113.199s] [ 20%] [32mBuilding CXX object robot_model/CMakeFiles/moveit_robot_model.dir/src/floating_joint_model.cpp.o[0m
[114.537s] [ 21%] [32mBuilding CXX object robot_model/CMakeFiles/moveit_robot_model.dir/src/joint_model.cpp.o[0m
[115.451s] [ 22%] [32m[1mLinking CXX executable test_distance_field[0m
[115.916s] [ 22%] [32mBuilding CXX object robot_model/CMakeFiles/moveit_robot_model.dir/src/joint_model_group.cpp.o[0m
[116.387s] [ 22%] Built target test_distance_field
[118.447s] [ 23%] [32mBuilding CXX object robot_model/CMakeFiles/moveit_robot_model.dir/src/link_model.cpp.o[0m
[129.790s] [ 24%] [32mBuilding CXX object robot_model/CMakeFiles/moveit_robot_model.dir/src/revolute_joint_model.cpp.o[0m
[134.282s] [ 24%] [32mBuilding CXX object robot_model/CMakeFiles/moveit_robot_model.dir/src/robot_model.cpp.o[0m
[147.705s] [ 24%] [32mBuilding CXX object robot_model/CMakeFiles/moveit_robot_model.dir/src/planar_joint_model.cpp.o[0m
[147.705s] [ 25%] [32mBuilding CXX object robot_model/CMakeFiles/moveit_robot_model.dir/src/prismatic_joint_model.cpp.o[0m
[153.461s] [ 26%] [32m[1mLinking CXX shared library libmoveit_robot_model.so[0m
[153.723s] [ 26%] Built target moveit_robot_model
[153.768s] [ 27%] [32mBuilding CXX object robot_state/CMakeFiles/moveit_robot_state.dir/src/conversions.cpp.o[0m
[153.772s] [ 28%] [32mBuilding CXX object utils/CMakeFiles/moveit_test_utils.dir/src/robot_model_test_utils.cpp.o[0m
[153.775s] [ 28%] [32mBuilding CXX object robot_state/CMakeFiles/moveit_robot_state.dir/src/attached_body.cpp.o[0m
[161.525s] [ 29%] [32mBuilding CXX object robot_state/CMakeFiles/moveit_robot_state.dir/src/robot_state.cpp.o[0m
[175.254s] [ 29%] [32m[1mLinking CXX shared library libmoveit_test_utils.so[0m
[175.765s] [ 29%] Built target moveit_test_utils
[175.801s] [ 29%] [32mBuilding CXX object robot_state/CMakeFiles/moveit_robot_state.dir/src/cartesian_interpolator.cpp.o[0m
[175.878s] [ 30%] [32mBuilding CXX object online_signal_smoothing/CMakeFiles/moveit_butterworth_filter.dir/src/butterworth_filter.cpp.o[0m
[191.046s] [ 30%] [32m[1mLinking CXX shared library libmoveit_butterworth_filter.so[0m
[191.355s] [ 30%] Built target moveit_butterworth_filter
[191.402s] [ 31%] [32mBuilding CXX object robot_model/CMakeFiles/test_robot_model.dir/test/test.cpp.o[0m
[201.668s] [ 31%] [32m[1mLinking CXX executable test_robot_model[0m
[202.170s] [ 31%] Built target test_robot_model
[206.977s] [ 32%] [32m[1mLinking CXX shared library libmoveit_robot_state.so[0m
[207.279s] [ 32%] Built target moveit_robot_state
[207.323s] [ 33%] [32mBuilding CXX object online_signal_smoothing/CMakeFiles/test_butterworth_filter.dir/test/test_butterworth_filter.cpp.o[0m
[207.323s] [ 33%] [32mBuilding CXX object collision_detection/CMakeFiles/moveit_collision_detection.dir/src/allvalid/collision_env_allvalid.cpp.o[0m
[208.348s] [ 34%] [32mBuilding CXX object dynamics_solver/CMakeFiles/moveit_dynamics_solver.dir/src/dynamics_solver.cpp.o[0m
[210.477s] [ 34%] [32mBuilding CXX object robot_trajectory/CMakeFiles/moveit_robot_trajectory.dir/src/robot_trajectory.cpp.o[0m
[220.984s] [ 34%] [32mBuilding CXX object collision_detection/CMakeFiles/moveit_collision_detection.dir/src/collision_common.cpp.o[0m
[225.075s] [ 35%] [32m[1mLinking CXX executable test_butterworth_filter[0m
[225.503s] [ 35%] Built target test_butterworth_filter
[226.062s] [ 36%] [32m[1mLinking CXX shared library libmoveit_dynamics_solver.so[0m
[226.428s] [ 36%] Built target moveit_dynamics_solver
[231.489s] [ 37%] [32mBuilding CXX object collision_detection/CMakeFiles/moveit_collision_detection.dir/src/collision_matrix.cpp.o[0m
[232.095s] [ 38%] [32m[1mLinking CXX shared library libmoveit_robot_trajectory.so[0m
[232.395s] [ 38%] Built target moveit_robot_trajectory
[240.044s] [ 38%] [32mBuilding CXX object collision_detection/CMakeFiles/moveit_collision_detection.dir/src/collision_octomap_filter.cpp.o[0m
[248.712s] [ 39%] [32mBuilding CXX object collision_detection/CMakeFiles/moveit_collision_detection.dir/src/collision_tools.cpp.o[0m
[249.077s] [ 39%] [32mBuilding CXX object robot_state/CMakeFiles/test_robot_state_benchmark.dir/test/robot_state_benchmark.cpp.o[0m
[250.151s] [ 40%] [32mBuilding CXX object robot_state/CMakeFiles/test_robot_state.dir/test/robot_state_test.cpp.o[0m
[251.279s] [ 40%] [32mBuilding CXX object kinematics_metrics/CMakeFiles/moveit_kinematics_metrics.dir/src/kinematics_metrics.cpp.o[0m
[268.494s] [ 41%] [32mBuilding CXX object collision_detection/CMakeFiles/moveit_collision_detection.dir/src/world.cpp.o[0m
[268.666s] [ 42%] [32m[1mLinking CXX executable test_robot_state_benchmark[0m
[269.460s] [ 42%] Built target test_robot_state_benchmark
[277.529s] [ 42%] [32mBuilding CXX object collision_detection/CMakeFiles/moveit_collision_detection.dir/src/world_diff.cpp.o[0m
[279.109s] [ 43%] [32m[1mLinking CXX executable test_robot_state[0m
[279.809s] [ 43%] Built target test_robot_state
[282.032s] [ 44%] [32mBuilding CXX object collision_detection/CMakeFiles/moveit_collision_detection.dir/src/collision_env.cpp.o[0m
[289.889s] [ 44%] [32mBuilding CXX object robot_state/CMakeFiles/test_aabb.dir/test/test_aabb.cpp.o[0m
[291.974s] [ 44%] [32mBuilding CXX object robot_state/CMakeFiles/test_robot_state_complex.dir/test/test_kinematic_complex.cpp.o[0m
[293.154s] [ 44%] [32mBuilding CXX object collision_detection/CMakeFiles/moveit_collision_detection.dir/src/collision_plugin_cache.cpp.o[0m
[294.849s] [ 45%] [32m[1mLinking CXX shared library libmoveit_kinematics_metrics.so[0m
[295.545s] [ 45%] Built target moveit_kinematics_metrics
[295.685s] [ 45%] [32mBuilding CXX object robot_state/CMakeFiles/test_cartesian_interpolator.dir/test/test_cartesian_interpolator.cpp.o[0m
[313.127s] [ 46%] [32m[1mLinking CXX executable test_aabb[0m
[313.942s] [ 46%] Built target test_aabb
[314.118s] [ 47%] [32m[1mLinking CXX executable test_cartesian_interpolator[0m
[314.614s] [ 47%] Built target test_cartesian_interpolator
[316.171s] [ 48%] [32m[1mLinking CXX executable test_robot_state_complex[0m
[316.950s] [ 48%] Built target test_robot_state_complex
[323.304s] [ 49%] [32m[1mLinking CXX shared library libmoveit_collision_detection.so[0m
[323.608s] [ 49%] Built target moveit_collision_detection
[323.647s] [ 50%] [32mBuilding CXX object planning_interface/CMakeFiles/moveit_planning_interface.dir/src/planning_interface.cpp.o[0m
[324.671s] [ 50%] [32mBuilding CXX object collision_detection_fcl/CMakeFiles/moveit_collision_detection_fcl.dir/src/collision_common.cpp.o[0m
[325.717s] [ 51%] [32mBuilding CXX object trajectory_processing/CMakeFiles/moveit_trajectory_processing.dir/src/iterative_time_parameterization.cpp.o[0m
[326.888s] [ 52%] [32mBuilding CXX object robot_trajectory/CMakeFiles/test_robot_trajectory.dir/test/test_robot_trajectory.cpp.o[0m
[345.688s] [ 52%] [32mBuilding CXX object trajectory_processing/CMakeFiles/moveit_trajectory_processing.dir/src/iterative_spline_parameterization.cpp.o[0m
[348.506s] [ 52%] [32mBuilding CXX object planning_interface/CMakeFiles/moveit_planning_interface.dir/src/planning_response.cpp.o[0m
[350.004s] [ 53%] [32mBuilding CXX object collision_detection_fcl/CMakeFiles/moveit_collision_detection_fcl.dir/src/collision_env_fcl.cpp.o[0m
[353.399s] [ 53%] [32m[1mLinking CXX executable test_robot_trajectory[0m
[354.551s] [ 53%] Built target test_robot_trajectory
[365.888s] [ 54%] [32mBuilding CXX object trajectory_processing/CMakeFiles/moveit_trajectory_processing.dir/src/ruckig_traj_smoothing.cpp.o[0m
[366.047s] [ 55%] [32m[1mLinking CXX shared library libmoveit_planning_interface.so[0m
[366.480s] [ 55%] Built target moveit_planning_interface
[368.184s] [ 56%] [32m[1mLinking CXX shared library libmoveit_collision_detection_fcl.so[0m
[368.822s] [ 56%] Built target moveit_collision_detection_fcl
[380.124s] [ 57%] [32mBuilding CXX object trajectory_processing/CMakeFiles/moveit_trajectory_processing.dir/src/trajectory_tools.cpp.o[0m
[381.168s] [ 57%] [32mBuilding CXX object trajectory_processing/CMakeFiles/moveit_trajectory_processing.dir/src/time_optimal_trajectory_generation.cpp.o[0m
[389.161s] [ 57%] [32mBuilding CXX object collision_detection/CMakeFiles/test_all_valid.dir/test/test_all_valid.cpp.o[0m
[391.210s] [ 58%] [32mBuilding CXX object collision_detection/CMakeFiles/test_world_diff.dir/test/test_world_diff.cpp.o[0m
[393.399s] [ 59%] [32mBuilding CXX object collision_detection/CMakeFiles/test_world.dir/test/test_world.cpp.o[0m
[397.679s] [ 60%] [32m[1mLinking CXX shared library libmoveit_trajectory_processing.so[0m
[398.304s] [ 60%] Built target moveit_trajectory_processing
[405.025s] [ 61%] [32m[1mLinking CXX executable test_all_valid[0m
[405.181s] [ 62%] [32m[1mLinking CXX executable test_world_diff[0m
[405.635s] [ 62%] Built target test_all_valid
[405.700s] [ 62%] Built target test_world_diff
[408.505s] [ 62%] [32m[1mLinking CXX executable test_world[0m
[408.952s] [ 62%] Built target test_world
[409.024s] [ 63%] [32mBuilding CXX object collision_detection_fcl/CMakeFiles/test_fcl_collision_detection.dir/test/test_fcl_collision_detection_pr2.cpp.o[0m
[424.361s] [ 63%] [32m[1mLinking CXX executable test_fcl_collision_detection[0m
[424.885s] [ 63%] Built target test_fcl_collision_detection
[424.929s] [ 64%] [32mBuilding CXX object collision_detection_fcl/CMakeFiles/test_fcl_collision_env.dir/test/test_fcl_env.cpp.o[0m
[424.939s] [ 65%] [32mBuilding CXX object collision_detection_fcl/CMakeFiles/test_fcl_collision_detection_panda.dir/test/test_fcl_collision_detection_panda.cpp.o[0m
[427.014s] [ 65%] [32mBuilding CXX object kinematic_constraints/CMakeFiles/moveit_kinematic_constraints.dir/src/kinematic_constraint.cpp.o[0m
[429.058s] [ 66%] [32mBuilding CXX object collision_detection_bullet/CMakeFiles/moveit_collision_detection_bullet.dir/src/bullet_integration/bullet_utils.cpp.o[0m
[450.303s] [ 67%] [32m[1mLinking CXX executable test_fcl_collision_env[0m
[450.964s] [ 67%] [32mBuilding CXX object collision_detection_bullet/CMakeFiles/moveit_collision_detection_bullet.dir/src/bullet_integration/bullet_discrete_bvh_manager.cpp.o[0m
[451.218s] [ 67%] Built target test_fcl_collision_env
[451.262s] [ 67%] [32m[1mLinking CXX executable test_fcl_collision_detection_panda[0m
[452.060s] [ 67%] Built target test_fcl_collision_detection_panda
[455.172s] [ 68%] [32mBuilding CXX object trajectory_processing/CMakeFiles/test_time_optimal_trajectory_generation.dir/test/test_time_optimal_trajectory_generation.cpp.o[0m
[457.234s] [ 68%] [32mBuilding CXX object trajectory_processing/CMakeFiles/test_time_parameterization.dir/test/test_time_parameterization.cpp.o[0m
[464.860s] [ 69%] [32mBuilding CXX object kinematic_constraints/CMakeFiles/moveit_kinematic_constraints.dir/src/utils.cpp.o[0m
[465.018s] [ 70%] [32mBuilding CXX object collision_detection_bullet/CMakeFiles/moveit_collision_detection_bullet.dir/src/bullet_integration/bullet_cast_bvh_manager.cpp.o[0m
[480.504s] [ 71%] [32m[1mLinking CXX executable test_time_parameterization[0m
[481.392s] [ 71%] Built target test_time_parameterization
[481.840s] [ 71%] [32mBuilding CXX object collision_detection_bullet/CMakeFiles/moveit_collision_detection_bullet.dir/src/collision_env_bullet.cpp.o[0m
[483.356s] [ 72%] [32m[1mLinking CXX executable test_time_optimal_trajectory_generation[0m
[484.234s] [ 72%] Built target test_time_optimal_trajectory_generation
[491.064s] [ 73%] [32m[1mLinking CXX shared library libmoveit_kinematic_constraints.so[0m
[491.458s] [ 73%] Built target moveit_kinematic_constraints
[495.179s] [ 74%] [32mBuilding CXX object collision_detection_bullet/CMakeFiles/moveit_collision_detection_bullet.dir/src/bullet_integration/contact_checker_common.cpp.o[0m
[502.659s] [ 75%] [32mBuilding CXX object collision_detection_bullet/CMakeFiles/moveit_collision_detection_bullet.dir/src/bullet_integration/bullet_bvh_manager.cpp.o[0m
[510.554s] [ 75%] [32mBuilding CXX object collision_detection_bullet/CMakeFiles/moveit_collision_detection_bullet.dir/src/bullet_integration/ros_bullet_utils.cpp.o[0m
[518.196s] [ 76%] [32m[1mLinking CXX shared library libmoveit_collision_detection_bullet.so[0m
[518.668s] [ 76%] Built target moveit_collision_detection_bullet
[518.746s] [ 76%] [32mBuilding CXX object kinematic_constraints/CMakeFiles/test_constraints.dir/test/test_constraints.cpp.o[0m
[519.792s] [ 76%] [32mBuilding CXX object kinematic_constraints/CMakeFiles/test_orientation_constraints.dir/test/test_orientation_constraints.cpp.o[0m
[519.864s] [ 77%] [32mBuilding CXX object planning_scene/CMakeFiles/moveit_planning_scene.dir/src/planning_scene.cpp.o[0m
[521.016s] [ 78%] [32mBuilding CXX object trajectory_processing/CMakeFiles/test_ruckig_traj_smoothing.dir/test/test_ruckig_traj_smoothing.cpp.o[0m
[544.980s] [ 78%] [32m[1mLinking CXX executable test_ruckig_traj_smoothing[0m
[545.967s] [ 78%] Built target test_ruckig_traj_smoothing
[548.476s] [ 79%] [32m[1mLinking CXX executable test_orientation_constraints[0m
[549.482s] [ 79%] Built target test_orientation_constraints
[552.021s] [ 80%] [32m[1mLinking CXX executable test_constraints[0m
[552.625s] [ 80%] Built target test_constraints
[562.304s] [ 80%] [32m[1mLinking CXX shared library libmoveit_planning_scene.so[0m
[562.652s] [ 80%] Built target moveit_planning_scene
[562.738s] [ 81%] [32mBuilding CXX object collision_detection_bullet/CMakeFiles/test_bullet_continuous_collision_checking.dir/test/test_bullet_continuous_collision_checking.cpp.o[0m
[569.801s] [ 81%] [32mBuilding CXX object collision_distance_field/CMakeFiles/moveit_collision_distance_field.dir/src/collision_distance_field_types.cpp.o[0m
[569.830s] [ 82%] [32mBuilding CXX object collision_detection_bullet/CMakeFiles/test_bullet_collision_detection_panda.dir/test/test_bullet_collision_detection_panda.cpp.o[0m
[570.922s] [ 83%] [32mBuilding CXX object collision_detection_bullet/CMakeFiles/test_bullet_collision_detection.dir/test/test_bullet_collision_detection_pr2.cpp.o[0m
[586.406s] [ 84%] [32m[1mLinking CXX executable test_bullet_continuous_collision_checking[0m
[587.429s] [ 84%] Built target test_bullet_continuous_collision_checking
[588.508s] [ 85%] [32mBuilding CXX object collision_distance_field/CMakeFiles/moveit_collision_distance_field.dir/src/collision_common_distance_field.cpp.o[0m
[593.313s] [ 85%] [32m[1mLinking CXX executable test_bullet_collision_detection_panda[0m
[593.876s] [ 85%] Built target test_bullet_collision_detection_panda
[597.400s] [ 85%] [32m[1mLinking CXX executable test_bullet_collision_detection[0m
[598.006s] [ 85%] Built target test_bullet_collision_detection
[600.088s] [ 86%] [32mBuilding CXX object planning_scene/CMakeFiles/test_planning_scene.dir/test/test_planning_scene.cpp.o[0m
[601.159s] [ 86%] [32mBuilding CXX object planning_request_adapter/CMakeFiles/moveit_planning_request_adapter.dir/src/planning_request_adapter.cpp.o[0m
[602.250s] [ 86%] [32mBuilding CXX object constraint_samplers/CMakeFiles/moveit_constraint_samplers.dir/src/constraint_sampler.cpp.o[0m
[607.590s] [ 86%] [32mBuilding CXX object collision_distance_field/CMakeFiles/moveit_collision_distance_field.dir/src/collision_env_distance_field.cpp.o[0m
[622.434s] [ 87%] [32mBuilding CXX object constraint_samplers/CMakeFiles/moveit_constraint_samplers.dir/src/constraint_sampler_manager.cpp.o[0m
[622.890s] [ 88%] [32m[1mLinking CXX shared library libmoveit_planning_request_adapter.so[0m
[623.404s] [ 88%] Built target moveit_planning_request_adapter
[639.466s] [ 88%] [32m[1mLinking CXX executable test_planning_scene[0m
[640.268s] [ 88%] Built target test_planning_scene
[641.095s] [ 88%] [32mBuilding CXX object constraint_samplers/CMakeFiles/moveit_constraint_samplers.dir/src/constraint_sampler_tools.cpp.o[0m
[642.644s] [ 89%] [32mBuilding CXX object collision_distance_field/CMakeFiles/moveit_collision_distance_field.dir/src/collision_env_hybrid.cpp.o[0m
[650.181s] [ 89%] [32mBuilding CXX object planning_scene/CMakeFiles/test_multi_threaded.dir/test/test_multi_threaded.cpp.o[0m
[652.272s] [ 90%] [32mBuilding CXX object planning_scene/CMakeFiles/test_collision_objects.dir/test/test_collision_objects.cpp.o[0m
[656.844s] [ 91%] [32mBuilding CXX object constraint_samplers/CMakeFiles/moveit_constraint_samplers.dir/src/default_constraint_samplers.cpp.o[0m
[665.273s] [ 92%] [32m[1mLinking CXX shared library libmoveit_collision_distance_field.so[0m
[665.968s] [ 92%] Built target moveit_collision_distance_field
[673.672s] [ 93%] [32m[1mLinking CXX executable test_multi_threaded[0m
[674.392s] [ 93%] Built target test_multi_threaded
[679.926s] [ 93%] [32m[1mLinking CXX executable test_collision_objects[0m
[680.424s] [ 93%] Built target test_collision_objects
[681.118s] [ 93%] [32mBuilding CXX object constraint_samplers/CMakeFiles/moveit_constraint_samplers.dir/src/union_constraint_sampler.cpp.o[0m
[692.223s] [ 94%] [32m[1mLinking CXX shared library libmoveit_constraint_samplers.so[0m
[692.521s] [ 94%] Built target moveit_constraint_samplers
[692.609s] [ 95%] [32mBuilding CXX object collision_distance_field/CMakeFiles/test_collision_distance_field.dir/test/test_collision_distance_field.cpp.o[0m
[708.873s] [ 95%] [32m[1mLinking CXX executable test_collision_distance_field[0m
[709.315s] [ 95%] Built target test_collision_distance_field
[709.423s] [ 97%] [32mBuilding CXX object constraint_samplers/CMakeFiles/test_constraint_samplers.dir/test/pr2_arm_kinematics_plugin.cpp.o[0m
[709.423s] [ 97%] [32mBuilding CXX object constraint_samplers/CMakeFiles/test_constraint_samplers.dir/test/test_constraint_samplers.cpp.o[0m
[709.433s] [ 97%] [32mBuilding CXX object collision_detection_fcl/CMakeFiles/collision_detector_fcl_plugin.dir/src/collision_detector_fcl_plugin_loader.cpp.o[0m
[709.433s] [ 97%] [32mBuilding CXX object collision_detection_bullet/CMakeFiles/collision_detector_bullet_plugin.dir/src/collision_detector_bullet_plugin_loader.cpp.o[0m
[729.532s] [ 97%] [32mBuilding CXX object constraint_samplers/CMakeFiles/test_constraint_samplers.dir/test/pr2_arm_ik.cpp.o[0m
[731.161s] [ 98%] [32m[1mLinking CXX shared library libcollision_detector_bullet_plugin.so[0m
[731.634s] [ 98%] Built target collision_detector_bullet_plugin
[733.481s] [ 99%] [32m[1mLinking CXX shared library libcollision_detector_fcl_plugin.so[0m
[733.950s] [ 99%] Built target collision_detector_fcl_plugin
[744.416s] [100%] [32m[1mLinking CXX executable test_constraint_samplers[0m
[745.015s] [100%] Built target test_constraint_samplers
[745.067s] Invoked command in '/home/kush/UR5_Project_main/build/moveit_core' returned '0': AMENT_PREFIX_PATH=/home/kush/UR5_Project_main/install/moveit_resources_panda_moveit_config:/home/kush/UR5_Project_main/install/srdfdom:/home/kush/UR5_Project_main/install/moveit_resources_pr2_description:/home/kush/UR5_Project_main/install/moveit_resources_panda_description:/home/kush/UR5_Project_main/install/moveit_common:${AMENT_PREFIX_PATH} CMAKE_PREFIX_PATH=/home/kush/UR5_Project_main/install/moveit_resources_panda_moveit_config:/home/kush/UR5_Project_main/install/srdfdom:/home/kush/UR5_Project_main/install/moveit_resources_pr2_description:/home/kush/UR5_Project_main/install/moveit_resources_panda_description:/home/kush/UR5_Project_main/install/moveit_common:/home/kush/ws_moveit2_ur5/install/ur_description:/home/kush/ws_moveit2_ur5/install/pilz_industrial_motion_planner_testutils:/home/kush/ws_moveit2_ur5/install/moveit_runtime:/home/kush/ws_moveit2_ur5/install/moveit2_tutorials:/home/kush/ws_moveit2_ur5/install/moveit:/home/kush/ws_moveit2_ur5/install/moveit_planners:/home/kush/ws_moveit2_ur5/install/pilz_industrial_motion_planner:/home/kush/ws_moveit2_ur5/install/moveit_visual_tools:/home/kush/ws_moveit2_ur5/install/moveit_task_constructor_visualization:/home/kush/ws_moveit2_ur5/install/moveit_task_constructor_demo:/home/kush/ws_moveit2_ur5/install/moveit_task_constructor_capabilities:/home/kush/ws_moveit2_ur5/install/moveit_task_constructor_core:/home/kush/ws_moveit2_ur5/install/moveit_ros_control_interface:/home/kush/ws_moveit2_ur5/install/moveit_plugins:/home/kush/ws_moveit2_ur5/install/moveit_simple_controller_manager:/home/kush/ws_moveit2_ur5/install/moveit_setup_assistant:/home/kush/ws_moveit2_ur5/install/moveit_setup_srdf_plugins:/home/kush/ws_moveit2_ur5/install/moveit_setup_core_plugins:/home/kush/ws_moveit2_ur5/install/moveit_setup_controllers:/home/kush/ws_moveit2_ur5/install/moveit_setup_app_plugins:/home/kush/ws_moveit2_ur5/install/moveit_setup_framework:/home/kush/ws_moveit2_ur5/install/moveit_servo:/home/kush/ws_moveit2_ur5/install/moveit_ros:/home/kush/ws_moveit2_ur5/install/moveit_ros_visualization:/home/kush/ws_moveit2_ur5/install/moveit_hybrid_planning:/home/kush/ws_moveit2_ur5/install/moveit_ros_planning_interface:/home/kush/ws_moveit2_ur5/install/moveit_ros_benchmarks:/home/kush/ws_moveit2_ur5/install/moveit_ros_warehouse:/home/kush/ws_moveit2_ur5/install/moveit_ros_robot_interaction:/home/kush/ws_moveit2_ur5/install/moveit_ros_perception:/home/kush/ws_moveit2_ur5/install/moveit_resources_prbt_pg70_support:/home/kush/ws_moveit2_ur5/install/moveit_resources_prbt_moveit_config:/home/kush/ws_moveit2_ur5/install/moveit_ros_move_group:/home/kush/ws_moveit2_ur5/install/moveit_planners_ompl:/home/kush/ws_moveit2_ur5/install/moveit_ros_planning:/home/kush/ws_moveit2_ur5/install/moveit_ros_occupancy_map_monitor:/home/kush/ws_moveit2_ur5/install/moveit_resources_prbt_ikfast_manipulator_plugin:/home/kush/ws_moveit2_ur5/install/moveit_planners_chomp:/home/kush/ws_moveit2_ur5/install/moveit_kinematics:/home/kush/ws_moveit2_ur5/install/moveit_chomp_optimizer_adapter:/home/kush/ws_moveit2_ur5/install/chomp_motion_planner:/home/kush/ws_moveit2_ur5/install/moveit_core:/home/kush/ws_moveit2_ur5/install/srdfdom:/home/kush/ws_moveit2_ur5/install/rviz_marker_tools:/home/kush/ws_moveit2_ur5/install/rosparam_shortcuts:/home/kush/ws_moveit2_ur5/install/moveit_task_constructor_msgs:/home/kush/ws_moveit2_ur5/install/moveit_resources_prbt_support:/home/kush/ws_moveit2_ur5/install/moveit_resources:/home/kush/ws_moveit2_ur5/install/moveit_resources_pr2_description:/home/kush/ws_moveit2_ur5/install/moveit_resources_panda_moveit_config:/home/kush/ws_moveit2_ur5/install/moveit_resources_panda_description:/home/kush/ws_moveit2_ur5/install/moveit_resources_fanuc_moveit_config:/home/kush/ws_moveit2_ur5/install/moveit_resources_fanuc_description:/home/kush/ws_moveit2_ur5/install/moveit_common:/home/kush/ws_moveit2_ur5/install/moveit_configs_utils:/home/kush/ws_moveit2_ur5/install/launch_param_builder:/opt/ros/humble LD_LIBRARY_PATH=/home/kush/UR5_Project_main/install/srdfdom/lib:${LD_LIBRARY_PATH} PYTHONPATH=/home/kush/UR5_Project_main/install/srdfdom/local/lib/python3.10/dist-packages:${PYTHONPATH} /usr/bin/cmake --build /home/kush/UR5_Project_main/build/moveit_core -- -j4 -l4
[745.264s] Invoking command in '/home/kush/UR5_Project_main/build/moveit_core': AMENT_PREFIX_PATH=/home/kush/UR5_Project_main/install/moveit_resources_panda_moveit_config:/home/kush/UR5_Project_main/install/srdfdom:/home/kush/UR5_Project_main/install/moveit_resources_pr2_description:/home/kush/UR5_Project_main/install/moveit_resources_panda_description:/home/kush/UR5_Project_main/install/moveit_common:${AMENT_PREFIX_PATH} CMAKE_PREFIX_PATH=/home/kush/UR5_Project_main/install/moveit_resources_panda_moveit_config:/home/kush/UR5_Project_main/install/srdfdom:/home/kush/UR5_Project_main/install/moveit_resources_pr2_description:/home/kush/UR5_Project_main/install/moveit_resources_panda_description:/home/kush/UR5_Project_main/install/moveit_common:/home/kush/ws_moveit2_ur5/install/ur_description:/home/kush/ws_moveit2_ur5/install/pilz_industrial_motion_planner_testutils:/home/kush/ws_moveit2_ur5/install/moveit_runtime:/home/kush/ws_moveit2_ur5/install/moveit2_tutorials:/home/kush/ws_moveit2_ur5/install/moveit:/home/kush/ws_moveit2_ur5/install/moveit_planners:/home/kush/ws_moveit2_ur5/install/pilz_industrial_motion_planner:/home/kush/ws_moveit2_ur5/install/moveit_visual_tools:/home/kush/ws_moveit2_ur5/install/moveit_task_constructor_visualization:/home/kush/ws_moveit2_ur5/install/moveit_task_constructor_demo:/home/kush/ws_moveit2_ur5/install/moveit_task_constructor_capabilities:/home/kush/ws_moveit2_ur5/install/moveit_task_constructor_core:/home/kush/ws_moveit2_ur5/install/moveit_ros_control_interface:/home/kush/ws_moveit2_ur5/install/moveit_plugins:/home/kush/ws_moveit2_ur5/install/moveit_simple_controller_manager:/home/kush/ws_moveit2_ur5/install/moveit_setup_assistant:/home/kush/ws_moveit2_ur5/install/moveit_setup_srdf_plugins:/home/kush/ws_moveit2_ur5/install/moveit_setup_core_plugins:/home/kush/ws_moveit2_ur5/install/moveit_setup_controllers:/home/kush/ws_moveit2_ur5/install/moveit_setup_app_plugins:/home/kush/ws_moveit2_ur5/install/moveit_setup_framework:/home/kush/ws_moveit2_ur5/install/moveit_servo:/home/kush/ws_moveit2_ur5/install/moveit_ros:/home/kush/ws_moveit2_ur5/install/moveit_ros_visualization:/home/kush/ws_moveit2_ur5/install/moveit_hybrid_planning:/home/kush/ws_moveit2_ur5/install/moveit_ros_planning_interface:/home/kush/ws_moveit2_ur5/install/moveit_ros_benchmarks:/home/kush/ws_moveit2_ur5/install/moveit_ros_warehouse:/home/kush/ws_moveit2_ur5/install/moveit_ros_robot_interaction:/home/kush/ws_moveit2_ur5/install/moveit_ros_perception:/home/kush/ws_moveit2_ur5/install/moveit_resources_prbt_pg70_support:/home/kush/ws_moveit2_ur5/install/moveit_resources_prbt_moveit_config:/home/kush/ws_moveit2_ur5/install/moveit_ros_move_group:/home/kush/ws_moveit2_ur5/install/moveit_planners_ompl:/home/kush/ws_moveit2_ur5/install/moveit_ros_planning:/home/kush/ws_moveit2_ur5/install/moveit_ros_occupancy_map_monitor:/home/kush/ws_moveit2_ur5/install/moveit_resources_prbt_ikfast_manipulator_plugin:/home/kush/ws_moveit2_ur5/install/moveit_planners_chomp:/home/kush/ws_moveit2_ur5/install/moveit_kinematics:/home/kush/ws_moveit2_ur5/install/moveit_chomp_optimizer_adapter:/home/kush/ws_moveit2_ur5/install/chomp_motion_planner:/home/kush/ws_moveit2_ur5/install/moveit_core:/home/kush/ws_moveit2_ur5/install/srdfdom:/home/kush/ws_moveit2_ur5/install/rviz_marker_tools:/home/kush/ws_moveit2_ur5/install/rosparam_shortcuts:/home/kush/ws_moveit2_ur5/install/moveit_task_constructor_msgs:/home/kush/ws_moveit2_ur5/install/moveit_resources_prbt_support:/home/kush/ws_moveit2_ur5/install/moveit_resources:/home/kush/ws_moveit2_ur5/install/moveit_resources_pr2_description:/home/kush/ws_moveit2_ur5/install/moveit_resources_panda_moveit_config:/home/kush/ws_moveit2_ur5/install/moveit_resources_panda_description:/home/kush/ws_moveit2_ur5/install/moveit_resources_fanuc_moveit_config:/home/kush/ws_moveit2_ur5/install/moveit_resources_fanuc_description:/home/kush/ws_moveit2_ur5/install/moveit_common:/home/kush/ws_moveit2_ur5/install/moveit_configs_utils:/home/kush/ws_moveit2_ur5/install/launch_param_builder:/opt/ros/humble LD_LIBRARY_PATH=/home/kush/UR5_Project_main/install/srdfdom/lib:${LD_LIBRARY_PATH} PYTHONPATH=/home/kush/UR5_Project_main/install/srdfdom/local/lib/python3.10/dist-packages:${PYTHONPATH} /usr/bin/cmake --install /home/kush/UR5_Project_main/build/moveit_core
[745.294s] -- Install configuration: "Release"
[745.295s] -- Installing: /home/kush/UR5_Project_main/install/moveit_core/include/moveit/version.h
[745.314s] -- Up-to-date: /home/kush/UR5_Project_main/install/moveit_core/include
[745.314s] -- Up-to-date: /home/kush/UR5_Project_main/install/moveit_core/include/moveit
[745.314s] -- Installing: /home/kush/UR5_Project_main/install/moveit_core/include/moveit/collision_distance_field
[745.314s] -- Installing: /home/kush/UR5_Project_main/install/moveit_core/include/moveit/collision_distance_field/collision_common_distance_field.h
[745.314s] -- Installing: /home/kush/UR5_Project_main/install/moveit_core/include/moveit/collision_distance_field/collision_detector_allocator_distance_field.h
[745.315s] -- Installing: /home/kush/UR5_Project_main/install/moveit_core/include/moveit/collision_distance_field/collision_detector_allocator_hybrid.h
[745.315s] -- Installing: /home/kush/UR5_Project_main/install/moveit_core/include/moveit/collision_distance_field/collision_env_distance_field.h
[745.315s] -- Installing: /home/kush/UR5_Project_main/install/moveit_core/include/moveit/collision_distance_field/collision_env_hybrid.h
[745.315s] -- Installing: /home/kush/UR5_Project_main/install/moveit_core/include/moveit/collision_distance_field/collision_distance_field_types.h
[745.315s] -- Installing: /home/kush/UR5_Project_main/install/moveit_core/include/moveit_collision_distance_field_export.h
[745.316s] -- Up-to-date: /home/kush/UR5_Project_main/install/moveit_core/include
[745.316s] -- Up-to-date: /home/kush/UR5_Project_main/install/moveit_core/include/moveit
[745.316s] -- Installing: /home/kush/UR5_Project_main/install/moveit_core/include/moveit/constraint_samplers
[745.317s] -- Installing: /home/kush/UR5_Project_main/install/moveit_core/include/moveit/constraint_samplers/default_constraint_samplers.h
[745.317s] -- Installing: /home/kush/UR5_Project_main/install/moveit_core/include/moveit/constraint_samplers/constraint_sampler_tools.h
[745.317s] -- Installing: /home/kush/UR5_Project_main/install/moveit_core/include/moveit/constraint_samplers/constraint_sampler_allocator.h
[745.317s] -- Installing: /home/kush/UR5_Project_main/install/moveit_core/include/moveit/constraint_samplers/constraint_sampler_manager.h
[745.317s] -- Installing: /home/kush/UR5_Project_main/install/moveit_core/include/moveit/constraint_samplers/union_constraint_sampler.h
[745.318s] -- Installing: /home/kush/UR5_Project_main/install/moveit_core/include/moveit/constraint_samplers/constraint_sampler.h
[745.319s] -- Up-to-date: /home/kush/UR5_Project_main/install/moveit_core/include
[745.319s] -- Up-to-date: /home/kush/UR5_Project_main/install/moveit_core/include/moveit
[745.319s] -- Installing: /home/kush/UR5_Project_main/install/moveit_core/include/moveit/controller_manager
[745.336s] -- Installing: /home/kush/UR5_Project_main/install/moveit_core/include/moveit/controller_manager/controller_manager.h
[745.345s] -- Up-to-date: /home/kush/UR5_Project_main/install/moveit_core/include
[745.346s] -- Up-to-date: /home/kush/UR5_Project_main/install/moveit_core/include/moveit
[745.346s] -- Installing: /home/kush/UR5_Project_main/install/moveit_core/include/moveit/distance_field
[745.346s] -- Installing: /home/kush/UR5_Project_main/install/moveit_core/include/moveit/distance_field/propagation_distance_field.h
[745.347s] -- Installing: /home/kush/UR5_Project_main/install/moveit_core/include/moveit/distance_field/find_internal_points.h
[745.347s] -- Installing: /home/kush/UR5_Project_main/install/moveit_core/include/moveit/distance_field/voxel_grid.h
[745.347s] -- Installing: /home/kush/UR5_Project_main/install/moveit_core/include/moveit/distance_field/distance_field.h
[745.347s] -- Up-to-date: /home/kush/UR5_Project_main/install/moveit_core/include
[745.347s] -- Up-to-date: /home/kush/UR5_Project_main/install/moveit_core/include/moveit
[745.347s] -- Installing: /home/kush/UR5_Project_main/install/moveit_core/include/moveit/dynamics_solver
[745.348s] -- Installing: /home/kush/UR5_Project_main/install/moveit_core/include/moveit/dynamics_solver/dynamics_solver.h
[745.348s] -- Up-to-date: /home/kush/UR5_Project_main/install/moveit_core/include
[745.348s] -- Up-to-date: /home/kush/UR5_Project_main/install/moveit_core/include/moveit
[745.348s] -- Installing: /home/kush/UR5_Project_main/install/moveit_core/include/moveit/exceptions
[745.348s] -- Installing: /home/kush/UR5_Project_main/install/moveit_core/include/moveit/exceptions/exceptions.h
[745.349s] -- Up-to-date: /home/kush/UR5_Project_main/install/moveit_core/include
[745.349s] -- Up-to-date: /home/kush/UR5_Project_main/install/moveit_core/include/moveit
[745.349s] -- Installing: /home/kush/UR5_Project_main/install/moveit_core/include/moveit/kinematics_base
[745.349s] -- Installing: /home/kush/UR5_Project_main/install/moveit_core/include/moveit/kinematics_base/kinematics_base.h
[745.349s] -- Installing: /home/kush/UR5_Project_main/install/moveit_core/include/moveit_kinematics_base_export.h
[745.350s] -- Up-to-date: /home/kush/UR5_Project_main/install/moveit_core/include
[745.350s] -- Up-to-date: /home/kush/UR5_Project_main/install/moveit_core/include/moveit
[745.350s] -- Installing: /home/kush/UR5_Project_main/install/moveit_core/include/moveit/kinematic_constraints
[745.351s] -- Installing: /home/kush/UR5_Project_main/install/moveit_core/include/moveit/kinematic_constraints/kinematic_constraint.h
[745.351s] -- Installing: /home/kush/UR5_Project_main/install/moveit_core/include/moveit/kinematic_constraints/utils.h
[745.351s] -- Up-to-date: /home/kush/UR5_Project_main/install/moveit_core/include
[745.351s] -- Up-to-date: /home/kush/UR5_Project_main/install/moveit_core/include/moveit
[745.352s] -- Installing: /home/kush/UR5_Project_main/install/moveit_core/include/moveit/kinematics_metrics
[745.352s] -- Installing: /home/kush/UR5_Project_main/install/moveit_core/include/moveit/kinematics_metrics/kinematics_metrics.h
[745.352s] -- Up-to-date: /home/kush/UR5_Project_main/install/moveit_core/include
[745.352s] -- Up-to-date: /home/kush/UR5_Project_main/install/moveit_core/include/moveit
[745.352s] -- Installing: /home/kush/UR5_Project_main/install/moveit_core/include/moveit/macros
[745.353s] -- Installing: /home/kush/UR5_Project_main/install/moveit_core/include/moveit/macros/class_forward.h
[745.353s] -- Installing: /home/kush/UR5_Project_main/install/moveit_core/include/moveit/macros/console_colors.h
[745.353s] -- Installing: /home/kush/UR5_Project_main/install/moveit_core/include/moveit/macros/deprecation.h
[745.353s] -- Installing: /home/kush/UR5_Project_main/install/moveit_core/include/moveit/macros/declare_ptr.h
[745.353s] -- Installing: /home/kush/UR5_Project_main/install/moveit_core/include/moveit_butterworth_parameters
[745.354s] -- Installing: /home/kush/UR5_Project_main/install/moveit_core/include/moveit_butterworth_parameters/moveit_butterworth_parameters.hpp
[745.354s] -- Up-to-date: /home/kush/UR5_Project_main/install/moveit_core/include
[745.354s] -- Up-to-date: /home/kush/UR5_Project_main/install/moveit_core/include/moveit
[745.354s] -- Installing: /home/kush/UR5_Project_main/install/moveit_core/include/moveit/online_signal_smoothing
[745.354s] -- Installing: /home/kush/UR5_Project_main/install/moveit_core/include/moveit/online_signal_smoothing/smoothing_base_class.h
[745.354s] -- Installing: /home/kush/UR5_Project_main/install/moveit_core/include/moveit/online_signal_smoothing/butterworth_filter.h
[745.355s] -- Installing: /home/kush/UR5_Project_main/install/moveit_core/include/moveit_smoothing_base_export.h
[745.355s] -- Installing: /home/kush/UR5_Project_main/install/moveit_core/include/moveit_butterworth_filter_export.h
[745.371s] -- Up-to-date: /home/kush/UR5_Project_main/install/moveit_core/include
[745.372s] -- Up-to-date: /home/kush/UR5_Project_main/install/moveit_core/include/moveit
[745.372s] -- Installing: /home/kush/UR5_Project_main/install/moveit_core/include/moveit/planning_interface
[745.372s] -- Installing: /home/kush/UR5_Project_main/install/moveit_core/include/moveit/planning_interface/planning_request.h
[745.372s] -- Installing: /home/kush/UR5_Project_main/install/moveit_core/include/moveit/planning_interface/planning_response.h
[745.372s] -- Installing: /home/kush/UR5_Project_main/install/moveit_core/include/moveit/planning_interface/planning_interface.h
[745.373s] -- Up-to-date: /home/kush/UR5_Project_main/install/moveit_core/include
[745.373s] -- Up-to-date: /home/kush/UR5_Project_main/install/moveit_core/include/moveit
[745.373s] -- Installing: /home/kush/UR5_Project_main/install/moveit_core/include/moveit/planning_request_adapter
[745.373s] -- Installing: /home/kush/UR5_Project_main/install/moveit_core/include/moveit/planning_request_adapter/planning_request_adapter.h
[745.373s] -- Up-to-date: /home/kush/UR5_Project_main/install/moveit_core/include
[745.374s] -- Up-to-date: /home/kush/UR5_Project_main/install/moveit_core/include/moveit
[745.374s] -- Installing: /home/kush/UR5_Project_main/install/moveit_core/include/moveit/planning_scene
[745.374s] -- Installing: /home/kush/UR5_Project_main/install/moveit_core/include/moveit/planning_scene/planning_scene.h
[745.374s] -- Installing: /home/kush/UR5_Project_main/install/moveit_core/include/moveit_planning_scene_export.h
[745.374s] -- Up-to-date: /home/kush/UR5_Project_main/install/moveit_core/include
[745.375s] -- Up-to-date: /home/kush/UR5_Project_main/install/moveit_core/include/moveit
[745.375s] -- Installing: /home/kush/UR5_Project_main/install/moveit_core/include/moveit/robot_model
[745.375s] -- Installing: /home/kush/UR5_Project_main/install/moveit_core/include/moveit/robot_model/revolute_joint_model.h
[745.375s] -- Installing: /home/kush/UR5_Project_main/install/moveit_core/include/moveit/robot_model/prismatic_joint_model.h
[745.376s] -- Installing: /home/kush/UR5_Project_main/install/moveit_core/include/moveit/robot_model/floating_joint_model.h
[745.376s] -- Installing: /home/kush/UR5_Project_main/install/moveit_core/include/moveit/robot_model/robot_model.h
[745.376s] -- Installing: /home/kush/UR5_Project_main/install/moveit_core/include/moveit/robot_model/fixed_joint_model.h
[745.376s] -- Installing: /home/kush/UR5_Project_main/install/moveit_core/include/moveit/robot_model/link_model.h
[745.376s] -- Installing: /home/kush/UR5_Project_main/install/moveit_core/include/moveit/robot_model/joint_model.h
[745.377s] -- Installing: /home/kush/UR5_Project_main/install/moveit_core/include/moveit/robot_model/planar_joint_model.h
[745.377s] -- Installing: /home/kush/UR5_Project_main/install/moveit_core/include/moveit/robot_model/joint_model_group.h
[745.377s] -- Installing: /home/kush/UR5_Project_main/install/moveit_core/include/moveit/robot_model/aabb.h
[745.377s] -- Up-to-date: /home/kush/UR5_Project_main/install/moveit_core/include
[745.378s] -- Up-to-date: /home/kush/UR5_Project_main/install/moveit_core/include/moveit
[745.378s] -- Installing: /home/kush/UR5_Project_main/install/moveit_core/include/moveit/robot_state
[745.384s] -- Installing: /home/kush/UR5_Project_main/install/moveit_core/include/moveit/robot_state/conversions.h
[745.385s] -- Installing: /home/kush/UR5_Project_main/install/moveit_core/include/moveit/robot_state/attached_body.h
[745.385s] -- Installing: /home/kush/UR5_Project_main/install/moveit_core/include/moveit/robot_state/cartesian_interpolator.h
[745.385s] -- Installing: /home/kush/UR5_Project_main/install/moveit_core/include/moveit/robot_state/robot_state.h
[745.386s] -- Up-to-date: /home/kush/UR5_Project_main/install/moveit_core/include
[745.386s] -- Up-to-date: /home/kush/UR5_Project_main/install/moveit_core/include/moveit
[745.386s] -- Installing: /home/kush/UR5_Project_main/install/moveit_core/include/moveit/robot_trajectory
[745.386s] -- Installing: /home/kush/UR5_Project_main/install/moveit_core/include/moveit/robot_trajectory/robot_trajectory.h
[745.387s] -- Up-to-date: /home/kush/UR5_Project_main/install/moveit_core/include
[745.387s] -- Up-to-date: /home/kush/UR5_Project_main/install/moveit_core/include/moveit
[745.387s] -- Installing: /home/kush/UR5_Project_main/install/moveit_core/include/moveit/sensor_manager
[745.387s] -- Installing: /home/kush/UR5_Project_main/install/moveit_core/include/moveit/sensor_manager/sensor_manager.h
[745.398s] -- Up-to-date: /home/kush/UR5_Project_main/install/moveit_core/include
[745.398s] -- Up-to-date: /home/kush/UR5_Project_main/install/moveit_core/include/moveit
[745.399s] -- Installing: /home/kush/UR5_Project_main/install/moveit_core/include/moveit/trajectory_processing
[745.399s] -- Installing: /home/kush/UR5_Project_main/install/moveit_core/include/moveit/trajectory_processing/trajectory_tools.h
[745.399s] -- Installing: /home/kush/UR5_Project_main/install/moveit_core/include/moveit/trajectory_processing/iterative_spline_parameterization.h
[745.399s] -- Installing: /home/kush/UR5_Project_main/install/moveit_core/include/moveit/trajectory_processing/time_parameterization.h
[745.399s] -- Installing: /home/kush/UR5_Project_main/install/moveit_core/include/moveit/trajectory_processing/ruckig_traj_smoothing.h
[745.400s] -- Installing: /home/kush/UR5_Project_main/install/moveit_core/include/moveit/trajectory_processing/iterative_time_parameterization.h
[745.400s] -- Installing: /home/kush/UR5_Project_main/install/moveit_core/include/moveit/trajectory_processing/time_optimal_trajectory_generation.h
[745.400s] -- Up-to-date: /home/kush/UR5_Project_main/install/moveit_core/include
[745.400s] -- Up-to-date: /home/kush/UR5_Project_main/install/moveit_core/include/moveit
[745.400s] -- Installing: /home/kush/UR5_Project_main/install/moveit_core/include/moveit/transforms
[745.401s] -- Installing: /home/kush/UR5_Project_main/install/moveit_core/include/moveit/transforms/transforms.h
[745.401s] -- Up-to-date: /home/kush/UR5_Project_main/install/moveit_core/include
[745.401s] -- Up-to-date: /home/kush/UR5_Project_main/install/moveit_core/include/moveit
[745.402s] -- Installing: /home/kush/UR5_Project_main/install/moveit_core/include/moveit/utils
[745.402s] -- Installing: /home/kush/UR5_Project_main/install/moveit_core/include/moveit/utils/message_checks.h
[745.402s] -- Installing: /home/kush/UR5_Project_main/install/moveit_core/include/moveit/utils/lexical_casts.h
[745.402s] -- Installing: /home/kush/UR5_Project_main/install/moveit_core/include/moveit/utils/rclcpp_utils.h
[745.402s] -- Installing: /home/kush/UR5_Project_main/install/moveit_core/include/moveit/utils/robot_model_test_utils.h
[745.403s] -- Installing: /home/kush/UR5_Project_main/install/moveit_core/include/moveit/utils/moveit_error_code.h
[745.403s] -- Installing: /home/kush/UR5_Project_main/install/moveit_core/bin/moveit_version
[745.413s] -- Up-to-date: /home/kush/UR5_Project_main/install/moveit_core/include
[745.413s] -- Up-to-date: /home/kush/UR5_Project_main/install/moveit_core/include/moveit
[745.413s] -- Installing: /home/kush/UR5_Project_main/install/moveit_core/include/moveit/collision_detection
[745.414s] -- Installing: /home/kush/UR5_Project_main/install/moveit_core/include/moveit/collision_detection/test_collision_common_pr2.h
[745.414s] -- Installing: /home/kush/UR5_Project_main/install/moveit_core/include/moveit/collision_detection/world_diff.h
[745.414s] -- Installing: /home/kush/UR5_Project_main/install/moveit_core/include/moveit/collision_detection/occupancy_map.h
[745.429s] -- Installing: /home/kush/UR5_Project_main/install/moveit_core/include/moveit/collision_detection/collision_env.h
[745.429s] -- Installing: /home/kush/UR5_Project_main/install/moveit_core/include/moveit/collision_detection/world.h
[745.429s] -- Installing: /home/kush/UR5_Project_main/install/moveit_core/include/moveit/collision_detection/collision_matrix.h
[745.429s] -- Installing: /home/kush/UR5_Project_main/install/moveit_core/include/moveit/collision_detection/collision_tools.h
[745.429s] -- Installing: /home/kush/UR5_Project_main/install/moveit_core/include/moveit/collision_detection/collision_plugin_cache.h
[745.430s] -- Installing: /home/kush/UR5_Project_main/install/moveit_core/include/moveit/collision_detection/collision_plugin.h
[745.430s] -- Installing: /home/kush/UR5_Project_main/install/moveit_core/include/moveit/collision_detection/allvalid
[745.443s] -- Installing: /home/kush/UR5_Project_main/install/moveit_core/include/moveit/collision_detection/allvalid/collision_env_allvalid.h
[745.443s] -- Installing: /home/kush/UR5_Project_main/install/moveit_core/include/moveit/collision_detection/allvalid/collision_detector_allocator_allvalid.h
[745.443s] -- Installing: /home/kush/UR5_Project_main/install/moveit_core/include/moveit/collision_detection/test_collision_common_panda.h
[745.444s] -- Installing: /home/kush/UR5_Project_main/install/moveit_core/include/moveit/collision_detection/collision_detector_allocator.h
[745.444s] -- Installing: /home/kush/UR5_Project_main/install/moveit_core/include/moveit/collision_detection/collision_octomap_filter.h
[745.444s] -- Installing: /home/kush/UR5_Project_main/install/moveit_core/include/moveit/collision_detection/collision_common.h
[745.444s] -- Installing: /home/kush/UR5_Project_main/install/moveit_core/include/moveit_collision_detection_export.h
[745.455s] -- Up-to-date: /home/kush/UR5_Project_main/install/moveit_core/include
[745.455s] -- Up-to-date: /home/kush/UR5_Project_main/install/moveit_core/include/moveit
[745.455s] -- Installing: /home/kush/UR5_Project_main/install/moveit_core/include/moveit/collision_detection_bullet
[745.455s] -- Installing: /home/kush/UR5_Project_main/install/moveit_core/include/moveit/collision_detection_bullet/collision_detector_allocator_bullet.h
[745.455s] -- Installing: /home/kush/UR5_Project_main/install/moveit_core/include/moveit/collision_detection_bullet/bullet_integration
[745.456s] -- Installing: /home/kush/UR5_Project_main/install/moveit_core/include/moveit/collision_detection_bullet/bullet_integration/bullet_utils.h
[745.456s] -- Installing: /home/kush/UR5_Project_main/install/moveit_core/include/moveit/collision_detection_bullet/bullet_integration/contact_checker_common.h
[745.456s] -- Installing: /home/kush/UR5_Project_main/install/moveit_core/include/moveit/collision_detection_bullet/bullet_integration/bullet_bvh_manager.h
[745.456s] -- Installing: /home/kush/UR5_Project_main/install/moveit_core/include/moveit/collision_detection_bullet/bullet_integration/bullet_cast_bvh_manager.h
[745.456s] -- Installing: /home/kush/UR5_Project_main/install/moveit_core/include/moveit/collision_detection_bullet/bullet_integration/bullet_discrete_bvh_manager.h
[745.456s] -- Installing: /home/kush/UR5_Project_main/install/moveit_core/include/moveit/collision_detection_bullet/bullet_integration/basic_types.h
[745.456s] -- Installing: /home/kush/UR5_Project_main/install/moveit_core/include/moveit/collision_detection_bullet/bullet_integration/ros_bullet_utils.h
[745.457s] -- Installing: /home/kush/UR5_Project_main/install/moveit_core/include/moveit/collision_detection_bullet/collision_env_bullet.h
[745.457s] -- Installing: /home/kush/UR5_Project_main/install/moveit_core/include/moveit/collision_detection_bullet/collision_detector_bullet_plugin_loader.h
[745.457s] -- Installing: /home/kush/UR5_Project_main/install/moveit_core/include/moveit_collision_detection_bullet_export.h
[745.457s] -- Installing: /home/kush/UR5_Project_main/install/moveit_core/lib/libmoveit_collision_detection_bullet.so.2.5.4
[745.459s] -- Set runtime path of "/home/kush/UR5_Project_main/install/moveit_core/lib/libmoveit_collision_detection_bullet.so.2.5.4" to ""
[745.459s] -- Installing: /home/kush/UR5_Project_main/install/moveit_core/lib/libmoveit_collision_detection_bullet.so
[745.459s] -- Installing: /home/kush/UR5_Project_main/install/moveit_core/lib/libcollision_detector_bullet_plugin.so.2.5.4
[745.460s] -- Set runtime path of "/home/kush/UR5_Project_main/install/moveit_core/lib/libcollision_detector_bullet_plugin.so.2.5.4" to ""
[745.460s] -- Installing: /home/kush/UR5_Project_main/install/moveit_core/lib/libcollision_detector_bullet_plugin.so
[745.492s] -- Installing: /home/kush/UR5_Project_main/install/moveit_core/share/moveit_core/environment/library_path.sh
[745.492s] -- Installing: /home/kush/UR5_Project_main/install/moveit_core/share/moveit_core/environment/library_path.dsv
[745.504s] -- Up-to-date: /home/kush/UR5_Project_main/install/moveit_core/include
[745.505s] -- Up-to-date: /home/kush/UR5_Project_main/install/moveit_core/include/moveit
[745.505s] -- Installing: /home/kush/UR5_Project_main/install/moveit_core/include/moveit/collision_detection_fcl
[745.505s] -- Installing: /home/kush/UR5_Project_main/install/moveit_core/include/moveit/collision_detection_fcl/collision_detector_fcl_plugin_loader.h
[745.505s] -- Installing: /home/kush/UR5_Project_main/install/moveit_core/include/moveit/collision_detection_fcl/fcl_compat.h
[745.505s] -- Installing: /home/kush/UR5_Project_main/install/moveit_core/include/moveit/collision_detection_fcl/collision_env_fcl.h
[745.505s] -- Installing: /home/kush/UR5_Project_main/install/moveit_core/include/moveit/collision_detection_fcl/collision_detector_allocator_fcl.h
[745.506s] -- Installing: /home/kush/UR5_Project_main/install/moveit_core/include/moveit/collision_detection_fcl/collision_common.h
[745.506s] -- Installing: /home/kush/UR5_Project_main/install/moveit_core/include/moveit_collision_detection_fcl_export.h
[745.506s] -- Installing: /home/kush/UR5_Project_main/install/moveit_core/lib/libmoveit_butterworth_filter.so.2.5.4
[745.507s] -- Set runtime path of "/home/kush/UR5_Project_main/install/moveit_core/lib/libmoveit_butterworth_filter.so.2.5.4" to ""
[745.507s] -- Installing: /home/kush/UR5_Project_main/install/moveit_core/lib/libmoveit_butterworth_filter.so
[745.507s] -- Installing: /home/kush/UR5_Project_main/install/moveit_core/lib/libmoveit_collision_distance_field.so.2.5.4
[745.508s] -- Set runtime path of "/home/kush/UR5_Project_main/install/moveit_core/lib/libmoveit_collision_distance_field.so.2.5.4" to ""
[745.509s] -- Installing: /home/kush/UR5_Project_main/install/moveit_core/lib/libmoveit_collision_distance_field.so
[745.509s] -- Installing: /home/kush/UR5_Project_main/install/moveit_core/lib/libmoveit_collision_detection.so.2.5.4
[745.524s] -- Set runtime path of "/home/kush/UR5_Project_main/install/moveit_core/lib/libmoveit_collision_detection.so.2.5.4" to ""
[745.524s] -- Installing: /home/kush/UR5_Project_main/install/moveit_core/lib/libmoveit_collision_detection.so
[745.525s] -- Installing: /home/kush/UR5_Project_main/install/moveit_core/lib/libmoveit_collision_detection_fcl.so.2.5.4
[745.525s] -- Set runtime path of "/home/kush/UR5_Project_main/install/moveit_core/lib/libmoveit_collision_detection_fcl.so.2.5.4" to ""
[745.526s] -- Installing: /home/kush/UR5_Project_main/install/moveit_core/lib/libmoveit_collision_detection_fcl.so
[745.526s] -- Up-to-date: /home/kush/UR5_Project_main/install/moveit_core/lib/libmoveit_collision_detection_bullet.so.2.5.4
[745.526s] -- Up-to-date: /home/kush/UR5_Project_main/install/moveit_core/lib/libmoveit_collision_detection_bullet.so
[745.527s] -- Installing: /home/kush/UR5_Project_main/install/moveit_core/lib/libmoveit_dynamics_solver.so.2.5.4
[745.527s] -- Set runtime path of "/home/kush/UR5_Project_main/install/moveit_core/lib/libmoveit_dynamics_solver.so.2.5.4" to ""
[745.528s] -- Installing: /home/kush/UR5_Project_main/install/moveit_core/lib/libmoveit_dynamics_solver.so
[745.528s] -- Installing: /home/kush/UR5_Project_main/install/moveit_core/lib/libmoveit_constraint_samplers.so.2.5.4
[745.529s] -- Set runtime path of "/home/kush/UR5_Project_main/install/moveit_core/lib/libmoveit_constraint_samplers.so.2.5.4" to ""
[745.529s] -- Installing: /home/kush/UR5_Project_main/install/moveit_core/lib/libmoveit_constraint_samplers.so
[745.529s] -- Installing: /home/kush/UR5_Project_main/install/moveit_core/lib/libmoveit_distance_field.so.2.5.4
[745.543s] -- Set runtime path of "/home/kush/UR5_Project_main/install/moveit_core/lib/libmoveit_distance_field.so.2.5.4" to ""
[745.544s] -- Installing: /home/kush/UR5_Project_main/install/moveit_core/lib/libmoveit_distance_field.so
[745.544s] -- Installing: /home/kush/UR5_Project_main/install/moveit_core/lib/libmoveit_exceptions.so.2.5.4
[745.544s] -- Set runtime path of "/home/kush/UR5_Project_main/install/moveit_core/lib/libmoveit_exceptions.so.2.5.4" to ""
[745.545s] -- Installing: /home/kush/UR5_Project_main/install/moveit_core/lib/libmoveit_exceptions.so
[745.545s] -- Installing: /home/kush/UR5_Project_main/install/moveit_core/lib/libmoveit_kinematics_base.so
[745.553s] -- Set runtime path of "/home/kush/UR5_Project_main/install/moveit_core/lib/libmoveit_kinematics_base.so" to ""
[745.553s] -- Installing: /home/kush/UR5_Project_main/install/moveit_core/lib/libmoveit_kinematic_constraints.so.2.5.4
[745.572s] -- Set runtime path of "/home/kush/UR5_Project_main/install/moveit_core/lib/libmoveit_kinematic_constraints.so.2.5.4" to ""
[745.573s] -- Installing: /home/kush/UR5_Project_main/install/moveit_core/lib/libmoveit_kinematic_constraints.so
[745.573s] -- Installing: /home/kush/UR5_Project_main/install/moveit_core/lib/libmoveit_kinematics_metrics.so.2.5.4
[745.589s] -- Set runtime path of "/home/kush/UR5_Project_main/install/moveit_core/lib/libmoveit_kinematics_metrics.so.2.5.4" to ""
[745.589s] -- Installing: /home/kush/UR5_Project_main/install/moveit_core/lib/libmoveit_kinematics_metrics.so
[745.589s] -- Installing: /home/kush/UR5_Project_main/install/moveit_core/lib/libmoveit_planning_interface.so.2.5.4
[745.590s] -- Set runtime path of "/home/kush/UR5_Project_main/install/moveit_core/lib/libmoveit_planning_interface.so.2.5.4" to ""
[745.590s] -- Installing: /home/kush/UR5_Project_main/install/moveit_core/lib/libmoveit_planning_interface.so
[745.590s] -- Installing: /home/kush/UR5_Project_main/install/moveit_core/lib/libmoveit_planning_scene.so.2.5.4
[745.592s] -- Set runtime path of "/home/kush/UR5_Project_main/install/moveit_core/lib/libmoveit_planning_scene.so.2.5.4" to ""
[745.592s] -- Installing: /home/kush/UR5_Project_main/install/moveit_core/lib/libmoveit_planning_scene.so
[745.592s] -- Installing: /home/kush/UR5_Project_main/install/moveit_core/lib/libmoveit_planning_request_adapter.so.2.5.4
[745.593s] -- Set runtime path of "/home/kush/UR5_Project_main/install/moveit_core/lib/libmoveit_planning_request_adapter.so.2.5.4" to ""
[745.593s] -- Installing: /home/kush/UR5_Project_main/install/moveit_core/lib/libmoveit_planning_request_adapter.so
[745.593s] -- Installing: /home/kush/UR5_Project_main/install/moveit_core/lib/libmoveit_robot_model.so.2.5.4
[745.615s] -- Set runtime path of "/home/kush/UR5_Project_main/install/moveit_core/lib/libmoveit_robot_model.so.2.5.4" to ""
[745.615s] -- Installing: /home/kush/UR5_Project_main/install/moveit_core/lib/libmoveit_robot_model.so
[745.615s] -- Installing: /home/kush/UR5_Project_main/install/moveit_core/lib/libmoveit_robot_state.so.2.5.4
[745.634s] -- Set runtime path of "/home/kush/UR5_Project_main/install/moveit_core/lib/libmoveit_robot_state.so.2.5.4" to ""
[745.634s] -- Installing: /home/kush/UR5_Project_main/install/moveit_core/lib/libmoveit_robot_state.so
[745.635s] -- Installing: /home/kush/UR5_Project_main/install/moveit_core/lib/libmoveit_robot_trajectory.so.2.5.4
[745.647s] -- Set runtime path of "/home/kush/UR5_Project_main/install/moveit_core/lib/libmoveit_robot_trajectory.so.2.5.4" to ""
[745.647s] -- Installing: /home/kush/UR5_Project_main/install/moveit_core/lib/libmoveit_robot_trajectory.so
[745.647s] -- Installing: /home/kush/UR5_Project_main/install/moveit_core/lib/libmoveit_smoothing_base.so.2.5.4
[745.648s] -- Set runtime path of "/home/kush/UR5_Project_main/install/moveit_core/lib/libmoveit_smoothing_base.so.2.5.4" to ""
[745.648s] -- Installing: /home/kush/UR5_Project_main/install/moveit_core/lib/libmoveit_smoothing_base.so
[745.648s] -- Installing: /home/kush/UR5_Project_main/install/moveit_core/lib/libmoveit_test_utils.so.2.5.4
[745.649s] -- Set runtime path of "/home/kush/UR5_Project_main/install/moveit_core/lib/libmoveit_test_utils.so.2.5.4" to ""
[745.649s] -- Installing: /home/kush/UR5_Project_main/install/moveit_core/lib/libmoveit_test_utils.so
[745.650s] -- Installing: /home/kush/UR5_Project_main/install/moveit_core/lib/libmoveit_trajectory_processing.so.2.5.4
[745.651s] -- Set runtime path of "/home/kush/UR5_Project_main/install/moveit_core/lib/libmoveit_trajectory_processing.so.2.5.4" to ""
[745.651s] -- Installing: /home/kush/UR5_Project_main/install/moveit_core/lib/libmoveit_trajectory_processing.so
[745.651s] -- Installing: /home/kush/UR5_Project_main/install/moveit_core/lib/libmoveit_transforms.so.2.5.4
[745.669s] -- Set runtime path of "/home/kush/UR5_Project_main/install/moveit_core/lib/libmoveit_transforms.so.2.5.4" to ""
[745.669s] -- Installing: /home/kush/UR5_Project_main/install/moveit_core/lib/libmoveit_transforms.so
[745.670s] -- Installing: /home/kush/UR5_Project_main/install/moveit_core/lib/libmoveit_utils.so.2.5.4
[745.670s] -- Set runtime path of "/home/kush/UR5_Project_main/install/moveit_core/lib/libmoveit_utils.so.2.5.4" to ""
[745.670s] -- Installing: /home/kush/UR5_Project_main/install/moveit_core/lib/libmoveit_utils.so
[745.671s] -- Up-to-date: /home/kush/UR5_Project_main/install/moveit_core/share/moveit_core/environment/library_path.sh
[745.671s] -- Up-to-date: /home/kush/UR5_Project_main/install/moveit_core/share/moveit_core/environment/library_path.dsv
[745.671s] -- Installing: /home/kush/UR5_Project_main/install/moveit_core/share/moveit_core/collision_detector_fcl_description.xml
[745.682s] -- Installing: /home/kush/UR5_Project_main/install/moveit_core/share/moveit_core/collision_detector_bullet_description.xml
[745.682s] -- Installing: /home/kush/UR5_Project_main/install/moveit_core/share/moveit_core/filter_plugin_butterworth.xml
[745.692s] -- Installing: /home/kush/UR5_Project_main/install/moveit_core/share/ament_index/resource_index/package_run_dependencies/moveit_core
[745.707s] -- Installing: /home/kush/UR5_Project_main/install/moveit_core/share/ament_index/resource_index/parent_prefix_path/moveit_core
[745.724s] -- Installing: /home/kush/UR5_Project_main/install/moveit_core/share/moveit_core/environment/ament_prefix_path.sh
[745.724s] -- Installing: /home/kush/UR5_Project_main/install/moveit_core/share/moveit_core/environment/ament_prefix_path.dsv
[745.738s] -- Installing: /home/kush/UR5_Project_main/install/moveit_core/share/moveit_core/environment/path.sh
[745.738s] -- Installing: /home/kush/UR5_Project_main/install/moveit_core/share/moveit_core/environment/path.dsv
[745.738s] -- Installing: /home/kush/UR5_Project_main/install/moveit_core/share/moveit_core/local_setup.bash
[745.739s] -- Installing: /home/kush/UR5_Project_main/install/moveit_core/share/moveit_core/local_setup.sh
[745.739s] -- Installing: /home/kush/UR5_Project_main/install/moveit_core/share/moveit_core/local_setup.zsh
[745.739s] -- Installing: /home/kush/UR5_Project_main/install/moveit_core/share/moveit_core/local_setup.dsv
[745.740s] -- Installing: /home/kush/UR5_Project_main/install/moveit_core/share/moveit_core/package.dsv
[745.741s] -- Installing: /home/kush/UR5_Project_main/install/moveit_core/share/ament_index/resource_index/packages/moveit_core
[745.741s] -- Installing: /home/kush/UR5_Project_main/install/moveit_core/share/ament_index/resource_index/moveit_core__pluginlib__plugin/moveit_core
[745.742s] -- Installing: /home/kush/UR5_Project_main/install/moveit_core/share/moveit_core/cmake/export_moveit_coreExport.cmake
[745.743s] -- Installing: /home/kush/UR5_Project_main/install/moveit_core/share/moveit_core/cmake/export_moveit_coreExport-release.cmake
[745.744s] -- Installing: /home/kush/UR5_Project_main/install/moveit_core/share/moveit_core/cmake/ConfigExtras.cmake
[745.744s] -- Installing: /home/kush/UR5_Project_main/install/moveit_core/share/moveit_core/cmake/ament_cmake_export_targets-extras.cmake
[745.744s] -- Installing: /home/kush/UR5_Project_main/install/moveit_core/share/moveit_core/cmake/ament_cmake_export_dependencies-extras.cmake
[745.744s] -- Installing: /home/kush/UR5_Project_main/install/moveit_core/share/moveit_core/cmake/moveit_coreConfig.cmake
[745.745s] -- Installing: /home/kush/UR5_Project_main/install/moveit_core/share/moveit_core/cmake/moveit_coreConfig-version.cmake
[745.745s] -- Installing: /home/kush/UR5_Project_main/install/moveit_core/share/moveit_core/package.xml
[745.751s] Invoked command in '/home/kush/UR5_Project_main/build/moveit_core' returned '0': AMENT_PREFIX_PATH=/home/kush/UR5_Project_main/install/moveit_resources_panda_moveit_config:/home/kush/UR5_Project_main/install/srdfdom:/home/kush/UR5_Project_main/install/moveit_resources_pr2_description:/home/kush/UR5_Project_main/install/moveit_resources_panda_description:/home/kush/UR5_Project_main/install/moveit_common:${AMENT_PREFIX_PATH} CMAKE_PREFIX_PATH=/home/kush/UR5_Project_main/install/moveit_resources_panda_moveit_config:/home/kush/UR5_Project_main/install/srdfdom:/home/kush/UR5_Project_main/install/moveit_resources_pr2_description:/home/kush/UR5_Project_main/install/moveit_resources_panda_description:/home/kush/UR5_Project_main/install/moveit_common:/home/kush/ws_moveit2_ur5/install/ur_description:/home/kush/ws_moveit2_ur5/install/pilz_industrial_motion_planner_testutils:/home/kush/ws_moveit2_ur5/install/moveit_runtime:/home/kush/ws_moveit2_ur5/install/moveit2_tutorials:/home/kush/ws_moveit2_ur5/install/moveit:/home/kush/ws_moveit2_ur5/install/moveit_planners:/home/kush/ws_moveit2_ur5/install/pilz_industrial_motion_planner:/home/kush/ws_moveit2_ur5/install/moveit_visual_tools:/home/kush/ws_moveit2_ur5/install/moveit_task_constructor_visualization:/home/kush/ws_moveit2_ur5/install/moveit_task_constructor_demo:/home/kush/ws_moveit2_ur5/install/moveit_task_constructor_capabilities:/home/kush/ws_moveit2_ur5/install/moveit_task_constructor_core:/home/kush/ws_moveit2_ur5/install/moveit_ros_control_interface:/home/kush/ws_moveit2_ur5/install/moveit_plugins:/home/kush/ws_moveit2_ur5/install/moveit_simple_controller_manager:/home/kush/ws_moveit2_ur5/install/moveit_setup_assistant:/home/kush/ws_moveit2_ur5/install/moveit_setup_srdf_plugins:/home/kush/ws_moveit2_ur5/install/moveit_setup_core_plugins:/home/kush/ws_moveit2_ur5/install/moveit_setup_controllers:/home/kush/ws_moveit2_ur5/install/moveit_setup_app_plugins:/home/kush/ws_moveit2_ur5/install/moveit_setup_framework:/home/kush/ws_moveit2_ur5/install/moveit_servo:/home/kush/ws_moveit2_ur5/install/moveit_ros:/home/kush/ws_moveit2_ur5/install/moveit_ros_visualization:/home/kush/ws_moveit2_ur5/install/moveit_hybrid_planning:/home/kush/ws_moveit2_ur5/install/moveit_ros_planning_interface:/home/kush/ws_moveit2_ur5/install/moveit_ros_benchmarks:/home/kush/ws_moveit2_ur5/install/moveit_ros_warehouse:/home/kush/ws_moveit2_ur5/install/moveit_ros_robot_interaction:/home/kush/ws_moveit2_ur5/install/moveit_ros_perception:/home/kush/ws_moveit2_ur5/install/moveit_resources_prbt_pg70_support:/home/kush/ws_moveit2_ur5/install/moveit_resources_prbt_moveit_config:/home/kush/ws_moveit2_ur5/install/moveit_ros_move_group:/home/kush/ws_moveit2_ur5/install/moveit_planners_ompl:/home/kush/ws_moveit2_ur5/install/moveit_ros_planning:/home/kush/ws_moveit2_ur5/install/moveit_ros_occupancy_map_monitor:/home/kush/ws_moveit2_ur5/install/moveit_resources_prbt_ikfast_manipulator_plugin:/home/kush/ws_moveit2_ur5/install/moveit_planners_chomp:/home/kush/ws_moveit2_ur5/install/moveit_kinematics:/home/kush/ws_moveit2_ur5/install/moveit_chomp_optimizer_adapter:/home/kush/ws_moveit2_ur5/install/chomp_motion_planner:/home/kush/ws_moveit2_ur5/install/moveit_core:/home/kush/ws_moveit2_ur5/install/srdfdom:/home/kush/ws_moveit2_ur5/install/rviz_marker_tools:/home/kush/ws_moveit2_ur5/install/rosparam_shortcuts:/home/kush/ws_moveit2_ur5/install/moveit_task_constructor_msgs:/home/kush/ws_moveit2_ur5/install/moveit_resources_prbt_support:/home/kush/ws_moveit2_ur5/install/moveit_resources:/home/kush/ws_moveit2_ur5/install/moveit_resources_pr2_description:/home/kush/ws_moveit2_ur5/install/moveit_resources_panda_moveit_config:/home/kush/ws_moveit2_ur5/install/moveit_resources_panda_description:/home/kush/ws_moveit2_ur5/install/moveit_resources_fanuc_moveit_config:/home/kush/ws_moveit2_ur5/install/moveit_resources_fanuc_description:/home/kush/ws_moveit2_ur5/install/moveit_common:/home/kush/ws_moveit2_ur5/install/moveit_configs_utils:/home/kush/ws_moveit2_ur5/install/launch_param_builder:/opt/ros/humble LD_LIBRARY_PATH=/home/kush/UR5_Project_main/install/srdfdom/lib:${LD_LIBRARY_PATH} PYTHONPATH=/home/kush/UR5_Project_main/install/srdfdom/local/lib/python3.10/dist-packages:${PYTHONPATH} /usr/bin/cmake --install /home/kush/UR5_Project_main/build/moveit_core
