[0.212s] Invoking command in '/home/kush/UR5_Project_main/build/moveit_ros_planning': AMENT_PREFIX_PATH=/home/kush/UR5_Project_main/install/moveit_ros_occupancy_map_monitor:/home/kush/UR5_Project_main/install/moveit_core:/home/kush/UR5_Project_main/install/moveit_resources_panda_moveit_config:/home/kush/UR5_Project_main/install/srdfdom:/home/kush/UR5_Project_main/install/moveit_resources_panda_description:/home/kush/UR5_Project_main/install/moveit_common:${AMENT_PREFIX_PATH} CMAKE_PREFIX_PATH=/home/kush/UR5_Project_main/install/moveit_ros_occupancy_map_monitor:/home/kush/UR5_Project_main/install/moveit_core:/home/kush/UR5_Project_main/install/moveit_resources_panda_moveit_config:/home/kush/UR5_Project_main/install/srdfdom:/home/kush/UR5_Project_main/install/moveit_resources_panda_description:/home/kush/UR5_Project_main/install/moveit_common:/home/kush/ws_moveit2_ur5/install/ur_description:/home/kush/ws_moveit2_ur5/install/pilz_industrial_motion_planner_testutils:/home/kush/ws_moveit2_ur5/install/moveit_runtime:/home/kush/ws_moveit2_ur5/install/moveit2_tutorials:/home/kush/ws_moveit2_ur5/install/moveit:/home/kush/ws_moveit2_ur5/install/moveit_planners:/home/kush/ws_moveit2_ur5/install/pilz_industrial_motion_planner:/home/kush/ws_moveit2_ur5/install/moveit_visual_tools:/home/kush/ws_moveit2_ur5/install/moveit_task_constructor_visualization:/home/kush/ws_moveit2_ur5/install/moveit_task_constructor_demo:/home/kush/ws_moveit2_ur5/install/moveit_task_constructor_capabilities:/home/kush/ws_moveit2_ur5/install/moveit_task_constructor_core:/home/kush/ws_moveit2_ur5/install/moveit_ros_control_interface:/home/kush/ws_moveit2_ur5/install/moveit_plugins:/home/kush/ws_moveit2_ur5/install/moveit_simple_controller_manager:/home/kush/ws_moveit2_ur5/install/moveit_setup_assistant:/home/kush/ws_moveit2_ur5/install/moveit_setup_srdf_plugins:/home/kush/ws_moveit2_ur5/install/moveit_setup_core_plugins:/home/kush/ws_moveit2_ur5/install/moveit_setup_controllers:/home/kush/ws_moveit2_ur5/install/moveit_setup_app_plugins:/home/kush/ws_moveit2_ur5/install/moveit_setup_framework:/home/kush/ws_moveit2_ur5/install/moveit_servo:/home/kush/ws_moveit2_ur5/install/moveit_ros:/home/kush/ws_moveit2_ur5/install/moveit_ros_visualization:/home/kush/ws_moveit2_ur5/install/moveit_hybrid_planning:/home/kush/ws_moveit2_ur5/install/moveit_ros_planning_interface:/home/kush/ws_moveit2_ur5/install/moveit_ros_benchmarks:/home/kush/ws_moveit2_ur5/install/moveit_ros_warehouse:/home/kush/ws_moveit2_ur5/install/moveit_ros_robot_interaction:/home/kush/ws_moveit2_ur5/install/moveit_ros_perception:/home/kush/ws_moveit2_ur5/install/moveit_resources_prbt_pg70_support:/home/kush/ws_moveit2_ur5/install/moveit_resources_prbt_moveit_config:/home/kush/ws_moveit2_ur5/install/moveit_ros_move_group:/home/kush/ws_moveit2_ur5/install/moveit_planners_ompl:/home/kush/ws_moveit2_ur5/install/moveit_ros_planning:/home/kush/ws_moveit2_ur5/install/moveit_ros_occupancy_map_monitor:/home/kush/ws_moveit2_ur5/install/moveit_resources_prbt_ikfast_manipulator_plugin:/home/kush/ws_moveit2_ur5/install/moveit_planners_chomp:/home/kush/ws_moveit2_ur5/install/moveit_kinematics:/home/kush/ws_moveit2_ur5/install/moveit_chomp_optimizer_adapter:/home/kush/ws_moveit2_ur5/install/chomp_motion_planner:/home/kush/ws_moveit2_ur5/install/moveit_core:/home/kush/ws_moveit2_ur5/install/srdfdom:/home/kush/ws_moveit2_ur5/install/rviz_marker_tools:/home/kush/ws_moveit2_ur5/install/rosparam_shortcuts:/home/kush/ws_moveit2_ur5/install/moveit_task_constructor_msgs:/home/kush/ws_moveit2_ur5/install/moveit_resources_prbt_support:/home/kush/ws_moveit2_ur5/install/moveit_resources:/home/kush/ws_moveit2_ur5/install/moveit_resources_pr2_description:/home/kush/ws_moveit2_ur5/install/moveit_resources_panda_moveit_config:/home/kush/ws_moveit2_ur5/install/moveit_resources_panda_description:/home/kush/ws_moveit2_ur5/install/moveit_resources_fanuc_moveit_config:/home/kush/ws_moveit2_ur5/install/moveit_resources_fanuc_description:/home/kush/ws_moveit2_ur5/install/moveit_common:/home/kush/ws_moveit2_ur5/install/moveit_configs_utils:/home/kush/ws_moveit2_ur5/install/launch_param_builder:/opt/ros/humble LD_LIBRARY_PATH=/home/kush/UR5_Project_main/install/moveit_ros_occupancy_map_monitor/lib:/home/kush/UR5_Project_main/install/moveit_core/lib:/home/kush/UR5_Project_main/install/srdfdom/lib:${LD_LIBRARY_PATH} PATH=/home/kush/UR5_Project_main/install/moveit_core/bin:${PATH} PYTHONPATH=/home/kush/UR5_Project_main/install/srdfdom/local/lib/python3.10/dist-packages:${PYTHONPATH} /usr/bin/cmake --build /home/kush/UR5_Project_main/build/moveit_ros_planning -- -j4 -l4
[0.692s] [  3%] Built target moveit_collision_plugin_loader
[0.692s] [  8%] Built target moveit_rdf_loader
[0.720s] [ 11%] Built target moveit_planning_pipeline
[1.059s] [ 14%] Built target gmock_main
[1.068s] [ 17%] Built target moveit_list_request_adapter_plugins
[1.213s] [ 35%] Built target moveit_default_planning_request_adapter_plugins
[1.450s] [ 38%] Built target moveit_constraint_sampler_manager_loader
[1.663s] [ 41%] Built target moveit_kinematics_plugin_loader
[1.894s] [ 46%] Built target gmock
[2.036s] [ 50%] Built target moveit_robot_model_loader
[2.375s] [ 59%] Built target moveit_planning_scene_monitor
[2.580s] [ 62%] Built target moveit_print_planning_model_info
[2.876s] [ 66%] Built target trajectory_monitor_tests
[3.060s] [ 69%] Built target moveit_print_planning_scene_info
[3.175s] [ 72%] Built target moveit_display_random_state
[3.260s] [ 75%] Built target moveit_visualize_robot_collision_volume
[3.375s] [ 79%] Built target moveit_evaluate_collision_checking_speed
[3.459s] [ 82%] Built target moveit_publish_scene_from_text
[3.576s] [ 85%] Built target moveit_trajectory_execution_manager
[3.722s] [ 88%] Built target current_state_monitor_tests
[3.844s] [ 93%] Built target moveit_cpp
[3.935s] [ 96%] Built target moveit_plan_execution
[4.043s] [100%] Built target demo_scene
[4.073s] Invoked command in '/home/kush/UR5_Project_main/build/moveit_ros_planning' returned '0': AMENT_PREFIX_PATH=/home/kush/UR5_Project_main/install/moveit_ros_occupancy_map_monitor:/home/kush/UR5_Project_main/install/moveit_core:/home/kush/UR5_Project_main/install/moveit_resources_panda_moveit_config:/home/kush/UR5_Project_main/install/srdfdom:/home/kush/UR5_Project_main/install/moveit_resources_panda_description:/home/kush/UR5_Project_main/install/moveit_common:${AMENT_PREFIX_PATH} CMAKE_PREFIX_PATH=/home/kush/UR5_Project_main/install/moveit_ros_occupancy_map_monitor:/home/kush/UR5_Project_main/install/moveit_core:/home/kush/UR5_Project_main/install/moveit_resources_panda_moveit_config:/home/kush/UR5_Project_main/install/srdfdom:/home/kush/UR5_Project_main/install/moveit_resources_panda_description:/home/kush/UR5_Project_main/install/moveit_common:/home/kush/ws_moveit2_ur5/install/ur_description:/home/kush/ws_moveit2_ur5/install/pilz_industrial_motion_planner_testutils:/home/kush/ws_moveit2_ur5/install/moveit_runtime:/home/kush/ws_moveit2_ur5/install/moveit2_tutorials:/home/kush/ws_moveit2_ur5/install/moveit:/home/kush/ws_moveit2_ur5/install/moveit_planners:/home/kush/ws_moveit2_ur5/install/pilz_industrial_motion_planner:/home/kush/ws_moveit2_ur5/install/moveit_visual_tools:/home/kush/ws_moveit2_ur5/install/moveit_task_constructor_visualization:/home/kush/ws_moveit2_ur5/install/moveit_task_constructor_demo:/home/kush/ws_moveit2_ur5/install/moveit_task_constructor_capabilities:/home/kush/ws_moveit2_ur5/install/moveit_task_constructor_core:/home/kush/ws_moveit2_ur5/install/moveit_ros_control_interface:/home/kush/ws_moveit2_ur5/install/moveit_plugins:/home/kush/ws_moveit2_ur5/install/moveit_simple_controller_manager:/home/kush/ws_moveit2_ur5/install/moveit_setup_assistant:/home/kush/ws_moveit2_ur5/install/moveit_setup_srdf_plugins:/home/kush/ws_moveit2_ur5/install/moveit_setup_core_plugins:/home/kush/ws_moveit2_ur5/install/moveit_setup_controllers:/home/kush/ws_moveit2_ur5/install/moveit_setup_app_plugins:/home/kush/ws_moveit2_ur5/install/moveit_setup_framework:/home/kush/ws_moveit2_ur5/install/moveit_servo:/home/kush/ws_moveit2_ur5/install/moveit_ros:/home/kush/ws_moveit2_ur5/install/moveit_ros_visualization:/home/kush/ws_moveit2_ur5/install/moveit_hybrid_planning:/home/kush/ws_moveit2_ur5/install/moveit_ros_planning_interface:/home/kush/ws_moveit2_ur5/install/moveit_ros_benchmarks:/home/kush/ws_moveit2_ur5/install/moveit_ros_warehouse:/home/kush/ws_moveit2_ur5/install/moveit_ros_robot_interaction:/home/kush/ws_moveit2_ur5/install/moveit_ros_perception:/home/kush/ws_moveit2_ur5/install/moveit_resources_prbt_pg70_support:/home/kush/ws_moveit2_ur5/install/moveit_resources_prbt_moveit_config:/home/kush/ws_moveit2_ur5/install/moveit_ros_move_group:/home/kush/ws_moveit2_ur5/install/moveit_planners_ompl:/home/kush/ws_moveit2_ur5/install/moveit_ros_planning:/home/kush/ws_moveit2_ur5/install/moveit_ros_occupancy_map_monitor:/home/kush/ws_moveit2_ur5/install/moveit_resources_prbt_ikfast_manipulator_plugin:/home/kush/ws_moveit2_ur5/install/moveit_planners_chomp:/home/kush/ws_moveit2_ur5/install/moveit_kinematics:/home/kush/ws_moveit2_ur5/install/moveit_chomp_optimizer_adapter:/home/kush/ws_moveit2_ur5/install/chomp_motion_planner:/home/kush/ws_moveit2_ur5/install/moveit_core:/home/kush/ws_moveit2_ur5/install/srdfdom:/home/kush/ws_moveit2_ur5/install/rviz_marker_tools:/home/kush/ws_moveit2_ur5/install/rosparam_shortcuts:/home/kush/ws_moveit2_ur5/install/moveit_task_constructor_msgs:/home/kush/ws_moveit2_ur5/install/moveit_resources_prbt_support:/home/kush/ws_moveit2_ur5/install/moveit_resources:/home/kush/ws_moveit2_ur5/install/moveit_resources_pr2_description:/home/kush/ws_moveit2_ur5/install/moveit_resources_panda_moveit_config:/home/kush/ws_moveit2_ur5/install/moveit_resources_panda_description:/home/kush/ws_moveit2_ur5/install/moveit_resources_fanuc_moveit_config:/home/kush/ws_moveit2_ur5/install/moveit_resources_fanuc_description:/home/kush/ws_moveit2_ur5/install/moveit_common:/home/kush/ws_moveit2_ur5/install/moveit_configs_utils:/home/kush/ws_moveit2_ur5/install/launch_param_builder:/opt/ros/humble LD_LIBRARY_PATH=/home/kush/UR5_Project_main/install/moveit_ros_occupancy_map_monitor/lib:/home/kush/UR5_Project_main/install/moveit_core/lib:/home/kush/UR5_Project_main/install/srdfdom/lib:${LD_LIBRARY_PATH} PATH=/home/kush/UR5_Project_main/install/moveit_core/bin:${PATH} PYTHONPATH=/home/kush/UR5_Project_main/install/srdfdom/local/lib/python3.10/dist-packages:${PYTHONPATH} /usr/bin/cmake --build /home/kush/UR5_Project_main/build/moveit_ros_planning -- -j4 -l4
[4.198s] Invoking command in '/home/kush/UR5_Project_main/build/moveit_ros_planning': AMENT_PREFIX_PATH=/home/kush/UR5_Project_main/install/moveit_ros_occupancy_map_monitor:/home/kush/UR5_Project_main/install/moveit_core:/home/kush/UR5_Project_main/install/moveit_resources_panda_moveit_config:/home/kush/UR5_Project_main/install/srdfdom:/home/kush/UR5_Project_main/install/moveit_resources_panda_description:/home/kush/UR5_Project_main/install/moveit_common:${AMENT_PREFIX_PATH} CMAKE_PREFIX_PATH=/home/kush/UR5_Project_main/install/moveit_ros_occupancy_map_monitor:/home/kush/UR5_Project_main/install/moveit_core:/home/kush/UR5_Project_main/install/moveit_resources_panda_moveit_config:/home/kush/UR5_Project_main/install/srdfdom:/home/kush/UR5_Project_main/install/moveit_resources_panda_description:/home/kush/UR5_Project_main/install/moveit_common:/home/kush/ws_moveit2_ur5/install/ur_description:/home/kush/ws_moveit2_ur5/install/pilz_industrial_motion_planner_testutils:/home/kush/ws_moveit2_ur5/install/moveit_runtime:/home/kush/ws_moveit2_ur5/install/moveit2_tutorials:/home/kush/ws_moveit2_ur5/install/moveit:/home/kush/ws_moveit2_ur5/install/moveit_planners:/home/kush/ws_moveit2_ur5/install/pilz_industrial_motion_planner:/home/kush/ws_moveit2_ur5/install/moveit_visual_tools:/home/kush/ws_moveit2_ur5/install/moveit_task_constructor_visualization:/home/kush/ws_moveit2_ur5/install/moveit_task_constructor_demo:/home/kush/ws_moveit2_ur5/install/moveit_task_constructor_capabilities:/home/kush/ws_moveit2_ur5/install/moveit_task_constructor_core:/home/kush/ws_moveit2_ur5/install/moveit_ros_control_interface:/home/kush/ws_moveit2_ur5/install/moveit_plugins:/home/kush/ws_moveit2_ur5/install/moveit_simple_controller_manager:/home/kush/ws_moveit2_ur5/install/moveit_setup_assistant:/home/kush/ws_moveit2_ur5/install/moveit_setup_srdf_plugins:/home/kush/ws_moveit2_ur5/install/moveit_setup_core_plugins:/home/kush/ws_moveit2_ur5/install/moveit_setup_controllers:/home/kush/ws_moveit2_ur5/install/moveit_setup_app_plugins:/home/kush/ws_moveit2_ur5/install/moveit_setup_framework:/home/kush/ws_moveit2_ur5/install/moveit_servo:/home/kush/ws_moveit2_ur5/install/moveit_ros:/home/kush/ws_moveit2_ur5/install/moveit_ros_visualization:/home/kush/ws_moveit2_ur5/install/moveit_hybrid_planning:/home/kush/ws_moveit2_ur5/install/moveit_ros_planning_interface:/home/kush/ws_moveit2_ur5/install/moveit_ros_benchmarks:/home/kush/ws_moveit2_ur5/install/moveit_ros_warehouse:/home/kush/ws_moveit2_ur5/install/moveit_ros_robot_interaction:/home/kush/ws_moveit2_ur5/install/moveit_ros_perception:/home/kush/ws_moveit2_ur5/install/moveit_resources_prbt_pg70_support:/home/kush/ws_moveit2_ur5/install/moveit_resources_prbt_moveit_config:/home/kush/ws_moveit2_ur5/install/moveit_ros_move_group:/home/kush/ws_moveit2_ur5/install/moveit_planners_ompl:/home/kush/ws_moveit2_ur5/install/moveit_ros_planning:/home/kush/ws_moveit2_ur5/install/moveit_ros_occupancy_map_monitor:/home/kush/ws_moveit2_ur5/install/moveit_resources_prbt_ikfast_manipulator_plugin:/home/kush/ws_moveit2_ur5/install/moveit_planners_chomp:/home/kush/ws_moveit2_ur5/install/moveit_kinematics:/home/kush/ws_moveit2_ur5/install/moveit_chomp_optimizer_adapter:/home/kush/ws_moveit2_ur5/install/chomp_motion_planner:/home/kush/ws_moveit2_ur5/install/moveit_core:/home/kush/ws_moveit2_ur5/install/srdfdom:/home/kush/ws_moveit2_ur5/install/rviz_marker_tools:/home/kush/ws_moveit2_ur5/install/rosparam_shortcuts:/home/kush/ws_moveit2_ur5/install/moveit_task_constructor_msgs:/home/kush/ws_moveit2_ur5/install/moveit_resources_prbt_support:/home/kush/ws_moveit2_ur5/install/moveit_resources:/home/kush/ws_moveit2_ur5/install/moveit_resources_pr2_description:/home/kush/ws_moveit2_ur5/install/moveit_resources_panda_moveit_config:/home/kush/ws_moveit2_ur5/install/moveit_resources_panda_description:/home/kush/ws_moveit2_ur5/install/moveit_resources_fanuc_moveit_config:/home/kush/ws_moveit2_ur5/install/moveit_resources_fanuc_description:/home/kush/ws_moveit2_ur5/install/moveit_common:/home/kush/ws_moveit2_ur5/install/moveit_configs_utils:/home/kush/ws_moveit2_ur5/install/launch_param_builder:/opt/ros/humble LD_LIBRARY_PATH=/home/kush/UR5_Project_main/install/moveit_ros_occupancy_map_monitor/lib:/home/kush/UR5_Project_main/install/moveit_core/lib:/home/kush/UR5_Project_main/install/srdfdom/lib:${LD_LIBRARY_PATH} PATH=/home/kush/UR5_Project_main/install/moveit_core/bin:${PATH} PYTHONPATH=/home/kush/UR5_Project_main/install/srdfdom/local/lib/python3.10/dist-packages:${PYTHONPATH} /usr/bin/cmake --install /home/kush/UR5_Project_main/build/moveit_ros_planning
[4.224s] -- Install configuration: "Release"
[4.225s] -- Up-to-date: /home/kush/UR5_Project_main/install/moveit_ros_planning/include
[4.226s] -- Up-to-date: /home/kush/UR5_Project_main/install/moveit_ros_planning/include/moveit
[4.226s] -- Up-to-date: /home/kush/UR5_Project_main/install/moveit_ros_planning/include/moveit/rdf_loader
[4.226s] -- Up-to-date: /home/kush/UR5_Project_main/install/moveit_ros_planning/include/moveit/rdf_loader/synchronized_string_parameter.h
[4.226s] -- Up-to-date: /home/kush/UR5_Project_main/install/moveit_ros_planning/include/moveit/rdf_loader/rdf_loader.h
[4.226s] -- Up-to-date: /home/kush/UR5_Project_main/install/moveit_ros_planning/share/moveit_ros_planning/rdf_loader/test/data
[4.226s] -- Up-to-date: /home/kush/UR5_Project_main/install/moveit_ros_planning/share/moveit_ros_planning/rdf_loader/test/data/kermit.srdf
[4.226s] -- Up-to-date: /home/kush/UR5_Project_main/install/moveit_ros_planning/share/moveit_ros_planning/rdf_loader/test/data/gonzo.srdf
[4.226s] -- Up-to-date: /home/kush/UR5_Project_main/install/moveit_ros_planning/share/moveit_ros_planning/rdf_loader/test/data/kermit.urdf
[4.227s] -- Up-to-date: /home/kush/UR5_Project_main/install/moveit_ros_planning/share/moveit_ros_planning/rdf_loader/test/data/robin.srdf.xacro
[4.227s] -- Up-to-date: /home/kush/UR5_Project_main/install/moveit_ros_planning/share/moveit_ros_planning/rdf_loader/test/data/gonzo.urdf
[4.227s] -- Up-to-date: /home/kush/UR5_Project_main/install/moveit_ros_planning/share/moveit_ros_planning/rdf_loader/test/launch
[4.227s] -- Up-to-date: /home/kush/UR5_Project_main/install/moveit_ros_planning/share/moveit_ros_planning/rdf_loader/test/launch/test_rdf_integration.test.py
[4.251s] -- Up-to-date: /home/kush/UR5_Project_main/install/moveit_ros_planning/include
[4.252s] -- Up-to-date: /home/kush/UR5_Project_main/install/moveit_ros_planning/include/moveit
[4.252s] -- Up-to-date: /home/kush/UR5_Project_main/install/moveit_ros_planning/include/moveit/collision_plugin_loader
[4.252s] -- Up-to-date: /home/kush/UR5_Project_main/install/moveit_ros_planning/include/moveit/collision_plugin_loader/collision_plugin_loader.h
[4.264s] -- Up-to-date: /home/kush/UR5_Project_main/install/moveit_ros_planning/include
[4.264s] -- Up-to-date: /home/kush/UR5_Project_main/install/moveit_ros_planning/include/moveit
[4.265s] -- Up-to-date: /home/kush/UR5_Project_main/install/moveit_ros_planning/include/moveit/kinematics_plugin_loader
[4.265s] -- Up-to-date: /home/kush/UR5_Project_main/install/moveit_ros_planning/include/moveit/kinematics_plugin_loader/kinematics_plugin_loader.h
[4.288s] -- Up-to-date: /home/kush/UR5_Project_main/install/moveit_ros_planning/include
[4.288s] -- Up-to-date: /home/kush/UR5_Project_main/install/moveit_ros_planning/include/moveit
[4.288s] -- Up-to-date: /home/kush/UR5_Project_main/install/moveit_ros_planning/include/moveit/robot_model_loader
[4.288s] -- Up-to-date: /home/kush/UR5_Project_main/install/moveit_ros_planning/include/moveit/robot_model_loader/robot_model_loader.h
[4.311s] -- Up-to-date: /home/kush/UR5_Project_main/install/moveit_ros_planning/include
[4.312s] -- Up-to-date: /home/kush/UR5_Project_main/install/moveit_ros_planning/include/moveit
[4.312s] -- Up-to-date: /home/kush/UR5_Project_main/install/moveit_ros_planning/include/moveit/constraint_sampler_manager_loader
[4.312s] -- Up-to-date: /home/kush/UR5_Project_main/install/moveit_ros_planning/include/moveit/constraint_sampler_manager_loader/constraint_sampler_manager_loader.h
[4.335s] -- Up-to-date: /home/kush/UR5_Project_main/install/moveit_ros_planning/include
[4.335s] -- Up-to-date: /home/kush/UR5_Project_main/install/moveit_ros_planning/include/moveit
[4.336s] -- Up-to-date: /home/kush/UR5_Project_main/install/moveit_ros_planning/include/moveit/planning_pipeline
[4.336s] -- Up-to-date: /home/kush/UR5_Project_main/install/moveit_ros_planning/include/moveit/planning_pipeline/planning_pipeline.h
[4.336s] -- Up-to-date: /home/kush/UR5_Project_main/install/moveit_ros_planning/include/moveit_planning_pipeline_export.h
[4.431s] -- Up-to-date: /home/kush/UR5_Project_main/install/moveit_ros_planning/lib/moveit_ros_planning/moveit_list_request_adapter_plugins
[4.520s] -- Up-to-date: /home/kush/UR5_Project_main/install/moveit_ros_planning/lib/moveit_ros_planning/demo_scene
[4.520s] -- Up-to-date: /home/kush/UR5_Project_main/install/moveit_ros_planning/include
[4.520s] -- Up-to-date: /home/kush/UR5_Project_main/install/moveit_ros_planning/include/moveit
[4.520s] -- Up-to-date: /home/kush/UR5_Project_main/install/moveit_ros_planning/include/moveit/planning_scene_monitor
[4.521s] -- Up-to-date: /home/kush/UR5_Project_main/install/moveit_ros_planning/include/moveit/planning_scene_monitor/trajectory_monitor_middleware_handle.hpp
[4.521s] -- Up-to-date: /home/kush/UR5_Project_main/install/moveit_ros_planning/include/moveit/planning_scene_monitor/current_state_monitor_middleware_handle.hpp
[4.521s] -- Up-to-date: /home/kush/UR5_Project_main/install/moveit_ros_planning/include/moveit/planning_scene_monitor/trajectory_monitor.h
[4.521s] -- Up-to-date: /home/kush/UR5_Project_main/install/moveit_ros_planning/include/moveit/planning_scene_monitor/current_state_monitor.h
[4.521s] -- Up-to-date: /home/kush/UR5_Project_main/install/moveit_ros_planning/include/moveit/planning_scene_monitor/planning_scene_monitor.h
[4.522s] -- Up-to-date: /home/kush/UR5_Project_main/install/moveit_ros_planning/include/moveit_planning_scene_monitor_export.h
[4.595s] -- Up-to-date: /home/kush/UR5_Project_main/install/moveit_ros_planning/lib/moveit_ros_planning/moveit_print_planning_model_info
[4.596s] -- Up-to-date: /home/kush/UR5_Project_main/install/moveit_ros_planning/lib/moveit_ros_planning/moveit_print_planning_scene_info
[4.630s] -- Up-to-date: /home/kush/UR5_Project_main/install/moveit_ros_planning/lib/moveit_ros_planning/moveit_display_random_state
[4.649s] -- Up-to-date: /home/kush/UR5_Project_main/install/moveit_ros_planning/lib/moveit_ros_planning/moveit_visualize_robot_collision_volume
[4.670s] -- Up-to-date: /home/kush/UR5_Project_main/install/moveit_ros_planning/lib/moveit_ros_planning/moveit_evaluate_collision_checking_speed
[4.708s] -- Up-to-date: /home/kush/UR5_Project_main/install/moveit_ros_planning/lib/moveit_ros_planning/moveit_publish_scene_from_text
[4.722s] -- Up-to-date: /home/kush/UR5_Project_main/install/moveit_ros_planning/include
[4.722s] -- Up-to-date: /home/kush/UR5_Project_main/install/moveit_ros_planning/include/moveit
[4.722s] -- Up-to-date: /home/kush/UR5_Project_main/install/moveit_ros_planning/include/moveit/trajectory_execution_manager
[4.723s] -- Up-to-date: /home/kush/UR5_Project_main/install/moveit_ros_planning/include/moveit/trajectory_execution_manager/trajectory_execution_manager.h
[4.723s] -- Up-to-date: /home/kush/UR5_Project_main/install/moveit_ros_planning/include/moveit_trajectory_execution_manager_export.h
[4.746s] -- Up-to-date: /home/kush/UR5_Project_main/install/moveit_ros_planning/include
[4.746s] -- Up-to-date: /home/kush/UR5_Project_main/install/moveit_ros_planning/include/moveit
[4.746s] -- Up-to-date: /home/kush/UR5_Project_main/install/moveit_ros_planning/include/moveit/plan_execution
[4.746s] -- Up-to-date: /home/kush/UR5_Project_main/install/moveit_ros_planning/include/moveit/plan_execution/plan_representation.h
[4.746s] -- Up-to-date: /home/kush/UR5_Project_main/install/moveit_ros_planning/include/moveit/plan_execution/plan_execution.h
[4.769s] -- Up-to-date: /home/kush/UR5_Project_main/install/moveit_ros_planning/include
[4.770s] -- Up-to-date: /home/kush/UR5_Project_main/install/moveit_ros_planning/include/moveit
[4.770s] -- Up-to-date: /home/kush/UR5_Project_main/install/moveit_ros_planning/include/moveit/moveit_cpp
[4.770s] -- Up-to-date: /home/kush/UR5_Project_main/install/moveit_ros_planning/include/moveit/moveit_cpp/planning_component.h
[4.770s] -- Up-to-date: /home/kush/UR5_Project_main/install/moveit_ros_planning/include/moveit/moveit_cpp/moveit_cpp.h
[4.843s] -- Up-to-date: /home/kush/UR5_Project_main/install/moveit_ros_planning/lib/libmoveit_rdf_loader.so.2.5.4
[4.844s] -- Up-to-date: /home/kush/UR5_Project_main/install/moveit_ros_planning/lib/libmoveit_rdf_loader.so
[4.868s] -- Up-to-date: /home/kush/UR5_Project_main/install/moveit_ros_planning/lib/libmoveit_kinematics_plugin_loader.so.2.5.4
[4.868s] -- Up-to-date: /home/kush/UR5_Project_main/install/moveit_ros_planning/lib/libmoveit_kinematics_plugin_loader.so
[4.937s] -- Up-to-date: /home/kush/UR5_Project_main/install/moveit_ros_planning/lib/libmoveit_robot_model_loader.so.2.5.4
[4.939s] -- Up-to-date: /home/kush/UR5_Project_main/install/moveit_ros_planning/lib/libmoveit_robot_model_loader.so
[4.990s] -- Up-to-date: /home/kush/UR5_Project_main/install/moveit_ros_planning/lib/libmoveit_constraint_sampler_manager_loader.so.2.5.4
[4.991s] -- Up-to-date: /home/kush/UR5_Project_main/install/moveit_ros_planning/lib/libmoveit_constraint_sampler_manager_loader.so
[5.043s] -- Up-to-date: /home/kush/UR5_Project_main/install/moveit_ros_planning/lib/libmoveit_planning_pipeline.so.2.5.4
[5.043s] -- Up-to-date: /home/kush/UR5_Project_main/install/moveit_ros_planning/lib/libmoveit_planning_pipeline.so
[5.089s] -- Up-to-date: /home/kush/UR5_Project_main/install/moveit_ros_planning/lib/libmoveit_trajectory_execution_manager.so.2.5.4
[5.090s] -- Up-to-date: /home/kush/UR5_Project_main/install/moveit_ros_planning/lib/libmoveit_trajectory_execution_manager.so
[5.121s] -- Up-to-date: /home/kush/UR5_Project_main/install/moveit_ros_planning/lib/libmoveit_plan_execution.so.2.5.4
[5.122s] -- Up-to-date: /home/kush/UR5_Project_main/install/moveit_ros_planning/lib/libmoveit_plan_execution.so
[5.185s] -- Up-to-date: /home/kush/UR5_Project_main/install/moveit_ros_planning/lib/libmoveit_planning_scene_monitor.so.2.5.4
[5.185s] -- Up-to-date: /home/kush/UR5_Project_main/install/moveit_ros_planning/lib/libmoveit_planning_scene_monitor.so
[5.186s] -- Up-to-date: /home/kush/UR5_Project_main/install/moveit_ros_planning/lib/libmoveit_collision_plugin_loader.so.2.5.4
[5.187s] -- Up-to-date: /home/kush/UR5_Project_main/install/moveit_ros_planning/lib/libmoveit_collision_plugin_loader.so
[5.211s] -- Up-to-date: /home/kush/UR5_Project_main/install/moveit_ros_planning/lib/libmoveit_default_planning_request_adapter_plugins.so.2.5.4
[5.211s] -- Up-to-date: /home/kush/UR5_Project_main/install/moveit_ros_planning/lib/libmoveit_default_planning_request_adapter_plugins.so
[5.242s] -- Up-to-date: /home/kush/UR5_Project_main/install/moveit_ros_planning/lib/libmoveit_cpp.so.2.5.4
[5.244s] -- Up-to-date: /home/kush/UR5_Project_main/install/moveit_ros_planning/lib/libmoveit_cpp.so
[5.244s] -- Up-to-date: /home/kush/UR5_Project_main/install/moveit_ros_planning/share/moveit_ros_planning/environment/library_path.sh
[5.244s] -- Up-to-date: /home/kush/UR5_Project_main/install/moveit_ros_planning/share/moveit_ros_planning/environment/library_path.dsv
[5.245s] -- Up-to-date: /home/kush/UR5_Project_main/install/moveit_ros_planning/share/moveit_ros_planning/planning_request_adapters_plugin_description.xml
[5.246s] -- Up-to-date: /home/kush/UR5_Project_main/install/moveit_ros_planning/share/ament_index/resource_index/package_run_dependencies/moveit_ros_planning
[5.246s] -- Up-to-date: /home/kush/UR5_Project_main/install/moveit_ros_planning/share/ament_index/resource_index/parent_prefix_path/moveit_ros_planning
[5.247s] -- Up-to-date: /home/kush/UR5_Project_main/install/moveit_ros_planning/share/moveit_ros_planning/environment/ament_prefix_path.sh
[5.247s] -- Up-to-date: /home/kush/UR5_Project_main/install/moveit_ros_planning/share/moveit_ros_planning/environment/ament_prefix_path.dsv
[5.247s] -- Up-to-date: /home/kush/UR5_Project_main/install/moveit_ros_planning/share/moveit_ros_planning/environment/path.sh
[5.248s] -- Up-to-date: /home/kush/UR5_Project_main/install/moveit_ros_planning/share/moveit_ros_planning/environment/path.dsv
[5.248s] -- Up-to-date: /home/kush/UR5_Project_main/install/moveit_ros_planning/share/moveit_ros_planning/local_setup.bash
[5.249s] -- Up-to-date: /home/kush/UR5_Project_main/install/moveit_ros_planning/share/moveit_ros_planning/local_setup.sh
[5.249s] -- Up-to-date: /home/kush/UR5_Project_main/install/moveit_ros_planning/share/moveit_ros_planning/local_setup.zsh
[5.249s] -- Up-to-date: /home/kush/UR5_Project_main/install/moveit_ros_planning/share/moveit_ros_planning/local_setup.dsv
[5.250s] -- Installing: /home/kush/UR5_Project_main/install/moveit_ros_planning/share/moveit_ros_planning/package.dsv
[5.263s] -- Up-to-date: /home/kush/UR5_Project_main/install/moveit_ros_planning/share/ament_index/resource_index/packages/moveit_ros_planning
[5.263s] -- Up-to-date: /home/kush/UR5_Project_main/install/moveit_ros_planning/share/ament_index/resource_index/moveit_core__pluginlib__plugin/moveit_ros_planning
[5.289s] -- Up-to-date: /home/kush/UR5_Project_main/install/moveit_ros_planning/share/moveit_ros_planning/cmake/export_moveit_ros_planningExport.cmake
[5.289s] -- Up-to-date: /home/kush/UR5_Project_main/install/moveit_ros_planning/share/moveit_ros_planning/cmake/export_moveit_ros_planningExport-release.cmake
[5.290s] -- Up-to-date: /home/kush/UR5_Project_main/install/moveit_ros_planning/share/moveit_ros_planning/cmake/ConfigExtras.cmake
[5.290s] -- Up-to-date: /home/kush/UR5_Project_main/install/moveit_ros_planning/share/moveit_ros_planning/cmake/ament_cmake_export_targets-extras.cmake
[5.290s] -- Up-to-date: /home/kush/UR5_Project_main/install/moveit_ros_planning/share/moveit_ros_planning/cmake/ament_cmake_export_dependencies-extras.cmake
[5.290s] -- Up-to-date: /home/kush/UR5_Project_main/install/moveit_ros_planning/share/moveit_ros_planning/cmake/moveit_ros_planningConfig.cmake
[5.290s] -- Up-to-date: /home/kush/UR5_Project_main/install/moveit_ros_planning/share/moveit_ros_planning/cmake/moveit_ros_planningConfig-version.cmake
[5.291s] -- Up-to-date: /home/kush/UR5_Project_main/install/moveit_ros_planning/share/moveit_ros_planning/package.xml
[5.295s] Invoked command in '/home/kush/UR5_Project_main/build/moveit_ros_planning' returned '0': AMENT_PREFIX_PATH=/home/kush/UR5_Project_main/install/moveit_ros_occupancy_map_monitor:/home/kush/UR5_Project_main/install/moveit_core:/home/kush/UR5_Project_main/install/moveit_resources_panda_moveit_config:/home/kush/UR5_Project_main/install/srdfdom:/home/kush/UR5_Project_main/install/moveit_resources_panda_description:/home/kush/UR5_Project_main/install/moveit_common:${AMENT_PREFIX_PATH} CMAKE_PREFIX_PATH=/home/kush/UR5_Project_main/install/moveit_ros_occupancy_map_monitor:/home/kush/UR5_Project_main/install/moveit_core:/home/kush/UR5_Project_main/install/moveit_resources_panda_moveit_config:/home/kush/UR5_Project_main/install/srdfdom:/home/kush/UR5_Project_main/install/moveit_resources_panda_description:/home/kush/UR5_Project_main/install/moveit_common:/home/kush/ws_moveit2_ur5/install/ur_description:/home/kush/ws_moveit2_ur5/install/pilz_industrial_motion_planner_testutils:/home/kush/ws_moveit2_ur5/install/moveit_runtime:/home/kush/ws_moveit2_ur5/install/moveit2_tutorials:/home/kush/ws_moveit2_ur5/install/moveit:/home/kush/ws_moveit2_ur5/install/moveit_planners:/home/kush/ws_moveit2_ur5/install/pilz_industrial_motion_planner:/home/kush/ws_moveit2_ur5/install/moveit_visual_tools:/home/kush/ws_moveit2_ur5/install/moveit_task_constructor_visualization:/home/kush/ws_moveit2_ur5/install/moveit_task_constructor_demo:/home/kush/ws_moveit2_ur5/install/moveit_task_constructor_capabilities:/home/kush/ws_moveit2_ur5/install/moveit_task_constructor_core:/home/kush/ws_moveit2_ur5/install/moveit_ros_control_interface:/home/kush/ws_moveit2_ur5/install/moveit_plugins:/home/kush/ws_moveit2_ur5/install/moveit_simple_controller_manager:/home/kush/ws_moveit2_ur5/install/moveit_setup_assistant:/home/kush/ws_moveit2_ur5/install/moveit_setup_srdf_plugins:/home/kush/ws_moveit2_ur5/install/moveit_setup_core_plugins:/home/kush/ws_moveit2_ur5/install/moveit_setup_controllers:/home/kush/ws_moveit2_ur5/install/moveit_setup_app_plugins:/home/kush/ws_moveit2_ur5/install/moveit_setup_framework:/home/kush/ws_moveit2_ur5/install/moveit_servo:/home/kush/ws_moveit2_ur5/install/moveit_ros:/home/kush/ws_moveit2_ur5/install/moveit_ros_visualization:/home/kush/ws_moveit2_ur5/install/moveit_hybrid_planning:/home/kush/ws_moveit2_ur5/install/moveit_ros_planning_interface:/home/kush/ws_moveit2_ur5/install/moveit_ros_benchmarks:/home/kush/ws_moveit2_ur5/install/moveit_ros_warehouse:/home/kush/ws_moveit2_ur5/install/moveit_ros_robot_interaction:/home/kush/ws_moveit2_ur5/install/moveit_ros_perception:/home/kush/ws_moveit2_ur5/install/moveit_resources_prbt_pg70_support:/home/kush/ws_moveit2_ur5/install/moveit_resources_prbt_moveit_config:/home/kush/ws_moveit2_ur5/install/moveit_ros_move_group:/home/kush/ws_moveit2_ur5/install/moveit_planners_ompl:/home/kush/ws_moveit2_ur5/install/moveit_ros_planning:/home/kush/ws_moveit2_ur5/install/moveit_ros_occupancy_map_monitor:/home/kush/ws_moveit2_ur5/install/moveit_resources_prbt_ikfast_manipulator_plugin:/home/kush/ws_moveit2_ur5/install/moveit_planners_chomp:/home/kush/ws_moveit2_ur5/install/moveit_kinematics:/home/kush/ws_moveit2_ur5/install/moveit_chomp_optimizer_adapter:/home/kush/ws_moveit2_ur5/install/chomp_motion_planner:/home/kush/ws_moveit2_ur5/install/moveit_core:/home/kush/ws_moveit2_ur5/install/srdfdom:/home/kush/ws_moveit2_ur5/install/rviz_marker_tools:/home/kush/ws_moveit2_ur5/install/rosparam_shortcuts:/home/kush/ws_moveit2_ur5/install/moveit_task_constructor_msgs:/home/kush/ws_moveit2_ur5/install/moveit_resources_prbt_support:/home/kush/ws_moveit2_ur5/install/moveit_resources:/home/kush/ws_moveit2_ur5/install/moveit_resources_pr2_description:/home/kush/ws_moveit2_ur5/install/moveit_resources_panda_moveit_config:/home/kush/ws_moveit2_ur5/install/moveit_resources_panda_description:/home/kush/ws_moveit2_ur5/install/moveit_resources_fanuc_moveit_config:/home/kush/ws_moveit2_ur5/install/moveit_resources_fanuc_description:/home/kush/ws_moveit2_ur5/install/moveit_common:/home/kush/ws_moveit2_ur5/install/moveit_configs_utils:/home/kush/ws_moveit2_ur5/install/launch_param_builder:/opt/ros/humble LD_LIBRARY_PATH=/home/kush/UR5_Project_main/install/moveit_ros_occupancy_map_monitor/lib:/home/kush/UR5_Project_main/install/moveit_core/lib:/home/kush/UR5_Project_main/install/srdfdom/lib:${LD_LIBRARY_PATH} PATH=/home/kush/UR5_Project_main/install/moveit_core/bin:${PATH} PYTHONPATH=/home/kush/UR5_Project_main/install/srdfdom/local/lib/python3.10/dist-packages:${PYTHONPATH} /usr/bin/cmake --install /home/kush/UR5_Project_main/build/moveit_ros_planning
