[0.339s] Invoking command in '/home/kush/UR5_Project_main/build/pilz_industrial_motion_planner': AMENT_PREFIX_PATH=/home/kush/UR5_Project_main/install/moveit_resources_prbt_pg70_support:/home/kush/UR5_Project_main/install/moveit_ros_planning_interface:/home/kush/UR5_Project_main/install/moveit_resources_prbt_moveit_config:/home/kush/UR5_Project_main/install/moveit_ros_move_group:/home/kush/UR5_Project_main/install/moveit_ros_warehouse:/home/kush/UR5_Project_main/install/moveit_kinematics:/home/kush/UR5_Project_main/install/moveit_ros_planning:/home/kush/UR5_Project_main/install/pilz_industrial_motion_planner_testutils:/home/kush/UR5_Project_main/install/moveit_ros_occupancy_map_monitor:/home/kush/UR5_Project_main/install/moveit_resources_prbt_ikfast_manipulator_plugin:/home/kush/UR5_Project_main/install/moveit_core:/home/kush/UR5_Project_main/install/moveit_resources_panda_moveit_config:/home/kush/UR5_Project_main/install/moveit_configs_utils:/home/kush/UR5_Project_main/install/srdfdom:/home/kush/UR5_Project_main/install/moveit_resources_prbt_support:/home/kush/UR5_Project_main/install/moveit_resources_panda_description:/home/kush/UR5_Project_main/install/moveit_common:/home/kush/UR5_Project_main/install/launch_param_builder:${AMENT_PREFIX_PATH} CMAKE_PREFIX_PATH=/home/kush/UR5_Project_main/install/moveit_resources_prbt_pg70_support:/home/kush/UR5_Project_main/install/moveit_ros_planning_interface:/home/kush/UR5_Project_main/install/moveit_resources_prbt_moveit_config:/home/kush/UR5_Project_main/install/moveit_ros_move_group:/home/kush/UR5_Project_main/install/moveit_ros_warehouse:/home/kush/UR5_Project_main/install/moveit_kinematics:/home/kush/UR5_Project_main/install/moveit_ros_planning:/home/kush/UR5_Project_main/install/pilz_industrial_motion_planner_testutils:/home/kush/UR5_Project_main/install/moveit_ros_occupancy_map_monitor:/home/kush/UR5_Project_main/install/moveit_resources_prbt_ikfast_manipulator_plugin:/home/kush/UR5_Project_main/install/moveit_core:/home/kush/UR5_Project_main/install/moveit_resources_panda_moveit_config:/home/kush/UR5_Project_main/install/srdfdom:/home/kush/UR5_Project_main/install/moveit_resources_prbt_support:/home/kush/UR5_Project_main/install/moveit_resources_panda_description:/home/kush/UR5_Project_main/install/moveit_common:/home/kush/ws_moveit2_ur5/install/ur_description:/home/kush/ws_moveit2_ur5/install/pilz_industrial_motion_planner_testutils:/home/kush/ws_moveit2_ur5/install/moveit_runtime:/home/kush/ws_moveit2_ur5/install/moveit2_tutorials:/home/kush/ws_moveit2_ur5/install/moveit:/home/kush/ws_moveit2_ur5/install/moveit_planners:/home/kush/ws_moveit2_ur5/install/pilz_industrial_motion_planner:/home/kush/ws_moveit2_ur5/install/moveit_visual_tools:/home/kush/ws_moveit2_ur5/install/moveit_task_constructor_visualization:/home/kush/ws_moveit2_ur5/install/moveit_task_constructor_demo:/home/kush/ws_moveit2_ur5/install/moveit_task_constructor_capabilities:/home/kush/ws_moveit2_ur5/install/moveit_task_constructor_core:/home/kush/ws_moveit2_ur5/install/moveit_ros_control_interface:/home/kush/ws_moveit2_ur5/install/moveit_plugins:/home/kush/ws_moveit2_ur5/install/moveit_simple_controller_manager:/home/kush/ws_moveit2_ur5/install/moveit_setup_assistant:/home/kush/ws_moveit2_ur5/install/moveit_setup_srdf_plugins:/home/kush/ws_moveit2_ur5/install/moveit_setup_core_plugins:/home/kush/ws_moveit2_ur5/install/moveit_setup_controllers:/home/kush/ws_moveit2_ur5/install/moveit_setup_app_plugins:/home/kush/ws_moveit2_ur5/install/moveit_setup_framework:/home/kush/ws_moveit2_ur5/install/moveit_servo:/home/kush/ws_moveit2_ur5/install/moveit_ros:/home/kush/ws_moveit2_ur5/install/moveit_ros_visualization:/home/kush/ws_moveit2_ur5/install/moveit_hybrid_planning:/home/kush/ws_moveit2_ur5/install/moveit_ros_planning_interface:/home/kush/ws_moveit2_ur5/install/moveit_ros_benchmarks:/home/kush/ws_moveit2_ur5/install/moveit_ros_warehouse:/home/kush/ws_moveit2_ur5/install/moveit_ros_robot_interaction:/home/kush/ws_moveit2_ur5/install/moveit_ros_perception:/home/kush/ws_moveit2_ur5/install/moveit_resources_prbt_pg70_support:/home/kush/ws_moveit2_ur5/install/moveit_resources_prbt_moveit_config:/home/kush/ws_moveit2_ur5/install/moveit_ros_move_group:/home/kush/ws_moveit2_ur5/install/moveit_planners_ompl:/home/kush/ws_moveit2_ur5/install/moveit_ros_planning:/home/kush/ws_moveit2_ur5/install/moveit_ros_occupancy_map_monitor:/home/kush/ws_moveit2_ur5/install/moveit_resources_prbt_ikfast_manipulator_plugin:/home/kush/ws_moveit2_ur5/install/moveit_planners_chomp:/home/kush/ws_moveit2_ur5/install/moveit_kinematics:/home/kush/ws_moveit2_ur5/install/moveit_chomp_optimizer_adapter:/home/kush/ws_moveit2_ur5/install/chomp_motion_planner:/home/kush/ws_moveit2_ur5/install/moveit_core:/home/kush/ws_moveit2_ur5/install/srdfdom:/home/kush/ws_moveit2_ur5/install/rviz_marker_tools:/home/kush/ws_moveit2_ur5/install/rosparam_shortcuts:/home/kush/ws_moveit2_ur5/install/moveit_task_constructor_msgs:/home/kush/ws_moveit2_ur5/install/moveit_resources_prbt_support:/home/kush/ws_moveit2_ur5/install/moveit_resources:/home/kush/ws_moveit2_ur5/install/moveit_resources_pr2_description:/home/kush/ws_moveit2_ur5/install/moveit_resources_panda_moveit_config:/home/kush/ws_moveit2_ur5/install/moveit_resources_panda_description:/home/kush/ws_moveit2_ur5/install/moveit_resources_fanuc_moveit_config:/home/kush/ws_moveit2_ur5/install/moveit_resources_fanuc_description:/home/kush/ws_moveit2_ur5/install/moveit_common:/home/kush/ws_moveit2_ur5/install/moveit_configs_utils:/home/kush/ws_moveit2_ur5/install/launch_param_builder:/opt/ros/humble LD_LIBRARY_PATH=/home/kush/UR5_Project_main/install/moveit_ros_planning_interface/lib:/home/kush/UR5_Project_main/install/moveit_ros_move_group/lib:/home/kush/UR5_Project_main/install/moveit_ros_warehouse/lib:/home/kush/UR5_Project_main/install/moveit_kinematics/lib:/home/kush/UR5_Project_main/install/moveit_ros_planning/lib:/home/kush/UR5_Project_main/install/pilz_industrial_motion_planner_testutils/lib:/home/kush/UR5_Project_main/install/moveit_ros_occupancy_map_monitor/lib:/home/kush/UR5_Project_main/install/moveit_resources_prbt_ikfast_manipulator_plugin/lib:/home/kush/UR5_Project_main/install/moveit_core/lib:/home/kush/UR5_Project_main/install/srdfdom/lib:${LD_LIBRARY_PATH} PATH=/home/kush/UR5_Project_main/install/moveit_core/bin:${PATH} PYTHONPATH=/home/kush/UR5_Project_main/install/moveit_configs_utils/lib/python3.10/site-packages:/home/kush/UR5_Project_main/install/srdfdom/local/lib/python3.10/dist-packages:/home/kush/UR5_Project_main/install/launch_param_builder/lib/python3.10/site-packages:${PYTHONPATH} /usr/bin/cmake --build /home/kush/UR5_Project_main/build/pilz_industrial_motion_planner -- -j4 -l4
[1.370s] [  2%] Built target planning_context_loader_base
[1.620s] [  4%] Built target gtest_main
[1.885s] [  7%] Built target gtest
[2.278s] [  9%] Built target gmock_main
[2.719s] [ 13%] Built target gmock
[3.171s] [ 18%] Built target trajectory_generation_common
[3.519s] [ 26%] Built target joint_limits_common
[3.905s] [ 30%] Built target command_list_manager
[4.339s] [ 34%] Built target planning_context_loader_lin
[4.674s] [35m[1mConsolidate compiler generated dependencies of target planning_context_loader_circ[0m
[4.750s] [ 39%] Built target planning_context_loader_circ
[5.052s] [35m[1mConsolidate compiler generated dependencies of target sequence_capability[0m
[5.152s] [ 43%] Built target sequence_capability
[5.415s] [35m[1mConsolidate compiler generated dependencies of target pilz_industrial_motion_planner_test_utils[0m
[5.477s] [ 45%] Built target pilz_industrial_motion_planner_test_utils
[5.721s] [35m[1mConsolidate compiler generated dependencies of target unittest_joint_limit[0m
[5.798s] [ 48%] Built target unittest_joint_limit
[5.967s] [35m[1mConsolidate compiler generated dependencies of target unittest_joint_limits_aggregator[0m
[6.053s] [ 50%] Built target unittest_joint_limits_aggregator
[6.192s] [35m[1mConsolidate compiler generated dependencies of target unittest_joint_limits_container[0m
[6.235s] [ 53%] Built target unittest_joint_limits_container
[6.452s] [35m[1mConsolidate compiler generated dependencies of target unittest_joint_limits_validator[0m
[6.511s] [ 55%] Built target unittest_joint_limits_validator
[6.653s] [35m[1mConsolidate compiler generated dependencies of target unittest_cartesian_limits_aggregator[0m
[6.706s] [ 57%] Built target unittest_cartesian_limits_aggregator
[6.889s] [35m[1mConsolidate compiler generated dependencies of target unittest_trajectory_functions[0m
[6.982s] [ 60%] Built target unittest_trajectory_functions
[7.586s] [35m[1mConsolidate compiler generated dependencies of target unittest_trajectory_blender_transition_window[0m
[7.673s] [ 63%] Built target unittest_trajectory_blender_transition_window
[7.821s] [35m[1mConsolidate compiler generated dependencies of target unittest_trajectory_generator_circ[0m
[7.918s] [ 66%] Built target unittest_trajectory_generator_circ
[7.987s] [35m[1mConsolidate compiler generated dependencies of target unittest_trajectory_generator_lin[0m
[8.078s] [ 68%] Built target unittest_trajectory_generator_lin
[8.346s] [35m[1mConsolidate compiler generated dependencies of target planning_context_loader_ptp[0m
[8.422s] [ 73%] Built target planning_context_loader_ptp
[8.568s] [35m[1mConsolidate compiler generated dependencies of target pilz_industrial_motion_planner[0m
[8.659s] [ 75%] Built target pilz_industrial_motion_planner
[8.753s] [35m[1mConsolidate compiler generated dependencies of target unittest_trajectory_generator_ptp[0m
[8.840s] [ 78%] Built target unittest_trajectory_generator_ptp
[8.986s] [35m[1mConsolidate compiler generated dependencies of target unittest_velocity_profile_atrap[0m
[9.018s] [ 81%] Built target unittest_velocity_profile_atrap
[9.193s] [35m[1mConsolidate compiler generated dependencies of target unittest_trajectory_generator[0m
[9.260s] [ 85%] Built target unittest_trajectory_generator
[9.411s] [35m[1mConsolidate compiler generated dependencies of target unittest_pilz_industrial_motion_planner[0m
[9.511s] [ 87%] Built target unittest_pilz_industrial_motion_planner
[9.668s] [35m[1mConsolidate compiler generated dependencies of target unittest_planning_context_loaders[0m
[9.805s] [ 90%] Built target unittest_planning_context_loaders
[9.905s] [35m[1mConsolidate compiler generated dependencies of target unittest_planning_context[0m
[10.005s] [ 92%] Built target unittest_planning_context
[10.078s] [35m[1mConsolidate compiler generated dependencies of target unittest_get_solver_tip_frame[0m
[10.174s] [ 95%] Built target unittest_get_solver_tip_frame
[10.267s] [35m[1mConsolidate compiler generated dependencies of target unittest_pilz_industrial_motion_planner_direct[0m
[10.357s] [ 97%] Built target unittest_pilz_industrial_motion_planner_direct
[10.461s] [35m[1mConsolidate compiler generated dependencies of target unittest_trajectory_generator_common[0m
[10.598s] [100%] Built target unittest_trajectory_generator_common
[10.640s] Invoked command in '/home/kush/UR5_Project_main/build/pilz_industrial_motion_planner' returned '0': AMENT_PREFIX_PATH=/home/kush/UR5_Project_main/install/moveit_resources_prbt_pg70_support:/home/kush/UR5_Project_main/install/moveit_ros_planning_interface:/home/kush/UR5_Project_main/install/moveit_resources_prbt_moveit_config:/home/kush/UR5_Project_main/install/moveit_ros_move_group:/home/kush/UR5_Project_main/install/moveit_ros_warehouse:/home/kush/UR5_Project_main/install/moveit_kinematics:/home/kush/UR5_Project_main/install/moveit_ros_planning:/home/kush/UR5_Project_main/install/pilz_industrial_motion_planner_testutils:/home/kush/UR5_Project_main/install/moveit_ros_occupancy_map_monitor:/home/kush/UR5_Project_main/install/moveit_resources_prbt_ikfast_manipulator_plugin:/home/kush/UR5_Project_main/install/moveit_core:/home/kush/UR5_Project_main/install/moveit_resources_panda_moveit_config:/home/kush/UR5_Project_main/install/moveit_configs_utils:/home/kush/UR5_Project_main/install/srdfdom:/home/kush/UR5_Project_main/install/moveit_resources_prbt_support:/home/kush/UR5_Project_main/install/moveit_resources_panda_description:/home/kush/UR5_Project_main/install/moveit_common:/home/kush/UR5_Project_main/install/launch_param_builder:${AMENT_PREFIX_PATH} CMAKE_PREFIX_PATH=/home/kush/UR5_Project_main/install/moveit_resources_prbt_pg70_support:/home/kush/UR5_Project_main/install/moveit_ros_planning_interface:/home/kush/UR5_Project_main/install/moveit_resources_prbt_moveit_config:/home/kush/UR5_Project_main/install/moveit_ros_move_group:/home/kush/UR5_Project_main/install/moveit_ros_warehouse:/home/kush/UR5_Project_main/install/moveit_kinematics:/home/kush/UR5_Project_main/install/moveit_ros_planning:/home/kush/UR5_Project_main/install/pilz_industrial_motion_planner_testutils:/home/kush/UR5_Project_main/install/moveit_ros_occupancy_map_monitor:/home/kush/UR5_Project_main/install/moveit_resources_prbt_ikfast_manipulator_plugin:/home/kush/UR5_Project_main/install/moveit_core:/home/kush/UR5_Project_main/install/moveit_resources_panda_moveit_config:/home/kush/UR5_Project_main/install/srdfdom:/home/kush/UR5_Project_main/install/moveit_resources_prbt_support:/home/kush/UR5_Project_main/install/moveit_resources_panda_description:/home/kush/UR5_Project_main/install/moveit_common:/home/kush/ws_moveit2_ur5/install/ur_description:/home/kush/ws_moveit2_ur5/install/pilz_industrial_motion_planner_testutils:/home/kush/ws_moveit2_ur5/install/moveit_runtime:/home/kush/ws_moveit2_ur5/install/moveit2_tutorials:/home/kush/ws_moveit2_ur5/install/moveit:/home/kush/ws_moveit2_ur5/install/moveit_planners:/home/kush/ws_moveit2_ur5/install/pilz_industrial_motion_planner:/home/kush/ws_moveit2_ur5/install/moveit_visual_tools:/home/kush/ws_moveit2_ur5/install/moveit_task_constructor_visualization:/home/kush/ws_moveit2_ur5/install/moveit_task_constructor_demo:/home/kush/ws_moveit2_ur5/install/moveit_task_constructor_capabilities:/home/kush/ws_moveit2_ur5/install/moveit_task_constructor_core:/home/kush/ws_moveit2_ur5/install/moveit_ros_control_interface:/home/kush/ws_moveit2_ur5/install/moveit_plugins:/home/kush/ws_moveit2_ur5/install/moveit_simple_controller_manager:/home/kush/ws_moveit2_ur5/install/moveit_setup_assistant:/home/kush/ws_moveit2_ur5/install/moveit_setup_srdf_plugins:/home/kush/ws_moveit2_ur5/install/moveit_setup_core_plugins:/home/kush/ws_moveit2_ur5/install/moveit_setup_controllers:/home/kush/ws_moveit2_ur5/install/moveit_setup_app_plugins:/home/kush/ws_moveit2_ur5/install/moveit_setup_framework:/home/kush/ws_moveit2_ur5/install/moveit_servo:/home/kush/ws_moveit2_ur5/install/moveit_ros:/home/kush/ws_moveit2_ur5/install/moveit_ros_visualization:/home/kush/ws_moveit2_ur5/install/moveit_hybrid_planning:/home/kush/ws_moveit2_ur5/install/moveit_ros_planning_interface:/home/kush/ws_moveit2_ur5/install/moveit_ros_benchmarks:/home/kush/ws_moveit2_ur5/install/moveit_ros_warehouse:/home/kush/ws_moveit2_ur5/install/moveit_ros_robot_interaction:/home/kush/ws_moveit2_ur5/install/moveit_ros_perception:/home/kush/ws_moveit2_ur5/install/moveit_resources_prbt_pg70_support:/home/kush/ws_moveit2_ur5/install/moveit_resources_prbt_moveit_config:/home/kush/ws_moveit2_ur5/install/moveit_ros_move_group:/home/kush/ws_moveit2_ur5/install/moveit_planners_ompl:/home/kush/ws_moveit2_ur5/install/moveit_ros_planning:/home/kush/ws_moveit2_ur5/install/moveit_ros_occupancy_map_monitor:/home/kush/ws_moveit2_ur5/install/moveit_resources_prbt_ikfast_manipulator_plugin:/home/kush/ws_moveit2_ur5/install/moveit_planners_chomp:/home/kush/ws_moveit2_ur5/install/moveit_kinematics:/home/kush/ws_moveit2_ur5/install/moveit_chomp_optimizer_adapter:/home/kush/ws_moveit2_ur5/install/chomp_motion_planner:/home/kush/ws_moveit2_ur5/install/moveit_core:/home/kush/ws_moveit2_ur5/install/srdfdom:/home/kush/ws_moveit2_ur5/install/rviz_marker_tools:/home/kush/ws_moveit2_ur5/install/rosparam_shortcuts:/home/kush/ws_moveit2_ur5/install/moveit_task_constructor_msgs:/home/kush/ws_moveit2_ur5/install/moveit_resources_prbt_support:/home/kush/ws_moveit2_ur5/install/moveit_resources:/home/kush/ws_moveit2_ur5/install/moveit_resources_pr2_description:/home/kush/ws_moveit2_ur5/install/moveit_resources_panda_moveit_config:/home/kush/ws_moveit2_ur5/install/moveit_resources_panda_description:/home/kush/ws_moveit2_ur5/install/moveit_resources_fanuc_moveit_config:/home/kush/ws_moveit2_ur5/install/moveit_resources_fanuc_description:/home/kush/ws_moveit2_ur5/install/moveit_common:/home/kush/ws_moveit2_ur5/install/moveit_configs_utils:/home/kush/ws_moveit2_ur5/install/launch_param_builder:/opt/ros/humble LD_LIBRARY_PATH=/home/kush/UR5_Project_main/install/moveit_ros_planning_interface/lib:/home/kush/UR5_Project_main/install/moveit_ros_move_group/lib:/home/kush/UR5_Project_main/install/moveit_ros_warehouse/lib:/home/kush/UR5_Project_main/install/moveit_kinematics/lib:/home/kush/UR5_Project_main/install/moveit_ros_planning/lib:/home/kush/UR5_Project_main/install/pilz_industrial_motion_planner_testutils/lib:/home/kush/UR5_Project_main/install/moveit_ros_occupancy_map_monitor/lib:/home/kush/UR5_Project_main/install/moveit_resources_prbt_ikfast_manipulator_plugin/lib:/home/kush/UR5_Project_main/install/moveit_core/lib:/home/kush/UR5_Project_main/install/srdfdom/lib:${LD_LIBRARY_PATH} PATH=/home/kush/UR5_Project_main/install/moveit_core/bin:${PATH} PYTHONPATH=/home/kush/UR5_Project_main/install/moveit_configs_utils/lib/python3.10/site-packages:/home/kush/UR5_Project_main/install/srdfdom/local/lib/python3.10/dist-packages:/home/kush/UR5_Project_main/install/launch_param_builder/lib/python3.10/site-packages:${PYTHONPATH} /usr/bin/cmake --build /home/kush/UR5_Project_main/build/pilz_industrial_motion_planner -- -j4 -l4
[11.203s] Invoking command in '/home/kush/UR5_Project_main/build/pilz_industrial_motion_planner': AMENT_PREFIX_PATH=/home/kush/UR5_Project_main/install/moveit_resources_prbt_pg70_support:/home/kush/UR5_Project_main/install/moveit_ros_planning_interface:/home/kush/UR5_Project_main/install/moveit_resources_prbt_moveit_config:/home/kush/UR5_Project_main/install/moveit_ros_move_group:/home/kush/UR5_Project_main/install/moveit_ros_warehouse:/home/kush/UR5_Project_main/install/moveit_kinematics:/home/kush/UR5_Project_main/install/moveit_ros_planning:/home/kush/UR5_Project_main/install/pilz_industrial_motion_planner_testutils:/home/kush/UR5_Project_main/install/moveit_ros_occupancy_map_monitor:/home/kush/UR5_Project_main/install/moveit_resources_prbt_ikfast_manipulator_plugin:/home/kush/UR5_Project_main/install/moveit_core:/home/kush/UR5_Project_main/install/moveit_resources_panda_moveit_config:/home/kush/UR5_Project_main/install/moveit_configs_utils:/home/kush/UR5_Project_main/install/srdfdom:/home/kush/UR5_Project_main/install/moveit_resources_prbt_support:/home/kush/UR5_Project_main/install/moveit_resources_panda_description:/home/kush/UR5_Project_main/install/moveit_common:/home/kush/UR5_Project_main/install/launch_param_builder:${AMENT_PREFIX_PATH} CMAKE_PREFIX_PATH=/home/kush/UR5_Project_main/install/moveit_resources_prbt_pg70_support:/home/kush/UR5_Project_main/install/moveit_ros_planning_interface:/home/kush/UR5_Project_main/install/moveit_resources_prbt_moveit_config:/home/kush/UR5_Project_main/install/moveit_ros_move_group:/home/kush/UR5_Project_main/install/moveit_ros_warehouse:/home/kush/UR5_Project_main/install/moveit_kinematics:/home/kush/UR5_Project_main/install/moveit_ros_planning:/home/kush/UR5_Project_main/install/pilz_industrial_motion_planner_testutils:/home/kush/UR5_Project_main/install/moveit_ros_occupancy_map_monitor:/home/kush/UR5_Project_main/install/moveit_resources_prbt_ikfast_manipulator_plugin:/home/kush/UR5_Project_main/install/moveit_core:/home/kush/UR5_Project_main/install/moveit_resources_panda_moveit_config:/home/kush/UR5_Project_main/install/srdfdom:/home/kush/UR5_Project_main/install/moveit_resources_prbt_support:/home/kush/UR5_Project_main/install/moveit_resources_panda_description:/home/kush/UR5_Project_main/install/moveit_common:/home/kush/ws_moveit2_ur5/install/ur_description:/home/kush/ws_moveit2_ur5/install/pilz_industrial_motion_planner_testutils:/home/kush/ws_moveit2_ur5/install/moveit_runtime:/home/kush/ws_moveit2_ur5/install/moveit2_tutorials:/home/kush/ws_moveit2_ur5/install/moveit:/home/kush/ws_moveit2_ur5/install/moveit_planners:/home/kush/ws_moveit2_ur5/install/pilz_industrial_motion_planner:/home/kush/ws_moveit2_ur5/install/moveit_visual_tools:/home/kush/ws_moveit2_ur5/install/moveit_task_constructor_visualization:/home/kush/ws_moveit2_ur5/install/moveit_task_constructor_demo:/home/kush/ws_moveit2_ur5/install/moveit_task_constructor_capabilities:/home/kush/ws_moveit2_ur5/install/moveit_task_constructor_core:/home/kush/ws_moveit2_ur5/install/moveit_ros_control_interface:/home/kush/ws_moveit2_ur5/install/moveit_plugins:/home/kush/ws_moveit2_ur5/install/moveit_simple_controller_manager:/home/kush/ws_moveit2_ur5/install/moveit_setup_assistant:/home/kush/ws_moveit2_ur5/install/moveit_setup_srdf_plugins:/home/kush/ws_moveit2_ur5/install/moveit_setup_core_plugins:/home/kush/ws_moveit2_ur5/install/moveit_setup_controllers:/home/kush/ws_moveit2_ur5/install/moveit_setup_app_plugins:/home/kush/ws_moveit2_ur5/install/moveit_setup_framework:/home/kush/ws_moveit2_ur5/install/moveit_servo:/home/kush/ws_moveit2_ur5/install/moveit_ros:/home/kush/ws_moveit2_ur5/install/moveit_ros_visualization:/home/kush/ws_moveit2_ur5/install/moveit_hybrid_planning:/home/kush/ws_moveit2_ur5/install/moveit_ros_planning_interface:/home/kush/ws_moveit2_ur5/install/moveit_ros_benchmarks:/home/kush/ws_moveit2_ur5/install/moveit_ros_warehouse:/home/kush/ws_moveit2_ur5/install/moveit_ros_robot_interaction:/home/kush/ws_moveit2_ur5/install/moveit_ros_perception:/home/kush/ws_moveit2_ur5/install/moveit_resources_prbt_pg70_support:/home/kush/ws_moveit2_ur5/install/moveit_resources_prbt_moveit_config:/home/kush/ws_moveit2_ur5/install/moveit_ros_move_group:/home/kush/ws_moveit2_ur5/install/moveit_planners_ompl:/home/kush/ws_moveit2_ur5/install/moveit_ros_planning:/home/kush/ws_moveit2_ur5/install/moveit_ros_occupancy_map_monitor:/home/kush/ws_moveit2_ur5/install/moveit_resources_prbt_ikfast_manipulator_plugin:/home/kush/ws_moveit2_ur5/install/moveit_planners_chomp:/home/kush/ws_moveit2_ur5/install/moveit_kinematics:/home/kush/ws_moveit2_ur5/install/moveit_chomp_optimizer_adapter:/home/kush/ws_moveit2_ur5/install/chomp_motion_planner:/home/kush/ws_moveit2_ur5/install/moveit_core:/home/kush/ws_moveit2_ur5/install/srdfdom:/home/kush/ws_moveit2_ur5/install/rviz_marker_tools:/home/kush/ws_moveit2_ur5/install/rosparam_shortcuts:/home/kush/ws_moveit2_ur5/install/moveit_task_constructor_msgs:/home/kush/ws_moveit2_ur5/install/moveit_resources_prbt_support:/home/kush/ws_moveit2_ur5/install/moveit_resources:/home/kush/ws_moveit2_ur5/install/moveit_resources_pr2_description:/home/kush/ws_moveit2_ur5/install/moveit_resources_panda_moveit_config:/home/kush/ws_moveit2_ur5/install/moveit_resources_panda_description:/home/kush/ws_moveit2_ur5/install/moveit_resources_fanuc_moveit_config:/home/kush/ws_moveit2_ur5/install/moveit_resources_fanuc_description:/home/kush/ws_moveit2_ur5/install/moveit_common:/home/kush/ws_moveit2_ur5/install/moveit_configs_utils:/home/kush/ws_moveit2_ur5/install/launch_param_builder:/opt/ros/humble LD_LIBRARY_PATH=/home/kush/UR5_Project_main/install/moveit_ros_planning_interface/lib:/home/kush/UR5_Project_main/install/moveit_ros_move_group/lib:/home/kush/UR5_Project_main/install/moveit_ros_warehouse/lib:/home/kush/UR5_Project_main/install/moveit_kinematics/lib:/home/kush/UR5_Project_main/install/moveit_ros_planning/lib:/home/kush/UR5_Project_main/install/pilz_industrial_motion_planner_testutils/lib:/home/kush/UR5_Project_main/install/moveit_ros_occupancy_map_monitor/lib:/home/kush/UR5_Project_main/install/moveit_resources_prbt_ikfast_manipulator_plugin/lib:/home/kush/UR5_Project_main/install/moveit_core/lib:/home/kush/UR5_Project_main/install/srdfdom/lib:${LD_LIBRARY_PATH} PATH=/home/kush/UR5_Project_main/install/moveit_core/bin:${PATH} PYTHONPATH=/home/kush/UR5_Project_main/install/moveit_configs_utils/lib/python3.10/site-packages:/home/kush/UR5_Project_main/install/srdfdom/local/lib/python3.10/dist-packages:/home/kush/UR5_Project_main/install/launch_param_builder/lib/python3.10/site-packages:${PYTHONPATH} /usr/bin/cmake --install /home/kush/UR5_Project_main/build/pilz_industrial_motion_planner
[11.232s] -- Install configuration: "Release"
[11.232s] -- Up-to-date: /home/kush/UR5_Project_main/install/pilz_industrial_motion_planner/share/pilz_industrial_motion_planner/plugins/pilz_industrial_motion_planner_plugin_description.xml
[11.232s] -- Up-to-date: /home/kush/UR5_Project_main/install/pilz_industrial_motion_planner/share/pilz_industrial_motion_planner/plugins/sequence_capability_plugin_description.xml
[11.232s] -- Up-to-date: /home/kush/UR5_Project_main/install/pilz_industrial_motion_planner/share/pilz_industrial_motion_planner/plugins/planning_context_plugin_description.xml
[11.253s] -- Up-to-date: /home/kush/UR5_Project_main/install/pilz_industrial_motion_planner/lib/libpilz_industrial_motion_planner.so
[11.270s] -- Up-to-date: /home/kush/UR5_Project_main/install/pilz_industrial_motion_planner/lib/libjoint_limits_common.so
[11.280s] -- Up-to-date: /home/kush/UR5_Project_main/install/pilz_industrial_motion_planner/lib/libplanning_context_loader_base.so
[11.290s] -- Up-to-date: /home/kush/UR5_Project_main/install/pilz_industrial_motion_planner/lib/libplanning_context_loader_ptp.so
[11.295s] -- Up-to-date: /home/kush/UR5_Project_main/install/pilz_industrial_motion_planner/lib/libplanning_context_loader_lin.so
[11.309s] -- Up-to-date: /home/kush/UR5_Project_main/install/pilz_industrial_motion_planner/lib/libplanning_context_loader_circ.so
[11.325s] -- Up-to-date: /home/kush/UR5_Project_main/install/pilz_industrial_motion_planner/lib/libcommand_list_manager.so
[11.338s] -- Up-to-date: /home/kush/UR5_Project_main/install/pilz_industrial_motion_planner/lib/libsequence_capability.so
[11.356s] -- Up-to-date: /home/kush/UR5_Project_main/install/pilz_industrial_motion_planner/lib/libtrajectory_generation_common.so
[11.356s] -- Up-to-date: /home/kush/UR5_Project_main/install/pilz_industrial_motion_planner/include
[11.356s] -- Up-to-date: /home/kush/UR5_Project_main/install/pilz_industrial_motion_planner/include/pilz_industrial_motion_planner
[11.357s] -- Up-to-date: /home/kush/UR5_Project_main/install/pilz_industrial_motion_planner/include/pilz_industrial_motion_planner/limits_container.h
[11.357s] -- Up-to-date: /home/kush/UR5_Project_main/install/pilz_industrial_motion_planner/include/pilz_industrial_motion_planner/trajectory_generator.h
[11.357s] -- Up-to-date: /home/kush/UR5_Project_main/install/pilz_industrial_motion_planner/include/pilz_industrial_motion_planner/joint_limits_extension.h
[11.357s] -- Up-to-date: /home/kush/UR5_Project_main/install/pilz_industrial_motion_planner/include/pilz_industrial_motion_planner/planning_context_loader.h
[11.358s] -- Up-to-date: /home/kush/UR5_Project_main/install/pilz_industrial_motion_planner/include/pilz_industrial_motion_planner/cartesian_limits_aggregator.h
[11.362s] -- Up-to-date: /home/kush/UR5_Project_main/install/pilz_industrial_motion_planner/include/pilz_industrial_motion_planner/planning_context_base.h
[11.362s] -- Up-to-date: /home/kush/UR5_Project_main/install/pilz_industrial_motion_planner/include/pilz_industrial_motion_planner/pilz_industrial_motion_planner.h
[11.363s] -- Up-to-date: /home/kush/UR5_Project_main/install/pilz_industrial_motion_planner/include/pilz_industrial_motion_planner/joint_limits_container.h
[11.363s] -- Up-to-date: /home/kush/UR5_Project_main/install/pilz_industrial_motion_planner/include/pilz_industrial_motion_planner/move_group_sequence_action.h
[11.364s] -- Up-to-date: /home/kush/UR5_Project_main/install/pilz_industrial_motion_planner/include/pilz_industrial_motion_planner/planning_context_loader_ptp.h
[11.364s] -- Up-to-date: /home/kush/UR5_Project_main/install/pilz_industrial_motion_planner/include/pilz_industrial_motion_planner/trajectory_blender.h
[11.366s] -- Up-to-date: /home/kush/UR5_Project_main/install/pilz_industrial_motion_planner/include/pilz_industrial_motion_planner/planning_exceptions.h
[11.366s] -- Up-to-date: /home/kush/UR5_Project_main/install/pilz_industrial_motion_planner/include/pilz_industrial_motion_planner/joint_limits_aggregator.h
[11.367s] -- Up-to-date: /home/kush/UR5_Project_main/install/pilz_industrial_motion_planner/include/pilz_industrial_motion_planner/cartesian_limit.h
[11.369s] -- Up-to-date: /home/kush/UR5_Project_main/install/pilz_industrial_motion_planner/include/pilz_industrial_motion_planner/trajectory_generator_circ.h
[11.370s] -- Up-to-date: /home/kush/UR5_Project_main/install/pilz_industrial_motion_planner/include/pilz_industrial_motion_planner/planning_context_lin.h
[11.370s] -- Up-to-date: /home/kush/UR5_Project_main/install/pilz_industrial_motion_planner/include/pilz_industrial_motion_planner/trajectory_blend_response.h
[11.371s] -- Up-to-date: /home/kush/UR5_Project_main/install/pilz_industrial_motion_planner/include/pilz_industrial_motion_planner/trajectory_blender_transition_window.h
[11.372s] -- Up-to-date: /home/kush/UR5_Project_main/install/pilz_industrial_motion_planner/include/pilz_industrial_motion_planner/planning_context_loader_lin.h
[11.372s] -- Up-to-date: /home/kush/UR5_Project_main/install/pilz_industrial_motion_planner/include/pilz_industrial_motion_planner/joint_limits_interface_extension.h
[11.372s] -- Up-to-date: /home/kush/UR5_Project_main/install/pilz_industrial_motion_planner/include/pilz_industrial_motion_planner/velocity_profile_atrap.h
[11.373s] -- Up-to-date: /home/kush/UR5_Project_main/install/pilz_industrial_motion_planner/include/pilz_industrial_motion_planner/path_circle_generator.h
[11.373s] -- Up-to-date: /home/kush/UR5_Project_main/install/pilz_industrial_motion_planner/include/pilz_industrial_motion_planner/move_group_sequence_service.h
[11.373s] -- Up-to-date: /home/kush/UR5_Project_main/install/pilz_industrial_motion_planner/include/pilz_industrial_motion_planner/command_list_manager.h
[11.373s] -- Up-to-date: /home/kush/UR5_Project_main/install/pilz_industrial_motion_planner/include/pilz_industrial_motion_planner/trajectory_generator_lin.h
[11.373s] -- Up-to-date: /home/kush/UR5_Project_main/install/pilz_industrial_motion_planner/include/pilz_industrial_motion_planner/trajectory_functions.h
[11.373s] -- Up-to-date: /home/kush/UR5_Project_main/install/pilz_industrial_motion_planner/include/pilz_industrial_motion_planner/capability_names.h
[11.374s] -- Up-to-date: /home/kush/UR5_Project_main/install/pilz_industrial_motion_planner/include/pilz_industrial_motion_planner/cartesian_trajectory.h
[11.374s] -- Up-to-date: /home/kush/UR5_Project_main/install/pilz_industrial_motion_planner/include/pilz_industrial_motion_planner/joint_limits_validator.h
[11.376s] -- Up-to-date: /home/kush/UR5_Project_main/install/pilz_industrial_motion_planner/include/pilz_industrial_motion_planner/planning_context_circ.h
[11.376s] -- Up-to-date: /home/kush/UR5_Project_main/install/pilz_industrial_motion_planner/include/pilz_industrial_motion_planner/planning_context_loader_circ.h
[11.376s] -- Up-to-date: /home/kush/UR5_Project_main/install/pilz_industrial_motion_planner/include/pilz_industrial_motion_planner/cartesian_trajectory_point.h
[11.377s] -- Up-to-date: /home/kush/UR5_Project_main/install/pilz_industrial_motion_planner/include/pilz_industrial_motion_planner/tip_frame_getter.h
[11.378s] -- Up-to-date: /home/kush/UR5_Project_main/install/pilz_industrial_motion_planner/include/pilz_industrial_motion_planner/trajectory_generator_ptp.h
[11.381s] -- Up-to-date: /home/kush/UR5_Project_main/install/pilz_industrial_motion_planner/include/pilz_industrial_motion_planner/plan_components_builder.h
[11.381s] -- Up-to-date: /home/kush/UR5_Project_main/install/pilz_industrial_motion_planner/include/pilz_industrial_motion_planner/trajectory_generation_exceptions.h
[11.382s] -- Up-to-date: /home/kush/UR5_Project_main/install/pilz_industrial_motion_planner/include/pilz_industrial_motion_planner/planning_context_ptp.h
[11.382s] -- Up-to-date: /home/kush/UR5_Project_main/install/pilz_industrial_motion_planner/include/pilz_industrial_motion_planner/trajectory_blend_request.h
[11.382s] -- Up-to-date: /home/kush/UR5_Project_main/install/pilz_industrial_motion_planner/include/joint_limits_copy
[11.382s] -- Up-to-date: /home/kush/UR5_Project_main/install/pilz_industrial_motion_planner/include/joint_limits_copy/joint_limits_rosparam.hpp
[11.383s] -- Up-to-date: /home/kush/UR5_Project_main/install/pilz_industrial_motion_planner/include/joint_limits_copy/joint_limits.hpp
[11.383s] -- Up-to-date: /home/kush/UR5_Project_main/install/pilz_industrial_motion_planner/share/pilz_industrial_motion_planner/environment/library_path.sh
[11.383s] -- Up-to-date: /home/kush/UR5_Project_main/install/pilz_industrial_motion_planner/share/pilz_industrial_motion_planner/environment/library_path.dsv
[11.416s] -- Up-to-date: /home/kush/UR5_Project_main/install/pilz_industrial_motion_planner/lib/pilz_industrial_motion_planner/unittest_pilz_industrial_motion_planner_direct
[11.454s] -- Up-to-date: /home/kush/UR5_Project_main/install/pilz_industrial_motion_planner/lib/pilz_industrial_motion_planner/unittest_velocity_profile_atrap
[11.471s] -- Up-to-date: /home/kush/UR5_Project_main/install/pilz_industrial_motion_planner/lib/pilz_industrial_motion_planner/unittest_trajectory_generator
[11.495s] -- Up-to-date: /home/kush/UR5_Project_main/install/pilz_industrial_motion_planner/lib/pilz_industrial_motion_planner/unittest_trajectory_functions
[11.508s] -- Up-to-date: /home/kush/UR5_Project_main/install/pilz_industrial_motion_planner/lib/pilz_industrial_motion_planner/unittest_trajectory_blender_transition_window
[11.542s] -- Up-to-date: /home/kush/UR5_Project_main/install/pilz_industrial_motion_planner/lib/pilz_industrial_motion_planner/unittest_trajectory_generator_common
[11.570s] -- Up-to-date: /home/kush/UR5_Project_main/install/pilz_industrial_motion_planner/lib/pilz_industrial_motion_planner/unittest_trajectory_generator_circ
[11.591s] -- Up-to-date: /home/kush/UR5_Project_main/install/pilz_industrial_motion_planner/lib/pilz_industrial_motion_planner/unittest_trajectory_generator_lin
[11.611s] -- Up-to-date: /home/kush/UR5_Project_main/install/pilz_industrial_motion_planner/lib/pilz_industrial_motion_planner/unittest_trajectory_generator_ptp
[11.626s] -- Up-to-date: /home/kush/UR5_Project_main/install/pilz_industrial_motion_planner/lib/pilz_industrial_motion_planner/unittest_pilz_industrial_motion_planner
[11.654s] -- Up-to-date: /home/kush/UR5_Project_main/install/pilz_industrial_motion_planner/lib/pilz_industrial_motion_planner/unittest_joint_limit
[11.666s] -- Up-to-date: /home/kush/UR5_Project_main/install/pilz_industrial_motion_planner/lib/pilz_industrial_motion_planner/unittest_joint_limits_aggregator
[11.727s] -- Up-to-date: /home/kush/UR5_Project_main/install/pilz_industrial_motion_planner/lib/pilz_industrial_motion_planner/unittest_joint_limits_container
[11.822s] -- Up-to-date: /home/kush/UR5_Project_main/install/pilz_industrial_motion_planner/lib/pilz_industrial_motion_planner/unittest_joint_limits_validator
[11.969s] -- Up-to-date: /home/kush/UR5_Project_main/install/pilz_industrial_motion_planner/lib/pilz_industrial_motion_planner/unittest_cartesian_limits_aggregator
[12.149s] -- Up-to-date: /home/kush/UR5_Project_main/install/pilz_industrial_motion_planner/lib/pilz_industrial_motion_planner/unittest_planning_context_loaders
[12.298s] -- Up-to-date: /home/kush/UR5_Project_main/install/pilz_industrial_motion_planner/lib/pilz_industrial_motion_planner/unittest_planning_context
[12.415s] -- Up-to-date: /home/kush/UR5_Project_main/install/pilz_industrial_motion_planner/lib/pilz_industrial_motion_planner/unittest_get_solver_tip_frame
[12.416s] -- Up-to-date: /home/kush/UR5_Project_main/install/pilz_industrial_motion_planner/share/pilz_industrial_motion_planner/config
[12.416s] -- Up-to-date: /home/kush/UR5_Project_main/install/pilz_industrial_motion_planner/share/pilz_industrial_motion_planner/config/unittest_trajectory_generator_circ.yaml
[12.416s] -- Up-to-date: /home/kush/UR5_Project_main/install/pilz_industrial_motion_planner/share/pilz_industrial_motion_planner/config/unittest_trajectory_generator_lin.yaml
[12.416s] -- Up-to-date: /home/kush/UR5_Project_main/install/pilz_industrial_motion_planner/share/pilz_industrial_motion_planner/config/unittest_trajectory_generator_common.yaml
[12.417s] -- Up-to-date: /home/kush/UR5_Project_main/install/pilz_industrial_motion_planner/share/pilz_industrial_motion_planner/config/unittest_joint_limits_aggregator.yaml
[12.417s] -- Up-to-date: /home/kush/UR5_Project_main/install/pilz_industrial_motion_planner/share/pilz_industrial_motion_planner/config/unittest_cartesian_limits_aggregator.yaml
[12.417s] -- Up-to-date: /home/kush/UR5_Project_main/install/pilz_industrial_motion_planner/share/pilz_industrial_motion_planner/config/unittest_trajectory_functions.yaml
[12.417s] -- Up-to-date: /home/kush/UR5_Project_main/install/pilz_industrial_motion_planner/share/pilz_industrial_motion_planner/config/unittest_trajectory_blender_transition_window.yaml
[12.417s] -- Up-to-date: /home/kush/UR5_Project_main/install/pilz_industrial_motion_planner/share/pilz_industrial_motion_planner/config/unittest_trajectory_generator_ptp.yaml
[12.418s] -- Up-to-date: /home/kush/UR5_Project_main/install/pilz_industrial_motion_planner/share/pilz_industrial_motion_planner/config/unittest_joint_limit_config.yaml
[12.418s] -- Up-to-date: /home/kush/UR5_Project_main/install/pilz_industrial_motion_planner/share/pilz_industrial_motion_planner/launch
[12.418s] -- Up-to-date: /home/kush/UR5_Project_main/install/pilz_industrial_motion_planner/share/pilz_industrial_motion_planner/launch/unittest_planning_context.test.py
[12.418s] -- Up-to-date: /home/kush/UR5_Project_main/install/pilz_industrial_motion_planner/share/pilz_industrial_motion_planner/launch/unittest_trajectory_blender_transition_window.test.py
[12.418s] -- Up-to-date: /home/kush/UR5_Project_main/install/pilz_industrial_motion_planner/share/pilz_industrial_motion_planner/launch/unittest_joint_limit.test.py
[12.418s] -- Up-to-date: /home/kush/UR5_Project_main/install/pilz_industrial_motion_planner/share/pilz_industrial_motion_planner/launch/unittest_trajectory_generator_lin.test.py
[12.419s] -- Up-to-date: /home/kush/UR5_Project_main/install/pilz_industrial_motion_planner/share/pilz_industrial_motion_planner/launch/unittest_joint_limits_aggregator.test.py
[12.419s] -- Up-to-date: /home/kush/UR5_Project_main/install/pilz_industrial_motion_planner/share/pilz_industrial_motion_planner/launch/unittest_trajectory_generator_common.test.py
[12.419s] -- Up-to-date: /home/kush/UR5_Project_main/install/pilz_industrial_motion_planner/share/pilz_industrial_motion_planner/launch/unittest_trajectory_functions.test.py
[12.419s] -- Up-to-date: /home/kush/UR5_Project_main/install/pilz_industrial_motion_planner/share/pilz_industrial_motion_planner/launch/unittest_trajectory_generator_ptp.test.py
[12.419s] -- Up-to-date: /home/kush/UR5_Project_main/install/pilz_industrial_motion_planner/share/pilz_industrial_motion_planner/launch/unittest_trajectory_generator_circ.test.py
[12.419s] -- Up-to-date: /home/kush/UR5_Project_main/install/pilz_industrial_motion_planner/share/pilz_industrial_motion_planner/launch/unittest_pilz_industrial_motion_planner.test.py
[12.420s] -- Up-to-date: /home/kush/UR5_Project_main/install/pilz_industrial_motion_planner/share/pilz_industrial_motion_planner/launch/unittest_cartesian_limits_aggregator.test.py
[12.420s] -- Up-to-date: /home/kush/UR5_Project_main/install/pilz_industrial_motion_planner/share/pilz_industrial_motion_planner/launch/unittest_planning_context_loaders.test.py
[12.420s] -- Up-to-date: /home/kush/UR5_Project_main/install/pilz_industrial_motion_planner/share/pilz_industrial_motion_planner/launch/common_parameters.py
[12.441s] -- Up-to-date: /home/kush/UR5_Project_main/install/pilz_industrial_motion_planner/share/pilz_industrial_motion_planner/test_data
[12.441s] -- Up-to-date: /home/kush/UR5_Project_main/install/pilz_industrial_motion_planner/share/pilz_industrial_motion_planner/test_data/frankaemika_panda
[12.441s] -- Up-to-date: /home/kush/UR5_Project_main/install/pilz_industrial_motion_planner/share/pilz_industrial_motion_planner/test_data/frankaemika_panda/testdata_sequence.xml
[12.442s] -- Up-to-date: /home/kush/UR5_Project_main/install/pilz_industrial_motion_planner/share/pilz_industrial_motion_planner/test_data/testpoints.py
[12.442s] -- Up-to-date: /home/kush/UR5_Project_main/install/pilz_industrial_motion_planner/share/pilz_industrial_motion_planner/test_data/prbt
[12.442s] -- Up-to-date: /home/kush/UR5_Project_main/install/pilz_industrial_motion_planner/share/pilz_industrial_motion_planner/test_data/prbt/testdata_deprecated.xml
[12.442s] -- Up-to-date: /home/kush/UR5_Project_main/install/pilz_industrial_motion_planner/share/pilz_industrial_motion_planner/test_data/prbt/testdata_with_gripper.xml
[12.442s] -- Up-to-date: /home/kush/UR5_Project_main/install/pilz_industrial_motion_planner/share/pilz_industrial_motion_planner/test_data/prbt/testdata_sequence.xml
[12.443s] -- Up-to-date: /home/kush/UR5_Project_main/install/pilz_industrial_motion_planner/share/pilz_industrial_motion_planner/test_data/concept_testdata.png
[12.443s] -- Up-to-date: /home/kush/UR5_Project_main/install/pilz_industrial_motion_planner/share/pilz_industrial_motion_planner/test_data/concept_testdata.odp
[12.443s] -- Up-to-date: /home/kush/UR5_Project_main/install/pilz_industrial_motion_planner/share/ament_index/resource_index/package_run_dependencies/pilz_industrial_motion_planner
[12.443s] -- Up-to-date: /home/kush/UR5_Project_main/install/pilz_industrial_motion_planner/share/ament_index/resource_index/parent_prefix_path/pilz_industrial_motion_planner
[12.443s] -- Up-to-date: /home/kush/UR5_Project_main/install/pilz_industrial_motion_planner/share/pilz_industrial_motion_planner/environment/ament_prefix_path.sh
[12.444s] -- Up-to-date: /home/kush/UR5_Project_main/install/pilz_industrial_motion_planner/share/pilz_industrial_motion_planner/environment/ament_prefix_path.dsv
[12.444s] -- Up-to-date: /home/kush/UR5_Project_main/install/pilz_industrial_motion_planner/share/pilz_industrial_motion_planner/environment/path.sh
[12.444s] -- Up-to-date: /home/kush/UR5_Project_main/install/pilz_industrial_motion_planner/share/pilz_industrial_motion_planner/environment/path.dsv
[12.444s] -- Up-to-date: /home/kush/UR5_Project_main/install/pilz_industrial_motion_planner/share/pilz_industrial_motion_planner/local_setup.bash
[12.444s] -- Up-to-date: /home/kush/UR5_Project_main/install/pilz_industrial_motion_planner/share/pilz_industrial_motion_planner/local_setup.sh
[12.444s] -- Up-to-date: /home/kush/UR5_Project_main/install/pilz_industrial_motion_planner/share/pilz_industrial_motion_planner/local_setup.zsh
[12.445s] -- Up-to-date: /home/kush/UR5_Project_main/install/pilz_industrial_motion_planner/share/pilz_industrial_motion_planner/local_setup.dsv
[12.445s] -- Installing: /home/kush/UR5_Project_main/install/pilz_industrial_motion_planner/share/pilz_industrial_motion_planner/package.dsv
[12.467s] -- Up-to-date: /home/kush/UR5_Project_main/install/pilz_industrial_motion_planner/share/ament_index/resource_index/packages/pilz_industrial_motion_planner
[12.468s] -- Up-to-date: /home/kush/UR5_Project_main/install/pilz_industrial_motion_planner/share/ament_index/resource_index/moveit_core__pluginlib__plugin/pilz_industrial_motion_planner
[12.468s] -- Up-to-date: /home/kush/UR5_Project_main/install/pilz_industrial_motion_planner/share/ament_index/resource_index/moveit_ros_move_group__pluginlib__plugin/pilz_industrial_motion_planner
[12.468s] -- Up-to-date: /home/kush/UR5_Project_main/install/pilz_industrial_motion_planner/share/ament_index/resource_index/pilz_industrial_motion_planner__pluginlib__plugin/pilz_industrial_motion_planner
[12.555s] -- Up-to-date: /home/kush/UR5_Project_main/install/pilz_industrial_motion_planner/share/pilz_industrial_motion_planner/cmake/pilz_industrial_motion_plannerTargetsExport.cmake
[12.555s] -- Up-to-date: /home/kush/UR5_Project_main/install/pilz_industrial_motion_planner/share/pilz_industrial_motion_planner/cmake/pilz_industrial_motion_plannerTargetsExport-release.cmake
[12.555s] -- Up-to-date: /home/kush/UR5_Project_main/install/pilz_industrial_motion_planner/share/pilz_industrial_motion_planner/cmake/ament_cmake_export_include_directories-extras.cmake
[12.556s] -- Up-to-date: /home/kush/UR5_Project_main/install/pilz_industrial_motion_planner/share/pilz_industrial_motion_planner/cmake/ament_cmake_export_targets-extras.cmake
[12.556s] -- Up-to-date: /home/kush/UR5_Project_main/install/pilz_industrial_motion_planner/share/pilz_industrial_motion_planner/cmake/ament_cmake_export_dependencies-extras.cmake
[12.556s] -- Up-to-date: /home/kush/UR5_Project_main/install/pilz_industrial_motion_planner/share/pilz_industrial_motion_planner/cmake/pilz_industrial_motion_plannerConfig.cmake
[12.556s] -- Up-to-date: /home/kush/UR5_Project_main/install/pilz_industrial_motion_planner/share/pilz_industrial_motion_planner/cmake/pilz_industrial_motion_plannerConfig-version.cmake
[12.556s] -- Up-to-date: /home/kush/UR5_Project_main/install/pilz_industrial_motion_planner/share/pilz_industrial_motion_planner/package.xml
[12.573s] Invoked command in '/home/kush/UR5_Project_main/build/pilz_industrial_motion_planner' returned '0': AMENT_PREFIX_PATH=/home/kush/UR5_Project_main/install/moveit_resources_prbt_pg70_support:/home/kush/UR5_Project_main/install/moveit_ros_planning_interface:/home/kush/UR5_Project_main/install/moveit_resources_prbt_moveit_config:/home/kush/UR5_Project_main/install/moveit_ros_move_group:/home/kush/UR5_Project_main/install/moveit_ros_warehouse:/home/kush/UR5_Project_main/install/moveit_kinematics:/home/kush/UR5_Project_main/install/moveit_ros_planning:/home/kush/UR5_Project_main/install/pilz_industrial_motion_planner_testutils:/home/kush/UR5_Project_main/install/moveit_ros_occupancy_map_monitor:/home/kush/UR5_Project_main/install/moveit_resources_prbt_ikfast_manipulator_plugin:/home/kush/UR5_Project_main/install/moveit_core:/home/kush/UR5_Project_main/install/moveit_resources_panda_moveit_config:/home/kush/UR5_Project_main/install/moveit_configs_utils:/home/kush/UR5_Project_main/install/srdfdom:/home/kush/UR5_Project_main/install/moveit_resources_prbt_support:/home/kush/UR5_Project_main/install/moveit_resources_panda_description:/home/kush/UR5_Project_main/install/moveit_common:/home/kush/UR5_Project_main/install/launch_param_builder:${AMENT_PREFIX_PATH} CMAKE_PREFIX_PATH=/home/kush/UR5_Project_main/install/moveit_resources_prbt_pg70_support:/home/kush/UR5_Project_main/install/moveit_ros_planning_interface:/home/kush/UR5_Project_main/install/moveit_resources_prbt_moveit_config:/home/kush/UR5_Project_main/install/moveit_ros_move_group:/home/kush/UR5_Project_main/install/moveit_ros_warehouse:/home/kush/UR5_Project_main/install/moveit_kinematics:/home/kush/UR5_Project_main/install/moveit_ros_planning:/home/kush/UR5_Project_main/install/pilz_industrial_motion_planner_testutils:/home/kush/UR5_Project_main/install/moveit_ros_occupancy_map_monitor:/home/kush/UR5_Project_main/install/moveit_resources_prbt_ikfast_manipulator_plugin:/home/kush/UR5_Project_main/install/moveit_core:/home/kush/UR5_Project_main/install/moveit_resources_panda_moveit_config:/home/kush/UR5_Project_main/install/srdfdom:/home/kush/UR5_Project_main/install/moveit_resources_prbt_support:/home/kush/UR5_Project_main/install/moveit_resources_panda_description:/home/kush/UR5_Project_main/install/moveit_common:/home/kush/ws_moveit2_ur5/install/ur_description:/home/kush/ws_moveit2_ur5/install/pilz_industrial_motion_planner_testutils:/home/kush/ws_moveit2_ur5/install/moveit_runtime:/home/kush/ws_moveit2_ur5/install/moveit2_tutorials:/home/kush/ws_moveit2_ur5/install/moveit:/home/kush/ws_moveit2_ur5/install/moveit_planners:/home/kush/ws_moveit2_ur5/install/pilz_industrial_motion_planner:/home/kush/ws_moveit2_ur5/install/moveit_visual_tools:/home/kush/ws_moveit2_ur5/install/moveit_task_constructor_visualization:/home/kush/ws_moveit2_ur5/install/moveit_task_constructor_demo:/home/kush/ws_moveit2_ur5/install/moveit_task_constructor_capabilities:/home/kush/ws_moveit2_ur5/install/moveit_task_constructor_core:/home/kush/ws_moveit2_ur5/install/moveit_ros_control_interface:/home/kush/ws_moveit2_ur5/install/moveit_plugins:/home/kush/ws_moveit2_ur5/install/moveit_simple_controller_manager:/home/kush/ws_moveit2_ur5/install/moveit_setup_assistant:/home/kush/ws_moveit2_ur5/install/moveit_setup_srdf_plugins:/home/kush/ws_moveit2_ur5/install/moveit_setup_core_plugins:/home/kush/ws_moveit2_ur5/install/moveit_setup_controllers:/home/kush/ws_moveit2_ur5/install/moveit_setup_app_plugins:/home/kush/ws_moveit2_ur5/install/moveit_setup_framework:/home/kush/ws_moveit2_ur5/install/moveit_servo:/home/kush/ws_moveit2_ur5/install/moveit_ros:/home/kush/ws_moveit2_ur5/install/moveit_ros_visualization:/home/kush/ws_moveit2_ur5/install/moveit_hybrid_planning:/home/kush/ws_moveit2_ur5/install/moveit_ros_planning_interface:/home/kush/ws_moveit2_ur5/install/moveit_ros_benchmarks:/home/kush/ws_moveit2_ur5/install/moveit_ros_warehouse:/home/kush/ws_moveit2_ur5/install/moveit_ros_robot_interaction:/home/kush/ws_moveit2_ur5/install/moveit_ros_perception:/home/kush/ws_moveit2_ur5/install/moveit_resources_prbt_pg70_support:/home/kush/ws_moveit2_ur5/install/moveit_resources_prbt_moveit_config:/home/kush/ws_moveit2_ur5/install/moveit_ros_move_group:/home/kush/ws_moveit2_ur5/install/moveit_planners_ompl:/home/kush/ws_moveit2_ur5/install/moveit_ros_planning:/home/kush/ws_moveit2_ur5/install/moveit_ros_occupancy_map_monitor:/home/kush/ws_moveit2_ur5/install/moveit_resources_prbt_ikfast_manipulator_plugin:/home/kush/ws_moveit2_ur5/install/moveit_planners_chomp:/home/kush/ws_moveit2_ur5/install/moveit_kinematics:/home/kush/ws_moveit2_ur5/install/moveit_chomp_optimizer_adapter:/home/kush/ws_moveit2_ur5/install/chomp_motion_planner:/home/kush/ws_moveit2_ur5/install/moveit_core:/home/kush/ws_moveit2_ur5/install/srdfdom:/home/kush/ws_moveit2_ur5/install/rviz_marker_tools:/home/kush/ws_moveit2_ur5/install/rosparam_shortcuts:/home/kush/ws_moveit2_ur5/install/moveit_task_constructor_msgs:/home/kush/ws_moveit2_ur5/install/moveit_resources_prbt_support:/home/kush/ws_moveit2_ur5/install/moveit_resources:/home/kush/ws_moveit2_ur5/install/moveit_resources_pr2_description:/home/kush/ws_moveit2_ur5/install/moveit_resources_panda_moveit_config:/home/kush/ws_moveit2_ur5/install/moveit_resources_panda_description:/home/kush/ws_moveit2_ur5/install/moveit_resources_fanuc_moveit_config:/home/kush/ws_moveit2_ur5/install/moveit_resources_fanuc_description:/home/kush/ws_moveit2_ur5/install/moveit_common:/home/kush/ws_moveit2_ur5/install/moveit_configs_utils:/home/kush/ws_moveit2_ur5/install/launch_param_builder:/opt/ros/humble LD_LIBRARY_PATH=/home/kush/UR5_Project_main/install/moveit_ros_planning_interface/lib:/home/kush/UR5_Project_main/install/moveit_ros_move_group/lib:/home/kush/UR5_Project_main/install/moveit_ros_warehouse/lib:/home/kush/UR5_Project_main/install/moveit_kinematics/lib:/home/kush/UR5_Project_main/install/moveit_ros_planning/lib:/home/kush/UR5_Project_main/install/pilz_industrial_motion_planner_testutils/lib:/home/kush/UR5_Project_main/install/moveit_ros_occupancy_map_monitor/lib:/home/kush/UR5_Project_main/install/moveit_resources_prbt_ikfast_manipulator_plugin/lib:/home/kush/UR5_Project_main/install/moveit_core/lib:/home/kush/UR5_Project_main/install/srdfdom/lib:${LD_LIBRARY_PATH} PATH=/home/kush/UR5_Project_main/install/moveit_core/bin:${PATH} PYTHONPATH=/home/kush/UR5_Project_main/install/moveit_configs_utils/lib/python3.10/site-packages:/home/kush/UR5_Project_main/install/srdfdom/local/lib/python3.10/dist-packages:/home/kush/UR5_Project_main/install/launch_param_builder/lib/python3.10/site-packages:${PYTHONPATH} /usr/bin/cmake --install /home/kush/UR5_Project_main/build/pilz_industrial_motion_planner
