[0.025s] Invoking command in '/home/kush/UR5_Project_main/build/moveit_resources_fanuc_description': CMAKE_PREFIX_PATH=${CMAKE_PREFIX_PATH}:/home/kush/ws_moveit2_ur5/install/moveit_configs_utils:/home/kush/ws_moveit2_ur5/install/launch_param_builder:/opt/ros/humble /usr/bin/cmake /home/kush/UR5_Project_main/src/moveit_resources/fanuc_description -DCMAKE_BUILD_TYPE=Release -DCMAKE_INSTALL_PREFIX=/home/kush/UR5_Project_main/install/moveit_resources_fanuc_description
[0.145s] -- The C compiler identification is GNU 11.4.0
[0.259s] -- The CXX compiler identification is GNU 11.4.0
[0.273s] -- Detecting C compiler ABI info
[0.428s] -- Detecting C compiler ABI info - done
[0.448s] -- Check for working C compiler: /usr/bin/cc - skipped
[0.448s] -- Detecting C compile features
[0.449s] -- Detecting C compile features - done
[0.454s] -- Detecting CXX compiler ABI info
[0.616s] -- Detecting CXX compiler ABI info - done
[0.631s] -- Check for working CXX compiler: /usr/bin/c++ - skipped
[0.632s] -- Detecting CXX compile features
[0.633s] -- Detecting CXX compile features - done
[0.649s] -- Found ament_cmake: 1.3.5 (/opt/ros/humble/share/ament_cmake/cmake)
[1.046s] -- Found Python3: /usr/bin/python3.10 (found version "3.10.12") found components: Interpreter 
[1.582s] -- Configuring done
[1.597s] -- Generating done
[1.597s] -- Build files have been written to: /home/kush/UR5_Project_main/build/moveit_resources_fanuc_description
[1.605s] Invoked command in '/home/kush/UR5_Project_main/build/moveit_resources_fanuc_description' returned '0': CMAKE_PREFIX_PATH=${CMAKE_PREFIX_PATH}:/home/kush/ws_moveit2_ur5/install/moveit_configs_utils:/home/kush/ws_moveit2_ur5/install/launch_param_builder:/opt/ros/humble /usr/bin/cmake /home/kush/UR5_Project_main/src/moveit_resources/fanuc_description -DCMAKE_BUILD_TYPE=Release -DCMAKE_INSTALL_PREFIX=/home/kush/UR5_Project_main/install/moveit_resources_fanuc_description
[1.609s] Invoking command in '/home/kush/UR5_Project_main/build/moveit_resources_fanuc_description': CMAKE_PREFIX_PATH=${CMAKE_PREFIX_PATH}:/home/kush/ws_moveit2_ur5/install/moveit_configs_utils:/home/kush/ws_moveit2_ur5/install/launch_param_builder:/opt/ros/humble /usr/bin/cmake --build /home/kush/UR5_Project_main/build/moveit_resources_fanuc_description -- -j4 -l4
[1.697s] Invoked command in '/home/kush/UR5_Project_main/build/moveit_resources_fanuc_description' returned '0': CMAKE_PREFIX_PATH=${CMAKE_PREFIX_PATH}:/home/kush/ws_moveit2_ur5/install/moveit_configs_utils:/home/kush/ws_moveit2_ur5/install/launch_param_builder:/opt/ros/humble /usr/bin/cmake --build /home/kush/UR5_Project_main/build/moveit_resources_fanuc_description -- -j4 -l4
[1.803s] Invoking command in '/home/kush/UR5_Project_main/build/moveit_resources_fanuc_description': CMAKE_PREFIX_PATH=${CMAKE_PREFIX_PATH}:/home/kush/ws_moveit2_ur5/install/moveit_configs_utils:/home/kush/ws_moveit2_ur5/install/launch_param_builder:/opt/ros/humble /usr/bin/cmake --install /home/kush/UR5_Project_main/build/moveit_resources_fanuc_description
[1.819s] -- Install configuration: "Release"
[1.820s] -- Installing: /home/kush/UR5_Project_main/install/moveit_resources_fanuc_description/share/ament_index/resource_index/package_run_dependencies/moveit_resources_fanuc_description
[1.821s] -- Installing: /home/kush/UR5_Project_main/install/moveit_resources_fanuc_description/share/ament_index/resource_index/parent_prefix_path/moveit_resources_fanuc_description
[1.821s] -- Installing: /home/kush/UR5_Project_main/install/moveit_resources_fanuc_description/share/moveit_resources_fanuc_description/environment/ament_prefix_path.sh
[1.821s] -- Installing: /home/kush/UR5_Project_main/install/moveit_resources_fanuc_description/share/moveit_resources_fanuc_description/environment/ament_prefix_path.dsv
[1.822s] -- Installing: /home/kush/UR5_Project_main/install/moveit_resources_fanuc_description/share/moveit_resources_fanuc_description/environment/path.sh
[1.822s] -- Installing: /home/kush/UR5_Project_main/install/moveit_resources_fanuc_description/share/moveit_resources_fanuc_description/environment/path.dsv
[1.822s] -- Installing: /home/kush/UR5_Project_main/install/moveit_resources_fanuc_description/share/moveit_resources_fanuc_description/local_setup.bash
[1.822s] -- Installing: /home/kush/UR5_Project_main/install/moveit_resources_fanuc_description/share/moveit_resources_fanuc_description/local_setup.sh
[1.824s] -- Installing: /home/kush/UR5_Project_main/install/moveit_resources_fanuc_description/share/moveit_resources_fanuc_description/local_setup.zsh
[1.824s] -- Installing: /home/kush/UR5_Project_main/install/moveit_resources_fanuc_description/share/moveit_resources_fanuc_description/local_setup.dsv
[1.824s] -- Installing: /home/kush/UR5_Project_main/install/moveit_resources_fanuc_description/share/moveit_resources_fanuc_description/package.dsv
[1.824s] -- Installing: /home/kush/UR5_Project_main/install/moveit_resources_fanuc_description/share/ament_index/resource_index/packages/moveit_resources_fanuc_description
[1.825s] -- Installing: /home/kush/UR5_Project_main/install/moveit_resources_fanuc_description/share/moveit_resources_fanuc_description/cmake/moveit_resources_fanuc_descriptionConfig.cmake
[1.825s] -- Installing: /home/kush/UR5_Project_main/install/moveit_resources_fanuc_description/share/moveit_resources_fanuc_description/cmake/moveit_resources_fanuc_descriptionConfig-version.cmake
[1.825s] -- Installing: /home/kush/UR5_Project_main/install/moveit_resources_fanuc_description/share/moveit_resources_fanuc_description/package.xml
[1.825s] -- Installing: /home/kush/UR5_Project_main/install/moveit_resources_fanuc_description/share/moveit_resources_fanuc_description/meshes
[1.826s] -- Installing: /home/kush/UR5_Project_main/install/moveit_resources_fanuc_description/share/moveit_resources_fanuc_description/meshes/visual
[1.826s] -- Installing: /home/kush/UR5_Project_main/install/moveit_resources_fanuc_description/share/moveit_resources_fanuc_description/meshes/visual/link_2.stl
[1.826s] -- Installing: /home/kush/UR5_Project_main/install/moveit_resources_fanuc_description/share/moveit_resources_fanuc_description/meshes/visual/link_5.stl
[1.826s] -- Installing: /home/kush/UR5_Project_main/install/moveit_resources_fanuc_description/share/moveit_resources_fanuc_description/meshes/visual/link_6.stl
[1.827s] -- Installing: /home/kush/UR5_Project_main/install/moveit_resources_fanuc_description/share/moveit_resources_fanuc_description/meshes/visual/link_4.stl
[1.827s] -- Installing: /home/kush/UR5_Project_main/install/moveit_resources_fanuc_description/share/moveit_resources_fanuc_description/meshes/visual/base_link.stl
[1.827s] -- Installing: /home/kush/UR5_Project_main/install/moveit_resources_fanuc_description/share/moveit_resources_fanuc_description/meshes/visual/link_1.stl
[1.828s] -- Installing: /home/kush/UR5_Project_main/install/moveit_resources_fanuc_description/share/moveit_resources_fanuc_description/meshes/visual/link_3.stl
[1.828s] -- Installing: /home/kush/UR5_Project_main/install/moveit_resources_fanuc_description/share/moveit_resources_fanuc_description/meshes/collision
[1.828s] -- Installing: /home/kush/UR5_Project_main/install/moveit_resources_fanuc_description/share/moveit_resources_fanuc_description/meshes/collision/link_2.stl
[1.828s] -- Installing: /home/kush/UR5_Project_main/install/moveit_resources_fanuc_description/share/moveit_resources_fanuc_description/meshes/collision/link_5.stl
[1.829s] -- Installing: /home/kush/UR5_Project_main/install/moveit_resources_fanuc_description/share/moveit_resources_fanuc_description/meshes/collision/link_6.stl
[1.829s] -- Installing: /home/kush/UR5_Project_main/install/moveit_resources_fanuc_description/share/moveit_resources_fanuc_description/meshes/collision/link_4.stl
[1.829s] -- Installing: /home/kush/UR5_Project_main/install/moveit_resources_fanuc_description/share/moveit_resources_fanuc_description/meshes/collision/base_link.stl
[1.829s] -- Installing: /home/kush/UR5_Project_main/install/moveit_resources_fanuc_description/share/moveit_resources_fanuc_description/meshes/collision/link_1.stl
[1.830s] -- Installing: /home/kush/UR5_Project_main/install/moveit_resources_fanuc_description/share/moveit_resources_fanuc_description/meshes/collision/link_3.stl
[1.830s] -- Installing: /home/kush/UR5_Project_main/install/moveit_resources_fanuc_description/share/moveit_resources_fanuc_description/urdf
[1.830s] -- Installing: /home/kush/UR5_Project_main/install/moveit_resources_fanuc_description/share/moveit_resources_fanuc_description/urdf/fanuc.urdf
[1.841s] Invoked command in '/home/kush/UR5_Project_main/build/moveit_resources_fanuc_description' returned '0': CMAKE_PREFIX_PATH=${CMAKE_PREFIX_PATH}:/home/kush/ws_moveit2_ur5/install/moveit_configs_utils:/home/kush/ws_moveit2_ur5/install/launch_param_builder:/opt/ros/humble /usr/bin/cmake --install /home/kush/UR5_Project_main/build/moveit_resources_fanuc_description
