[0.181s] Invoking command in '/home/kush/UR5_Project_main/build/moveit_task_constructor_msgs': CMAKE_PREFIX_PATH=${CMAKE_PREFIX_PATH}:/home/kush/ws_moveit2_ur5/install/moveit_configs_utils:/home/kush/ws_moveit2_ur5/install/launch_param_builder:/opt/ros/humble /usr/bin/cmake --build /home/kush/UR5_Project_main/build/moveit_task_constructor_msgs -- -j4 -l4
[3.434s] [  0%] Built target moveit_task_constructor_msgs__cpp
[4.195s] [  0%] Built target ament_cmake_python_copy_moveit_task_constructor_msgs
[5.068s] [35m[1mConsolidate compiler generated dependencies of target moveit_task_constructor_msgs__rosidl_typesupport_fastrtps_cpp[0m
[5.574s] [ 11%] Built target moveit_task_constructor_msgs__rosidl_typesupport_fastrtps_cpp
[5.937s] [35m[1mConsolidate compiler generated dependencies of target moveit_task_constructor_msgs__rosidl_typesupport_introspection_cpp[0m
[6.035s] [ 23%] Built target moveit_task_constructor_msgs__rosidl_typesupport_introspection_cpp
[6.646s] running egg_info
[6.647s] writing moveit_task_constructor_msgs.egg-info/PKG-INFO
[6.647s] writing dependency_links to moveit_task_constructor_msgs.egg-info/dependency_links.txt
[6.647s] writing top-level names to moveit_task_constructor_msgs.egg-info/top_level.txt
[6.657s] reading manifest file 'moveit_task_constructor_msgs.egg-info/SOURCES.txt'
[6.666s] writing manifest file 'moveit_task_constructor_msgs.egg-info/SOURCES.txt'
[6.722s] [ 23%] Built target ament_cmake_python_build_moveit_task_constructor_msgs_egg
[7.854s] [35m[1mConsolidate compiler generated dependencies of target moveit_task_constructor_msgs__rosidl_typesupport_cpp[0m
[7.942s] [ 35%] Built target moveit_task_constructor_msgs__rosidl_typesupport_cpp
[8.384s] [35m[1mConsolidate compiler generated dependencies of target moveit_task_constructor_msgs__rosidl_generator_c[0m
[8.707s] [ 47%] Built target moveit_task_constructor_msgs__rosidl_generator_c
[9.310s] [35m[1mConsolidate compiler generated dependencies of target moveit_task_constructor_msgs__rosidl_typesupport_fastrtps_c[0m
[9.417s] [ 59%] Built target moveit_task_constructor_msgs__rosidl_typesupport_fastrtps_c
[9.582s] [35m[1mConsolidate compiler generated dependencies of target moveit_task_constructor_msgs__rosidl_typesupport_c[0m
[9.646s] [ 71%] Built target moveit_task_constructor_msgs__rosidl_typesupport_c
[9.788s] [35m[1mConsolidate compiler generated dependencies of target moveit_task_constructor_msgs__rosidl_typesupport_introspection_c[0m
[9.930s] [ 83%] Built target moveit_task_constructor_msgs__rosidl_typesupport_introspection_c
[10.046s] [ 83%] Built target moveit_task_constructor_msgs
[10.207s] [ 84%] Built target moveit_task_constructor_msgs__py
[10.643s] [35m[1mConsolidate compiler generated dependencies of target moveit_task_constructor_msgs__rosidl_generator_py[0m
[10.729s] [ 95%] Built target moveit_task_constructor_msgs__rosidl_generator_py
[10.829s] [35m[1mConsolidate compiler generated dependencies of target moveit_task_constructor_msgs__rosidl_typesupport_fastrtps_c__pyext[0m
[10.927s] [ 97%] Built target moveit_task_constructor_msgs__rosidl_typesupport_fastrtps_c__pyext
[11.051s] [35m[1mConsolidate compiler generated dependencies of target moveit_task_constructor_msgs__rosidl_typesupport_c__pyext[0m
[11.101s] [ 98%] Built target moveit_task_constructor_msgs__rosidl_typesupport_c__pyext
[11.228s] [35m[1mConsolidate compiler generated dependencies of target moveit_task_constructor_msgs__rosidl_typesupport_introspection_c__pyext[0m
[11.282s] [100%] Built target moveit_task_constructor_msgs__rosidl_typesupport_introspection_c__pyext
[11.313s] Invoked command in '/home/kush/UR5_Project_main/build/moveit_task_constructor_msgs' returned '0': CMAKE_PREFIX_PATH=${CMAKE_PREFIX_PATH}:/home/kush/ws_moveit2_ur5/install/moveit_configs_utils:/home/kush/ws_moveit2_ur5/install/launch_param_builder:/opt/ros/humble /usr/bin/cmake --build /home/kush/UR5_Project_main/build/moveit_task_constructor_msgs -- -j4 -l4
[12.396s] Invoking command in '/home/kush/UR5_Project_main/build/moveit_task_constructor_msgs': CMAKE_PREFIX_PATH=${CMAKE_PREFIX_PATH}:/home/kush/ws_moveit2_ur5/install/moveit_configs_utils:/home/kush/ws_moveit2_ur5/install/launch_param_builder:/opt/ros/humble /usr/bin/cmake --install /home/kush/UR5_Project_main/build/moveit_task_constructor_msgs
[12.439s] -- Install configuration: "Release"
[12.440s] -- Up-to-date: /home/kush/UR5_Project_main/install/moveit_task_constructor_msgs/share/ament_index/resource_index/rosidl_interfaces/moveit_task_constructor_msgs
[12.440s] -- Up-to-date: /home/kush/UR5_Project_main/install/moveit_task_constructor_msgs/include/moveit_task_constructor_msgs/moveit_task_constructor_msgs
[12.441s] -- Up-to-date: /home/kush/UR5_Project_main/install/moveit_task_constructor_msgs/include/moveit_task_constructor_msgs/moveit_task_constructor_msgs/srv
[12.441s] -- Up-to-date: /home/kush/UR5_Project_main/install/moveit_task_constructor_msgs/include/moveit_task_constructor_msgs/moveit_task_constructor_msgs/srv/detail
[12.441s] -- Up-to-date: /home/kush/UR5_Project_main/install/moveit_task_constructor_msgs/include/moveit_task_constructor_msgs/moveit_task_constructor_msgs/srv/detail/get_solution__functions.c
[12.442s] -- Up-to-date: /home/kush/UR5_Project_main/install/moveit_task_constructor_msgs/include/moveit_task_constructor_msgs/moveit_task_constructor_msgs/srv/detail/get_solution__type_support.h
[12.442s] -- Up-to-date: /home/kush/UR5_Project_main/install/moveit_task_constructor_msgs/include/moveit_task_constructor_msgs/moveit_task_constructor_msgs/srv/detail/get_solution__functions.h
[12.442s] -- Up-to-date: /home/kush/UR5_Project_main/install/moveit_task_constructor_msgs/include/moveit_task_constructor_msgs/moveit_task_constructor_msgs/srv/detail/get_solution__struct.h
[12.443s] -- Up-to-date: /home/kush/UR5_Project_main/install/moveit_task_constructor_msgs/include/moveit_task_constructor_msgs/moveit_task_constructor_msgs/srv/get_solution.h
[12.443s] -- Up-to-date: /home/kush/UR5_Project_main/install/moveit_task_constructor_msgs/include/moveit_task_constructor_msgs/moveit_task_constructor_msgs/msg
[12.443s] -- Up-to-date: /home/kush/UR5_Project_main/install/moveit_task_constructor_msgs/include/moveit_task_constructor_msgs/moveit_task_constructor_msgs/msg/rosidl_generator_c__visibility_control.h
[12.444s] -- Up-to-date: /home/kush/UR5_Project_main/install/moveit_task_constructor_msgs/include/moveit_task_constructor_msgs/moveit_task_constructor_msgs/msg/property.h
[12.444s] -- Up-to-date: /home/kush/UR5_Project_main/install/moveit_task_constructor_msgs/include/moveit_task_constructor_msgs/moveit_task_constructor_msgs/msg/task_description.h
[12.444s] -- Up-to-date: /home/kush/UR5_Project_main/install/moveit_task_constructor_msgs/include/moveit_task_constructor_msgs/moveit_task_constructor_msgs/msg/solution.h
[12.445s] -- Up-to-date: /home/kush/UR5_Project_main/install/moveit_task_constructor_msgs/include/moveit_task_constructor_msgs/moveit_task_constructor_msgs/msg/solution_info.h
[12.445s] -- Up-to-date: /home/kush/UR5_Project_main/install/moveit_task_constructor_msgs/include/moveit_task_constructor_msgs/moveit_task_constructor_msgs/msg/stage_statistics.h
[12.445s] -- Up-to-date: /home/kush/UR5_Project_main/install/moveit_task_constructor_msgs/include/moveit_task_constructor_msgs/moveit_task_constructor_msgs/msg/sub_solution.h
[12.446s] -- Up-to-date: /home/kush/UR5_Project_main/install/moveit_task_constructor_msgs/include/moveit_task_constructor_msgs/moveit_task_constructor_msgs/msg/task_statistics.h
[12.446s] -- Up-to-date: /home/kush/UR5_Project_main/install/moveit_task_constructor_msgs/include/moveit_task_constructor_msgs/moveit_task_constructor_msgs/msg/sub_trajectory.h
[12.446s] -- Up-to-date: /home/kush/UR5_Project_main/install/moveit_task_constructor_msgs/include/moveit_task_constructor_msgs/moveit_task_constructor_msgs/msg/detail
[12.447s] -- Up-to-date: /home/kush/UR5_Project_main/install/moveit_task_constructor_msgs/include/moveit_task_constructor_msgs/moveit_task_constructor_msgs/msg/detail/stage_statistics__functions.c
[12.447s] -- Up-to-date: /home/kush/UR5_Project_main/install/moveit_task_constructor_msgs/include/moveit_task_constructor_msgs/moveit_task_constructor_msgs/msg/detail/task_description__functions.c
[12.447s] -- Up-to-date: /home/kush/UR5_Project_main/install/moveit_task_constructor_msgs/include/moveit_task_constructor_msgs/moveit_task_constructor_msgs/msg/detail/stage_statistics__struct.h
[12.448s] -- Up-to-date: /home/kush/UR5_Project_main/install/moveit_task_constructor_msgs/include/moveit_task_constructor_msgs/moveit_task_constructor_msgs/msg/detail/solution__struct.h
[12.448s] -- Up-to-date: /home/kush/UR5_Project_main/install/moveit_task_constructor_msgs/include/moveit_task_constructor_msgs/moveit_task_constructor_msgs/msg/detail/solution__functions.c
[12.448s] -- Up-to-date: /home/kush/UR5_Project_main/install/moveit_task_constructor_msgs/include/moveit_task_constructor_msgs/moveit_task_constructor_msgs/msg/detail/sub_trajectory__struct.h
[12.448s] -- Up-to-date: /home/kush/UR5_Project_main/install/moveit_task_constructor_msgs/include/moveit_task_constructor_msgs/moveit_task_constructor_msgs/msg/detail/solution_info__functions.h
[12.449s] -- Up-to-date: /home/kush/UR5_Project_main/install/moveit_task_constructor_msgs/include/moveit_task_constructor_msgs/moveit_task_constructor_msgs/msg/detail/sub_trajectory__type_support.h
[12.450s] -- Up-to-date: /home/kush/UR5_Project_main/install/moveit_task_constructor_msgs/include/moveit_task_constructor_msgs/moveit_task_constructor_msgs/msg/detail/stage_description__functions.c
[12.450s] -- Up-to-date: /home/kush/UR5_Project_main/install/moveit_task_constructor_msgs/include/moveit_task_constructor_msgs/moveit_task_constructor_msgs/msg/detail/sub_trajectory__functions.c
[12.450s] -- Up-to-date: /home/kush/UR5_Project_main/install/moveit_task_constructor_msgs/include/moveit_task_constructor_msgs/moveit_task_constructor_msgs/msg/detail/sub_solution__functions.h
[12.451s] -- Up-to-date: /home/kush/UR5_Project_main/install/moveit_task_constructor_msgs/include/moveit_task_constructor_msgs/moveit_task_constructor_msgs/msg/detail/task_description__type_support.h
[12.451s] -- Up-to-date: /home/kush/UR5_Project_main/install/moveit_task_constructor_msgs/include/moveit_task_constructor_msgs/moveit_task_constructor_msgs/msg/detail/task_statistics__functions.h
[12.451s] -- Up-to-date: /home/kush/UR5_Project_main/install/moveit_task_constructor_msgs/include/moveit_task_constructor_msgs/moveit_task_constructor_msgs/msg/detail/property__type_support.h
[12.451s] -- Up-to-date: /home/kush/UR5_Project_main/install/moveit_task_constructor_msgs/include/moveit_task_constructor_msgs/moveit_task_constructor_msgs/msg/detail/sub_solution__struct.h
[12.451s] -- Up-to-date: /home/kush/UR5_Project_main/install/moveit_task_constructor_msgs/include/moveit_task_constructor_msgs/moveit_task_constructor_msgs/msg/detail/task_description__struct.h
[12.451s] -- Up-to-date: /home/kush/UR5_Project_main/install/moveit_task_constructor_msgs/include/moveit_task_constructor_msgs/moveit_task_constructor_msgs/msg/detail/sub_solution__type_support.h
[12.452s] -- Up-to-date: /home/kush/UR5_Project_main/install/moveit_task_constructor_msgs/include/moveit_task_constructor_msgs/moveit_task_constructor_msgs/msg/detail/task_description__functions.h
[12.452s] -- Up-to-date: /home/kush/UR5_Project_main/install/moveit_task_constructor_msgs/include/moveit_task_constructor_msgs/moveit_task_constructor_msgs/msg/detail/solution_info__struct.h
[12.452s] -- Up-to-date: /home/kush/UR5_Project_main/install/moveit_task_constructor_msgs/include/moveit_task_constructor_msgs/moveit_task_constructor_msgs/msg/detail/task_statistics__struct.h
[12.452s] -- Up-to-date: /home/kush/UR5_Project_main/install/moveit_task_constructor_msgs/include/moveit_task_constructor_msgs/moveit_task_constructor_msgs/msg/detail/stage_description__type_support.h
[12.452s] -- Up-to-date: /home/kush/UR5_Project_main/install/moveit_task_constructor_msgs/include/moveit_task_constructor_msgs/moveit_task_constructor_msgs/msg/detail/stage_description__functions.h
[12.452s] -- Up-to-date: /home/kush/UR5_Project_main/install/moveit_task_constructor_msgs/include/moveit_task_constructor_msgs/moveit_task_constructor_msgs/msg/detail/sub_solution__functions.c
[12.453s] -- Up-to-date: /home/kush/UR5_Project_main/install/moveit_task_constructor_msgs/include/moveit_task_constructor_msgs/moveit_task_constructor_msgs/msg/detail/stage_statistics__functions.h
[12.453s] -- Up-to-date: /home/kush/UR5_Project_main/install/moveit_task_constructor_msgs/include/moveit_task_constructor_msgs/moveit_task_constructor_msgs/msg/detail/property__functions.c
[12.453s] -- Up-to-date: /home/kush/UR5_Project_main/install/moveit_task_constructor_msgs/include/moveit_task_constructor_msgs/moveit_task_constructor_msgs/msg/detail/task_statistics__functions.c
[12.453s] -- Up-to-date: /home/kush/UR5_Project_main/install/moveit_task_constructor_msgs/include/moveit_task_constructor_msgs/moveit_task_constructor_msgs/msg/detail/solution__functions.h
[12.453s] -- Up-to-date: /home/kush/UR5_Project_main/install/moveit_task_constructor_msgs/include/moveit_task_constructor_msgs/moveit_task_constructor_msgs/msg/detail/task_statistics__type_support.h
[12.453s] -- Up-to-date: /home/kush/UR5_Project_main/install/moveit_task_constructor_msgs/include/moveit_task_constructor_msgs/moveit_task_constructor_msgs/msg/detail/sub_trajectory__functions.h
[12.453s] -- Up-to-date: /home/kush/UR5_Project_main/install/moveit_task_constructor_msgs/include/moveit_task_constructor_msgs/moveit_task_constructor_msgs/msg/detail/solution_info__type_support.h
[12.454s] -- Up-to-date: /home/kush/UR5_Project_main/install/moveit_task_constructor_msgs/include/moveit_task_constructor_msgs/moveit_task_constructor_msgs/msg/detail/solution_info__functions.c
[12.454s] -- Up-to-date: /home/kush/UR5_Project_main/install/moveit_task_constructor_msgs/include/moveit_task_constructor_msgs/moveit_task_constructor_msgs/msg/detail/property__struct.h
[12.454s] -- Up-to-date: /home/kush/UR5_Project_main/install/moveit_task_constructor_msgs/include/moveit_task_constructor_msgs/moveit_task_constructor_msgs/msg/detail/stage_statistics__type_support.h
[12.454s] -- Up-to-date: /home/kush/UR5_Project_main/install/moveit_task_constructor_msgs/include/moveit_task_constructor_msgs/moveit_task_constructor_msgs/msg/detail/solution__type_support.h
[12.454s] -- Up-to-date: /home/kush/UR5_Project_main/install/moveit_task_constructor_msgs/include/moveit_task_constructor_msgs/moveit_task_constructor_msgs/msg/detail/stage_description__struct.h
[12.454s] -- Up-to-date: /home/kush/UR5_Project_main/install/moveit_task_constructor_msgs/include/moveit_task_constructor_msgs/moveit_task_constructor_msgs/msg/detail/property__functions.h
[12.455s] -- Up-to-date: /home/kush/UR5_Project_main/install/moveit_task_constructor_msgs/include/moveit_task_constructor_msgs/moveit_task_constructor_msgs/msg/stage_description.h
[12.455s] -- Up-to-date: /home/kush/UR5_Project_main/install/moveit_task_constructor_msgs/include/moveit_task_constructor_msgs/moveit_task_constructor_msgs/action
[12.455s] -- Up-to-date: /home/kush/UR5_Project_main/install/moveit_task_constructor_msgs/include/moveit_task_constructor_msgs/moveit_task_constructor_msgs/action/execute_task_solution.h
[12.455s] -- Up-to-date: /home/kush/UR5_Project_main/install/moveit_task_constructor_msgs/include/moveit_task_constructor_msgs/moveit_task_constructor_msgs/action/detail
[12.455s] -- Up-to-date: /home/kush/UR5_Project_main/install/moveit_task_constructor_msgs/include/moveit_task_constructor_msgs/moveit_task_constructor_msgs/action/detail/execute_task_solution__functions.h
[12.455s] -- Up-to-date: /home/kush/UR5_Project_main/install/moveit_task_constructor_msgs/include/moveit_task_constructor_msgs/moveit_task_constructor_msgs/action/detail/execute_task_solution__type_support.h
[12.456s] -- Up-to-date: /home/kush/UR5_Project_main/install/moveit_task_constructor_msgs/include/moveit_task_constructor_msgs/moveit_task_constructor_msgs/action/detail/execute_task_solution__functions.c
[12.456s] -- Up-to-date: /home/kush/UR5_Project_main/install/moveit_task_constructor_msgs/include/moveit_task_constructor_msgs/moveit_task_constructor_msgs/action/detail/execute_task_solution__struct.h
[12.456s] -- Up-to-date: /home/kush/UR5_Project_main/install/moveit_task_constructor_msgs/share/moveit_task_constructor_msgs/environment/library_path.sh
[12.456s] -- Up-to-date: /home/kush/UR5_Project_main/install/moveit_task_constructor_msgs/share/moveit_task_constructor_msgs/environment/library_path.dsv
[12.513s] -- Up-to-date: /home/kush/UR5_Project_main/install/moveit_task_constructor_msgs/lib/libmoveit_task_constructor_msgs__rosidl_generator_c.so
[12.514s] -- Up-to-date: /home/kush/UR5_Project_main/install/moveit_task_constructor_msgs/include/moveit_task_constructor_msgs/moveit_task_constructor_msgs
[12.515s] -- Up-to-date: /home/kush/UR5_Project_main/install/moveit_task_constructor_msgs/include/moveit_task_constructor_msgs/moveit_task_constructor_msgs/srv
[12.516s] -- Up-to-date: /home/kush/UR5_Project_main/install/moveit_task_constructor_msgs/include/moveit_task_constructor_msgs/moveit_task_constructor_msgs/srv/detail
[12.516s] -- Up-to-date: /home/kush/UR5_Project_main/install/moveit_task_constructor_msgs/include/moveit_task_constructor_msgs/moveit_task_constructor_msgs/srv/detail/get_solution__rosidl_typesupport_fastrtps_c.h
[12.516s] -- Up-to-date: /home/kush/UR5_Project_main/install/moveit_task_constructor_msgs/include/moveit_task_constructor_msgs/moveit_task_constructor_msgs/msg
[12.516s] -- Up-to-date: /home/kush/UR5_Project_main/install/moveit_task_constructor_msgs/include/moveit_task_constructor_msgs/moveit_task_constructor_msgs/msg/rosidl_typesupport_fastrtps_c__visibility_control.h
[12.516s] -- Up-to-date: /home/kush/UR5_Project_main/install/moveit_task_constructor_msgs/include/moveit_task_constructor_msgs/moveit_task_constructor_msgs/msg/detail
[12.516s] -- Up-to-date: /home/kush/UR5_Project_main/install/moveit_task_constructor_msgs/include/moveit_task_constructor_msgs/moveit_task_constructor_msgs/msg/detail/sub_solution__rosidl_typesupport_fastrtps_c.h
[12.517s] -- Up-to-date: /home/kush/UR5_Project_main/install/moveit_task_constructor_msgs/include/moveit_task_constructor_msgs/moveit_task_constructor_msgs/msg/detail/sub_trajectory__rosidl_typesupport_fastrtps_c.h
[12.517s] -- Up-to-date: /home/kush/UR5_Project_main/install/moveit_task_constructor_msgs/include/moveit_task_constructor_msgs/moveit_task_constructor_msgs/msg/detail/property__rosidl_typesupport_fastrtps_c.h
[12.517s] -- Up-to-date: /home/kush/UR5_Project_main/install/moveit_task_constructor_msgs/include/moveit_task_constructor_msgs/moveit_task_constructor_msgs/msg/detail/solution_info__rosidl_typesupport_fastrtps_c.h
[12.517s] -- Up-to-date: /home/kush/UR5_Project_main/install/moveit_task_constructor_msgs/include/moveit_task_constructor_msgs/moveit_task_constructor_msgs/msg/detail/solution__rosidl_typesupport_fastrtps_c.h
[12.517s] -- Up-to-date: /home/kush/UR5_Project_main/install/moveit_task_constructor_msgs/include/moveit_task_constructor_msgs/moveit_task_constructor_msgs/msg/detail/stage_statistics__rosidl_typesupport_fastrtps_c.h
[12.517s] -- Up-to-date: /home/kush/UR5_Project_main/install/moveit_task_constructor_msgs/include/moveit_task_constructor_msgs/moveit_task_constructor_msgs/msg/detail/stage_description__rosidl_typesupport_fastrtps_c.h
[12.518s] -- Up-to-date: /home/kush/UR5_Project_main/install/moveit_task_constructor_msgs/include/moveit_task_constructor_msgs/moveit_task_constructor_msgs/msg/detail/task_statistics__rosidl_typesupport_fastrtps_c.h
[12.518s] -- Up-to-date: /home/kush/UR5_Project_main/install/moveit_task_constructor_msgs/include/moveit_task_constructor_msgs/moveit_task_constructor_msgs/msg/detail/task_description__rosidl_typesupport_fastrtps_c.h
[12.518s] -- Up-to-date: /home/kush/UR5_Project_main/install/moveit_task_constructor_msgs/include/moveit_task_constructor_msgs/moveit_task_constructor_msgs/action
[12.518s] -- Up-to-date: /home/kush/UR5_Project_main/install/moveit_task_constructor_msgs/include/moveit_task_constructor_msgs/moveit_task_constructor_msgs/action/detail
[12.518s] -- Up-to-date: /home/kush/UR5_Project_main/install/moveit_task_constructor_msgs/include/moveit_task_constructor_msgs/moveit_task_constructor_msgs/action/detail/execute_task_solution__rosidl_typesupport_fastrtps_c.h
[12.583s] -- Up-to-date: /home/kush/UR5_Project_main/install/moveit_task_constructor_msgs/lib/libmoveit_task_constructor_msgs__rosidl_typesupport_fastrtps_c.so
[12.583s] -- Up-to-date: /home/kush/UR5_Project_main/install/moveit_task_constructor_msgs/include/moveit_task_constructor_msgs/moveit_task_constructor_msgs
[12.583s] -- Up-to-date: /home/kush/UR5_Project_main/install/moveit_task_constructor_msgs/include/moveit_task_constructor_msgs/moveit_task_constructor_msgs/srv
[12.584s] -- Up-to-date: /home/kush/UR5_Project_main/install/moveit_task_constructor_msgs/include/moveit_task_constructor_msgs/moveit_task_constructor_msgs/srv/get_solution.hpp
[12.584s] -- Up-to-date: /home/kush/UR5_Project_main/install/moveit_task_constructor_msgs/include/moveit_task_constructor_msgs/moveit_task_constructor_msgs/srv/detail
[12.584s] -- Up-to-date: /home/kush/UR5_Project_main/install/moveit_task_constructor_msgs/include/moveit_task_constructor_msgs/moveit_task_constructor_msgs/srv/detail/get_solution__traits.hpp
[12.584s] -- Up-to-date: /home/kush/UR5_Project_main/install/moveit_task_constructor_msgs/include/moveit_task_constructor_msgs/moveit_task_constructor_msgs/srv/detail/get_solution__struct.hpp
[12.584s] -- Up-to-date: /home/kush/UR5_Project_main/install/moveit_task_constructor_msgs/include/moveit_task_constructor_msgs/moveit_task_constructor_msgs/srv/detail/get_solution__builder.hpp
[12.584s] -- Up-to-date: /home/kush/UR5_Project_main/install/moveit_task_constructor_msgs/include/moveit_task_constructor_msgs/moveit_task_constructor_msgs/msg
[12.585s] -- Up-to-date: /home/kush/UR5_Project_main/install/moveit_task_constructor_msgs/include/moveit_task_constructor_msgs/moveit_task_constructor_msgs/msg/task_statistics.hpp
[12.585s] -- Up-to-date: /home/kush/UR5_Project_main/install/moveit_task_constructor_msgs/include/moveit_task_constructor_msgs/moveit_task_constructor_msgs/msg/stage_statistics.hpp
[12.585s] -- Up-to-date: /home/kush/UR5_Project_main/install/moveit_task_constructor_msgs/include/moveit_task_constructor_msgs/moveit_task_constructor_msgs/msg/task_description.hpp
[12.585s] -- Up-to-date: /home/kush/UR5_Project_main/install/moveit_task_constructor_msgs/include/moveit_task_constructor_msgs/moveit_task_constructor_msgs/msg/sub_solution.hpp
[12.585s] -- Up-to-date: /home/kush/UR5_Project_main/install/moveit_task_constructor_msgs/include/moveit_task_constructor_msgs/moveit_task_constructor_msgs/msg/stage_description.hpp
[12.585s] -- Up-to-date: /home/kush/UR5_Project_main/install/moveit_task_constructor_msgs/include/moveit_task_constructor_msgs/moveit_task_constructor_msgs/msg/solution_info.hpp
[12.586s] -- Up-to-date: /home/kush/UR5_Project_main/install/moveit_task_constructor_msgs/include/moveit_task_constructor_msgs/moveit_task_constructor_msgs/msg/solution.hpp
[12.586s] -- Up-to-date: /home/kush/UR5_Project_main/install/moveit_task_constructor_msgs/include/moveit_task_constructor_msgs/moveit_task_constructor_msgs/msg/sub_trajectory.hpp
[12.586s] -- Up-to-date: /home/kush/UR5_Project_main/install/moveit_task_constructor_msgs/include/moveit_task_constructor_msgs/moveit_task_constructor_msgs/msg/detail
[12.586s] -- Up-to-date: /home/kush/UR5_Project_main/install/moveit_task_constructor_msgs/include/moveit_task_constructor_msgs/moveit_task_constructor_msgs/msg/detail/stage_statistics__traits.hpp
[12.587s] -- Up-to-date: /home/kush/UR5_Project_main/install/moveit_task_constructor_msgs/include/moveit_task_constructor_msgs/moveit_task_constructor_msgs/msg/detail/task_description__traits.hpp
[12.587s] -- Up-to-date: /home/kush/UR5_Project_main/install/moveit_task_constructor_msgs/include/moveit_task_constructor_msgs/moveit_task_constructor_msgs/msg/detail/task_statistics__builder.hpp
[12.587s] -- Up-to-date: /home/kush/UR5_Project_main/install/moveit_task_constructor_msgs/include/moveit_task_constructor_msgs/moveit_task_constructor_msgs/msg/detail/task_description__struct.hpp
[12.587s] -- Up-to-date: /home/kush/UR5_Project_main/install/moveit_task_constructor_msgs/include/moveit_task_constructor_msgs/moveit_task_constructor_msgs/msg/detail/task_description__builder.hpp
[12.587s] -- Up-to-date: /home/kush/UR5_Project_main/install/moveit_task_constructor_msgs/include/moveit_task_constructor_msgs/moveit_task_constructor_msgs/msg/detail/stage_description__builder.hpp
[12.588s] -- Up-to-date: /home/kush/UR5_Project_main/install/moveit_task_constructor_msgs/include/moveit_task_constructor_msgs/moveit_task_constructor_msgs/msg/detail/sub_solution__struct.hpp
[12.588s] -- Up-to-date: /home/kush/UR5_Project_main/install/moveit_task_constructor_msgs/include/moveit_task_constructor_msgs/moveit_task_constructor_msgs/msg/detail/solution__struct.hpp
[12.588s] -- Up-to-date: /home/kush/UR5_Project_main/install/moveit_task_constructor_msgs/include/moveit_task_constructor_msgs/moveit_task_constructor_msgs/msg/detail/solution_info__traits.hpp
[12.588s] -- Up-to-date: /home/kush/UR5_Project_main/install/moveit_task_constructor_msgs/include/moveit_task_constructor_msgs/moveit_task_constructor_msgs/msg/detail/solution__builder.hpp
[12.588s] -- Up-to-date: /home/kush/UR5_Project_main/install/moveit_task_constructor_msgs/include/moveit_task_constructor_msgs/moveit_task_constructor_msgs/msg/detail/property__struct.hpp
[12.588s] -- Up-to-date: /home/kush/UR5_Project_main/install/moveit_task_constructor_msgs/include/moveit_task_constructor_msgs/moveit_task_constructor_msgs/msg/detail/sub_trajectory__struct.hpp
[12.589s] -- Up-to-date: /home/kush/UR5_Project_main/install/moveit_task_constructor_msgs/include/moveit_task_constructor_msgs/moveit_task_constructor_msgs/msg/detail/sub_trajectory__builder.hpp
[12.589s] -- Up-to-date: /home/kush/UR5_Project_main/install/moveit_task_constructor_msgs/include/moveit_task_constructor_msgs/moveit_task_constructor_msgs/msg/detail/property__builder.hpp
[12.589s] -- Up-to-date: /home/kush/UR5_Project_main/install/moveit_task_constructor_msgs/include/moveit_task_constructor_msgs/moveit_task_constructor_msgs/msg/detail/stage_statistics__builder.hpp
[12.589s] -- Up-to-date: /home/kush/UR5_Project_main/install/moveit_task_constructor_msgs/include/moveit_task_constructor_msgs/moveit_task_constructor_msgs/msg/detail/solution__traits.hpp
[12.589s] -- Up-to-date: /home/kush/UR5_Project_main/install/moveit_task_constructor_msgs/include/moveit_task_constructor_msgs/moveit_task_constructor_msgs/msg/detail/stage_statistics__struct.hpp
[12.589s] -- Up-to-date: /home/kush/UR5_Project_main/install/moveit_task_constructor_msgs/include/moveit_task_constructor_msgs/moveit_task_constructor_msgs/msg/detail/sub_solution__builder.hpp
[12.590s] -- Up-to-date: /home/kush/UR5_Project_main/install/moveit_task_constructor_msgs/include/moveit_task_constructor_msgs/moveit_task_constructor_msgs/msg/detail/solution_info__builder.hpp
[12.590s] -- Up-to-date: /home/kush/UR5_Project_main/install/moveit_task_constructor_msgs/include/moveit_task_constructor_msgs/moveit_task_constructor_msgs/msg/detail/stage_description__traits.hpp
[12.590s] -- Up-to-date: /home/kush/UR5_Project_main/install/moveit_task_constructor_msgs/include/moveit_task_constructor_msgs/moveit_task_constructor_msgs/msg/detail/sub_solution__traits.hpp
[12.590s] -- Up-to-date: /home/kush/UR5_Project_main/install/moveit_task_constructor_msgs/include/moveit_task_constructor_msgs/moveit_task_constructor_msgs/msg/detail/task_statistics__traits.hpp
[12.590s] -- Up-to-date: /home/kush/UR5_Project_main/install/moveit_task_constructor_msgs/include/moveit_task_constructor_msgs/moveit_task_constructor_msgs/msg/detail/sub_trajectory__traits.hpp
[12.590s] -- Up-to-date: /home/kush/UR5_Project_main/install/moveit_task_constructor_msgs/include/moveit_task_constructor_msgs/moveit_task_constructor_msgs/msg/detail/task_statistics__struct.hpp
[12.591s] -- Up-to-date: /home/kush/UR5_Project_main/install/moveit_task_constructor_msgs/include/moveit_task_constructor_msgs/moveit_task_constructor_msgs/msg/detail/property__traits.hpp
[12.591s] -- Up-to-date: /home/kush/UR5_Project_main/install/moveit_task_constructor_msgs/include/moveit_task_constructor_msgs/moveit_task_constructor_msgs/msg/detail/stage_description__struct.hpp
[12.591s] -- Up-to-date: /home/kush/UR5_Project_main/install/moveit_task_constructor_msgs/include/moveit_task_constructor_msgs/moveit_task_constructor_msgs/msg/detail/solution_info__struct.hpp
[12.591s] -- Up-to-date: /home/kush/UR5_Project_main/install/moveit_task_constructor_msgs/include/moveit_task_constructor_msgs/moveit_task_constructor_msgs/msg/property.hpp
[12.591s] -- Up-to-date: /home/kush/UR5_Project_main/install/moveit_task_constructor_msgs/include/moveit_task_constructor_msgs/moveit_task_constructor_msgs/action
[12.592s] -- Up-to-date: /home/kush/UR5_Project_main/install/moveit_task_constructor_msgs/include/moveit_task_constructor_msgs/moveit_task_constructor_msgs/action/execute_task_solution.hpp
[12.592s] -- Up-to-date: /home/kush/UR5_Project_main/install/moveit_task_constructor_msgs/include/moveit_task_constructor_msgs/moveit_task_constructor_msgs/action/detail
[12.592s] -- Up-to-date: /home/kush/UR5_Project_main/install/moveit_task_constructor_msgs/include/moveit_task_constructor_msgs/moveit_task_constructor_msgs/action/detail/execute_task_solution__traits.hpp
[12.592s] -- Up-to-date: /home/kush/UR5_Project_main/install/moveit_task_constructor_msgs/include/moveit_task_constructor_msgs/moveit_task_constructor_msgs/action/detail/execute_task_solution__builder.hpp
[12.592s] -- Up-to-date: /home/kush/UR5_Project_main/install/moveit_task_constructor_msgs/include/moveit_task_constructor_msgs/moveit_task_constructor_msgs/action/detail/execute_task_solution__struct.hpp
[12.592s] -- Up-to-date: /home/kush/UR5_Project_main/install/moveit_task_constructor_msgs/include/moveit_task_constructor_msgs/moveit_task_constructor_msgs
[12.593s] -- Up-to-date: /home/kush/UR5_Project_main/install/moveit_task_constructor_msgs/include/moveit_task_constructor_msgs/moveit_task_constructor_msgs/srv
[12.593s] -- Up-to-date: /home/kush/UR5_Project_main/install/moveit_task_constructor_msgs/include/moveit_task_constructor_msgs/moveit_task_constructor_msgs/srv/detail
[12.593s] -- Up-to-date: /home/kush/UR5_Project_main/install/moveit_task_constructor_msgs/include/moveit_task_constructor_msgs/moveit_task_constructor_msgs/srv/detail/get_solution__rosidl_typesupport_fastrtps_cpp.hpp
[12.593s] -- Up-to-date: /home/kush/UR5_Project_main/install/moveit_task_constructor_msgs/include/moveit_task_constructor_msgs/moveit_task_constructor_msgs/srv/detail/dds_fastrtps
[12.593s] -- Up-to-date: /home/kush/UR5_Project_main/install/moveit_task_constructor_msgs/include/moveit_task_constructor_msgs/moveit_task_constructor_msgs/msg
[12.593s] -- Up-to-date: /home/kush/UR5_Project_main/install/moveit_task_constructor_msgs/include/moveit_task_constructor_msgs/moveit_task_constructor_msgs/msg/rosidl_typesupport_fastrtps_cpp__visibility_control.h
[12.594s] -- Up-to-date: /home/kush/UR5_Project_main/install/moveit_task_constructor_msgs/include/moveit_task_constructor_msgs/moveit_task_constructor_msgs/msg/detail
[12.594s] -- Up-to-date: /home/kush/UR5_Project_main/install/moveit_task_constructor_msgs/include/moveit_task_constructor_msgs/moveit_task_constructor_msgs/msg/detail/task_description__rosidl_typesupport_fastrtps_cpp.hpp
[12.594s] -- Up-to-date: /home/kush/UR5_Project_main/install/moveit_task_constructor_msgs/include/moveit_task_constructor_msgs/moveit_task_constructor_msgs/msg/detail/solution__rosidl_typesupport_fastrtps_cpp.hpp
[12.594s] -- Up-to-date: /home/kush/UR5_Project_main/install/moveit_task_constructor_msgs/include/moveit_task_constructor_msgs/moveit_task_constructor_msgs/msg/detail/sub_trajectory__rosidl_typesupport_fastrtps_cpp.hpp
[12.594s] -- Up-to-date: /home/kush/UR5_Project_main/install/moveit_task_constructor_msgs/include/moveit_task_constructor_msgs/moveit_task_constructor_msgs/msg/detail/stage_description__rosidl_typesupport_fastrtps_cpp.hpp
[12.594s] -- Up-to-date: /home/kush/UR5_Project_main/install/moveit_task_constructor_msgs/include/moveit_task_constructor_msgs/moveit_task_constructor_msgs/msg/detail/property__rosidl_typesupport_fastrtps_cpp.hpp
[12.595s] -- Up-to-date: /home/kush/UR5_Project_main/install/moveit_task_constructor_msgs/include/moveit_task_constructor_msgs/moveit_task_constructor_msgs/msg/detail/sub_solution__rosidl_typesupport_fastrtps_cpp.hpp
[12.595s] -- Up-to-date: /home/kush/UR5_Project_main/install/moveit_task_constructor_msgs/include/moveit_task_constructor_msgs/moveit_task_constructor_msgs/msg/detail/task_statistics__rosidl_typesupport_fastrtps_cpp.hpp
[12.595s] -- Up-to-date: /home/kush/UR5_Project_main/install/moveit_task_constructor_msgs/include/moveit_task_constructor_msgs/moveit_task_constructor_msgs/msg/detail/stage_statistics__rosidl_typesupport_fastrtps_cpp.hpp
[12.595s] -- Up-to-date: /home/kush/UR5_Project_main/install/moveit_task_constructor_msgs/include/moveit_task_constructor_msgs/moveit_task_constructor_msgs/msg/detail/dds_fastrtps
[12.595s] -- Up-to-date: /home/kush/UR5_Project_main/install/moveit_task_constructor_msgs/include/moveit_task_constructor_msgs/moveit_task_constructor_msgs/msg/detail/solution_info__rosidl_typesupport_fastrtps_cpp.hpp
[12.596s] -- Up-to-date: /home/kush/UR5_Project_main/install/moveit_task_constructor_msgs/include/moveit_task_constructor_msgs/moveit_task_constructor_msgs/action
[12.596s] -- Up-to-date: /home/kush/UR5_Project_main/install/moveit_task_constructor_msgs/include/moveit_task_constructor_msgs/moveit_task_constructor_msgs/action/detail
[12.596s] -- Up-to-date: /home/kush/UR5_Project_main/install/moveit_task_constructor_msgs/include/moveit_task_constructor_msgs/moveit_task_constructor_msgs/action/detail/dds_fastrtps
[12.596s] -- Up-to-date: /home/kush/UR5_Project_main/install/moveit_task_constructor_msgs/include/moveit_task_constructor_msgs/moveit_task_constructor_msgs/action/detail/execute_task_solution__rosidl_typesupport_fastrtps_cpp.hpp
[12.603s] -- Up-to-date: /home/kush/UR5_Project_main/install/moveit_task_constructor_msgs/lib/libmoveit_task_constructor_msgs__rosidl_typesupport_fastrtps_cpp.so
[12.605s] -- Up-to-date: /home/kush/UR5_Project_main/install/moveit_task_constructor_msgs/include/moveit_task_constructor_msgs/moveit_task_constructor_msgs
[12.606s] -- Up-to-date: /home/kush/UR5_Project_main/install/moveit_task_constructor_msgs/include/moveit_task_constructor_msgs/moveit_task_constructor_msgs/srv
[12.606s] -- Up-to-date: /home/kush/UR5_Project_main/install/moveit_task_constructor_msgs/include/moveit_task_constructor_msgs/moveit_task_constructor_msgs/srv/detail
[12.606s] -- Up-to-date: /home/kush/UR5_Project_main/install/moveit_task_constructor_msgs/include/moveit_task_constructor_msgs/moveit_task_constructor_msgs/srv/detail/get_solution__rosidl_typesupport_introspection_c.h
[12.606s] -- Up-to-date: /home/kush/UR5_Project_main/install/moveit_task_constructor_msgs/include/moveit_task_constructor_msgs/moveit_task_constructor_msgs/srv/detail/get_solution__type_support.c
[12.608s] -- Up-to-date: /home/kush/UR5_Project_main/install/moveit_task_constructor_msgs/include/moveit_task_constructor_msgs/moveit_task_constructor_msgs/msg
[12.609s] -- Up-to-date: /home/kush/UR5_Project_main/install/moveit_task_constructor_msgs/include/moveit_task_constructor_msgs/moveit_task_constructor_msgs/msg/rosidl_typesupport_introspection_c__visibility_control.h
[12.609s] -- Up-to-date: /home/kush/UR5_Project_main/install/moveit_task_constructor_msgs/include/moveit_task_constructor_msgs/moveit_task_constructor_msgs/msg/detail
[12.609s] -- Up-to-date: /home/kush/UR5_Project_main/install/moveit_task_constructor_msgs/include/moveit_task_constructor_msgs/moveit_task_constructor_msgs/msg/detail/stage_description__type_support.c
[12.609s] -- Up-to-date: /home/kush/UR5_Project_main/install/moveit_task_constructor_msgs/include/moveit_task_constructor_msgs/moveit_task_constructor_msgs/msg/detail/solution_info__rosidl_typesupport_introspection_c.h
[12.609s] -- Up-to-date: /home/kush/UR5_Project_main/install/moveit_task_constructor_msgs/include/moveit_task_constructor_msgs/moveit_task_constructor_msgs/msg/detail/property__rosidl_typesupport_introspection_c.h
[12.609s] -- Up-to-date: /home/kush/UR5_Project_main/install/moveit_task_constructor_msgs/include/moveit_task_constructor_msgs/moveit_task_constructor_msgs/msg/detail/solution__type_support.c
[12.610s] -- Up-to-date: /home/kush/UR5_Project_main/install/moveit_task_constructor_msgs/include/moveit_task_constructor_msgs/moveit_task_constructor_msgs/msg/detail/solution_info__type_support.c
[12.610s] -- Up-to-date: /home/kush/UR5_Project_main/install/moveit_task_constructor_msgs/include/moveit_task_constructor_msgs/moveit_task_constructor_msgs/msg/detail/stage_statistics__type_support.c
[12.610s] -- Up-to-date: /home/kush/UR5_Project_main/install/moveit_task_constructor_msgs/include/moveit_task_constructor_msgs/moveit_task_constructor_msgs/msg/detail/sub_solution__rosidl_typesupport_introspection_c.h
[12.610s] -- Up-to-date: /home/kush/UR5_Project_main/install/moveit_task_constructor_msgs/include/moveit_task_constructor_msgs/moveit_task_constructor_msgs/msg/detail/property__type_support.c
[12.611s] -- Up-to-date: /home/kush/UR5_Project_main/install/moveit_task_constructor_msgs/include/moveit_task_constructor_msgs/moveit_task_constructor_msgs/msg/detail/task_description__rosidl_typesupport_introspection_c.h
[12.611s] -- Up-to-date: /home/kush/UR5_Project_main/install/moveit_task_constructor_msgs/include/moveit_task_constructor_msgs/moveit_task_constructor_msgs/msg/detail/task_description__type_support.c
[12.611s] -- Up-to-date: /home/kush/UR5_Project_main/install/moveit_task_constructor_msgs/include/moveit_task_constructor_msgs/moveit_task_constructor_msgs/msg/detail/sub_solution__type_support.c
[12.611s] -- Up-to-date: /home/kush/UR5_Project_main/install/moveit_task_constructor_msgs/include/moveit_task_constructor_msgs/moveit_task_constructor_msgs/msg/detail/task_statistics__type_support.c
[12.611s] -- Up-to-date: /home/kush/UR5_Project_main/install/moveit_task_constructor_msgs/include/moveit_task_constructor_msgs/moveit_task_constructor_msgs/msg/detail/stage_description__rosidl_typesupport_introspection_c.h
[12.612s] -- Up-to-date: /home/kush/UR5_Project_main/install/moveit_task_constructor_msgs/include/moveit_task_constructor_msgs/moveit_task_constructor_msgs/msg/detail/solution__rosidl_typesupport_introspection_c.h
[12.612s] -- Up-to-date: /home/kush/UR5_Project_main/install/moveit_task_constructor_msgs/include/moveit_task_constructor_msgs/moveit_task_constructor_msgs/msg/detail/sub_trajectory__rosidl_typesupport_introspection_c.h
[12.612s] -- Up-to-date: /home/kush/UR5_Project_main/install/moveit_task_constructor_msgs/include/moveit_task_constructor_msgs/moveit_task_constructor_msgs/msg/detail/stage_statistics__rosidl_typesupport_introspection_c.h
[12.612s] -- Up-to-date: /home/kush/UR5_Project_main/install/moveit_task_constructor_msgs/include/moveit_task_constructor_msgs/moveit_task_constructor_msgs/msg/detail/task_statistics__rosidl_typesupport_introspection_c.h
[12.612s] -- Up-to-date: /home/kush/UR5_Project_main/install/moveit_task_constructor_msgs/include/moveit_task_constructor_msgs/moveit_task_constructor_msgs/msg/detail/sub_trajectory__type_support.c
[12.612s] -- Up-to-date: /home/kush/UR5_Project_main/install/moveit_task_constructor_msgs/include/moveit_task_constructor_msgs/moveit_task_constructor_msgs/action
[12.612s] -- Up-to-date: /home/kush/UR5_Project_main/install/moveit_task_constructor_msgs/include/moveit_task_constructor_msgs/moveit_task_constructor_msgs/action/detail
[12.612s] -- Up-to-date: /home/kush/UR5_Project_main/install/moveit_task_constructor_msgs/include/moveit_task_constructor_msgs/moveit_task_constructor_msgs/action/detail/execute_task_solution__rosidl_typesupport_introspection_c.h
[12.612s] -- Up-to-date: /home/kush/UR5_Project_main/install/moveit_task_constructor_msgs/include/moveit_task_constructor_msgs/moveit_task_constructor_msgs/action/detail/execute_task_solution__type_support.c
[12.653s] -- Up-to-date: /home/kush/UR5_Project_main/install/moveit_task_constructor_msgs/lib/libmoveit_task_constructor_msgs__rosidl_typesupport_introspection_c.so
[12.721s] -- Up-to-date: /home/kush/UR5_Project_main/install/moveit_task_constructor_msgs/lib/libmoveit_task_constructor_msgs__rosidl_typesupport_c.so
[12.721s] -- Up-to-date: /home/kush/UR5_Project_main/install/moveit_task_constructor_msgs/include/moveit_task_constructor_msgs/moveit_task_constructor_msgs
[12.721s] -- Up-to-date: /home/kush/UR5_Project_main/install/moveit_task_constructor_msgs/include/moveit_task_constructor_msgs/moveit_task_constructor_msgs/srv
[12.722s] -- Up-to-date: /home/kush/UR5_Project_main/install/moveit_task_constructor_msgs/include/moveit_task_constructor_msgs/moveit_task_constructor_msgs/srv/detail
[12.722s] -- Up-to-date: /home/kush/UR5_Project_main/install/moveit_task_constructor_msgs/include/moveit_task_constructor_msgs/moveit_task_constructor_msgs/srv/detail/get_solution__type_support.cpp
[12.722s] -- Up-to-date: /home/kush/UR5_Project_main/install/moveit_task_constructor_msgs/include/moveit_task_constructor_msgs/moveit_task_constructor_msgs/srv/detail/get_solution__rosidl_typesupport_introspection_cpp.hpp
[12.723s] -- Up-to-date: /home/kush/UR5_Project_main/install/moveit_task_constructor_msgs/include/moveit_task_constructor_msgs/moveit_task_constructor_msgs/msg
[12.723s] -- Up-to-date: /home/kush/UR5_Project_main/install/moveit_task_constructor_msgs/include/moveit_task_constructor_msgs/moveit_task_constructor_msgs/msg/detail
[12.723s] -- Up-to-date: /home/kush/UR5_Project_main/install/moveit_task_constructor_msgs/include/moveit_task_constructor_msgs/moveit_task_constructor_msgs/msg/detail/solution_info__rosidl_typesupport_introspection_cpp.hpp
[12.723s] -- Up-to-date: /home/kush/UR5_Project_main/install/moveit_task_constructor_msgs/include/moveit_task_constructor_msgs/moveit_task_constructor_msgs/msg/detail/property__rosidl_typesupport_introspection_cpp.hpp
[12.723s] -- Up-to-date: /home/kush/UR5_Project_main/install/moveit_task_constructor_msgs/include/moveit_task_constructor_msgs/moveit_task_constructor_msgs/msg/detail/task_description__rosidl_typesupport_introspection_cpp.hpp
[12.723s] -- Up-to-date: /home/kush/UR5_Project_main/install/moveit_task_constructor_msgs/include/moveit_task_constructor_msgs/moveit_task_constructor_msgs/msg/detail/stage_statistics__rosidl_typesupport_introspection_cpp.hpp
[12.723s] -- Up-to-date: /home/kush/UR5_Project_main/install/moveit_task_constructor_msgs/include/moveit_task_constructor_msgs/moveit_task_constructor_msgs/msg/detail/task_description__type_support.cpp
[12.723s] -- Up-to-date: /home/kush/UR5_Project_main/install/moveit_task_constructor_msgs/include/moveit_task_constructor_msgs/moveit_task_constructor_msgs/msg/detail/sub_solution__rosidl_typesupport_introspection_cpp.hpp
[12.724s] -- Up-to-date: /home/kush/UR5_Project_main/install/moveit_task_constructor_msgs/include/moveit_task_constructor_msgs/moveit_task_constructor_msgs/msg/detail/solution__type_support.cpp
[12.724s] -- Up-to-date: /home/kush/UR5_Project_main/install/moveit_task_constructor_msgs/include/moveit_task_constructor_msgs/moveit_task_constructor_msgs/msg/detail/property__type_support.cpp
[12.724s] -- Up-to-date: /home/kush/UR5_Project_main/install/moveit_task_constructor_msgs/include/moveit_task_constructor_msgs/moveit_task_constructor_msgs/msg/detail/solution_info__type_support.cpp
[12.724s] -- Up-to-date: /home/kush/UR5_Project_main/install/moveit_task_constructor_msgs/include/moveit_task_constructor_msgs/moveit_task_constructor_msgs/msg/detail/solution__rosidl_typesupport_introspection_cpp.hpp
[12.724s] -- Up-to-date: /home/kush/UR5_Project_main/install/moveit_task_constructor_msgs/include/moveit_task_constructor_msgs/moveit_task_constructor_msgs/msg/detail/sub_solution__type_support.cpp
[12.724s] -- Up-to-date: /home/kush/UR5_Project_main/install/moveit_task_constructor_msgs/include/moveit_task_constructor_msgs/moveit_task_constructor_msgs/msg/detail/stage_description__type_support.cpp
[12.724s] -- Up-to-date: /home/kush/UR5_Project_main/install/moveit_task_constructor_msgs/include/moveit_task_constructor_msgs/moveit_task_constructor_msgs/msg/detail/task_statistics__rosidl_typesupport_introspection_cpp.hpp
[12.724s] -- Up-to-date: /home/kush/UR5_Project_main/install/moveit_task_constructor_msgs/include/moveit_task_constructor_msgs/moveit_task_constructor_msgs/msg/detail/stage_description__rosidl_typesupport_introspection_cpp.hpp
[12.724s] -- Up-to-date: /home/kush/UR5_Project_main/install/moveit_task_constructor_msgs/include/moveit_task_constructor_msgs/moveit_task_constructor_msgs/msg/detail/stage_statistics__type_support.cpp
[12.724s] -- Up-to-date: /home/kush/UR5_Project_main/install/moveit_task_constructor_msgs/include/moveit_task_constructor_msgs/moveit_task_constructor_msgs/msg/detail/sub_trajectory__rosidl_typesupport_introspection_cpp.hpp
[12.725s] -- Up-to-date: /home/kush/UR5_Project_main/install/moveit_task_constructor_msgs/include/moveit_task_constructor_msgs/moveit_task_constructor_msgs/msg/detail/sub_trajectory__type_support.cpp
[12.725s] -- Up-to-date: /home/kush/UR5_Project_main/install/moveit_task_constructor_msgs/include/moveit_task_constructor_msgs/moveit_task_constructor_msgs/msg/detail/task_statistics__type_support.cpp
[12.725s] -- Up-to-date: /home/kush/UR5_Project_main/install/moveit_task_constructor_msgs/include/moveit_task_constructor_msgs/moveit_task_constructor_msgs/action
[12.725s] -- Up-to-date: /home/kush/UR5_Project_main/install/moveit_task_constructor_msgs/include/moveit_task_constructor_msgs/moveit_task_constructor_msgs/action/detail
[12.725s] -- Up-to-date: /home/kush/UR5_Project_main/install/moveit_task_constructor_msgs/include/moveit_task_constructor_msgs/moveit_task_constructor_msgs/action/detail/execute_task_solution__type_support.cpp
[12.725s] -- Up-to-date: /home/kush/UR5_Project_main/install/moveit_task_constructor_msgs/include/moveit_task_constructor_msgs/moveit_task_constructor_msgs/action/detail/execute_task_solution__rosidl_typesupport_introspection_cpp.hpp
[12.786s] -- Up-to-date: /home/kush/UR5_Project_main/install/moveit_task_constructor_msgs/lib/libmoveit_task_constructor_msgs__rosidl_typesupport_introspection_cpp.so
[12.837s] -- Up-to-date: /home/kush/UR5_Project_main/install/moveit_task_constructor_msgs/lib/libmoveit_task_constructor_msgs__rosidl_typesupport_cpp.so
[12.840s] -- Up-to-date: /home/kush/UR5_Project_main/install/moveit_task_constructor_msgs/share/moveit_task_constructor_msgs/environment/pythonpath.sh
[12.841s] -- Up-to-date: /home/kush/UR5_Project_main/install/moveit_task_constructor_msgs/share/moveit_task_constructor_msgs/environment/pythonpath.dsv
[12.841s] -- Up-to-date: /home/kush/UR5_Project_main/install/moveit_task_constructor_msgs/local/lib/python3.10/dist-packages/moveit_task_constructor_msgs-0.1.3-py3.10.egg-info
[12.841s] -- Installing: /home/kush/UR5_Project_main/install/moveit_task_constructor_msgs/local/lib/python3.10/dist-packages/moveit_task_constructor_msgs-0.1.3-py3.10.egg-info/SOURCES.txt
[12.842s] -- Installing: /home/kush/UR5_Project_main/install/moveit_task_constructor_msgs/local/lib/python3.10/dist-packages/moveit_task_constructor_msgs-0.1.3-py3.10.egg-info/dependency_links.txt
[12.842s] -- Installing: /home/kush/UR5_Project_main/install/moveit_task_constructor_msgs/local/lib/python3.10/dist-packages/moveit_task_constructor_msgs-0.1.3-py3.10.egg-info/PKG-INFO
[12.843s] -- Installing: /home/kush/UR5_Project_main/install/moveit_task_constructor_msgs/local/lib/python3.10/dist-packages/moveit_task_constructor_msgs-0.1.3-py3.10.egg-info/top_level.txt
[12.843s] -- Up-to-date: /home/kush/UR5_Project_main/install/moveit_task_constructor_msgs/local/lib/python3.10/dist-packages/moveit_task_constructor_msgs
[12.843s] -- Up-to-date: /home/kush/UR5_Project_main/install/moveit_task_constructor_msgs/local/lib/python3.10/dist-packages/moveit_task_constructor_msgs/moveit_task_constructor_msgs_s__rosidl_typesupport_fastrtps_c.cpython-310-x86_64-linux-gnu.so
[12.843s] -- Up-to-date: /home/kush/UR5_Project_main/install/moveit_task_constructor_msgs/local/lib/python3.10/dist-packages/moveit_task_constructor_msgs/_moveit_task_constructor_msgs_s.ep.rosidl_typesupport_introspection_c.c
[12.844s] -- Up-to-date: /home/kush/UR5_Project_main/install/moveit_task_constructor_msgs/local/lib/python3.10/dist-packages/moveit_task_constructor_msgs/libmoveit_task_constructor_msgs__rosidl_generator_py.so
[12.844s] -- Up-to-date: /home/kush/UR5_Project_main/install/moveit_task_constructor_msgs/local/lib/python3.10/dist-packages/moveit_task_constructor_msgs/__init__.py
[12.844s] -- Up-to-date: /home/kush/UR5_Project_main/install/moveit_task_constructor_msgs/local/lib/python3.10/dist-packages/moveit_task_constructor_msgs/srv
[12.844s] -- Up-to-date: /home/kush/UR5_Project_main/install/moveit_task_constructor_msgs/local/lib/python3.10/dist-packages/moveit_task_constructor_msgs/srv/__init__.py
[12.844s] -- Up-to-date: /home/kush/UR5_Project_main/install/moveit_task_constructor_msgs/local/lib/python3.10/dist-packages/moveit_task_constructor_msgs/srv/_get_solution_s.c
[12.844s] -- Up-to-date: /home/kush/UR5_Project_main/install/moveit_task_constructor_msgs/local/lib/python3.10/dist-packages/moveit_task_constructor_msgs/srv/_get_solution.py
[12.844s] -- Up-to-date: /home/kush/UR5_Project_main/install/moveit_task_constructor_msgs/local/lib/python3.10/dist-packages/moveit_task_constructor_msgs/msg
[12.845s] -- Up-to-date: /home/kush/UR5_Project_main/install/moveit_task_constructor_msgs/local/lib/python3.10/dist-packages/moveit_task_constructor_msgs/msg/_task_statistics_s.c
[12.845s] -- Up-to-date: /home/kush/UR5_Project_main/install/moveit_task_constructor_msgs/local/lib/python3.10/dist-packages/moveit_task_constructor_msgs/msg/__init__.py
[12.845s] -- Up-to-date: /home/kush/UR5_Project_main/install/moveit_task_constructor_msgs/local/lib/python3.10/dist-packages/moveit_task_constructor_msgs/msg/_solution_s.c
[12.845s] -- Up-to-date: /home/kush/UR5_Project_main/install/moveit_task_constructor_msgs/local/lib/python3.10/dist-packages/moveit_task_constructor_msgs/msg/_stage_description_s.c
[12.845s] -- Up-to-date: /home/kush/UR5_Project_main/install/moveit_task_constructor_msgs/local/lib/python3.10/dist-packages/moveit_task_constructor_msgs/msg/_task_statistics.py
[12.846s] -- Up-to-date: /home/kush/UR5_Project_main/install/moveit_task_constructor_msgs/local/lib/python3.10/dist-packages/moveit_task_constructor_msgs/msg/_solution_info.py
[12.846s] -- Up-to-date: /home/kush/UR5_Project_main/install/moveit_task_constructor_msgs/local/lib/python3.10/dist-packages/moveit_task_constructor_msgs/msg/_sub_trajectory_s.c
[12.846s] -- Up-to-date: /home/kush/UR5_Project_main/install/moveit_task_constructor_msgs/local/lib/python3.10/dist-packages/moveit_task_constructor_msgs/msg/_solution_info_s.c
[12.846s] -- Up-to-date: /home/kush/UR5_Project_main/install/moveit_task_constructor_msgs/local/lib/python3.10/dist-packages/moveit_task_constructor_msgs/msg/_stage_statistics_s.c
[12.846s] -- Up-to-date: /home/kush/UR5_Project_main/install/moveit_task_constructor_msgs/local/lib/python3.10/dist-packages/moveit_task_constructor_msgs/msg/_task_description.py
[12.846s] -- Up-to-date: /home/kush/UR5_Project_main/install/moveit_task_constructor_msgs/local/lib/python3.10/dist-packages/moveit_task_constructor_msgs/msg/_property_s.c
[12.846s] -- Up-to-date: /home/kush/UR5_Project_main/install/moveit_task_constructor_msgs/local/lib/python3.10/dist-packages/moveit_task_constructor_msgs/msg/_sub_solution_s.c
[12.847s] -- Up-to-date: /home/kush/UR5_Project_main/install/moveit_task_constructor_msgs/local/lib/python3.10/dist-packages/moveit_task_constructor_msgs/msg/_solution.py
[12.847s] -- Up-to-date: /home/kush/UR5_Project_main/install/moveit_task_constructor_msgs/local/lib/python3.10/dist-packages/moveit_task_constructor_msgs/msg/_stage_statistics.py
[12.847s] -- Up-to-date: /home/kush/UR5_Project_main/install/moveit_task_constructor_msgs/local/lib/python3.10/dist-packages/moveit_task_constructor_msgs/msg/_stage_description.py
[12.848s] -- Up-to-date: /home/kush/UR5_Project_main/install/moveit_task_constructor_msgs/local/lib/python3.10/dist-packages/moveit_task_constructor_msgs/msg/_sub_solution.py
[12.848s] -- Up-to-date: /home/kush/UR5_Project_main/install/moveit_task_constructor_msgs/local/lib/python3.10/dist-packages/moveit_task_constructor_msgs/msg/_property.py
[12.848s] -- Up-to-date: /home/kush/UR5_Project_main/install/moveit_task_constructor_msgs/local/lib/python3.10/dist-packages/moveit_task_constructor_msgs/msg/_sub_trajectory.py
[12.849s] -- Up-to-date: /home/kush/UR5_Project_main/install/moveit_task_constructor_msgs/local/lib/python3.10/dist-packages/moveit_task_constructor_msgs/msg/_task_description_s.c
[12.849s] -- Up-to-date: /home/kush/UR5_Project_main/install/moveit_task_constructor_msgs/local/lib/python3.10/dist-packages/moveit_task_constructor_msgs/moveit_task_constructor_msgs_s__rosidl_typesupport_introspection_c.cpython-310-x86_64-linux-gnu.so
[12.849s] -- Up-to-date: /home/kush/UR5_Project_main/install/moveit_task_constructor_msgs/local/lib/python3.10/dist-packages/moveit_task_constructor_msgs/action
[12.850s] -- Up-to-date: /home/kush/UR5_Project_main/install/moveit_task_constructor_msgs/local/lib/python3.10/dist-packages/moveit_task_constructor_msgs/action/__init__.py
[12.850s] -- Up-to-date: /home/kush/UR5_Project_main/install/moveit_task_constructor_msgs/local/lib/python3.10/dist-packages/moveit_task_constructor_msgs/action/_execute_task_solution.py
[12.850s] -- Up-to-date: /home/kush/UR5_Project_main/install/moveit_task_constructor_msgs/local/lib/python3.10/dist-packages/moveit_task_constructor_msgs/action/_execute_task_solution_s.c
[12.850s] -- Up-to-date: /home/kush/UR5_Project_main/install/moveit_task_constructor_msgs/local/lib/python3.10/dist-packages/moveit_task_constructor_msgs/_moveit_task_constructor_msgs_s.ep.rosidl_typesupport_fastrtps_c.c
[12.850s] -- Up-to-date: /home/kush/UR5_Project_main/install/moveit_task_constructor_msgs/local/lib/python3.10/dist-packages/moveit_task_constructor_msgs/_moveit_task_constructor_msgs_s.ep.rosidl_typesupport_c.c
[12.851s] -- Up-to-date: /home/kush/UR5_Project_main/install/moveit_task_constructor_msgs/local/lib/python3.10/dist-packages/moveit_task_constructor_msgs/moveit_task_constructor_msgs_s__rosidl_typesupport_c.cpython-310-x86_64-linux-gnu.so
[12.941s] Listing '/home/kush/UR5_Project_main/install/moveit_task_constructor_msgs/local/lib/python3.10/dist-packages/moveit_task_constructor_msgs'...
[12.941s] Listing '/home/kush/UR5_Project_main/install/moveit_task_constructor_msgs/local/lib/python3.10/dist-packages/moveit_task_constructor_msgs/action'...
[12.941s] Listing '/home/kush/UR5_Project_main/install/moveit_task_constructor_msgs/local/lib/python3.10/dist-packages/moveit_task_constructor_msgs/msg'...
[12.941s] Listing '/home/kush/UR5_Project_main/install/moveit_task_constructor_msgs/local/lib/python3.10/dist-packages/moveit_task_constructor_msgs/srv'...
[12.972s] -- Up-to-date: /home/kush/UR5_Project_main/install/moveit_task_constructor_msgs/local/lib/python3.10/dist-packages/moveit_task_constructor_msgs/moveit_task_constructor_msgs_s__rosidl_typesupport_fastrtps_c.cpython-310-x86_64-linux-gnu.so
[12.988s] -- Up-to-date: /home/kush/UR5_Project_main/install/moveit_task_constructor_msgs/local/lib/python3.10/dist-packages/moveit_task_constructor_msgs/moveit_task_constructor_msgs_s__rosidl_typesupport_introspection_c.cpython-310-x86_64-linux-gnu.so
[13.053s] -- Up-to-date: /home/kush/UR5_Project_main/install/moveit_task_constructor_msgs/local/lib/python3.10/dist-packages/moveit_task_constructor_msgs/moveit_task_constructor_msgs_s__rosidl_typesupport_c.cpython-310-x86_64-linux-gnu.so
[13.063s] -- Up-to-date: /home/kush/UR5_Project_main/install/moveit_task_constructor_msgs/lib/libmoveit_task_constructor_msgs__rosidl_generator_py.so
[13.063s] -- Up-to-date: /home/kush/UR5_Project_main/install/moveit_task_constructor_msgs/share/moveit_task_constructor_msgs/msg/Property.idl
[13.064s] -- Up-to-date: /home/kush/UR5_Project_main/install/moveit_task_constructor_msgs/share/moveit_task_constructor_msgs/msg/Solution.idl
[13.064s] -- Up-to-date: /home/kush/UR5_Project_main/install/moveit_task_constructor_msgs/share/moveit_task_constructor_msgs/msg/SolutionInfo.idl
[13.064s] -- Up-to-date: /home/kush/UR5_Project_main/install/moveit_task_constructor_msgs/share/moveit_task_constructor_msgs/msg/StageDescription.idl
[13.065s] -- Up-to-date: /home/kush/UR5_Project_main/install/moveit_task_constructor_msgs/share/moveit_task_constructor_msgs/msg/StageStatistics.idl
[13.065s] -- Up-to-date: /home/kush/UR5_Project_main/install/moveit_task_constructor_msgs/share/moveit_task_constructor_msgs/msg/SubSolution.idl
[13.065s] -- Up-to-date: /home/kush/UR5_Project_main/install/moveit_task_constructor_msgs/share/moveit_task_constructor_msgs/msg/SubTrajectory.idl
[13.066s] -- Up-to-date: /home/kush/UR5_Project_main/install/moveit_task_constructor_msgs/share/moveit_task_constructor_msgs/msg/TaskDescription.idl
[13.066s] -- Up-to-date: /home/kush/UR5_Project_main/install/moveit_task_constructor_msgs/share/moveit_task_constructor_msgs/msg/TaskStatistics.idl
[13.066s] -- Up-to-date: /home/kush/UR5_Project_main/install/moveit_task_constructor_msgs/share/moveit_task_constructor_msgs/srv/GetSolution.idl
[13.067s] -- Up-to-date: /home/kush/UR5_Project_main/install/moveit_task_constructor_msgs/share/moveit_task_constructor_msgs/action/ExecuteTaskSolution.idl
[13.069s] -- Up-to-date: /home/kush/UR5_Project_main/install/moveit_task_constructor_msgs/share/moveit_task_constructor_msgs/msg/Property.msg
[13.069s] -- Up-to-date: /home/kush/UR5_Project_main/install/moveit_task_constructor_msgs/share/moveit_task_constructor_msgs/msg/Solution.msg
[13.069s] -- Up-to-date: /home/kush/UR5_Project_main/install/moveit_task_constructor_msgs/share/moveit_task_constructor_msgs/msg/SolutionInfo.msg
[13.069s] -- Up-to-date: /home/kush/UR5_Project_main/install/moveit_task_constructor_msgs/share/moveit_task_constructor_msgs/msg/StageDescription.msg
[13.069s] -- Up-to-date: /home/kush/UR5_Project_main/install/moveit_task_constructor_msgs/share/moveit_task_constructor_msgs/msg/StageStatistics.msg
[13.070s] -- Up-to-date: /home/kush/UR5_Project_main/install/moveit_task_constructor_msgs/share/moveit_task_constructor_msgs/msg/SubSolution.msg
[13.070s] -- Up-to-date: /home/kush/UR5_Project_main/install/moveit_task_constructor_msgs/share/moveit_task_constructor_msgs/msg/SubTrajectory.msg
[13.070s] -- Up-to-date: /home/kush/UR5_Project_main/install/moveit_task_constructor_msgs/share/moveit_task_constructor_msgs/msg/TaskDescription.msg
[13.070s] -- Up-to-date: /home/kush/UR5_Project_main/install/moveit_task_constructor_msgs/share/moveit_task_constructor_msgs/msg/TaskStatistics.msg
[13.070s] -- Up-to-date: /home/kush/UR5_Project_main/install/moveit_task_constructor_msgs/share/moveit_task_constructor_msgs/srv/GetSolution.srv
[13.071s] -- Up-to-date: /home/kush/UR5_Project_main/install/moveit_task_constructor_msgs/share/moveit_task_constructor_msgs/srv/GetSolution_Request.msg
[13.071s] -- Up-to-date: /home/kush/UR5_Project_main/install/moveit_task_constructor_msgs/share/moveit_task_constructor_msgs/srv/GetSolution_Response.msg
[13.071s] -- Up-to-date: /home/kush/UR5_Project_main/install/moveit_task_constructor_msgs/share/moveit_task_constructor_msgs/action/ExecuteTaskSolution.action
[13.071s] -- Up-to-date: /home/kush/UR5_Project_main/install/moveit_task_constructor_msgs/share/ament_index/resource_index/package_run_dependencies/moveit_task_constructor_msgs
[13.071s] -- Up-to-date: /home/kush/UR5_Project_main/install/moveit_task_constructor_msgs/share/ament_index/resource_index/parent_prefix_path/moveit_task_constructor_msgs
[13.071s] -- Up-to-date: /home/kush/UR5_Project_main/install/moveit_task_constructor_msgs/share/moveit_task_constructor_msgs/environment/ament_prefix_path.sh
[13.072s] -- Up-to-date: /home/kush/UR5_Project_main/install/moveit_task_constructor_msgs/share/moveit_task_constructor_msgs/environment/ament_prefix_path.dsv
[13.072s] -- Up-to-date: /home/kush/UR5_Project_main/install/moveit_task_constructor_msgs/share/moveit_task_constructor_msgs/environment/path.sh
[13.072s] -- Up-to-date: /home/kush/UR5_Project_main/install/moveit_task_constructor_msgs/share/moveit_task_constructor_msgs/environment/path.dsv
[13.072s] -- Up-to-date: /home/kush/UR5_Project_main/install/moveit_task_constructor_msgs/share/moveit_task_constructor_msgs/local_setup.bash
[13.072s] -- Up-to-date: /home/kush/UR5_Project_main/install/moveit_task_constructor_msgs/share/moveit_task_constructor_msgs/local_setup.sh
[13.072s] -- Up-to-date: /home/kush/UR5_Project_main/install/moveit_task_constructor_msgs/share/moveit_task_constructor_msgs/local_setup.zsh
[13.073s] -- Up-to-date: /home/kush/UR5_Project_main/install/moveit_task_constructor_msgs/share/moveit_task_constructor_msgs/local_setup.dsv
[13.073s] -- Installing: /home/kush/UR5_Project_main/install/moveit_task_constructor_msgs/share/moveit_task_constructor_msgs/package.dsv
[13.082s] -- Up-to-date: /home/kush/UR5_Project_main/install/moveit_task_constructor_msgs/share/ament_index/resource_index/packages/moveit_task_constructor_msgs
[13.126s] -- Up-to-date: /home/kush/UR5_Project_main/install/moveit_task_constructor_msgs/share/moveit_task_constructor_msgs/cmake/export_moveit_task_constructor_msgs__rosidl_generator_cExport.cmake
[13.127s] -- Up-to-date: /home/kush/UR5_Project_main/install/moveit_task_constructor_msgs/share/moveit_task_constructor_msgs/cmake/export_moveit_task_constructor_msgs__rosidl_generator_cExport-release.cmake
[13.152s] -- Up-to-date: /home/kush/UR5_Project_main/install/moveit_task_constructor_msgs/share/moveit_task_constructor_msgs/cmake/export_moveit_task_constructor_msgs__rosidl_typesupport_fastrtps_cExport.cmake
[13.152s] -- Up-to-date: /home/kush/UR5_Project_main/install/moveit_task_constructor_msgs/share/moveit_task_constructor_msgs/cmake/export_moveit_task_constructor_msgs__rosidl_typesupport_fastrtps_cExport-release.cmake
[13.167s] -- Up-to-date: /home/kush/UR5_Project_main/install/moveit_task_constructor_msgs/share/moveit_task_constructor_msgs/cmake/export_moveit_task_constructor_msgs__rosidl_generator_cppExport.cmake
[13.168s] -- Up-to-date: /home/kush/UR5_Project_main/install/moveit_task_constructor_msgs/share/moveit_task_constructor_msgs/cmake/export_moveit_task_constructor_msgs__rosidl_typesupport_fastrtps_cppExport.cmake
[13.169s] -- Up-to-date: /home/kush/UR5_Project_main/install/moveit_task_constructor_msgs/share/moveit_task_constructor_msgs/cmake/export_moveit_task_constructor_msgs__rosidl_typesupport_fastrtps_cppExport-release.cmake
[13.182s] -- Up-to-date: /home/kush/UR5_Project_main/install/moveit_task_constructor_msgs/share/moveit_task_constructor_msgs/cmake/moveit_task_constructor_msgs__rosidl_typesupport_introspection_cExport.cmake
[13.183s] -- Up-to-date: /home/kush/UR5_Project_main/install/moveit_task_constructor_msgs/share/moveit_task_constructor_msgs/cmake/moveit_task_constructor_msgs__rosidl_typesupport_introspection_cExport-release.cmake
[13.216s] -- Up-to-date: /home/kush/UR5_Project_main/install/moveit_task_constructor_msgs/share/moveit_task_constructor_msgs/cmake/moveit_task_constructor_msgs__rosidl_typesupport_cExport.cmake
[13.216s] -- Up-to-date: /home/kush/UR5_Project_main/install/moveit_task_constructor_msgs/share/moveit_task_constructor_msgs/cmake/moveit_task_constructor_msgs__rosidl_typesupport_cExport-release.cmake
[13.246s] -- Up-to-date: /home/kush/UR5_Project_main/install/moveit_task_constructor_msgs/share/moveit_task_constructor_msgs/cmake/moveit_task_constructor_msgs__rosidl_typesupport_introspection_cppExport.cmake
[13.246s] -- Up-to-date: /home/kush/UR5_Project_main/install/moveit_task_constructor_msgs/share/moveit_task_constructor_msgs/cmake/moveit_task_constructor_msgs__rosidl_typesupport_introspection_cppExport-release.cmake
[13.316s] -- Up-to-date: /home/kush/UR5_Project_main/install/moveit_task_constructor_msgs/share/moveit_task_constructor_msgs/cmake/moveit_task_constructor_msgs__rosidl_typesupport_cppExport.cmake
[13.316s] -- Up-to-date: /home/kush/UR5_Project_main/install/moveit_task_constructor_msgs/share/moveit_task_constructor_msgs/cmake/moveit_task_constructor_msgs__rosidl_typesupport_cppExport-release.cmake
[13.372s] -- Up-to-date: /home/kush/UR5_Project_main/install/moveit_task_constructor_msgs/share/moveit_task_constructor_msgs/cmake/export_moveit_task_constructor_msgs__rosidl_generator_pyExport.cmake
[13.372s] -- Up-to-date: /home/kush/UR5_Project_main/install/moveit_task_constructor_msgs/share/moveit_task_constructor_msgs/cmake/export_moveit_task_constructor_msgs__rosidl_generator_pyExport-release.cmake
[13.372s] -- Up-to-date: /home/kush/UR5_Project_main/install/moveit_task_constructor_msgs/share/moveit_task_constructor_msgs/cmake/rosidl_cmake-extras.cmake
[13.372s] -- Up-to-date: /home/kush/UR5_Project_main/install/moveit_task_constructor_msgs/share/moveit_task_constructor_msgs/cmake/ament_cmake_export_dependencies-extras.cmake
[13.373s] -- Up-to-date: /home/kush/UR5_Project_main/install/moveit_task_constructor_msgs/share/moveit_task_constructor_msgs/cmake/ament_cmake_export_include_directories-extras.cmake
[13.373s] -- Up-to-date: /home/kush/UR5_Project_main/install/moveit_task_constructor_msgs/share/moveit_task_constructor_msgs/cmake/ament_cmake_export_libraries-extras.cmake
[13.373s] -- Up-to-date: /home/kush/UR5_Project_main/install/moveit_task_constructor_msgs/share/moveit_task_constructor_msgs/cmake/ament_cmake_export_targets-extras.cmake
[13.373s] -- Up-to-date: /home/kush/UR5_Project_main/install/moveit_task_constructor_msgs/share/moveit_task_constructor_msgs/cmake/rosidl_cmake_export_typesupport_targets-extras.cmake
[13.373s] -- Up-to-date: /home/kush/UR5_Project_main/install/moveit_task_constructor_msgs/share/moveit_task_constructor_msgs/cmake/rosidl_cmake_export_typesupport_libraries-extras.cmake
[13.374s] -- Up-to-date: /home/kush/UR5_Project_main/install/moveit_task_constructor_msgs/share/moveit_task_constructor_msgs/cmake/moveit_task_constructor_msgsConfig.cmake
[13.374s] -- Up-to-date: /home/kush/UR5_Project_main/install/moveit_task_constructor_msgs/share/moveit_task_constructor_msgs/cmake/moveit_task_constructor_msgsConfig-version.cmake
[13.374s] -- Up-to-date: /home/kush/UR5_Project_main/install/moveit_task_constructor_msgs/share/moveit_task_constructor_msgs/package.xml
[13.384s] Invoked command in '/home/kush/UR5_Project_main/build/moveit_task_constructor_msgs' returned '0': CMAKE_PREFIX_PATH=${CMAKE_PREFIX_PATH}:/home/kush/ws_moveit2_ur5/install/moveit_configs_utils:/home/kush/ws_moveit2_ur5/install/launch_param_builder:/opt/ros/humble /usr/bin/cmake --install /home/kush/UR5_Project_main/build/moveit_task_constructor_msgs
