[0.291s] Invoking command in '/home/kush/UR5_Project_main/build/moveit_core': AMENT_PREFIX_PATH=/home/kush/UR5_Project_main/install/moveit_resources_panda_moveit_config:/home/kush/UR5_Project_main/install/srdfdom:/home/kush/UR5_Project_main/install/moveit_resources_pr2_description:/home/kush/UR5_Project_main/install/moveit_resources_panda_description:/home/kush/UR5_Project_main/install/moveit_common:${AMENT_PREFIX_PATH} CMAKE_PREFIX_PATH=/home/kush/UR5_Project_main/install/moveit_resources_panda_moveit_config:/home/kush/UR5_Project_main/install/srdfdom:/home/kush/UR5_Project_main/install/moveit_resources_pr2_description:/home/kush/UR5_Project_main/install/moveit_resources_panda_description:/home/kush/UR5_Project_main/install/moveit_common:/home/kush/ws_moveit2_ur5/install/ur_description:/home/kush/ws_moveit2_ur5/install/pilz_industrial_motion_planner_testutils:/home/kush/ws_moveit2_ur5/install/moveit_runtime:/home/kush/ws_moveit2_ur5/install/moveit2_tutorials:/home/kush/ws_moveit2_ur5/install/moveit:/home/kush/ws_moveit2_ur5/install/moveit_planners:/home/kush/ws_moveit2_ur5/install/pilz_industrial_motion_planner:/home/kush/ws_moveit2_ur5/install/moveit_visual_tools:/home/kush/ws_moveit2_ur5/install/moveit_task_constructor_visualization:/home/kush/ws_moveit2_ur5/install/moveit_task_constructor_demo:/home/kush/ws_moveit2_ur5/install/moveit_task_constructor_capabilities:/home/kush/ws_moveit2_ur5/install/moveit_task_constructor_core:/home/kush/ws_moveit2_ur5/install/moveit_ros_control_interface:/home/kush/ws_moveit2_ur5/install/moveit_plugins:/home/kush/ws_moveit2_ur5/install/moveit_simple_controller_manager:/home/kush/ws_moveit2_ur5/install/moveit_setup_assistant:/home/kush/ws_moveit2_ur5/install/moveit_setup_srdf_plugins:/home/kush/ws_moveit2_ur5/install/moveit_setup_core_plugins:/home/kush/ws_moveit2_ur5/install/moveit_setup_controllers:/home/kush/ws_moveit2_ur5/install/moveit_setup_app_plugins:/home/kush/ws_moveit2_ur5/install/moveit_setup_framework:/home/kush/ws_moveit2_ur5/install/moveit_servo:/home/kush/ws_moveit2_ur5/install/moveit_ros:/home/kush/ws_moveit2_ur5/install/moveit_ros_visualization:/home/kush/ws_moveit2_ur5/install/moveit_hybrid_planning:/home/kush/ws_moveit2_ur5/install/moveit_ros_planning_interface:/home/kush/ws_moveit2_ur5/install/moveit_ros_benchmarks:/home/kush/ws_moveit2_ur5/install/moveit_ros_warehouse:/home/kush/ws_moveit2_ur5/install/moveit_ros_robot_interaction:/home/kush/ws_moveit2_ur5/install/moveit_ros_perception:/home/kush/ws_moveit2_ur5/install/moveit_resources_prbt_pg70_support:/home/kush/ws_moveit2_ur5/install/moveit_resources_prbt_moveit_config:/home/kush/ws_moveit2_ur5/install/moveit_ros_move_group:/home/kush/ws_moveit2_ur5/install/moveit_planners_ompl:/home/kush/ws_moveit2_ur5/install/moveit_ros_planning:/home/kush/ws_moveit2_ur5/install/moveit_ros_occupancy_map_monitor:/home/kush/ws_moveit2_ur5/install/moveit_resources_prbt_ikfast_manipulator_plugin:/home/kush/ws_moveit2_ur5/install/moveit_planners_chomp:/home/kush/ws_moveit2_ur5/install/moveit_kinematics:/home/kush/ws_moveit2_ur5/install/moveit_chomp_optimizer_adapter:/home/kush/ws_moveit2_ur5/install/chomp_motion_planner:/home/kush/ws_moveit2_ur5/install/moveit_core:/home/kush/ws_moveit2_ur5/install/srdfdom:/home/kush/ws_moveit2_ur5/install/rviz_marker_tools:/home/kush/ws_moveit2_ur5/install/rosparam_shortcuts:/home/kush/ws_moveit2_ur5/install/moveit_task_constructor_msgs:/home/kush/ws_moveit2_ur5/install/moveit_resources_prbt_support:/home/kush/ws_moveit2_ur5/install/moveit_resources:/home/kush/ws_moveit2_ur5/install/moveit_resources_pr2_description:/home/kush/ws_moveit2_ur5/install/moveit_resources_panda_moveit_config:/home/kush/ws_moveit2_ur5/install/moveit_resources_panda_description:/home/kush/ws_moveit2_ur5/install/moveit_resources_fanuc_moveit_config:/home/kush/ws_moveit2_ur5/install/moveit_resources_fanuc_description:/home/kush/ws_moveit2_ur5/install/moveit_common:/home/kush/ws_moveit2_ur5/install/moveit_configs_utils:/home/kush/ws_moveit2_ur5/install/launch_param_builder:/opt/ros/humble LD_LIBRARY_PATH=/home/kush/UR5_Project_main/install/srdfdom/lib:${LD_LIBRARY_PATH} PYTHONPATH=/home/kush/UR5_Project_main/install/srdfdom/local/lib/python3.10/dist-packages:${PYTHONPATH} /usr/bin/cmake --build /home/kush/UR5_Project_main/build/moveit_core -- -j4 -l4
[1.915s] [35m[1mConsolidate compiler generated dependencies of target moveit_transforms[0m
[2.043s] [  1%] Built target moveit_transforms
[2.253s] [35m[1mConsolidate compiler generated dependencies of target moveit_distance_field[0m
[2.396s] [  3%] Built target moveit_distance_field
[2.570s] [35m[1mConsolidate compiler generated dependencies of target moveit_utils[0m
[2.811s] [  5%] Built target moveit_utils
[2.922s] [35m[1mConsolidate compiler generated dependencies of target gtest[0m
[2.979s] [  6%] Built target gtest
[3.112s] [35m[1mConsolidate compiler generated dependencies of target gtest_main[0m
[3.170s] [  7%] Built target gtest_main
[3.388s] [35m[1mConsolidate compiler generated dependencies of target gmock[0m
[3.507s] [  9%] Built target gmock
[3.686s] [35m[1mConsolidate compiler generated dependencies of target gmock_main[0m
[3.713s] [ 10%] Built target gmock_main
[4.469s] [35m[1mConsolidate compiler generated dependencies of target test_voxel_grid[0m
[4.511s] [ 11%] Built target test_voxel_grid
[4.705s] [35m[1mConsolidate compiler generated dependencies of target test_distance_field[0m
[4.765s] [ 12%] Built target test_distance_field
[4.933s] [35m[1mConsolidate compiler generated dependencies of target moveit_smoothing_base[0m
[4.986s] [ 13%] Built target moveit_smoothing_base
[5.100s] [ 14%] Built target moveit_butterworth_parameters
[5.299s] [35m[1mConsolidate compiler generated dependencies of target test_transforms[0m
[5.370s] [ 15%] Built target test_transforms
[5.618s] [35m[1mConsolidate compiler generated dependencies of target moveit_version[0m
[5.640s] [ 17%] Built target moveit_version
[5.868s] [35m[1mConsolidate compiler generated dependencies of target moveit_kinematics_base[0m
[5.941s] [ 18%] Built target moveit_kinematics_base
[6.027s] [35m[1mConsolidate compiler generated dependencies of target moveit_exceptions[0m
[6.091s] [ 19%] Built target moveit_exceptions
[6.338s] [35m[1mConsolidate compiler generated dependencies of target moveit_robot_model[0m
[6.495s] [ 26%] Built target moveit_robot_model
[6.631s] [35m[1mConsolidate compiler generated dependencies of target moveit_robot_state[0m
[6.757s] [ 29%] Built target moveit_robot_state
[6.915s] [35m[1mConsolidate compiler generated dependencies of target moveit_butterworth_filter[0m
[7.274s] [ 30%] Built target moveit_butterworth_filter
[7.410s] [35m[1mConsolidate compiler generated dependencies of target moveit_robot_trajectory[0m
[7.556s] [ 31%] Built target moveit_robot_trajectory
[7.719s] [35m[1mConsolidate compiler generated dependencies of target moveit_dynamics_solver[0m
[7.810s] [ 33%] Built target moveit_dynamics_solver
[7.897s] [35m[1mConsolidate compiler generated dependencies of target moveit_kinematics_metrics[0m
[7.968s] [ 34%] Built target moveit_kinematics_metrics
[8.113s] [35m[1mConsolidate compiler generated dependencies of target test_butterworth_filter[0m
[8.182s] [ 35%] Built target test_butterworth_filter
[8.254s] [35m[1mConsolidate compiler generated dependencies of target moveit_planning_interface[0m
[8.372s] [ 37%] Built target moveit_planning_interface
[8.549s] [35m[1mConsolidate compiler generated dependencies of target moveit_trajectory_processing[0m
[8.676s] [ 41%] Built target moveit_trajectory_processing
[8.989s] [35m[1mConsolidate compiler generated dependencies of target moveit_collision_detection[0m
[9.185s] [ 47%] Built target moveit_collision_detection
[9.369s] [35m[1mConsolidate compiler generated dependencies of target moveit_test_utils[0m
[9.431s] [ 48%] Built target moveit_test_utils
[9.480s] [35m[1mConsolidate compiler generated dependencies of target test_world_diff[0m
[9.526s] [ 50%] Built target test_world_diff
[9.645s] [35m[1mConsolidate compiler generated dependencies of target test_all_valid[0m
[9.693s] [ 51%] Built target test_all_valid
[10.018s] [35m[1mConsolidate compiler generated dependencies of target moveit_collision_detection_bullet[0m
[10.132s] [ 56%] Built target moveit_collision_detection_bullet
[10.259s] [35m[1mConsolidate compiler generated dependencies of target test_robot_model[0m
[10.316s] [ 57%] Built target test_robot_model
[10.426s] [35m[1mConsolidate compiler generated dependencies of target test_robot_state[0m
[10.527s] [ 59%] Built target test_robot_state
[10.585s] [35m[1mConsolidate compiler generated dependencies of target test_robot_state_benchmark[0m
[10.637s] [ 60%] Built target test_robot_state_benchmark
[10.858s] [35m[1mConsolidate compiler generated dependencies of target test_robot_state_complex[0m
[10.912s] [ 61%] Built target test_robot_state_complex
[10.973s] [35m[1mConsolidate compiler generated dependencies of target test_aabb[0m
[11.019s] [ 62%] Built target test_aabb
[11.101s] [35m[1mConsolidate compiler generated dependencies of target test_cartesian_interpolator[0m
[11.151s] [ 63%] Built target test_cartesian_interpolator
[11.180s] [35m[1mConsolidate compiler generated dependencies of target test_robot_trajectory[0m
[11.235s] [ 64%] Built target test_robot_trajectory
[11.262s] [35m[1mConsolidate compiler generated dependencies of target test_time_parameterization[0m
[11.311s] [ 65%] Built target test_time_parameterization
[11.405s] [35m[1mConsolidate compiler generated dependencies of target test_time_optimal_trajectory_generation[0m
[11.450s] [ 67%] Built target test_time_optimal_trajectory_generation
[11.519s] [35m[1mConsolidate compiler generated dependencies of target test_ruckig_traj_smoothing[0m
[11.563s] [ 68%] Built target test_ruckig_traj_smoothing
[11.637s] [35m[1mConsolidate compiler generated dependencies of target test_bullet_collision_detection[0m
[11.692s] [ 69%] Built target test_bullet_collision_detection
[11.741s] [35m[1mConsolidate compiler generated dependencies of target test_bullet_collision_detection_panda[0m
[11.801s] [ 70%] Built target test_bullet_collision_detection_panda
[11.850s] [35m[1mConsolidate compiler generated dependencies of target test_bullet_continuous_collision_checking[0m
[11.908s] [ 72%] Built target test_bullet_continuous_collision_checking
[11.988s] [35m[1mConsolidate compiler generated dependencies of target test_world[0m
[12.027s] [ 73%] Built target test_world
[12.160s] [35m[1mConsolidate compiler generated dependencies of target moveit_collision_detection_fcl[0m
[12.227s] [ 75%] Built target moveit_collision_detection_fcl
[12.371s] [35m[1mConsolidate compiler generated dependencies of target moveit_kinematic_constraints[0m
[12.449s] [ 77%] Built target moveit_kinematic_constraints
[12.476s] [35m[1mConsolidate compiler generated dependencies of target test_fcl_collision_detection_panda[0m
[12.530s] [ 78%] Built target test_fcl_collision_detection_panda
[12.663s] [35m[1mConsolidate compiler generated dependencies of target moveit_planning_scene[0m
[12.722s] [ 79%] Built target moveit_planning_scene
[12.905s] [35m[1mConsolidate compiler generated dependencies of target test_constraints[0m
[12.957s] [ 80%] Built target test_constraints
[13.043s] [35m[1mConsolidate compiler generated dependencies of target test_orientation_constraints[0m
[13.092s] [ 81%] Built target test_orientation_constraints
[13.309s] [35m[1mConsolidate compiler generated dependencies of target moveit_planning_request_adapter[0m
[13.359s] [ 82%] Built target moveit_planning_request_adapter
[13.429s] [35m[1mConsolidate compiler generated dependencies of target test_planning_scene[0m
[13.488s] [ 83%] Built target test_planning_scene
[13.578s] [35m[1mConsolidate compiler generated dependencies of target test_collision_objects[0m
[13.627s] [ 84%] Built target test_collision_objects
[13.661s] [35m[1mConsolidate compiler generated dependencies of target test_multi_threaded[0m
[13.706s] [ 85%] Built target test_multi_threaded
[13.801s] [35m[1mConsolidate compiler generated dependencies of target collision_detector_bullet_plugin[0m
[13.869s] [ 86%] Built target collision_detector_bullet_plugin
[13.943s] [35m[1mConsolidate compiler generated dependencies of target collision_detector_fcl_plugin[0m
[14.001s] [ 87%] Built target collision_detector_fcl_plugin
[14.219s] [35m[1mConsolidate compiler generated dependencies of target moveit_collision_distance_field[0m
[14.306s] [ 90%] Built target moveit_collision_distance_field
[14.392s] [35m[1mConsolidate compiler generated dependencies of target moveit_constraint_samplers[0m
[14.474s] [ 93%] Built target moveit_constraint_samplers
[14.556s] [35m[1mConsolidate compiler generated dependencies of target test_collision_distance_field[0m
[14.619s] [ 94%] Built target test_collision_distance_field
[14.675s] [35m[1mConsolidate compiler generated dependencies of target test_constraint_samplers[0m
[14.935s] [ 97%] Built target test_constraint_samplers
[14.998s] [35m[1mConsolidate compiler generated dependencies of target test_fcl_collision_detection[0m
[15.064s] [ 98%] Built target test_fcl_collision_detection
[15.231s] [35m[1mConsolidate compiler generated dependencies of target test_fcl_collision_env[0m
[15.289s] [100%] Built target test_fcl_collision_env
[15.319s] Invoked command in '/home/kush/UR5_Project_main/build/moveit_core' returned '0': AMENT_PREFIX_PATH=/home/kush/UR5_Project_main/install/moveit_resources_panda_moveit_config:/home/kush/UR5_Project_main/install/srdfdom:/home/kush/UR5_Project_main/install/moveit_resources_pr2_description:/home/kush/UR5_Project_main/install/moveit_resources_panda_description:/home/kush/UR5_Project_main/install/moveit_common:${AMENT_PREFIX_PATH} CMAKE_PREFIX_PATH=/home/kush/UR5_Project_main/install/moveit_resources_panda_moveit_config:/home/kush/UR5_Project_main/install/srdfdom:/home/kush/UR5_Project_main/install/moveit_resources_pr2_description:/home/kush/UR5_Project_main/install/moveit_resources_panda_description:/home/kush/UR5_Project_main/install/moveit_common:/home/kush/ws_moveit2_ur5/install/ur_description:/home/kush/ws_moveit2_ur5/install/pilz_industrial_motion_planner_testutils:/home/kush/ws_moveit2_ur5/install/moveit_runtime:/home/kush/ws_moveit2_ur5/install/moveit2_tutorials:/home/kush/ws_moveit2_ur5/install/moveit:/home/kush/ws_moveit2_ur5/install/moveit_planners:/home/kush/ws_moveit2_ur5/install/pilz_industrial_motion_planner:/home/kush/ws_moveit2_ur5/install/moveit_visual_tools:/home/kush/ws_moveit2_ur5/install/moveit_task_constructor_visualization:/home/kush/ws_moveit2_ur5/install/moveit_task_constructor_demo:/home/kush/ws_moveit2_ur5/install/moveit_task_constructor_capabilities:/home/kush/ws_moveit2_ur5/install/moveit_task_constructor_core:/home/kush/ws_moveit2_ur5/install/moveit_ros_control_interface:/home/kush/ws_moveit2_ur5/install/moveit_plugins:/home/kush/ws_moveit2_ur5/install/moveit_simple_controller_manager:/home/kush/ws_moveit2_ur5/install/moveit_setup_assistant:/home/kush/ws_moveit2_ur5/install/moveit_setup_srdf_plugins:/home/kush/ws_moveit2_ur5/install/moveit_setup_core_plugins:/home/kush/ws_moveit2_ur5/install/moveit_setup_controllers:/home/kush/ws_moveit2_ur5/install/moveit_setup_app_plugins:/home/kush/ws_moveit2_ur5/install/moveit_setup_framework:/home/kush/ws_moveit2_ur5/install/moveit_servo:/home/kush/ws_moveit2_ur5/install/moveit_ros:/home/kush/ws_moveit2_ur5/install/moveit_ros_visualization:/home/kush/ws_moveit2_ur5/install/moveit_hybrid_planning:/home/kush/ws_moveit2_ur5/install/moveit_ros_planning_interface:/home/kush/ws_moveit2_ur5/install/moveit_ros_benchmarks:/home/kush/ws_moveit2_ur5/install/moveit_ros_warehouse:/home/kush/ws_moveit2_ur5/install/moveit_ros_robot_interaction:/home/kush/ws_moveit2_ur5/install/moveit_ros_perception:/home/kush/ws_moveit2_ur5/install/moveit_resources_prbt_pg70_support:/home/kush/ws_moveit2_ur5/install/moveit_resources_prbt_moveit_config:/home/kush/ws_moveit2_ur5/install/moveit_ros_move_group:/home/kush/ws_moveit2_ur5/install/moveit_planners_ompl:/home/kush/ws_moveit2_ur5/install/moveit_ros_planning:/home/kush/ws_moveit2_ur5/install/moveit_ros_occupancy_map_monitor:/home/kush/ws_moveit2_ur5/install/moveit_resources_prbt_ikfast_manipulator_plugin:/home/kush/ws_moveit2_ur5/install/moveit_planners_chomp:/home/kush/ws_moveit2_ur5/install/moveit_kinematics:/home/kush/ws_moveit2_ur5/install/moveit_chomp_optimizer_adapter:/home/kush/ws_moveit2_ur5/install/chomp_motion_planner:/home/kush/ws_moveit2_ur5/install/moveit_core:/home/kush/ws_moveit2_ur5/install/srdfdom:/home/kush/ws_moveit2_ur5/install/rviz_marker_tools:/home/kush/ws_moveit2_ur5/install/rosparam_shortcuts:/home/kush/ws_moveit2_ur5/install/moveit_task_constructor_msgs:/home/kush/ws_moveit2_ur5/install/moveit_resources_prbt_support:/home/kush/ws_moveit2_ur5/install/moveit_resources:/home/kush/ws_moveit2_ur5/install/moveit_resources_pr2_description:/home/kush/ws_moveit2_ur5/install/moveit_resources_panda_moveit_config:/home/kush/ws_moveit2_ur5/install/moveit_resources_panda_description:/home/kush/ws_moveit2_ur5/install/moveit_resources_fanuc_moveit_config:/home/kush/ws_moveit2_ur5/install/moveit_resources_fanuc_description:/home/kush/ws_moveit2_ur5/install/moveit_common:/home/kush/ws_moveit2_ur5/install/moveit_configs_utils:/home/kush/ws_moveit2_ur5/install/launch_param_builder:/opt/ros/humble LD_LIBRARY_PATH=/home/kush/UR5_Project_main/install/srdfdom/lib:${LD_LIBRARY_PATH} PYTHONPATH=/home/kush/UR5_Project_main/install/srdfdom/local/lib/python3.10/dist-packages:${PYTHONPATH} /usr/bin/cmake --build /home/kush/UR5_Project_main/build/moveit_core -- -j4 -l4
[15.544s] Invoking command in '/home/kush/UR5_Project_main/build/moveit_core': AMENT_PREFIX_PATH=/home/kush/UR5_Project_main/install/moveit_resources_panda_moveit_config:/home/kush/UR5_Project_main/install/srdfdom:/home/kush/UR5_Project_main/install/moveit_resources_pr2_description:/home/kush/UR5_Project_main/install/moveit_resources_panda_description:/home/kush/UR5_Project_main/install/moveit_common:${AMENT_PREFIX_PATH} CMAKE_PREFIX_PATH=/home/kush/UR5_Project_main/install/moveit_resources_panda_moveit_config:/home/kush/UR5_Project_main/install/srdfdom:/home/kush/UR5_Project_main/install/moveit_resources_pr2_description:/home/kush/UR5_Project_main/install/moveit_resources_panda_description:/home/kush/UR5_Project_main/install/moveit_common:/home/kush/ws_moveit2_ur5/install/ur_description:/home/kush/ws_moveit2_ur5/install/pilz_industrial_motion_planner_testutils:/home/kush/ws_moveit2_ur5/install/moveit_runtime:/home/kush/ws_moveit2_ur5/install/moveit2_tutorials:/home/kush/ws_moveit2_ur5/install/moveit:/home/kush/ws_moveit2_ur5/install/moveit_planners:/home/kush/ws_moveit2_ur5/install/pilz_industrial_motion_planner:/home/kush/ws_moveit2_ur5/install/moveit_visual_tools:/home/kush/ws_moveit2_ur5/install/moveit_task_constructor_visualization:/home/kush/ws_moveit2_ur5/install/moveit_task_constructor_demo:/home/kush/ws_moveit2_ur5/install/moveit_task_constructor_capabilities:/home/kush/ws_moveit2_ur5/install/moveit_task_constructor_core:/home/kush/ws_moveit2_ur5/install/moveit_ros_control_interface:/home/kush/ws_moveit2_ur5/install/moveit_plugins:/home/kush/ws_moveit2_ur5/install/moveit_simple_controller_manager:/home/kush/ws_moveit2_ur5/install/moveit_setup_assistant:/home/kush/ws_moveit2_ur5/install/moveit_setup_srdf_plugins:/home/kush/ws_moveit2_ur5/install/moveit_setup_core_plugins:/home/kush/ws_moveit2_ur5/install/moveit_setup_controllers:/home/kush/ws_moveit2_ur5/install/moveit_setup_app_plugins:/home/kush/ws_moveit2_ur5/install/moveit_setup_framework:/home/kush/ws_moveit2_ur5/install/moveit_servo:/home/kush/ws_moveit2_ur5/install/moveit_ros:/home/kush/ws_moveit2_ur5/install/moveit_ros_visualization:/home/kush/ws_moveit2_ur5/install/moveit_hybrid_planning:/home/kush/ws_moveit2_ur5/install/moveit_ros_planning_interface:/home/kush/ws_moveit2_ur5/install/moveit_ros_benchmarks:/home/kush/ws_moveit2_ur5/install/moveit_ros_warehouse:/home/kush/ws_moveit2_ur5/install/moveit_ros_robot_interaction:/home/kush/ws_moveit2_ur5/install/moveit_ros_perception:/home/kush/ws_moveit2_ur5/install/moveit_resources_prbt_pg70_support:/home/kush/ws_moveit2_ur5/install/moveit_resources_prbt_moveit_config:/home/kush/ws_moveit2_ur5/install/moveit_ros_move_group:/home/kush/ws_moveit2_ur5/install/moveit_planners_ompl:/home/kush/ws_moveit2_ur5/install/moveit_ros_planning:/home/kush/ws_moveit2_ur5/install/moveit_ros_occupancy_map_monitor:/home/kush/ws_moveit2_ur5/install/moveit_resources_prbt_ikfast_manipulator_plugin:/home/kush/ws_moveit2_ur5/install/moveit_planners_chomp:/home/kush/ws_moveit2_ur5/install/moveit_kinematics:/home/kush/ws_moveit2_ur5/install/moveit_chomp_optimizer_adapter:/home/kush/ws_moveit2_ur5/install/chomp_motion_planner:/home/kush/ws_moveit2_ur5/install/moveit_core:/home/kush/ws_moveit2_ur5/install/srdfdom:/home/kush/ws_moveit2_ur5/install/rviz_marker_tools:/home/kush/ws_moveit2_ur5/install/rosparam_shortcuts:/home/kush/ws_moveit2_ur5/install/moveit_task_constructor_msgs:/home/kush/ws_moveit2_ur5/install/moveit_resources_prbt_support:/home/kush/ws_moveit2_ur5/install/moveit_resources:/home/kush/ws_moveit2_ur5/install/moveit_resources_pr2_description:/home/kush/ws_moveit2_ur5/install/moveit_resources_panda_moveit_config:/home/kush/ws_moveit2_ur5/install/moveit_resources_panda_description:/home/kush/ws_moveit2_ur5/install/moveit_resources_fanuc_moveit_config:/home/kush/ws_moveit2_ur5/install/moveit_resources_fanuc_description:/home/kush/ws_moveit2_ur5/install/moveit_common:/home/kush/ws_moveit2_ur5/install/moveit_configs_utils:/home/kush/ws_moveit2_ur5/install/launch_param_builder:/opt/ros/humble LD_LIBRARY_PATH=/home/kush/UR5_Project_main/install/srdfdom/lib:${LD_LIBRARY_PATH} PYTHONPATH=/home/kush/UR5_Project_main/install/srdfdom/local/lib/python3.10/dist-packages:${PYTHONPATH} /usr/bin/cmake --install /home/kush/UR5_Project_main/build/moveit_core
[15.570s] -- Install configuration: "Release"
[15.571s] -- Up-to-date: /home/kush/UR5_Project_main/install/moveit_core/include/moveit/version.h
[15.579s] -- Up-to-date: /home/kush/UR5_Project_main/install/moveit_core/include
[15.579s] -- Up-to-date: /home/kush/UR5_Project_main/install/moveit_core/include/moveit
[15.580s] -- Up-to-date: /home/kush/UR5_Project_main/install/moveit_core/include/moveit/collision_distance_field
[15.580s] -- Up-to-date: /home/kush/UR5_Project_main/install/moveit_core/include/moveit/collision_distance_field/collision_common_distance_field.h
[15.580s] -- Up-to-date: /home/kush/UR5_Project_main/install/moveit_core/include/moveit/collision_distance_field/collision_detector_allocator_distance_field.h
[15.580s] -- Up-to-date: /home/kush/UR5_Project_main/install/moveit_core/include/moveit/collision_distance_field/collision_detector_allocator_hybrid.h
[15.580s] -- Up-to-date: /home/kush/UR5_Project_main/install/moveit_core/include/moveit/collision_distance_field/collision_env_distance_field.h
[15.580s] -- Up-to-date: /home/kush/UR5_Project_main/install/moveit_core/include/moveit/collision_distance_field/collision_env_hybrid.h
[15.580s] -- Up-to-date: /home/kush/UR5_Project_main/install/moveit_core/include/moveit/collision_distance_field/collision_distance_field_types.h
[15.580s] -- Up-to-date: /home/kush/UR5_Project_main/install/moveit_core/include/moveit_collision_distance_field_export.h
[15.628s] -- Up-to-date: /home/kush/UR5_Project_main/install/moveit_core/include
[15.628s] -- Up-to-date: /home/kush/UR5_Project_main/install/moveit_core/include/moveit
[15.628s] -- Up-to-date: /home/kush/UR5_Project_main/install/moveit_core/include/moveit/constraint_samplers
[15.629s] -- Up-to-date: /home/kush/UR5_Project_main/install/moveit_core/include/moveit/constraint_samplers/default_constraint_samplers.h
[15.629s] -- Up-to-date: /home/kush/UR5_Project_main/install/moveit_core/include/moveit/constraint_samplers/constraint_sampler_tools.h
[15.629s] -- Up-to-date: /home/kush/UR5_Project_main/install/moveit_core/include/moveit/constraint_samplers/constraint_sampler_allocator.h
[15.629s] -- Up-to-date: /home/kush/UR5_Project_main/install/moveit_core/include/moveit/constraint_samplers/constraint_sampler_manager.h
[15.629s] -- Up-to-date: /home/kush/UR5_Project_main/install/moveit_core/include/moveit/constraint_samplers/union_constraint_sampler.h
[15.629s] -- Up-to-date: /home/kush/UR5_Project_main/install/moveit_core/include/moveit/constraint_samplers/constraint_sampler.h
[15.674s] -- Up-to-date: /home/kush/UR5_Project_main/install/moveit_core/include
[15.674s] -- Up-to-date: /home/kush/UR5_Project_main/install/moveit_core/include/moveit
[15.674s] -- Up-to-date: /home/kush/UR5_Project_main/install/moveit_core/include/moveit/controller_manager
[15.674s] -- Up-to-date: /home/kush/UR5_Project_main/install/moveit_core/include/moveit/controller_manager/controller_manager.h
[15.701s] -- Up-to-date: /home/kush/UR5_Project_main/install/moveit_core/include
[15.702s] -- Up-to-date: /home/kush/UR5_Project_main/install/moveit_core/include/moveit
[15.702s] -- Up-to-date: /home/kush/UR5_Project_main/install/moveit_core/include/moveit/distance_field
[15.703s] -- Up-to-date: /home/kush/UR5_Project_main/install/moveit_core/include/moveit/distance_field/propagation_distance_field.h
[15.703s] -- Up-to-date: /home/kush/UR5_Project_main/install/moveit_core/include/moveit/distance_field/find_internal_points.h
[15.704s] -- Up-to-date: /home/kush/UR5_Project_main/install/moveit_core/include/moveit/distance_field/voxel_grid.h
[15.704s] -- Up-to-date: /home/kush/UR5_Project_main/install/moveit_core/include/moveit/distance_field/distance_field.h
[15.705s] -- Up-to-date: /home/kush/UR5_Project_main/install/moveit_core/include
[15.706s] -- Up-to-date: /home/kush/UR5_Project_main/install/moveit_core/include/moveit
[15.706s] -- Up-to-date: /home/kush/UR5_Project_main/install/moveit_core/include/moveit/dynamics_solver
[15.706s] -- Up-to-date: /home/kush/UR5_Project_main/install/moveit_core/include/moveit/dynamics_solver/dynamics_solver.h
[15.707s] -- Up-to-date: /home/kush/UR5_Project_main/install/moveit_core/include
[15.709s] -- Up-to-date: /home/kush/UR5_Project_main/install/moveit_core/include/moveit
[15.710s] -- Up-to-date: /home/kush/UR5_Project_main/install/moveit_core/include/moveit/exceptions
[15.710s] -- Up-to-date: /home/kush/UR5_Project_main/install/moveit_core/include/moveit/exceptions/exceptions.h
[15.711s] -- Up-to-date: /home/kush/UR5_Project_main/install/moveit_core/include
[15.711s] -- Up-to-date: /home/kush/UR5_Project_main/install/moveit_core/include/moveit
[15.712s] -- Up-to-date: /home/kush/UR5_Project_main/install/moveit_core/include/moveit/kinematics_base
[15.712s] -- Up-to-date: /home/kush/UR5_Project_main/install/moveit_core/include/moveit/kinematics_base/kinematics_base.h
[15.712s] -- Up-to-date: /home/kush/UR5_Project_main/install/moveit_core/include/moveit_kinematics_base_export.h
[15.712s] -- Up-to-date: /home/kush/UR5_Project_main/install/moveit_core/include
[15.712s] -- Up-to-date: /home/kush/UR5_Project_main/install/moveit_core/include/moveit
[15.713s] -- Up-to-date: /home/kush/UR5_Project_main/install/moveit_core/include/moveit/kinematic_constraints
[15.713s] -- Up-to-date: /home/kush/UR5_Project_main/install/moveit_core/include/moveit/kinematic_constraints/kinematic_constraint.h
[15.713s] -- Up-to-date: /home/kush/UR5_Project_main/install/moveit_core/include/moveit/kinematic_constraints/utils.h
[15.713s] -- Up-to-date: /home/kush/UR5_Project_main/install/moveit_core/include
[15.713s] -- Up-to-date: /home/kush/UR5_Project_main/install/moveit_core/include/moveit
[15.714s] -- Up-to-date: /home/kush/UR5_Project_main/install/moveit_core/include/moveit/kinematics_metrics
[15.714s] -- Up-to-date: /home/kush/UR5_Project_main/install/moveit_core/include/moveit/kinematics_metrics/kinematics_metrics.h
[15.714s] -- Up-to-date: /home/kush/UR5_Project_main/install/moveit_core/include
[15.714s] -- Up-to-date: /home/kush/UR5_Project_main/install/moveit_core/include/moveit
[15.714s] -- Up-to-date: /home/kush/UR5_Project_main/install/moveit_core/include/moveit/macros
[15.714s] -- Up-to-date: /home/kush/UR5_Project_main/install/moveit_core/include/moveit/macros/class_forward.h
[15.715s] -- Up-to-date: /home/kush/UR5_Project_main/install/moveit_core/include/moveit/macros/console_colors.h
[15.715s] -- Up-to-date: /home/kush/UR5_Project_main/install/moveit_core/include/moveit/macros/deprecation.h
[15.715s] -- Up-to-date: /home/kush/UR5_Project_main/install/moveit_core/include/moveit/macros/declare_ptr.h
[15.729s] -- Up-to-date: /home/kush/UR5_Project_main/install/moveit_core/include/moveit_butterworth_parameters
[15.729s] -- Up-to-date: /home/kush/UR5_Project_main/install/moveit_core/include/moveit_butterworth_parameters/moveit_butterworth_parameters.hpp
[15.729s] -- Up-to-date: /home/kush/UR5_Project_main/install/moveit_core/include
[15.729s] -- Up-to-date: /home/kush/UR5_Project_main/install/moveit_core/include/moveit
[15.730s] -- Up-to-date: /home/kush/UR5_Project_main/install/moveit_core/include/moveit/online_signal_smoothing
[15.730s] -- Up-to-date: /home/kush/UR5_Project_main/install/moveit_core/include/moveit/online_signal_smoothing/smoothing_base_class.h
[15.730s] -- Up-to-date: /home/kush/UR5_Project_main/install/moveit_core/include/moveit/online_signal_smoothing/butterworth_filter.h
[15.730s] -- Up-to-date: /home/kush/UR5_Project_main/install/moveit_core/include/moveit_smoothing_base_export.h
[15.731s] -- Up-to-date: /home/kush/UR5_Project_main/install/moveit_core/include/moveit_butterworth_filter_export.h
[15.731s] -- Up-to-date: /home/kush/UR5_Project_main/install/moveit_core/include
[15.731s] -- Up-to-date: /home/kush/UR5_Project_main/install/moveit_core/include/moveit
[15.731s] -- Up-to-date: /home/kush/UR5_Project_main/install/moveit_core/include/moveit/planning_interface
[15.732s] -- Up-to-date: /home/kush/UR5_Project_main/install/moveit_core/include/moveit/planning_interface/planning_request.h
[15.732s] -- Up-to-date: /home/kush/UR5_Project_main/install/moveit_core/include/moveit/planning_interface/planning_response.h
[15.732s] -- Up-to-date: /home/kush/UR5_Project_main/install/moveit_core/include/moveit/planning_interface/planning_interface.h
[15.732s] -- Up-to-date: /home/kush/UR5_Project_main/install/moveit_core/include
[15.732s] -- Up-to-date: /home/kush/UR5_Project_main/install/moveit_core/include/moveit
[15.733s] -- Up-to-date: /home/kush/UR5_Project_main/install/moveit_core/include/moveit/planning_request_adapter
[15.733s] -- Up-to-date: /home/kush/UR5_Project_main/install/moveit_core/include/moveit/planning_request_adapter/planning_request_adapter.h
[15.737s] -- Up-to-date: /home/kush/UR5_Project_main/install/moveit_core/include
[15.737s] -- Up-to-date: /home/kush/UR5_Project_main/install/moveit_core/include/moveit
[15.738s] -- Up-to-date: /home/kush/UR5_Project_main/install/moveit_core/include/moveit/planning_scene
[15.738s] -- Up-to-date: /home/kush/UR5_Project_main/install/moveit_core/include/moveit/planning_scene/planning_scene.h
[15.738s] -- Up-to-date: /home/kush/UR5_Project_main/install/moveit_core/include/moveit_planning_scene_export.h
[15.739s] -- Up-to-date: /home/kush/UR5_Project_main/install/moveit_core/include
[15.740s] -- Up-to-date: /home/kush/UR5_Project_main/install/moveit_core/include/moveit
[15.740s] -- Up-to-date: /home/kush/UR5_Project_main/install/moveit_core/include/moveit/robot_model
[15.740s] -- Up-to-date: /home/kush/UR5_Project_main/install/moveit_core/include/moveit/robot_model/revolute_joint_model.h
[15.740s] -- Up-to-date: /home/kush/UR5_Project_main/install/moveit_core/include/moveit/robot_model/prismatic_joint_model.h
[15.741s] -- Up-to-date: /home/kush/UR5_Project_main/install/moveit_core/include/moveit/robot_model/floating_joint_model.h
[15.741s] -- Up-to-date: /home/kush/UR5_Project_main/install/moveit_core/include/moveit/robot_model/robot_model.h
[15.741s] -- Up-to-date: /home/kush/UR5_Project_main/install/moveit_core/include/moveit/robot_model/fixed_joint_model.h
[15.741s] -- Up-to-date: /home/kush/UR5_Project_main/install/moveit_core/include/moveit/robot_model/link_model.h
[15.741s] -- Up-to-date: /home/kush/UR5_Project_main/install/moveit_core/include/moveit/robot_model/joint_model.h
[15.741s] -- Up-to-date: /home/kush/UR5_Project_main/install/moveit_core/include/moveit/robot_model/planar_joint_model.h
[15.742s] -- Up-to-date: /home/kush/UR5_Project_main/install/moveit_core/include/moveit/robot_model/joint_model_group.h
[15.742s] -- Up-to-date: /home/kush/UR5_Project_main/install/moveit_core/include/moveit/robot_model/aabb.h
[15.746s] -- Up-to-date: /home/kush/UR5_Project_main/install/moveit_core/include
[15.747s] -- Up-to-date: /home/kush/UR5_Project_main/install/moveit_core/include/moveit
[15.747s] -- Up-to-date: /home/kush/UR5_Project_main/install/moveit_core/include/moveit/robot_state
[15.747s] -- Up-to-date: /home/kush/UR5_Project_main/install/moveit_core/include/moveit/robot_state/conversions.h
[15.747s] -- Up-to-date: /home/kush/UR5_Project_main/install/moveit_core/include/moveit/robot_state/attached_body.h
[15.747s] -- Up-to-date: /home/kush/UR5_Project_main/install/moveit_core/include/moveit/robot_state/cartesian_interpolator.h
[15.748s] -- Up-to-date: /home/kush/UR5_Project_main/install/moveit_core/include/moveit/robot_state/robot_state.h
[15.750s] -- Up-to-date: /home/kush/UR5_Project_main/install/moveit_core/include
[15.751s] -- Up-to-date: /home/kush/UR5_Project_main/install/moveit_core/include/moveit
[15.751s] -- Up-to-date: /home/kush/UR5_Project_main/install/moveit_core/include/moveit/robot_trajectory
[15.751s] -- Up-to-date: /home/kush/UR5_Project_main/install/moveit_core/include/moveit/robot_trajectory/robot_trajectory.h
[15.751s] -- Up-to-date: /home/kush/UR5_Project_main/install/moveit_core/include
[15.752s] -- Up-to-date: /home/kush/UR5_Project_main/install/moveit_core/include/moveit
[15.752s] -- Up-to-date: /home/kush/UR5_Project_main/install/moveit_core/include/moveit/sensor_manager
[15.752s] -- Up-to-date: /home/kush/UR5_Project_main/install/moveit_core/include/moveit/sensor_manager/sensor_manager.h
[15.755s] -- Up-to-date: /home/kush/UR5_Project_main/install/moveit_core/include
[15.755s] -- Up-to-date: /home/kush/UR5_Project_main/install/moveit_core/include/moveit
[15.756s] -- Up-to-date: /home/kush/UR5_Project_main/install/moveit_core/include/moveit/trajectory_processing
[15.756s] -- Up-to-date: /home/kush/UR5_Project_main/install/moveit_core/include/moveit/trajectory_processing/trajectory_tools.h
[15.756s] -- Up-to-date: /home/kush/UR5_Project_main/install/moveit_core/include/moveit/trajectory_processing/iterative_spline_parameterization.h
[15.756s] -- Up-to-date: /home/kush/UR5_Project_main/install/moveit_core/include/moveit/trajectory_processing/time_parameterization.h
[15.756s] -- Up-to-date: /home/kush/UR5_Project_main/install/moveit_core/include/moveit/trajectory_processing/ruckig_traj_smoothing.h
[15.757s] -- Up-to-date: /home/kush/UR5_Project_main/install/moveit_core/include/moveit/trajectory_processing/iterative_time_parameterization.h
[15.757s] -- Up-to-date: /home/kush/UR5_Project_main/install/moveit_core/include/moveit/trajectory_processing/time_optimal_trajectory_generation.h
[15.757s] -- Up-to-date: /home/kush/UR5_Project_main/install/moveit_core/include
[15.757s] -- Up-to-date: /home/kush/UR5_Project_main/install/moveit_core/include/moveit
[15.757s] -- Up-to-date: /home/kush/UR5_Project_main/install/moveit_core/include/moveit/transforms
[15.758s] -- Up-to-date: /home/kush/UR5_Project_main/install/moveit_core/include/moveit/transforms/transforms.h
[15.761s] -- Up-to-date: /home/kush/UR5_Project_main/install/moveit_core/include
[15.761s] -- Up-to-date: /home/kush/UR5_Project_main/install/moveit_core/include/moveit
[15.762s] -- Up-to-date: /home/kush/UR5_Project_main/install/moveit_core/include/moveit/utils
[15.762s] -- Up-to-date: /home/kush/UR5_Project_main/install/moveit_core/include/moveit/utils/message_checks.h
[15.762s] -- Up-to-date: /home/kush/UR5_Project_main/install/moveit_core/include/moveit/utils/lexical_casts.h
[15.762s] -- Up-to-date: /home/kush/UR5_Project_main/install/moveit_core/include/moveit/utils/rclcpp_utils.h
[15.762s] -- Up-to-date: /home/kush/UR5_Project_main/install/moveit_core/include/moveit/utils/robot_model_test_utils.h
[15.762s] -- Up-to-date: /home/kush/UR5_Project_main/install/moveit_core/include/moveit/utils/moveit_error_code.h
[15.778s] -- Up-to-date: /home/kush/UR5_Project_main/install/moveit_core/bin/moveit_version
[15.789s] -- Up-to-date: /home/kush/UR5_Project_main/install/moveit_core/include
[15.790s] -- Up-to-date: /home/kush/UR5_Project_main/install/moveit_core/include/moveit
[15.790s] -- Up-to-date: /home/kush/UR5_Project_main/install/moveit_core/include/moveit/collision_detection
[15.790s] -- Up-to-date: /home/kush/UR5_Project_main/install/moveit_core/include/moveit/collision_detection/test_collision_common_pr2.h
[15.791s] -- Up-to-date: /home/kush/UR5_Project_main/install/moveit_core/include/moveit/collision_detection/world_diff.h
[15.791s] -- Up-to-date: /home/kush/UR5_Project_main/install/moveit_core/include/moveit/collision_detection/occupancy_map.h
[15.791s] -- Up-to-date: /home/kush/UR5_Project_main/install/moveit_core/include/moveit/collision_detection/collision_env.h
[15.791s] -- Up-to-date: /home/kush/UR5_Project_main/install/moveit_core/include/moveit/collision_detection/world.h
[15.791s] -- Up-to-date: /home/kush/UR5_Project_main/install/moveit_core/include/moveit/collision_detection/collision_matrix.h
[15.791s] -- Up-to-date: /home/kush/UR5_Project_main/install/moveit_core/include/moveit/collision_detection/collision_tools.h
[15.792s] -- Up-to-date: /home/kush/UR5_Project_main/install/moveit_core/include/moveit/collision_detection/collision_plugin_cache.h
[15.792s] -- Up-to-date: /home/kush/UR5_Project_main/install/moveit_core/include/moveit/collision_detection/collision_plugin.h
[15.792s] -- Up-to-date: /home/kush/UR5_Project_main/install/moveit_core/include/moveit/collision_detection/allvalid
[15.792s] -- Up-to-date: /home/kush/UR5_Project_main/install/moveit_core/include/moveit/collision_detection/allvalid/collision_env_allvalid.h
[15.792s] -- Up-to-date: /home/kush/UR5_Project_main/install/moveit_core/include/moveit/collision_detection/allvalid/collision_detector_allocator_allvalid.h
[15.792s] -- Up-to-date: /home/kush/UR5_Project_main/install/moveit_core/include/moveit/collision_detection/test_collision_common_panda.h
[15.792s] -- Up-to-date: /home/kush/UR5_Project_main/install/moveit_core/include/moveit/collision_detection/collision_detector_allocator.h
[15.792s] -- Up-to-date: /home/kush/UR5_Project_main/install/moveit_core/include/moveit/collision_detection/collision_octomap_filter.h
[15.792s] -- Up-to-date: /home/kush/UR5_Project_main/install/moveit_core/include/moveit/collision_detection/collision_common.h
[15.793s] -- Up-to-date: /home/kush/UR5_Project_main/install/moveit_core/include/moveit_collision_detection_export.h
[15.797s] -- Up-to-date: /home/kush/UR5_Project_main/install/moveit_core/include
[15.798s] -- Up-to-date: /home/kush/UR5_Project_main/install/moveit_core/include/moveit
[15.798s] -- Up-to-date: /home/kush/UR5_Project_main/install/moveit_core/include/moveit/collision_detection_bullet
[15.798s] -- Up-to-date: /home/kush/UR5_Project_main/install/moveit_core/include/moveit/collision_detection_bullet/collision_detector_allocator_bullet.h
[15.798s] -- Up-to-date: /home/kush/UR5_Project_main/install/moveit_core/include/moveit/collision_detection_bullet/bullet_integration
[15.799s] -- Up-to-date: /home/kush/UR5_Project_main/install/moveit_core/include/moveit/collision_detection_bullet/bullet_integration/bullet_utils.h
[15.799s] -- Up-to-date: /home/kush/UR5_Project_main/install/moveit_core/include/moveit/collision_detection_bullet/bullet_integration/contact_checker_common.h
[15.799s] -- Up-to-date: /home/kush/UR5_Project_main/install/moveit_core/include/moveit/collision_detection_bullet/bullet_integration/bullet_bvh_manager.h
[15.799s] -- Up-to-date: /home/kush/UR5_Project_main/install/moveit_core/include/moveit/collision_detection_bullet/bullet_integration/bullet_cast_bvh_manager.h
[15.799s] -- Up-to-date: /home/kush/UR5_Project_main/install/moveit_core/include/moveit/collision_detection_bullet/bullet_integration/bullet_discrete_bvh_manager.h
[15.799s] -- Up-to-date: /home/kush/UR5_Project_main/install/moveit_core/include/moveit/collision_detection_bullet/bullet_integration/basic_types.h
[15.799s] -- Up-to-date: /home/kush/UR5_Project_main/install/moveit_core/include/moveit/collision_detection_bullet/bullet_integration/ros_bullet_utils.h
[15.799s] -- Up-to-date: /home/kush/UR5_Project_main/install/moveit_core/include/moveit/collision_detection_bullet/collision_env_bullet.h
[15.799s] -- Up-to-date: /home/kush/UR5_Project_main/install/moveit_core/include/moveit/collision_detection_bullet/collision_detector_bullet_plugin_loader.h
[15.799s] -- Up-to-date: /home/kush/UR5_Project_main/install/moveit_core/include/moveit_collision_detection_bullet_export.h
[15.845s] -- Up-to-date: /home/kush/UR5_Project_main/install/moveit_core/lib/libmoveit_collision_detection_bullet.so.2.5.4
[15.845s] -- Up-to-date: /home/kush/UR5_Project_main/install/moveit_core/lib/libmoveit_collision_detection_bullet.so
[15.861s] -- Up-to-date: /home/kush/UR5_Project_main/install/moveit_core/lib/libcollision_detector_bullet_plugin.so.2.5.4
[15.862s] -- Up-to-date: /home/kush/UR5_Project_main/install/moveit_core/lib/libcollision_detector_bullet_plugin.so
[15.862s] -- Up-to-date: /home/kush/UR5_Project_main/install/moveit_core/share/moveit_core/environment/library_path.sh
[15.862s] -- Up-to-date: /home/kush/UR5_Project_main/install/moveit_core/share/moveit_core/environment/library_path.dsv
[15.870s] -- Up-to-date: /home/kush/UR5_Project_main/install/moveit_core/include
[15.870s] -- Up-to-date: /home/kush/UR5_Project_main/install/moveit_core/include/moveit
[15.870s] -- Up-to-date: /home/kush/UR5_Project_main/install/moveit_core/include/moveit/collision_detection_fcl
[15.871s] -- Up-to-date: /home/kush/UR5_Project_main/install/moveit_core/include/moveit/collision_detection_fcl/collision_detector_fcl_plugin_loader.h
[15.871s] -- Up-to-date: /home/kush/UR5_Project_main/install/moveit_core/include/moveit/collision_detection_fcl/fcl_compat.h
[15.871s] -- Up-to-date: /home/kush/UR5_Project_main/install/moveit_core/include/moveit/collision_detection_fcl/collision_env_fcl.h
[15.871s] -- Up-to-date: /home/kush/UR5_Project_main/install/moveit_core/include/moveit/collision_detection_fcl/collision_detector_allocator_fcl.h
[15.871s] -- Up-to-date: /home/kush/UR5_Project_main/install/moveit_core/include/moveit/collision_detection_fcl/collision_common.h
[15.872s] -- Up-to-date: /home/kush/UR5_Project_main/install/moveit_core/include/moveit_collision_detection_fcl_export.h
[15.924s] -- Up-to-date: /home/kush/UR5_Project_main/install/moveit_core/lib/libmoveit_butterworth_filter.so.2.5.4
[15.924s] -- Up-to-date: /home/kush/UR5_Project_main/install/moveit_core/lib/libmoveit_butterworth_filter.so
[15.943s] -- Up-to-date: /home/kush/UR5_Project_main/install/moveit_core/lib/libmoveit_collision_distance_field.so.2.5.4
[15.943s] -- Up-to-date: /home/kush/UR5_Project_main/install/moveit_core/lib/libmoveit_collision_distance_field.so
[16.009s] -- Up-to-date: /home/kush/UR5_Project_main/install/moveit_core/lib/libmoveit_collision_detection.so.2.5.4
[16.010s] -- Up-to-date: /home/kush/UR5_Project_main/install/moveit_core/lib/libmoveit_collision_detection.so
[16.028s] -- Up-to-date: /home/kush/UR5_Project_main/install/moveit_core/lib/libmoveit_collision_detection_fcl.so.2.5.4
[16.029s] -- Up-to-date: /home/kush/UR5_Project_main/install/moveit_core/lib/libmoveit_collision_detection_fcl.so
[16.029s] -- Up-to-date: /home/kush/UR5_Project_main/install/moveit_core/lib/libmoveit_collision_detection_bullet.so.2.5.4
[16.030s] -- Up-to-date: /home/kush/UR5_Project_main/install/moveit_core/lib/libmoveit_collision_detection_bullet.so
[16.038s] -- Up-to-date: /home/kush/UR5_Project_main/install/moveit_core/lib/libmoveit_dynamics_solver.so.2.5.4
[16.039s] -- Up-to-date: /home/kush/UR5_Project_main/install/moveit_core/lib/libmoveit_dynamics_solver.so
[16.074s] -- Up-to-date: /home/kush/UR5_Project_main/install/moveit_core/lib/libmoveit_constraint_samplers.so.2.5.4
[16.075s] -- Up-to-date: /home/kush/UR5_Project_main/install/moveit_core/lib/libmoveit_constraint_samplers.so
[16.078s] -- Up-to-date: /home/kush/UR5_Project_main/install/moveit_core/lib/libmoveit_distance_field.so.2.5.4
[16.078s] -- Up-to-date: /home/kush/UR5_Project_main/install/moveit_core/lib/libmoveit_distance_field.so
[16.086s] -- Up-to-date: /home/kush/UR5_Project_main/install/moveit_core/lib/libmoveit_exceptions.so.2.5.4
[16.086s] -- Up-to-date: /home/kush/UR5_Project_main/install/moveit_core/lib/libmoveit_exceptions.so
[16.087s] -- Up-to-date: /home/kush/UR5_Project_main/install/moveit_core/lib/libmoveit_kinematics_base.so
[16.128s] -- Up-to-date: /home/kush/UR5_Project_main/install/moveit_core/lib/libmoveit_kinematic_constraints.so.2.5.4
[16.129s] -- Up-to-date: /home/kush/UR5_Project_main/install/moveit_core/lib/libmoveit_kinematic_constraints.so
[16.157s] -- Up-to-date: /home/kush/UR5_Project_main/install/moveit_core/lib/libmoveit_kinematics_metrics.so.2.5.4
[16.157s] -- Up-to-date: /home/kush/UR5_Project_main/install/moveit_core/lib/libmoveit_kinematics_metrics.so
[16.196s] -- Up-to-date: /home/kush/UR5_Project_main/install/moveit_core/lib/libmoveit_planning_interface.so.2.5.4
[16.197s] -- Up-to-date: /home/kush/UR5_Project_main/install/moveit_core/lib/libmoveit_planning_interface.so
[16.218s] -- Up-to-date: /home/kush/UR5_Project_main/install/moveit_core/lib/libmoveit_planning_scene.so.2.5.4
[16.218s] -- Up-to-date: /home/kush/UR5_Project_main/install/moveit_core/lib/libmoveit_planning_scene.so
[16.226s] -- Up-to-date: /home/kush/UR5_Project_main/install/moveit_core/lib/libmoveit_planning_request_adapter.so.2.5.4
[16.226s] -- Up-to-date: /home/kush/UR5_Project_main/install/moveit_core/lib/libmoveit_planning_request_adapter.so
[16.264s] -- Up-to-date: /home/kush/UR5_Project_main/install/moveit_core/lib/libmoveit_robot_model.so.2.5.4
[16.265s] -- Up-to-date: /home/kush/UR5_Project_main/install/moveit_core/lib/libmoveit_robot_model.so
[16.302s] -- Up-to-date: /home/kush/UR5_Project_main/install/moveit_core/lib/libmoveit_robot_state.so.2.5.4
[16.302s] -- Up-to-date: /home/kush/UR5_Project_main/install/moveit_core/lib/libmoveit_robot_state.so
[16.315s] -- Up-to-date: /home/kush/UR5_Project_main/install/moveit_core/lib/libmoveit_robot_trajectory.so.2.5.4
[16.315s] -- Up-to-date: /home/kush/UR5_Project_main/install/moveit_core/lib/libmoveit_robot_trajectory.so
[16.316s] -- Up-to-date: /home/kush/UR5_Project_main/install/moveit_core/lib/libmoveit_smoothing_base.so.2.5.4
[16.316s] -- Up-to-date: /home/kush/UR5_Project_main/install/moveit_core/lib/libmoveit_smoothing_base.so
[16.347s] -- Up-to-date: /home/kush/UR5_Project_main/install/moveit_core/lib/libmoveit_test_utils.so.2.5.4
[16.347s] -- Up-to-date: /home/kush/UR5_Project_main/install/moveit_core/lib/libmoveit_test_utils.so
[16.369s] -- Up-to-date: /home/kush/UR5_Project_main/install/moveit_core/lib/libmoveit_trajectory_processing.so.2.5.4
[16.370s] -- Up-to-date: /home/kush/UR5_Project_main/install/moveit_core/lib/libmoveit_trajectory_processing.so
[16.371s] -- Up-to-date: /home/kush/UR5_Project_main/install/moveit_core/lib/libmoveit_transforms.so.2.5.4
[16.371s] -- Up-to-date: /home/kush/UR5_Project_main/install/moveit_core/lib/libmoveit_transforms.so
[16.377s] -- Up-to-date: /home/kush/UR5_Project_main/install/moveit_core/lib/libmoveit_utils.so.2.5.4
[16.378s] -- Up-to-date: /home/kush/UR5_Project_main/install/moveit_core/lib/libmoveit_utils.so
[16.378s] -- Up-to-date: /home/kush/UR5_Project_main/install/moveit_core/share/moveit_core/environment/library_path.sh
[16.378s] -- Up-to-date: /home/kush/UR5_Project_main/install/moveit_core/share/moveit_core/environment/library_path.dsv
[16.379s] -- Up-to-date: /home/kush/UR5_Project_main/install/moveit_core/share/moveit_core/collision_detector_fcl_description.xml
[16.379s] -- Up-to-date: /home/kush/UR5_Project_main/install/moveit_core/share/moveit_core/collision_detector_bullet_description.xml
[16.380s] -- Up-to-date: /home/kush/UR5_Project_main/install/moveit_core/share/moveit_core/filter_plugin_butterworth.xml
[16.380s] -- Up-to-date: /home/kush/UR5_Project_main/install/moveit_core/share/ament_index/resource_index/package_run_dependencies/moveit_core
[16.380s] -- Up-to-date: /home/kush/UR5_Project_main/install/moveit_core/share/ament_index/resource_index/parent_prefix_path/moveit_core
[16.380s] -- Up-to-date: /home/kush/UR5_Project_main/install/moveit_core/share/moveit_core/environment/ament_prefix_path.sh
[16.380s] -- Up-to-date: /home/kush/UR5_Project_main/install/moveit_core/share/moveit_core/environment/ament_prefix_path.dsv
[16.381s] -- Up-to-date: /home/kush/UR5_Project_main/install/moveit_core/share/moveit_core/environment/path.sh
[16.381s] -- Up-to-date: /home/kush/UR5_Project_main/install/moveit_core/share/moveit_core/environment/path.dsv
[16.381s] -- Up-to-date: /home/kush/UR5_Project_main/install/moveit_core/share/moveit_core/local_setup.bash
[16.381s] -- Up-to-date: /home/kush/UR5_Project_main/install/moveit_core/share/moveit_core/local_setup.sh
[16.381s] -- Up-to-date: /home/kush/UR5_Project_main/install/moveit_core/share/moveit_core/local_setup.zsh
[16.381s] -- Up-to-date: /home/kush/UR5_Project_main/install/moveit_core/share/moveit_core/local_setup.dsv
[16.381s] -- Installing: /home/kush/UR5_Project_main/install/moveit_core/share/moveit_core/package.dsv
[16.403s] -- Up-to-date: /home/kush/UR5_Project_main/install/moveit_core/share/ament_index/resource_index/packages/moveit_core
[16.403s] -- Up-to-date: /home/kush/UR5_Project_main/install/moveit_core/share/ament_index/resource_index/moveit_core__pluginlib__plugin/moveit_core
[16.463s] -- Up-to-date: /home/kush/UR5_Project_main/install/moveit_core/share/moveit_core/cmake/export_moveit_coreExport.cmake
[16.463s] -- Up-to-date: /home/kush/UR5_Project_main/install/moveit_core/share/moveit_core/cmake/export_moveit_coreExport-release.cmake
[16.463s] -- Up-to-date: /home/kush/UR5_Project_main/install/moveit_core/share/moveit_core/cmake/ConfigExtras.cmake
[16.464s] -- Up-to-date: /home/kush/UR5_Project_main/install/moveit_core/share/moveit_core/cmake/ament_cmake_export_targets-extras.cmake
[16.464s] -- Up-to-date: /home/kush/UR5_Project_main/install/moveit_core/share/moveit_core/cmake/ament_cmake_export_dependencies-extras.cmake
[16.464s] -- Up-to-date: /home/kush/UR5_Project_main/install/moveit_core/share/moveit_core/cmake/moveit_coreConfig.cmake
[16.464s] -- Up-to-date: /home/kush/UR5_Project_main/install/moveit_core/share/moveit_core/cmake/moveit_coreConfig-version.cmake
[16.464s] -- Up-to-date: /home/kush/UR5_Project_main/install/moveit_core/share/moveit_core/package.xml
[16.474s] Invoked command in '/home/kush/UR5_Project_main/build/moveit_core' returned '0': AMENT_PREFIX_PATH=/home/kush/UR5_Project_main/install/moveit_resources_panda_moveit_config:/home/kush/UR5_Project_main/install/srdfdom:/home/kush/UR5_Project_main/install/moveit_resources_pr2_description:/home/kush/UR5_Project_main/install/moveit_resources_panda_description:/home/kush/UR5_Project_main/install/moveit_common:${AMENT_PREFIX_PATH} CMAKE_PREFIX_PATH=/home/kush/UR5_Project_main/install/moveit_resources_panda_moveit_config:/home/kush/UR5_Project_main/install/srdfdom:/home/kush/UR5_Project_main/install/moveit_resources_pr2_description:/home/kush/UR5_Project_main/install/moveit_resources_panda_description:/home/kush/UR5_Project_main/install/moveit_common:/home/kush/ws_moveit2_ur5/install/ur_description:/home/kush/ws_moveit2_ur5/install/pilz_industrial_motion_planner_testutils:/home/kush/ws_moveit2_ur5/install/moveit_runtime:/home/kush/ws_moveit2_ur5/install/moveit2_tutorials:/home/kush/ws_moveit2_ur5/install/moveit:/home/kush/ws_moveit2_ur5/install/moveit_planners:/home/kush/ws_moveit2_ur5/install/pilz_industrial_motion_planner:/home/kush/ws_moveit2_ur5/install/moveit_visual_tools:/home/kush/ws_moveit2_ur5/install/moveit_task_constructor_visualization:/home/kush/ws_moveit2_ur5/install/moveit_task_constructor_demo:/home/kush/ws_moveit2_ur5/install/moveit_task_constructor_capabilities:/home/kush/ws_moveit2_ur5/install/moveit_task_constructor_core:/home/kush/ws_moveit2_ur5/install/moveit_ros_control_interface:/home/kush/ws_moveit2_ur5/install/moveit_plugins:/home/kush/ws_moveit2_ur5/install/moveit_simple_controller_manager:/home/kush/ws_moveit2_ur5/install/moveit_setup_assistant:/home/kush/ws_moveit2_ur5/install/moveit_setup_srdf_plugins:/home/kush/ws_moveit2_ur5/install/moveit_setup_core_plugins:/home/kush/ws_moveit2_ur5/install/moveit_setup_controllers:/home/kush/ws_moveit2_ur5/install/moveit_setup_app_plugins:/home/kush/ws_moveit2_ur5/install/moveit_setup_framework:/home/kush/ws_moveit2_ur5/install/moveit_servo:/home/kush/ws_moveit2_ur5/install/moveit_ros:/home/kush/ws_moveit2_ur5/install/moveit_ros_visualization:/home/kush/ws_moveit2_ur5/install/moveit_hybrid_planning:/home/kush/ws_moveit2_ur5/install/moveit_ros_planning_interface:/home/kush/ws_moveit2_ur5/install/moveit_ros_benchmarks:/home/kush/ws_moveit2_ur5/install/moveit_ros_warehouse:/home/kush/ws_moveit2_ur5/install/moveit_ros_robot_interaction:/home/kush/ws_moveit2_ur5/install/moveit_ros_perception:/home/kush/ws_moveit2_ur5/install/moveit_resources_prbt_pg70_support:/home/kush/ws_moveit2_ur5/install/moveit_resources_prbt_moveit_config:/home/kush/ws_moveit2_ur5/install/moveit_ros_move_group:/home/kush/ws_moveit2_ur5/install/moveit_planners_ompl:/home/kush/ws_moveit2_ur5/install/moveit_ros_planning:/home/kush/ws_moveit2_ur5/install/moveit_ros_occupancy_map_monitor:/home/kush/ws_moveit2_ur5/install/moveit_resources_prbt_ikfast_manipulator_plugin:/home/kush/ws_moveit2_ur5/install/moveit_planners_chomp:/home/kush/ws_moveit2_ur5/install/moveit_kinematics:/home/kush/ws_moveit2_ur5/install/moveit_chomp_optimizer_adapter:/home/kush/ws_moveit2_ur5/install/chomp_motion_planner:/home/kush/ws_moveit2_ur5/install/moveit_core:/home/kush/ws_moveit2_ur5/install/srdfdom:/home/kush/ws_moveit2_ur5/install/rviz_marker_tools:/home/kush/ws_moveit2_ur5/install/rosparam_shortcuts:/home/kush/ws_moveit2_ur5/install/moveit_task_constructor_msgs:/home/kush/ws_moveit2_ur5/install/moveit_resources_prbt_support:/home/kush/ws_moveit2_ur5/install/moveit_resources:/home/kush/ws_moveit2_ur5/install/moveit_resources_pr2_description:/home/kush/ws_moveit2_ur5/install/moveit_resources_panda_moveit_config:/home/kush/ws_moveit2_ur5/install/moveit_resources_panda_description:/home/kush/ws_moveit2_ur5/install/moveit_resources_fanuc_moveit_config:/home/kush/ws_moveit2_ur5/install/moveit_resources_fanuc_description:/home/kush/ws_moveit2_ur5/install/moveit_common:/home/kush/ws_moveit2_ur5/install/moveit_configs_utils:/home/kush/ws_moveit2_ur5/install/launch_param_builder:/opt/ros/humble LD_LIBRARY_PATH=/home/kush/UR5_Project_main/install/srdfdom/lib:${LD_LIBRARY_PATH} PYTHONPATH=/home/kush/UR5_Project_main/install/srdfdom/local/lib/python3.10/dist-packages:${PYTHONPATH} /usr/bin/cmake --install /home/kush/UR5_Project_main/build/moveit_core
