[  5%] [32mBuilding CXX object hybrid_planning_manager/hybrid_planning_manager_component/CMakeFiles/moveit_hybrid_planning_manager.dir/src/hybrid_planning_manager.cpp.o[0m
[ 10%] [32m[1mLinking CXX shared library libmoveit_hybrid_planning_manager.so[0m
[ 10%] Built target moveit_hybrid_planning_manager
[ 15%] [32mBuilding CXX object local_planner/local_planner_component/CMakeFiles/moveit_local_planner_component.dir/src/local_planner_component.cpp.o[0m
[ 20%] [32m[1mLinking CXX shared library libmoveit_local_planner_component.so[0m
[ 20%] Built target moveit_local_planner_component
[ 25%] [32mBuilding CXX object local_planner/trajectory_operator_plugins/CMakeFiles/simple_sampler_plugin.dir/src/simple_sampler.cpp.o[0m
[ 30%] [32m[1mLinking CXX shared library libsimple_sampler_plugin.so[0m
[ 30%] Built target simple_sampler_plugin
[ 35%] [32mBuilding CXX object local_planner/local_constraint_solver_plugins/CMakeFiles/forward_trajectory_plugin.dir/src/forward_trajectory.cpp.o[0m
[ 40%] [32m[1mLinking CXX shared library libforward_trajectory_plugin.so[0m
[ 40%] Built target forward_trajectory_plugin
[ 45%] [32mBuilding CXX object hybrid_planning_manager/planner_logic_plugins/CMakeFiles/single_plan_execution_plugin.dir/src/single_plan_execution.cpp.o[0m
[ 50%] [32m[1mLinking CXX shared library libsingle_plan_execution_plugin.so[0m
[ 50%] Built target single_plan_execution_plugin
[ 55%] [32mBuilding CXX object global_planner/global_planner_plugins/CMakeFiles/motion_planning_pipeline_plugin.dir/src/moveit_planning_pipeline.cpp.o[0m
[ 60%] [32m[1mLinking CXX shared library libmotion_planning_pipeline_plugin.so[0m
[ 60%] Built target motion_planning_pipeline_plugin
[ 65%] [32mBuilding CXX object hybrid_planning_manager/planner_logic_plugins/CMakeFiles/replan_invalidated_trajectory_plugin.dir/src/replan_invalidated_trajectory.cpp.o[0m
[ 70%] [32m[1mLinking CXX shared library libreplan_invalidated_trajectory_plugin.so[0m
[ 70%] Built target replan_invalidated_trajectory_plugin
[ 75%] [32mBuilding CXX object global_planner/global_planner_component/CMakeFiles/moveit_global_planner_component.dir/src/global_planner_component.cpp.o[0m
[ 80%] [32m[1mLinking CXX shared library libmoveit_global_planner_component.so[0m
[ 80%] Built target moveit_global_planner_component
[ 85%] [32mBuilding CXX object test/CMakeFiles/cancel_action.dir/cancel_action.cpp.o[0m
[ 90%] [32m[1mLinking CXX executable cancel_action[0m
[ 90%] Built target cancel_action
[ 95%] [32mBuilding CXX object test/CMakeFiles/hybrid_planning_demo_node.dir/hybrid_planning_demo_node.cpp.o[0m
