[0.107s] Invoking command in '/home/kush/UR5_Project_main/build/rosparam_shortcuts': CMAKE_PREFIX_PATH=${CMAKE_PREFIX_PATH}:/home/kush/ws_moveit2_ur5/install/moveit_configs_utils:/home/kush/ws_moveit2_ur5/install/launch_param_builder:/opt/ros/humble /usr/bin/cmake --build /home/kush/UR5_Project_main/build/rosparam_shortcuts -- -j4 -l4
[0.697s] [ 23%] Built target rosparam_shortcuts
[0.911s] [ 38%] Built target gtest
[1.135s] [ 53%] Built target rosparam_shortcuts_node_parameters_example
[1.384s] [ 69%] Built target rosparam_shortcuts_example
[1.592s] [ 84%] Built target gtest_main
[1.814s] [100%] Built target test_node_parameters
[1.851s] Invoked command in '/home/kush/UR5_Project_main/build/rosparam_shortcuts' returned '0': CMAKE_PREFIX_PATH=${CMAKE_PREFIX_PATH}:/home/kush/ws_moveit2_ur5/install/moveit_configs_utils:/home/kush/ws_moveit2_ur5/install/launch_param_builder:/opt/ros/humble /usr/bin/cmake --build /home/kush/UR5_Project_main/build/rosparam_shortcuts -- -j4 -l4
[2.065s] Invoking command in '/home/kush/UR5_Project_main/build/rosparam_shortcuts': CMAKE_PREFIX_PATH=${CMAKE_PREFIX_PATH}:/home/kush/ws_moveit2_ur5/install/moveit_configs_utils:/home/kush/ws_moveit2_ur5/install/launch_param_builder:/opt/ros/humble /usr/bin/cmake --install /home/kush/UR5_Project_main/build/rosparam_shortcuts
[2.085s] -- Install configuration: "Release"
[2.166s] -- Up-to-date: /home/kush/UR5_Project_main/install/rosparam_shortcuts/lib/librosparam_shortcuts.so
[2.315s] -- Up-to-date: /home/kush/UR5_Project_main/install/rosparam_shortcuts/lib/rosparam_shortcuts/example
[2.386s] -- Up-to-date: /home/kush/UR5_Project_main/install/rosparam_shortcuts/lib/rosparam_shortcuts/node_parameters_example
[2.388s] -- Up-to-date: /home/kush/UR5_Project_main/install/rosparam_shortcuts/include
[2.396s] -- Up-to-date: /home/kush/UR5_Project_main/install/rosparam_shortcuts/include/rosparam_shortcuts
[2.396s] -- Up-to-date: /home/kush/UR5_Project_main/install/rosparam_shortcuts/include/rosparam_shortcuts/node_parameters.h
[2.396s] -- Up-to-date: /home/kush/UR5_Project_main/install/rosparam_shortcuts/include/rosparam_shortcuts/rosparam_shortcuts.h
[2.397s] -- Up-to-date: /home/kush/UR5_Project_main/install/rosparam_shortcuts/share/rosparam_shortcuts/launch
[2.397s] -- Up-to-date: /home/kush/UR5_Project_main/install/rosparam_shortcuts/share/rosparam_shortcuts/launch/example.launch.py
[2.397s] -- Up-to-date: /home/kush/UR5_Project_main/install/rosparam_shortcuts/share/rosparam_shortcuts/config
[2.397s] -- Up-to-date: /home/kush/UR5_Project_main/install/rosparam_shortcuts/share/rosparam_shortcuts/config/example.yaml
[2.397s] -- Up-to-date: /home/kush/UR5_Project_main/install/rosparam_shortcuts/share/rosparam_shortcuts/environment/library_path.sh
[2.398s] -- Up-to-date: /home/kush/UR5_Project_main/install/rosparam_shortcuts/share/rosparam_shortcuts/environment/library_path.dsv
[2.404s] -- Up-to-date: /home/kush/UR5_Project_main/install/rosparam_shortcuts/share/ament_index/resource_index/package_run_dependencies/rosparam_shortcuts
[2.404s] -- Up-to-date: /home/kush/UR5_Project_main/install/rosparam_shortcuts/share/ament_index/resource_index/parent_prefix_path/rosparam_shortcuts
[2.404s] -- Up-to-date: /home/kush/UR5_Project_main/install/rosparam_shortcuts/share/rosparam_shortcuts/environment/ament_prefix_path.sh
[2.405s] -- Up-to-date: /home/kush/UR5_Project_main/install/rosparam_shortcuts/share/rosparam_shortcuts/environment/ament_prefix_path.dsv
[2.405s] -- Up-to-date: /home/kush/UR5_Project_main/install/rosparam_shortcuts/share/rosparam_shortcuts/environment/path.sh
[2.405s] -- Up-to-date: /home/kush/UR5_Project_main/install/rosparam_shortcuts/share/rosparam_shortcuts/environment/path.dsv
[2.405s] -- Up-to-date: /home/kush/UR5_Project_main/install/rosparam_shortcuts/share/rosparam_shortcuts/local_setup.bash
[2.405s] -- Up-to-date: /home/kush/UR5_Project_main/install/rosparam_shortcuts/share/rosparam_shortcuts/local_setup.sh
[2.405s] -- Up-to-date: /home/kush/UR5_Project_main/install/rosparam_shortcuts/share/rosparam_shortcuts/local_setup.zsh
[2.406s] -- Up-to-date: /home/kush/UR5_Project_main/install/rosparam_shortcuts/share/rosparam_shortcuts/local_setup.dsv
[2.419s] -- Installing: /home/kush/UR5_Project_main/install/rosparam_shortcuts/share/rosparam_shortcuts/package.dsv
[2.425s] -- Up-to-date: /home/kush/UR5_Project_main/install/rosparam_shortcuts/share/ament_index/resource_index/packages/rosparam_shortcuts
[2.426s] -- Up-to-date: /home/kush/UR5_Project_main/install/rosparam_shortcuts/share/rosparam_shortcuts/cmake/export_rosparam_shortcutsExport.cmake
[2.426s] -- Up-to-date: /home/kush/UR5_Project_main/install/rosparam_shortcuts/share/rosparam_shortcuts/cmake/export_rosparam_shortcutsExport-release.cmake
[2.426s] -- Up-to-date: /home/kush/UR5_Project_main/install/rosparam_shortcuts/share/rosparam_shortcuts/cmake/ament_cmake_export_targets-extras.cmake
[2.426s] -- Up-to-date: /home/kush/UR5_Project_main/install/rosparam_shortcuts/share/rosparam_shortcuts/cmake/ament_cmake_export_dependencies-extras.cmake
[2.426s] -- Up-to-date: /home/kush/UR5_Project_main/install/rosparam_shortcuts/share/rosparam_shortcuts/cmake/rosparam_shortcutsConfig.cmake
[2.426s] -- Up-to-date: /home/kush/UR5_Project_main/install/rosparam_shortcuts/share/rosparam_shortcuts/cmake/rosparam_shortcutsConfig-version.cmake
[2.427s] -- Up-to-date: /home/kush/UR5_Project_main/install/rosparam_shortcuts/share/rosparam_shortcuts/package.xml
[2.442s] Invoked command in '/home/kush/UR5_Project_main/build/rosparam_shortcuts' returned '0': CMAKE_PREFIX_PATH=${CMAKE_PREFIX_PATH}:/home/kush/ws_moveit2_ur5/install/moveit_configs_utils:/home/kush/ws_moveit2_ur5/install/launch_param_builder:/opt/ros/humble /usr/bin/cmake --install /home/kush/UR5_Project_main/build/rosparam_shortcuts
