[0.391s] Invoking command in '/home/kush/UR5_Project_main/build/moveit_core': AMENT_PREFIX_PATH=/home/kush/UR5_Project_main/install/moveit_resources_panda_moveit_config:/home/kush/UR5_Project_main/install/srdfdom:/home/kush/UR5_Project_main/install/moveit_resources_pr2_description:/home/kush/UR5_Project_main/install/moveit_resources_panda_description:/home/kush/UR5_Project_main/install/moveit_common:${AMENT_PREFIX_PATH} CMAKE_PREFIX_PATH=/home/kush/UR5_Project_main/install/moveit_resources_panda_moveit_config:/home/kush/UR5_Project_main/install/srdfdom:/home/kush/UR5_Project_main/install/moveit_resources_pr2_description:/home/kush/UR5_Project_main/install/moveit_resources_panda_description:/home/kush/UR5_Project_main/install/moveit_common:/home/kush/ws_moveit2_ur5/install/ur_description:/home/kush/ws_moveit2_ur5/install/pilz_industrial_motion_planner_testutils:/home/kush/ws_moveit2_ur5/install/moveit_runtime:/home/kush/ws_moveit2_ur5/install/moveit2_tutorials:/home/kush/ws_moveit2_ur5/install/moveit:/home/kush/ws_moveit2_ur5/install/moveit_planners:/home/kush/ws_moveit2_ur5/install/pilz_industrial_motion_planner:/home/kush/ws_moveit2_ur5/install/moveit_visual_tools:/home/kush/ws_moveit2_ur5/install/moveit_task_constructor_visualization:/home/kush/ws_moveit2_ur5/install/moveit_task_constructor_demo:/home/kush/ws_moveit2_ur5/install/moveit_task_constructor_capabilities:/home/kush/ws_moveit2_ur5/install/moveit_task_constructor_core:/home/kush/ws_moveit2_ur5/install/moveit_ros_control_interface:/home/kush/ws_moveit2_ur5/install/moveit_plugins:/home/kush/ws_moveit2_ur5/install/moveit_simple_controller_manager:/home/kush/ws_moveit2_ur5/install/moveit_setup_assistant:/home/kush/ws_moveit2_ur5/install/moveit_setup_srdf_plugins:/home/kush/ws_moveit2_ur5/install/moveit_setup_core_plugins:/home/kush/ws_moveit2_ur5/install/moveit_setup_controllers:/home/kush/ws_moveit2_ur5/install/moveit_setup_app_plugins:/home/kush/ws_moveit2_ur5/install/moveit_setup_framework:/home/kush/ws_moveit2_ur5/install/moveit_servo:/home/kush/ws_moveit2_ur5/install/moveit_ros:/home/kush/ws_moveit2_ur5/install/moveit_ros_visualization:/home/kush/ws_moveit2_ur5/install/moveit_hybrid_planning:/home/kush/ws_moveit2_ur5/install/moveit_ros_planning_interface:/home/kush/ws_moveit2_ur5/install/moveit_ros_benchmarks:/home/kush/ws_moveit2_ur5/install/moveit_ros_warehouse:/home/kush/ws_moveit2_ur5/install/moveit_ros_robot_interaction:/home/kush/ws_moveit2_ur5/install/moveit_ros_perception:/home/kush/ws_moveit2_ur5/install/moveit_resources_prbt_pg70_support:/home/kush/ws_moveit2_ur5/install/moveit_resources_prbt_moveit_config:/home/kush/ws_moveit2_ur5/install/moveit_ros_move_group:/home/kush/ws_moveit2_ur5/install/moveit_planners_ompl:/home/kush/ws_moveit2_ur5/install/moveit_ros_planning:/home/kush/ws_moveit2_ur5/install/moveit_ros_occupancy_map_monitor:/home/kush/ws_moveit2_ur5/install/moveit_resources_prbt_ikfast_manipulator_plugin:/home/kush/ws_moveit2_ur5/install/moveit_planners_chomp:/home/kush/ws_moveit2_ur5/install/moveit_kinematics:/home/kush/ws_moveit2_ur5/install/moveit_chomp_optimizer_adapter:/home/kush/ws_moveit2_ur5/install/chomp_motion_planner:/home/kush/ws_moveit2_ur5/install/moveit_core:/home/kush/ws_moveit2_ur5/install/srdfdom:/home/kush/ws_moveit2_ur5/install/rviz_marker_tools:/home/kush/ws_moveit2_ur5/install/rosparam_shortcuts:/home/kush/ws_moveit2_ur5/install/moveit_task_constructor_msgs:/home/kush/ws_moveit2_ur5/install/moveit_resources_prbt_support:/home/kush/ws_moveit2_ur5/install/moveit_resources:/home/kush/ws_moveit2_ur5/install/moveit_resources_pr2_description:/home/kush/ws_moveit2_ur5/install/moveit_resources_panda_moveit_config:/home/kush/ws_moveit2_ur5/install/moveit_resources_panda_description:/home/kush/ws_moveit2_ur5/install/moveit_resources_fanuc_moveit_config:/home/kush/ws_moveit2_ur5/install/moveit_resources_fanuc_description:/home/kush/ws_moveit2_ur5/install/moveit_common:/home/kush/ws_moveit2_ur5/install/moveit_configs_utils:/home/kush/ws_moveit2_ur5/install/launch_param_builder:/opt/ros/humble LD_LIBRARY_PATH=/home/kush/UR5_Project_main/install/srdfdom/lib:${LD_LIBRARY_PATH} PYTHONPATH=/home/kush/UR5_Project_main/install/srdfdom/local/lib/python3.10/dist-packages:${PYTHONPATH} /usr/bin/cmake --build /home/kush/UR5_Project_main/build/moveit_core -- -j4 -l4
[2.255s] [  1%] Built target moveit_exceptions
[2.481s] [  2%] Built target moveit_transforms
[2.728s] [  3%] Built target moveit_kinematics_base
[2.817s] [  4%] Built target gtest
[2.820s] [  6%] Built target moveit_distance_field
[2.945s] [  7%] Built target gtest_main
[3.123s] [  9%] Built target gmock
[3.132s] [ 10%] Built target gmock_main
[3.212s] [ 12%] Built target moveit_utils
[3.306s] [ 13%] Built target moveit_smoothing_base
[3.348s] [ 14%] Built target moveit_butterworth_parameters
[3.473s] [ 16%] Built target moveit_version
[3.511s] [ 17%] Built target test_transforms
[3.627s] [ 18%] Built target test_voxel_grid
[3.643s] [ 25%] Built target moveit_robot_model
[3.736s] [ 26%] Built target test_distance_field
[3.992s] [ 29%] Built target moveit_robot_state
[4.074s] [ 30%] Built target moveit_test_utils
[4.368s] [ 31%] Built target moveit_butterworth_filter
[4.410s] [ 32%] Built target moveit_robot_trajectory
[4.440s] [ 34%] Built target moveit_dynamics_solver
[4.459s] [ 40%] Built target moveit_collision_detection
[4.622s] [ 41%] Built target moveit_kinematics_metrics
[4.681s] [ 42%] Built target test_butterworth_filter
[4.782s] [ 43%] Built target test_robot_model
[4.956s] [ 45%] Built target moveit_planning_interface
[5.117s] [ 46%] Built target test_robot_state_complex
[5.129s] [ 48%] Built target test_robot_state
[5.159s] [ 49%] Built target test_robot_state_benchmark
[5.184s] [ 50%] Built target test_aabb
[5.423s] [ 51%] Built target test_cartesian_interpolator
[5.476s] [ 52%] Built target test_world
[5.482s] [ 53%] Built target test_robot_trajectory
[5.507s] [ 55%] Built target test_world_diff
[5.649s] [ 56%] Built target test_all_valid
[5.905s] [ 58%] Built target moveit_collision_detection_fcl
[6.072s] [ 63%] Built target moveit_collision_detection_bullet
[6.195s] [ 67%] Built target moveit_trajectory_processing
[6.560s] [ 69%] Built target test_fcl_collision_env
[6.567s] [ 71%] Built target moveit_kinematic_constraints
[6.591s] [ 72%] Built target test_fcl_collision_detection
[6.603s] [ 73%] Built target test_fcl_collision_detection_panda
[6.774s] [ 74%] Built target test_ruckig_traj_smoothing
[6.789s] [ 76%] Built target test_time_optimal_trajectory_generation
[6.802s] [ 77%] Built target test_time_parameterization
[6.941s] [ 78%] Built target test_bullet_collision_detection
[7.094s] [ 79%] Built target test_bullet_collision_detection_panda
[7.099s] [ 81%] Built target test_bullet_continuous_collision_checking
[7.227s] [ 82%] Built target moveit_planning_scene
[7.325s] [ 83%] Built target test_constraints
[7.368s] [ 84%] Built target test_orientation_constraints
[7.604s] [ 85%] Built target test_planning_scene
[7.628s] [ 88%] Built target moveit_collision_distance_field
[7.659s] [ 89%] Built target moveit_planning_request_adapter
[7.708s] [ 92%] Built target moveit_constraint_samplers
[7.809s] [ 93%] Built target test_collision_objects
[7.895s] [ 94%] Built target test_multi_threaded
[7.937s] [ 95%] Built target collision_detector_bullet_plugin
[7.996s] [ 96%] Built target collision_detector_fcl_plugin
[8.113s] [ 97%] Built target test_collision_distance_field
[8.326s] [100%] Built target test_constraint_samplers
[8.381s] Invoked command in '/home/kush/UR5_Project_main/build/moveit_core' returned '0': AMENT_PREFIX_PATH=/home/kush/UR5_Project_main/install/moveit_resources_panda_moveit_config:/home/kush/UR5_Project_main/install/srdfdom:/home/kush/UR5_Project_main/install/moveit_resources_pr2_description:/home/kush/UR5_Project_main/install/moveit_resources_panda_description:/home/kush/UR5_Project_main/install/moveit_common:${AMENT_PREFIX_PATH} CMAKE_PREFIX_PATH=/home/kush/UR5_Project_main/install/moveit_resources_panda_moveit_config:/home/kush/UR5_Project_main/install/srdfdom:/home/kush/UR5_Project_main/install/moveit_resources_pr2_description:/home/kush/UR5_Project_main/install/moveit_resources_panda_description:/home/kush/UR5_Project_main/install/moveit_common:/home/kush/ws_moveit2_ur5/install/ur_description:/home/kush/ws_moveit2_ur5/install/pilz_industrial_motion_planner_testutils:/home/kush/ws_moveit2_ur5/install/moveit_runtime:/home/kush/ws_moveit2_ur5/install/moveit2_tutorials:/home/kush/ws_moveit2_ur5/install/moveit:/home/kush/ws_moveit2_ur5/install/moveit_planners:/home/kush/ws_moveit2_ur5/install/pilz_industrial_motion_planner:/home/kush/ws_moveit2_ur5/install/moveit_visual_tools:/home/kush/ws_moveit2_ur5/install/moveit_task_constructor_visualization:/home/kush/ws_moveit2_ur5/install/moveit_task_constructor_demo:/home/kush/ws_moveit2_ur5/install/moveit_task_constructor_capabilities:/home/kush/ws_moveit2_ur5/install/moveit_task_constructor_core:/home/kush/ws_moveit2_ur5/install/moveit_ros_control_interface:/home/kush/ws_moveit2_ur5/install/moveit_plugins:/home/kush/ws_moveit2_ur5/install/moveit_simple_controller_manager:/home/kush/ws_moveit2_ur5/install/moveit_setup_assistant:/home/kush/ws_moveit2_ur5/install/moveit_setup_srdf_plugins:/home/kush/ws_moveit2_ur5/install/moveit_setup_core_plugins:/home/kush/ws_moveit2_ur5/install/moveit_setup_controllers:/home/kush/ws_moveit2_ur5/install/moveit_setup_app_plugins:/home/kush/ws_moveit2_ur5/install/moveit_setup_framework:/home/kush/ws_moveit2_ur5/install/moveit_servo:/home/kush/ws_moveit2_ur5/install/moveit_ros:/home/kush/ws_moveit2_ur5/install/moveit_ros_visualization:/home/kush/ws_moveit2_ur5/install/moveit_hybrid_planning:/home/kush/ws_moveit2_ur5/install/moveit_ros_planning_interface:/home/kush/ws_moveit2_ur5/install/moveit_ros_benchmarks:/home/kush/ws_moveit2_ur5/install/moveit_ros_warehouse:/home/kush/ws_moveit2_ur5/install/moveit_ros_robot_interaction:/home/kush/ws_moveit2_ur5/install/moveit_ros_perception:/home/kush/ws_moveit2_ur5/install/moveit_resources_prbt_pg70_support:/home/kush/ws_moveit2_ur5/install/moveit_resources_prbt_moveit_config:/home/kush/ws_moveit2_ur5/install/moveit_ros_move_group:/home/kush/ws_moveit2_ur5/install/moveit_planners_ompl:/home/kush/ws_moveit2_ur5/install/moveit_ros_planning:/home/kush/ws_moveit2_ur5/install/moveit_ros_occupancy_map_monitor:/home/kush/ws_moveit2_ur5/install/moveit_resources_prbt_ikfast_manipulator_plugin:/home/kush/ws_moveit2_ur5/install/moveit_planners_chomp:/home/kush/ws_moveit2_ur5/install/moveit_kinematics:/home/kush/ws_moveit2_ur5/install/moveit_chomp_optimizer_adapter:/home/kush/ws_moveit2_ur5/install/chomp_motion_planner:/home/kush/ws_moveit2_ur5/install/moveit_core:/home/kush/ws_moveit2_ur5/install/srdfdom:/home/kush/ws_moveit2_ur5/install/rviz_marker_tools:/home/kush/ws_moveit2_ur5/install/rosparam_shortcuts:/home/kush/ws_moveit2_ur5/install/moveit_task_constructor_msgs:/home/kush/ws_moveit2_ur5/install/moveit_resources_prbt_support:/home/kush/ws_moveit2_ur5/install/moveit_resources:/home/kush/ws_moveit2_ur5/install/moveit_resources_pr2_description:/home/kush/ws_moveit2_ur5/install/moveit_resources_panda_moveit_config:/home/kush/ws_moveit2_ur5/install/moveit_resources_panda_description:/home/kush/ws_moveit2_ur5/install/moveit_resources_fanuc_moveit_config:/home/kush/ws_moveit2_ur5/install/moveit_resources_fanuc_description:/home/kush/ws_moveit2_ur5/install/moveit_common:/home/kush/ws_moveit2_ur5/install/moveit_configs_utils:/home/kush/ws_moveit2_ur5/install/launch_param_builder:/opt/ros/humble LD_LIBRARY_PATH=/home/kush/UR5_Project_main/install/srdfdom/lib:${LD_LIBRARY_PATH} PYTHONPATH=/home/kush/UR5_Project_main/install/srdfdom/local/lib/python3.10/dist-packages:${PYTHONPATH} /usr/bin/cmake --build /home/kush/UR5_Project_main/build/moveit_core -- -j4 -l4
[8.608s] Invoking command in '/home/kush/UR5_Project_main/build/moveit_core': AMENT_PREFIX_PATH=/home/kush/UR5_Project_main/install/moveit_resources_panda_moveit_config:/home/kush/UR5_Project_main/install/srdfdom:/home/kush/UR5_Project_main/install/moveit_resources_pr2_description:/home/kush/UR5_Project_main/install/moveit_resources_panda_description:/home/kush/UR5_Project_main/install/moveit_common:${AMENT_PREFIX_PATH} CMAKE_PREFIX_PATH=/home/kush/UR5_Project_main/install/moveit_resources_panda_moveit_config:/home/kush/UR5_Project_main/install/srdfdom:/home/kush/UR5_Project_main/install/moveit_resources_pr2_description:/home/kush/UR5_Project_main/install/moveit_resources_panda_description:/home/kush/UR5_Project_main/install/moveit_common:/home/kush/ws_moveit2_ur5/install/ur_description:/home/kush/ws_moveit2_ur5/install/pilz_industrial_motion_planner_testutils:/home/kush/ws_moveit2_ur5/install/moveit_runtime:/home/kush/ws_moveit2_ur5/install/moveit2_tutorials:/home/kush/ws_moveit2_ur5/install/moveit:/home/kush/ws_moveit2_ur5/install/moveit_planners:/home/kush/ws_moveit2_ur5/install/pilz_industrial_motion_planner:/home/kush/ws_moveit2_ur5/install/moveit_visual_tools:/home/kush/ws_moveit2_ur5/install/moveit_task_constructor_visualization:/home/kush/ws_moveit2_ur5/install/moveit_task_constructor_demo:/home/kush/ws_moveit2_ur5/install/moveit_task_constructor_capabilities:/home/kush/ws_moveit2_ur5/install/moveit_task_constructor_core:/home/kush/ws_moveit2_ur5/install/moveit_ros_control_interface:/home/kush/ws_moveit2_ur5/install/moveit_plugins:/home/kush/ws_moveit2_ur5/install/moveit_simple_controller_manager:/home/kush/ws_moveit2_ur5/install/moveit_setup_assistant:/home/kush/ws_moveit2_ur5/install/moveit_setup_srdf_plugins:/home/kush/ws_moveit2_ur5/install/moveit_setup_core_plugins:/home/kush/ws_moveit2_ur5/install/moveit_setup_controllers:/home/kush/ws_moveit2_ur5/install/moveit_setup_app_plugins:/home/kush/ws_moveit2_ur5/install/moveit_setup_framework:/home/kush/ws_moveit2_ur5/install/moveit_servo:/home/kush/ws_moveit2_ur5/install/moveit_ros:/home/kush/ws_moveit2_ur5/install/moveit_ros_visualization:/home/kush/ws_moveit2_ur5/install/moveit_hybrid_planning:/home/kush/ws_moveit2_ur5/install/moveit_ros_planning_interface:/home/kush/ws_moveit2_ur5/install/moveit_ros_benchmarks:/home/kush/ws_moveit2_ur5/install/moveit_ros_warehouse:/home/kush/ws_moveit2_ur5/install/moveit_ros_robot_interaction:/home/kush/ws_moveit2_ur5/install/moveit_ros_perception:/home/kush/ws_moveit2_ur5/install/moveit_resources_prbt_pg70_support:/home/kush/ws_moveit2_ur5/install/moveit_resources_prbt_moveit_config:/home/kush/ws_moveit2_ur5/install/moveit_ros_move_group:/home/kush/ws_moveit2_ur5/install/moveit_planners_ompl:/home/kush/ws_moveit2_ur5/install/moveit_ros_planning:/home/kush/ws_moveit2_ur5/install/moveit_ros_occupancy_map_monitor:/home/kush/ws_moveit2_ur5/install/moveit_resources_prbt_ikfast_manipulator_plugin:/home/kush/ws_moveit2_ur5/install/moveit_planners_chomp:/home/kush/ws_moveit2_ur5/install/moveit_kinematics:/home/kush/ws_moveit2_ur5/install/moveit_chomp_optimizer_adapter:/home/kush/ws_moveit2_ur5/install/chomp_motion_planner:/home/kush/ws_moveit2_ur5/install/moveit_core:/home/kush/ws_moveit2_ur5/install/srdfdom:/home/kush/ws_moveit2_ur5/install/rviz_marker_tools:/home/kush/ws_moveit2_ur5/install/rosparam_shortcuts:/home/kush/ws_moveit2_ur5/install/moveit_task_constructor_msgs:/home/kush/ws_moveit2_ur5/install/moveit_resources_prbt_support:/home/kush/ws_moveit2_ur5/install/moveit_resources:/home/kush/ws_moveit2_ur5/install/moveit_resources_pr2_description:/home/kush/ws_moveit2_ur5/install/moveit_resources_panda_moveit_config:/home/kush/ws_moveit2_ur5/install/moveit_resources_panda_description:/home/kush/ws_moveit2_ur5/install/moveit_resources_fanuc_moveit_config:/home/kush/ws_moveit2_ur5/install/moveit_resources_fanuc_description:/home/kush/ws_moveit2_ur5/install/moveit_common:/home/kush/ws_moveit2_ur5/install/moveit_configs_utils:/home/kush/ws_moveit2_ur5/install/launch_param_builder:/opt/ros/humble LD_LIBRARY_PATH=/home/kush/UR5_Project_main/install/srdfdom/lib:${LD_LIBRARY_PATH} PYTHONPATH=/home/kush/UR5_Project_main/install/srdfdom/local/lib/python3.10/dist-packages:${PYTHONPATH} /usr/bin/cmake --install /home/kush/UR5_Project_main/build/moveit_core
[8.668s] -- Install configuration: "Release"
[8.668s] -- Up-to-date: /home/kush/UR5_Project_main/install/moveit_core/include/moveit/version.h
[8.679s] -- Up-to-date: /home/kush/UR5_Project_main/install/moveit_core/include
[8.679s] -- Up-to-date: /home/kush/UR5_Project_main/install/moveit_core/include/moveit
[8.680s] -- Up-to-date: /home/kush/UR5_Project_main/install/moveit_core/include/moveit/collision_distance_field
[8.680s] -- Up-to-date: /home/kush/UR5_Project_main/install/moveit_core/include/moveit/collision_distance_field/collision_common_distance_field.h
[8.680s] -- Up-to-date: /home/kush/UR5_Project_main/install/moveit_core/include/moveit/collision_distance_field/collision_detector_allocator_distance_field.h
[8.681s] -- Up-to-date: /home/kush/UR5_Project_main/install/moveit_core/include/moveit/collision_distance_field/collision_detector_allocator_hybrid.h
[8.681s] -- Up-to-date: /home/kush/UR5_Project_main/install/moveit_core/include/moveit/collision_distance_field/collision_env_distance_field.h
[8.681s] -- Up-to-date: /home/kush/UR5_Project_main/install/moveit_core/include/moveit/collision_distance_field/collision_env_hybrid.h
[8.681s] -- Up-to-date: /home/kush/UR5_Project_main/install/moveit_core/include/moveit/collision_distance_field/collision_distance_field_types.h
[8.682s] -- Up-to-date: /home/kush/UR5_Project_main/install/moveit_core/include/moveit_collision_distance_field_export.h
[8.739s] -- Up-to-date: /home/kush/UR5_Project_main/install/moveit_core/include
[8.739s] -- Up-to-date: /home/kush/UR5_Project_main/install/moveit_core/include/moveit
[8.739s] -- Up-to-date: /home/kush/UR5_Project_main/install/moveit_core/include/moveit/constraint_samplers
[8.739s] -- Up-to-date: /home/kush/UR5_Project_main/install/moveit_core/include/moveit/constraint_samplers/default_constraint_samplers.h
[8.740s] -- Up-to-date: /home/kush/UR5_Project_main/install/moveit_core/include/moveit/constraint_samplers/constraint_sampler_tools.h
[8.740s] -- Up-to-date: /home/kush/UR5_Project_main/install/moveit_core/include/moveit/constraint_samplers/constraint_sampler_allocator.h
[8.740s] -- Up-to-date: /home/kush/UR5_Project_main/install/moveit_core/include/moveit/constraint_samplers/constraint_sampler_manager.h
[8.740s] -- Up-to-date: /home/kush/UR5_Project_main/install/moveit_core/include/moveit/constraint_samplers/union_constraint_sampler.h
[8.740s] -- Up-to-date: /home/kush/UR5_Project_main/install/moveit_core/include/moveit/constraint_samplers/constraint_sampler.h
[8.983s] -- Up-to-date: /home/kush/UR5_Project_main/install/moveit_core/include
[8.984s] -- Up-to-date: /home/kush/UR5_Project_main/install/moveit_core/include/moveit
[8.984s] -- Up-to-date: /home/kush/UR5_Project_main/install/moveit_core/include/moveit/controller_manager
[8.984s] -- Up-to-date: /home/kush/UR5_Project_main/install/moveit_core/include/moveit/controller_manager/controller_manager.h
[8.997s] -- Up-to-date: /home/kush/UR5_Project_main/install/moveit_core/include
[8.998s] -- Up-to-date: /home/kush/UR5_Project_main/install/moveit_core/include/moveit
[8.998s] -- Up-to-date: /home/kush/UR5_Project_main/install/moveit_core/include/moveit/distance_field
[8.998s] -- Up-to-date: /home/kush/UR5_Project_main/install/moveit_core/include/moveit/distance_field/propagation_distance_field.h
[8.999s] -- Up-to-date: /home/kush/UR5_Project_main/install/moveit_core/include/moveit/distance_field/find_internal_points.h
[8.999s] -- Up-to-date: /home/kush/UR5_Project_main/install/moveit_core/include/moveit/distance_field/voxel_grid.h
[8.999s] -- Up-to-date: /home/kush/UR5_Project_main/install/moveit_core/include/moveit/distance_field/distance_field.h
[9.004s] -- Up-to-date: /home/kush/UR5_Project_main/install/moveit_core/include
[9.004s] -- Up-to-date: /home/kush/UR5_Project_main/install/moveit_core/include/moveit
[9.005s] -- Up-to-date: /home/kush/UR5_Project_main/install/moveit_core/include/moveit/dynamics_solver
[9.005s] -- Up-to-date: /home/kush/UR5_Project_main/install/moveit_core/include/moveit/dynamics_solver/dynamics_solver.h
[9.007s] -- Up-to-date: /home/kush/UR5_Project_main/install/moveit_core/include
[9.008s] -- Up-to-date: /home/kush/UR5_Project_main/install/moveit_core/include/moveit
[9.008s] -- Up-to-date: /home/kush/UR5_Project_main/install/moveit_core/include/moveit/exceptions
[9.008s] -- Up-to-date: /home/kush/UR5_Project_main/install/moveit_core/include/moveit/exceptions/exceptions.h
[9.011s] -- Up-to-date: /home/kush/UR5_Project_main/install/moveit_core/include
[9.012s] -- Up-to-date: /home/kush/UR5_Project_main/install/moveit_core/include/moveit
[9.012s] -- Up-to-date: /home/kush/UR5_Project_main/install/moveit_core/include/moveit/kinematics_base
[9.012s] -- Up-to-date: /home/kush/UR5_Project_main/install/moveit_core/include/moveit/kinematics_base/kinematics_base.h
[9.012s] -- Up-to-date: /home/kush/UR5_Project_main/install/moveit_core/include/moveit_kinematics_base_export.h
[9.014s] -- Up-to-date: /home/kush/UR5_Project_main/install/moveit_core/include
[9.018s] -- Up-to-date: /home/kush/UR5_Project_main/install/moveit_core/include/moveit
[9.019s] -- Up-to-date: /home/kush/UR5_Project_main/install/moveit_core/include/moveit/kinematic_constraints
[9.019s] -- Up-to-date: /home/kush/UR5_Project_main/install/moveit_core/include/moveit/kinematic_constraints/kinematic_constraint.h
[9.019s] -- Up-to-date: /home/kush/UR5_Project_main/install/moveit_core/include/moveit/kinematic_constraints/utils.h
[9.019s] -- Up-to-date: /home/kush/UR5_Project_main/install/moveit_core/include
[9.020s] -- Up-to-date: /home/kush/UR5_Project_main/install/moveit_core/include/moveit
[9.020s] -- Up-to-date: /home/kush/UR5_Project_main/install/moveit_core/include/moveit/kinematics_metrics
[9.020s] -- Up-to-date: /home/kush/UR5_Project_main/install/moveit_core/include/moveit/kinematics_metrics/kinematics_metrics.h
[9.307s] -- Up-to-date: /home/kush/UR5_Project_main/install/moveit_core/include
[9.308s] -- Up-to-date: /home/kush/UR5_Project_main/install/moveit_core/include/moveit
[9.309s] -- Up-to-date: /home/kush/UR5_Project_main/install/moveit_core/include/moveit/macros
[9.309s] -- Up-to-date: /home/kush/UR5_Project_main/install/moveit_core/include/moveit/macros/class_forward.h
[9.309s] -- Up-to-date: /home/kush/UR5_Project_main/install/moveit_core/include/moveit/macros/console_colors.h
[9.310s] -- Up-to-date: /home/kush/UR5_Project_main/install/moveit_core/include/moveit/macros/deprecation.h
[9.310s] -- Up-to-date: /home/kush/UR5_Project_main/install/moveit_core/include/moveit/macros/declare_ptr.h
[9.348s] -- Up-to-date: /home/kush/UR5_Project_main/install/moveit_core/include/moveit_butterworth_parameters
[9.349s] -- Up-to-date: /home/kush/UR5_Project_main/install/moveit_core/include/moveit_butterworth_parameters/moveit_butterworth_parameters.hpp
[9.349s] -- Up-to-date: /home/kush/UR5_Project_main/install/moveit_core/include
[9.349s] -- Up-to-date: /home/kush/UR5_Project_main/install/moveit_core/include/moveit
[9.349s] -- Up-to-date: /home/kush/UR5_Project_main/install/moveit_core/include/moveit/online_signal_smoothing
[9.349s] -- Up-to-date: /home/kush/UR5_Project_main/install/moveit_core/include/moveit/online_signal_smoothing/smoothing_base_class.h
[9.349s] -- Up-to-date: /home/kush/UR5_Project_main/install/moveit_core/include/moveit/online_signal_smoothing/butterworth_filter.h
[9.350s] -- Up-to-date: /home/kush/UR5_Project_main/install/moveit_core/include/moveit_smoothing_base_export.h
[9.350s] -- Up-to-date: /home/kush/UR5_Project_main/install/moveit_core/include/moveit_butterworth_filter_export.h
[9.394s] -- Up-to-date: /home/kush/UR5_Project_main/install/moveit_core/include
[9.394s] -- Up-to-date: /home/kush/UR5_Project_main/install/moveit_core/include/moveit
[9.394s] -- Up-to-date: /home/kush/UR5_Project_main/install/moveit_core/include/moveit/planning_interface
[9.395s] -- Up-to-date: /home/kush/UR5_Project_main/install/moveit_core/include/moveit/planning_interface/planning_request.h
[9.395s] -- Up-to-date: /home/kush/UR5_Project_main/install/moveit_core/include/moveit/planning_interface/planning_response.h
[9.395s] -- Up-to-date: /home/kush/UR5_Project_main/install/moveit_core/include/moveit/planning_interface/planning_interface.h
[9.417s] -- Up-to-date: /home/kush/UR5_Project_main/install/moveit_core/include
[9.418s] -- Up-to-date: /home/kush/UR5_Project_main/install/moveit_core/include/moveit
[9.418s] -- Up-to-date: /home/kush/UR5_Project_main/install/moveit_core/include/moveit/planning_request_adapter
[9.418s] -- Up-to-date: /home/kush/UR5_Project_main/install/moveit_core/include/moveit/planning_request_adapter/planning_request_adapter.h
[9.446s] -- Up-to-date: /home/kush/UR5_Project_main/install/moveit_core/include
[9.446s] -- Up-to-date: /home/kush/UR5_Project_main/install/moveit_core/include/moveit
[9.447s] -- Up-to-date: /home/kush/UR5_Project_main/install/moveit_core/include/moveit/planning_scene
[9.447s] -- Up-to-date: /home/kush/UR5_Project_main/install/moveit_core/include/moveit/planning_scene/planning_scene.h
[9.447s] -- Up-to-date: /home/kush/UR5_Project_main/install/moveit_core/include/moveit_planning_scene_export.h
[9.471s] -- Up-to-date: /home/kush/UR5_Project_main/install/moveit_core/include
[9.471s] -- Up-to-date: /home/kush/UR5_Project_main/install/moveit_core/include/moveit
[9.471s] -- Up-to-date: /home/kush/UR5_Project_main/install/moveit_core/include/moveit/robot_model
[9.471s] -- Up-to-date: /home/kush/UR5_Project_main/install/moveit_core/include/moveit/robot_model/revolute_joint_model.h
[9.471s] -- Up-to-date: /home/kush/UR5_Project_main/install/moveit_core/include/moveit/robot_model/prismatic_joint_model.h
[9.472s] -- Up-to-date: /home/kush/UR5_Project_main/install/moveit_core/include/moveit/robot_model/floating_joint_model.h
[9.472s] -- Up-to-date: /home/kush/UR5_Project_main/install/moveit_core/include/moveit/robot_model/robot_model.h
[9.472s] -- Up-to-date: /home/kush/UR5_Project_main/install/moveit_core/include/moveit/robot_model/fixed_joint_model.h
[9.472s] -- Up-to-date: /home/kush/UR5_Project_main/install/moveit_core/include/moveit/robot_model/link_model.h
[9.472s] -- Up-to-date: /home/kush/UR5_Project_main/install/moveit_core/include/moveit/robot_model/joint_model.h
[9.472s] -- Up-to-date: /home/kush/UR5_Project_main/install/moveit_core/include/moveit/robot_model/planar_joint_model.h
[9.473s] -- Up-to-date: /home/kush/UR5_Project_main/install/moveit_core/include/moveit/robot_model/joint_model_group.h
[9.473s] -- Up-to-date: /home/kush/UR5_Project_main/install/moveit_core/include/moveit/robot_model/aabb.h
[9.502s] -- Up-to-date: /home/kush/UR5_Project_main/install/moveit_core/include
[9.502s] -- Up-to-date: /home/kush/UR5_Project_main/install/moveit_core/include/moveit
[9.502s] -- Up-to-date: /home/kush/UR5_Project_main/install/moveit_core/include/moveit/robot_state
[9.503s] -- Up-to-date: /home/kush/UR5_Project_main/install/moveit_core/include/moveit/robot_state/conversions.h
[9.503s] -- Up-to-date: /home/kush/UR5_Project_main/install/moveit_core/include/moveit/robot_state/attached_body.h
[9.503s] -- Up-to-date: /home/kush/UR5_Project_main/install/moveit_core/include/moveit/robot_state/cartesian_interpolator.h
[9.504s] -- Up-to-date: /home/kush/UR5_Project_main/install/moveit_core/include/moveit/robot_state/robot_state.h
[9.506s] -- Up-to-date: /home/kush/UR5_Project_main/install/moveit_core/include
[9.507s] -- Up-to-date: /home/kush/UR5_Project_main/install/moveit_core/include/moveit
[9.514s] -- Up-to-date: /home/kush/UR5_Project_main/install/moveit_core/include/moveit/robot_trajectory
[9.516s] -- Up-to-date: /home/kush/UR5_Project_main/install/moveit_core/include/moveit/robot_trajectory/robot_trajectory.h
[9.516s] -- Up-to-date: /home/kush/UR5_Project_main/install/moveit_core/include
[9.516s] -- Up-to-date: /home/kush/UR5_Project_main/install/moveit_core/include/moveit
[9.516s] -- Up-to-date: /home/kush/UR5_Project_main/install/moveit_core/include/moveit/sensor_manager
[9.516s] -- Up-to-date: /home/kush/UR5_Project_main/install/moveit_core/include/moveit/sensor_manager/sensor_manager.h
[9.525s] -- Up-to-date: /home/kush/UR5_Project_main/install/moveit_core/include
[9.526s] -- Up-to-date: /home/kush/UR5_Project_main/install/moveit_core/include/moveit
[9.526s] -- Up-to-date: /home/kush/UR5_Project_main/install/moveit_core/include/moveit/trajectory_processing
[9.526s] -- Up-to-date: /home/kush/UR5_Project_main/install/moveit_core/include/moveit/trajectory_processing/trajectory_tools.h
[9.526s] -- Up-to-date: /home/kush/UR5_Project_main/install/moveit_core/include/moveit/trajectory_processing/iterative_spline_parameterization.h
[9.526s] -- Up-to-date: /home/kush/UR5_Project_main/install/moveit_core/include/moveit/trajectory_processing/time_parameterization.h
[9.526s] -- Up-to-date: /home/kush/UR5_Project_main/install/moveit_core/include/moveit/trajectory_processing/ruckig_traj_smoothing.h
[9.527s] -- Up-to-date: /home/kush/UR5_Project_main/install/moveit_core/include/moveit/trajectory_processing/iterative_time_parameterization.h
[9.527s] -- Up-to-date: /home/kush/UR5_Project_main/install/moveit_core/include/moveit/trajectory_processing/time_optimal_trajectory_generation.h
[9.527s] -- Up-to-date: /home/kush/UR5_Project_main/install/moveit_core/include
[9.527s] -- Up-to-date: /home/kush/UR5_Project_main/install/moveit_core/include/moveit
[9.527s] -- Up-to-date: /home/kush/UR5_Project_main/install/moveit_core/include/moveit/transforms
[9.527s] -- Up-to-date: /home/kush/UR5_Project_main/install/moveit_core/include/moveit/transforms/transforms.h
[9.528s] -- Up-to-date: /home/kush/UR5_Project_main/install/moveit_core/include
[9.528s] -- Up-to-date: /home/kush/UR5_Project_main/install/moveit_core/include/moveit
[9.528s] -- Up-to-date: /home/kush/UR5_Project_main/install/moveit_core/include/moveit/utils
[9.528s] -- Up-to-date: /home/kush/UR5_Project_main/install/moveit_core/include/moveit/utils/message_checks.h
[9.528s] -- Up-to-date: /home/kush/UR5_Project_main/install/moveit_core/include/moveit/utils/lexical_casts.h
[9.528s] -- Up-to-date: /home/kush/UR5_Project_main/install/moveit_core/include/moveit/utils/rclcpp_utils.h
[9.528s] -- Up-to-date: /home/kush/UR5_Project_main/install/moveit_core/include/moveit/utils/robot_model_test_utils.h
[9.529s] -- Up-to-date: /home/kush/UR5_Project_main/install/moveit_core/include/moveit/utils/moveit_error_code.h
[9.533s] -- Up-to-date: /home/kush/UR5_Project_main/install/moveit_core/bin/moveit_version
[9.546s] -- Up-to-date: /home/kush/UR5_Project_main/install/moveit_core/include
[9.547s] -- Up-to-date: /home/kush/UR5_Project_main/install/moveit_core/include/moveit
[9.547s] -- Up-to-date: /home/kush/UR5_Project_main/install/moveit_core/include/moveit/collision_detection
[9.547s] -- Up-to-date: /home/kush/UR5_Project_main/install/moveit_core/include/moveit/collision_detection/test_collision_common_pr2.h
[9.547s] -- Up-to-date: /home/kush/UR5_Project_main/install/moveit_core/include/moveit/collision_detection/world_diff.h
[9.547s] -- Up-to-date: /home/kush/UR5_Project_main/install/moveit_core/include/moveit/collision_detection/occupancy_map.h
[9.548s] -- Up-to-date: /home/kush/UR5_Project_main/install/moveit_core/include/moveit/collision_detection/collision_env.h
[9.548s] -- Up-to-date: /home/kush/UR5_Project_main/install/moveit_core/include/moveit/collision_detection/world.h
[9.548s] -- Up-to-date: /home/kush/UR5_Project_main/install/moveit_core/include/moveit/collision_detection/collision_matrix.h
[9.548s] -- Up-to-date: /home/kush/UR5_Project_main/install/moveit_core/include/moveit/collision_detection/collision_tools.h
[9.549s] -- Up-to-date: /home/kush/UR5_Project_main/install/moveit_core/include/moveit/collision_detection/collision_plugin_cache.h
[9.549s] -- Up-to-date: /home/kush/UR5_Project_main/install/moveit_core/include/moveit/collision_detection/collision_plugin.h
[9.549s] -- Up-to-date: /home/kush/UR5_Project_main/install/moveit_core/include/moveit/collision_detection/allvalid
[9.549s] -- Up-to-date: /home/kush/UR5_Project_main/install/moveit_core/include/moveit/collision_detection/allvalid/collision_env_allvalid.h
[9.550s] -- Up-to-date: /home/kush/UR5_Project_main/install/moveit_core/include/moveit/collision_detection/allvalid/collision_detector_allocator_allvalid.h
[9.550s] -- Up-to-date: /home/kush/UR5_Project_main/install/moveit_core/include/moveit/collision_detection/test_collision_common_panda.h
[9.550s] -- Up-to-date: /home/kush/UR5_Project_main/install/moveit_core/include/moveit/collision_detection/collision_detector_allocator.h
[9.550s] -- Up-to-date: /home/kush/UR5_Project_main/install/moveit_core/include/moveit/collision_detection/collision_octomap_filter.h
[9.550s] -- Up-to-date: /home/kush/UR5_Project_main/install/moveit_core/include/moveit/collision_detection/collision_common.h
[9.551s] -- Up-to-date: /home/kush/UR5_Project_main/install/moveit_core/include/moveit_collision_detection_export.h
[9.552s] -- Up-to-date: /home/kush/UR5_Project_main/install/moveit_core/include
[9.553s] -- Up-to-date: /home/kush/UR5_Project_main/install/moveit_core/include/moveit
[9.553s] -- Up-to-date: /home/kush/UR5_Project_main/install/moveit_core/include/moveit/collision_detection_bullet
[9.554s] -- Up-to-date: /home/kush/UR5_Project_main/install/moveit_core/include/moveit/collision_detection_bullet/collision_detector_allocator_bullet.h
[9.557s] -- Up-to-date: /home/kush/UR5_Project_main/install/moveit_core/include/moveit/collision_detection_bullet/bullet_integration
[9.557s] -- Up-to-date: /home/kush/UR5_Project_main/install/moveit_core/include/moveit/collision_detection_bullet/bullet_integration/bullet_utils.h
[9.557s] -- Up-to-date: /home/kush/UR5_Project_main/install/moveit_core/include/moveit/collision_detection_bullet/bullet_integration/contact_checker_common.h
[9.559s] -- Up-to-date: /home/kush/UR5_Project_main/install/moveit_core/include/moveit/collision_detection_bullet/bullet_integration/bullet_bvh_manager.h
[9.560s] -- Up-to-date: /home/kush/UR5_Project_main/install/moveit_core/include/moveit/collision_detection_bullet/bullet_integration/bullet_cast_bvh_manager.h
[9.560s] -- Up-to-date: /home/kush/UR5_Project_main/install/moveit_core/include/moveit/collision_detection_bullet/bullet_integration/bullet_discrete_bvh_manager.h
[9.560s] -- Up-to-date: /home/kush/UR5_Project_main/install/moveit_core/include/moveit/collision_detection_bullet/bullet_integration/basic_types.h
[9.560s] -- Up-to-date: /home/kush/UR5_Project_main/install/moveit_core/include/moveit/collision_detection_bullet/bullet_integration/ros_bullet_utils.h
[9.561s] -- Up-to-date: /home/kush/UR5_Project_main/install/moveit_core/include/moveit/collision_detection_bullet/collision_env_bullet.h
[9.561s] -- Up-to-date: /home/kush/UR5_Project_main/install/moveit_core/include/moveit/collision_detection_bullet/collision_detector_bullet_plugin_loader.h
[9.561s] -- Up-to-date: /home/kush/UR5_Project_main/install/moveit_core/include/moveit_collision_detection_bullet_export.h
[9.613s] -- Up-to-date: /home/kush/UR5_Project_main/install/moveit_core/lib/libmoveit_collision_detection_bullet.so.2.5.4
[9.613s] -- Up-to-date: /home/kush/UR5_Project_main/install/moveit_core/lib/libmoveit_collision_detection_bullet.so
[9.625s] -- Up-to-date: /home/kush/UR5_Project_main/install/moveit_core/lib/libcollision_detector_bullet_plugin.so.2.5.4
[9.626s] -- Up-to-date: /home/kush/UR5_Project_main/install/moveit_core/lib/libcollision_detector_bullet_plugin.so
[9.626s] -- Up-to-date: /home/kush/UR5_Project_main/install/moveit_core/share/moveit_core/environment/library_path.sh
[9.626s] -- Up-to-date: /home/kush/UR5_Project_main/install/moveit_core/share/moveit_core/environment/library_path.dsv
[9.634s] -- Up-to-date: /home/kush/UR5_Project_main/install/moveit_core/include
[9.634s] -- Up-to-date: /home/kush/UR5_Project_main/install/moveit_core/include/moveit
[9.634s] -- Up-to-date: /home/kush/UR5_Project_main/install/moveit_core/include/moveit/collision_detection_fcl
[9.635s] -- Up-to-date: /home/kush/UR5_Project_main/install/moveit_core/include/moveit/collision_detection_fcl/collision_detector_fcl_plugin_loader.h
[9.635s] -- Up-to-date: /home/kush/UR5_Project_main/install/moveit_core/include/moveit/collision_detection_fcl/fcl_compat.h
[9.635s] -- Up-to-date: /home/kush/UR5_Project_main/install/moveit_core/include/moveit/collision_detection_fcl/collision_env_fcl.h
[9.635s] -- Up-to-date: /home/kush/UR5_Project_main/install/moveit_core/include/moveit/collision_detection_fcl/collision_detector_allocator_fcl.h
[9.635s] -- Up-to-date: /home/kush/UR5_Project_main/install/moveit_core/include/moveit/collision_detection_fcl/collision_common.h
[9.635s] -- Up-to-date: /home/kush/UR5_Project_main/install/moveit_core/include/moveit_collision_detection_fcl_export.h
[9.653s] -- Up-to-date: /home/kush/UR5_Project_main/install/moveit_core/lib/libmoveit_butterworth_filter.so.2.5.4
[9.653s] -- Up-to-date: /home/kush/UR5_Project_main/install/moveit_core/lib/libmoveit_butterworth_filter.so
[9.684s] -- Up-to-date: /home/kush/UR5_Project_main/install/moveit_core/lib/libmoveit_collision_distance_field.so.2.5.4
[9.685s] -- Up-to-date: /home/kush/UR5_Project_main/install/moveit_core/lib/libmoveit_collision_distance_field.so
[9.708s] -- Up-to-date: /home/kush/UR5_Project_main/install/moveit_core/lib/libmoveit_collision_detection.so.2.5.4
[9.708s] -- Up-to-date: /home/kush/UR5_Project_main/install/moveit_core/lib/libmoveit_collision_detection.so
[9.756s] -- Up-to-date: /home/kush/UR5_Project_main/install/moveit_core/lib/libmoveit_collision_detection_fcl.so.2.5.4
[9.757s] -- Up-to-date: /home/kush/UR5_Project_main/install/moveit_core/lib/libmoveit_collision_detection_fcl.so
[9.758s] -- Up-to-date: /home/kush/UR5_Project_main/install/moveit_core/lib/libmoveit_collision_detection_bullet.so.2.5.4
[9.758s] -- Up-to-date: /home/kush/UR5_Project_main/install/moveit_core/lib/libmoveit_collision_detection_bullet.so
[9.791s] -- Up-to-date: /home/kush/UR5_Project_main/install/moveit_core/lib/libmoveit_dynamics_solver.so.2.5.4
[9.792s] -- Up-to-date: /home/kush/UR5_Project_main/install/moveit_core/lib/libmoveit_dynamics_solver.so
[9.804s] -- Up-to-date: /home/kush/UR5_Project_main/install/moveit_core/lib/libmoveit_constraint_samplers.so.2.5.4
[9.805s] -- Up-to-date: /home/kush/UR5_Project_main/install/moveit_core/lib/libmoveit_constraint_samplers.so
[9.808s] -- Up-to-date: /home/kush/UR5_Project_main/install/moveit_core/lib/libmoveit_distance_field.so.2.5.4
[9.809s] -- Up-to-date: /home/kush/UR5_Project_main/install/moveit_core/lib/libmoveit_distance_field.so
[9.816s] -- Up-to-date: /home/kush/UR5_Project_main/install/moveit_core/lib/libmoveit_exceptions.so.2.5.4
[9.817s] -- Up-to-date: /home/kush/UR5_Project_main/install/moveit_core/lib/libmoveit_exceptions.so
[9.818s] -- Up-to-date: /home/kush/UR5_Project_main/install/moveit_core/lib/libmoveit_kinematics_base.so
[9.836s] -- Up-to-date: /home/kush/UR5_Project_main/install/moveit_core/lib/libmoveit_kinematic_constraints.so.2.5.4
[9.836s] -- Up-to-date: /home/kush/UR5_Project_main/install/moveit_core/lib/libmoveit_kinematic_constraints.so
[9.876s] -- Up-to-date: /home/kush/UR5_Project_main/install/moveit_core/lib/libmoveit_kinematics_metrics.so.2.5.4
[9.877s] -- Up-to-date: /home/kush/UR5_Project_main/install/moveit_core/lib/libmoveit_kinematics_metrics.so
[9.892s] -- Up-to-date: /home/kush/UR5_Project_main/install/moveit_core/lib/libmoveit_planning_interface.so.2.5.4
[9.892s] -- Up-to-date: /home/kush/UR5_Project_main/install/moveit_core/lib/libmoveit_planning_interface.so
[9.913s] -- Up-to-date: /home/kush/UR5_Project_main/install/moveit_core/lib/libmoveit_planning_scene.so.2.5.4
[9.913s] -- Up-to-date: /home/kush/UR5_Project_main/install/moveit_core/lib/libmoveit_planning_scene.so
[9.929s] -- Up-to-date: /home/kush/UR5_Project_main/install/moveit_core/lib/libmoveit_planning_request_adapter.so.2.5.4
[9.929s] -- Up-to-date: /home/kush/UR5_Project_main/install/moveit_core/lib/libmoveit_planning_request_adapter.so
[9.946s] -- Up-to-date: /home/kush/UR5_Project_main/install/moveit_core/lib/libmoveit_robot_model.so.2.5.4
[9.947s] -- Up-to-date: /home/kush/UR5_Project_main/install/moveit_core/lib/libmoveit_robot_model.so
[9.956s] -- Up-to-date: /home/kush/UR5_Project_main/install/moveit_core/lib/libmoveit_robot_state.so.2.5.4
[9.957s] -- Up-to-date: /home/kush/UR5_Project_main/install/moveit_core/lib/libmoveit_robot_state.so
[10.000s] -- Up-to-date: /home/kush/UR5_Project_main/install/moveit_core/lib/libmoveit_robot_trajectory.so.2.5.4
[10.001s] -- Up-to-date: /home/kush/UR5_Project_main/install/moveit_core/lib/libmoveit_robot_trajectory.so
[10.010s] -- Up-to-date: /home/kush/UR5_Project_main/install/moveit_core/lib/libmoveit_smoothing_base.so.2.5.4
[10.010s] -- Up-to-date: /home/kush/UR5_Project_main/install/moveit_core/lib/libmoveit_smoothing_base.so
[10.029s] -- Up-to-date: /home/kush/UR5_Project_main/install/moveit_core/lib/libmoveit_test_utils.so.2.5.4
[10.029s] -- Up-to-date: /home/kush/UR5_Project_main/install/moveit_core/lib/libmoveit_test_utils.so
[10.033s] -- Up-to-date: /home/kush/UR5_Project_main/install/moveit_core/lib/libmoveit_trajectory_processing.so.2.5.4
[10.033s] -- Up-to-date: /home/kush/UR5_Project_main/install/moveit_core/lib/libmoveit_trajectory_processing.so
[10.037s] -- Up-to-date: /home/kush/UR5_Project_main/install/moveit_core/lib/libmoveit_transforms.so.2.5.4
[10.037s] -- Up-to-date: /home/kush/UR5_Project_main/install/moveit_core/lib/libmoveit_transforms.so
[10.071s] -- Up-to-date: /home/kush/UR5_Project_main/install/moveit_core/lib/libmoveit_utils.so.2.5.4
[10.072s] -- Up-to-date: /home/kush/UR5_Project_main/install/moveit_core/lib/libmoveit_utils.so
[10.072s] -- Up-to-date: /home/kush/UR5_Project_main/install/moveit_core/share/moveit_core/environment/library_path.sh
[10.073s] -- Up-to-date: /home/kush/UR5_Project_main/install/moveit_core/share/moveit_core/environment/library_path.dsv
[10.073s] -- Up-to-date: /home/kush/UR5_Project_main/install/moveit_core/share/moveit_core/collision_detector_fcl_description.xml
[10.073s] -- Up-to-date: /home/kush/UR5_Project_main/install/moveit_core/share/moveit_core/collision_detector_bullet_description.xml
[10.073s] -- Up-to-date: /home/kush/UR5_Project_main/install/moveit_core/share/moveit_core/filter_plugin_butterworth.xml
[10.073s] -- Up-to-date: /home/kush/UR5_Project_main/install/moveit_core/share/ament_index/resource_index/package_run_dependencies/moveit_core
[10.073s] -- Up-to-date: /home/kush/UR5_Project_main/install/moveit_core/share/ament_index/resource_index/parent_prefix_path/moveit_core
[10.074s] -- Up-to-date: /home/kush/UR5_Project_main/install/moveit_core/share/moveit_core/environment/ament_prefix_path.sh
[10.074s] -- Up-to-date: /home/kush/UR5_Project_main/install/moveit_core/share/moveit_core/environment/ament_prefix_path.dsv
[10.074s] -- Up-to-date: /home/kush/UR5_Project_main/install/moveit_core/share/moveit_core/environment/path.sh
[10.074s] -- Up-to-date: /home/kush/UR5_Project_main/install/moveit_core/share/moveit_core/environment/path.dsv
[10.074s] -- Up-to-date: /home/kush/UR5_Project_main/install/moveit_core/share/moveit_core/local_setup.bash
[10.075s] -- Up-to-date: /home/kush/UR5_Project_main/install/moveit_core/share/moveit_core/local_setup.sh
[10.075s] -- Up-to-date: /home/kush/UR5_Project_main/install/moveit_core/share/moveit_core/local_setup.zsh
[10.075s] -- Up-to-date: /home/kush/UR5_Project_main/install/moveit_core/share/moveit_core/local_setup.dsv
[10.075s] -- Installing: /home/kush/UR5_Project_main/install/moveit_core/share/moveit_core/package.dsv
[10.078s] -- Up-to-date: /home/kush/UR5_Project_main/install/moveit_core/share/ament_index/resource_index/packages/moveit_core
[10.079s] -- Up-to-date: /home/kush/UR5_Project_main/install/moveit_core/share/ament_index/resource_index/moveit_core__pluginlib__plugin/moveit_core
[10.115s] -- Up-to-date: /home/kush/UR5_Project_main/install/moveit_core/share/moveit_core/cmake/export_moveit_coreExport.cmake
[10.116s] -- Up-to-date: /home/kush/UR5_Project_main/install/moveit_core/share/moveit_core/cmake/export_moveit_coreExport-release.cmake
[10.116s] -- Up-to-date: /home/kush/UR5_Project_main/install/moveit_core/share/moveit_core/cmake/ConfigExtras.cmake
[10.116s] -- Up-to-date: /home/kush/UR5_Project_main/install/moveit_core/share/moveit_core/cmake/ament_cmake_export_targets-extras.cmake
[10.117s] -- Up-to-date: /home/kush/UR5_Project_main/install/moveit_core/share/moveit_core/cmake/ament_cmake_export_dependencies-extras.cmake
[10.117s] -- Up-to-date: /home/kush/UR5_Project_main/install/moveit_core/share/moveit_core/cmake/moveit_coreConfig.cmake
[10.117s] -- Up-to-date: /home/kush/UR5_Project_main/install/moveit_core/share/moveit_core/cmake/moveit_coreConfig-version.cmake
[10.117s] -- Up-to-date: /home/kush/UR5_Project_main/install/moveit_core/share/moveit_core/package.xml
[10.126s] Invoked command in '/home/kush/UR5_Project_main/build/moveit_core' returned '0': AMENT_PREFIX_PATH=/home/kush/UR5_Project_main/install/moveit_resources_panda_moveit_config:/home/kush/UR5_Project_main/install/srdfdom:/home/kush/UR5_Project_main/install/moveit_resources_pr2_description:/home/kush/UR5_Project_main/install/moveit_resources_panda_description:/home/kush/UR5_Project_main/install/moveit_common:${AMENT_PREFIX_PATH} CMAKE_PREFIX_PATH=/home/kush/UR5_Project_main/install/moveit_resources_panda_moveit_config:/home/kush/UR5_Project_main/install/srdfdom:/home/kush/UR5_Project_main/install/moveit_resources_pr2_description:/home/kush/UR5_Project_main/install/moveit_resources_panda_description:/home/kush/UR5_Project_main/install/moveit_common:/home/kush/ws_moveit2_ur5/install/ur_description:/home/kush/ws_moveit2_ur5/install/pilz_industrial_motion_planner_testutils:/home/kush/ws_moveit2_ur5/install/moveit_runtime:/home/kush/ws_moveit2_ur5/install/moveit2_tutorials:/home/kush/ws_moveit2_ur5/install/moveit:/home/kush/ws_moveit2_ur5/install/moveit_planners:/home/kush/ws_moveit2_ur5/install/pilz_industrial_motion_planner:/home/kush/ws_moveit2_ur5/install/moveit_visual_tools:/home/kush/ws_moveit2_ur5/install/moveit_task_constructor_visualization:/home/kush/ws_moveit2_ur5/install/moveit_task_constructor_demo:/home/kush/ws_moveit2_ur5/install/moveit_task_constructor_capabilities:/home/kush/ws_moveit2_ur5/install/moveit_task_constructor_core:/home/kush/ws_moveit2_ur5/install/moveit_ros_control_interface:/home/kush/ws_moveit2_ur5/install/moveit_plugins:/home/kush/ws_moveit2_ur5/install/moveit_simple_controller_manager:/home/kush/ws_moveit2_ur5/install/moveit_setup_assistant:/home/kush/ws_moveit2_ur5/install/moveit_setup_srdf_plugins:/home/kush/ws_moveit2_ur5/install/moveit_setup_core_plugins:/home/kush/ws_moveit2_ur5/install/moveit_setup_controllers:/home/kush/ws_moveit2_ur5/install/moveit_setup_app_plugins:/home/kush/ws_moveit2_ur5/install/moveit_setup_framework:/home/kush/ws_moveit2_ur5/install/moveit_servo:/home/kush/ws_moveit2_ur5/install/moveit_ros:/home/kush/ws_moveit2_ur5/install/moveit_ros_visualization:/home/kush/ws_moveit2_ur5/install/moveit_hybrid_planning:/home/kush/ws_moveit2_ur5/install/moveit_ros_planning_interface:/home/kush/ws_moveit2_ur5/install/moveit_ros_benchmarks:/home/kush/ws_moveit2_ur5/install/moveit_ros_warehouse:/home/kush/ws_moveit2_ur5/install/moveit_ros_robot_interaction:/home/kush/ws_moveit2_ur5/install/moveit_ros_perception:/home/kush/ws_moveit2_ur5/install/moveit_resources_prbt_pg70_support:/home/kush/ws_moveit2_ur5/install/moveit_resources_prbt_moveit_config:/home/kush/ws_moveit2_ur5/install/moveit_ros_move_group:/home/kush/ws_moveit2_ur5/install/moveit_planners_ompl:/home/kush/ws_moveit2_ur5/install/moveit_ros_planning:/home/kush/ws_moveit2_ur5/install/moveit_ros_occupancy_map_monitor:/home/kush/ws_moveit2_ur5/install/moveit_resources_prbt_ikfast_manipulator_plugin:/home/kush/ws_moveit2_ur5/install/moveit_planners_chomp:/home/kush/ws_moveit2_ur5/install/moveit_kinematics:/home/kush/ws_moveit2_ur5/install/moveit_chomp_optimizer_adapter:/home/kush/ws_moveit2_ur5/install/chomp_motion_planner:/home/kush/ws_moveit2_ur5/install/moveit_core:/home/kush/ws_moveit2_ur5/install/srdfdom:/home/kush/ws_moveit2_ur5/install/rviz_marker_tools:/home/kush/ws_moveit2_ur5/install/rosparam_shortcuts:/home/kush/ws_moveit2_ur5/install/moveit_task_constructor_msgs:/home/kush/ws_moveit2_ur5/install/moveit_resources_prbt_support:/home/kush/ws_moveit2_ur5/install/moveit_resources:/home/kush/ws_moveit2_ur5/install/moveit_resources_pr2_description:/home/kush/ws_moveit2_ur5/install/moveit_resources_panda_moveit_config:/home/kush/ws_moveit2_ur5/install/moveit_resources_panda_description:/home/kush/ws_moveit2_ur5/install/moveit_resources_fanuc_moveit_config:/home/kush/ws_moveit2_ur5/install/moveit_resources_fanuc_description:/home/kush/ws_moveit2_ur5/install/moveit_common:/home/kush/ws_moveit2_ur5/install/moveit_configs_utils:/home/kush/ws_moveit2_ur5/install/launch_param_builder:/opt/ros/humble LD_LIBRARY_PATH=/home/kush/UR5_Project_main/install/srdfdom/lib:${LD_LIBRARY_PATH} PYTHONPATH=/home/kush/UR5_Project_main/install/srdfdom/local/lib/python3.10/dist-packages:${PYTHONPATH} /usr/bin/cmake --install /home/kush/UR5_Project_main/build/moveit_core
