[35m[1mConsolidate compiler generated dependencies of target planning_context_loader_base[0m
[  2%] Built target planning_context_loader_base
[35m[1mConsolidate compiler generated dependencies of target gtest_main[0m
[  4%] Built target gtest_main
[35m[1mConsolidate compiler generated dependencies of target gtest[0m
[  7%] Built target gtest
[35m[1mConsolidate compiler generated dependencies of target gmock_main[0m
[  9%] Built target gmock_main
[35m[1mConsolidate compiler generated dependencies of target gmock[0m
[ 13%] Built target gmock
[35m[1mConsolidate compiler generated dependencies of target trajectory_generation_common[0m
[ 18%] Built target trajectory_generation_common
[35m[1mConsolidate compiler generated dependencies of target joint_limits_common[0m
[ 26%] Built target joint_limits_common
[35m[1mConsolidate compiler generated dependencies of target command_list_manager[0m
[ 30%] Built target command_list_manager
[35m[1mConsolidate compiler generated dependencies of target planning_context_loader_lin[0m
[ 34%] Built target planning_context_loader_lin
[ 36%] [32mBuilding CXX object CMakeFiles/planning_context_loader_circ.dir/src/planning_context_loader_circ.cpp.o[0m
[ 37%] [32mBuilding CXX object CMakeFiles/planning_context_loader_circ.dir/src/trajectory_generator_circ.cpp.o[0m
[ 38%] [32mBuilding CXX object CMakeFiles/planning_context_loader_circ.dir/src/path_circle_generator.cpp.o[0m
[ 39%] [32m[1mLinking CXX shared library libplanning_context_loader_circ.so[0m
[ 39%] Built target planning_context_loader_circ
[ 40%] [32mBuilding CXX object CMakeFiles/sequence_capability.dir/src/move_group_sequence_action.cpp.o[0m
[ 42%] [32mBuilding CXX object CMakeFiles/sequence_capability.dir/src/move_group_sequence_service.cpp.o[0m
[ 43%] [32m[1mLinking CXX shared library libsequence_capability.so[0m
[ 43%] Built target sequence_capability
[ 44%] [32mBuilding CXX object test/CMakeFiles/pilz_industrial_motion_planner_test_utils.dir/test_utils.cpp.o[0m
[ 45%] [32m[1mLinking CXX static library libpilz_industrial_motion_planner_test_utils.a[0m
[ 45%] Built target pilz_industrial_motion_planner_test_utils
[ 46%] [32mBuilding CXX object test/unit_tests/CMakeFiles/unittest_joint_limit.dir/src/unittest_joint_limit.cpp.o[0m
[ 48%] [32m[1mLinking CXX executable unittest_joint_limit[0m
[ 48%] Built target unittest_joint_limit
[ 49%] [32mBuilding CXX object test/unit_tests/CMakeFiles/unittest_joint_limits_aggregator.dir/src/unittest_joint_limits_aggregator.cpp.o[0m
[ 50%] [32m[1mLinking CXX executable unittest_joint_limits_aggregator[0m
[ 50%] Built target unittest_joint_limits_aggregator
[ 51%] [32mBuilding CXX object test/unit_tests/CMakeFiles/unittest_joint_limits_container.dir/src/unittest_joint_limits_container.cpp.o[0m
[ 53%] [32m[1mLinking CXX executable unittest_joint_limits_container[0m
[ 53%] Built target unittest_joint_limits_container
[ 54%] [32mBuilding CXX object test/unit_tests/CMakeFiles/unittest_joint_limits_validator.dir/src/unittest_joint_limits_validator.cpp.o[0m
[ 55%] [32m[1mLinking CXX executable unittest_joint_limits_validator[0m
[ 55%] Built target unittest_joint_limits_validator
[ 56%] [32mBuilding CXX object test/unit_tests/CMakeFiles/unittest_cartesian_limits_aggregator.dir/src/unittest_cartesian_limits_aggregator.cpp.o[0m
[ 57%] [32m[1mLinking CXX executable unittest_cartesian_limits_aggregator[0m
[ 57%] Built target unittest_cartesian_limits_aggregator
[ 59%] [32mBuilding CXX object test/unit_tests/CMakeFiles/unittest_trajectory_functions.dir/src/unittest_trajectory_functions.cpp.o[0m
[ 60%] [32m[1mLinking CXX executable unittest_trajectory_functions[0m
[ 60%] Built target unittest_trajectory_functions
[ 61%] [32mBuilding CXX object test/unit_tests/CMakeFiles/unittest_trajectory_blender_transition_window.dir/src/unittest_trajectory_blender_transition_window.cpp.o[0m
[ 62%] [32mBuilding CXX object test/unit_tests/CMakeFiles/unittest_trajectory_blender_transition_window.dir/__/__/src/trajectory_blender_transition_window.cpp.o[0m
[ 63%] [32m[1mLinking CXX executable unittest_trajectory_blender_transition_window[0m
[ 63%] Built target unittest_trajectory_blender_transition_window
[ 65%] [32mBuilding CXX object test/unit_tests/CMakeFiles/unittest_trajectory_generator_circ.dir/src/unittest_trajectory_generator_circ.cpp.o[0m
[ 66%] [32m[1mLinking CXX executable unittest_trajectory_generator_circ[0m
[ 66%] Built target unittest_trajectory_generator_circ
[ 67%] [32mBuilding CXX object test/unit_tests/CMakeFiles/unittest_trajectory_generator_lin.dir/src/unittest_trajectory_generator_lin.cpp.o[0m
[ 68%] [32m[1mLinking CXX executable unittest_trajectory_generator_lin[0m
[ 68%] Built target unittest_trajectory_generator_lin
[ 69%] [32mBuilding CXX object CMakeFiles/planning_context_loader_ptp.dir/src/planning_context_loader_ptp.cpp.o[0m
[ 71%] [32mBuilding CXX object CMakeFiles/planning_context_loader_ptp.dir/src/velocity_profile_atrap.cpp.o[0m
[ 72%] [32mBuilding CXX object CMakeFiles/planning_context_loader_ptp.dir/src/trajectory_generator_ptp.cpp.o[0m
[ 73%] [32m[1mLinking CXX shared library libplanning_context_loader_ptp.so[0m
[ 73%] Built target planning_context_loader_ptp
[ 74%] [32mBuilding CXX object CMakeFiles/pilz_industrial_motion_planner.dir/src/pilz_industrial_motion_planner.cpp.o[0m
[ 75%] [32m[1mLinking CXX shared library libpilz_industrial_motion_planner.so[0m
[ 75%] Built target pilz_industrial_motion_planner
[ 77%] [32mBuilding CXX object test/unit_tests/CMakeFiles/unittest_trajectory_generator_ptp.dir/src/unittest_trajectory_generator_ptp.cpp.o[0m
[ 78%] [32m[1mLinking CXX executable unittest_trajectory_generator_ptp[0m
[ 78%] Built target unittest_trajectory_generator_ptp
[ 79%] [32mBuilding CXX object test/unit_tests/CMakeFiles/unittest_velocity_profile_atrap.dir/src/unittest_velocity_profile_atrap.cpp.o[0m
[ 80%] [32mBuilding CXX object test/unit_tests/CMakeFiles/unittest_velocity_profile_atrap.dir/__/__/src/velocity_profile_atrap.cpp.o[0m
[ 81%] [32m[1mLinking CXX executable unittest_velocity_profile_atrap[0m
[ 81%] Built target unittest_velocity_profile_atrap
[ 83%] [32mBuilding CXX object test/unit_tests/CMakeFiles/unittest_trajectory_generator.dir/src/unittest_trajectory_generator.cpp.o[0m
[ 84%] [32mBuilding CXX object test/unit_tests/CMakeFiles/unittest_trajectory_generator.dir/__/__/src/trajectory_generator.cpp.o[0m
[ 85%] [32m[1mLinking CXX executable unittest_trajectory_generator[0m
[ 85%] Built target unittest_trajectory_generator
[ 86%] [32mBuilding CXX object test/unit_tests/CMakeFiles/unittest_pilz_industrial_motion_planner.dir/src/unittest_pilz_industrial_motion_planner.cpp.o[0m
[ 87%] [32m[1mLinking CXX executable unittest_pilz_industrial_motion_planner[0m
[ 87%] Built target unittest_pilz_industrial_motion_planner
[ 89%] [32mBuilding CXX object test/unit_tests/CMakeFiles/unittest_planning_context_loaders.dir/src/unittest_planning_context_loaders.cpp.o[0m
[ 90%] [32m[1mLinking CXX executable unittest_planning_context_loaders[0m
[ 90%] Built target unittest_planning_context_loaders
[ 91%] [32mBuilding CXX object test/unit_tests/CMakeFiles/unittest_planning_context.dir/src/unittest_planning_context.cpp.o[0m
[ 92%] [32m[1mLinking CXX executable unittest_planning_context[0m
[ 92%] Built target unittest_planning_context
[ 93%] [32mBuilding CXX object test/unit_tests/CMakeFiles/unittest_get_solver_tip_frame.dir/src/unittest_get_solver_tip_frame.cpp.o[0m
[ 95%] [32m[1mLinking CXX executable unittest_get_solver_tip_frame[0m
[ 95%] Built target unittest_get_solver_tip_frame
[ 96%] [32mBuilding CXX object test/unit_tests/CMakeFiles/unittest_pilz_industrial_motion_planner_direct.dir/src/unittest_pilz_industrial_motion_planner_direct.cpp.o[0m
[ 97%] [32m[1mLinking CXX executable unittest_pilz_industrial_motion_planner_direct[0m
[ 97%] Built target unittest_pilz_industrial_motion_planner_direct
[ 98%] [32mBuilding CXX object test/unit_tests/CMakeFiles/unittest_trajectory_generator_common.dir/src/unittest_trajectory_generator_common.cpp.o[0m
[100%] [32m[1mLinking CXX executable unittest_trajectory_generator_common[0m
[100%] Built target unittest_trajectory_generator_common
-- Install configuration: "Release"
-- Installing: /home/kush/UR5_Project_main/install/pilz_industrial_motion_planner/share/pilz_industrial_motion_planner/plugins/pilz_industrial_motion_planner_plugin_description.xml
-- Installing: /home/kush/UR5_Project_main/install/pilz_industrial_motion_planner/share/pilz_industrial_motion_planner/plugins/sequence_capability_plugin_description.xml
-- Installing: /home/kush/UR5_Project_main/install/pilz_industrial_motion_planner/share/pilz_industrial_motion_planner/plugins/planning_context_plugin_description.xml
-- Installing: /home/kush/UR5_Project_main/install/pilz_industrial_motion_planner/lib/libpilz_industrial_motion_planner.so
-- Set runtime path of "/home/kush/UR5_Project_main/install/pilz_industrial_motion_planner/lib/libpilz_industrial_motion_planner.so" to ""
-- Installing: /home/kush/UR5_Project_main/install/pilz_industrial_motion_planner/lib/libjoint_limits_common.so
-- Set runtime path of "/home/kush/UR5_Project_main/install/pilz_industrial_motion_planner/lib/libjoint_limits_common.so" to ""
-- Installing: /home/kush/UR5_Project_main/install/pilz_industrial_motion_planner/lib/libplanning_context_loader_base.so
-- Set runtime path of "/home/kush/UR5_Project_main/install/pilz_industrial_motion_planner/lib/libplanning_context_loader_base.so" to ""
-- Installing: /home/kush/UR5_Project_main/install/pilz_industrial_motion_planner/lib/libplanning_context_loader_ptp.so
-- Set runtime path of "/home/kush/UR5_Project_main/install/pilz_industrial_motion_planner/lib/libplanning_context_loader_ptp.so" to ""
-- Installing: /home/kush/UR5_Project_main/install/pilz_industrial_motion_planner/lib/libplanning_context_loader_lin.so
-- Set runtime path of "/home/kush/UR5_Project_main/install/pilz_industrial_motion_planner/lib/libplanning_context_loader_lin.so" to ""
-- Installing: /home/kush/UR5_Project_main/install/pilz_industrial_motion_planner/lib/libplanning_context_loader_circ.so
-- Set runtime path of "/home/kush/UR5_Project_main/install/pilz_industrial_motion_planner/lib/libplanning_context_loader_circ.so" to ""
-- Installing: /home/kush/UR5_Project_main/install/pilz_industrial_motion_planner/lib/libcommand_list_manager.so
-- Set runtime path of "/home/kush/UR5_Project_main/install/pilz_industrial_motion_planner/lib/libcommand_list_manager.so" to ""
-- Installing: /home/kush/UR5_Project_main/install/pilz_industrial_motion_planner/lib/libsequence_capability.so
-- Set runtime path of "/home/kush/UR5_Project_main/install/pilz_industrial_motion_planner/lib/libsequence_capability.so" to ""
-- Installing: /home/kush/UR5_Project_main/install/pilz_industrial_motion_planner/lib/libtrajectory_generation_common.so
-- Set runtime path of "/home/kush/UR5_Project_main/install/pilz_industrial_motion_planner/lib/libtrajectory_generation_common.so" to ""
-- Installing: /home/kush/UR5_Project_main/install/pilz_industrial_motion_planner/include
-- Installing: /home/kush/UR5_Project_main/install/pilz_industrial_motion_planner/include/pilz_industrial_motion_planner
-- Installing: /home/kush/UR5_Project_main/install/pilz_industrial_motion_planner/include/pilz_industrial_motion_planner/limits_container.h
-- Installing: /home/kush/UR5_Project_main/install/pilz_industrial_motion_planner/include/pilz_industrial_motion_planner/trajectory_generator.h
-- Installing: /home/kush/UR5_Project_main/install/pilz_industrial_motion_planner/include/pilz_industrial_motion_planner/joint_limits_extension.h
-- Installing: /home/kush/UR5_Project_main/install/pilz_industrial_motion_planner/include/pilz_industrial_motion_planner/planning_context_loader.h
-- Installing: /home/kush/UR5_Project_main/install/pilz_industrial_motion_planner/include/pilz_industrial_motion_planner/cartesian_limits_aggregator.h
-- Installing: /home/kush/UR5_Project_main/install/pilz_industrial_motion_planner/include/pilz_industrial_motion_planner/planning_context_base.h
-- Installing: /home/kush/UR5_Project_main/install/pilz_industrial_motion_planner/include/pilz_industrial_motion_planner/pilz_industrial_motion_planner.h
-- Installing: /home/kush/UR5_Project_main/install/pilz_industrial_motion_planner/include/pilz_industrial_motion_planner/joint_limits_container.h
-- Installing: /home/kush/UR5_Project_main/install/pilz_industrial_motion_planner/include/pilz_industrial_motion_planner/move_group_sequence_action.h
-- Installing: /home/kush/UR5_Project_main/install/pilz_industrial_motion_planner/include/pilz_industrial_motion_planner/planning_context_loader_ptp.h
-- Installing: /home/kush/UR5_Project_main/install/pilz_industrial_motion_planner/include/pilz_industrial_motion_planner/trajectory_blender.h
-- Installing: /home/kush/UR5_Project_main/install/pilz_industrial_motion_planner/include/pilz_industrial_motion_planner/planning_exceptions.h
-- Installing: /home/kush/UR5_Project_main/install/pilz_industrial_motion_planner/include/pilz_industrial_motion_planner/joint_limits_aggregator.h
-- Installing: /home/kush/UR5_Project_main/install/pilz_industrial_motion_planner/include/pilz_industrial_motion_planner/cartesian_limit.h
-- Installing: /home/kush/UR5_Project_main/install/pilz_industrial_motion_planner/include/pilz_industrial_motion_planner/trajectory_generator_circ.h
-- Installing: /home/kush/UR5_Project_main/install/pilz_industrial_motion_planner/include/pilz_industrial_motion_planner/planning_context_lin.h
-- Installing: /home/kush/UR5_Project_main/install/pilz_industrial_motion_planner/include/pilz_industrial_motion_planner/trajectory_blend_response.h
-- Installing: /home/kush/UR5_Project_main/install/pilz_industrial_motion_planner/include/pilz_industrial_motion_planner/trajectory_blender_transition_window.h
-- Installing: /home/kush/UR5_Project_main/install/pilz_industrial_motion_planner/include/pilz_industrial_motion_planner/planning_context_loader_lin.h
-- Installing: /home/kush/UR5_Project_main/install/pilz_industrial_motion_planner/include/pilz_industrial_motion_planner/joint_limits_interface_extension.h
-- Installing: /home/kush/UR5_Project_main/install/pilz_industrial_motion_planner/include/pilz_industrial_motion_planner/velocity_profile_atrap.h
-- Installing: /home/kush/UR5_Project_main/install/pilz_industrial_motion_planner/include/pilz_industrial_motion_planner/path_circle_generator.h
-- Installing: /home/kush/UR5_Project_main/install/pilz_industrial_motion_planner/include/pilz_industrial_motion_planner/move_group_sequence_service.h
-- Installing: /home/kush/UR5_Project_main/install/pilz_industrial_motion_planner/include/pilz_industrial_motion_planner/command_list_manager.h
-- Installing: /home/kush/UR5_Project_main/install/pilz_industrial_motion_planner/include/pilz_industrial_motion_planner/trajectory_generator_lin.h
-- Installing: /home/kush/UR5_Project_main/install/pilz_industrial_motion_planner/include/pilz_industrial_motion_planner/trajectory_functions.h
-- Installing: /home/kush/UR5_Project_main/install/pilz_industrial_motion_planner/include/pilz_industrial_motion_planner/capability_names.h
-- Installing: /home/kush/UR5_Project_main/install/pilz_industrial_motion_planner/include/pilz_industrial_motion_planner/cartesian_trajectory.h
-- Installing: /home/kush/UR5_Project_main/install/pilz_industrial_motion_planner/include/pilz_industrial_motion_planner/joint_limits_validator.h
-- Installing: /home/kush/UR5_Project_main/install/pilz_industrial_motion_planner/include/pilz_industrial_motion_planner/planning_context_circ.h
-- Installing: /home/kush/UR5_Project_main/install/pilz_industrial_motion_planner/include/pilz_industrial_motion_planner/planning_context_loader_circ.h
-- Installing: /home/kush/UR5_Project_main/install/pilz_industrial_motion_planner/include/pilz_industrial_motion_planner/cartesian_trajectory_point.h
-- Installing: /home/kush/UR5_Project_main/install/pilz_industrial_motion_planner/include/pilz_industrial_motion_planner/tip_frame_getter.h
-- Installing: /home/kush/UR5_Project_main/install/pilz_industrial_motion_planner/include/pilz_industrial_motion_planner/trajectory_generator_ptp.h
-- Installing: /home/kush/UR5_Project_main/install/pilz_industrial_motion_planner/include/pilz_industrial_motion_planner/plan_components_builder.h
-- Installing: /home/kush/UR5_Project_main/install/pilz_industrial_motion_planner/include/pilz_industrial_motion_planner/trajectory_generation_exceptions.h
-- Installing: /home/kush/UR5_Project_main/install/pilz_industrial_motion_planner/include/pilz_industrial_motion_planner/planning_context_ptp.h
-- Installing: /home/kush/UR5_Project_main/install/pilz_industrial_motion_planner/include/pilz_industrial_motion_planner/trajectory_blend_request.h
-- Installing: /home/kush/UR5_Project_main/install/pilz_industrial_motion_planner/include/joint_limits_copy
-- Installing: /home/kush/UR5_Project_main/install/pilz_industrial_motion_planner/include/joint_limits_copy/joint_limits_rosparam.hpp
-- Installing: /home/kush/UR5_Project_main/install/pilz_industrial_motion_planner/include/joint_limits_copy/joint_limits.hpp
-- Installing: /home/kush/UR5_Project_main/install/pilz_industrial_motion_planner/share/pilz_industrial_motion_planner/environment/library_path.sh
-- Installing: /home/kush/UR5_Project_main/install/pilz_industrial_motion_planner/share/pilz_industrial_motion_planner/environment/library_path.dsv
-- Installing: /home/kush/UR5_Project_main/install/pilz_industrial_motion_planner/lib/pilz_industrial_motion_planner/unittest_pilz_industrial_motion_planner_direct
-- Set runtime path of "/home/kush/UR5_Project_main/install/pilz_industrial_motion_planner/lib/pilz_industrial_motion_planner/unittest_pilz_industrial_motion_planner_direct" to ""
-- Installing: /home/kush/UR5_Project_main/install/pilz_industrial_motion_planner/lib/pilz_industrial_motion_planner/unittest_velocity_profile_atrap
-- Set runtime path of "/home/kush/UR5_Project_main/install/pilz_industrial_motion_planner/lib/pilz_industrial_motion_planner/unittest_velocity_profile_atrap" to ""
-- Installing: /home/kush/UR5_Project_main/install/pilz_industrial_motion_planner/lib/pilz_industrial_motion_planner/unittest_trajectory_generator
-- Set runtime path of "/home/kush/UR5_Project_main/install/pilz_industrial_motion_planner/lib/pilz_industrial_motion_planner/unittest_trajectory_generator" to ""
-- Installing: /home/kush/UR5_Project_main/install/pilz_industrial_motion_planner/lib/pilz_industrial_motion_planner/unittest_trajectory_functions
-- Set runtime path of "/home/kush/UR5_Project_main/install/pilz_industrial_motion_planner/lib/pilz_industrial_motion_planner/unittest_trajectory_functions" to ""
-- Installing: /home/kush/UR5_Project_main/install/pilz_industrial_motion_planner/lib/pilz_industrial_motion_planner/unittest_trajectory_blender_transition_window
-- Set runtime path of "/home/kush/UR5_Project_main/install/pilz_industrial_motion_planner/lib/pilz_industrial_motion_planner/unittest_trajectory_blender_transition_window" to ""
-- Installing: /home/kush/UR5_Project_main/install/pilz_industrial_motion_planner/lib/pilz_industrial_motion_planner/unittest_trajectory_generator_common
-- Set runtime path of "/home/kush/UR5_Project_main/install/pilz_industrial_motion_planner/lib/pilz_industrial_motion_planner/unittest_trajectory_generator_common" to ""
-- Installing: /home/kush/UR5_Project_main/install/pilz_industrial_motion_planner/lib/pilz_industrial_motion_planner/unittest_trajectory_generator_circ
-- Set runtime path of "/home/kush/UR5_Project_main/install/pilz_industrial_motion_planner/lib/pilz_industrial_motion_planner/unittest_trajectory_generator_circ" to ""
-- Installing: /home/kush/UR5_Project_main/install/pilz_industrial_motion_planner/lib/pilz_industrial_motion_planner/unittest_trajectory_generator_lin
-- Set runtime path of "/home/kush/UR5_Project_main/install/pilz_industrial_motion_planner/lib/pilz_industrial_motion_planner/unittest_trajectory_generator_lin" to ""
-- Installing: /home/kush/UR5_Project_main/install/pilz_industrial_motion_planner/lib/pilz_industrial_motion_planner/unittest_trajectory_generator_ptp
-- Set runtime path of "/home/kush/UR5_Project_main/install/pilz_industrial_motion_planner/lib/pilz_industrial_motion_planner/unittest_trajectory_generator_ptp" to ""
-- Installing: /home/kush/UR5_Project_main/install/pilz_industrial_motion_planner/lib/pilz_industrial_motion_planner/unittest_pilz_industrial_motion_planner
-- Set runtime path of "/home/kush/UR5_Project_main/install/pilz_industrial_motion_planner/lib/pilz_industrial_motion_planner/unittest_pilz_industrial_motion_planner" to ""
-- Installing: /home/kush/UR5_Project_main/install/pilz_industrial_motion_planner/lib/pilz_industrial_motion_planner/unittest_joint_limit
-- Set runtime path of "/home/kush/UR5_Project_main/install/pilz_industrial_motion_planner/lib/pilz_industrial_motion_planner/unittest_joint_limit" to ""
-- Installing: /home/kush/UR5_Project_main/install/pilz_industrial_motion_planner/lib/pilz_industrial_motion_planner/unittest_joint_limits_aggregator
-- Set runtime path of "/home/kush/UR5_Project_main/install/pilz_industrial_motion_planner/lib/pilz_industrial_motion_planner/unittest_joint_limits_aggregator" to ""
-- Installing: /home/kush/UR5_Project_main/install/pilz_industrial_motion_planner/lib/pilz_industrial_motion_planner/unittest_joint_limits_container
-- Set runtime path of "/home/kush/UR5_Project_main/install/pilz_industrial_motion_planner/lib/pilz_industrial_motion_planner/unittest_joint_limits_container" to ""
-- Installing: /home/kush/UR5_Project_main/install/pilz_industrial_motion_planner/lib/pilz_industrial_motion_planner/unittest_joint_limits_validator
-- Set runtime path of "/home/kush/UR5_Project_main/install/pilz_industrial_motion_planner/lib/pilz_industrial_motion_planner/unittest_joint_limits_validator" to ""
-- Installing: /home/kush/UR5_Project_main/install/pilz_industrial_motion_planner/lib/pilz_industrial_motion_planner/unittest_cartesian_limits_aggregator
-- Set runtime path of "/home/kush/UR5_Project_main/install/pilz_industrial_motion_planner/lib/pilz_industrial_motion_planner/unittest_cartesian_limits_aggregator" to ""
-- Installing: /home/kush/UR5_Project_main/install/pilz_industrial_motion_planner/lib/pilz_industrial_motion_planner/unittest_planning_context_loaders
-- Set runtime path of "/home/kush/UR5_Project_main/install/pilz_industrial_motion_planner/lib/pilz_industrial_motion_planner/unittest_planning_context_loaders" to ""
-- Installing: /home/kush/UR5_Project_main/install/pilz_industrial_motion_planner/lib/pilz_industrial_motion_planner/unittest_planning_context
-- Set runtime path of "/home/kush/UR5_Project_main/install/pilz_industrial_motion_planner/lib/pilz_industrial_motion_planner/unittest_planning_context" to ""
-- Installing: /home/kush/UR5_Project_main/install/pilz_industrial_motion_planner/lib/pilz_industrial_motion_planner/unittest_get_solver_tip_frame
-- Set runtime path of "/home/kush/UR5_Project_main/install/pilz_industrial_motion_planner/lib/pilz_industrial_motion_planner/unittest_get_solver_tip_frame" to ""
-- Installing: /home/kush/UR5_Project_main/install/pilz_industrial_motion_planner/share/pilz_industrial_motion_planner/config
-- Installing: /home/kush/UR5_Project_main/install/pilz_industrial_motion_planner/share/pilz_industrial_motion_planner/config/unittest_trajectory_generator_circ.yaml
-- Installing: /home/kush/UR5_Project_main/install/pilz_industrial_motion_planner/share/pilz_industrial_motion_planner/config/unittest_trajectory_generator_lin.yaml
-- Installing: /home/kush/UR5_Project_main/install/pilz_industrial_motion_planner/share/pilz_industrial_motion_planner/config/unittest_trajectory_generator_common.yaml
-- Installing: /home/kush/UR5_Project_main/install/pilz_industrial_motion_planner/share/pilz_industrial_motion_planner/config/unittest_joint_limits_aggregator.yaml
-- Installing: /home/kush/UR5_Project_main/install/pilz_industrial_motion_planner/share/pilz_industrial_motion_planner/config/unittest_cartesian_limits_aggregator.yaml
-- Installing: /home/kush/UR5_Project_main/install/pilz_industrial_motion_planner/share/pilz_industrial_motion_planner/config/unittest_trajectory_functions.yaml
-- Installing: /home/kush/UR5_Project_main/install/pilz_industrial_motion_planner/share/pilz_industrial_motion_planner/config/unittest_trajectory_blender_transition_window.yaml
-- Installing: /home/kush/UR5_Project_main/install/pilz_industrial_motion_planner/share/pilz_industrial_motion_planner/config/unittest_trajectory_generator_ptp.yaml
-- Installing: /home/kush/UR5_Project_main/install/pilz_industrial_motion_planner/share/pilz_industrial_motion_planner/config/unittest_joint_limit_config.yaml
-- Installing: /home/kush/UR5_Project_main/install/pilz_industrial_motion_planner/share/pilz_industrial_motion_planner/launch
-- Installing: /home/kush/UR5_Project_main/install/pilz_industrial_motion_planner/share/pilz_industrial_motion_planner/launch/unittest_planning_context.test.py
-- Installing: /home/kush/UR5_Project_main/install/pilz_industrial_motion_planner/share/pilz_industrial_motion_planner/launch/unittest_trajectory_blender_transition_window.test.py
-- Installing: /home/kush/UR5_Project_main/install/pilz_industrial_motion_planner/share/pilz_industrial_motion_planner/launch/unittest_joint_limit.test.py
-- Installing: /home/kush/UR5_Project_main/install/pilz_industrial_motion_planner/share/pilz_industrial_motion_planner/launch/unittest_trajectory_generator_lin.test.py
-- Installing: /home/kush/UR5_Project_main/install/pilz_industrial_motion_planner/share/pilz_industrial_motion_planner/launch/unittest_joint_limits_aggregator.test.py
-- Installing: /home/kush/UR5_Project_main/install/pilz_industrial_motion_planner/share/pilz_industrial_motion_planner/launch/unittest_trajectory_generator_common.test.py
-- Installing: /home/kush/UR5_Project_main/install/pilz_industrial_motion_planner/share/pilz_industrial_motion_planner/launch/unittest_trajectory_functions.test.py
-- Installing: /home/kush/UR5_Project_main/install/pilz_industrial_motion_planner/share/pilz_industrial_motion_planner/launch/unittest_trajectory_generator_ptp.test.py
-- Installing: /home/kush/UR5_Project_main/install/pilz_industrial_motion_planner/share/pilz_industrial_motion_planner/launch/unittest_trajectory_generator_circ.test.py
-- Installing: /home/kush/UR5_Project_main/install/pilz_industrial_motion_planner/share/pilz_industrial_motion_planner/launch/unittest_pilz_industrial_motion_planner.test.py
-- Installing: /home/kush/UR5_Project_main/install/pilz_industrial_motion_planner/share/pilz_industrial_motion_planner/launch/unittest_cartesian_limits_aggregator.test.py
-- Installing: /home/kush/UR5_Project_main/install/pilz_industrial_motion_planner/share/pilz_industrial_motion_planner/launch/unittest_planning_context_loaders.test.py
-- Installing: /home/kush/UR5_Project_main/install/pilz_industrial_motion_planner/share/pilz_industrial_motion_planner/launch/common_parameters.py
-- Installing: /home/kush/UR5_Project_main/install/pilz_industrial_motion_planner/share/pilz_industrial_motion_planner/test_data
-- Installing: /home/kush/UR5_Project_main/install/pilz_industrial_motion_planner/share/pilz_industrial_motion_planner/test_data/frankaemika_panda
-- Installing: /home/kush/UR5_Project_main/install/pilz_industrial_motion_planner/share/pilz_industrial_motion_planner/test_data/frankaemika_panda/testdata_sequence.xml
-- Installing: /home/kush/UR5_Project_main/install/pilz_industrial_motion_planner/share/pilz_industrial_motion_planner/test_data/testpoints.py
-- Installing: /home/kush/UR5_Project_main/install/pilz_industrial_motion_planner/share/pilz_industrial_motion_planner/test_data/prbt
-- Installing: /home/kush/UR5_Project_main/install/pilz_industrial_motion_planner/share/pilz_industrial_motion_planner/test_data/prbt/testdata_deprecated.xml
-- Installing: /home/kush/UR5_Project_main/install/pilz_industrial_motion_planner/share/pilz_industrial_motion_planner/test_data/prbt/testdata_with_gripper.xml
-- Installing: /home/kush/UR5_Project_main/install/pilz_industrial_motion_planner/share/pilz_industrial_motion_planner/test_data/prbt/testdata_sequence.xml
-- Installing: /home/kush/UR5_Project_main/install/pilz_industrial_motion_planner/share/pilz_industrial_motion_planner/test_data/concept_testdata.png
-- Installing: /home/kush/UR5_Project_main/install/pilz_industrial_motion_planner/share/pilz_industrial_motion_planner/test_data/concept_testdata.odp
-- Installing: /home/kush/UR5_Project_main/install/pilz_industrial_motion_planner/share/ament_index/resource_index/package_run_dependencies/pilz_industrial_motion_planner
-- Installing: /home/kush/UR5_Project_main/install/pilz_industrial_motion_planner/share/ament_index/resource_index/parent_prefix_path/pilz_industrial_motion_planner
-- Installing: /home/kush/UR5_Project_main/install/pilz_industrial_motion_planner/share/pilz_industrial_motion_planner/environment/ament_prefix_path.sh
-- Installing: /home/kush/UR5_Project_main/install/pilz_industrial_motion_planner/share/pilz_industrial_motion_planner/environment/ament_prefix_path.dsv
-- Installing: /home/kush/UR5_Project_main/install/pilz_industrial_motion_planner/share/pilz_industrial_motion_planner/environment/path.sh
-- Installing: /home/kush/UR5_Project_main/install/pilz_industrial_motion_planner/share/pilz_industrial_motion_planner/environment/path.dsv
-- Installing: /home/kush/UR5_Project_main/install/pilz_industrial_motion_planner/share/pilz_industrial_motion_planner/local_setup.bash
-- Installing: /home/kush/UR5_Project_main/install/pilz_industrial_motion_planner/share/pilz_industrial_motion_planner/local_setup.sh
-- Installing: /home/kush/UR5_Project_main/install/pilz_industrial_motion_planner/share/pilz_industrial_motion_planner/local_setup.zsh
-- Installing: /home/kush/UR5_Project_main/install/pilz_industrial_motion_planner/share/pilz_industrial_motion_planner/local_setup.dsv
-- Installing: /home/kush/UR5_Project_main/install/pilz_industrial_motion_planner/share/pilz_industrial_motion_planner/package.dsv
-- Installing: /home/kush/UR5_Project_main/install/pilz_industrial_motion_planner/share/ament_index/resource_index/packages/pilz_industrial_motion_planner
-- Installing: /home/kush/UR5_Project_main/install/pilz_industrial_motion_planner/share/ament_index/resource_index/moveit_core__pluginlib__plugin/pilz_industrial_motion_planner
-- Installing: /home/kush/UR5_Project_main/install/pilz_industrial_motion_planner/share/ament_index/resource_index/moveit_ros_move_group__pluginlib__plugin/pilz_industrial_motion_planner
-- Installing: /home/kush/UR5_Project_main/install/pilz_industrial_motion_planner/share/ament_index/resource_index/pilz_industrial_motion_planner__pluginlib__plugin/pilz_industrial_motion_planner
-- Installing: /home/kush/UR5_Project_main/install/pilz_industrial_motion_planner/share/pilz_industrial_motion_planner/cmake/pilz_industrial_motion_plannerTargetsExport.cmake
-- Installing: /home/kush/UR5_Project_main/install/pilz_industrial_motion_planner/share/pilz_industrial_motion_planner/cmake/pilz_industrial_motion_plannerTargetsExport-release.cmake
-- Installing: /home/kush/UR5_Project_main/install/pilz_industrial_motion_planner/share/pilz_industrial_motion_planner/cmake/ament_cmake_export_include_directories-extras.cmake
-- Installing: /home/kush/UR5_Project_main/install/pilz_industrial_motion_planner/share/pilz_industrial_motion_planner/cmake/ament_cmake_export_targets-extras.cmake
-- Installing: /home/kush/UR5_Project_main/install/pilz_industrial_motion_planner/share/pilz_industrial_motion_planner/cmake/ament_cmake_export_dependencies-extras.cmake
-- Installing: /home/kush/UR5_Project_main/install/pilz_industrial_motion_planner/share/pilz_industrial_motion_planner/cmake/pilz_industrial_motion_plannerConfig.cmake
-- Installing: /home/kush/UR5_Project_main/install/pilz_industrial_motion_planner/share/pilz_industrial_motion_planner/cmake/pilz_industrial_motion_plannerConfig-version.cmake
-- Installing: /home/kush/UR5_Project_main/install/pilz_industrial_motion_planner/share/pilz_industrial_motion_planner/package.xml
