[0.809s] Invoking command in '/home/kush/UR5_Project_main/build/pilz_industrial_motion_planner': AMENT_PREFIX_PATH=/home/kush/UR5_Project_main/install/moveit_resources_prbt_pg70_support:/home/kush/UR5_Project_main/install/moveit_ros_planning_interface:/home/kush/UR5_Project_main/install/moveit_resources_prbt_moveit_config:/home/kush/UR5_Project_main/install/moveit_ros_move_group:/home/kush/UR5_Project_main/install/moveit_ros_warehouse:/home/kush/UR5_Project_main/install/moveit_kinematics:/home/kush/UR5_Project_main/install/moveit_ros_planning:/home/kush/UR5_Project_main/install/pilz_industrial_motion_planner_testutils:/home/kush/UR5_Project_main/install/moveit_ros_occupancy_map_monitor:/home/kush/UR5_Project_main/install/moveit_resources_prbt_ikfast_manipulator_plugin:/home/kush/UR5_Project_main/install/moveit_core:/home/kush/UR5_Project_main/install/moveit_resources_panda_moveit_config:/home/kush/UR5_Project_main/install/moveit_configs_utils:/home/kush/UR5_Project_main/install/srdfdom:/home/kush/UR5_Project_main/install/moveit_resources_prbt_support:/home/kush/UR5_Project_main/install/moveit_resources_panda_description:/home/kush/UR5_Project_main/install/moveit_common:/home/kush/UR5_Project_main/install/launch_param_builder:${AMENT_PREFIX_PATH} CMAKE_PREFIX_PATH=/home/kush/UR5_Project_main/install/moveit_resources_prbt_pg70_support:/home/kush/UR5_Project_main/install/moveit_ros_planning_interface:/home/kush/UR5_Project_main/install/moveit_resources_prbt_moveit_config:/home/kush/UR5_Project_main/install/moveit_ros_move_group:/home/kush/UR5_Project_main/install/moveit_ros_warehouse:/home/kush/UR5_Project_main/install/moveit_kinematics:/home/kush/UR5_Project_main/install/moveit_ros_planning:/home/kush/UR5_Project_main/install/pilz_industrial_motion_planner_testutils:/home/kush/UR5_Project_main/install/moveit_ros_occupancy_map_monitor:/home/kush/UR5_Project_main/install/moveit_resources_prbt_ikfast_manipulator_plugin:/home/kush/UR5_Project_main/install/moveit_core:/home/kush/UR5_Project_main/install/moveit_resources_panda_moveit_config:/home/kush/UR5_Project_main/install/srdfdom:/home/kush/UR5_Project_main/install/moveit_resources_prbt_support:/home/kush/UR5_Project_main/install/moveit_resources_panda_description:/home/kush/UR5_Project_main/install/moveit_common:/home/kush/ws_moveit2_ur5/install/ur_description:/home/kush/ws_moveit2_ur5/install/pilz_industrial_motion_planner_testutils:/home/kush/ws_moveit2_ur5/install/moveit_runtime:/home/kush/ws_moveit2_ur5/install/moveit2_tutorials:/home/kush/ws_moveit2_ur5/install/moveit:/home/kush/ws_moveit2_ur5/install/moveit_planners:/home/kush/ws_moveit2_ur5/install/pilz_industrial_motion_planner:/home/kush/ws_moveit2_ur5/install/moveit_visual_tools:/home/kush/ws_moveit2_ur5/install/moveit_task_constructor_visualization:/home/kush/ws_moveit2_ur5/install/moveit_task_constructor_demo:/home/kush/ws_moveit2_ur5/install/moveit_task_constructor_capabilities:/home/kush/ws_moveit2_ur5/install/moveit_task_constructor_core:/home/kush/ws_moveit2_ur5/install/moveit_ros_control_interface:/home/kush/ws_moveit2_ur5/install/moveit_plugins:/home/kush/ws_moveit2_ur5/install/moveit_simple_controller_manager:/home/kush/ws_moveit2_ur5/install/moveit_setup_assistant:/home/kush/ws_moveit2_ur5/install/moveit_setup_srdf_plugins:/home/kush/ws_moveit2_ur5/install/moveit_setup_core_plugins:/home/kush/ws_moveit2_ur5/install/moveit_setup_controllers:/home/kush/ws_moveit2_ur5/install/moveit_setup_app_plugins:/home/kush/ws_moveit2_ur5/install/moveit_setup_framework:/home/kush/ws_moveit2_ur5/install/moveit_servo:/home/kush/ws_moveit2_ur5/install/moveit_ros:/home/kush/ws_moveit2_ur5/install/moveit_ros_visualization:/home/kush/ws_moveit2_ur5/install/moveit_hybrid_planning:/home/kush/ws_moveit2_ur5/install/moveit_ros_planning_interface:/home/kush/ws_moveit2_ur5/install/moveit_ros_benchmarks:/home/kush/ws_moveit2_ur5/install/moveit_ros_warehouse:/home/kush/ws_moveit2_ur5/install/moveit_ros_robot_interaction:/home/kush/ws_moveit2_ur5/install/moveit_ros_perception:/home/kush/ws_moveit2_ur5/install/moveit_resources_prbt_pg70_support:/home/kush/ws_moveit2_ur5/install/moveit_resources_prbt_moveit_config:/home/kush/ws_moveit2_ur5/install/moveit_ros_move_group:/home/kush/ws_moveit2_ur5/install/moveit_planners_ompl:/home/kush/ws_moveit2_ur5/install/moveit_ros_planning:/home/kush/ws_moveit2_ur5/install/moveit_ros_occupancy_map_monitor:/home/kush/ws_moveit2_ur5/install/moveit_resources_prbt_ikfast_manipulator_plugin:/home/kush/ws_moveit2_ur5/install/moveit_planners_chomp:/home/kush/ws_moveit2_ur5/install/moveit_kinematics:/home/kush/ws_moveit2_ur5/install/moveit_chomp_optimizer_adapter:/home/kush/ws_moveit2_ur5/install/chomp_motion_planner:/home/kush/ws_moveit2_ur5/install/moveit_core:/home/kush/ws_moveit2_ur5/install/srdfdom:/home/kush/ws_moveit2_ur5/install/rviz_marker_tools:/home/kush/ws_moveit2_ur5/install/rosparam_shortcuts:/home/kush/ws_moveit2_ur5/install/moveit_task_constructor_msgs:/home/kush/ws_moveit2_ur5/install/moveit_resources_prbt_support:/home/kush/ws_moveit2_ur5/install/moveit_resources:/home/kush/ws_moveit2_ur5/install/moveit_resources_pr2_description:/home/kush/ws_moveit2_ur5/install/moveit_resources_panda_moveit_config:/home/kush/ws_moveit2_ur5/install/moveit_resources_panda_description:/home/kush/ws_moveit2_ur5/install/moveit_resources_fanuc_moveit_config:/home/kush/ws_moveit2_ur5/install/moveit_resources_fanuc_description:/home/kush/ws_moveit2_ur5/install/moveit_common:/home/kush/ws_moveit2_ur5/install/moveit_configs_utils:/home/kush/ws_moveit2_ur5/install/launch_param_builder:/opt/ros/humble LD_LIBRARY_PATH=/home/kush/UR5_Project_main/install/moveit_ros_planning_interface/lib:/home/kush/UR5_Project_main/install/moveit_ros_move_group/lib:/home/kush/UR5_Project_main/install/moveit_ros_warehouse/lib:/home/kush/UR5_Project_main/install/moveit_kinematics/lib:/home/kush/UR5_Project_main/install/moveit_ros_planning/lib:/home/kush/UR5_Project_main/install/pilz_industrial_motion_planner_testutils/lib:/home/kush/UR5_Project_main/install/moveit_ros_occupancy_map_monitor/lib:/home/kush/UR5_Project_main/install/moveit_resources_prbt_ikfast_manipulator_plugin/lib:/home/kush/UR5_Project_main/install/moveit_core/lib:/home/kush/UR5_Project_main/install/srdfdom/lib:${LD_LIBRARY_PATH} PATH=/home/kush/UR5_Project_main/install/moveit_core/bin:${PATH} PYTHONPATH=/home/kush/UR5_Project_main/install/moveit_configs_utils/lib/python3.10/site-packages:/home/kush/UR5_Project_main/install/srdfdom/local/lib/python3.10/dist-packages:/home/kush/UR5_Project_main/install/launch_param_builder/lib/python3.10/site-packages:${PYTHONPATH} /usr/bin/cmake --build /home/kush/UR5_Project_main/build/pilz_industrial_motion_planner -- -j4 -l4
[1.642s] [35m[1mConsolidate compiler generated dependencies of target planning_context_loader_base[0m
[1.722s] [  2%] Built target planning_context_loader_base
[1.906s] [35m[1mConsolidate compiler generated dependencies of target gtest_main[0m
[1.978s] [  4%] Built target gtest_main
[2.091s] [35m[1mConsolidate compiler generated dependencies of target gtest[0m
[2.132s] [  7%] Built target gtest
[2.321s] [35m[1mConsolidate compiler generated dependencies of target gmock_main[0m
[2.374s] [  9%] Built target gmock_main
[2.505s] [35m[1mConsolidate compiler generated dependencies of target gmock[0m
[2.566s] [ 13%] Built target gmock
[2.966s] [35m[1mConsolidate compiler generated dependencies of target trajectory_generation_common[0m
[3.101s] [ 18%] Built target trajectory_generation_common
[3.688s] [35m[1mConsolidate compiler generated dependencies of target joint_limits_common[0m
[3.753s] [ 26%] Built target joint_limits_common
[4.077s] [35m[1mConsolidate compiler generated dependencies of target command_list_manager[0m
[4.154s] [ 30%] Built target command_list_manager
[4.521s] [35m[1mConsolidate compiler generated dependencies of target planning_context_loader_lin[0m
[4.583s] [ 34%] Built target planning_context_loader_lin
[4.897s] [ 36%] [32mBuilding CXX object CMakeFiles/planning_context_loader_circ.dir/src/planning_context_loader_circ.cpp.o[0m
[44.252s] [ 37%] [32mBuilding CXX object CMakeFiles/planning_context_loader_circ.dir/src/trajectory_generator_circ.cpp.o[0m
[74.484s] [ 38%] [32mBuilding CXX object CMakeFiles/planning_context_loader_circ.dir/src/path_circle_generator.cpp.o[0m
[99.096s] [ 39%] [32m[1mLinking CXX shared library libplanning_context_loader_circ.so[0m
[101.982s] [ 39%] Built target planning_context_loader_circ
[102.293s] [ 40%] [32mBuilding CXX object CMakeFiles/sequence_capability.dir/src/move_group_sequence_action.cpp.o[0m
[174.745s] [ 42%] [32mBuilding CXX object CMakeFiles/sequence_capability.dir/src/move_group_sequence_service.cpp.o[0m
[208.145s] [ 43%] [32m[1mLinking CXX shared library libsequence_capability.so[0m
[209.145s] [ 43%] Built target sequence_capability
[209.294s] [ 44%] [32mBuilding CXX object test/CMakeFiles/pilz_industrial_motion_planner_test_utils.dir/test_utils.cpp.o[0m
[252.064s] [ 45%] [32m[1mLinking CXX static library libpilz_industrial_motion_planner_test_utils.a[0m
[254.860s] [ 45%] Built target pilz_industrial_motion_planner_test_utils
[254.993s] [ 46%] [32mBuilding CXX object test/unit_tests/CMakeFiles/unittest_joint_limit.dir/src/unittest_joint_limit.cpp.o[0m
[268.852s] [ 48%] [32m[1mLinking CXX executable unittest_joint_limit[0m
[269.869s] [ 48%] Built target unittest_joint_limit
[270.021s] [ 49%] [32mBuilding CXX object test/unit_tests/CMakeFiles/unittest_joint_limits_aggregator.dir/src/unittest_joint_limits_aggregator.cpp.o[0m
[291.932s] [ 50%] [32m[1mLinking CXX executable unittest_joint_limits_aggregator[0m
[292.906s] [ 50%] Built target unittest_joint_limits_aggregator
[292.991s] [ 51%] [32mBuilding CXX object test/unit_tests/CMakeFiles/unittest_joint_limits_container.dir/src/unittest_joint_limits_container.cpp.o[0m
[297.928s] [ 53%] [32m[1mLinking CXX executable unittest_joint_limits_container[0m
[298.646s] [ 53%] Built target unittest_joint_limits_container
[298.745s] [ 54%] [32mBuilding CXX object test/unit_tests/CMakeFiles/unittest_joint_limits_validator.dir/src/unittest_joint_limits_validator.cpp.o[0m
[305.666s] [ 55%] [32m[1mLinking CXX executable unittest_joint_limits_validator[0m
[306.349s] [ 55%] Built target unittest_joint_limits_validator
[306.450s] [ 56%] [32mBuilding CXX object test/unit_tests/CMakeFiles/unittest_cartesian_limits_aggregator.dir/src/unittest_cartesian_limits_aggregator.cpp.o[0m
[316.994s] [ 57%] [32m[1mLinking CXX executable unittest_cartesian_limits_aggregator[0m
[317.821s] [ 57%] Built target unittest_cartesian_limits_aggregator
[317.940s] [ 59%] [32mBuilding CXX object test/unit_tests/CMakeFiles/unittest_trajectory_functions.dir/src/unittest_trajectory_functions.cpp.o[0m
[352.740s] [ 60%] [32m[1mLinking CXX executable unittest_trajectory_functions[0m
[353.773s] [ 60%] Built target unittest_trajectory_functions
[353.890s] [ 61%] [32mBuilding CXX object test/unit_tests/CMakeFiles/unittest_trajectory_blender_transition_window.dir/src/unittest_trajectory_blender_transition_window.cpp.o[0m
[393.252s] [ 62%] [32mBuilding CXX object test/unit_tests/CMakeFiles/unittest_trajectory_blender_transition_window.dir/__/__/src/trajectory_blender_transition_window.cpp.o[0m
[420.765s] [ 63%] [32m[1mLinking CXX executable unittest_trajectory_blender_transition_window[0m
[422.048s] [ 63%] Built target unittest_trajectory_blender_transition_window
[422.165s] [ 65%] [32mBuilding CXX object test/unit_tests/CMakeFiles/unittest_trajectory_generator_circ.dir/src/unittest_trajectory_generator_circ.cpp.o[0m
[465.402s] [ 66%] [32m[1mLinking CXX executable unittest_trajectory_generator_circ[0m
[466.641s] [ 66%] Built target unittest_trajectory_generator_circ
[466.741s] [ 67%] [32mBuilding CXX object test/unit_tests/CMakeFiles/unittest_trajectory_generator_lin.dir/src/unittest_trajectory_generator_lin.cpp.o[0m
[503.783s] [ 68%] [32m[1mLinking CXX executable unittest_trajectory_generator_lin[0m
[504.929s] [ 68%] Built target unittest_trajectory_generator_lin
[505.056s] [ 69%] [32mBuilding CXX object CMakeFiles/planning_context_loader_ptp.dir/src/planning_context_loader_ptp.cpp.o[0m
[529.692s] [ 71%] [32mBuilding CXX object CMakeFiles/planning_context_loader_ptp.dir/src/velocity_profile_atrap.cpp.o[0m
[531.362s] [ 72%] [32mBuilding CXX object CMakeFiles/planning_context_loader_ptp.dir/src/trajectory_generator_ptp.cpp.o[0m
[555.761s] [ 73%] [32m[1mLinking CXX shared library libplanning_context_loader_ptp.so[0m
[556.495s] [ 73%] Built target planning_context_loader_ptp
[556.621s] [ 74%] [32mBuilding CXX object CMakeFiles/pilz_industrial_motion_planner.dir/src/pilz_industrial_motion_planner.cpp.o[0m
[584.825s] [ 75%] [32m[1mLinking CXX shared library libpilz_industrial_motion_planner.so[0m
[585.426s] [ 75%] Built target pilz_industrial_motion_planner
[585.540s] [ 77%] [32mBuilding CXX object test/unit_tests/CMakeFiles/unittest_trajectory_generator_ptp.dir/src/unittest_trajectory_generator_ptp.cpp.o[0m
[619.545s] [ 78%] [32m[1mLinking CXX executable unittest_trajectory_generator_ptp[0m
[620.514s] [ 78%] Built target unittest_trajectory_generator_ptp
[620.676s] [ 79%] [32mBuilding CXX object test/unit_tests/CMakeFiles/unittest_velocity_profile_atrap.dir/src/unittest_velocity_profile_atrap.cpp.o[0m
[629.020s] [ 80%] [32mBuilding CXX object test/unit_tests/CMakeFiles/unittest_velocity_profile_atrap.dir/__/__/src/velocity_profile_atrap.cpp.o[0m
[630.482s] [ 81%] [32m[1mLinking CXX executable unittest_velocity_profile_atrap[0m
[630.994s] [ 81%] Built target unittest_velocity_profile_atrap
[631.094s] [ 83%] [32mBuilding CXX object test/unit_tests/CMakeFiles/unittest_trajectory_generator.dir/src/unittest_trajectory_generator.cpp.o[0m
[653.333s] [ 84%] [32mBuilding CXX object test/unit_tests/CMakeFiles/unittest_trajectory_generator.dir/__/__/src/trajectory_generator.cpp.o[0m
[677.723s] [ 85%] [32m[1mLinking CXX executable unittest_trajectory_generator[0m
[678.744s] [ 85%] Built target unittest_trajectory_generator
[678.881s] [ 86%] [32mBuilding CXX object test/unit_tests/CMakeFiles/unittest_pilz_industrial_motion_planner.dir/src/unittest_pilz_industrial_motion_planner.cpp.o[0m
[714.037s] [ 87%] [32m[1mLinking CXX executable unittest_pilz_industrial_motion_planner[0m
[714.925s] [ 87%] Built target unittest_pilz_industrial_motion_planner
[715.041s] [ 89%] [32mBuilding CXX object test/unit_tests/CMakeFiles/unittest_planning_context_loaders.dir/src/unittest_planning_context_loaders.cpp.o[0m
[747.775s] [ 90%] [32m[1mLinking CXX executable unittest_planning_context_loaders[0m
[748.587s] [ 90%] Built target unittest_planning_context_loaders
[748.724s] [ 91%] [32mBuilding CXX object test/unit_tests/CMakeFiles/unittest_planning_context.dir/src/unittest_planning_context.cpp.o[0m
[778.449s] [ 92%] [32m[1mLinking CXX executable unittest_planning_context[0m
[779.519s] [ 92%] Built target unittest_planning_context
[780.476s] [ 93%] [32mBuilding CXX object test/unit_tests/CMakeFiles/unittest_get_solver_tip_frame.dir/src/unittest_get_solver_tip_frame.cpp.o[0m
[796.357s] [ 95%] [32m[1mLinking CXX executable unittest_get_solver_tip_frame[0m
[797.324s] [ 95%] Built target unittest_get_solver_tip_frame
[797.455s] [ 96%] [32mBuilding CXX object test/unit_tests/CMakeFiles/unittest_pilz_industrial_motion_planner_direct.dir/src/unittest_pilz_industrial_motion_planner_direct.cpp.o[0m
[823.225s] [ 97%] [32m[1mLinking CXX executable unittest_pilz_industrial_motion_planner_direct[0m
[824.570s] [ 97%] Built target unittest_pilz_industrial_motion_planner_direct
[825.727s] [ 98%] [32mBuilding CXX object test/unit_tests/CMakeFiles/unittest_trajectory_generator_common.dir/src/unittest_trajectory_generator_common.cpp.o[0m
[864.925s] [100%] [32m[1mLinking CXX executable unittest_trajectory_generator_common[0m
[866.405s] [100%] Built target unittest_trajectory_generator_common
[866.471s] Invoked command in '/home/kush/UR5_Project_main/build/pilz_industrial_motion_planner' returned '0': AMENT_PREFIX_PATH=/home/kush/UR5_Project_main/install/moveit_resources_prbt_pg70_support:/home/kush/UR5_Project_main/install/moveit_ros_planning_interface:/home/kush/UR5_Project_main/install/moveit_resources_prbt_moveit_config:/home/kush/UR5_Project_main/install/moveit_ros_move_group:/home/kush/UR5_Project_main/install/moveit_ros_warehouse:/home/kush/UR5_Project_main/install/moveit_kinematics:/home/kush/UR5_Project_main/install/moveit_ros_planning:/home/kush/UR5_Project_main/install/pilz_industrial_motion_planner_testutils:/home/kush/UR5_Project_main/install/moveit_ros_occupancy_map_monitor:/home/kush/UR5_Project_main/install/moveit_resources_prbt_ikfast_manipulator_plugin:/home/kush/UR5_Project_main/install/moveit_core:/home/kush/UR5_Project_main/install/moveit_resources_panda_moveit_config:/home/kush/UR5_Project_main/install/moveit_configs_utils:/home/kush/UR5_Project_main/install/srdfdom:/home/kush/UR5_Project_main/install/moveit_resources_prbt_support:/home/kush/UR5_Project_main/install/moveit_resources_panda_description:/home/kush/UR5_Project_main/install/moveit_common:/home/kush/UR5_Project_main/install/launch_param_builder:${AMENT_PREFIX_PATH} CMAKE_PREFIX_PATH=/home/kush/UR5_Project_main/install/moveit_resources_prbt_pg70_support:/home/kush/UR5_Project_main/install/moveit_ros_planning_interface:/home/kush/UR5_Project_main/install/moveit_resources_prbt_moveit_config:/home/kush/UR5_Project_main/install/moveit_ros_move_group:/home/kush/UR5_Project_main/install/moveit_ros_warehouse:/home/kush/UR5_Project_main/install/moveit_kinematics:/home/kush/UR5_Project_main/install/moveit_ros_planning:/home/kush/UR5_Project_main/install/pilz_industrial_motion_planner_testutils:/home/kush/UR5_Project_main/install/moveit_ros_occupancy_map_monitor:/home/kush/UR5_Project_main/install/moveit_resources_prbt_ikfast_manipulator_plugin:/home/kush/UR5_Project_main/install/moveit_core:/home/kush/UR5_Project_main/install/moveit_resources_panda_moveit_config:/home/kush/UR5_Project_main/install/srdfdom:/home/kush/UR5_Project_main/install/moveit_resources_prbt_support:/home/kush/UR5_Project_main/install/moveit_resources_panda_description:/home/kush/UR5_Project_main/install/moveit_common:/home/kush/ws_moveit2_ur5/install/ur_description:/home/kush/ws_moveit2_ur5/install/pilz_industrial_motion_planner_testutils:/home/kush/ws_moveit2_ur5/install/moveit_runtime:/home/kush/ws_moveit2_ur5/install/moveit2_tutorials:/home/kush/ws_moveit2_ur5/install/moveit:/home/kush/ws_moveit2_ur5/install/moveit_planners:/home/kush/ws_moveit2_ur5/install/pilz_industrial_motion_planner:/home/kush/ws_moveit2_ur5/install/moveit_visual_tools:/home/kush/ws_moveit2_ur5/install/moveit_task_constructor_visualization:/home/kush/ws_moveit2_ur5/install/moveit_task_constructor_demo:/home/kush/ws_moveit2_ur5/install/moveit_task_constructor_capabilities:/home/kush/ws_moveit2_ur5/install/moveit_task_constructor_core:/home/kush/ws_moveit2_ur5/install/moveit_ros_control_interface:/home/kush/ws_moveit2_ur5/install/moveit_plugins:/home/kush/ws_moveit2_ur5/install/moveit_simple_controller_manager:/home/kush/ws_moveit2_ur5/install/moveit_setup_assistant:/home/kush/ws_moveit2_ur5/install/moveit_setup_srdf_plugins:/home/kush/ws_moveit2_ur5/install/moveit_setup_core_plugins:/home/kush/ws_moveit2_ur5/install/moveit_setup_controllers:/home/kush/ws_moveit2_ur5/install/moveit_setup_app_plugins:/home/kush/ws_moveit2_ur5/install/moveit_setup_framework:/home/kush/ws_moveit2_ur5/install/moveit_servo:/home/kush/ws_moveit2_ur5/install/moveit_ros:/home/kush/ws_moveit2_ur5/install/moveit_ros_visualization:/home/kush/ws_moveit2_ur5/install/moveit_hybrid_planning:/home/kush/ws_moveit2_ur5/install/moveit_ros_planning_interface:/home/kush/ws_moveit2_ur5/install/moveit_ros_benchmarks:/home/kush/ws_moveit2_ur5/install/moveit_ros_warehouse:/home/kush/ws_moveit2_ur5/install/moveit_ros_robot_interaction:/home/kush/ws_moveit2_ur5/install/moveit_ros_perception:/home/kush/ws_moveit2_ur5/install/moveit_resources_prbt_pg70_support:/home/kush/ws_moveit2_ur5/install/moveit_resources_prbt_moveit_config:/home/kush/ws_moveit2_ur5/install/moveit_ros_move_group:/home/kush/ws_moveit2_ur5/install/moveit_planners_ompl:/home/kush/ws_moveit2_ur5/install/moveit_ros_planning:/home/kush/ws_moveit2_ur5/install/moveit_ros_occupancy_map_monitor:/home/kush/ws_moveit2_ur5/install/moveit_resources_prbt_ikfast_manipulator_plugin:/home/kush/ws_moveit2_ur5/install/moveit_planners_chomp:/home/kush/ws_moveit2_ur5/install/moveit_kinematics:/home/kush/ws_moveit2_ur5/install/moveit_chomp_optimizer_adapter:/home/kush/ws_moveit2_ur5/install/chomp_motion_planner:/home/kush/ws_moveit2_ur5/install/moveit_core:/home/kush/ws_moveit2_ur5/install/srdfdom:/home/kush/ws_moveit2_ur5/install/rviz_marker_tools:/home/kush/ws_moveit2_ur5/install/rosparam_shortcuts:/home/kush/ws_moveit2_ur5/install/moveit_task_constructor_msgs:/home/kush/ws_moveit2_ur5/install/moveit_resources_prbt_support:/home/kush/ws_moveit2_ur5/install/moveit_resources:/home/kush/ws_moveit2_ur5/install/moveit_resources_pr2_description:/home/kush/ws_moveit2_ur5/install/moveit_resources_panda_moveit_config:/home/kush/ws_moveit2_ur5/install/moveit_resources_panda_description:/home/kush/ws_moveit2_ur5/install/moveit_resources_fanuc_moveit_config:/home/kush/ws_moveit2_ur5/install/moveit_resources_fanuc_description:/home/kush/ws_moveit2_ur5/install/moveit_common:/home/kush/ws_moveit2_ur5/install/moveit_configs_utils:/home/kush/ws_moveit2_ur5/install/launch_param_builder:/opt/ros/humble LD_LIBRARY_PATH=/home/kush/UR5_Project_main/install/moveit_ros_planning_interface/lib:/home/kush/UR5_Project_main/install/moveit_ros_move_group/lib:/home/kush/UR5_Project_main/install/moveit_ros_warehouse/lib:/home/kush/UR5_Project_main/install/moveit_kinematics/lib:/home/kush/UR5_Project_main/install/moveit_ros_planning/lib:/home/kush/UR5_Project_main/install/pilz_industrial_motion_planner_testutils/lib:/home/kush/UR5_Project_main/install/moveit_ros_occupancy_map_monitor/lib:/home/kush/UR5_Project_main/install/moveit_resources_prbt_ikfast_manipulator_plugin/lib:/home/kush/UR5_Project_main/install/moveit_core/lib:/home/kush/UR5_Project_main/install/srdfdom/lib:${LD_LIBRARY_PATH} PATH=/home/kush/UR5_Project_main/install/moveit_core/bin:${PATH} PYTHONPATH=/home/kush/UR5_Project_main/install/moveit_configs_utils/lib/python3.10/site-packages:/home/kush/UR5_Project_main/install/srdfdom/local/lib/python3.10/dist-packages:/home/kush/UR5_Project_main/install/launch_param_builder/lib/python3.10/site-packages:${PYTHONPATH} /usr/bin/cmake --build /home/kush/UR5_Project_main/build/pilz_industrial_motion_planner -- -j4 -l4
[867.036s] Invoking command in '/home/kush/UR5_Project_main/build/pilz_industrial_motion_planner': AMENT_PREFIX_PATH=/home/kush/UR5_Project_main/install/moveit_resources_prbt_pg70_support:/home/kush/UR5_Project_main/install/moveit_ros_planning_interface:/home/kush/UR5_Project_main/install/moveit_resources_prbt_moveit_config:/home/kush/UR5_Project_main/install/moveit_ros_move_group:/home/kush/UR5_Project_main/install/moveit_ros_warehouse:/home/kush/UR5_Project_main/install/moveit_kinematics:/home/kush/UR5_Project_main/install/moveit_ros_planning:/home/kush/UR5_Project_main/install/pilz_industrial_motion_planner_testutils:/home/kush/UR5_Project_main/install/moveit_ros_occupancy_map_monitor:/home/kush/UR5_Project_main/install/moveit_resources_prbt_ikfast_manipulator_plugin:/home/kush/UR5_Project_main/install/moveit_core:/home/kush/UR5_Project_main/install/moveit_resources_panda_moveit_config:/home/kush/UR5_Project_main/install/moveit_configs_utils:/home/kush/UR5_Project_main/install/srdfdom:/home/kush/UR5_Project_main/install/moveit_resources_prbt_support:/home/kush/UR5_Project_main/install/moveit_resources_panda_description:/home/kush/UR5_Project_main/install/moveit_common:/home/kush/UR5_Project_main/install/launch_param_builder:${AMENT_PREFIX_PATH} CMAKE_PREFIX_PATH=/home/kush/UR5_Project_main/install/moveit_resources_prbt_pg70_support:/home/kush/UR5_Project_main/install/moveit_ros_planning_interface:/home/kush/UR5_Project_main/install/moveit_resources_prbt_moveit_config:/home/kush/UR5_Project_main/install/moveit_ros_move_group:/home/kush/UR5_Project_main/install/moveit_ros_warehouse:/home/kush/UR5_Project_main/install/moveit_kinematics:/home/kush/UR5_Project_main/install/moveit_ros_planning:/home/kush/UR5_Project_main/install/pilz_industrial_motion_planner_testutils:/home/kush/UR5_Project_main/install/moveit_ros_occupancy_map_monitor:/home/kush/UR5_Project_main/install/moveit_resources_prbt_ikfast_manipulator_plugin:/home/kush/UR5_Project_main/install/moveit_core:/home/kush/UR5_Project_main/install/moveit_resources_panda_moveit_config:/home/kush/UR5_Project_main/install/srdfdom:/home/kush/UR5_Project_main/install/moveit_resources_prbt_support:/home/kush/UR5_Project_main/install/moveit_resources_panda_description:/home/kush/UR5_Project_main/install/moveit_common:/home/kush/ws_moveit2_ur5/install/ur_description:/home/kush/ws_moveit2_ur5/install/pilz_industrial_motion_planner_testutils:/home/kush/ws_moveit2_ur5/install/moveit_runtime:/home/kush/ws_moveit2_ur5/install/moveit2_tutorials:/home/kush/ws_moveit2_ur5/install/moveit:/home/kush/ws_moveit2_ur5/install/moveit_planners:/home/kush/ws_moveit2_ur5/install/pilz_industrial_motion_planner:/home/kush/ws_moveit2_ur5/install/moveit_visual_tools:/home/kush/ws_moveit2_ur5/install/moveit_task_constructor_visualization:/home/kush/ws_moveit2_ur5/install/moveit_task_constructor_demo:/home/kush/ws_moveit2_ur5/install/moveit_task_constructor_capabilities:/home/kush/ws_moveit2_ur5/install/moveit_task_constructor_core:/home/kush/ws_moveit2_ur5/install/moveit_ros_control_interface:/home/kush/ws_moveit2_ur5/install/moveit_plugins:/home/kush/ws_moveit2_ur5/install/moveit_simple_controller_manager:/home/kush/ws_moveit2_ur5/install/moveit_setup_assistant:/home/kush/ws_moveit2_ur5/install/moveit_setup_srdf_plugins:/home/kush/ws_moveit2_ur5/install/moveit_setup_core_plugins:/home/kush/ws_moveit2_ur5/install/moveit_setup_controllers:/home/kush/ws_moveit2_ur5/install/moveit_setup_app_plugins:/home/kush/ws_moveit2_ur5/install/moveit_setup_framework:/home/kush/ws_moveit2_ur5/install/moveit_servo:/home/kush/ws_moveit2_ur5/install/moveit_ros:/home/kush/ws_moveit2_ur5/install/moveit_ros_visualization:/home/kush/ws_moveit2_ur5/install/moveit_hybrid_planning:/home/kush/ws_moveit2_ur5/install/moveit_ros_planning_interface:/home/kush/ws_moveit2_ur5/install/moveit_ros_benchmarks:/home/kush/ws_moveit2_ur5/install/moveit_ros_warehouse:/home/kush/ws_moveit2_ur5/install/moveit_ros_robot_interaction:/home/kush/ws_moveit2_ur5/install/moveit_ros_perception:/home/kush/ws_moveit2_ur5/install/moveit_resources_prbt_pg70_support:/home/kush/ws_moveit2_ur5/install/moveit_resources_prbt_moveit_config:/home/kush/ws_moveit2_ur5/install/moveit_ros_move_group:/home/kush/ws_moveit2_ur5/install/moveit_planners_ompl:/home/kush/ws_moveit2_ur5/install/moveit_ros_planning:/home/kush/ws_moveit2_ur5/install/moveit_ros_occupancy_map_monitor:/home/kush/ws_moveit2_ur5/install/moveit_resources_prbt_ikfast_manipulator_plugin:/home/kush/ws_moveit2_ur5/install/moveit_planners_chomp:/home/kush/ws_moveit2_ur5/install/moveit_kinematics:/home/kush/ws_moveit2_ur5/install/moveit_chomp_optimizer_adapter:/home/kush/ws_moveit2_ur5/install/chomp_motion_planner:/home/kush/ws_moveit2_ur5/install/moveit_core:/home/kush/ws_moveit2_ur5/install/srdfdom:/home/kush/ws_moveit2_ur5/install/rviz_marker_tools:/home/kush/ws_moveit2_ur5/install/rosparam_shortcuts:/home/kush/ws_moveit2_ur5/install/moveit_task_constructor_msgs:/home/kush/ws_moveit2_ur5/install/moveit_resources_prbt_support:/home/kush/ws_moveit2_ur5/install/moveit_resources:/home/kush/ws_moveit2_ur5/install/moveit_resources_pr2_description:/home/kush/ws_moveit2_ur5/install/moveit_resources_panda_moveit_config:/home/kush/ws_moveit2_ur5/install/moveit_resources_panda_description:/home/kush/ws_moveit2_ur5/install/moveit_resources_fanuc_moveit_config:/home/kush/ws_moveit2_ur5/install/moveit_resources_fanuc_description:/home/kush/ws_moveit2_ur5/install/moveit_common:/home/kush/ws_moveit2_ur5/install/moveit_configs_utils:/home/kush/ws_moveit2_ur5/install/launch_param_builder:/opt/ros/humble LD_LIBRARY_PATH=/home/kush/UR5_Project_main/install/moveit_ros_planning_interface/lib:/home/kush/UR5_Project_main/install/moveit_ros_move_group/lib:/home/kush/UR5_Project_main/install/moveit_ros_warehouse/lib:/home/kush/UR5_Project_main/install/moveit_kinematics/lib:/home/kush/UR5_Project_main/install/moveit_ros_planning/lib:/home/kush/UR5_Project_main/install/pilz_industrial_motion_planner_testutils/lib:/home/kush/UR5_Project_main/install/moveit_ros_occupancy_map_monitor/lib:/home/kush/UR5_Project_main/install/moveit_resources_prbt_ikfast_manipulator_plugin/lib:/home/kush/UR5_Project_main/install/moveit_core/lib:/home/kush/UR5_Project_main/install/srdfdom/lib:${LD_LIBRARY_PATH} PATH=/home/kush/UR5_Project_main/install/moveit_core/bin:${PATH} PYTHONPATH=/home/kush/UR5_Project_main/install/moveit_configs_utils/lib/python3.10/site-packages:/home/kush/UR5_Project_main/install/srdfdom/local/lib/python3.10/dist-packages:/home/kush/UR5_Project_main/install/launch_param_builder/lib/python3.10/site-packages:${PYTHONPATH} /usr/bin/cmake --install /home/kush/UR5_Project_main/build/pilz_industrial_motion_planner
[867.069s] -- Install configuration: "Release"
[867.070s] -- Installing: /home/kush/UR5_Project_main/install/pilz_industrial_motion_planner/share/pilz_industrial_motion_planner/plugins/pilz_industrial_motion_planner_plugin_description.xml
[867.099s] -- Installing: /home/kush/UR5_Project_main/install/pilz_industrial_motion_planner/share/pilz_industrial_motion_planner/plugins/sequence_capability_plugin_description.xml
[867.100s] -- Installing: /home/kush/UR5_Project_main/install/pilz_industrial_motion_planner/share/pilz_industrial_motion_planner/plugins/planning_context_plugin_description.xml
[867.100s] -- Installing: /home/kush/UR5_Project_main/install/pilz_industrial_motion_planner/lib/libpilz_industrial_motion_planner.so
[867.100s] -- Set runtime path of "/home/kush/UR5_Project_main/install/pilz_industrial_motion_planner/lib/libpilz_industrial_motion_planner.so" to ""
[867.101s] -- Installing: /home/kush/UR5_Project_main/install/pilz_industrial_motion_planner/lib/libjoint_limits_common.so
[867.122s] -- Set runtime path of "/home/kush/UR5_Project_main/install/pilz_industrial_motion_planner/lib/libjoint_limits_common.so" to ""
[867.123s] -- Installing: /home/kush/UR5_Project_main/install/pilz_industrial_motion_planner/lib/libplanning_context_loader_base.so
[867.123s] -- Set runtime path of "/home/kush/UR5_Project_main/install/pilz_industrial_motion_planner/lib/libplanning_context_loader_base.so" to ""
[867.124s] -- Installing: /home/kush/UR5_Project_main/install/pilz_industrial_motion_planner/lib/libplanning_context_loader_ptp.so
[867.124s] -- Set runtime path of "/home/kush/UR5_Project_main/install/pilz_industrial_motion_planner/lib/libplanning_context_loader_ptp.so" to ""
[867.124s] -- Installing: /home/kush/UR5_Project_main/install/pilz_industrial_motion_planner/lib/libplanning_context_loader_lin.so
[867.125s] -- Set runtime path of "/home/kush/UR5_Project_main/install/pilz_industrial_motion_planner/lib/libplanning_context_loader_lin.so" to ""
[867.125s] -- Installing: /home/kush/UR5_Project_main/install/pilz_industrial_motion_planner/lib/libplanning_context_loader_circ.so
[867.125s] -- Set runtime path of "/home/kush/UR5_Project_main/install/pilz_industrial_motion_planner/lib/libplanning_context_loader_circ.so" to ""
[867.125s] -- Installing: /home/kush/UR5_Project_main/install/pilz_industrial_motion_planner/lib/libcommand_list_manager.so
[867.127s] -- Set runtime path of "/home/kush/UR5_Project_main/install/pilz_industrial_motion_planner/lib/libcommand_list_manager.so" to ""
[867.127s] -- Installing: /home/kush/UR5_Project_main/install/pilz_industrial_motion_planner/lib/libsequence_capability.so
[867.131s] -- Set runtime path of "/home/kush/UR5_Project_main/install/pilz_industrial_motion_planner/lib/libsequence_capability.so" to ""
[867.132s] -- Installing: /home/kush/UR5_Project_main/install/pilz_industrial_motion_planner/lib/libtrajectory_generation_common.so
[867.143s] -- Set runtime path of "/home/kush/UR5_Project_main/install/pilz_industrial_motion_planner/lib/libtrajectory_generation_common.so" to ""
[867.144s] -- Installing: /home/kush/UR5_Project_main/install/pilz_industrial_motion_planner/include
[867.150s] -- Installing: /home/kush/UR5_Project_main/install/pilz_industrial_motion_planner/include/pilz_industrial_motion_planner
[867.150s] -- Installing: /home/kush/UR5_Project_main/install/pilz_industrial_motion_planner/include/pilz_industrial_motion_planner/limits_container.h
[867.153s] -- Installing: /home/kush/UR5_Project_main/install/pilz_industrial_motion_planner/include/pilz_industrial_motion_planner/trajectory_generator.h
[867.154s] -- Installing: /home/kush/UR5_Project_main/install/pilz_industrial_motion_planner/include/pilz_industrial_motion_planner/joint_limits_extension.h
[867.155s] -- Installing: /home/kush/UR5_Project_main/install/pilz_industrial_motion_planner/include/pilz_industrial_motion_planner/planning_context_loader.h
[867.155s] -- Installing: /home/kush/UR5_Project_main/install/pilz_industrial_motion_planner/include/pilz_industrial_motion_planner/cartesian_limits_aggregator.h
[867.155s] -- Installing: /home/kush/UR5_Project_main/install/pilz_industrial_motion_planner/include/pilz_industrial_motion_planner/planning_context_base.h
[867.156s] -- Installing: /home/kush/UR5_Project_main/install/pilz_industrial_motion_planner/include/pilz_industrial_motion_planner/pilz_industrial_motion_planner.h
[867.156s] -- Installing: /home/kush/UR5_Project_main/install/pilz_industrial_motion_planner/include/pilz_industrial_motion_planner/joint_limits_container.h
[867.156s] -- Installing: /home/kush/UR5_Project_main/install/pilz_industrial_motion_planner/include/pilz_industrial_motion_planner/move_group_sequence_action.h
[867.156s] -- Installing: /home/kush/UR5_Project_main/install/pilz_industrial_motion_planner/include/pilz_industrial_motion_planner/planning_context_loader_ptp.h
[867.156s] -- Installing: /home/kush/UR5_Project_main/install/pilz_industrial_motion_planner/include/pilz_industrial_motion_planner/trajectory_blender.h
[867.157s] -- Installing: /home/kush/UR5_Project_main/install/pilz_industrial_motion_planner/include/pilz_industrial_motion_planner/planning_exceptions.h
[867.157s] -- Installing: /home/kush/UR5_Project_main/install/pilz_industrial_motion_planner/include/pilz_industrial_motion_planner/joint_limits_aggregator.h
[867.157s] -- Installing: /home/kush/UR5_Project_main/install/pilz_industrial_motion_planner/include/pilz_industrial_motion_planner/cartesian_limit.h
[867.157s] -- Installing: /home/kush/UR5_Project_main/install/pilz_industrial_motion_planner/include/pilz_industrial_motion_planner/trajectory_generator_circ.h
[867.158s] -- Installing: /home/kush/UR5_Project_main/install/pilz_industrial_motion_planner/include/pilz_industrial_motion_planner/planning_context_lin.h
[867.158s] -- Installing: /home/kush/UR5_Project_main/install/pilz_industrial_motion_planner/include/pilz_industrial_motion_planner/trajectory_blend_response.h
[867.158s] -- Installing: /home/kush/UR5_Project_main/install/pilz_industrial_motion_planner/include/pilz_industrial_motion_planner/trajectory_blender_transition_window.h
[867.158s] -- Installing: /home/kush/UR5_Project_main/install/pilz_industrial_motion_planner/include/pilz_industrial_motion_planner/planning_context_loader_lin.h
[867.158s] -- Installing: /home/kush/UR5_Project_main/install/pilz_industrial_motion_planner/include/pilz_industrial_motion_planner/joint_limits_interface_extension.h
[867.159s] -- Installing: /home/kush/UR5_Project_main/install/pilz_industrial_motion_planner/include/pilz_industrial_motion_planner/velocity_profile_atrap.h
[867.159s] -- Installing: /home/kush/UR5_Project_main/install/pilz_industrial_motion_planner/include/pilz_industrial_motion_planner/path_circle_generator.h
[867.159s] -- Installing: /home/kush/UR5_Project_main/install/pilz_industrial_motion_planner/include/pilz_industrial_motion_planner/move_group_sequence_service.h
[867.159s] -- Installing: /home/kush/UR5_Project_main/install/pilz_industrial_motion_planner/include/pilz_industrial_motion_planner/command_list_manager.h
[867.159s] -- Installing: /home/kush/UR5_Project_main/install/pilz_industrial_motion_planner/include/pilz_industrial_motion_planner/trajectory_generator_lin.h
[867.160s] -- Installing: /home/kush/UR5_Project_main/install/pilz_industrial_motion_planner/include/pilz_industrial_motion_planner/trajectory_functions.h
[867.160s] -- Installing: /home/kush/UR5_Project_main/install/pilz_industrial_motion_planner/include/pilz_industrial_motion_planner/capability_names.h
[867.160s] -- Installing: /home/kush/UR5_Project_main/install/pilz_industrial_motion_planner/include/pilz_industrial_motion_planner/cartesian_trajectory.h
[867.160s] -- Installing: /home/kush/UR5_Project_main/install/pilz_industrial_motion_planner/include/pilz_industrial_motion_planner/joint_limits_validator.h
[867.160s] -- Installing: /home/kush/UR5_Project_main/install/pilz_industrial_motion_planner/include/pilz_industrial_motion_planner/planning_context_circ.h
[867.161s] -- Installing: /home/kush/UR5_Project_main/install/pilz_industrial_motion_planner/include/pilz_industrial_motion_planner/planning_context_loader_circ.h
[867.161s] -- Installing: /home/kush/UR5_Project_main/install/pilz_industrial_motion_planner/include/pilz_industrial_motion_planner/cartesian_trajectory_point.h
[867.161s] -- Installing: /home/kush/UR5_Project_main/install/pilz_industrial_motion_planner/include/pilz_industrial_motion_planner/tip_frame_getter.h
[867.161s] -- Installing: /home/kush/UR5_Project_main/install/pilz_industrial_motion_planner/include/pilz_industrial_motion_planner/trajectory_generator_ptp.h
[867.162s] -- Installing: /home/kush/UR5_Project_main/install/pilz_industrial_motion_planner/include/pilz_industrial_motion_planner/plan_components_builder.h
[867.162s] -- Installing: /home/kush/UR5_Project_main/install/pilz_industrial_motion_planner/include/pilz_industrial_motion_planner/trajectory_generation_exceptions.h
[867.162s] -- Installing: /home/kush/UR5_Project_main/install/pilz_industrial_motion_planner/include/pilz_industrial_motion_planner/planning_context_ptp.h
[867.162s] -- Installing: /home/kush/UR5_Project_main/install/pilz_industrial_motion_planner/include/pilz_industrial_motion_planner/trajectory_blend_request.h
[867.163s] -- Installing: /home/kush/UR5_Project_main/install/pilz_industrial_motion_planner/include/joint_limits_copy
[867.163s] -- Installing: /home/kush/UR5_Project_main/install/pilz_industrial_motion_planner/include/joint_limits_copy/joint_limits_rosparam.hpp
[867.163s] -- Installing: /home/kush/UR5_Project_main/install/pilz_industrial_motion_planner/include/joint_limits_copy/joint_limits.hpp
[867.163s] -- Installing: /home/kush/UR5_Project_main/install/pilz_industrial_motion_planner/share/pilz_industrial_motion_planner/environment/library_path.sh
[867.163s] -- Installing: /home/kush/UR5_Project_main/install/pilz_industrial_motion_planner/share/pilz_industrial_motion_planner/environment/library_path.dsv
[867.190s] -- Installing: /home/kush/UR5_Project_main/install/pilz_industrial_motion_planner/lib/pilz_industrial_motion_planner/unittest_pilz_industrial_motion_planner_direct
[867.194s] -- Set runtime path of "/home/kush/UR5_Project_main/install/pilz_industrial_motion_planner/lib/pilz_industrial_motion_planner/unittest_pilz_industrial_motion_planner_direct" to ""
[867.194s] -- Installing: /home/kush/UR5_Project_main/install/pilz_industrial_motion_planner/lib/pilz_industrial_motion_planner/unittest_velocity_profile_atrap
[867.194s] -- Set runtime path of "/home/kush/UR5_Project_main/install/pilz_industrial_motion_planner/lib/pilz_industrial_motion_planner/unittest_velocity_profile_atrap" to ""
[867.195s] -- Installing: /home/kush/UR5_Project_main/install/pilz_industrial_motion_planner/lib/pilz_industrial_motion_planner/unittest_trajectory_generator
[867.198s] -- Set runtime path of "/home/kush/UR5_Project_main/install/pilz_industrial_motion_planner/lib/pilz_industrial_motion_planner/unittest_trajectory_generator" to ""
[867.199s] -- Installing: /home/kush/UR5_Project_main/install/pilz_industrial_motion_planner/lib/pilz_industrial_motion_planner/unittest_trajectory_functions
[867.203s] -- Set runtime path of "/home/kush/UR5_Project_main/install/pilz_industrial_motion_planner/lib/pilz_industrial_motion_planner/unittest_trajectory_functions" to ""
[867.204s] -- Installing: /home/kush/UR5_Project_main/install/pilz_industrial_motion_planner/lib/pilz_industrial_motion_planner/unittest_trajectory_blender_transition_window
[867.208s] -- Set runtime path of "/home/kush/UR5_Project_main/install/pilz_industrial_motion_planner/lib/pilz_industrial_motion_planner/unittest_trajectory_blender_transition_window" to ""
[867.209s] -- Installing: /home/kush/UR5_Project_main/install/pilz_industrial_motion_planner/lib/pilz_industrial_motion_planner/unittest_trajectory_generator_common
[867.216s] -- Set runtime path of "/home/kush/UR5_Project_main/install/pilz_industrial_motion_planner/lib/pilz_industrial_motion_planner/unittest_trajectory_generator_common" to ""
[867.217s] -- Installing: /home/kush/UR5_Project_main/install/pilz_industrial_motion_planner/lib/pilz_industrial_motion_planner/unittest_trajectory_generator_circ
[867.221s] -- Set runtime path of "/home/kush/UR5_Project_main/install/pilz_industrial_motion_planner/lib/pilz_industrial_motion_planner/unittest_trajectory_generator_circ" to ""
[867.222s] -- Installing: /home/kush/UR5_Project_main/install/pilz_industrial_motion_planner/lib/pilz_industrial_motion_planner/unittest_trajectory_generator_lin
[867.226s] -- Set runtime path of "/home/kush/UR5_Project_main/install/pilz_industrial_motion_planner/lib/pilz_industrial_motion_planner/unittest_trajectory_generator_lin" to ""
[867.226s] -- Installing: /home/kush/UR5_Project_main/install/pilz_industrial_motion_planner/lib/pilz_industrial_motion_planner/unittest_trajectory_generator_ptp
[867.231s] -- Set runtime path of "/home/kush/UR5_Project_main/install/pilz_industrial_motion_planner/lib/pilz_industrial_motion_planner/unittest_trajectory_generator_ptp" to ""
[867.231s] -- Installing: /home/kush/UR5_Project_main/install/pilz_industrial_motion_planner/lib/pilz_industrial_motion_planner/unittest_pilz_industrial_motion_planner
[867.236s] -- Set runtime path of "/home/kush/UR5_Project_main/install/pilz_industrial_motion_planner/lib/pilz_industrial_motion_planner/unittest_pilz_industrial_motion_planner" to ""
[867.237s] -- Installing: /home/kush/UR5_Project_main/install/pilz_industrial_motion_planner/lib/pilz_industrial_motion_planner/unittest_joint_limit
[867.240s] -- Set runtime path of "/home/kush/UR5_Project_main/install/pilz_industrial_motion_planner/lib/pilz_industrial_motion_planner/unittest_joint_limit" to ""
[867.241s] -- Installing: /home/kush/UR5_Project_main/install/pilz_industrial_motion_planner/lib/pilz_industrial_motion_planner/unittest_joint_limits_aggregator
[867.244s] -- Set runtime path of "/home/kush/UR5_Project_main/install/pilz_industrial_motion_planner/lib/pilz_industrial_motion_planner/unittest_joint_limits_aggregator" to ""
[867.245s] -- Installing: /home/kush/UR5_Project_main/install/pilz_industrial_motion_planner/lib/pilz_industrial_motion_planner/unittest_joint_limits_container
[867.248s] -- Set runtime path of "/home/kush/UR5_Project_main/install/pilz_industrial_motion_planner/lib/pilz_industrial_motion_planner/unittest_joint_limits_container" to ""
[867.249s] -- Installing: /home/kush/UR5_Project_main/install/pilz_industrial_motion_planner/lib/pilz_industrial_motion_planner/unittest_joint_limits_validator
[867.252s] -- Set runtime path of "/home/kush/UR5_Project_main/install/pilz_industrial_motion_planner/lib/pilz_industrial_motion_planner/unittest_joint_limits_validator" to ""
[867.252s] -- Installing: /home/kush/UR5_Project_main/install/pilz_industrial_motion_planner/lib/pilz_industrial_motion_planner/unittest_cartesian_limits_aggregator
[867.255s] -- Set runtime path of "/home/kush/UR5_Project_main/install/pilz_industrial_motion_planner/lib/pilz_industrial_motion_planner/unittest_cartesian_limits_aggregator" to ""
[867.256s] -- Installing: /home/kush/UR5_Project_main/install/pilz_industrial_motion_planner/lib/pilz_industrial_motion_planner/unittest_planning_context_loaders
[867.261s] -- Set runtime path of "/home/kush/UR5_Project_main/install/pilz_industrial_motion_planner/lib/pilz_industrial_motion_planner/unittest_planning_context_loaders" to ""
[867.262s] -- Installing: /home/kush/UR5_Project_main/install/pilz_industrial_motion_planner/lib/pilz_industrial_motion_planner/unittest_planning_context
[867.267s] -- Set runtime path of "/home/kush/UR5_Project_main/install/pilz_industrial_motion_planner/lib/pilz_industrial_motion_planner/unittest_planning_context" to ""
[867.268s] -- Installing: /home/kush/UR5_Project_main/install/pilz_industrial_motion_planner/lib/pilz_industrial_motion_planner/unittest_get_solver_tip_frame
[867.271s] -- Set runtime path of "/home/kush/UR5_Project_main/install/pilz_industrial_motion_planner/lib/pilz_industrial_motion_planner/unittest_get_solver_tip_frame" to ""
[867.272s] -- Installing: /home/kush/UR5_Project_main/install/pilz_industrial_motion_planner/share/pilz_industrial_motion_planner/config
[867.273s] -- Installing: /home/kush/UR5_Project_main/install/pilz_industrial_motion_planner/share/pilz_industrial_motion_planner/config/unittest_trajectory_generator_circ.yaml
[867.282s] -- Installing: /home/kush/UR5_Project_main/install/pilz_industrial_motion_planner/share/pilz_industrial_motion_planner/config/unittest_trajectory_generator_lin.yaml
[867.283s] -- Installing: /home/kush/UR5_Project_main/install/pilz_industrial_motion_planner/share/pilz_industrial_motion_planner/config/unittest_trajectory_generator_common.yaml
[867.284s] -- Installing: /home/kush/UR5_Project_main/install/pilz_industrial_motion_planner/share/pilz_industrial_motion_planner/config/unittest_joint_limits_aggregator.yaml
[867.299s] -- Installing: /home/kush/UR5_Project_main/install/pilz_industrial_motion_planner/share/pilz_industrial_motion_planner/config/unittest_cartesian_limits_aggregator.yaml
[867.300s] -- Installing: /home/kush/UR5_Project_main/install/pilz_industrial_motion_planner/share/pilz_industrial_motion_planner/config/unittest_trajectory_functions.yaml
[867.301s] -- Installing: /home/kush/UR5_Project_main/install/pilz_industrial_motion_planner/share/pilz_industrial_motion_planner/config/unittest_trajectory_blender_transition_window.yaml
[867.305s] -- Installing: /home/kush/UR5_Project_main/install/pilz_industrial_motion_planner/share/pilz_industrial_motion_planner/config/unittest_trajectory_generator_ptp.yaml
[867.306s] -- Installing: /home/kush/UR5_Project_main/install/pilz_industrial_motion_planner/share/pilz_industrial_motion_planner/config/unittest_joint_limit_config.yaml
[867.307s] -- Installing: /home/kush/UR5_Project_main/install/pilz_industrial_motion_planner/share/pilz_industrial_motion_planner/launch
[867.307s] -- Installing: /home/kush/UR5_Project_main/install/pilz_industrial_motion_planner/share/pilz_industrial_motion_planner/launch/unittest_planning_context.test.py
[867.308s] -- Installing: /home/kush/UR5_Project_main/install/pilz_industrial_motion_planner/share/pilz_industrial_motion_planner/launch/unittest_trajectory_blender_transition_window.test.py
[867.309s] -- Installing: /home/kush/UR5_Project_main/install/pilz_industrial_motion_planner/share/pilz_industrial_motion_planner/launch/unittest_joint_limit.test.py
[867.311s] -- Installing: /home/kush/UR5_Project_main/install/pilz_industrial_motion_planner/share/pilz_industrial_motion_planner/launch/unittest_trajectory_generator_lin.test.py
[867.312s] -- Installing: /home/kush/UR5_Project_main/install/pilz_industrial_motion_planner/share/pilz_industrial_motion_planner/launch/unittest_joint_limits_aggregator.test.py
[867.313s] -- Installing: /home/kush/UR5_Project_main/install/pilz_industrial_motion_planner/share/pilz_industrial_motion_planner/launch/unittest_trajectory_generator_common.test.py
[867.314s] -- Installing: /home/kush/UR5_Project_main/install/pilz_industrial_motion_planner/share/pilz_industrial_motion_planner/launch/unittest_trajectory_functions.test.py
[867.315s] -- Installing: /home/kush/UR5_Project_main/install/pilz_industrial_motion_planner/share/pilz_industrial_motion_planner/launch/unittest_trajectory_generator_ptp.test.py
[867.316s] -- Installing: /home/kush/UR5_Project_main/install/pilz_industrial_motion_planner/share/pilz_industrial_motion_planner/launch/unittest_trajectory_generator_circ.test.py
[867.318s] -- Installing: /home/kush/UR5_Project_main/install/pilz_industrial_motion_planner/share/pilz_industrial_motion_planner/launch/unittest_pilz_industrial_motion_planner.test.py
[867.319s] -- Installing: /home/kush/UR5_Project_main/install/pilz_industrial_motion_planner/share/pilz_industrial_motion_planner/launch/unittest_cartesian_limits_aggregator.test.py
[867.320s] -- Installing: /home/kush/UR5_Project_main/install/pilz_industrial_motion_planner/share/pilz_industrial_motion_planner/launch/unittest_planning_context_loaders.test.py
[867.326s] -- Installing: /home/kush/UR5_Project_main/install/pilz_industrial_motion_planner/share/pilz_industrial_motion_planner/launch/common_parameters.py
[867.328s] -- Installing: /home/kush/UR5_Project_main/install/pilz_industrial_motion_planner/share/pilz_industrial_motion_planner/test_data
[867.328s] -- Installing: /home/kush/UR5_Project_main/install/pilz_industrial_motion_planner/share/pilz_industrial_motion_planner/test_data/frankaemika_panda
[867.328s] -- Installing: /home/kush/UR5_Project_main/install/pilz_industrial_motion_planner/share/pilz_industrial_motion_planner/test_data/frankaemika_panda/testdata_sequence.xml
[867.335s] -- Installing: /home/kush/UR5_Project_main/install/pilz_industrial_motion_planner/share/pilz_industrial_motion_planner/test_data/testpoints.py
[867.336s] -- Installing: /home/kush/UR5_Project_main/install/pilz_industrial_motion_planner/share/pilz_industrial_motion_planner/test_data/prbt
[867.337s] -- Installing: /home/kush/UR5_Project_main/install/pilz_industrial_motion_planner/share/pilz_industrial_motion_planner/test_data/prbt/testdata_deprecated.xml
[867.337s] -- Installing: /home/kush/UR5_Project_main/install/pilz_industrial_motion_planner/share/pilz_industrial_motion_planner/test_data/prbt/testdata_with_gripper.xml
[867.338s] -- Installing: /home/kush/UR5_Project_main/install/pilz_industrial_motion_planner/share/pilz_industrial_motion_planner/test_data/prbt/testdata_sequence.xml
[867.339s] -- Installing: /home/kush/UR5_Project_main/install/pilz_industrial_motion_planner/share/pilz_industrial_motion_planner/test_data/concept_testdata.png
[867.341s] -- Installing: /home/kush/UR5_Project_main/install/pilz_industrial_motion_planner/share/pilz_industrial_motion_planner/test_data/concept_testdata.odp
[867.343s] -- Installing: /home/kush/UR5_Project_main/install/pilz_industrial_motion_planner/share/ament_index/resource_index/package_run_dependencies/pilz_industrial_motion_planner
[867.344s] -- Installing: /home/kush/UR5_Project_main/install/pilz_industrial_motion_planner/share/ament_index/resource_index/parent_prefix_path/pilz_industrial_motion_planner
[867.346s] -- Installing: /home/kush/UR5_Project_main/install/pilz_industrial_motion_planner/share/pilz_industrial_motion_planner/environment/ament_prefix_path.sh
[867.347s] -- Installing: /home/kush/UR5_Project_main/install/pilz_industrial_motion_planner/share/pilz_industrial_motion_planner/environment/ament_prefix_path.dsv
[867.362s] -- Installing: /home/kush/UR5_Project_main/install/pilz_industrial_motion_planner/share/pilz_industrial_motion_planner/environment/path.sh
[867.362s] -- Installing: /home/kush/UR5_Project_main/install/pilz_industrial_motion_planner/share/pilz_industrial_motion_planner/environment/path.dsv
[867.363s] -- Installing: /home/kush/UR5_Project_main/install/pilz_industrial_motion_planner/share/pilz_industrial_motion_planner/local_setup.bash
[867.366s] -- Installing: /home/kush/UR5_Project_main/install/pilz_industrial_motion_planner/share/pilz_industrial_motion_planner/local_setup.sh
[867.367s] -- Installing: /home/kush/UR5_Project_main/install/pilz_industrial_motion_planner/share/pilz_industrial_motion_planner/local_setup.zsh
[867.367s] -- Installing: /home/kush/UR5_Project_main/install/pilz_industrial_motion_planner/share/pilz_industrial_motion_planner/local_setup.dsv
[867.368s] -- Installing: /home/kush/UR5_Project_main/install/pilz_industrial_motion_planner/share/pilz_industrial_motion_planner/package.dsv
[867.369s] -- Installing: /home/kush/UR5_Project_main/install/pilz_industrial_motion_planner/share/ament_index/resource_index/packages/pilz_industrial_motion_planner
[867.369s] -- Installing: /home/kush/UR5_Project_main/install/pilz_industrial_motion_planner/share/ament_index/resource_index/moveit_core__pluginlib__plugin/pilz_industrial_motion_planner
[867.373s] -- Installing: /home/kush/UR5_Project_main/install/pilz_industrial_motion_planner/share/ament_index/resource_index/moveit_ros_move_group__pluginlib__plugin/pilz_industrial_motion_planner
[867.375s] -- Installing: /home/kush/UR5_Project_main/install/pilz_industrial_motion_planner/share/ament_index/resource_index/pilz_industrial_motion_planner__pluginlib__plugin/pilz_industrial_motion_planner
[867.376s] -- Installing: /home/kush/UR5_Project_main/install/pilz_industrial_motion_planner/share/pilz_industrial_motion_planner/cmake/pilz_industrial_motion_plannerTargetsExport.cmake
[867.377s] -- Installing: /home/kush/UR5_Project_main/install/pilz_industrial_motion_planner/share/pilz_industrial_motion_planner/cmake/pilz_industrial_motion_plannerTargetsExport-release.cmake
[867.382s] -- Installing: /home/kush/UR5_Project_main/install/pilz_industrial_motion_planner/share/pilz_industrial_motion_planner/cmake/ament_cmake_export_include_directories-extras.cmake
[867.383s] -- Installing: /home/kush/UR5_Project_main/install/pilz_industrial_motion_planner/share/pilz_industrial_motion_planner/cmake/ament_cmake_export_targets-extras.cmake
[867.384s] -- Installing: /home/kush/UR5_Project_main/install/pilz_industrial_motion_planner/share/pilz_industrial_motion_planner/cmake/ament_cmake_export_dependencies-extras.cmake
[867.385s] -- Installing: /home/kush/UR5_Project_main/install/pilz_industrial_motion_planner/share/pilz_industrial_motion_planner/cmake/pilz_industrial_motion_plannerConfig.cmake
[867.390s] -- Installing: /home/kush/UR5_Project_main/install/pilz_industrial_motion_planner/share/pilz_industrial_motion_planner/cmake/pilz_industrial_motion_plannerConfig-version.cmake
[867.392s] -- Installing: /home/kush/UR5_Project_main/install/pilz_industrial_motion_planner/share/pilz_industrial_motion_planner/package.xml
[867.420s] Invoked command in '/home/kush/UR5_Project_main/build/pilz_industrial_motion_planner' returned '0': AMENT_PREFIX_PATH=/home/kush/UR5_Project_main/install/moveit_resources_prbt_pg70_support:/home/kush/UR5_Project_main/install/moveit_ros_planning_interface:/home/kush/UR5_Project_main/install/moveit_resources_prbt_moveit_config:/home/kush/UR5_Project_main/install/moveit_ros_move_group:/home/kush/UR5_Project_main/install/moveit_ros_warehouse:/home/kush/UR5_Project_main/install/moveit_kinematics:/home/kush/UR5_Project_main/install/moveit_ros_planning:/home/kush/UR5_Project_main/install/pilz_industrial_motion_planner_testutils:/home/kush/UR5_Project_main/install/moveit_ros_occupancy_map_monitor:/home/kush/UR5_Project_main/install/moveit_resources_prbt_ikfast_manipulator_plugin:/home/kush/UR5_Project_main/install/moveit_core:/home/kush/UR5_Project_main/install/moveit_resources_panda_moveit_config:/home/kush/UR5_Project_main/install/moveit_configs_utils:/home/kush/UR5_Project_main/install/srdfdom:/home/kush/UR5_Project_main/install/moveit_resources_prbt_support:/home/kush/UR5_Project_main/install/moveit_resources_panda_description:/home/kush/UR5_Project_main/install/moveit_common:/home/kush/UR5_Project_main/install/launch_param_builder:${AMENT_PREFIX_PATH} CMAKE_PREFIX_PATH=/home/kush/UR5_Project_main/install/moveit_resources_prbt_pg70_support:/home/kush/UR5_Project_main/install/moveit_ros_planning_interface:/home/kush/UR5_Project_main/install/moveit_resources_prbt_moveit_config:/home/kush/UR5_Project_main/install/moveit_ros_move_group:/home/kush/UR5_Project_main/install/moveit_ros_warehouse:/home/kush/UR5_Project_main/install/moveit_kinematics:/home/kush/UR5_Project_main/install/moveit_ros_planning:/home/kush/UR5_Project_main/install/pilz_industrial_motion_planner_testutils:/home/kush/UR5_Project_main/install/moveit_ros_occupancy_map_monitor:/home/kush/UR5_Project_main/install/moveit_resources_prbt_ikfast_manipulator_plugin:/home/kush/UR5_Project_main/install/moveit_core:/home/kush/UR5_Project_main/install/moveit_resources_panda_moveit_config:/home/kush/UR5_Project_main/install/srdfdom:/home/kush/UR5_Project_main/install/moveit_resources_prbt_support:/home/kush/UR5_Project_main/install/moveit_resources_panda_description:/home/kush/UR5_Project_main/install/moveit_common:/home/kush/ws_moveit2_ur5/install/ur_description:/home/kush/ws_moveit2_ur5/install/pilz_industrial_motion_planner_testutils:/home/kush/ws_moveit2_ur5/install/moveit_runtime:/home/kush/ws_moveit2_ur5/install/moveit2_tutorials:/home/kush/ws_moveit2_ur5/install/moveit:/home/kush/ws_moveit2_ur5/install/moveit_planners:/home/kush/ws_moveit2_ur5/install/pilz_industrial_motion_planner:/home/kush/ws_moveit2_ur5/install/moveit_visual_tools:/home/kush/ws_moveit2_ur5/install/moveit_task_constructor_visualization:/home/kush/ws_moveit2_ur5/install/moveit_task_constructor_demo:/home/kush/ws_moveit2_ur5/install/moveit_task_constructor_capabilities:/home/kush/ws_moveit2_ur5/install/moveit_task_constructor_core:/home/kush/ws_moveit2_ur5/install/moveit_ros_control_interface:/home/kush/ws_moveit2_ur5/install/moveit_plugins:/home/kush/ws_moveit2_ur5/install/moveit_simple_controller_manager:/home/kush/ws_moveit2_ur5/install/moveit_setup_assistant:/home/kush/ws_moveit2_ur5/install/moveit_setup_srdf_plugins:/home/kush/ws_moveit2_ur5/install/moveit_setup_core_plugins:/home/kush/ws_moveit2_ur5/install/moveit_setup_controllers:/home/kush/ws_moveit2_ur5/install/moveit_setup_app_plugins:/home/kush/ws_moveit2_ur5/install/moveit_setup_framework:/home/kush/ws_moveit2_ur5/install/moveit_servo:/home/kush/ws_moveit2_ur5/install/moveit_ros:/home/kush/ws_moveit2_ur5/install/moveit_ros_visualization:/home/kush/ws_moveit2_ur5/install/moveit_hybrid_planning:/home/kush/ws_moveit2_ur5/install/moveit_ros_planning_interface:/home/kush/ws_moveit2_ur5/install/moveit_ros_benchmarks:/home/kush/ws_moveit2_ur5/install/moveit_ros_warehouse:/home/kush/ws_moveit2_ur5/install/moveit_ros_robot_interaction:/home/kush/ws_moveit2_ur5/install/moveit_ros_perception:/home/kush/ws_moveit2_ur5/install/moveit_resources_prbt_pg70_support:/home/kush/ws_moveit2_ur5/install/moveit_resources_prbt_moveit_config:/home/kush/ws_moveit2_ur5/install/moveit_ros_move_group:/home/kush/ws_moveit2_ur5/install/moveit_planners_ompl:/home/kush/ws_moveit2_ur5/install/moveit_ros_planning:/home/kush/ws_moveit2_ur5/install/moveit_ros_occupancy_map_monitor:/home/kush/ws_moveit2_ur5/install/moveit_resources_prbt_ikfast_manipulator_plugin:/home/kush/ws_moveit2_ur5/install/moveit_planners_chomp:/home/kush/ws_moveit2_ur5/install/moveit_kinematics:/home/kush/ws_moveit2_ur5/install/moveit_chomp_optimizer_adapter:/home/kush/ws_moveit2_ur5/install/chomp_motion_planner:/home/kush/ws_moveit2_ur5/install/moveit_core:/home/kush/ws_moveit2_ur5/install/srdfdom:/home/kush/ws_moveit2_ur5/install/rviz_marker_tools:/home/kush/ws_moveit2_ur5/install/rosparam_shortcuts:/home/kush/ws_moveit2_ur5/install/moveit_task_constructor_msgs:/home/kush/ws_moveit2_ur5/install/moveit_resources_prbt_support:/home/kush/ws_moveit2_ur5/install/moveit_resources:/home/kush/ws_moveit2_ur5/install/moveit_resources_pr2_description:/home/kush/ws_moveit2_ur5/install/moveit_resources_panda_moveit_config:/home/kush/ws_moveit2_ur5/install/moveit_resources_panda_description:/home/kush/ws_moveit2_ur5/install/moveit_resources_fanuc_moveit_config:/home/kush/ws_moveit2_ur5/install/moveit_resources_fanuc_description:/home/kush/ws_moveit2_ur5/install/moveit_common:/home/kush/ws_moveit2_ur5/install/moveit_configs_utils:/home/kush/ws_moveit2_ur5/install/launch_param_builder:/opt/ros/humble LD_LIBRARY_PATH=/home/kush/UR5_Project_main/install/moveit_ros_planning_interface/lib:/home/kush/UR5_Project_main/install/moveit_ros_move_group/lib:/home/kush/UR5_Project_main/install/moveit_ros_warehouse/lib:/home/kush/UR5_Project_main/install/moveit_kinematics/lib:/home/kush/UR5_Project_main/install/moveit_ros_planning/lib:/home/kush/UR5_Project_main/install/pilz_industrial_motion_planner_testutils/lib:/home/kush/UR5_Project_main/install/moveit_ros_occupancy_map_monitor/lib:/home/kush/UR5_Project_main/install/moveit_resources_prbt_ikfast_manipulator_plugin/lib:/home/kush/UR5_Project_main/install/moveit_core/lib:/home/kush/UR5_Project_main/install/srdfdom/lib:${LD_LIBRARY_PATH} PATH=/home/kush/UR5_Project_main/install/moveit_core/bin:${PATH} PYTHONPATH=/home/kush/UR5_Project_main/install/moveit_configs_utils/lib/python3.10/site-packages:/home/kush/UR5_Project_main/install/srdfdom/local/lib/python3.10/dist-packages:/home/kush/UR5_Project_main/install/launch_param_builder/lib/python3.10/site-packages:${PYTHONPATH} /usr/bin/cmake --install /home/kush/UR5_Project_main/build/pilz_industrial_motion_planner
