[0.267s] Invoking command in '/home/kush/UR5_Project_main/build/srdfdom': CMAKE_PREFIX_PATH=${CMAKE_PREFIX_PATH}:/home/kush/ws_moveit2_ur5/install/moveit_configs_utils:/home/kush/ws_moveit2_ur5/install/launch_param_builder:/opt/ros/humble /usr/bin/cmake --build /home/kush/UR5_Project_main/build/srdfdom -- -j4 -l4
[2.103s] [35m[1mConsolidate compiler generated dependencies of target srdfdom[0m
[2.329s] [ 27%] Built target srdfdom
[2.523s] [35m[1mConsolidate compiler generated dependencies of target gtest[0m
[2.811s] [ 45%] Built target gtest
[2.917s] [35m[1mConsolidate compiler generated dependencies of target gtest_main[0m
[2.956s] [ 63%] Built target gtest_main
[3.182s] [ 63%] Built target ament_cmake_python_copy_srdfdom
[3.304s] [35m[1mConsolidate compiler generated dependencies of target test_cpp_nl_NL.UTF-8[0m
[3.451s] [ 81%] Built target test_cpp_nl_NL.UTF-8
[4.048s] running egg_info
[4.049s] writing srdfdom.egg-info/PKG-INFO
[4.077s] writing dependency_links to srdfdom.egg-info/dependency_links.txt
[4.078s] writing top-level names to srdfdom.egg-info/top_level.txt
[4.354s] reading manifest file 'srdfdom.egg-info/SOURCES.txt'
[5.025s] writing manifest file 'srdfdom.egg-info/SOURCES.txt'
[5.081s] [ 81%] Built target ament_cmake_python_build_srdfdom_egg
[5.276s] [35m[1mConsolidate compiler generated dependencies of target test_cpp_C[0m
[5.305s] [100%] Built target test_cpp_C
[5.326s] Invoked command in '/home/kush/UR5_Project_main/build/srdfdom' returned '0': CMAKE_PREFIX_PATH=${CMAKE_PREFIX_PATH}:/home/kush/ws_moveit2_ur5/install/moveit_configs_utils:/home/kush/ws_moveit2_ur5/install/launch_param_builder:/opt/ros/humble /usr/bin/cmake --build /home/kush/UR5_Project_main/build/srdfdom -- -j4 -l4
[5.467s] Invoking command in '/home/kush/UR5_Project_main/build/srdfdom': CMAKE_PREFIX_PATH=${CMAKE_PREFIX_PATH}:/home/kush/ws_moveit2_ur5/install/moveit_configs_utils:/home/kush/ws_moveit2_ur5/install/launch_param_builder:/opt/ros/humble /usr/bin/cmake --install /home/kush/UR5_Project_main/build/srdfdom
[5.511s] -- Install configuration: "Release"
[5.656s] -- Up-to-date: /home/kush/UR5_Project_main/install/srdfdom/lib/libsrdfdom.so.2.0.4
[5.656s] -- Up-to-date: /home/kush/UR5_Project_main/install/srdfdom/lib/libsrdfdom.so
[5.656s] -- Up-to-date: /home/kush/UR5_Project_main/install/srdfdom/include/srdfdom
[5.657s] -- Up-to-date: /home/kush/UR5_Project_main/install/srdfdom/include/srdfdom/visibility_control.h
[5.657s] -- Up-to-date: /home/kush/UR5_Project_main/install/srdfdom/include/srdfdom/model.h
[5.657s] -- Up-to-date: /home/kush/UR5_Project_main/install/srdfdom/include/srdfdom/srdf_writer.h
[5.657s] -- Up-to-date: /home/kush/UR5_Project_main/install/srdfdom/lib/srdfdom/display_srdf
[5.657s] -- Up-to-date: /home/kush/UR5_Project_main/install/srdfdom/share/srdfdom/environment/pythonpath.sh
[5.657s] -- Up-to-date: /home/kush/UR5_Project_main/install/srdfdom/share/srdfdom/environment/pythonpath.dsv
[5.658s] -- Up-to-date: /home/kush/UR5_Project_main/install/srdfdom/local/lib/python3.10/dist-packages/srdfdom-2.0.4-py3.10.egg-info
[5.658s] -- Installing: /home/kush/UR5_Project_main/install/srdfdom/local/lib/python3.10/dist-packages/srdfdom-2.0.4-py3.10.egg-info/SOURCES.txt
[5.658s] -- Installing: /home/kush/UR5_Project_main/install/srdfdom/local/lib/python3.10/dist-packages/srdfdom-2.0.4-py3.10.egg-info/dependency_links.txt
[5.658s] -- Installing: /home/kush/UR5_Project_main/install/srdfdom/local/lib/python3.10/dist-packages/srdfdom-2.0.4-py3.10.egg-info/PKG-INFO
[5.658s] -- Installing: /home/kush/UR5_Project_main/install/srdfdom/local/lib/python3.10/dist-packages/srdfdom-2.0.4-py3.10.egg-info/top_level.txt
[5.658s] -- Up-to-date: /home/kush/UR5_Project_main/install/srdfdom/local/lib/python3.10/dist-packages/srdfdom
[5.658s] -- Up-to-date: /home/kush/UR5_Project_main/install/srdfdom/local/lib/python3.10/dist-packages/srdfdom/__init__.py
[5.658s] -- Up-to-date: /home/kush/UR5_Project_main/install/srdfdom/local/lib/python3.10/dist-packages/srdfdom/srdf.py
[6.163s] Listing '/home/kush/UR5_Project_main/install/srdfdom/local/lib/python3.10/dist-packages/srdfdom'...
[6.174s] -- Up-to-date: /home/kush/UR5_Project_main/install/srdfdom/share/srdfdom/environment/library_path.sh
[6.175s] -- Up-to-date: /home/kush/UR5_Project_main/install/srdfdom/share/srdfdom/environment/library_path.dsv
[6.176s] -- Up-to-date: /home/kush/UR5_Project_main/install/srdfdom/share/ament_index/resource_index/package_run_dependencies/srdfdom
[6.176s] -- Up-to-date: /home/kush/UR5_Project_main/install/srdfdom/share/ament_index/resource_index/parent_prefix_path/srdfdom
[6.177s] -- Up-to-date: /home/kush/UR5_Project_main/install/srdfdom/share/srdfdom/environment/ament_prefix_path.sh
[6.177s] -- Up-to-date: /home/kush/UR5_Project_main/install/srdfdom/share/srdfdom/environment/ament_prefix_path.dsv
[6.178s] -- Up-to-date: /home/kush/UR5_Project_main/install/srdfdom/share/srdfdom/environment/path.sh
[6.178s] -- Up-to-date: /home/kush/UR5_Project_main/install/srdfdom/share/srdfdom/environment/path.dsv
[6.179s] -- Up-to-date: /home/kush/UR5_Project_main/install/srdfdom/share/srdfdom/local_setup.bash
[6.180s] -- Up-to-date: /home/kush/UR5_Project_main/install/srdfdom/share/srdfdom/local_setup.sh
[6.180s] -- Up-to-date: /home/kush/UR5_Project_main/install/srdfdom/share/srdfdom/local_setup.zsh
[6.181s] -- Up-to-date: /home/kush/UR5_Project_main/install/srdfdom/share/srdfdom/local_setup.dsv
[6.181s] -- Installing: /home/kush/UR5_Project_main/install/srdfdom/share/srdfdom/package.dsv
[6.216s] -- Up-to-date: /home/kush/UR5_Project_main/install/srdfdom/share/ament_index/resource_index/packages/srdfdom
[6.254s] -- Up-to-date: /home/kush/UR5_Project_main/install/srdfdom/share/srdfdom/cmake/srdfdomTargetsExport.cmake
[6.255s] -- Up-to-date: /home/kush/UR5_Project_main/install/srdfdom/share/srdfdom/cmake/srdfdomTargetsExport-release.cmake
[6.255s] -- Up-to-date: /home/kush/UR5_Project_main/install/srdfdom/share/srdfdom/cmake/ament_cmake_export_targets-extras.cmake
[6.255s] -- Up-to-date: /home/kush/UR5_Project_main/install/srdfdom/share/srdfdom/cmake/ament_cmake_export_dependencies-extras.cmake
[6.255s] -- Up-to-date: /home/kush/UR5_Project_main/install/srdfdom/share/srdfdom/cmake/srdfdomConfig.cmake
[6.255s] -- Up-to-date: /home/kush/UR5_Project_main/install/srdfdom/share/srdfdom/cmake/srdfdomConfig-version.cmake
[6.256s] -- Up-to-date: /home/kush/UR5_Project_main/install/srdfdom/share/srdfdom/package.xml
[6.295s] Invoked command in '/home/kush/UR5_Project_main/build/srdfdom' returned '0': CMAKE_PREFIX_PATH=${CMAKE_PREFIX_PATH}:/home/kush/ws_moveit2_ur5/install/moveit_configs_utils:/home/kush/ws_moveit2_ur5/install/launch_param_builder:/opt/ros/humble /usr/bin/cmake --install /home/kush/UR5_Project_main/build/srdfdom
