[12.210s] Invoking command in '/home/kush/UR5_Project_main/src/launch_param_builder': PYTHONPATH=/home/kush/UR5_Project_main/build/launch_param_builder/prefix_override:/home/kush/UR5_Project_main/install/launch_param_builder/lib/python3.10/site-packages:${PYTHONPATH} /usr/bin/python3 setup.py egg_info --egg-base ../../build/launch_param_builder build --build-base /home/kush/UR5_Project_main/build/launch_param_builder/build install --record /home/kush/UR5_Project_main/build/launch_param_builder/install.log --single-version-externally-managed
[12.664s] running egg_info
[12.665s] writing ../../build/launch_param_builder/launch_param_builder.egg-info/PKG-INFO
[12.666s] writing dependency_links to ../../build/launch_param_builder/launch_param_builder.egg-info/dependency_links.txt
[12.666s] writing entry points to ../../build/launch_param_builder/launch_param_builder.egg-info/entry_points.txt
[12.666s] writing requirements to ../../build/launch_param_builder/launch_param_builder.egg-info/requires.txt
[12.666s] writing top-level names to ../../build/launch_param_builder/launch_param_builder.egg-info/top_level.txt
[12.673s] reading manifest file '../../build/launch_param_builder/launch_param_builder.egg-info/SOURCES.txt'
[12.689s] adding license file 'LICENSE'
[12.690s] writing manifest file '../../build/launch_param_builder/launch_param_builder.egg-info/SOURCES.txt'
[12.691s] running build
[12.691s] running build_py
[12.691s] running install
[12.724s] /usr/lib/python3/dist-packages/setuptools/command/install.py:34: SetuptoolsDeprecationWarning: setup.py install is deprecated. Use build and pip and other standards-based tools.
[12.724s]   warnings.warn(
[12.725s] running install_lib
[12.728s] running install_data
[12.733s] running install_egg_info
[12.734s] removing '/home/kush/UR5_Project_main/install/launch_param_builder/lib/python3.10/site-packages/launch_param_builder-0.1.1-py3.10.egg-info' (and everything under it)
[12.734s] Copying ../../build/launch_param_builder/launch_param_builder.egg-info to /home/kush/UR5_Project_main/install/launch_param_builder/lib/python3.10/site-packages/launch_param_builder-0.1.1-py3.10.egg-info
[12.750s] running install_scripts
[12.790s] writing list of installed files to '/home/kush/UR5_Project_main/build/launch_param_builder/install.log'
[12.882s] Invoked command in '/home/kush/UR5_Project_main/src/launch_param_builder' returned '0': PYTHONPATH=/home/kush/UR5_Project_main/build/launch_param_builder/prefix_override:/home/kush/UR5_Project_main/install/launch_param_builder/lib/python3.10/site-packages:${PYTHONPATH} /usr/bin/python3 setup.py egg_info --egg-base ../../build/launch_param_builder build --build-base /home/kush/UR5_Project_main/build/launch_param_builder/build install --record /home/kush/UR5_Project_main/build/launch_param_builder/install.log --single-version-externally-managed
