[0.036s] Invoking command in '/home/kush/UR5_Project_main/build/moveit_resources_prbt_support': CMAKE_PREFIX_PATH=${CMAKE_PREFIX_PATH}:/home/kush/ws_moveit2_ur5/install/moveit_configs_utils:/home/kush/ws_moveit2_ur5/install/launch_param_builder:/opt/ros/humble /usr/bin/cmake /home/kush/UR5_Project_main/src/moveit2/moveit_planners/test_configs/prbt_support -DCMAKE_BUILD_TYPE=Release -DCMAKE_INSTALL_PREFIX=/home/kush/UR5_Project_main/install/moveit_resources_prbt_support
[0.201s] -- The C compiler identification is GNU 11.4.0
[0.314s] -- The CXX compiler identification is GNU 11.4.0
[0.334s] -- Detecting C compiler ABI info
[0.538s] -- Detecting C compiler ABI info - done
[0.557s] -- Check for working C compiler: /usr/bin/cc - skipped
[0.557s] -- Detecting C compile features
[0.557s] -- Detecting C compile features - done
[0.563s] -- Detecting CXX compiler ABI info
[0.801s] -- Detecting CXX compiler ABI info - done
[0.815s] -- Check for working CXX compiler: /usr/bin/c++ - skipped
[0.815s] -- Detecting CXX compile features
[0.816s] -- Detecting CXX compile features - done
[0.830s] -- Found ament_cmake: 1.3.5 (/opt/ros/humble/share/ament_cmake/cmake)
[1.279s] -- Found Python3: /usr/bin/python3.10 (found version "3.10.12") found components: Interpreter 
[1.665s] -- Configuring done
[1.669s] -- Generating done
[1.758s] -- Build files have been written to: /home/kush/UR5_Project_main/build/moveit_resources_prbt_support
[1.759s] Invoked command in '/home/kush/UR5_Project_main/build/moveit_resources_prbt_support' returned '0': CMAKE_PREFIX_PATH=${CMAKE_PREFIX_PATH}:/home/kush/ws_moveit2_ur5/install/moveit_configs_utils:/home/kush/ws_moveit2_ur5/install/launch_param_builder:/opt/ros/humble /usr/bin/cmake /home/kush/UR5_Project_main/src/moveit2/moveit_planners/test_configs/prbt_support -DCMAKE_BUILD_TYPE=Release -DCMAKE_INSTALL_PREFIX=/home/kush/UR5_Project_main/install/moveit_resources_prbt_support
[1.760s] Invoking command in '/home/kush/UR5_Project_main/build/moveit_resources_prbt_support': CMAKE_PREFIX_PATH=${CMAKE_PREFIX_PATH}:/home/kush/ws_moveit2_ur5/install/moveit_configs_utils:/home/kush/ws_moveit2_ur5/install/launch_param_builder:/opt/ros/humble /usr/bin/cmake --build /home/kush/UR5_Project_main/build/moveit_resources_prbt_support -- -j4 -l4
[1.813s] Invoked command in '/home/kush/UR5_Project_main/build/moveit_resources_prbt_support' returned '0': CMAKE_PREFIX_PATH=${CMAKE_PREFIX_PATH}:/home/kush/ws_moveit2_ur5/install/moveit_configs_utils:/home/kush/ws_moveit2_ur5/install/launch_param_builder:/opt/ros/humble /usr/bin/cmake --build /home/kush/UR5_Project_main/build/moveit_resources_prbt_support -- -j4 -l4
[1.864s] Invoking command in '/home/kush/UR5_Project_main/build/moveit_resources_prbt_support': CMAKE_PREFIX_PATH=${CMAKE_PREFIX_PATH}:/home/kush/ws_moveit2_ur5/install/moveit_configs_utils:/home/kush/ws_moveit2_ur5/install/launch_param_builder:/opt/ros/humble /usr/bin/cmake --install /home/kush/UR5_Project_main/build/moveit_resources_prbt_support
[1.878s] -- Install configuration: "Release"
[1.879s] -- Installing: /home/kush/UR5_Project_main/install/moveit_resources_prbt_support/share/ament_index/resource_index/package_run_dependencies/moveit_resources_prbt_support
[1.879s] -- Installing: /home/kush/UR5_Project_main/install/moveit_resources_prbt_support/share/ament_index/resource_index/parent_prefix_path/moveit_resources_prbt_support
[1.879s] -- Installing: /home/kush/UR5_Project_main/install/moveit_resources_prbt_support/share/moveit_resources_prbt_support/environment/ament_prefix_path.sh
[1.880s] -- Installing: /home/kush/UR5_Project_main/install/moveit_resources_prbt_support/share/moveit_resources_prbt_support/environment/ament_prefix_path.dsv
[1.880s] -- Installing: /home/kush/UR5_Project_main/install/moveit_resources_prbt_support/share/moveit_resources_prbt_support/environment/path.sh
[1.880s] -- Installing: /home/kush/UR5_Project_main/install/moveit_resources_prbt_support/share/moveit_resources_prbt_support/environment/path.dsv
[1.881s] -- Installing: /home/kush/UR5_Project_main/install/moveit_resources_prbt_support/share/moveit_resources_prbt_support/local_setup.bash
[1.881s] -- Installing: /home/kush/UR5_Project_main/install/moveit_resources_prbt_support/share/moveit_resources_prbt_support/local_setup.sh
[1.882s] -- Installing: /home/kush/UR5_Project_main/install/moveit_resources_prbt_support/share/moveit_resources_prbt_support/local_setup.zsh
[1.882s] -- Installing: /home/kush/UR5_Project_main/install/moveit_resources_prbt_support/share/moveit_resources_prbt_support/local_setup.dsv
[1.882s] -- Installing: /home/kush/UR5_Project_main/install/moveit_resources_prbt_support/share/moveit_resources_prbt_support/package.dsv
[1.882s] -- Installing: /home/kush/UR5_Project_main/install/moveit_resources_prbt_support/share/ament_index/resource_index/packages/moveit_resources_prbt_support
[1.883s] -- Installing: /home/kush/UR5_Project_main/install/moveit_resources_prbt_support/share/moveit_resources_prbt_support/cmake/moveit_resources_prbt_supportConfig.cmake
[1.883s] -- Installing: /home/kush/UR5_Project_main/install/moveit_resources_prbt_support/share/moveit_resources_prbt_support/cmake/moveit_resources_prbt_supportConfig-version.cmake
[1.883s] -- Installing: /home/kush/UR5_Project_main/install/moveit_resources_prbt_support/share/moveit_resources_prbt_support/package.xml
[1.883s] -- Installing: /home/kush/UR5_Project_main/install/moveit_resources_prbt_support/share/moveit_resources_prbt_support/urdf
[1.883s] -- Installing: /home/kush/UR5_Project_main/install/moveit_resources_prbt_support/share/moveit_resources_prbt_support/urdf/prbt.xacro
[1.884s] -- Installing: /home/kush/UR5_Project_main/install/moveit_resources_prbt_support/share/moveit_resources_prbt_support/urdf/prbt.ros2_control.xacro
[1.884s] -- Installing: /home/kush/UR5_Project_main/install/moveit_resources_prbt_support/share/moveit_resources_prbt_support/urdf/simple_gripper_brackets.urdf.xacro
[1.884s] -- Installing: /home/kush/UR5_Project_main/install/moveit_resources_prbt_support/share/moveit_resources_prbt_support/urdf/prbt_macro.xacro
[1.884s] -- Installing: /home/kush/UR5_Project_main/install/moveit_resources_prbt_support/share/moveit_resources_prbt_support/meshes
[1.884s] -- Installing: /home/kush/UR5_Project_main/install/moveit_resources_prbt_support/share/moveit_resources_prbt_support/meshes/link_2.stl
[1.885s] -- Installing: /home/kush/UR5_Project_main/install/moveit_resources_prbt_support/share/moveit_resources_prbt_support/meshes/foot.dae
[1.885s] -- Installing: /home/kush/UR5_Project_main/install/moveit_resources_prbt_support/share/moveit_resources_prbt_support/meshes/foot.stl
[1.886s] -- Installing: /home/kush/UR5_Project_main/install/moveit_resources_prbt_support/share/moveit_resources_prbt_support/meshes/link_1.dae
[1.887s] -- Installing: /home/kush/UR5_Project_main/install/moveit_resources_prbt_support/share/moveit_resources_prbt_support/meshes/link_5.stl
[1.887s] -- Installing: /home/kush/UR5_Project_main/install/moveit_resources_prbt_support/share/moveit_resources_prbt_support/meshes/flange.stl
[1.887s] -- Installing: /home/kush/UR5_Project_main/install/moveit_resources_prbt_support/share/moveit_resources_prbt_support/meshes/link_5.dae
[1.888s] -- Installing: /home/kush/UR5_Project_main/install/moveit_resources_prbt_support/share/moveit_resources_prbt_support/meshes/link_4.stl
[1.888s] -- Installing: /home/kush/UR5_Project_main/install/moveit_resources_prbt_support/share/moveit_resources_prbt_support/meshes/link_4.dae
[1.889s] -- Installing: /home/kush/UR5_Project_main/install/moveit_resources_prbt_support/share/moveit_resources_prbt_support/meshes/link_2.dae
[1.891s] -- Installing: /home/kush/UR5_Project_main/install/moveit_resources_prbt_support/share/moveit_resources_prbt_support/meshes/link_1.stl
[1.891s] -- Installing: /home/kush/UR5_Project_main/install/moveit_resources_prbt_support/share/moveit_resources_prbt_support/meshes/flange.dae
[1.892s] -- Installing: /home/kush/UR5_Project_main/install/moveit_resources_prbt_support/share/moveit_resources_prbt_support/meshes/link_3.dae
[1.892s] -- Installing: /home/kush/UR5_Project_main/install/moveit_resources_prbt_support/share/moveit_resources_prbt_support/meshes/link_3.stl
[1.892s] -- Installing: /home/kush/UR5_Project_main/install/moveit_resources_prbt_support/share/moveit_resources_prbt_support/config
[1.893s] -- Installing: /home/kush/UR5_Project_main/install/moveit_resources_prbt_support/share/moveit_resources_prbt_support/config/prbt_0_1.dcf
[1.893s] -- Installing: /home/kush/UR5_Project_main/install/moveit_resources_prbt_support/share/moveit_resources_prbt_support/config/manipulator_driver.yaml
[1.893s] -- Installing: /home/kush/UR5_Project_main/install/moveit_resources_prbt_support/share/moveit_resources_prbt_support/config/manipulator_controller.yaml
[1.901s] Invoked command in '/home/kush/UR5_Project_main/build/moveit_resources_prbt_support' returned '0': CMAKE_PREFIX_PATH=${CMAKE_PREFIX_PATH}:/home/kush/ws_moveit2_ur5/install/moveit_configs_utils:/home/kush/ws_moveit2_ur5/install/launch_param_builder:/opt/ros/humble /usr/bin/cmake --install /home/kush/UR5_Project_main/build/moveit_resources_prbt_support
