[0.541s] Invoking command in '/home/kush/UR5_Project_main/src/build/moveit_common': CMAKE_PREFIX_PATH=${CMAKE_PREFIX_PATH}:/home/kush/UR5_Project_main/install/moveit_configs_utils:/home/kush/UR5_Project_main/install/launch_param_builder:/home/kush/ws_moveit2_ur5/install/moveit_configs_utils:/home/kush/ws_moveit2_ur5/install/launch_param_builder:/opt/ros/humble /usr/bin/cmake /home/kush/UR5_Project_main/src/moveit2/moveit_common -DCMAKE_BUILD_TYPE=Debug -DCMAKE_INSTALL_PREFIX=/home/kush/UR5_Project_main/src/install/moveit_common
[1.361s] -- Found ament_cmake: 1.3.5 (/opt/ros/humble/share/ament_cmake/cmake)
[1.715s] -- Found Python3: /usr/bin/python3.10 (found version "3.10.12") found components: Interpreter 
[2.607s] -- Found ament_lint_auto: 0.12.7 (/opt/ros/humble/share/ament_lint_auto/cmake)
[4.773s] -- Added test 'copyright' to check source files copyright and LICENSE
[4.835s] -- Added test 'lint_cmake' to check CMake code style
[4.862s] -- Added test 'xmllint' to check XML markup files
[4.905s] -- Configuring done
[4.909s] -- Generating done
[4.912s] -- Build files have been written to: /home/kush/UR5_Project_main/src/build/moveit_common
[4.920s] Invoked command in '/home/kush/UR5_Project_main/src/build/moveit_common' returned '0': CMAKE_PREFIX_PATH=${CMAKE_PREFIX_PATH}:/home/kush/UR5_Project_main/install/moveit_configs_utils:/home/kush/UR5_Project_main/install/launch_param_builder:/home/kush/ws_moveit2_ur5/install/moveit_configs_utils:/home/kush/ws_moveit2_ur5/install/launch_param_builder:/opt/ros/humble /usr/bin/cmake /home/kush/UR5_Project_main/src/moveit2/moveit_common -DCMAKE_BUILD_TYPE=Debug -DCMAKE_INSTALL_PREFIX=/home/kush/UR5_Project_main/src/install/moveit_common
[4.922s] Invoking command in '/home/kush/UR5_Project_main/src/build/moveit_common': CMAKE_PREFIX_PATH=${CMAKE_PREFIX_PATH}:/home/kush/UR5_Project_main/install/moveit_configs_utils:/home/kush/UR5_Project_main/install/launch_param_builder:/home/kush/ws_moveit2_ur5/install/moveit_configs_utils:/home/kush/ws_moveit2_ur5/install/launch_param_builder:/opt/ros/humble /usr/bin/cmake --build /home/kush/UR5_Project_main/src/build/moveit_common -- -j4 -l4
[5.061s] Invoked command in '/home/kush/UR5_Project_main/src/build/moveit_common' returned '0': CMAKE_PREFIX_PATH=${CMAKE_PREFIX_PATH}:/home/kush/UR5_Project_main/install/moveit_configs_utils:/home/kush/UR5_Project_main/install/launch_param_builder:/home/kush/ws_moveit2_ur5/install/moveit_configs_utils:/home/kush/ws_moveit2_ur5/install/launch_param_builder:/opt/ros/humble /usr/bin/cmake --build /home/kush/UR5_Project_main/src/build/moveit_common -- -j4 -l4
[5.146s] Invoking command in '/home/kush/UR5_Project_main/src/build/moveit_common': CMAKE_PREFIX_PATH=${CMAKE_PREFIX_PATH}:/home/kush/UR5_Project_main/install/moveit_configs_utils:/home/kush/UR5_Project_main/install/launch_param_builder:/home/kush/ws_moveit2_ur5/install/moveit_configs_utils:/home/kush/ws_moveit2_ur5/install/launch_param_builder:/opt/ros/humble /usr/bin/cmake --install /home/kush/UR5_Project_main/src/build/moveit_common
[5.170s] -- Install configuration: "Debug"
[5.171s] -- Installing: /home/kush/UR5_Project_main/src/install/moveit_common/share/ament_index/resource_index/package_run_dependencies/moveit_common
[5.171s] -- Installing: /home/kush/UR5_Project_main/src/install/moveit_common/share/ament_index/resource_index/parent_prefix_path/moveit_common
[5.171s] -- Installing: /home/kush/UR5_Project_main/src/install/moveit_common/share/moveit_common/environment/ament_prefix_path.sh
[5.172s] -- Installing: /home/kush/UR5_Project_main/src/install/moveit_common/share/moveit_common/environment/ament_prefix_path.dsv
[5.172s] -- Installing: /home/kush/UR5_Project_main/src/install/moveit_common/share/moveit_common/environment/path.sh
[5.172s] -- Installing: /home/kush/UR5_Project_main/src/install/moveit_common/share/moveit_common/environment/path.dsv
[5.172s] -- Installing: /home/kush/UR5_Project_main/src/install/moveit_common/share/moveit_common/local_setup.bash
[5.172s] -- Installing: /home/kush/UR5_Project_main/src/install/moveit_common/share/moveit_common/local_setup.sh
[5.173s] -- Installing: /home/kush/UR5_Project_main/src/install/moveit_common/share/moveit_common/local_setup.zsh
[5.173s] -- Installing: /home/kush/UR5_Project_main/src/install/moveit_common/share/moveit_common/local_setup.dsv
[5.173s] -- Installing: /home/kush/UR5_Project_main/src/install/moveit_common/share/moveit_common/package.dsv
[5.173s] -- Installing: /home/kush/UR5_Project_main/src/install/moveit_common/share/ament_index/resource_index/packages/moveit_common
[5.174s] -- Installing: /home/kush/UR5_Project_main/src/install/moveit_common/share/moveit_common/cmake/moveit_common-extras.cmake
[5.174s] -- Installing: /home/kush/UR5_Project_main/src/install/moveit_common/share/moveit_common/cmake/moveit_commonConfig.cmake
[5.174s] -- Installing: /home/kush/UR5_Project_main/src/install/moveit_common/share/moveit_common/cmake/moveit_commonConfig-version.cmake
[5.175s] -- Installing: /home/kush/UR5_Project_main/src/install/moveit_common/share/moveit_common/package.xml
[5.175s] -- Up-to-date: /home/kush/UR5_Project_main/src/install/moveit_common/share/moveit_common/cmake
[5.175s] -- Installing: /home/kush/UR5_Project_main/src/install/moveit_common/share/moveit_common/cmake/moveit_package.cmake
[5.191s] Invoked command in '/home/kush/UR5_Project_main/src/build/moveit_common' returned '0': CMAKE_PREFIX_PATH=${CMAKE_PREFIX_PATH}:/home/kush/UR5_Project_main/install/moveit_configs_utils:/home/kush/UR5_Project_main/install/launch_param_builder:/home/kush/ws_moveit2_ur5/install/moveit_configs_utils:/home/kush/ws_moveit2_ur5/install/launch_param_builder:/opt/ros/humble /usr/bin/cmake --install /home/kush/UR5_Project_main/src/build/moveit_common
