[12.658s] Invoking command in '/home/kush/UR5_Project_main/src/launch_param_builder': PYTHONPATH=/home/kush/UR5_Project_main/build/launch_param_builder/prefix_override:/home/kush/UR5_Project_main/install/launch_param_builder/lib/python3.10/site-packages:${PYTHONPATH} /usr/bin/python3 setup.py egg_info --egg-base ../../build/launch_param_builder build --build-base /home/kush/UR5_Project_main/build/launch_param_builder/build install --record /home/kush/UR5_Project_main/build/launch_param_builder/install.log --single-version-externally-managed
[13.188s] running egg_info
[13.189s] writing ../../build/launch_param_builder/launch_param_builder.egg-info/PKG-INFO
[13.190s] writing dependency_links to ../../build/launch_param_builder/launch_param_builder.egg-info/dependency_links.txt
[13.190s] writing entry points to ../../build/launch_param_builder/launch_param_builder.egg-info/entry_points.txt
[13.190s] writing requirements to ../../build/launch_param_builder/launch_param_builder.egg-info/requires.txt
[13.191s] writing top-level names to ../../build/launch_param_builder/launch_param_builder.egg-info/top_level.txt
[13.209s] reading manifest file '../../build/launch_param_builder/launch_param_builder.egg-info/SOURCES.txt'
[13.266s] adding license file 'LICENSE'
[13.267s] writing manifest file '../../build/launch_param_builder/launch_param_builder.egg-info/SOURCES.txt'
[13.267s] running build
[13.267s] running build_py
[13.268s] running install
[13.303s] /usr/lib/python3/dist-packages/setuptools/command/install.py:34: SetuptoolsDeprecationWarning: setup.py install is deprecated. Use build and pip and other standards-based tools.
[13.303s]   warnings.warn(
[13.305s] running install_lib
[13.307s] running install_data
[13.309s] running install_egg_info
[13.313s] removing '/home/kush/UR5_Project_main/install/launch_param_builder/lib/python3.10/site-packages/launch_param_builder-0.1.1-py3.10.egg-info' (and everything under it)
[13.314s] Copying ../../build/launch_param_builder/launch_param_builder.egg-info to /home/kush/UR5_Project_main/install/launch_param_builder/lib/python3.10/site-packages/launch_param_builder-0.1.1-py3.10.egg-info
[13.342s] running install_scripts
[13.372s] writing list of installed files to '/home/kush/UR5_Project_main/build/launch_param_builder/install.log'
[13.423s] Invoked command in '/home/kush/UR5_Project_main/src/launch_param_builder' returned '0': PYTHONPATH=/home/kush/UR5_Project_main/build/launch_param_builder/prefix_override:/home/kush/UR5_Project_main/install/launch_param_builder/lib/python3.10/site-packages:${PYTHONPATH} /usr/bin/python3 setup.py egg_info --egg-base ../../build/launch_param_builder build --build-base /home/kush/UR5_Project_main/build/launch_param_builder/build install --record /home/kush/UR5_Project_main/build/launch_param_builder/install.log --single-version-externally-managed
