[0.094s] Invoking command in '/home/kush/UR5_Project_main/src/build/moveit_resources_prbt_support': CMAKE_PREFIX_PATH=${CMAKE_PREFIX_PATH}:/home/kush/UR5_Project_main/install/moveit_configs_utils:/home/kush/UR5_Project_main/install/launch_param_builder:/home/kush/ws_moveit2_ur5/install/moveit_configs_utils:/home/kush/ws_moveit2_ur5/install/launch_param_builder:/opt/ros/humble /usr/bin/cmake /home/kush/UR5_Project_main/src/moveit2/moveit_planners/test_configs/prbt_support -DCMAKE_BUILD_TYPE=Debug -DCMAKE_INSTALL_PREFIX=/home/kush/UR5_Project_main/src/install/moveit_resources_prbt_support
[0.779s] -- The C compiler identification is GNU 11.4.0
[0.997s] -- The CXX compiler identification is GNU 11.4.0
[1.012s] -- Detecting C compiler ABI info
[1.394s] -- Detecting C compiler ABI info - done
[1.413s] -- Check for working C compiler: /usr/bin/cc - skipped
[1.414s] -- Detecting C compile features
[1.415s] -- Detecting C compile features - done
[1.426s] -- Detecting CXX compiler ABI info
[1.751s] -- Detecting CXX compiler ABI info - done
[1.776s] -- Check for working CXX compiler: /usr/bin/c++ - skipped
[1.776s] -- Detecting CXX compile features
[1.778s] -- Detecting CXX compile features - done
[1.810s] -- Found ament_cmake: 1.3.5 (/opt/ros/humble/share/ament_cmake/cmake)
[2.693s] -- Found Python3: /usr/bin/python3.10 (found version "3.10.12") found components: Interpreter 
[3.459s] -- Configuring done
[3.465s] -- Generating done
[3.791s] -- Build files have been written to: /home/kush/UR5_Project_main/src/build/moveit_resources_prbt_support
[3.937s] Invoked command in '/home/kush/UR5_Project_main/src/build/moveit_resources_prbt_support' returned '0': CMAKE_PREFIX_PATH=${CMAKE_PREFIX_PATH}:/home/kush/UR5_Project_main/install/moveit_configs_utils:/home/kush/UR5_Project_main/install/launch_param_builder:/home/kush/ws_moveit2_ur5/install/moveit_configs_utils:/home/kush/ws_moveit2_ur5/install/launch_param_builder:/opt/ros/humble /usr/bin/cmake /home/kush/UR5_Project_main/src/moveit2/moveit_planners/test_configs/prbt_support -DCMAKE_BUILD_TYPE=Debug -DCMAKE_INSTALL_PREFIX=/home/kush/UR5_Project_main/src/install/moveit_resources_prbt_support
[3.938s] Invoking command in '/home/kush/UR5_Project_main/src/build/moveit_resources_prbt_support': CMAKE_PREFIX_PATH=${CMAKE_PREFIX_PATH}:/home/kush/UR5_Project_main/install/moveit_configs_utils:/home/kush/UR5_Project_main/install/launch_param_builder:/home/kush/ws_moveit2_ur5/install/moveit_configs_utils:/home/kush/ws_moveit2_ur5/install/launch_param_builder:/opt/ros/humble /usr/bin/cmake --build /home/kush/UR5_Project_main/src/build/moveit_resources_prbt_support -- -j4 -l4
[4.146s] Invoked command in '/home/kush/UR5_Project_main/src/build/moveit_resources_prbt_support' returned '0': CMAKE_PREFIX_PATH=${CMAKE_PREFIX_PATH}:/home/kush/UR5_Project_main/install/moveit_configs_utils:/home/kush/UR5_Project_main/install/launch_param_builder:/home/kush/ws_moveit2_ur5/install/moveit_configs_utils:/home/kush/ws_moveit2_ur5/install/launch_param_builder:/opt/ros/humble /usr/bin/cmake --build /home/kush/UR5_Project_main/src/build/moveit_resources_prbt_support -- -j4 -l4
[4.250s] Invoking command in '/home/kush/UR5_Project_main/src/build/moveit_resources_prbt_support': CMAKE_PREFIX_PATH=${CMAKE_PREFIX_PATH}:/home/kush/UR5_Project_main/install/moveit_configs_utils:/home/kush/UR5_Project_main/install/launch_param_builder:/home/kush/ws_moveit2_ur5/install/moveit_configs_utils:/home/kush/ws_moveit2_ur5/install/launch_param_builder:/opt/ros/humble /usr/bin/cmake --install /home/kush/UR5_Project_main/src/build/moveit_resources_prbt_support
[4.274s] -- Install configuration: "Debug"
[4.275s] -- Installing: /home/kush/UR5_Project_main/src/install/moveit_resources_prbt_support/share/ament_index/resource_index/package_run_dependencies/moveit_resources_prbt_support
[4.275s] -- Installing: /home/kush/UR5_Project_main/src/install/moveit_resources_prbt_support/share/ament_index/resource_index/parent_prefix_path/moveit_resources_prbt_support
[4.276s] -- Installing: /home/kush/UR5_Project_main/src/install/moveit_resources_prbt_support/share/moveit_resources_prbt_support/environment/ament_prefix_path.sh
[4.276s] -- Installing: /home/kush/UR5_Project_main/src/install/moveit_resources_prbt_support/share/moveit_resources_prbt_support/environment/ament_prefix_path.dsv
[4.276s] -- Installing: /home/kush/UR5_Project_main/src/install/moveit_resources_prbt_support/share/moveit_resources_prbt_support/environment/path.sh
[4.277s] -- Installing: /home/kush/UR5_Project_main/src/install/moveit_resources_prbt_support/share/moveit_resources_prbt_support/environment/path.dsv
[4.277s] -- Installing: /home/kush/UR5_Project_main/src/install/moveit_resources_prbt_support/share/moveit_resources_prbt_support/local_setup.bash
[4.277s] -- Installing: /home/kush/UR5_Project_main/src/install/moveit_resources_prbt_support/share/moveit_resources_prbt_support/local_setup.sh
[4.277s] -- Installing: /home/kush/UR5_Project_main/src/install/moveit_resources_prbt_support/share/moveit_resources_prbt_support/local_setup.zsh
[4.278s] -- Installing: /home/kush/UR5_Project_main/src/install/moveit_resources_prbt_support/share/moveit_resources_prbt_support/local_setup.dsv
[4.278s] -- Installing: /home/kush/UR5_Project_main/src/install/moveit_resources_prbt_support/share/moveit_resources_prbt_support/package.dsv
[4.278s] -- Installing: /home/kush/UR5_Project_main/src/install/moveit_resources_prbt_support/share/ament_index/resource_index/packages/moveit_resources_prbt_support
[4.279s] -- Installing: /home/kush/UR5_Project_main/src/install/moveit_resources_prbt_support/share/moveit_resources_prbt_support/cmake/moveit_resources_prbt_supportConfig.cmake
[4.280s] -- Installing: /home/kush/UR5_Project_main/src/install/moveit_resources_prbt_support/share/moveit_resources_prbt_support/cmake/moveit_resources_prbt_supportConfig-version.cmake
[4.281s] -- Installing: /home/kush/UR5_Project_main/src/install/moveit_resources_prbt_support/share/moveit_resources_prbt_support/package.xml
[4.283s] -- Installing: /home/kush/UR5_Project_main/src/install/moveit_resources_prbt_support/share/moveit_resources_prbt_support/urdf
[4.283s] -- Installing: /home/kush/UR5_Project_main/src/install/moveit_resources_prbt_support/share/moveit_resources_prbt_support/urdf/prbt.xacro
[4.648s] -- Installing: /home/kush/UR5_Project_main/src/install/moveit_resources_prbt_support/share/moveit_resources_prbt_support/urdf/prbt.ros2_control.xacro
[4.714s] -- Installing: /home/kush/UR5_Project_main/src/install/moveit_resources_prbt_support/share/moveit_resources_prbt_support/urdf/simple_gripper_brackets.urdf.xacro
[4.719s] -- Installing: /home/kush/UR5_Project_main/src/install/moveit_resources_prbt_support/share/moveit_resources_prbt_support/urdf/prbt_macro.xacro
[4.725s] -- Installing: /home/kush/UR5_Project_main/src/install/moveit_resources_prbt_support/share/moveit_resources_prbt_support/meshes
[4.725s] -- Installing: /home/kush/UR5_Project_main/src/install/moveit_resources_prbt_support/share/moveit_resources_prbt_support/meshes/link_2.stl
[4.753s] -- Installing: /home/kush/UR5_Project_main/src/install/moveit_resources_prbt_support/share/moveit_resources_prbt_support/meshes/foot.dae
[4.780s] -- Installing: /home/kush/UR5_Project_main/src/install/moveit_resources_prbt_support/share/moveit_resources_prbt_support/meshes/foot.stl
[4.798s] -- Installing: /home/kush/UR5_Project_main/src/install/moveit_resources_prbt_support/share/moveit_resources_prbt_support/meshes/link_1.dae
[4.803s] -- Installing: /home/kush/UR5_Project_main/src/install/moveit_resources_prbt_support/share/moveit_resources_prbt_support/meshes/link_5.stl
[4.816s] -- Installing: /home/kush/UR5_Project_main/src/install/moveit_resources_prbt_support/share/moveit_resources_prbt_support/meshes/flange.stl
[4.842s] -- Installing: /home/kush/UR5_Project_main/src/install/moveit_resources_prbt_support/share/moveit_resources_prbt_support/meshes/link_5.dae
[5.003s] -- Installing: /home/kush/UR5_Project_main/src/install/moveit_resources_prbt_support/share/moveit_resources_prbt_support/meshes/link_4.stl
[5.109s] -- Installing: /home/kush/UR5_Project_main/src/install/moveit_resources_prbt_support/share/moveit_resources_prbt_support/meshes/link_4.dae
[6.325s] -- Installing: /home/kush/UR5_Project_main/src/install/moveit_resources_prbt_support/share/moveit_resources_prbt_support/meshes/link_2.dae
[6.885s] -- Installing: /home/kush/UR5_Project_main/src/install/moveit_resources_prbt_support/share/moveit_resources_prbt_support/meshes/link_1.stl
[6.911s] -- Installing: /home/kush/UR5_Project_main/src/install/moveit_resources_prbt_support/share/moveit_resources_prbt_support/meshes/flange.dae
[6.927s] -- Installing: /home/kush/UR5_Project_main/src/install/moveit_resources_prbt_support/share/moveit_resources_prbt_support/meshes/link_3.dae
[7.010s] -- Installing: /home/kush/UR5_Project_main/src/install/moveit_resources_prbt_support/share/moveit_resources_prbt_support/meshes/link_3.stl
[7.053s] -- Installing: /home/kush/UR5_Project_main/src/install/moveit_resources_prbt_support/share/moveit_resources_prbt_support/config
[7.054s] -- Installing: /home/kush/UR5_Project_main/src/install/moveit_resources_prbt_support/share/moveit_resources_prbt_support/config/prbt_0_1.dcf
[7.065s] -- Installing: /home/kush/UR5_Project_main/src/install/moveit_resources_prbt_support/share/moveit_resources_prbt_support/config/manipulator_driver.yaml
[7.107s] -- Installing: /home/kush/UR5_Project_main/src/install/moveit_resources_prbt_support/share/moveit_resources_prbt_support/config/manipulator_controller.yaml
[8.138s] Invoked command in '/home/kush/UR5_Project_main/src/build/moveit_resources_prbt_support' returned '0': CMAKE_PREFIX_PATH=${CMAKE_PREFIX_PATH}:/home/kush/UR5_Project_main/install/moveit_configs_utils:/home/kush/UR5_Project_main/install/launch_param_builder:/home/kush/ws_moveit2_ur5/install/moveit_configs_utils:/home/kush/ws_moveit2_ur5/install/launch_param_builder:/opt/ros/humble /usr/bin/cmake --install /home/kush/UR5_Project_main/src/build/moveit_resources_prbt_support
