[0.807s] Invoking command in '/home/kush/UR5_Project_main/build/moveit_resources_panda_description': CMAKE_PREFIX_PATH=${CMAKE_PREFIX_PATH}:/home/kush/ws_moveit2_ur5/install/moveit_configs_utils:/home/kush/ws_moveit2_ur5/install/launch_param_builder:/opt/ros/humble /usr/bin/cmake --build /home/kush/UR5_Project_main/build/moveit_resources_panda_description -- -j4 -l4
[1.213s] Invoked command in '/home/kush/UR5_Project_main/build/moveit_resources_panda_description' returned '0': CMAKE_PREFIX_PATH=${CMAKE_PREFIX_PATH}:/home/kush/ws_moveit2_ur5/install/moveit_configs_utils:/home/kush/ws_moveit2_ur5/install/launch_param_builder:/opt/ros/humble /usr/bin/cmake --build /home/kush/UR5_Project_main/build/moveit_resources_panda_description -- -j4 -l4
[1.324s] Invoking command in '/home/kush/UR5_Project_main/build/moveit_resources_panda_description': CMAKE_PREFIX_PATH=${CMAKE_PREFIX_PATH}:/home/kush/ws_moveit2_ur5/install/moveit_configs_utils:/home/kush/ws_moveit2_ur5/install/launch_param_builder:/opt/ros/humble /usr/bin/cmake --install /home/kush/UR5_Project_main/build/moveit_resources_panda_description
[1.408s] -- Install configuration: "Release"
[1.409s] -- Up-to-date: /home/kush/UR5_Project_main/install/moveit_resources_panda_description/share/ament_index/resource_index/package_run_dependencies/moveit_resources_panda_description
[1.410s] -- Up-to-date: /home/kush/UR5_Project_main/install/moveit_resources_panda_description/share/ament_index/resource_index/parent_prefix_path/moveit_resources_panda_description
[1.410s] -- Up-to-date: /home/kush/UR5_Project_main/install/moveit_resources_panda_description/share/moveit_resources_panda_description/environment/ament_prefix_path.sh
[1.410s] -- Up-to-date: /home/kush/UR5_Project_main/install/moveit_resources_panda_description/share/moveit_resources_panda_description/environment/ament_prefix_path.dsv
[1.410s] -- Up-to-date: /home/kush/UR5_Project_main/install/moveit_resources_panda_description/share/moveit_resources_panda_description/environment/path.sh
[1.410s] -- Up-to-date: /home/kush/UR5_Project_main/install/moveit_resources_panda_description/share/moveit_resources_panda_description/environment/path.dsv
[1.410s] -- Up-to-date: /home/kush/UR5_Project_main/install/moveit_resources_panda_description/share/moveit_resources_panda_description/local_setup.bash
[1.411s] -- Up-to-date: /home/kush/UR5_Project_main/install/moveit_resources_panda_description/share/moveit_resources_panda_description/local_setup.sh
[1.412s] -- Up-to-date: /home/kush/UR5_Project_main/install/moveit_resources_panda_description/share/moveit_resources_panda_description/local_setup.zsh
[1.412s] -- Up-to-date: /home/kush/UR5_Project_main/install/moveit_resources_panda_description/share/moveit_resources_panda_description/local_setup.dsv
[1.412s] -- Installing: /home/kush/UR5_Project_main/install/moveit_resources_panda_description/share/moveit_resources_panda_description/package.dsv
[1.460s] -- Up-to-date: /home/kush/UR5_Project_main/install/moveit_resources_panda_description/share/ament_index/resource_index/packages/moveit_resources_panda_description
[1.461s] -- Up-to-date: /home/kush/UR5_Project_main/install/moveit_resources_panda_description/share/moveit_resources_panda_description/cmake/moveit_resources_panda_descriptionConfig.cmake
[1.461s] -- Up-to-date: /home/kush/UR5_Project_main/install/moveit_resources_panda_description/share/moveit_resources_panda_description/cmake/moveit_resources_panda_descriptionConfig-version.cmake
[1.462s] -- Up-to-date: /home/kush/UR5_Project_main/install/moveit_resources_panda_description/share/moveit_resources_panda_description/package.xml
[1.462s] -- Up-to-date: /home/kush/UR5_Project_main/install/moveit_resources_panda_description/share/moveit_resources_panda_description/meshes
[1.462s] -- Up-to-date: /home/kush/UR5_Project_main/install/moveit_resources_panda_description/share/moveit_resources_panda_description/meshes/visual
[1.462s] -- Up-to-date: /home/kush/UR5_Project_main/install/moveit_resources_panda_description/share/moveit_resources_panda_description/meshes/visual/link1.dae
[1.462s] -- Up-to-date: /home/kush/UR5_Project_main/install/moveit_resources_panda_description/share/moveit_resources_panda_description/meshes/visual/link7.dae
[1.463s] -- Up-to-date: /home/kush/UR5_Project_main/install/moveit_resources_panda_description/share/moveit_resources_panda_description/meshes/visual/link2.dae
[1.463s] -- Up-to-date: /home/kush/UR5_Project_main/install/moveit_resources_panda_description/share/moveit_resources_panda_description/meshes/visual/finger.dae
[1.463s] -- Up-to-date: /home/kush/UR5_Project_main/install/moveit_resources_panda_description/share/moveit_resources_panda_description/meshes/visual/link5.dae
[1.463s] -- Up-to-date: /home/kush/UR5_Project_main/install/moveit_resources_panda_description/share/moveit_resources_panda_description/meshes/visual/link0.dae
[1.463s] -- Up-to-date: /home/kush/UR5_Project_main/install/moveit_resources_panda_description/share/moveit_resources_panda_description/meshes/visual/link6.dae
[1.463s] -- Up-to-date: /home/kush/UR5_Project_main/install/moveit_resources_panda_description/share/moveit_resources_panda_description/meshes/visual/link4.dae
[1.463s] -- Up-to-date: /home/kush/UR5_Project_main/install/moveit_resources_panda_description/share/moveit_resources_panda_description/meshes/visual/hand.dae
[1.464s] -- Up-to-date: /home/kush/UR5_Project_main/install/moveit_resources_panda_description/share/moveit_resources_panda_description/meshes/visual/link3.dae
[1.464s] -- Up-to-date: /home/kush/UR5_Project_main/install/moveit_resources_panda_description/share/moveit_resources_panda_description/meshes/collision
[1.464s] -- Up-to-date: /home/kush/UR5_Project_main/install/moveit_resources_panda_description/share/moveit_resources_panda_description/meshes/collision/finger.stl
[1.464s] -- Up-to-date: /home/kush/UR5_Project_main/install/moveit_resources_panda_description/share/moveit_resources_panda_description/meshes/collision/link3.stl
[1.465s] -- Up-to-date: /home/kush/UR5_Project_main/install/moveit_resources_panda_description/share/moveit_resources_panda_description/meshes/collision/link2.stl
[1.467s] -- Up-to-date: /home/kush/UR5_Project_main/install/moveit_resources_panda_description/share/moveit_resources_panda_description/meshes/collision/link7.stl
[1.467s] -- Up-to-date: /home/kush/UR5_Project_main/install/moveit_resources_panda_description/share/moveit_resources_panda_description/meshes/collision/link4.stl
[1.467s] -- Up-to-date: /home/kush/UR5_Project_main/install/moveit_resources_panda_description/share/moveit_resources_panda_description/meshes/collision/hand.stl
[1.467s] -- Up-to-date: /home/kush/UR5_Project_main/install/moveit_resources_panda_description/share/moveit_resources_panda_description/meshes/collision/link1.stl
[1.468s] -- Up-to-date: /home/kush/UR5_Project_main/install/moveit_resources_panda_description/share/moveit_resources_panda_description/meshes/collision/link0.stl
[1.468s] -- Up-to-date: /home/kush/UR5_Project_main/install/moveit_resources_panda_description/share/moveit_resources_panda_description/meshes/collision/link6.stl
[1.468s] -- Up-to-date: /home/kush/UR5_Project_main/install/moveit_resources_panda_description/share/moveit_resources_panda_description/meshes/collision/link5.stl
[1.468s] -- Up-to-date: /home/kush/UR5_Project_main/install/moveit_resources_panda_description/share/moveit_resources_panda_description/urdf
[1.468s] -- Up-to-date: /home/kush/UR5_Project_main/install/moveit_resources_panda_description/share/moveit_resources_panda_description/urdf/panda.urdf
[1.468s] Invoked command in '/home/kush/UR5_Project_main/build/moveit_resources_panda_description' returned '0': CMAKE_PREFIX_PATH=${CMAKE_PREFIX_PATH}:/home/kush/ws_moveit2_ur5/install/moveit_configs_utils:/home/kush/ws_moveit2_ur5/install/launch_param_builder:/opt/ros/humble /usr/bin/cmake --install /home/kush/UR5_Project_main/build/moveit_resources_panda_description
