[0.209s] Invoking command in '/home/kush/UR5_Project_main/src/build/moveit_ros_planning': AMENT_PREFIX_PATH=/home/kush/UR5_Project_main/src/install/moveit_ros_occupancy_map_monitor:/home/kush/UR5_Project_main/src/install/moveit_core:/home/kush/UR5_Project_main/src/install/moveit_resources_panda_moveit_config:/home/kush/UR5_Project_main/src/install/srdfdom:/home/kush/UR5_Project_main/src/install/moveit_resources_panda_description:/home/kush/UR5_Project_main/src/install/moveit_common:${AMENT_PREFIX_PATH} CMAKE_PREFIX_PATH=/home/kush/UR5_Project_main/src/install/moveit_ros_occupancy_map_monitor:/home/kush/UR5_Project_main/src/install/moveit_core:/home/kush/UR5_Project_main/src/install/moveit_resources_panda_moveit_config:/home/kush/UR5_Project_main/src/install/srdfdom:/home/kush/UR5_Project_main/src/install/moveit_resources_panda_description:/home/kush/UR5_Project_main/src/install/moveit_common:/home/kush/UR5_Project_main/install/ur:/home/kush/UR5_Project_main/install/ur_calibration:/home/kush/UR5_Project_main/install/ur_robot_driver:/home/kush/UR5_Project_main/install/ur_moveit_config:/home/kush/UR5_Project_main/install/ur_bringup:/home/kush/UR5_Project_main/install/ur5_moveit:/home/kush/UR5_Project_main/install/ur_description:/home/kush/UR5_Project_main/install/ur_controllers:/home/kush/UR5_Project_main/install/ur_dashboard_msgs:/home/kush/UR5_Project_main/install/pilz_industrial_motion_planner_testutils:/home/kush/UR5_Project_main/install/moveit_runtime:/home/kush/UR5_Project_main/install/moveit2_tutorials:/home/kush/UR5_Project_main/install/moveit:/home/kush/UR5_Project_main/install/moveit_planners:/home/kush/UR5_Project_main/install/pilz_industrial_motion_planner:/home/kush/UR5_Project_main/install/moveit_visual_tools:/home/kush/UR5_Project_main/install/moveit_task_constructor_visualization:/home/kush/UR5_Project_main/install/moveit_task_constructor_demo:/home/kush/UR5_Project_main/install/moveit_task_constructor_capabilities:/home/kush/UR5_Project_main/install/moveit_task_constructor_core:/home/kush/UR5_Project_main/install/moveit_ros_control_interface:/home/kush/UR5_Project_main/install/moveit_plugins:/home/kush/UR5_Project_main/install/moveit_simple_controller_manager:/home/kush/UR5_Project_main/install/moveit_setup_assistant:/home/kush/UR5_Project_main/install/moveit_setup_srdf_plugins:/home/kush/UR5_Project_main/install/moveit_setup_core_plugins:/home/kush/UR5_Project_main/install/moveit_setup_controllers:/home/kush/UR5_Project_main/install/moveit_setup_app_plugins:/home/kush/UR5_Project_main/install/moveit_setup_framework:/home/kush/UR5_Project_main/install/moveit_servo:/home/kush/UR5_Project_main/install/moveit_ros:/home/kush/UR5_Project_main/install/moveit_ros_visualization:/home/kush/UR5_Project_main/install/moveit_hybrid_planning:/home/kush/UR5_Project_main/install/moveit_ros_planning_interface:/home/kush/UR5_Project_main/install/moveit_ros_benchmarks:/home/kush/UR5_Project_main/install/moveit_ros_warehouse:/home/kush/UR5_Project_main/install/moveit_ros_robot_interaction:/home/kush/UR5_Project_main/install/moveit_ros_perception:/home/kush/UR5_Project_main/install/moveit_resources_prbt_pg70_support:/home/kush/UR5_Project_main/install/moveit_resources_prbt_moveit_config:/home/kush/UR5_Project_main/install/moveit_ros_move_group:/home/kush/UR5_Project_main/install/moveit_planners_ompl:/home/kush/UR5_Project_main/install/moveit_ros_planning:/home/kush/UR5_Project_main/install/moveit_ros_occupancy_map_monitor:/home/kush/UR5_Project_main/install/moveit_resources_prbt_ikfast_manipulator_plugin:/home/kush/UR5_Project_main/install/moveit_planners_chomp:/home/kush/UR5_Project_main/install/moveit_kinematics:/home/kush/UR5_Project_main/install/moveit_chomp_optimizer_adapter:/home/kush/UR5_Project_main/install/chomp_motion_planner:/home/kush/UR5_Project_main/install/moveit_core:/home/kush/UR5_Project_main/install/srdfdom:/home/kush/UR5_Project_main/install/rviz_marker_tools:/home/kush/UR5_Project_main/install/rosparam_shortcuts:/home/kush/UR5_Project_main/install/moveit_task_constructor_msgs:/home/kush/UR5_Project_main/install/moveit_resources_prbt_support:/home/kush/UR5_Project_main/install/moveit_resources:/home/kush/UR5_Project_main/install/moveit_resources_pr2_description:/home/kush/UR5_Project_main/install/moveit_resources_panda_moveit_config:/home/kush/UR5_Project_main/install/moveit_resources_panda_description:/home/kush/UR5_Project_main/install/moveit_resources_fanuc_moveit_config:/home/kush/UR5_Project_main/install/moveit_resources_fanuc_description:/home/kush/UR5_Project_main/install/moveit_common:/home/kush/ws_moveit2_ur5/install/ur_description:/home/kush/ws_moveit2_ur5/install/pilz_industrial_motion_planner_testutils:/home/kush/ws_moveit2_ur5/install/moveit_runtime:/home/kush/ws_moveit2_ur5/install/moveit2_tutorials:/home/kush/ws_moveit2_ur5/install/moveit:/home/kush/ws_moveit2_ur5/install/moveit_planners:/home/kush/ws_moveit2_ur5/install/pilz_industrial_motion_planner:/home/kush/ws_moveit2_ur5/install/moveit_visual_tools:/home/kush/ws_moveit2_ur5/install/moveit_task_constructor_visualization:/home/kush/ws_moveit2_ur5/install/moveit_task_constructor_demo:/home/kush/ws_moveit2_ur5/install/moveit_task_constructor_capabilities:/home/kush/ws_moveit2_ur5/install/moveit_task_constructor_core:/home/kush/ws_moveit2_ur5/install/moveit_ros_control_interface:/home/kush/ws_moveit2_ur5/install/moveit_plugins:/home/kush/ws_moveit2_ur5/install/moveit_simple_controller_manager:/home/kush/ws_moveit2_ur5/install/moveit_setup_assistant:/home/kush/ws_moveit2_ur5/install/moveit_setup_srdf_plugins:/home/kush/ws_moveit2_ur5/install/moveit_setup_core_plugins:/home/kush/ws_moveit2_ur5/install/moveit_setup_controllers:/home/kush/ws_moveit2_ur5/install/moveit_setup_app_plugins:/home/kush/ws_moveit2_ur5/install/moveit_setup_framework:/home/kush/ws_moveit2_ur5/install/moveit_servo:/home/kush/ws_moveit2_ur5/install/moveit_ros:/home/kush/ws_moveit2_ur5/install/moveit_ros_visualization:/home/kush/ws_moveit2_ur5/install/moveit_hybrid_planning:/home/kush/ws_moveit2_ur5/install/moveit_ros_planning_interface:/home/kush/ws_moveit2_ur5/install/moveit_ros_benchmarks:/home/kush/ws_moveit2_ur5/install/moveit_ros_warehouse:/home/kush/ws_moveit2_ur5/install/moveit_ros_robot_interaction:/home/kush/ws_moveit2_ur5/install/moveit_ros_perception:/home/kush/ws_moveit2_ur5/install/moveit_resources_prbt_pg70_support:/home/kush/ws_moveit2_ur5/install/moveit_resources_prbt_moveit_config:/home/kush/ws_moveit2_ur5/install/moveit_ros_move_group:/home/kush/ws_moveit2_ur5/install/moveit_planners_ompl:/home/kush/ws_moveit2_ur5/install/moveit_ros_planning:/home/kush/ws_moveit2_ur5/install/moveit_ros_occupancy_map_monitor:/home/kush/ws_moveit2_ur5/install/moveit_resources_prbt_ikfast_manipulator_plugin:/home/kush/ws_moveit2_ur5/install/moveit_planners_chomp:/home/kush/ws_moveit2_ur5/install/moveit_kinematics:/home/kush/ws_moveit2_ur5/install/moveit_chomp_optimizer_adapter:/home/kush/ws_moveit2_ur5/install/chomp_motion_planner:/home/kush/ws_moveit2_ur5/install/moveit_core:/home/kush/ws_moveit2_ur5/install/srdfdom:/home/kush/ws_moveit2_ur5/install/rviz_marker_tools:/home/kush/ws_moveit2_ur5/install/rosparam_shortcuts:/home/kush/ws_moveit2_ur5/install/moveit_task_constructor_msgs:/home/kush/ws_moveit2_ur5/install/moveit_resources_prbt_support:/home/kush/ws_moveit2_ur5/install/moveit_resources:/home/kush/ws_moveit2_ur5/install/moveit_resources_pr2_description:/home/kush/ws_moveit2_ur5/install/moveit_resources_panda_moveit_config:/home/kush/ws_moveit2_ur5/install/moveit_resources_panda_description:/home/kush/ws_moveit2_ur5/install/moveit_resources_fanuc_moveit_config:/home/kush/ws_moveit2_ur5/install/moveit_resources_fanuc_description:/home/kush/ws_moveit2_ur5/install/moveit_common:/home/kush/UR5_Project_main/install/moveit_configs_utils:/home/kush/UR5_Project_main/install/launch_param_builder:/home/kush/ws_moveit2_ur5/install/moveit_configs_utils:/home/kush/ws_moveit2_ur5/install/launch_param_builder:/opt/ros/humble LD_LIBRARY_PATH=/home/kush/UR5_Project_main/src/install/moveit_ros_occupancy_map_monitor/lib:/home/kush/UR5_Project_main/src/install/moveit_core/lib:/home/kush/UR5_Project_main/src/install/srdfdom/lib:${LD_LIBRARY_PATH} PATH=/home/kush/UR5_Project_main/src/install/moveit_core/bin:${PATH} PYTHONPATH=/home/kush/UR5_Project_main/src/install/srdfdom/local/lib/python3.10/dist-packages:${PYTHONPATH} /usr/bin/cmake /home/kush/UR5_Project_main/src/moveit2/moveit_ros/planning -DCMAKE_BUILD_TYPE=Debug -DCMAKE_INSTALL_PREFIX=/home/kush/UR5_Project_main/src/install/moveit_ros_planning
[0.489s] -- The C compiler identification is GNU 11.4.0
[0.717s] -- The CXX compiler identification is GNU 11.4.0
[0.773s] -- Detecting C compiler ABI info
[1.303s] -- Detecting C compiler ABI info - done
[1.327s] -- Check for working C compiler: /usr/bin/cc - skipped
[1.327s] -- Detecting C compile features
[1.329s] -- Detecting C compile features - done
[1.336s] -- Detecting CXX compiler ABI info
[1.658s] -- Detecting CXX compiler ABI info - done
[1.712s] -- Check for working CXX compiler: /usr/bin/c++ - skipped
[1.713s] -- Detecting CXX compile features
[1.714s] -- Detecting CXX compile features - done
[1.721s] -- Found moveit_common: 2.5.4 (/home/kush/UR5_Project_main/src/install/moveit_common/share/moveit_common/cmake)
[1.772s] -- Found ament_cmake: 1.3.5 (/opt/ros/humble/share/ament_cmake/cmake)
[2.632s] -- Found Python3: /usr/bin/python3.10 (found version "3.10.12") found components: Interpreter 
[3.602s] -- Found libdw: /usr/lib/x86_64-linux-gnu/libdw.so  
[3.641s] -- Could NOT find libbfd (missing: LIBBFD_LIBRARY LIBBFD_INCLUDE_DIR) 
[3.643s] -- BACKWARD_HAS_UNWIND=1
[3.645s] -- BACKWARD_HAS_BACKTRACE=0
[3.646s] -- BACKWARD_HAS_BACKTRACE_SYMBOL=0
[3.648s] -- BACKWARD_HAS_DW=1
[3.649s] -- BACKWARD_HAS_BFD=0
[3.653s] -- Found Backward: /opt/ros/humble/share/backward_ros/cmake  
[3.694s] -- Found moveit_msgs: 2.2.1 (/opt/ros/humble/share/moveit_msgs/cmake)
[4.063s] -- Found rosidl_generator_c: 3.1.5 (/opt/ros/humble/share/rosidl_generator_c/cmake)
[4.133s] -- Found rosidl_adapter: 3.1.5 (/opt/ros/humble/share/rosidl_adapter/cmake)
[4.196s] -- Found rosidl_generator_cpp: 3.1.5 (/opt/ros/humble/share/rosidl_generator_cpp/cmake)
[4.280s] -- Using all available rosidl_typesupport_c: rosidl_typesupport_fastrtps_c;rosidl_typesupport_introspection_c
[4.455s] -- Using all available rosidl_typesupport_cpp: rosidl_typesupport_fastrtps_cpp;rosidl_typesupport_introspection_cpp
[6.645s] -- Found pluginlib: 5.1.0 (/opt/ros/humble/share/pluginlib/cmake)
[6.843s] -- Found rclcpp: 16.0.5 (/opt/ros/humble/share/rclcpp/cmake)
[7.261s] -- Found rmw_implementation_cmake: 6.1.1 (/opt/ros/humble/share/rmw_implementation_cmake/cmake)
[7.320s] -- Found rmw_fastrtps_cpp: 6.2.3 (/opt/ros/humble/share/rmw_fastrtps_cpp/cmake)
[7.928s] -- Found OpenSSL: /usr/lib/x86_64-linux-gnu/libcrypto.so (found version "3.0.2")  
[8.060s] -- Found FastRTPS: /opt/ros/humble/include  
[8.293s] -- Using RMW implementation 'rmw_fastrtps_cpp' as default
[8.414s] -- Looking for pthread.h
[8.933s] -- Looking for pthread.h - found
[8.938s] -- Performing Test CMAKE_HAVE_LIBC_PTHREAD
[9.416s] -- Performing Test CMAKE_HAVE_LIBC_PTHREAD - Success
[9.425s] -- Found Threads: TRUE  
[10.053s] -- Found message_filters: 4.3.3 (/opt/ros/humble/share/message_filters/cmake)
[10.070s] -- Found srdfdom: 2.0.4 (/home/kush/UR5_Project_main/src/install/srdfdom/share/srdfdom/cmake)
[10.261s] -- Found tf2: 0.25.3 (/opt/ros/humble/share/tf2/cmake)
[10.317s] -- Found tf2_geometry_msgs: 0.25.3 (/opt/ros/humble/share/tf2_geometry_msgs/cmake)
[10.493s] -- Found eigen3_cmake_module: 0.1.1 (/opt/ros/humble/share/eigen3_cmake_module/cmake)
[10.498s] -- Found Eigen3: TRUE (found version "3.4.0") 
[10.499s] -- Ensuring Eigen3 include directory is part of orocos-kdl CMake target
[11.627s] -- Found tf2_eigen: 0.25.3 (/opt/ros/humble/share/tf2_eigen/cmake)
[11.641s] -- Found moveit_core: 2.5.4 (/home/kush/UR5_Project_main/src/install/moveit_core/share/moveit_core/cmake)
[12.092s] -- Found Boost: /usr/lib/x86_64-linux-gnu/cmake/Boost-1.74.0/BoostConfig.cmake (found version "1.74.0") found components: chrono date_time filesystem iostreams program_options regex serialization system thread 
[12.248s] -- Found parameter_traits: 0.3.3 (/opt/ros/humble/share/parameter_traits/cmake)
[12.433s] -- Found rclcpp_lifecycle: 16.0.5 (/opt/ros/humble/share/rclcpp_lifecycle/cmake)
[12.656s] -- Found Boost: /usr/lib/x86_64-linux-gnu/cmake/Boost-1.74.0/BoostConfig.cmake (found version "1.74.0") found components: filesystem 
[13.211s] -- library: /usr/lib/x86_64-linux-gnu/libcurl.so
[14.446s] -- Found moveit_ros_occupancy_map_monitor: 2.5.4 (/home/kush/UR5_Project_main/src/install/moveit_ros_occupancy_map_monitor/share/moveit_ros_occupancy_map_monitor/cmake)
[14.899s] -- Found Boost: /usr/lib/x86_64-linux-gnu/cmake/Boost-1.74.0/BoostConfig.cmake (found version "1.74.0") found components: system filesystem date_time program_options thread chrono 
[15.377s] -- Performing Test COMPILER_HAS_HIDDEN_VISIBILITY
[15.774s] -- Performing Test COMPILER_HAS_HIDDEN_VISIBILITY - Success
[15.777s] -- Performing Test COMPILER_HAS_HIDDEN_INLINE_VISIBILITY
[16.250s] -- Performing Test COMPILER_HAS_HIDDEN_INLINE_VISIBILITY - Success
[16.251s] -- Performing Test COMPILER_HAS_DEPRECATED_ATTR
[16.642s] -- Performing Test COMPILER_HAS_DEPRECATED_ATTR - Success
[17.661s] -- Found ament_cmake_gtest: 1.3.5 (/opt/ros/humble/share/ament_cmake_gtest/cmake)
[17.734s] -- Found ament_cmake_gmock: 1.3.5 (/opt/ros/humble/share/ament_cmake_gmock/cmake)
[17.800s] -- Found gmock sources under '/opt/ros/humble/src/gmock_vendor': C++ tests using 'Google Mock' will be built
[17.857s] -- Found gtest sources under '/opt/ros/humble/src/gtest_vendor': C++ tests using 'Google Test' will be built
[18.890s] -- Found ament_lint_auto: 0.12.7 (/opt/ros/humble/share/ament_lint_auto/cmake)
[19.332s] -- Found launch_testing_ament_cmake: 1.0.4 (/opt/ros/humble/share/launch_testing_ament_cmake/cmake)
[19.404s] -- Found python_cmake_module: 0.10.0 (/opt/ros/humble/share/python_cmake_module/cmake)
[19.542s] -- Found PythonInterp: /usr/bin/python3 (found suitable version "3.10.12", minimum required is "3.6") 
[19.631s] -- Found PythonLibs: /usr/lib/x86_64-linux-gnu/libpython3.10.so (found suitable version "3.10.12", minimum required is "3.5") 
[19.632s] -- Using PYTHON_EXECUTABLE: /usr/bin/python3
[19.632s] -- Using PYTHON_INCLUDE_DIRS: /usr/include/python3.10
[19.632s] -- Using PYTHON_LIBRARIES: /usr/lib/x86_64-linux-gnu/libpython3.10.so
[19.702s] -- Found PythonExtra: .so  
[19.773s] -- Added test 'cppcheck' to perform static code analysis on C / C++ code
[19.774s] -- Configured cppcheck include dirs: /home/kush/UR5_Project_main/src/moveit2/moveit_ros/planning/rdf_loader/include;/home/kush/UR5_Project_main/src/moveit2/moveit_ros/planning/kinematics_plugin_loader/include;/home/kush/UR5_Project_main/src/moveit2/moveit_ros/planning/robot_model_loader/include;/home/kush/UR5_Project_main/src/moveit2/moveit_ros/planning/constraint_sampler_manager_loader/include;/home/kush/UR5_Project_main/src/moveit2/moveit_ros/planning/planning_pipeline/include;/home/kush/UR5_Project_main/src/moveit2/moveit_ros/planning/planning_scene_monitor/include;/home/kush/UR5_Project_main/src/moveit2/moveit_ros/planning/trajectory_execution_manager/include;/home/kush/UR5_Project_main/src/moveit2/moveit_ros/planning/plan_execution/include;/home/kush/UR5_Project_main/src/moveit2/moveit_ros/planning/collision_plugin_loader/include;/home/kush/UR5_Project_main/src/moveit2/moveit_ros/planning/moveit_cpp/include
[19.775s] -- Configured cppcheck exclude dirs and/or files: 
[19.788s] -- Added test 'lint_cmake' to check CMake code style
[19.797s] -- Added test 'pep257' to check Python code against some of the docstring style conventions in PEP 257
[19.808s] -- Added test 'xmllint' to check XML markup files
[19.853s] -- Configuring done
[21.509s] -- Generating done
[21.538s] -- Build files have been written to: /home/kush/UR5_Project_main/src/build/moveit_ros_planning
[21.747s] Invoked command in '/home/kush/UR5_Project_main/src/build/moveit_ros_planning' returned '0': AMENT_PREFIX_PATH=/home/kush/UR5_Project_main/src/install/moveit_ros_occupancy_map_monitor:/home/kush/UR5_Project_main/src/install/moveit_core:/home/kush/UR5_Project_main/src/install/moveit_resources_panda_moveit_config:/home/kush/UR5_Project_main/src/install/srdfdom:/home/kush/UR5_Project_main/src/install/moveit_resources_panda_description:/home/kush/UR5_Project_main/src/install/moveit_common:${AMENT_PREFIX_PATH} CMAKE_PREFIX_PATH=/home/kush/UR5_Project_main/src/install/moveit_ros_occupancy_map_monitor:/home/kush/UR5_Project_main/src/install/moveit_core:/home/kush/UR5_Project_main/src/install/moveit_resources_panda_moveit_config:/home/kush/UR5_Project_main/src/install/srdfdom:/home/kush/UR5_Project_main/src/install/moveit_resources_panda_description:/home/kush/UR5_Project_main/src/install/moveit_common:/home/kush/UR5_Project_main/install/ur:/home/kush/UR5_Project_main/install/ur_calibration:/home/kush/UR5_Project_main/install/ur_robot_driver:/home/kush/UR5_Project_main/install/ur_moveit_config:/home/kush/UR5_Project_main/install/ur_bringup:/home/kush/UR5_Project_main/install/ur5_moveit:/home/kush/UR5_Project_main/install/ur_description:/home/kush/UR5_Project_main/install/ur_controllers:/home/kush/UR5_Project_main/install/ur_dashboard_msgs:/home/kush/UR5_Project_main/install/pilz_industrial_motion_planner_testutils:/home/kush/UR5_Project_main/install/moveit_runtime:/home/kush/UR5_Project_main/install/moveit2_tutorials:/home/kush/UR5_Project_main/install/moveit:/home/kush/UR5_Project_main/install/moveit_planners:/home/kush/UR5_Project_main/install/pilz_industrial_motion_planner:/home/kush/UR5_Project_main/install/moveit_visual_tools:/home/kush/UR5_Project_main/install/moveit_task_constructor_visualization:/home/kush/UR5_Project_main/install/moveit_task_constructor_demo:/home/kush/UR5_Project_main/install/moveit_task_constructor_capabilities:/home/kush/UR5_Project_main/install/moveit_task_constructor_core:/home/kush/UR5_Project_main/install/moveit_ros_control_interface:/home/kush/UR5_Project_main/install/moveit_plugins:/home/kush/UR5_Project_main/install/moveit_simple_controller_manager:/home/kush/UR5_Project_main/install/moveit_setup_assistant:/home/kush/UR5_Project_main/install/moveit_setup_srdf_plugins:/home/kush/UR5_Project_main/install/moveit_setup_core_plugins:/home/kush/UR5_Project_main/install/moveit_setup_controllers:/home/kush/UR5_Project_main/install/moveit_setup_app_plugins:/home/kush/UR5_Project_main/install/moveit_setup_framework:/home/kush/UR5_Project_main/install/moveit_servo:/home/kush/UR5_Project_main/install/moveit_ros:/home/kush/UR5_Project_main/install/moveit_ros_visualization:/home/kush/UR5_Project_main/install/moveit_hybrid_planning:/home/kush/UR5_Project_main/install/moveit_ros_planning_interface:/home/kush/UR5_Project_main/install/moveit_ros_benchmarks:/home/kush/UR5_Project_main/install/moveit_ros_warehouse:/home/kush/UR5_Project_main/install/moveit_ros_robot_interaction:/home/kush/UR5_Project_main/install/moveit_ros_perception:/home/kush/UR5_Project_main/install/moveit_resources_prbt_pg70_support:/home/kush/UR5_Project_main/install/moveit_resources_prbt_moveit_config:/home/kush/UR5_Project_main/install/moveit_ros_move_group:/home/kush/UR5_Project_main/install/moveit_planners_ompl:/home/kush/UR5_Project_main/install/moveit_ros_planning:/home/kush/UR5_Project_main/install/moveit_ros_occupancy_map_monitor:/home/kush/UR5_Project_main/install/moveit_resources_prbt_ikfast_manipulator_plugin:/home/kush/UR5_Project_main/install/moveit_planners_chomp:/home/kush/UR5_Project_main/install/moveit_kinematics:/home/kush/UR5_Project_main/install/moveit_chomp_optimizer_adapter:/home/kush/UR5_Project_main/install/chomp_motion_planner:/home/kush/UR5_Project_main/install/moveit_core:/home/kush/UR5_Project_main/install/srdfdom:/home/kush/UR5_Project_main/install/rviz_marker_tools:/home/kush/UR5_Project_main/install/rosparam_shortcuts:/home/kush/UR5_Project_main/install/moveit_task_constructor_msgs:/home/kush/UR5_Project_main/install/moveit_resources_prbt_support:/home/kush/UR5_Project_main/install/moveit_resources:/home/kush/UR5_Project_main/install/moveit_resources_pr2_description:/home/kush/UR5_Project_main/install/moveit_resources_panda_moveit_config:/home/kush/UR5_Project_main/install/moveit_resources_panda_description:/home/kush/UR5_Project_main/install/moveit_resources_fanuc_moveit_config:/home/kush/UR5_Project_main/install/moveit_resources_fanuc_description:/home/kush/UR5_Project_main/install/moveit_common:/home/kush/ws_moveit2_ur5/install/ur_description:/home/kush/ws_moveit2_ur5/install/pilz_industrial_motion_planner_testutils:/home/kush/ws_moveit2_ur5/install/moveit_runtime:/home/kush/ws_moveit2_ur5/install/moveit2_tutorials:/home/kush/ws_moveit2_ur5/install/moveit:/home/kush/ws_moveit2_ur5/install/moveit_planners:/home/kush/ws_moveit2_ur5/install/pilz_industrial_motion_planner:/home/kush/ws_moveit2_ur5/install/moveit_visual_tools:/home/kush/ws_moveit2_ur5/install/moveit_task_constructor_visualization:/home/kush/ws_moveit2_ur5/install/moveit_task_constructor_demo:/home/kush/ws_moveit2_ur5/install/moveit_task_constructor_capabilities:/home/kush/ws_moveit2_ur5/install/moveit_task_constructor_core:/home/kush/ws_moveit2_ur5/install/moveit_ros_control_interface:/home/kush/ws_moveit2_ur5/install/moveit_plugins:/home/kush/ws_moveit2_ur5/install/moveit_simple_controller_manager:/home/kush/ws_moveit2_ur5/install/moveit_setup_assistant:/home/kush/ws_moveit2_ur5/install/moveit_setup_srdf_plugins:/home/kush/ws_moveit2_ur5/install/moveit_setup_core_plugins:/home/kush/ws_moveit2_ur5/install/moveit_setup_controllers:/home/kush/ws_moveit2_ur5/install/moveit_setup_app_plugins:/home/kush/ws_moveit2_ur5/install/moveit_setup_framework:/home/kush/ws_moveit2_ur5/install/moveit_servo:/home/kush/ws_moveit2_ur5/install/moveit_ros:/home/kush/ws_moveit2_ur5/install/moveit_ros_visualization:/home/kush/ws_moveit2_ur5/install/moveit_hybrid_planning:/home/kush/ws_moveit2_ur5/install/moveit_ros_planning_interface:/home/kush/ws_moveit2_ur5/install/moveit_ros_benchmarks:/home/kush/ws_moveit2_ur5/install/moveit_ros_warehouse:/home/kush/ws_moveit2_ur5/install/moveit_ros_robot_interaction:/home/kush/ws_moveit2_ur5/install/moveit_ros_perception:/home/kush/ws_moveit2_ur5/install/moveit_resources_prbt_pg70_support:/home/kush/ws_moveit2_ur5/install/moveit_resources_prbt_moveit_config:/home/kush/ws_moveit2_ur5/install/moveit_ros_move_group:/home/kush/ws_moveit2_ur5/install/moveit_planners_ompl:/home/kush/ws_moveit2_ur5/install/moveit_ros_planning:/home/kush/ws_moveit2_ur5/install/moveit_ros_occupancy_map_monitor:/home/kush/ws_moveit2_ur5/install/moveit_resources_prbt_ikfast_manipulator_plugin:/home/kush/ws_moveit2_ur5/install/moveit_planners_chomp:/home/kush/ws_moveit2_ur5/install/moveit_kinematics:/home/kush/ws_moveit2_ur5/install/moveit_chomp_optimizer_adapter:/home/kush/ws_moveit2_ur5/install/chomp_motion_planner:/home/kush/ws_moveit2_ur5/install/moveit_core:/home/kush/ws_moveit2_ur5/install/srdfdom:/home/kush/ws_moveit2_ur5/install/rviz_marker_tools:/home/kush/ws_moveit2_ur5/install/rosparam_shortcuts:/home/kush/ws_moveit2_ur5/install/moveit_task_constructor_msgs:/home/kush/ws_moveit2_ur5/install/moveit_resources_prbt_support:/home/kush/ws_moveit2_ur5/install/moveit_resources:/home/kush/ws_moveit2_ur5/install/moveit_resources_pr2_description:/home/kush/ws_moveit2_ur5/install/moveit_resources_panda_moveit_config:/home/kush/ws_moveit2_ur5/install/moveit_resources_panda_description:/home/kush/ws_moveit2_ur5/install/moveit_resources_fanuc_moveit_config:/home/kush/ws_moveit2_ur5/install/moveit_resources_fanuc_description:/home/kush/ws_moveit2_ur5/install/moveit_common:/home/kush/UR5_Project_main/install/moveit_configs_utils:/home/kush/UR5_Project_main/install/launch_param_builder:/home/kush/ws_moveit2_ur5/install/moveit_configs_utils:/home/kush/ws_moveit2_ur5/install/launch_param_builder:/opt/ros/humble LD_LIBRARY_PATH=/home/kush/UR5_Project_main/src/install/moveit_ros_occupancy_map_monitor/lib:/home/kush/UR5_Project_main/src/install/moveit_core/lib:/home/kush/UR5_Project_main/src/install/srdfdom/lib:${LD_LIBRARY_PATH} PATH=/home/kush/UR5_Project_main/src/install/moveit_core/bin:${PATH} PYTHONPATH=/home/kush/UR5_Project_main/src/install/srdfdom/local/lib/python3.10/dist-packages:${PYTHONPATH} /usr/bin/cmake /home/kush/UR5_Project_main/src/moveit2/moveit_ros/planning -DCMAKE_BUILD_TYPE=Debug -DCMAKE_INSTALL_PREFIX=/home/kush/UR5_Project_main/src/install/moveit_ros_planning
[21.748s] Invoking command in '/home/kush/UR5_Project_main/src/build/moveit_ros_planning': AMENT_PREFIX_PATH=/home/kush/UR5_Project_main/src/install/moveit_ros_occupancy_map_monitor:/home/kush/UR5_Project_main/src/install/moveit_core:/home/kush/UR5_Project_main/src/install/moveit_resources_panda_moveit_config:/home/kush/UR5_Project_main/src/install/srdfdom:/home/kush/UR5_Project_main/src/install/moveit_resources_panda_description:/home/kush/UR5_Project_main/src/install/moveit_common:${AMENT_PREFIX_PATH} CMAKE_PREFIX_PATH=/home/kush/UR5_Project_main/src/install/moveit_ros_occupancy_map_monitor:/home/kush/UR5_Project_main/src/install/moveit_core:/home/kush/UR5_Project_main/src/install/moveit_resources_panda_moveit_config:/home/kush/UR5_Project_main/src/install/srdfdom:/home/kush/UR5_Project_main/src/install/moveit_resources_panda_description:/home/kush/UR5_Project_main/src/install/moveit_common:/home/kush/UR5_Project_main/install/ur:/home/kush/UR5_Project_main/install/ur_calibration:/home/kush/UR5_Project_main/install/ur_robot_driver:/home/kush/UR5_Project_main/install/ur_moveit_config:/home/kush/UR5_Project_main/install/ur_bringup:/home/kush/UR5_Project_main/install/ur5_moveit:/home/kush/UR5_Project_main/install/ur_description:/home/kush/UR5_Project_main/install/ur_controllers:/home/kush/UR5_Project_main/install/ur_dashboard_msgs:/home/kush/UR5_Project_main/install/pilz_industrial_motion_planner_testutils:/home/kush/UR5_Project_main/install/moveit_runtime:/home/kush/UR5_Project_main/install/moveit2_tutorials:/home/kush/UR5_Project_main/install/moveit:/home/kush/UR5_Project_main/install/moveit_planners:/home/kush/UR5_Project_main/install/pilz_industrial_motion_planner:/home/kush/UR5_Project_main/install/moveit_visual_tools:/home/kush/UR5_Project_main/install/moveit_task_constructor_visualization:/home/kush/UR5_Project_main/install/moveit_task_constructor_demo:/home/kush/UR5_Project_main/install/moveit_task_constructor_capabilities:/home/kush/UR5_Project_main/install/moveit_task_constructor_core:/home/kush/UR5_Project_main/install/moveit_ros_control_interface:/home/kush/UR5_Project_main/install/moveit_plugins:/home/kush/UR5_Project_main/install/moveit_simple_controller_manager:/home/kush/UR5_Project_main/install/moveit_setup_assistant:/home/kush/UR5_Project_main/install/moveit_setup_srdf_plugins:/home/kush/UR5_Project_main/install/moveit_setup_core_plugins:/home/kush/UR5_Project_main/install/moveit_setup_controllers:/home/kush/UR5_Project_main/install/moveit_setup_app_plugins:/home/kush/UR5_Project_main/install/moveit_setup_framework:/home/kush/UR5_Project_main/install/moveit_servo:/home/kush/UR5_Project_main/install/moveit_ros:/home/kush/UR5_Project_main/install/moveit_ros_visualization:/home/kush/UR5_Project_main/install/moveit_hybrid_planning:/home/kush/UR5_Project_main/install/moveit_ros_planning_interface:/home/kush/UR5_Project_main/install/moveit_ros_benchmarks:/home/kush/UR5_Project_main/install/moveit_ros_warehouse:/home/kush/UR5_Project_main/install/moveit_ros_robot_interaction:/home/kush/UR5_Project_main/install/moveit_ros_perception:/home/kush/UR5_Project_main/install/moveit_resources_prbt_pg70_support:/home/kush/UR5_Project_main/install/moveit_resources_prbt_moveit_config:/home/kush/UR5_Project_main/install/moveit_ros_move_group:/home/kush/UR5_Project_main/install/moveit_planners_ompl:/home/kush/UR5_Project_main/install/moveit_ros_planning:/home/kush/UR5_Project_main/install/moveit_ros_occupancy_map_monitor:/home/kush/UR5_Project_main/install/moveit_resources_prbt_ikfast_manipulator_plugin:/home/kush/UR5_Project_main/install/moveit_planners_chomp:/home/kush/UR5_Project_main/install/moveit_kinematics:/home/kush/UR5_Project_main/install/moveit_chomp_optimizer_adapter:/home/kush/UR5_Project_main/install/chomp_motion_planner:/home/kush/UR5_Project_main/install/moveit_core:/home/kush/UR5_Project_main/install/srdfdom:/home/kush/UR5_Project_main/install/rviz_marker_tools:/home/kush/UR5_Project_main/install/rosparam_shortcuts:/home/kush/UR5_Project_main/install/moveit_task_constructor_msgs:/home/kush/UR5_Project_main/install/moveit_resources_prbt_support:/home/kush/UR5_Project_main/install/moveit_resources:/home/kush/UR5_Project_main/install/moveit_resources_pr2_description:/home/kush/UR5_Project_main/install/moveit_resources_panda_moveit_config:/home/kush/UR5_Project_main/install/moveit_resources_panda_description:/home/kush/UR5_Project_main/install/moveit_resources_fanuc_moveit_config:/home/kush/UR5_Project_main/install/moveit_resources_fanuc_description:/home/kush/UR5_Project_main/install/moveit_common:/home/kush/ws_moveit2_ur5/install/ur_description:/home/kush/ws_moveit2_ur5/install/pilz_industrial_motion_planner_testutils:/home/kush/ws_moveit2_ur5/install/moveit_runtime:/home/kush/ws_moveit2_ur5/install/moveit2_tutorials:/home/kush/ws_moveit2_ur5/install/moveit:/home/kush/ws_moveit2_ur5/install/moveit_planners:/home/kush/ws_moveit2_ur5/install/pilz_industrial_motion_planner:/home/kush/ws_moveit2_ur5/install/moveit_visual_tools:/home/kush/ws_moveit2_ur5/install/moveit_task_constructor_visualization:/home/kush/ws_moveit2_ur5/install/moveit_task_constructor_demo:/home/kush/ws_moveit2_ur5/install/moveit_task_constructor_capabilities:/home/kush/ws_moveit2_ur5/install/moveit_task_constructor_core:/home/kush/ws_moveit2_ur5/install/moveit_ros_control_interface:/home/kush/ws_moveit2_ur5/install/moveit_plugins:/home/kush/ws_moveit2_ur5/install/moveit_simple_controller_manager:/home/kush/ws_moveit2_ur5/install/moveit_setup_assistant:/home/kush/ws_moveit2_ur5/install/moveit_setup_srdf_plugins:/home/kush/ws_moveit2_ur5/install/moveit_setup_core_plugins:/home/kush/ws_moveit2_ur5/install/moveit_setup_controllers:/home/kush/ws_moveit2_ur5/install/moveit_setup_app_plugins:/home/kush/ws_moveit2_ur5/install/moveit_setup_framework:/home/kush/ws_moveit2_ur5/install/moveit_servo:/home/kush/ws_moveit2_ur5/install/moveit_ros:/home/kush/ws_moveit2_ur5/install/moveit_ros_visualization:/home/kush/ws_moveit2_ur5/install/moveit_hybrid_planning:/home/kush/ws_moveit2_ur5/install/moveit_ros_planning_interface:/home/kush/ws_moveit2_ur5/install/moveit_ros_benchmarks:/home/kush/ws_moveit2_ur5/install/moveit_ros_warehouse:/home/kush/ws_moveit2_ur5/install/moveit_ros_robot_interaction:/home/kush/ws_moveit2_ur5/install/moveit_ros_perception:/home/kush/ws_moveit2_ur5/install/moveit_resources_prbt_pg70_support:/home/kush/ws_moveit2_ur5/install/moveit_resources_prbt_moveit_config:/home/kush/ws_moveit2_ur5/install/moveit_ros_move_group:/home/kush/ws_moveit2_ur5/install/moveit_planners_ompl:/home/kush/ws_moveit2_ur5/install/moveit_ros_planning:/home/kush/ws_moveit2_ur5/install/moveit_ros_occupancy_map_monitor:/home/kush/ws_moveit2_ur5/install/moveit_resources_prbt_ikfast_manipulator_plugin:/home/kush/ws_moveit2_ur5/install/moveit_planners_chomp:/home/kush/ws_moveit2_ur5/install/moveit_kinematics:/home/kush/ws_moveit2_ur5/install/moveit_chomp_optimizer_adapter:/home/kush/ws_moveit2_ur5/install/chomp_motion_planner:/home/kush/ws_moveit2_ur5/install/moveit_core:/home/kush/ws_moveit2_ur5/install/srdfdom:/home/kush/ws_moveit2_ur5/install/rviz_marker_tools:/home/kush/ws_moveit2_ur5/install/rosparam_shortcuts:/home/kush/ws_moveit2_ur5/install/moveit_task_constructor_msgs:/home/kush/ws_moveit2_ur5/install/moveit_resources_prbt_support:/home/kush/ws_moveit2_ur5/install/moveit_resources:/home/kush/ws_moveit2_ur5/install/moveit_resources_pr2_description:/home/kush/ws_moveit2_ur5/install/moveit_resources_panda_moveit_config:/home/kush/ws_moveit2_ur5/install/moveit_resources_panda_description:/home/kush/ws_moveit2_ur5/install/moveit_resources_fanuc_moveit_config:/home/kush/ws_moveit2_ur5/install/moveit_resources_fanuc_description:/home/kush/ws_moveit2_ur5/install/moveit_common:/home/kush/UR5_Project_main/install/moveit_configs_utils:/home/kush/UR5_Project_main/install/launch_param_builder:/home/kush/ws_moveit2_ur5/install/moveit_configs_utils:/home/kush/ws_moveit2_ur5/install/launch_param_builder:/opt/ros/humble LD_LIBRARY_PATH=/home/kush/UR5_Project_main/src/install/moveit_ros_occupancy_map_monitor/lib:/home/kush/UR5_Project_main/src/install/moveit_core/lib:/home/kush/UR5_Project_main/src/install/srdfdom/lib:${LD_LIBRARY_PATH} PATH=/home/kush/UR5_Project_main/src/install/moveit_core/bin:${PATH} PYTHONPATH=/home/kush/UR5_Project_main/src/install/srdfdom/local/lib/python3.10/dist-packages:${PYTHONPATH} /usr/bin/cmake --build /home/kush/UR5_Project_main/src/build/moveit_ros_planning -- -j4 -l4
[22.432s] [  1%] [32mBuilding CXX object rdf_loader/CMakeFiles/moveit_rdf_loader.dir/src/rdf_loader.cpp.o[0m
[36.590s] [  3%] [32mBuilding CXX object rdf_loader/CMakeFiles/moveit_rdf_loader.dir/src/synchronized_string_parameter.cpp.o[0m
[67.885s] [  4%] [32m[1mLinking CXX shared library libmoveit_rdf_loader.so[0m
[71.027s] [  4%] Built target moveit_rdf_loader
[71.141s] [  6%] [32mBuilding CXX object planning_request_adapter_plugins/CMakeFiles/moveit_default_planning_request_adapter_plugins.dir/src/empty.cpp.o[0m
[87.999s] [  8%] [32mBuilding CXX object planning_request_adapter_plugins/CMakeFiles/moveit_default_planning_request_adapter_plugins.dir/src/fix_start_state_bounds.cpp.o[0m
[107.121s] [  9%] [32mBuilding CXX object planning_request_adapter_plugins/CMakeFiles/moveit_default_planning_request_adapter_plugins.dir/src/fix_start_state_collision.cpp.o[0m
[121.859s] [ 11%] [32mBuilding CXX object planning_request_adapter_plugins/CMakeFiles/moveit_default_planning_request_adapter_plugins.dir/src/fix_start_state_path_constraints.cpp.o[0m
[136.683s] [ 12%] [32mBuilding CXX object planning_request_adapter_plugins/CMakeFiles/moveit_default_planning_request_adapter_plugins.dir/src/fix_workspace_bounds.cpp.o[0m
[142.221s] [ 14%] [32mBuilding CXX object planning_request_adapter_plugins/CMakeFiles/moveit_list_request_adapter_plugins.dir/src/list.cpp.o[0m
[143.304s] [ 16%] [32mBuilding CXX object planning_pipeline/CMakeFiles/moveit_planning_pipeline.dir/src/planning_pipeline.cpp.o[0m
[144.390s] [ 17%] [32mBuilding CXX object collision_plugin_loader/CMakeFiles/moveit_collision_plugin_loader.dir/src/collision_plugin_loader.cpp.o[0m
[158.797s] [ 19%] [32mBuilding CXX object planning_request_adapter_plugins/CMakeFiles/moveit_default_planning_request_adapter_plugins.dir/src/add_time_parameterization.cpp.o[0m
[169.149s] [ 20%] [32m[1mLinking CXX shared library libmoveit_collision_plugin_loader.so[0m
[171.259s] [ 20%] Built target moveit_collision_plugin_loader
[174.907s] [ 22%] [32m[1mLinking CXX executable moveit_list_request_adapter_plugins[0m
[176.282s] [ 22%] Built target moveit_list_request_adapter_plugins
[181.361s] [ 24%] [32mBuilding CXX object planning_request_adapter_plugins/CMakeFiles/moveit_default_planning_request_adapter_plugins.dir/src/add_ruckig_traj_smoothing.cpp.o[0m
[185.186s] [ 25%] [32m[1mLinking CXX shared library libmoveit_planning_pipeline.so[0m
[188.074s] [ 25%] Built target moveit_planning_pipeline
[197.208s] [ 27%] [32mBuilding CXX object planning_request_adapter_plugins/CMakeFiles/moveit_default_planning_request_adapter_plugins.dir/src/add_iterative_spline_parameterization.cpp.o[0m
[202.311s] [ 29%] [32mBuilding CXX object kinematics_plugin_loader/CMakeFiles/moveit_kinematics_plugin_loader.dir/src/kinematics_plugin_loader.cpp.o[0m
[203.411s] [ 30%] [32mBuilding CXX object gmock/CMakeFiles/gmock.dir/opt/ros/humble/src/gtest_vendor/src/gtest-all.cc.o[0m
[204.505s] [ 32%] [32mBuilding CXX object gmock/CMakeFiles/gmock_main.dir/src/gmock_main.cc.o[0m
[208.865s] [ 33%] [32m[1mLinking CXX static library libgmock_main.a[0m
[209.447s] [ 33%] Built target gmock_main
[213.348s] [ 35%] [32mBuilding CXX object gmock/CMakeFiles/gmock.dir/src/gmock-all.cc.o[0m
[217.085s] [ 37%] [32mBuilding CXX object planning_request_adapter_plugins/CMakeFiles/moveit_default_planning_request_adapter_plugins.dir/src/add_time_optimal_parameterization.cpp.o[0m
[218.866s] [ 38%] [32m[1mLinking CXX static library libgmock.a[0m
[219.305s] [ 38%] Built target gmock
[226.456s] [ 40%] [32m[1mLinking CXX shared library libmoveit_kinematics_plugin_loader.so[0m
[228.377s] [ 40%] Built target moveit_kinematics_plugin_loader
[233.793s] [ 41%] [32mBuilding CXX object planning_request_adapter_plugins/CMakeFiles/moveit_default_planning_request_adapter_plugins.dir/src/resolve_constraint_frames.cpp.o[0m
[248.037s] [ 43%] [32m[1mLinking CXX shared library libmoveit_default_planning_request_adapter_plugins.so[0m
[251.178s] [ 43%] Built target moveit_default_planning_request_adapter_plugins
[251.299s] [ 45%] [32mBuilding CXX object constraint_sampler_manager_loader/CMakeFiles/moveit_constraint_sampler_manager_loader.dir/src/constraint_sampler_manager_loader.cpp.o[0m
[251.300s] [ 46%] [32mBuilding CXX object robot_model_loader/CMakeFiles/moveit_robot_model_loader.dir/src/robot_model_loader.cpp.o[0m
[264.845s] [ 48%] [32m[1mLinking CXX shared library libmoveit_robot_model_loader.so[0m
[267.106s] [ 48%] Built target moveit_robot_model_loader
[267.269s] [ 50%] [32mBuilding CXX object planning_components_tools/CMakeFiles/moveit_print_planning_model_info.dir/src/print_planning_model_info.cpp.o[0m
[267.278s] [ 51%] [32mBuilding CXX object planning_scene_monitor/CMakeFiles/moveit_planning_scene_monitor.dir/src/planning_scene_monitor.cpp.o[0m
[267.280s] [ 53%] [32mBuilding CXX object planning_scene_monitor/CMakeFiles/moveit_planning_scene_monitor.dir/src/current_state_monitor.cpp.o[0m
[278.337s] [ 54%] [32m[1mLinking CXX shared library libmoveit_constraint_sampler_manager_loader.so[0m
[279.954s] [ 54%] Built target moveit_constraint_sampler_manager_loader
[280.007s] [ 56%] [32mBuilding CXX object planning_scene_monitor/CMakeFiles/moveit_planning_scene_monitor.dir/src/current_state_monitor_middleware_handle.cpp.o[0m
[286.338s] [ 58%] [32m[1mLinking CXX executable moveit_print_planning_model_info[0m
[288.773s] [ 58%] Built target moveit_print_planning_model_info
[291.826s] [ 59%] [32mBuilding CXX object planning_scene_monitor/CMakeFiles/moveit_planning_scene_monitor.dir/src/trajectory_monitor.cpp.o[0m
