[0.514s] Invoking command in '/home/kush/UR5_Project_main/build/moveit_setup_srdf_plugins': AMENT_PREFIX_PATH=/home/kush/UR5_Project_main/install/moveit_setup_framework:/home/kush/UR5_Project_main/install/moveit_ros_visualization:/home/kush/UR5_Project_main/install/moveit_ros_planning_interface:/home/kush/UR5_Project_main/install/moveit_ros_move_group:/home/kush/UR5_Project_main/install/moveit_ros_warehouse:/home/kush/UR5_Project_main/install/moveit_ros_robot_interaction:/home/kush/UR5_Project_main/install/moveit_kinematics:/home/kush/UR5_Project_main/install/moveit_ros_planning:/home/kush/UR5_Project_main/install/moveit_ros_occupancy_map_monitor:/home/kush/UR5_Project_main/install/moveit_core:/home/kush/UR5_Project_main/install/srdfdom:/home/kush/UR5_Project_main/install/moveit_resources_fanuc_description:/home/kush/UR5_Project_main/install/moveit_common:${AMENT_PREFIX_PATH} CMAKE_PREFIX_PATH=/home/kush/UR5_Project_main/install/moveit_setup_framework:/home/kush/UR5_Project_main/install/moveit_ros_visualization:/home/kush/UR5_Project_main/install/moveit_ros_planning_interface:/home/kush/UR5_Project_main/install/moveit_ros_move_group:/home/kush/UR5_Project_main/install/moveit_ros_warehouse:/home/kush/UR5_Project_main/install/moveit_ros_robot_interaction:/home/kush/UR5_Project_main/install/moveit_kinematics:/home/kush/UR5_Project_main/install/moveit_ros_planning:/home/kush/UR5_Project_main/install/moveit_ros_occupancy_map_monitor:/home/kush/UR5_Project_main/install/moveit_core:/home/kush/UR5_Project_main/install/srdfdom:/home/kush/UR5_Project_main/install/moveit_resources_fanuc_description:/home/kush/UR5_Project_main/install/moveit_common:/home/kush/ws_moveit2_ur5/install/ur_description:/home/kush/ws_moveit2_ur5/install/pilz_industrial_motion_planner_testutils:/home/kush/ws_moveit2_ur5/install/moveit_runtime:/home/kush/ws_moveit2_ur5/install/moveit2_tutorials:/home/kush/ws_moveit2_ur5/install/moveit:/home/kush/ws_moveit2_ur5/install/moveit_planners:/home/kush/ws_moveit2_ur5/install/pilz_industrial_motion_planner:/home/kush/ws_moveit2_ur5/install/moveit_visual_tools:/home/kush/ws_moveit2_ur5/install/moveit_task_constructor_visualization:/home/kush/ws_moveit2_ur5/install/moveit_task_constructor_demo:/home/kush/ws_moveit2_ur5/install/moveit_task_constructor_capabilities:/home/kush/ws_moveit2_ur5/install/moveit_task_constructor_core:/home/kush/ws_moveit2_ur5/install/moveit_ros_control_interface:/home/kush/ws_moveit2_ur5/install/moveit_plugins:/home/kush/ws_moveit2_ur5/install/moveit_simple_controller_manager:/home/kush/ws_moveit2_ur5/install/moveit_setup_assistant:/home/kush/ws_moveit2_ur5/install/moveit_setup_srdf_plugins:/home/kush/ws_moveit2_ur5/install/moveit_setup_core_plugins:/home/kush/ws_moveit2_ur5/install/moveit_setup_controllers:/home/kush/ws_moveit2_ur5/install/moveit_setup_app_plugins:/home/kush/ws_moveit2_ur5/install/moveit_setup_framework:/home/kush/ws_moveit2_ur5/install/moveit_servo:/home/kush/ws_moveit2_ur5/install/moveit_ros:/home/kush/ws_moveit2_ur5/install/moveit_ros_visualization:/home/kush/ws_moveit2_ur5/install/moveit_hybrid_planning:/home/kush/ws_moveit2_ur5/install/moveit_ros_planning_interface:/home/kush/ws_moveit2_ur5/install/moveit_ros_benchmarks:/home/kush/ws_moveit2_ur5/install/moveit_ros_warehouse:/home/kush/ws_moveit2_ur5/install/moveit_ros_robot_interaction:/home/kush/ws_moveit2_ur5/install/moveit_ros_perception:/home/kush/ws_moveit2_ur5/install/moveit_resources_prbt_pg70_support:/home/kush/ws_moveit2_ur5/install/moveit_resources_prbt_moveit_config:/home/kush/ws_moveit2_ur5/install/moveit_ros_move_group:/home/kush/ws_moveit2_ur5/install/moveit_planners_ompl:/home/kush/ws_moveit2_ur5/install/moveit_ros_planning:/home/kush/ws_moveit2_ur5/install/moveit_ros_occupancy_map_monitor:/home/kush/ws_moveit2_ur5/install/moveit_resources_prbt_ikfast_manipulator_plugin:/home/kush/ws_moveit2_ur5/install/moveit_planners_chomp:/home/kush/ws_moveit2_ur5/install/moveit_kinematics:/home/kush/ws_moveit2_ur5/install/moveit_chomp_optimizer_adapter:/home/kush/ws_moveit2_ur5/install/chomp_motion_planner:/home/kush/ws_moveit2_ur5/install/moveit_core:/home/kush/ws_moveit2_ur5/install/srdfdom:/home/kush/ws_moveit2_ur5/install/rviz_marker_tools:/home/kush/ws_moveit2_ur5/install/rosparam_shortcuts:/home/kush/ws_moveit2_ur5/install/moveit_task_constructor_msgs:/home/kush/ws_moveit2_ur5/install/moveit_resources_prbt_support:/home/kush/ws_moveit2_ur5/install/moveit_resources:/home/kush/ws_moveit2_ur5/install/moveit_resources_pr2_description:/home/kush/ws_moveit2_ur5/install/moveit_resources_panda_moveit_config:/home/kush/ws_moveit2_ur5/install/moveit_resources_panda_description:/home/kush/ws_moveit2_ur5/install/moveit_resources_fanuc_moveit_config:/home/kush/ws_moveit2_ur5/install/moveit_resources_fanuc_description:/home/kush/ws_moveit2_ur5/install/moveit_common:/home/kush/ws_moveit2_ur5/install/moveit_configs_utils:/home/kush/ws_moveit2_ur5/install/launch_param_builder:/opt/ros/humble LD_LIBRARY_PATH=/home/kush/UR5_Project_main/install/moveit_setup_framework/lib:/home/kush/UR5_Project_main/install/moveit_ros_visualization/lib:/home/kush/UR5_Project_main/install/moveit_ros_planning_interface/lib:/home/kush/UR5_Project_main/install/moveit_ros_move_group/lib:/home/kush/UR5_Project_main/install/moveit_ros_warehouse/lib:/home/kush/UR5_Project_main/install/moveit_ros_robot_interaction/lib:/home/kush/UR5_Project_main/install/moveit_kinematics/lib:/home/kush/UR5_Project_main/install/moveit_ros_planning/lib:/home/kush/UR5_Project_main/install/moveit_ros_occupancy_map_monitor/lib:/home/kush/UR5_Project_main/install/moveit_core/lib:/home/kush/UR5_Project_main/install/srdfdom/lib:${LD_LIBRARY_PATH} PATH=/home/kush/UR5_Project_main/install/moveit_core/bin:${PATH} PYTHONPATH=/home/kush/UR5_Project_main/install/srdfdom/local/lib/python3.10/dist-packages:${PYTHONPATH} /usr/bin/cmake /home/kush/UR5_Project_main/src/moveit2/moveit_setup_assistant/moveit_setup_srdf_plugins -DCMAKE_BUILD_TYPE=Release -DCMAKE_INSTALL_PREFIX=/home/kush/UR5_Project_main/install/moveit_setup_srdf_plugins
[0.939s] -- The C compiler identification is GNU 11.4.0
[1.259s] -- The CXX compiler identification is GNU 11.4.0
[1.284s] -- Detecting C compiler ABI info
[1.533s] -- Detecting C compiler ABI info - done
[1.590s] -- Check for working C compiler: /usr/bin/cc - skipped
[1.590s] -- Detecting C compile features
[1.593s] -- Detecting C compile features - done
[1.605s] -- Detecting CXX compiler ABI info
[1.955s] -- Detecting CXX compiler ABI info - done
[1.989s] -- Check for working CXX compiler: /usr/bin/c++ - skipped
[1.991s] -- Detecting CXX compile features
[1.994s] -- Detecting CXX compile features - done
[2.003s] -- Found moveit_common: 2.5.4 (/home/kush/UR5_Project_main/install/moveit_common/share/moveit_common/cmake)
[2.024s] -- Found ament_cmake: 1.3.5 (/opt/ros/humble/share/ament_cmake/cmake)
[3.386s] -- Found Python3: /usr/bin/python3.10 (found version "3.10.12") found components: Interpreter 
[4.770s] -- Found libdw: /usr/lib/x86_64-linux-gnu/libdw.so  
[4.841s] -- Could NOT find libbfd (missing: LIBBFD_LIBRARY LIBBFD_INCLUDE_DIR) 
[4.842s] -- BACKWARD_HAS_UNWIND=1
[4.842s] -- BACKWARD_HAS_BACKTRACE=0
[4.842s] -- BACKWARD_HAS_BACKTRACE_SYMBOL=0
[4.842s] -- BACKWARD_HAS_DW=1
[4.842s] -- BACKWARD_HAS_BFD=0
[4.843s] -- Found Backward: /opt/ros/humble/share/backward_ros/cmake  
[4.885s] -- Found ament_cmake_ros: 0.10.0 (/opt/ros/humble/share/ament_cmake_ros/cmake)
[4.974s] -- Found moveit_setup_framework: 2.5.4 (/home/kush/UR5_Project_main/install/moveit_setup_framework/share/moveit_setup_framework/cmake)
[5.525s] -- Found rosidl_generator_c: 3.1.5 (/opt/ros/humble/share/rosidl_generator_c/cmake)
[5.596s] -- Found rosidl_adapter: 3.1.5 (/opt/ros/humble/share/rosidl_adapter/cmake)
[5.659s] -- Found rosidl_generator_cpp: 3.1.5 (/opt/ros/humble/share/rosidl_generator_cpp/cmake)
[5.768s] -- Using all available rosidl_typesupport_c: rosidl_typesupport_fastrtps_c;rosidl_typesupport_introspection_c
[6.001s] -- Using all available rosidl_typesupport_cpp: rosidl_typesupport_fastrtps_cpp;rosidl_typesupport_introspection_cpp
[6.643s] -- Found rmw_implementation_cmake: 6.1.1 (/opt/ros/humble/share/rmw_implementation_cmake/cmake)
[6.681s] -- Found rmw_fastrtps_cpp: 6.2.3 (/opt/ros/humble/share/rmw_fastrtps_cpp/cmake)
[7.356s] -- Found OpenSSL: /usr/lib/x86_64-linux-gnu/libcrypto.so (found version "3.0.2")  
[7.510s] -- Found FastRTPS: /opt/ros/humble/include  
[7.722s] -- Using RMW implementation 'rmw_fastrtps_cpp' as default
[7.837s] -- Looking for pthread.h
[8.511s] -- Looking for pthread.h - found
[8.511s] -- Performing Test CMAKE_HAVE_LIBC_PTHREAD
[9.160s] -- Performing Test CMAKE_HAVE_LIBC_PTHREAD - Success
[9.162s] -- Found Threads: TRUE  
[10.731s] -- Found Boost: /usr/lib/x86_64-linux-gnu/cmake/Boost-1.74.0/BoostConfig.cmake (found version "1.74.0") found components: chrono date_time filesystem iostreams program_options regex serialization system thread 
[10.904s] -- Found parameter_traits: 0.3.3 (/opt/ros/humble/share/parameter_traits/cmake)
[11.191s] -- Found rclcpp_lifecycle: 16.0.5 (/opt/ros/humble/share/rclcpp_lifecycle/cmake)
[11.452s] -- Found Boost: /usr/lib/x86_64-linux-gnu/cmake/Boost-1.74.0/BoostConfig.cmake (found version "1.74.0") found components: filesystem 
[12.426s] -- library: /usr/lib/x86_64-linux-gnu/libcurl.so
[13.565s] -- Found Eigen3: TRUE (found version "3.4.0") 
[13.568s] -- Ensuring Eigen3 include directory is part of orocos-kdl CMake target
[17.899s] -- Found Boost: /usr/lib/x86_64-linux-gnu/cmake/Boost-1.74.0/BoostConfig.cmake (found version "1.74.0") found components: system filesystem date_time program_options thread chrono 
[19.704s] -- Found Boost: /usr/lib/x86_64-linux-gnu/cmake/Boost-1.74.0/BoostConfig.cmake (found version "1.74.0") found components: thread date_time system filesystem 
[19.961s] -- Found Boost: /usr/lib/x86_64-linux-gnu/cmake/Boost-1.74.0/BoostConfig.cmake (found version "1.74.0") found components: date_time filesystem program_options system thread 
[20.505s] -- Found Boost: /usr/lib/x86_64-linux-gnu/cmake/Boost-1.74.0/BoostConfig.cmake (found version "1.74.0") found components: thread system filesystem regex date_time program_options 
[21.208s] -- Found Boost: /usr/lib/x86_64-linux-gnu/cmake/Boost-1.74.0/BoostConfig.cmake (found version "1.74.0") found components: system filesystem date_time program_options thread 
[24.616s] -- Setting OGRE_DIR to: '/opt/ros/humble/share/rviz_ogre_vendor/cmake/../../../opt/rviz_ogre_vendor/lib/OGRE/cmake'
[24.619s] -- Found OGRE
[24.621s] --   static     : OFF
[24.622s] --   components : HLMS;MeshLodGenerator;Overlay;Paging;Property;RTShaderSystem;Terrain;Volume
[24.623s] --   plugins    : Plugin_BSPSceneManager;Plugin_OctreeSceneManager;Plugin_PCZSceneManager;Plugin_ParticleFX;RenderSystem_GL;RenderSystem_GL3Plus;Codec_STBI
[24.625s] --   media      : /opt/ros/humble/opt/rviz_ogre_vendor/share/OGRE/Media
[24.626s] -- OGRE_LIBRARIES: OgreHLMS;OgreMeshLodGenerator;OgreOverlay;OgrePaging;OgreProperty;OgreRTShaderSystem;OgreTerrain;OgreVolume;OgreMain
[24.627s] -- OGRE_LIBRARY_DIRS: /opt/ros/humble/opt/rviz_ogre_vendor/lib
[24.628s] -- OGRE_PLUGINS: Plugin_BSPSceneManager;Plugin_OctreeSceneManager;Plugin_PCZSceneManager;Plugin_ParticleFX;RenderSystem_GL;RenderSystem_GL3Plus;Codec_STBI
[24.629s] -- OGRE_PLUGIN_DIR: /opt/ros/humble/opt/rviz_ogre_vendor/lib/OGRE
[24.629s] -- rviz_ogre_vendor::OgreOverlay for IMPORTED_LOCATION_RELEASE: /opt/ros/humble/opt/rviz_ogre_vendor/lib/libOgreOverlay.so
[24.629s] -- rviz_ogre_vendor::OgreOverlay for IMPORTED_LOCATION_DEBUG: /opt/ros/humble/opt/rviz_ogre_vendor/lib/libOgreOverlay.so
[24.629s] -- rviz_ogre_vendor::OgreMain for IMPORTED_LOCATION_RELEASE: /opt/ros/humble/opt/rviz_ogre_vendor/lib/libOgreMain.so
[24.629s] -- rviz_ogre_vendor::OgreMain for IMPORTED_LOCATION_DEBUG: /opt/ros/humble/opt/rviz_ogre_vendor/lib/libOgreMain.so
[24.630s] -- Could not find freeimage library
[24.719s] -- Found ZLIB: /usr/lib/x86_64-linux-gnu/libz.so (found version "1.2.11") 
[24.746s] -- Found OpenGL: /usr/lib/x86_64-linux-gnu/libOpenGL.so   
[25.260s] -- Found X11: /usr/include   
[25.260s] -- Looking for XOpenDisplay in /usr/lib/x86_64-linux-gnu/libX11.so;/usr/lib/x86_64-linux-gnu/libXext.so
[25.662s] -- Looking for XOpenDisplay in /usr/lib/x86_64-linux-gnu/libX11.so;/usr/lib/x86_64-linux-gnu/libXext.so - found
[25.669s] -- Looking for gethostbyname
[26.045s] -- Looking for gethostbyname - found
[26.045s] -- Looking for connect
[26.377s] -- Looking for connect - found
[26.377s] -- Looking for remove
[26.786s] -- Looking for remove - found
[26.787s] -- Looking for shmat
[27.123s] -- Looking for shmat - found
[27.124s] -- Looking for IceConnectionNumber in ICE
[27.493s] -- Looking for IceConnectionNumber in ICE - found
[27.496s] -- rviz_ogre_vendor::RenderSystem_GL for IMPORTED_LOCATION_RELEASE: _render_system_gl_static_library_abs-NOTFOUND
[27.496s] -- rviz_ogre_vendor::RenderSystem_GL for IMPORTED_LOCATION_DEBUG: _render_system_gl_static_library_abs-NOTFOUND
[30.145s] -- Found ament_lint_auto: 0.12.7 (/opt/ros/humble/share/ament_lint_auto/cmake)
[30.293s] -- Found gtest sources under '/opt/ros/humble/src/gtest_vendor': C++ tests using 'Google Test' will be built
[30.334s] -- Added test 'lint_cmake' to check CMake code style
[30.341s] -- Added test 'xmllint' to check XML markup files
[30.366s] -- Configuring done
[30.766s] -- Generating done
[30.782s] -- Build files have been written to: /home/kush/UR5_Project_main/build/moveit_setup_srdf_plugins
[30.854s] Invoked command in '/home/kush/UR5_Project_main/build/moveit_setup_srdf_plugins' returned '0': AMENT_PREFIX_PATH=/home/kush/UR5_Project_main/install/moveit_setup_framework:/home/kush/UR5_Project_main/install/moveit_ros_visualization:/home/kush/UR5_Project_main/install/moveit_ros_planning_interface:/home/kush/UR5_Project_main/install/moveit_ros_move_group:/home/kush/UR5_Project_main/install/moveit_ros_warehouse:/home/kush/UR5_Project_main/install/moveit_ros_robot_interaction:/home/kush/UR5_Project_main/install/moveit_kinematics:/home/kush/UR5_Project_main/install/moveit_ros_planning:/home/kush/UR5_Project_main/install/moveit_ros_occupancy_map_monitor:/home/kush/UR5_Project_main/install/moveit_core:/home/kush/UR5_Project_main/install/srdfdom:/home/kush/UR5_Project_main/install/moveit_resources_fanuc_description:/home/kush/UR5_Project_main/install/moveit_common:${AMENT_PREFIX_PATH} CMAKE_PREFIX_PATH=/home/kush/UR5_Project_main/install/moveit_setup_framework:/home/kush/UR5_Project_main/install/moveit_ros_visualization:/home/kush/UR5_Project_main/install/moveit_ros_planning_interface:/home/kush/UR5_Project_main/install/moveit_ros_move_group:/home/kush/UR5_Project_main/install/moveit_ros_warehouse:/home/kush/UR5_Project_main/install/moveit_ros_robot_interaction:/home/kush/UR5_Project_main/install/moveit_kinematics:/home/kush/UR5_Project_main/install/moveit_ros_planning:/home/kush/UR5_Project_main/install/moveit_ros_occupancy_map_monitor:/home/kush/UR5_Project_main/install/moveit_core:/home/kush/UR5_Project_main/install/srdfdom:/home/kush/UR5_Project_main/install/moveit_resources_fanuc_description:/home/kush/UR5_Project_main/install/moveit_common:/home/kush/ws_moveit2_ur5/install/ur_description:/home/kush/ws_moveit2_ur5/install/pilz_industrial_motion_planner_testutils:/home/kush/ws_moveit2_ur5/install/moveit_runtime:/home/kush/ws_moveit2_ur5/install/moveit2_tutorials:/home/kush/ws_moveit2_ur5/install/moveit:/home/kush/ws_moveit2_ur5/install/moveit_planners:/home/kush/ws_moveit2_ur5/install/pilz_industrial_motion_planner:/home/kush/ws_moveit2_ur5/install/moveit_visual_tools:/home/kush/ws_moveit2_ur5/install/moveit_task_constructor_visualization:/home/kush/ws_moveit2_ur5/install/moveit_task_constructor_demo:/home/kush/ws_moveit2_ur5/install/moveit_task_constructor_capabilities:/home/kush/ws_moveit2_ur5/install/moveit_task_constructor_core:/home/kush/ws_moveit2_ur5/install/moveit_ros_control_interface:/home/kush/ws_moveit2_ur5/install/moveit_plugins:/home/kush/ws_moveit2_ur5/install/moveit_simple_controller_manager:/home/kush/ws_moveit2_ur5/install/moveit_setup_assistant:/home/kush/ws_moveit2_ur5/install/moveit_setup_srdf_plugins:/home/kush/ws_moveit2_ur5/install/moveit_setup_core_plugins:/home/kush/ws_moveit2_ur5/install/moveit_setup_controllers:/home/kush/ws_moveit2_ur5/install/moveit_setup_app_plugins:/home/kush/ws_moveit2_ur5/install/moveit_setup_framework:/home/kush/ws_moveit2_ur5/install/moveit_servo:/home/kush/ws_moveit2_ur5/install/moveit_ros:/home/kush/ws_moveit2_ur5/install/moveit_ros_visualization:/home/kush/ws_moveit2_ur5/install/moveit_hybrid_planning:/home/kush/ws_moveit2_ur5/install/moveit_ros_planning_interface:/home/kush/ws_moveit2_ur5/install/moveit_ros_benchmarks:/home/kush/ws_moveit2_ur5/install/moveit_ros_warehouse:/home/kush/ws_moveit2_ur5/install/moveit_ros_robot_interaction:/home/kush/ws_moveit2_ur5/install/moveit_ros_perception:/home/kush/ws_moveit2_ur5/install/moveit_resources_prbt_pg70_support:/home/kush/ws_moveit2_ur5/install/moveit_resources_prbt_moveit_config:/home/kush/ws_moveit2_ur5/install/moveit_ros_move_group:/home/kush/ws_moveit2_ur5/install/moveit_planners_ompl:/home/kush/ws_moveit2_ur5/install/moveit_ros_planning:/home/kush/ws_moveit2_ur5/install/moveit_ros_occupancy_map_monitor:/home/kush/ws_moveit2_ur5/install/moveit_resources_prbt_ikfast_manipulator_plugin:/home/kush/ws_moveit2_ur5/install/moveit_planners_chomp:/home/kush/ws_moveit2_ur5/install/moveit_kinematics:/home/kush/ws_moveit2_ur5/install/moveit_chomp_optimizer_adapter:/home/kush/ws_moveit2_ur5/install/chomp_motion_planner:/home/kush/ws_moveit2_ur5/install/moveit_core:/home/kush/ws_moveit2_ur5/install/srdfdom:/home/kush/ws_moveit2_ur5/install/rviz_marker_tools:/home/kush/ws_moveit2_ur5/install/rosparam_shortcuts:/home/kush/ws_moveit2_ur5/install/moveit_task_constructor_msgs:/home/kush/ws_moveit2_ur5/install/moveit_resources_prbt_support:/home/kush/ws_moveit2_ur5/install/moveit_resources:/home/kush/ws_moveit2_ur5/install/moveit_resources_pr2_description:/home/kush/ws_moveit2_ur5/install/moveit_resources_panda_moveit_config:/home/kush/ws_moveit2_ur5/install/moveit_resources_panda_description:/home/kush/ws_moveit2_ur5/install/moveit_resources_fanuc_moveit_config:/home/kush/ws_moveit2_ur5/install/moveit_resources_fanuc_description:/home/kush/ws_moveit2_ur5/install/moveit_common:/home/kush/ws_moveit2_ur5/install/moveit_configs_utils:/home/kush/ws_moveit2_ur5/install/launch_param_builder:/opt/ros/humble LD_LIBRARY_PATH=/home/kush/UR5_Project_main/install/moveit_setup_framework/lib:/home/kush/UR5_Project_main/install/moveit_ros_visualization/lib:/home/kush/UR5_Project_main/install/moveit_ros_planning_interface/lib:/home/kush/UR5_Project_main/install/moveit_ros_move_group/lib:/home/kush/UR5_Project_main/install/moveit_ros_warehouse/lib:/home/kush/UR5_Project_main/install/moveit_ros_robot_interaction/lib:/home/kush/UR5_Project_main/install/moveit_kinematics/lib:/home/kush/UR5_Project_main/install/moveit_ros_planning/lib:/home/kush/UR5_Project_main/install/moveit_ros_occupancy_map_monitor/lib:/home/kush/UR5_Project_main/install/moveit_core/lib:/home/kush/UR5_Project_main/install/srdfdom/lib:${LD_LIBRARY_PATH} PATH=/home/kush/UR5_Project_main/install/moveit_core/bin:${PATH} PYTHONPATH=/home/kush/UR5_Project_main/install/srdfdom/local/lib/python3.10/dist-packages:${PYTHONPATH} /usr/bin/cmake /home/kush/UR5_Project_main/src/moveit2/moveit_setup_assistant/moveit_setup_srdf_plugins -DCMAKE_BUILD_TYPE=Release -DCMAKE_INSTALL_PREFIX=/home/kush/UR5_Project_main/install/moveit_setup_srdf_plugins
[30.855s] Invoking command in '/home/kush/UR5_Project_main/build/moveit_setup_srdf_plugins': AMENT_PREFIX_PATH=/home/kush/UR5_Project_main/install/moveit_setup_framework:/home/kush/UR5_Project_main/install/moveit_ros_visualization:/home/kush/UR5_Project_main/install/moveit_ros_planning_interface:/home/kush/UR5_Project_main/install/moveit_ros_move_group:/home/kush/UR5_Project_main/install/moveit_ros_warehouse:/home/kush/UR5_Project_main/install/moveit_ros_robot_interaction:/home/kush/UR5_Project_main/install/moveit_kinematics:/home/kush/UR5_Project_main/install/moveit_ros_planning:/home/kush/UR5_Project_main/install/moveit_ros_occupancy_map_monitor:/home/kush/UR5_Project_main/install/moveit_core:/home/kush/UR5_Project_main/install/srdfdom:/home/kush/UR5_Project_main/install/moveit_resources_fanuc_description:/home/kush/UR5_Project_main/install/moveit_common:${AMENT_PREFIX_PATH} CMAKE_PREFIX_PATH=/home/kush/UR5_Project_main/install/moveit_setup_framework:/home/kush/UR5_Project_main/install/moveit_ros_visualization:/home/kush/UR5_Project_main/install/moveit_ros_planning_interface:/home/kush/UR5_Project_main/install/moveit_ros_move_group:/home/kush/UR5_Project_main/install/moveit_ros_warehouse:/home/kush/UR5_Project_main/install/moveit_ros_robot_interaction:/home/kush/UR5_Project_main/install/moveit_kinematics:/home/kush/UR5_Project_main/install/moveit_ros_planning:/home/kush/UR5_Project_main/install/moveit_ros_occupancy_map_monitor:/home/kush/UR5_Project_main/install/moveit_core:/home/kush/UR5_Project_main/install/srdfdom:/home/kush/UR5_Project_main/install/moveit_resources_fanuc_description:/home/kush/UR5_Project_main/install/moveit_common:/home/kush/ws_moveit2_ur5/install/ur_description:/home/kush/ws_moveit2_ur5/install/pilz_industrial_motion_planner_testutils:/home/kush/ws_moveit2_ur5/install/moveit_runtime:/home/kush/ws_moveit2_ur5/install/moveit2_tutorials:/home/kush/ws_moveit2_ur5/install/moveit:/home/kush/ws_moveit2_ur5/install/moveit_planners:/home/kush/ws_moveit2_ur5/install/pilz_industrial_motion_planner:/home/kush/ws_moveit2_ur5/install/moveit_visual_tools:/home/kush/ws_moveit2_ur5/install/moveit_task_constructor_visualization:/home/kush/ws_moveit2_ur5/install/moveit_task_constructor_demo:/home/kush/ws_moveit2_ur5/install/moveit_task_constructor_capabilities:/home/kush/ws_moveit2_ur5/install/moveit_task_constructor_core:/home/kush/ws_moveit2_ur5/install/moveit_ros_control_interface:/home/kush/ws_moveit2_ur5/install/moveit_plugins:/home/kush/ws_moveit2_ur5/install/moveit_simple_controller_manager:/home/kush/ws_moveit2_ur5/install/moveit_setup_assistant:/home/kush/ws_moveit2_ur5/install/moveit_setup_srdf_plugins:/home/kush/ws_moveit2_ur5/install/moveit_setup_core_plugins:/home/kush/ws_moveit2_ur5/install/moveit_setup_controllers:/home/kush/ws_moveit2_ur5/install/moveit_setup_app_plugins:/home/kush/ws_moveit2_ur5/install/moveit_setup_framework:/home/kush/ws_moveit2_ur5/install/moveit_servo:/home/kush/ws_moveit2_ur5/install/moveit_ros:/home/kush/ws_moveit2_ur5/install/moveit_ros_visualization:/home/kush/ws_moveit2_ur5/install/moveit_hybrid_planning:/home/kush/ws_moveit2_ur5/install/moveit_ros_planning_interface:/home/kush/ws_moveit2_ur5/install/moveit_ros_benchmarks:/home/kush/ws_moveit2_ur5/install/moveit_ros_warehouse:/home/kush/ws_moveit2_ur5/install/moveit_ros_robot_interaction:/home/kush/ws_moveit2_ur5/install/moveit_ros_perception:/home/kush/ws_moveit2_ur5/install/moveit_resources_prbt_pg70_support:/home/kush/ws_moveit2_ur5/install/moveit_resources_prbt_moveit_config:/home/kush/ws_moveit2_ur5/install/moveit_ros_move_group:/home/kush/ws_moveit2_ur5/install/moveit_planners_ompl:/home/kush/ws_moveit2_ur5/install/moveit_ros_planning:/home/kush/ws_moveit2_ur5/install/moveit_ros_occupancy_map_monitor:/home/kush/ws_moveit2_ur5/install/moveit_resources_prbt_ikfast_manipulator_plugin:/home/kush/ws_moveit2_ur5/install/moveit_planners_chomp:/home/kush/ws_moveit2_ur5/install/moveit_kinematics:/home/kush/ws_moveit2_ur5/install/moveit_chomp_optimizer_adapter:/home/kush/ws_moveit2_ur5/install/chomp_motion_planner:/home/kush/ws_moveit2_ur5/install/moveit_core:/home/kush/ws_moveit2_ur5/install/srdfdom:/home/kush/ws_moveit2_ur5/install/rviz_marker_tools:/home/kush/ws_moveit2_ur5/install/rosparam_shortcuts:/home/kush/ws_moveit2_ur5/install/moveit_task_constructor_msgs:/home/kush/ws_moveit2_ur5/install/moveit_resources_prbt_support:/home/kush/ws_moveit2_ur5/install/moveit_resources:/home/kush/ws_moveit2_ur5/install/moveit_resources_pr2_description:/home/kush/ws_moveit2_ur5/install/moveit_resources_panda_moveit_config:/home/kush/ws_moveit2_ur5/install/moveit_resources_panda_description:/home/kush/ws_moveit2_ur5/install/moveit_resources_fanuc_moveit_config:/home/kush/ws_moveit2_ur5/install/moveit_resources_fanuc_description:/home/kush/ws_moveit2_ur5/install/moveit_common:/home/kush/ws_moveit2_ur5/install/moveit_configs_utils:/home/kush/ws_moveit2_ur5/install/launch_param_builder:/opt/ros/humble LD_LIBRARY_PATH=/home/kush/UR5_Project_main/install/moveit_setup_framework/lib:/home/kush/UR5_Project_main/install/moveit_ros_visualization/lib:/home/kush/UR5_Project_main/install/moveit_ros_planning_interface/lib:/home/kush/UR5_Project_main/install/moveit_ros_move_group/lib:/home/kush/UR5_Project_main/install/moveit_ros_warehouse/lib:/home/kush/UR5_Project_main/install/moveit_ros_robot_interaction/lib:/home/kush/UR5_Project_main/install/moveit_kinematics/lib:/home/kush/UR5_Project_main/install/moveit_ros_planning/lib:/home/kush/UR5_Project_main/install/moveit_ros_occupancy_map_monitor/lib:/home/kush/UR5_Project_main/install/moveit_core/lib:/home/kush/UR5_Project_main/install/srdfdom/lib:${LD_LIBRARY_PATH} PATH=/home/kush/UR5_Project_main/install/moveit_core/bin:${PATH} PYTHONPATH=/home/kush/UR5_Project_main/install/srdfdom/local/lib/python3.10/dist-packages:${PYTHONPATH} /usr/bin/cmake --build /home/kush/UR5_Project_main/build/moveit_setup_srdf_plugins -- -j4 -l4
[31.090s] [  2%] [34m[1mGenerating include/moveit_setup_srdf_plugins/moc_virtual_joints_widget.cpp[0m
[31.138s] [  4%] [34m[1mGenerating include/moveit_setup_srdf_plugins/moc_collision_linear_model.cpp[0m
[31.186s] [  6%] [34m[1mGenerating include/moveit_setup_srdf_plugins/moc_collision_matrix_model.cpp[0m
[31.230s] [  8%] [34m[1mGenerating include/moveit_setup_srdf_plugins/moc_default_collisions_widget.cpp[0m
[31.276s] [ 10%] [34m[1mGenerating include/moveit_setup_srdf_plugins/moc_end_effectors_widget.cpp[0m
[31.319s] [ 12%] [34m[1mGenerating include/moveit_setup_srdf_plugins/moc_group_edit_widget.cpp[0m
[31.363s] [ 14%] [34m[1mGenerating include/moveit_setup_srdf_plugins/moc_kinematic_chain_widget.cpp[0m
[31.407s] [ 16%] [34m[1mGenerating include/moveit_setup_srdf_plugins/moc_passive_joints_widget.cpp[0m
[31.451s] [ 18%] [34m[1mGenerating include/moveit_setup_srdf_plugins/moc_planning_groups_widget.cpp[0m
[31.495s] [ 20%] [34m[1mGenerating include/moveit_setup_srdf_plugins/moc_robot_poses_widget.cpp[0m
[31.570s] [ 22%] [34m[1mGenerating include/moveit_setup_srdf_plugins/moc_rotated_header_view.cpp[0m
[31.584s] /home/kush/UR5_Project_main/src/moveit2/moveit_setup_assistant/moveit_setup_srdf_plugins/include/moveit_setup_srdf_plugins/rotated_header_view.hpp:0: Note: No relevant classes found. No output generated.
[31.676s] [ 25%] [32mBuilding CXX object CMakeFiles/moveit_setup_srdf_plugins.dir/src/collision_linear_model.cpp.o[0m
[37.433s] [ 27%] [32mBuilding CXX object CMakeFiles/moveit_setup_srdf_plugins.dir/src/collision_matrix_model.cpp.o[0m
[45.678s] [ 29%] [32mBuilding CXX object CMakeFiles/moveit_setup_srdf_plugins.dir/src/compute_default_collisions.cpp.o[0m
[75.814s] [ 31%] [32mBuilding CXX object CMakeFiles/moveit_setup_srdf_plugins.dir/src/default_collisions.cpp.o[0m
[100.268s] [ 33%] [32mBuilding CXX object CMakeFiles/moveit_setup_srdf_plugins.dir/src/default_collisions_widget.cpp.o[0m
[132.499s] [ 35%] [32mBuilding CXX object CMakeFiles/moveit_setup_srdf_plugins.dir/src/end_effectors.cpp.o[0m
[151.930s] [ 37%] [32mBuilding CXX object CMakeFiles/moveit_setup_srdf_plugins.dir/src/end_effectors_widget.cpp.o[0m
[167.040s] [ 39%] [32mBuilding CXX object CMakeFiles/moveit_setup_srdf_plugins.dir/src/group_edit_widget.cpp.o[0m
