[0.079s] Invoking command in '/home/kush/UR5_Project_main/src/build/moveit_resources_fanuc_description': CMAKE_PREFIX_PATH=${CMAKE_PREFIX_PATH}:/home/kush/UR5_Project_main/install/moveit_configs_utils:/home/kush/UR5_Project_main/install/launch_param_builder:/home/kush/ws_moveit2_ur5/install/moveit_configs_utils:/home/kush/ws_moveit2_ur5/install/launch_param_builder:/opt/ros/humble /usr/bin/cmake /home/kush/UR5_Project_main/src/moveit_resources/fanuc_description -DCMAKE_BUILD_TYPE=Debug -DCMAKE_INSTALL_PREFIX=/home/kush/UR5_Project_main/src/install/moveit_resources_fanuc_description
[0.323s] -- The C compiler identification is GNU 11.4.0
[0.476s] -- The CXX compiler identification is GNU 11.4.0
[0.498s] -- Detecting C compiler ABI info
[0.783s] -- Detecting C compiler ABI info - done
[0.805s] -- Check for working C compiler: /usr/bin/cc - skipped
[0.805s] -- Detecting C compile features
[0.806s] -- Detecting C compile features - done
[0.814s] -- Detecting CXX compiler ABI info
[1.125s] -- Detecting CXX compiler ABI info - done
[1.164s] -- Check for working CXX compiler: /usr/bin/c++ - skipped
[1.165s] -- Detecting CXX compile features
[1.167s] -- Detecting CXX compile features - done
[1.205s] -- Found ament_cmake: 1.3.5 (/opt/ros/humble/share/ament_cmake/cmake)
[2.005s] -- Found Python3: /usr/bin/python3.10 (found version "3.10.12") found components: Interpreter 
[2.872s] -- Configuring done
[2.883s] -- Generating done
[2.886s] -- Build files have been written to: /home/kush/UR5_Project_main/src/build/moveit_resources_fanuc_description
[2.911s] Invoked command in '/home/kush/UR5_Project_main/src/build/moveit_resources_fanuc_description' returned '0': CMAKE_PREFIX_PATH=${CMAKE_PREFIX_PATH}:/home/kush/UR5_Project_main/install/moveit_configs_utils:/home/kush/UR5_Project_main/install/launch_param_builder:/home/kush/ws_moveit2_ur5/install/moveit_configs_utils:/home/kush/ws_moveit2_ur5/install/launch_param_builder:/opt/ros/humble /usr/bin/cmake /home/kush/UR5_Project_main/src/moveit_resources/fanuc_description -DCMAKE_BUILD_TYPE=Debug -DCMAKE_INSTALL_PREFIX=/home/kush/UR5_Project_main/src/install/moveit_resources_fanuc_description
[2.912s] Invoking command in '/home/kush/UR5_Project_main/src/build/moveit_resources_fanuc_description': CMAKE_PREFIX_PATH=${CMAKE_PREFIX_PATH}:/home/kush/UR5_Project_main/install/moveit_configs_utils:/home/kush/UR5_Project_main/install/launch_param_builder:/home/kush/ws_moveit2_ur5/install/moveit_configs_utils:/home/kush/ws_moveit2_ur5/install/launch_param_builder:/opt/ros/humble /usr/bin/cmake --build /home/kush/UR5_Project_main/src/build/moveit_resources_fanuc_description -- -j4 -l4
[3.114s] Invoked command in '/home/kush/UR5_Project_main/src/build/moveit_resources_fanuc_description' returned '0': CMAKE_PREFIX_PATH=${CMAKE_PREFIX_PATH}:/home/kush/UR5_Project_main/install/moveit_configs_utils:/home/kush/UR5_Project_main/install/launch_param_builder:/home/kush/ws_moveit2_ur5/install/moveit_configs_utils:/home/kush/ws_moveit2_ur5/install/launch_param_builder:/opt/ros/humble /usr/bin/cmake --build /home/kush/UR5_Project_main/src/build/moveit_resources_fanuc_description -- -j4 -l4
[3.400s] Invoking command in '/home/kush/UR5_Project_main/src/build/moveit_resources_fanuc_description': CMAKE_PREFIX_PATH=${CMAKE_PREFIX_PATH}:/home/kush/UR5_Project_main/install/moveit_configs_utils:/home/kush/UR5_Project_main/install/launch_param_builder:/home/kush/ws_moveit2_ur5/install/moveit_configs_utils:/home/kush/ws_moveit2_ur5/install/launch_param_builder:/opt/ros/humble /usr/bin/cmake --install /home/kush/UR5_Project_main/src/build/moveit_resources_fanuc_description
[3.498s] -- Install configuration: "Debug"
[3.520s] -- Installing: /home/kush/UR5_Project_main/src/install/moveit_resources_fanuc_description/share/ament_index/resource_index/package_run_dependencies/moveit_resources_fanuc_description
[3.524s] -- Installing: /home/kush/UR5_Project_main/src/install/moveit_resources_fanuc_description/share/ament_index/resource_index/parent_prefix_path/moveit_resources_fanuc_description
[3.524s] -- Installing: /home/kush/UR5_Project_main/src/install/moveit_resources_fanuc_description/share/moveit_resources_fanuc_description/environment/ament_prefix_path.sh
[3.524s] -- Installing: /home/kush/UR5_Project_main/src/install/moveit_resources_fanuc_description/share/moveit_resources_fanuc_description/environment/ament_prefix_path.dsv
[3.524s] -- Installing: /home/kush/UR5_Project_main/src/install/moveit_resources_fanuc_description/share/moveit_resources_fanuc_description/environment/path.sh
[3.525s] -- Installing: /home/kush/UR5_Project_main/src/install/moveit_resources_fanuc_description/share/moveit_resources_fanuc_description/environment/path.dsv
[3.525s] -- Installing: /home/kush/UR5_Project_main/src/install/moveit_resources_fanuc_description/share/moveit_resources_fanuc_description/local_setup.bash
[3.525s] -- Installing: /home/kush/UR5_Project_main/src/install/moveit_resources_fanuc_description/share/moveit_resources_fanuc_description/local_setup.sh
[3.525s] -- Installing: /home/kush/UR5_Project_main/src/install/moveit_resources_fanuc_description/share/moveit_resources_fanuc_description/local_setup.zsh
[3.526s] -- Installing: /home/kush/UR5_Project_main/src/install/moveit_resources_fanuc_description/share/moveit_resources_fanuc_description/local_setup.dsv
[3.526s] -- Installing: /home/kush/UR5_Project_main/src/install/moveit_resources_fanuc_description/share/moveit_resources_fanuc_description/package.dsv
[3.526s] -- Installing: /home/kush/UR5_Project_main/src/install/moveit_resources_fanuc_description/share/ament_index/resource_index/packages/moveit_resources_fanuc_description
[3.527s] -- Installing: /home/kush/UR5_Project_main/src/install/moveit_resources_fanuc_description/share/moveit_resources_fanuc_description/cmake/moveit_resources_fanuc_descriptionConfig.cmake
[3.530s] -- Installing: /home/kush/UR5_Project_main/src/install/moveit_resources_fanuc_description/share/moveit_resources_fanuc_description/cmake/moveit_resources_fanuc_descriptionConfig-version.cmake
[3.533s] -- Installing: /home/kush/UR5_Project_main/src/install/moveit_resources_fanuc_description/share/moveit_resources_fanuc_description/package.xml
[3.533s] -- Installing: /home/kush/UR5_Project_main/src/install/moveit_resources_fanuc_description/share/moveit_resources_fanuc_description/meshes
[3.534s] -- Installing: /home/kush/UR5_Project_main/src/install/moveit_resources_fanuc_description/share/moveit_resources_fanuc_description/meshes/visual
[3.534s] -- Installing: /home/kush/UR5_Project_main/src/install/moveit_resources_fanuc_description/share/moveit_resources_fanuc_description/meshes/visual/link_2.stl
[3.544s] -- Installing: /home/kush/UR5_Project_main/src/install/moveit_resources_fanuc_description/share/moveit_resources_fanuc_description/meshes/visual/link_5.stl
[3.558s] -- Installing: /home/kush/UR5_Project_main/src/install/moveit_resources_fanuc_description/share/moveit_resources_fanuc_description/meshes/visual/link_6.stl
[3.566s] -- Installing: /home/kush/UR5_Project_main/src/install/moveit_resources_fanuc_description/share/moveit_resources_fanuc_description/meshes/visual/link_4.stl
[3.597s] -- Installing: /home/kush/UR5_Project_main/src/install/moveit_resources_fanuc_description/share/moveit_resources_fanuc_description/meshes/visual/base_link.stl
[3.597s] -- Installing: /home/kush/UR5_Project_main/src/install/moveit_resources_fanuc_description/share/moveit_resources_fanuc_description/meshes/visual/link_1.stl
[3.597s] -- Installing: /home/kush/UR5_Project_main/src/install/moveit_resources_fanuc_description/share/moveit_resources_fanuc_description/meshes/visual/link_3.stl
[3.598s] -- Installing: /home/kush/UR5_Project_main/src/install/moveit_resources_fanuc_description/share/moveit_resources_fanuc_description/meshes/collision
[3.598s] -- Installing: /home/kush/UR5_Project_main/src/install/moveit_resources_fanuc_description/share/moveit_resources_fanuc_description/meshes/collision/link_2.stl
[3.599s] -- Installing: /home/kush/UR5_Project_main/src/install/moveit_resources_fanuc_description/share/moveit_resources_fanuc_description/meshes/collision/link_5.stl
[3.600s] -- Installing: /home/kush/UR5_Project_main/src/install/moveit_resources_fanuc_description/share/moveit_resources_fanuc_description/meshes/collision/link_6.stl
[3.601s] -- Installing: /home/kush/UR5_Project_main/src/install/moveit_resources_fanuc_description/share/moveit_resources_fanuc_description/meshes/collision/link_4.stl
[3.602s] -- Installing: /home/kush/UR5_Project_main/src/install/moveit_resources_fanuc_description/share/moveit_resources_fanuc_description/meshes/collision/base_link.stl
[3.609s] -- Installing: /home/kush/UR5_Project_main/src/install/moveit_resources_fanuc_description/share/moveit_resources_fanuc_description/meshes/collision/link_1.stl
[3.610s] -- Installing: /home/kush/UR5_Project_main/src/install/moveit_resources_fanuc_description/share/moveit_resources_fanuc_description/meshes/collision/link_3.stl
[3.611s] -- Installing: /home/kush/UR5_Project_main/src/install/moveit_resources_fanuc_description/share/moveit_resources_fanuc_description/urdf
[3.612s] -- Installing: /home/kush/UR5_Project_main/src/install/moveit_resources_fanuc_description/share/moveit_resources_fanuc_description/urdf/fanuc.urdf
[3.622s] Invoked command in '/home/kush/UR5_Project_main/src/build/moveit_resources_fanuc_description' returned '0': CMAKE_PREFIX_PATH=${CMAKE_PREFIX_PATH}:/home/kush/UR5_Project_main/install/moveit_configs_utils:/home/kush/UR5_Project_main/install/launch_param_builder:/home/kush/ws_moveit2_ur5/install/moveit_configs_utils:/home/kush/ws_moveit2_ur5/install/launch_param_builder:/opt/ros/humble /usr/bin/cmake --install /home/kush/UR5_Project_main/src/build/moveit_resources_fanuc_description
