[2.748s] Invoking command in '/home/kush/UR5_Project_main/src/launch_param_builder': PYTHONPATH=/home/kush/UR5_Project_main/build/launch_param_builder/prefix_override:/home/kush/UR5_Project_main/install/launch_param_builder/lib/python3.10/site-packages:${PYTHONPATH} /usr/bin/python3 setup.py egg_info --egg-base ../../build/launch_param_builder build --build-base /home/kush/UR5_Project_main/build/launch_param_builder/build install --record /home/kush/UR5_Project_main/build/launch_param_builder/install.log --single-version-externally-managed
[3.547s] running egg_info
[3.551s] writing ../../build/launch_param_builder/launch_param_builder.egg-info/PKG-INFO
[3.551s] writing dependency_links to ../../build/launch_param_builder/launch_param_builder.egg-info/dependency_links.txt
[3.551s] writing entry points to ../../build/launch_param_builder/launch_param_builder.egg-info/entry_points.txt
[3.552s] writing requirements to ../../build/launch_param_builder/launch_param_builder.egg-info/requires.txt
[3.552s] writing top-level names to ../../build/launch_param_builder/launch_param_builder.egg-info/top_level.txt
[3.556s] reading manifest file '../../build/launch_param_builder/launch_param_builder.egg-info/SOURCES.txt'
[3.590s] adding license file 'LICENSE'
[3.590s] writing manifest file '../../build/launch_param_builder/launch_param_builder.egg-info/SOURCES.txt'
[3.590s] running build
[3.595s] running build_py
[3.596s] running install
[3.611s] running install_lib
[3.611s] /usr/lib/python3/dist-packages/setuptools/command/install.py:34: SetuptoolsDeprecationWarning: setup.py install is deprecated. Use build and pip and other standards-based tools.
[3.612s]   warnings.warn(
[3.614s] running install_data
[3.616s] running install_egg_info
[3.634s] removing '/home/kush/UR5_Project_main/install/launch_param_builder/lib/python3.10/site-packages/launch_param_builder-0.1.1-py3.10.egg-info' (and everything under it)
[3.634s] Copying ../../build/launch_param_builder/launch_param_builder.egg-info to /home/kush/UR5_Project_main/install/launch_param_builder/lib/python3.10/site-packages/launch_param_builder-0.1.1-py3.10.egg-info
[3.640s] running install_scripts
[3.727s] writing list of installed files to '/home/kush/UR5_Project_main/build/launch_param_builder/install.log'
[3.829s] Invoked command in '/home/kush/UR5_Project_main/src/launch_param_builder' returned '0': PYTHONPATH=/home/kush/UR5_Project_main/build/launch_param_builder/prefix_override:/home/kush/UR5_Project_main/install/launch_param_builder/lib/python3.10/site-packages:${PYTHONPATH} /usr/bin/python3 setup.py egg_info --egg-base ../../build/launch_param_builder build --build-base /home/kush/UR5_Project_main/build/launch_param_builder/build install --record /home/kush/UR5_Project_main/build/launch_param_builder/install.log --single-version-externally-managed
