[0.364s] Invoking command in '/home/kush/UR5_Project_main/build/moveit_task_constructor_core': AMENT_PREFIX_PATH=/home/kush/UR5_Project_main/install/moveit_planners:/home/kush/UR5_Project_main/install/pilz_industrial_motion_planner:/home/kush/UR5_Project_main/install/moveit_ros_planning_interface:/home/kush/UR5_Project_main/install/moveit_ros_move_group:/home/kush/UR5_Project_main/install/moveit_ros_warehouse:/home/kush/UR5_Project_main/install/moveit_planners_ompl:/home/kush/UR5_Project_main/install/moveit_kinematics:/home/kush/UR5_Project_main/install/moveit_ros_planning:/home/kush/UR5_Project_main/install/moveit_ros_occupancy_map_monitor:/home/kush/UR5_Project_main/install/moveit_core:/home/kush/UR5_Project_main/install/rviz_marker_tools:/home/kush/UR5_Project_main/install/moveit_configs_utils:/home/kush/UR5_Project_main/install/srdfdom:/home/kush/UR5_Project_main/install/moveit_task_constructor_msgs:/home/kush/UR5_Project_main/install/moveit_common:/home/kush/UR5_Project_main/install/launch_param_builder:${AMENT_PREFIX_PATH} CMAKE_PREFIX_PATH=/home/kush/UR5_Project_main/install/moveit_planners:/home/kush/UR5_Project_main/install/pilz_industrial_motion_planner:/home/kush/UR5_Project_main/install/moveit_ros_planning_interface:/home/kush/UR5_Project_main/install/moveit_ros_move_group:/home/kush/UR5_Project_main/install/moveit_ros_warehouse:/home/kush/UR5_Project_main/install/moveit_planners_ompl:/home/kush/UR5_Project_main/install/moveit_kinematics:/home/kush/UR5_Project_main/install/moveit_ros_planning:/home/kush/UR5_Project_main/install/moveit_ros_occupancy_map_monitor:/home/kush/UR5_Project_main/install/moveit_core:/home/kush/UR5_Project_main/install/rviz_marker_tools:/home/kush/UR5_Project_main/install/srdfdom:/home/kush/UR5_Project_main/install/moveit_task_constructor_msgs:/home/kush/UR5_Project_main/install/moveit_common:/home/kush/ws_moveit2_ur5/install/ur_description:/home/kush/ws_moveit2_ur5/install/pilz_industrial_motion_planner_testutils:/home/kush/ws_moveit2_ur5/install/moveit_runtime:/home/kush/ws_moveit2_ur5/install/moveit2_tutorials:/home/kush/ws_moveit2_ur5/install/moveit:/home/kush/ws_moveit2_ur5/install/moveit_planners:/home/kush/ws_moveit2_ur5/install/pilz_industrial_motion_planner:/home/kush/ws_moveit2_ur5/install/moveit_visual_tools:/home/kush/ws_moveit2_ur5/install/moveit_task_constructor_visualization:/home/kush/ws_moveit2_ur5/install/moveit_task_constructor_demo:/home/kush/ws_moveit2_ur5/install/moveit_task_constructor_capabilities:/home/kush/ws_moveit2_ur5/install/moveit_task_constructor_core:/home/kush/ws_moveit2_ur5/install/moveit_ros_control_interface:/home/kush/ws_moveit2_ur5/install/moveit_plugins:/home/kush/ws_moveit2_ur5/install/moveit_simple_controller_manager:/home/kush/ws_moveit2_ur5/install/moveit_setup_assistant:/home/kush/ws_moveit2_ur5/install/moveit_setup_srdf_plugins:/home/kush/ws_moveit2_ur5/install/moveit_setup_core_plugins:/home/kush/ws_moveit2_ur5/install/moveit_setup_controllers:/home/kush/ws_moveit2_ur5/install/moveit_setup_app_plugins:/home/kush/ws_moveit2_ur5/install/moveit_setup_framework:/home/kush/ws_moveit2_ur5/install/moveit_servo:/home/kush/ws_moveit2_ur5/install/moveit_ros:/home/kush/ws_moveit2_ur5/install/moveit_ros_visualization:/home/kush/ws_moveit2_ur5/install/moveit_hybrid_planning:/home/kush/ws_moveit2_ur5/install/moveit_ros_planning_interface:/home/kush/ws_moveit2_ur5/install/moveit_ros_benchmarks:/home/kush/ws_moveit2_ur5/install/moveit_ros_warehouse:/home/kush/ws_moveit2_ur5/install/moveit_ros_robot_interaction:/home/kush/ws_moveit2_ur5/install/moveit_ros_perception:/home/kush/ws_moveit2_ur5/install/moveit_resources_prbt_pg70_support:/home/kush/ws_moveit2_ur5/install/moveit_resources_prbt_moveit_config:/home/kush/ws_moveit2_ur5/install/moveit_ros_move_group:/home/kush/ws_moveit2_ur5/install/moveit_planners_ompl:/home/kush/ws_moveit2_ur5/install/moveit_ros_planning:/home/kush/ws_moveit2_ur5/install/moveit_ros_occupancy_map_monitor:/home/kush/ws_moveit2_ur5/install/moveit_resources_prbt_ikfast_manipulator_plugin:/home/kush/ws_moveit2_ur5/install/moveit_planners_chomp:/home/kush/ws_moveit2_ur5/install/moveit_kinematics:/home/kush/ws_moveit2_ur5/install/moveit_chomp_optimizer_adapter:/home/kush/ws_moveit2_ur5/install/chomp_motion_planner:/home/kush/ws_moveit2_ur5/install/moveit_core:/home/kush/ws_moveit2_ur5/install/srdfdom:/home/kush/ws_moveit2_ur5/install/rviz_marker_tools:/home/kush/ws_moveit2_ur5/install/rosparam_shortcuts:/home/kush/ws_moveit2_ur5/install/moveit_task_constructor_msgs:/home/kush/ws_moveit2_ur5/install/moveit_resources_prbt_support:/home/kush/ws_moveit2_ur5/install/moveit_resources:/home/kush/ws_moveit2_ur5/install/moveit_resources_pr2_description:/home/kush/ws_moveit2_ur5/install/moveit_resources_panda_moveit_config:/home/kush/ws_moveit2_ur5/install/moveit_resources_panda_description:/home/kush/ws_moveit2_ur5/install/moveit_resources_fanuc_moveit_config:/home/kush/ws_moveit2_ur5/install/moveit_resources_fanuc_description:/home/kush/ws_moveit2_ur5/install/moveit_common:/home/kush/ws_moveit2_ur5/install/moveit_configs_utils:/home/kush/ws_moveit2_ur5/install/launch_param_builder:/opt/ros/humble LD_LIBRARY_PATH=/home/kush/UR5_Project_main/install/pilz_industrial_motion_planner/lib:/home/kush/UR5_Project_main/install/moveit_ros_planning_interface/lib:/home/kush/UR5_Project_main/install/moveit_ros_move_group/lib:/home/kush/UR5_Project_main/install/moveit_ros_warehouse/lib:/home/kush/UR5_Project_main/install/moveit_planners_ompl/lib:/home/kush/UR5_Project_main/install/moveit_kinematics/lib:/home/kush/UR5_Project_main/install/moveit_ros_planning/lib:/home/kush/UR5_Project_main/install/moveit_ros_occupancy_map_monitor/lib:/home/kush/UR5_Project_main/install/moveit_core/lib:/home/kush/UR5_Project_main/install/rviz_marker_tools/lib:/home/kush/UR5_Project_main/install/srdfdom/lib:/home/kush/UR5_Project_main/install/moveit_task_constructor_msgs/lib:${LD_LIBRARY_PATH} PATH=/home/kush/UR5_Project_main/install/moveit_core/bin:${PATH} PYTHONPATH=/home/kush/UR5_Project_main/install/moveit_configs_utils/lib/python3.10/site-packages:/home/kush/UR5_Project_main/install/srdfdom/local/lib/python3.10/dist-packages:/home/kush/UR5_Project_main/install/moveit_task_constructor_msgs/local/lib/python3.10/dist-packages:/home/kush/UR5_Project_main/install/launch_param_builder/lib/python3.10/site-packages:${PYTHONPATH} /usr/bin/cmake /home/kush/UR5_Project_main/src/moveit_task_constructor/core -DCMAKE_BUILD_TYPE=Release -DCMAKE_INSTALL_PREFIX=/home/kush/UR5_Project_main/install/moveit_task_constructor_core
[0.572s] -- The C compiler identification is GNU 11.4.0
[0.756s] -- The CXX compiler identification is GNU 11.4.0
[0.778s] -- Detecting C compiler ABI info
[1.035s] -- Detecting C compiler ABI info - done
[1.076s] -- Check for working C compiler: /usr/bin/cc - skipped
[1.077s] -- Detecting C compile features
[1.077s] -- Detecting C compile features - done
[1.083s] -- Detecting CXX compiler ABI info
[1.413s] -- Detecting CXX compiler ABI info - done
[1.440s] -- Check for working CXX compiler: /usr/bin/c++ - skipped
[1.441s] -- Detecting CXX compile features
[1.442s] -- Detecting CXX compile features - done
[1.464s] -- Found ament_cmake: 1.3.5 (/opt/ros/humble/share/ament_cmake/cmake)
[2.008s] -- Found Python3: /usr/bin/python3.10 (found version "3.10.12") found components: Interpreter 
[3.208s] -- Found Boost: /usr/lib/x86_64-linux-gnu/cmake/Boost-1.74.0/BoostConfig.cmake (found version "1.74.0")  
[3.285s] -- Found geometry_msgs: 4.2.3 (/opt/ros/humble/share/geometry_msgs/cmake)
[4.634s] -- Found rosidl_generator_c: 3.1.5 (/opt/ros/humble/share/rosidl_generator_c/cmake)
[4.740s] -- Found rosidl_adapter: 3.1.5 (/opt/ros/humble/share/rosidl_adapter/cmake)
[4.812s] -- Found rosidl_generator_cpp: 3.1.5 (/opt/ros/humble/share/rosidl_generator_cpp/cmake)
[5.329s] -- Using all available rosidl_typesupport_c: rosidl_typesupport_fastrtps_c;rosidl_typesupport_introspection_c
[5.501s] -- Using all available rosidl_typesupport_cpp: rosidl_typesupport_fastrtps_cpp;rosidl_typesupport_introspection_cpp
[5.996s] -- Found moveit_common: 2.5.4 (/home/kush/UR5_Project_main/install/moveit_common/share/moveit_common/cmake)
[6.412s] -- Found libdw: /usr/lib/x86_64-linux-gnu/libdw.so  
[6.453s] -- Could NOT find libbfd (missing: LIBBFD_LIBRARY LIBBFD_INCLUDE_DIR) 
[6.454s] -- BACKWARD_HAS_UNWIND=1
[6.454s] -- BACKWARD_HAS_BACKTRACE=0
[6.454s] -- BACKWARD_HAS_BACKTRACE_SYMBOL=0
[6.454s] -- BACKWARD_HAS_DW=1
[6.454s] -- BACKWARD_HAS_BFD=0
[6.455s] -- Found Backward: /opt/ros/humble/share/backward_ros/cmake  
[6.476s] -- Found moveit_core: 2.5.4 (/home/kush/UR5_Project_main/install/moveit_core/share/moveit_core/cmake)
[7.615s] -- Found Boost: /usr/lib/x86_64-linux-gnu/cmake/Boost-1.74.0/BoostConfig.cmake (found version "1.74.0") found components: chrono date_time filesystem iostreams program_options regex serialization system thread 
[7.846s] -- Found parameter_traits: 0.3.3 (/opt/ros/humble/share/parameter_traits/cmake)
[8.446s] -- Found rmw_implementation_cmake: 6.1.1 (/opt/ros/humble/share/rmw_implementation_cmake/cmake)
[8.511s] -- Found rmw_fastrtps_cpp: 6.2.3 (/opt/ros/humble/share/rmw_fastrtps_cpp/cmake)
[9.318s] -- Found OpenSSL: /usr/lib/x86_64-linux-gnu/libcrypto.so (found version "3.0.2")  
[9.456s] -- Found FastRTPS: /opt/ros/humble/include  
[9.626s] -- Using RMW implementation 'rmw_fastrtps_cpp' as default
[9.766s] -- Found Threads: TRUE  
[10.488s] -- Found rclcpp_lifecycle: 16.0.5 (/opt/ros/humble/share/rclcpp_lifecycle/cmake)
[10.790s] -- Found Boost: /usr/lib/x86_64-linux-gnu/cmake/Boost-1.74.0/BoostConfig.cmake (found version "1.74.0") found components: filesystem 
[11.442s] -- library: /usr/lib/x86_64-linux-gnu/libcurl.so
[12.670s] -- Found Eigen3: TRUE (found version "3.4.0") 
[12.671s] -- Ensuring Eigen3 include directory is part of orocos-kdl CMake target
[17.105s] -- Found moveit_ros_planning: 2.5.4 (/home/kush/UR5_Project_main/install/moveit_ros_planning/share/moveit_ros_planning/cmake)
[17.120s] -- Found Boost: /usr/lib/x86_64-linux-gnu/cmake/Boost-1.74.0/BoostConfig.cmake (found version "1.74.0") found components: system filesystem date_time program_options thread chrono 
[18.412s] -- Found moveit_ros_planning_interface: 2.5.4 (/home/kush/UR5_Project_main/install/moveit_ros_planning_interface/share/moveit_ros_planning_interface/cmake)
[18.426s] -- Found Boost: /usr/lib/x86_64-linux-gnu/cmake/Boost-1.74.0/BoostConfig.cmake (found version "1.74.0") found components: date_time filesystem program_options system thread 
[18.977s] -- Found Boost: /usr/lib/x86_64-linux-gnu/cmake/Boost-1.74.0/BoostConfig.cmake (found version "1.74.0") found components: thread system filesystem regex date_time program_options 
[19.682s] -- Found Boost: /usr/lib/x86_64-linux-gnu/cmake/Boost-1.74.0/BoostConfig.cmake (found version "1.74.0") found components: system filesystem date_time program_options thread 
[20.984s] -- Found moveit_task_constructor_msgs: 0.1.3 (/home/kush/UR5_Project_main/install/moveit_task_constructor_msgs/share/moveit_task_constructor_msgs/cmake)
[21.539s] -- Found rviz_marker_tools: 0.1.3 (/home/kush/UR5_Project_main/install/rviz_marker_tools/share/rviz_marker_tools/cmake)
[21.751s] -- Found ament_cmake_gtest: 1.3.5 (/opt/ros/humble/share/ament_cmake_gtest/cmake)
[21.795s] -- Found ament_cmake_gmock: 1.3.5 (/opt/ros/humble/share/ament_cmake_gmock/cmake)
[21.836s] -- Found launch_testing_ament_cmake: 1.0.4 (/opt/ros/humble/share/launch_testing_ament_cmake/cmake)
[21.874s] -- Found python_cmake_module: 0.10.0 (/opt/ros/humble/share/python_cmake_module/cmake)
[21.937s] -- Found PythonInterp: /usr/bin/python3 (found suitable version "3.10.12", minimum required is "3.6") 
[22.000s] -- Found PythonLibs: /usr/lib/x86_64-linux-gnu/libpython3.10.so (found suitable version "3.10.12", minimum required is "3.5") 
[22.000s] -- Using PYTHON_EXECUTABLE: /usr/bin/python3
[22.000s] -- Using PYTHON_INCLUDE_DIRS: /usr/include/python3.10
[22.001s] -- Using PYTHON_LIBRARIES: /usr/lib/x86_64-linux-gnu/libpython3.10.so
[22.050s] -- Found PythonExtra: .so  
[22.079s] -- Found gtest sources under '/opt/ros/humble/src/gtest_vendor': C++ tests using 'Google Test' will be built
[22.115s] -- Found gmock sources under '/opt/ros/humble/src/gmock_vendor': C++ tests using 'Google Mock' will be built
[22.200s] -- Configuring done
[23.321s] -- Generating done
[23.333s] -- Build files have been written to: /home/kush/UR5_Project_main/build/moveit_task_constructor_core
[23.447s] Invoked command in '/home/kush/UR5_Project_main/build/moveit_task_constructor_core' returned '0': AMENT_PREFIX_PATH=/home/kush/UR5_Project_main/install/moveit_planners:/home/kush/UR5_Project_main/install/pilz_industrial_motion_planner:/home/kush/UR5_Project_main/install/moveit_ros_planning_interface:/home/kush/UR5_Project_main/install/moveit_ros_move_group:/home/kush/UR5_Project_main/install/moveit_ros_warehouse:/home/kush/UR5_Project_main/install/moveit_planners_ompl:/home/kush/UR5_Project_main/install/moveit_kinematics:/home/kush/UR5_Project_main/install/moveit_ros_planning:/home/kush/UR5_Project_main/install/moveit_ros_occupancy_map_monitor:/home/kush/UR5_Project_main/install/moveit_core:/home/kush/UR5_Project_main/install/rviz_marker_tools:/home/kush/UR5_Project_main/install/moveit_configs_utils:/home/kush/UR5_Project_main/install/srdfdom:/home/kush/UR5_Project_main/install/moveit_task_constructor_msgs:/home/kush/UR5_Project_main/install/moveit_common:/home/kush/UR5_Project_main/install/launch_param_builder:${AMENT_PREFIX_PATH} CMAKE_PREFIX_PATH=/home/kush/UR5_Project_main/install/moveit_planners:/home/kush/UR5_Project_main/install/pilz_industrial_motion_planner:/home/kush/UR5_Project_main/install/moveit_ros_planning_interface:/home/kush/UR5_Project_main/install/moveit_ros_move_group:/home/kush/UR5_Project_main/install/moveit_ros_warehouse:/home/kush/UR5_Project_main/install/moveit_planners_ompl:/home/kush/UR5_Project_main/install/moveit_kinematics:/home/kush/UR5_Project_main/install/moveit_ros_planning:/home/kush/UR5_Project_main/install/moveit_ros_occupancy_map_monitor:/home/kush/UR5_Project_main/install/moveit_core:/home/kush/UR5_Project_main/install/rviz_marker_tools:/home/kush/UR5_Project_main/install/srdfdom:/home/kush/UR5_Project_main/install/moveit_task_constructor_msgs:/home/kush/UR5_Project_main/install/moveit_common:/home/kush/ws_moveit2_ur5/install/ur_description:/home/kush/ws_moveit2_ur5/install/pilz_industrial_motion_planner_testutils:/home/kush/ws_moveit2_ur5/install/moveit_runtime:/home/kush/ws_moveit2_ur5/install/moveit2_tutorials:/home/kush/ws_moveit2_ur5/install/moveit:/home/kush/ws_moveit2_ur5/install/moveit_planners:/home/kush/ws_moveit2_ur5/install/pilz_industrial_motion_planner:/home/kush/ws_moveit2_ur5/install/moveit_visual_tools:/home/kush/ws_moveit2_ur5/install/moveit_task_constructor_visualization:/home/kush/ws_moveit2_ur5/install/moveit_task_constructor_demo:/home/kush/ws_moveit2_ur5/install/moveit_task_constructor_capabilities:/home/kush/ws_moveit2_ur5/install/moveit_task_constructor_core:/home/kush/ws_moveit2_ur5/install/moveit_ros_control_interface:/home/kush/ws_moveit2_ur5/install/moveit_plugins:/home/kush/ws_moveit2_ur5/install/moveit_simple_controller_manager:/home/kush/ws_moveit2_ur5/install/moveit_setup_assistant:/home/kush/ws_moveit2_ur5/install/moveit_setup_srdf_plugins:/home/kush/ws_moveit2_ur5/install/moveit_setup_core_plugins:/home/kush/ws_moveit2_ur5/install/moveit_setup_controllers:/home/kush/ws_moveit2_ur5/install/moveit_setup_app_plugins:/home/kush/ws_moveit2_ur5/install/moveit_setup_framework:/home/kush/ws_moveit2_ur5/install/moveit_servo:/home/kush/ws_moveit2_ur5/install/moveit_ros:/home/kush/ws_moveit2_ur5/install/moveit_ros_visualization:/home/kush/ws_moveit2_ur5/install/moveit_hybrid_planning:/home/kush/ws_moveit2_ur5/install/moveit_ros_planning_interface:/home/kush/ws_moveit2_ur5/install/moveit_ros_benchmarks:/home/kush/ws_moveit2_ur5/install/moveit_ros_warehouse:/home/kush/ws_moveit2_ur5/install/moveit_ros_robot_interaction:/home/kush/ws_moveit2_ur5/install/moveit_ros_perception:/home/kush/ws_moveit2_ur5/install/moveit_resources_prbt_pg70_support:/home/kush/ws_moveit2_ur5/install/moveit_resources_prbt_moveit_config:/home/kush/ws_moveit2_ur5/install/moveit_ros_move_group:/home/kush/ws_moveit2_ur5/install/moveit_planners_ompl:/home/kush/ws_moveit2_ur5/install/moveit_ros_planning:/home/kush/ws_moveit2_ur5/install/moveit_ros_occupancy_map_monitor:/home/kush/ws_moveit2_ur5/install/moveit_resources_prbt_ikfast_manipulator_plugin:/home/kush/ws_moveit2_ur5/install/moveit_planners_chomp:/home/kush/ws_moveit2_ur5/install/moveit_kinematics:/home/kush/ws_moveit2_ur5/install/moveit_chomp_optimizer_adapter:/home/kush/ws_moveit2_ur5/install/chomp_motion_planner:/home/kush/ws_moveit2_ur5/install/moveit_core:/home/kush/ws_moveit2_ur5/install/srdfdom:/home/kush/ws_moveit2_ur5/install/rviz_marker_tools:/home/kush/ws_moveit2_ur5/install/rosparam_shortcuts:/home/kush/ws_moveit2_ur5/install/moveit_task_constructor_msgs:/home/kush/ws_moveit2_ur5/install/moveit_resources_prbt_support:/home/kush/ws_moveit2_ur5/install/moveit_resources:/home/kush/ws_moveit2_ur5/install/moveit_resources_pr2_description:/home/kush/ws_moveit2_ur5/install/moveit_resources_panda_moveit_config:/home/kush/ws_moveit2_ur5/install/moveit_resources_panda_description:/home/kush/ws_moveit2_ur5/install/moveit_resources_fanuc_moveit_config:/home/kush/ws_moveit2_ur5/install/moveit_resources_fanuc_description:/home/kush/ws_moveit2_ur5/install/moveit_common:/home/kush/ws_moveit2_ur5/install/moveit_configs_utils:/home/kush/ws_moveit2_ur5/install/launch_param_builder:/opt/ros/humble LD_LIBRARY_PATH=/home/kush/UR5_Project_main/install/pilz_industrial_motion_planner/lib:/home/kush/UR5_Project_main/install/moveit_ros_planning_interface/lib:/home/kush/UR5_Project_main/install/moveit_ros_move_group/lib:/home/kush/UR5_Project_main/install/moveit_ros_warehouse/lib:/home/kush/UR5_Project_main/install/moveit_planners_ompl/lib:/home/kush/UR5_Project_main/install/moveit_kinematics/lib:/home/kush/UR5_Project_main/install/moveit_ros_planning/lib:/home/kush/UR5_Project_main/install/moveit_ros_occupancy_map_monitor/lib:/home/kush/UR5_Project_main/install/moveit_core/lib:/home/kush/UR5_Project_main/install/rviz_marker_tools/lib:/home/kush/UR5_Project_main/install/srdfdom/lib:/home/kush/UR5_Project_main/install/moveit_task_constructor_msgs/lib:${LD_LIBRARY_PATH} PATH=/home/kush/UR5_Project_main/install/moveit_core/bin:${PATH} PYTHONPATH=/home/kush/UR5_Project_main/install/moveit_configs_utils/lib/python3.10/site-packages:/home/kush/UR5_Project_main/install/srdfdom/local/lib/python3.10/dist-packages:/home/kush/UR5_Project_main/install/moveit_task_constructor_msgs/local/lib/python3.10/dist-packages:/home/kush/UR5_Project_main/install/launch_param_builder/lib/python3.10/site-packages:${PYTHONPATH} /usr/bin/cmake /home/kush/UR5_Project_main/src/moveit_task_constructor/core -DCMAKE_BUILD_TYPE=Release -DCMAKE_INSTALL_PREFIX=/home/kush/UR5_Project_main/install/moveit_task_constructor_core
[23.449s] Invoking command in '/home/kush/UR5_Project_main/build/moveit_task_constructor_core': AMENT_PREFIX_PATH=/home/kush/UR5_Project_main/install/moveit_planners:/home/kush/UR5_Project_main/install/pilz_industrial_motion_planner:/home/kush/UR5_Project_main/install/moveit_ros_planning_interface:/home/kush/UR5_Project_main/install/moveit_ros_move_group:/home/kush/UR5_Project_main/install/moveit_ros_warehouse:/home/kush/UR5_Project_main/install/moveit_planners_ompl:/home/kush/UR5_Project_main/install/moveit_kinematics:/home/kush/UR5_Project_main/install/moveit_ros_planning:/home/kush/UR5_Project_main/install/moveit_ros_occupancy_map_monitor:/home/kush/UR5_Project_main/install/moveit_core:/home/kush/UR5_Project_main/install/rviz_marker_tools:/home/kush/UR5_Project_main/install/moveit_configs_utils:/home/kush/UR5_Project_main/install/srdfdom:/home/kush/UR5_Project_main/install/moveit_task_constructor_msgs:/home/kush/UR5_Project_main/install/moveit_common:/home/kush/UR5_Project_main/install/launch_param_builder:${AMENT_PREFIX_PATH} CMAKE_PREFIX_PATH=/home/kush/UR5_Project_main/install/moveit_planners:/home/kush/UR5_Project_main/install/pilz_industrial_motion_planner:/home/kush/UR5_Project_main/install/moveit_ros_planning_interface:/home/kush/UR5_Project_main/install/moveit_ros_move_group:/home/kush/UR5_Project_main/install/moveit_ros_warehouse:/home/kush/UR5_Project_main/install/moveit_planners_ompl:/home/kush/UR5_Project_main/install/moveit_kinematics:/home/kush/UR5_Project_main/install/moveit_ros_planning:/home/kush/UR5_Project_main/install/moveit_ros_occupancy_map_monitor:/home/kush/UR5_Project_main/install/moveit_core:/home/kush/UR5_Project_main/install/rviz_marker_tools:/home/kush/UR5_Project_main/install/srdfdom:/home/kush/UR5_Project_main/install/moveit_task_constructor_msgs:/home/kush/UR5_Project_main/install/moveit_common:/home/kush/ws_moveit2_ur5/install/ur_description:/home/kush/ws_moveit2_ur5/install/pilz_industrial_motion_planner_testutils:/home/kush/ws_moveit2_ur5/install/moveit_runtime:/home/kush/ws_moveit2_ur5/install/moveit2_tutorials:/home/kush/ws_moveit2_ur5/install/moveit:/home/kush/ws_moveit2_ur5/install/moveit_planners:/home/kush/ws_moveit2_ur5/install/pilz_industrial_motion_planner:/home/kush/ws_moveit2_ur5/install/moveit_visual_tools:/home/kush/ws_moveit2_ur5/install/moveit_task_constructor_visualization:/home/kush/ws_moveit2_ur5/install/moveit_task_constructor_demo:/home/kush/ws_moveit2_ur5/install/moveit_task_constructor_capabilities:/home/kush/ws_moveit2_ur5/install/moveit_task_constructor_core:/home/kush/ws_moveit2_ur5/install/moveit_ros_control_interface:/home/kush/ws_moveit2_ur5/install/moveit_plugins:/home/kush/ws_moveit2_ur5/install/moveit_simple_controller_manager:/home/kush/ws_moveit2_ur5/install/moveit_setup_assistant:/home/kush/ws_moveit2_ur5/install/moveit_setup_srdf_plugins:/home/kush/ws_moveit2_ur5/install/moveit_setup_core_plugins:/home/kush/ws_moveit2_ur5/install/moveit_setup_controllers:/home/kush/ws_moveit2_ur5/install/moveit_setup_app_plugins:/home/kush/ws_moveit2_ur5/install/moveit_setup_framework:/home/kush/ws_moveit2_ur5/install/moveit_servo:/home/kush/ws_moveit2_ur5/install/moveit_ros:/home/kush/ws_moveit2_ur5/install/moveit_ros_visualization:/home/kush/ws_moveit2_ur5/install/moveit_hybrid_planning:/home/kush/ws_moveit2_ur5/install/moveit_ros_planning_interface:/home/kush/ws_moveit2_ur5/install/moveit_ros_benchmarks:/home/kush/ws_moveit2_ur5/install/moveit_ros_warehouse:/home/kush/ws_moveit2_ur5/install/moveit_ros_robot_interaction:/home/kush/ws_moveit2_ur5/install/moveit_ros_perception:/home/kush/ws_moveit2_ur5/install/moveit_resources_prbt_pg70_support:/home/kush/ws_moveit2_ur5/install/moveit_resources_prbt_moveit_config:/home/kush/ws_moveit2_ur5/install/moveit_ros_move_group:/home/kush/ws_moveit2_ur5/install/moveit_planners_ompl:/home/kush/ws_moveit2_ur5/install/moveit_ros_planning:/home/kush/ws_moveit2_ur5/install/moveit_ros_occupancy_map_monitor:/home/kush/ws_moveit2_ur5/install/moveit_resources_prbt_ikfast_manipulator_plugin:/home/kush/ws_moveit2_ur5/install/moveit_planners_chomp:/home/kush/ws_moveit2_ur5/install/moveit_kinematics:/home/kush/ws_moveit2_ur5/install/moveit_chomp_optimizer_adapter:/home/kush/ws_moveit2_ur5/install/chomp_motion_planner:/home/kush/ws_moveit2_ur5/install/moveit_core:/home/kush/ws_moveit2_ur5/install/srdfdom:/home/kush/ws_moveit2_ur5/install/rviz_marker_tools:/home/kush/ws_moveit2_ur5/install/rosparam_shortcuts:/home/kush/ws_moveit2_ur5/install/moveit_task_constructor_msgs:/home/kush/ws_moveit2_ur5/install/moveit_resources_prbt_support:/home/kush/ws_moveit2_ur5/install/moveit_resources:/home/kush/ws_moveit2_ur5/install/moveit_resources_pr2_description:/home/kush/ws_moveit2_ur5/install/moveit_resources_panda_moveit_config:/home/kush/ws_moveit2_ur5/install/moveit_resources_panda_description:/home/kush/ws_moveit2_ur5/install/moveit_resources_fanuc_moveit_config:/home/kush/ws_moveit2_ur5/install/moveit_resources_fanuc_description:/home/kush/ws_moveit2_ur5/install/moveit_common:/home/kush/ws_moveit2_ur5/install/moveit_configs_utils:/home/kush/ws_moveit2_ur5/install/launch_param_builder:/opt/ros/humble LD_LIBRARY_PATH=/home/kush/UR5_Project_main/install/pilz_industrial_motion_planner/lib:/home/kush/UR5_Project_main/install/moveit_ros_planning_interface/lib:/home/kush/UR5_Project_main/install/moveit_ros_move_group/lib:/home/kush/UR5_Project_main/install/moveit_ros_warehouse/lib:/home/kush/UR5_Project_main/install/moveit_planners_ompl/lib:/home/kush/UR5_Project_main/install/moveit_kinematics/lib:/home/kush/UR5_Project_main/install/moveit_ros_planning/lib:/home/kush/UR5_Project_main/install/moveit_ros_occupancy_map_monitor/lib:/home/kush/UR5_Project_main/install/moveit_core/lib:/home/kush/UR5_Project_main/install/rviz_marker_tools/lib:/home/kush/UR5_Project_main/install/srdfdom/lib:/home/kush/UR5_Project_main/install/moveit_task_constructor_msgs/lib:${LD_LIBRARY_PATH} PATH=/home/kush/UR5_Project_main/install/moveit_core/bin:${PATH} PYTHONPATH=/home/kush/UR5_Project_main/install/moveit_configs_utils/lib/python3.10/site-packages:/home/kush/UR5_Project_main/install/srdfdom/local/lib/python3.10/dist-packages:/home/kush/UR5_Project_main/install/moveit_task_constructor_msgs/local/lib/python3.10/dist-packages:/home/kush/UR5_Project_main/install/launch_param_builder/lib/python3.10/site-packages:${PYTHONPATH} /usr/bin/cmake --build /home/kush/UR5_Project_main/build/moveit_task_constructor_core -- -j4 -l4
[23.670s] [  1%] [32mBuilding CXX object src/CMakeFiles/moveit_task_constructor_core.dir/container.cpp.o[0m
[49.596s] [  2%] [32mBuilding CXX object src/CMakeFiles/moveit_task_constructor_core.dir/cost_terms.cpp.o[0m
[58.759s] [  3%] [32mBuilding CXX object gmock/CMakeFiles/gmock_main.dir/src/gmock_main.cc.o[0m
[60.956s] [  5%] [32mBuilding CXX object gtest/CMakeFiles/gtest.dir/src/gtest-all.cc.o[0m
[63.016s] [  6%] [32m[1mLinking CXX static library libgmock_main.a[0m
[63.074s] [  7%] [32mBuilding CXX object gtest/CMakeFiles/gtest_main.dir/src/gtest_main.cc.o[0m
[63.475s] [  7%] Built target gmock_main
[68.749s] [  9%] [32m[1mLinking CXX static library libgtest_main.a[0m
[69.216s] [  9%] Built target gtest_main
[75.563s] [ 10%] [32mBuilding CXX object src/CMakeFiles/moveit_task_constructor_core.dir/introspection.cpp.o[0m
[88.751s] [ 11%] [32m[1mLinking CXX static library libgtest.a[0m
[88.933s] [ 11%] Built target gtest
[110.593s] [ 13%] [32mBuilding CXX object src/CMakeFiles/moveit_task_constructor_core.dir/merge.cpp.o[0m
[126.776s] [ 14%] [32mBuilding CXX object src/CMakeFiles/moveit_task_constructor_core.dir/properties.cpp.o[0m
[128.853s] [ 15%] [32mBuilding CXX object src/CMakeFiles/moveit_task_constructor_core.dir/stage.cpp.o[0m
[130.941s] [ 17%] [32mBuilding CXX object src/CMakeFiles/moveit_task_constructor_core.dir/marker_tools.cpp.o[0m
[185.624s] [ 18%] [32mBuilding CXX object src/CMakeFiles/moveit_task_constructor_core.dir/task.cpp.o[0m
[233.672s] [ 19%] [32mBuilding CXX object src/CMakeFiles/moveit_task_constructor_core.dir/utils.cpp.o[0m
[265.134s] [ 21%] [32mBuilding CXX object src/CMakeFiles/moveit_task_constructor_core.dir/solvers/planner_interface.cpp.o[0m
[288.024s] [ 22%] [32mBuilding CXX object src/CMakeFiles/moveit_task_constructor_core.dir/solvers/cartesian_path.cpp.o[0m
[315.265s] [ 23%] [32mBuilding CXX object src/CMakeFiles/moveit_task_constructor_core.dir/solvers/joint_interpolation.cpp.o[0m
[345.362s] [ 25%] [32mBuilding CXX object src/CMakeFiles/moveit_task_constructor_core.dir/solvers/pipeline_planner.cpp.o[0m
[405.151s] [ 26%] [32mBuilding CXX object src/CMakeFiles/moveit_task_constructor_core.dir/solvers/multi_planner.cpp.o[0m
[429.962s] [ 27%] [32mBuilding CXX object src/CMakeFiles/moveit_task_constructor_core.dir/storage.cpp.o[0m
[465.239s] [ 28%] [32m[1mLinking CXX shared library libmoveit_task_constructor_core.so[0m
[467.160s] [ 28%] Built target moveit_task_constructor_core
[467.375s] [ 30%] [32mBuilding CXX object gmock/CMakeFiles/gmock.dir/opt/ros/humble/src/gtest_vendor/src/gtest-all.cc.o[0m
[496.015s] [ 31%] [32mBuilding CXX object gmock/CMakeFiles/gmock.dir/src/gmock-all.cc.o[0m
[507.711s] [ 32%] [32m[1mLinking CXX static library libgmock.a[0m
[508.160s] [ 32%] Built target gmock
[508.365s] [ 34%] [32mBuilding CXX object test/CMakeFiles/gtest_utils.dir/gtest_value_printers.cpp.o[0m
[525.222s] [ 35%] [32mBuilding CXX object test/CMakeFiles/gtest_utils.dir/stage_mockups.cpp.o[0m
[555.795s] [ 36%] [32mBuilding CXX object test/CMakeFiles/gtest_utils.dir/models.cpp.o[0m
[572.659s] [ 38%] [32m[1mLinking CXX shared library libgtest_utils.so[0m
[573.806s] [ 38%] Built target gtest_utils
[573.912s] [ 39%] [32mBuilding CXX object src/stages/CMakeFiles/moveit_task_constructor_core_stages.dir/modify_planning_scene.cpp.o[0m
[599.924s] [ 40%] [32mBuilding CXX object src/stages/CMakeFiles/moveit_task_constructor_core_stages.dir/fixed_state.cpp.o[0m
[619.172s] [ 42%] [32mBuilding CXX object src/stages/CMakeFiles/moveit_task_constructor_core_stages.dir/fixed_cartesian_poses.cpp.o[0m
[637.644s] [ 43%] [32mBuilding CXX object src/stages/CMakeFiles/moveit_task_constructor_core_stages.dir/generate_pose.cpp.o[0m
[655.956s] [ 44%] [32mBuilding CXX object src/stages/CMakeFiles/moveit_task_constructor_core_stages.dir/generate_grasp_pose.cpp.o[0m
[679.419s] [ 46%] [32mBuilding CXX object src/stages/CMakeFiles/moveit_task_constructor_core_stages.dir/generate_place_pose.cpp.o[0m
[701.139s] [ 47%] [32mBuilding CXX object src/stages/CMakeFiles/moveit_task_constructor_core_stages.dir/compute_ik.cpp.o[0m
[704.178s] [ 48%] [32mBuilding CXX object src/stages/CMakeFiles/moveit_task_constructor_core_stages.dir/passthrough.cpp.o[0m
[706.277s] [ 50%] [32mBuilding CXX object src/stages/CMakeFiles/moveit_task_constructor_core_stages.dir/current_state.cpp.o[0m
[708.372s] [ 51%] [32mBuilding CXX object src/stages/CMakeFiles/moveit_task_constructor_core_stages.dir/fix_collision_objects.cpp.o[0m
