[0.094s] Invoking command in '/home/kush/UR5_Project_main/build/rosparam_shortcuts': CMAKE_PREFIX_PATH=${CMAKE_PREFIX_PATH}:/home/kush/ws_moveit2_ur5/install/moveit_configs_utils:/home/kush/ws_moveit2_ur5/install/launch_param_builder:/opt/ros/humble /usr/bin/cmake --build /home/kush/UR5_Project_main/build/rosparam_shortcuts -- -j4 -l4
[0.560s] [35m[1mConsolidate compiler generated dependencies of target rosparam_shortcuts[0m
[0.610s] [ 23%] Built target rosparam_shortcuts
[0.843s] [35m[1mConsolidate compiler generated dependencies of target gtest[0m
[0.879s] [ 38%] Built target gtest
[1.587s] [35m[1mConsolidate compiler generated dependencies of target rosparam_shortcuts_node_parameters_example[0m
[1.631s] [ 53%] Built target rosparam_shortcuts_node_parameters_example
[1.863s] [35m[1mConsolidate compiler generated dependencies of target rosparam_shortcuts_example[0m
[1.907s] [ 69%] Built target rosparam_shortcuts_example
[2.009s] [35m[1mConsolidate compiler generated dependencies of target gtest_main[0m
[2.060s] [ 84%] Built target gtest_main
[2.267s] [35m[1mConsolidate compiler generated dependencies of target test_node_parameters[0m
[2.329s] [100%] Built target test_node_parameters
[2.373s] Invoked command in '/home/kush/UR5_Project_main/build/rosparam_shortcuts' returned '0': CMAKE_PREFIX_PATH=${CMAKE_PREFIX_PATH}:/home/kush/ws_moveit2_ur5/install/moveit_configs_utils:/home/kush/ws_moveit2_ur5/install/launch_param_builder:/opt/ros/humble /usr/bin/cmake --build /home/kush/UR5_Project_main/build/rosparam_shortcuts -- -j4 -l4
[2.500s] Invoking command in '/home/kush/UR5_Project_main/build/rosparam_shortcuts': CMAKE_PREFIX_PATH=${CMAKE_PREFIX_PATH}:/home/kush/ws_moveit2_ur5/install/moveit_configs_utils:/home/kush/ws_moveit2_ur5/install/launch_param_builder:/opt/ros/humble /usr/bin/cmake --install /home/kush/UR5_Project_main/build/rosparam_shortcuts
[2.578s] -- Install configuration: "Release"
[2.627s] -- Up-to-date: /home/kush/UR5_Project_main/install/rosparam_shortcuts/lib/librosparam_shortcuts.so
[2.712s] -- Up-to-date: /home/kush/UR5_Project_main/install/rosparam_shortcuts/lib/rosparam_shortcuts/example
[2.788s] -- Up-to-date: /home/kush/UR5_Project_main/install/rosparam_shortcuts/lib/rosparam_shortcuts/node_parameters_example
[2.789s] -- Up-to-date: /home/kush/UR5_Project_main/install/rosparam_shortcuts/include
[2.789s] -- Up-to-date: /home/kush/UR5_Project_main/install/rosparam_shortcuts/include/rosparam_shortcuts
[2.790s] -- Up-to-date: /home/kush/UR5_Project_main/install/rosparam_shortcuts/include/rosparam_shortcuts/node_parameters.h
[2.790s] -- Up-to-date: /home/kush/UR5_Project_main/install/rosparam_shortcuts/include/rosparam_shortcuts/rosparam_shortcuts.h
[2.790s] -- Up-to-date: /home/kush/UR5_Project_main/install/rosparam_shortcuts/share/rosparam_shortcuts/launch
[2.790s] -- Up-to-date: /home/kush/UR5_Project_main/install/rosparam_shortcuts/share/rosparam_shortcuts/launch/example.launch.py
[2.790s] -- Up-to-date: /home/kush/UR5_Project_main/install/rosparam_shortcuts/share/rosparam_shortcuts/config
[2.791s] -- Up-to-date: /home/kush/UR5_Project_main/install/rosparam_shortcuts/share/rosparam_shortcuts/config/example.yaml
[2.791s] -- Up-to-date: /home/kush/UR5_Project_main/install/rosparam_shortcuts/share/rosparam_shortcuts/environment/library_path.sh
[2.791s] -- Up-to-date: /home/kush/UR5_Project_main/install/rosparam_shortcuts/share/rosparam_shortcuts/environment/library_path.dsv
[2.806s] -- Up-to-date: /home/kush/UR5_Project_main/install/rosparam_shortcuts/share/ament_index/resource_index/package_run_dependencies/rosparam_shortcuts
[2.807s] -- Up-to-date: /home/kush/UR5_Project_main/install/rosparam_shortcuts/share/ament_index/resource_index/parent_prefix_path/rosparam_shortcuts
[2.807s] -- Up-to-date: /home/kush/UR5_Project_main/install/rosparam_shortcuts/share/rosparam_shortcuts/environment/ament_prefix_path.sh
[2.807s] -- Up-to-date: /home/kush/UR5_Project_main/install/rosparam_shortcuts/share/rosparam_shortcuts/environment/ament_prefix_path.dsv
[2.807s] -- Up-to-date: /home/kush/UR5_Project_main/install/rosparam_shortcuts/share/rosparam_shortcuts/environment/path.sh
[2.808s] -- Up-to-date: /home/kush/UR5_Project_main/install/rosparam_shortcuts/share/rosparam_shortcuts/environment/path.dsv
[2.808s] -- Up-to-date: /home/kush/UR5_Project_main/install/rosparam_shortcuts/share/rosparam_shortcuts/local_setup.bash
[2.808s] -- Up-to-date: /home/kush/UR5_Project_main/install/rosparam_shortcuts/share/rosparam_shortcuts/local_setup.sh
[2.808s] -- Up-to-date: /home/kush/UR5_Project_main/install/rosparam_shortcuts/share/rosparam_shortcuts/local_setup.zsh
[2.808s] -- Up-to-date: /home/kush/UR5_Project_main/install/rosparam_shortcuts/share/rosparam_shortcuts/local_setup.dsv
[2.808s] -- Installing: /home/kush/UR5_Project_main/install/rosparam_shortcuts/share/rosparam_shortcuts/package.dsv
[2.823s] -- Up-to-date: /home/kush/UR5_Project_main/install/rosparam_shortcuts/share/ament_index/resource_index/packages/rosparam_shortcuts
[2.833s] -- Up-to-date: /home/kush/UR5_Project_main/install/rosparam_shortcuts/share/rosparam_shortcuts/cmake/export_rosparam_shortcutsExport.cmake
[2.834s] -- Up-to-date: /home/kush/UR5_Project_main/install/rosparam_shortcuts/share/rosparam_shortcuts/cmake/export_rosparam_shortcutsExport-release.cmake
[2.834s] -- Up-to-date: /home/kush/UR5_Project_main/install/rosparam_shortcuts/share/rosparam_shortcuts/cmake/ament_cmake_export_targets-extras.cmake
[2.834s] -- Up-to-date: /home/kush/UR5_Project_main/install/rosparam_shortcuts/share/rosparam_shortcuts/cmake/ament_cmake_export_dependencies-extras.cmake
[2.834s] -- Up-to-date: /home/kush/UR5_Project_main/install/rosparam_shortcuts/share/rosparam_shortcuts/cmake/rosparam_shortcutsConfig.cmake
[2.834s] -- Up-to-date: /home/kush/UR5_Project_main/install/rosparam_shortcuts/share/rosparam_shortcuts/cmake/rosparam_shortcutsConfig-version.cmake
[2.835s] -- Up-to-date: /home/kush/UR5_Project_main/install/rosparam_shortcuts/share/rosparam_shortcuts/package.xml
[2.842s] Invoked command in '/home/kush/UR5_Project_main/build/rosparam_shortcuts' returned '0': CMAKE_PREFIX_PATH=${CMAKE_PREFIX_PATH}:/home/kush/ws_moveit2_ur5/install/moveit_configs_utils:/home/kush/ws_moveit2_ur5/install/launch_param_builder:/opt/ros/humble /usr/bin/cmake --install /home/kush/UR5_Project_main/build/rosparam_shortcuts
