[0.161s] Invoking command in '/home/kush/UR5_Project_main/build/moveit_common': CMAKE_PREFIX_PATH=${CMAKE_PREFIX_PATH}:/home/kush/UR5_Project_main/install/moveit_configs_utils:/home/kush/UR5_Project_main/install/launch_param_builder:/home/kush/ws_moveit2_ur5/install/moveit_configs_utils:/home/kush/ws_moveit2_ur5/install/launch_param_builder:/opt/ros/humble /usr/bin/cmake --build /home/kush/UR5_Project_main/build/moveit_common -- -j4 -l4
[1.257s] Invoked command in '/home/kush/UR5_Project_main/build/moveit_common' returned '0': CMAKE_PREFIX_PATH=${CMAKE_PREFIX_PATH}:/home/kush/UR5_Project_main/install/moveit_configs_utils:/home/kush/UR5_Project_main/install/launch_param_builder:/home/kush/ws_moveit2_ur5/install/moveit_configs_utils:/home/kush/ws_moveit2_ur5/install/launch_param_builder:/opt/ros/humble /usr/bin/cmake --build /home/kush/UR5_Project_main/build/moveit_common -- -j4 -l4
[1.519s] Invoking command in '/home/kush/UR5_Project_main/build/moveit_common': CMAKE_PREFIX_PATH=${CMAKE_PREFIX_PATH}:/home/kush/UR5_Project_main/install/moveit_configs_utils:/home/kush/UR5_Project_main/install/launch_param_builder:/home/kush/ws_moveit2_ur5/install/moveit_configs_utils:/home/kush/ws_moveit2_ur5/install/launch_param_builder:/opt/ros/humble /usr/bin/cmake --install /home/kush/UR5_Project_main/build/moveit_common
[1.571s] -- Install configuration: "Release"
[1.583s] -- Up-to-date: /home/kush/UR5_Project_main/install/moveit_common/share/ament_index/resource_index/package_run_dependencies/moveit_common
[1.583s] -- Up-to-date: /home/kush/UR5_Project_main/install/moveit_common/share/ament_index/resource_index/parent_prefix_path/moveit_common
[1.584s] -- Up-to-date: /home/kush/UR5_Project_main/install/moveit_common/share/moveit_common/environment/ament_prefix_path.sh
[1.584s] -- Up-to-date: /home/kush/UR5_Project_main/install/moveit_common/share/moveit_common/environment/ament_prefix_path.dsv
[1.584s] -- Up-to-date: /home/kush/UR5_Project_main/install/moveit_common/share/moveit_common/environment/path.sh
[1.584s] -- Up-to-date: /home/kush/UR5_Project_main/install/moveit_common/share/moveit_common/environment/path.dsv
[1.585s] -- Up-to-date: /home/kush/UR5_Project_main/install/moveit_common/share/moveit_common/local_setup.bash
[1.585s] -- Up-to-date: /home/kush/UR5_Project_main/install/moveit_common/share/moveit_common/local_setup.sh
[1.585s] -- Up-to-date: /home/kush/UR5_Project_main/install/moveit_common/share/moveit_common/local_setup.zsh
[1.585s] -- Up-to-date: /home/kush/UR5_Project_main/install/moveit_common/share/moveit_common/local_setup.dsv
[1.585s] -- Installing: /home/kush/UR5_Project_main/install/moveit_common/share/moveit_common/package.dsv
[1.587s] -- Up-to-date: /home/kush/UR5_Project_main/install/moveit_common/share/ament_index/resource_index/packages/moveit_common
[1.587s] -- Up-to-date: /home/kush/UR5_Project_main/install/moveit_common/share/moveit_common/cmake/moveit_common-extras.cmake
[1.587s] -- Up-to-date: /home/kush/UR5_Project_main/install/moveit_common/share/moveit_common/cmake/moveit_commonConfig.cmake
[1.593s] -- Up-to-date: /home/kush/UR5_Project_main/install/moveit_common/share/moveit_common/cmake/moveit_commonConfig-version.cmake
[1.593s] -- Up-to-date: /home/kush/UR5_Project_main/install/moveit_common/share/moveit_common/package.xml
[1.593s] -- Up-to-date: /home/kush/UR5_Project_main/install/moveit_common/share/moveit_common/cmake
[1.594s] -- Up-to-date: /home/kush/UR5_Project_main/install/moveit_common/share/moveit_common/cmake/moveit_package.cmake
[1.612s] Invoked command in '/home/kush/UR5_Project_main/build/moveit_common' returned '0': CMAKE_PREFIX_PATH=${CMAKE_PREFIX_PATH}:/home/kush/UR5_Project_main/install/moveit_configs_utils:/home/kush/UR5_Project_main/install/launch_param_builder:/home/kush/ws_moveit2_ur5/install/moveit_configs_utils:/home/kush/ws_moveit2_ur5/install/launch_param_builder:/opt/ros/humble /usr/bin/cmake --install /home/kush/UR5_Project_main/build/moveit_common
