[0.111s] Invoking command in '/home/kush/UR5_Project_main/build/moveit_task_constructor_msgs': CMAKE_PREFIX_PATH=${CMAKE_PREFIX_PATH}:/home/kush/UR5_Project_main/install/moveit_configs_utils:/home/kush/UR5_Project_main/install/launch_param_builder:/home/kush/ws_moveit2_ur5/install/moveit_configs_utils:/home/kush/ws_moveit2_ur5/install/launch_param_builder:/opt/ros/humble /usr/bin/cmake --build /home/kush/UR5_Project_main/build/moveit_task_constructor_msgs -- -j4 -l4
[0.519s] [ 12%] Built target moveit_task_constructor_msgs__rosidl_generator_c
[0.717s] [ 12%] Built target moveit_task_constructor_msgs__cpp
[0.867s] [ 12%] Built target ament_cmake_python_copy_moveit_task_constructor_msgs
[0.867s] [ 24%] Built target moveit_task_constructor_msgs__rosidl_typesupport_fastrtps_c
[0.908s] [ 36%] Built target moveit_task_constructor_msgs__rosidl_typesupport_introspection_c
[0.940s] [ 48%] Built target moveit_task_constructor_msgs__rosidl_typesupport_c
[1.206s] [ 60%] Built target moveit_task_constructor_msgs__rosidl_typesupport_introspection_cpp
[1.245s] [ 72%] Built target moveit_task_constructor_msgs__rosidl_typesupport_cpp
[1.337s] [ 83%] Built target moveit_task_constructor_msgs__rosidl_typesupport_fastrtps_cpp
[1.620s] [ 83%] Built target moveit_task_constructor_msgs
[1.949s] [ 84%] Built target moveit_task_constructor_msgs__py
[2.139s] running egg_info
[2.143s] writing moveit_task_constructor_msgs.egg-info/PKG-INFO
[2.146s] writing dependency_links to moveit_task_constructor_msgs.egg-info/dependency_links.txt
[2.149s] writing top-level names to moveit_task_constructor_msgs.egg-info/top_level.txt
[2.159s] reading manifest file 'moveit_task_constructor_msgs.egg-info/SOURCES.txt'
[2.163s] writing manifest file 'moveit_task_constructor_msgs.egg-info/SOURCES.txt'
[2.264s] [ 95%] Built target moveit_task_constructor_msgs__rosidl_generator_py
[2.311s] [ 95%] Built target ament_cmake_python_build_moveit_task_constructor_msgs_egg
[2.599s] [ 96%] Built target moveit_task_constructor_msgs__rosidl_typesupport_c__pyext
[2.607s] [ 98%] Built target moveit_task_constructor_msgs__rosidl_typesupport_introspection_c__pyext
[2.624s] [100%] Built target moveit_task_constructor_msgs__rosidl_typesupport_fastrtps_c__pyext
[2.668s] Invoked command in '/home/kush/UR5_Project_main/build/moveit_task_constructor_msgs' returned '0': CMAKE_PREFIX_PATH=${CMAKE_PREFIX_PATH}:/home/kush/UR5_Project_main/install/moveit_configs_utils:/home/kush/UR5_Project_main/install/launch_param_builder:/home/kush/ws_moveit2_ur5/install/moveit_configs_utils:/home/kush/ws_moveit2_ur5/install/launch_param_builder:/opt/ros/humble /usr/bin/cmake --build /home/kush/UR5_Project_main/build/moveit_task_constructor_msgs -- -j4 -l4
[8.574s] Invoking command in '/home/kush/UR5_Project_main/build/moveit_task_constructor_msgs': CMAKE_PREFIX_PATH=${CMAKE_PREFIX_PATH}:/home/kush/UR5_Project_main/install/moveit_configs_utils:/home/kush/UR5_Project_main/install/launch_param_builder:/home/kush/ws_moveit2_ur5/install/moveit_configs_utils:/home/kush/ws_moveit2_ur5/install/launch_param_builder:/opt/ros/humble /usr/bin/cmake --install /home/kush/UR5_Project_main/build/moveit_task_constructor_msgs
[8.886s] -- Install configuration: "Release"
[8.887s] -- Up-to-date: /home/kush/UR5_Project_main/install/moveit_task_constructor_msgs/share/ament_index/resource_index/rosidl_interfaces/moveit_task_constructor_msgs
[8.888s] -- Up-to-date: /home/kush/UR5_Project_main/install/moveit_task_constructor_msgs/include/moveit_task_constructor_msgs/moveit_task_constructor_msgs
[8.889s] -- Up-to-date: /home/kush/UR5_Project_main/install/moveit_task_constructor_msgs/include/moveit_task_constructor_msgs/moveit_task_constructor_msgs/srv
[8.889s] -- Up-to-date: /home/kush/UR5_Project_main/install/moveit_task_constructor_msgs/include/moveit_task_constructor_msgs/moveit_task_constructor_msgs/srv/detail
[8.890s] -- Up-to-date: /home/kush/UR5_Project_main/install/moveit_task_constructor_msgs/include/moveit_task_constructor_msgs/moveit_task_constructor_msgs/srv/detail/get_solution__functions.c
[8.890s] -- Up-to-date: /home/kush/UR5_Project_main/install/moveit_task_constructor_msgs/include/moveit_task_constructor_msgs/moveit_task_constructor_msgs/srv/detail/get_solution__type_support.h
[8.890s] -- Up-to-date: /home/kush/UR5_Project_main/install/moveit_task_constructor_msgs/include/moveit_task_constructor_msgs/moveit_task_constructor_msgs/srv/detail/get_solution__functions.h
[8.891s] -- Up-to-date: /home/kush/UR5_Project_main/install/moveit_task_constructor_msgs/include/moveit_task_constructor_msgs/moveit_task_constructor_msgs/srv/detail/get_solution__struct.h
[8.891s] -- Up-to-date: /home/kush/UR5_Project_main/install/moveit_task_constructor_msgs/include/moveit_task_constructor_msgs/moveit_task_constructor_msgs/srv/get_solution.h
[8.892s] -- Up-to-date: /home/kush/UR5_Project_main/install/moveit_task_constructor_msgs/include/moveit_task_constructor_msgs/moveit_task_constructor_msgs/msg
[8.892s] -- Up-to-date: /home/kush/UR5_Project_main/install/moveit_task_constructor_msgs/include/moveit_task_constructor_msgs/moveit_task_constructor_msgs/msg/rosidl_generator_c__visibility_control.h
[8.893s] -- Up-to-date: /home/kush/UR5_Project_main/install/moveit_task_constructor_msgs/include/moveit_task_constructor_msgs/moveit_task_constructor_msgs/msg/property.h
[8.893s] -- Up-to-date: /home/kush/UR5_Project_main/install/moveit_task_constructor_msgs/include/moveit_task_constructor_msgs/moveit_task_constructor_msgs/msg/task_description.h
[8.893s] -- Up-to-date: /home/kush/UR5_Project_main/install/moveit_task_constructor_msgs/include/moveit_task_constructor_msgs/moveit_task_constructor_msgs/msg/solution.h
[8.894s] -- Up-to-date: /home/kush/UR5_Project_main/install/moveit_task_constructor_msgs/include/moveit_task_constructor_msgs/moveit_task_constructor_msgs/msg/solution_info.h
[8.897s] -- Up-to-date: /home/kush/UR5_Project_main/install/moveit_task_constructor_msgs/include/moveit_task_constructor_msgs/moveit_task_constructor_msgs/msg/stage_statistics.h
[8.897s] -- Up-to-date: /home/kush/UR5_Project_main/install/moveit_task_constructor_msgs/include/moveit_task_constructor_msgs/moveit_task_constructor_msgs/msg/sub_solution.h
[8.897s] -- Up-to-date: /home/kush/UR5_Project_main/install/moveit_task_constructor_msgs/include/moveit_task_constructor_msgs/moveit_task_constructor_msgs/msg/task_statistics.h
[8.897s] -- Up-to-date: /home/kush/UR5_Project_main/install/moveit_task_constructor_msgs/include/moveit_task_constructor_msgs/moveit_task_constructor_msgs/msg/sub_trajectory.h
[8.897s] -- Up-to-date: /home/kush/UR5_Project_main/install/moveit_task_constructor_msgs/include/moveit_task_constructor_msgs/moveit_task_constructor_msgs/msg/detail
[8.898s] -- Up-to-date: /home/kush/UR5_Project_main/install/moveit_task_constructor_msgs/include/moveit_task_constructor_msgs/moveit_task_constructor_msgs/msg/detail/stage_statistics__functions.c
[8.898s] -- Up-to-date: /home/kush/UR5_Project_main/install/moveit_task_constructor_msgs/include/moveit_task_constructor_msgs/moveit_task_constructor_msgs/msg/detail/task_description__functions.c
[8.898s] -- Up-to-date: /home/kush/UR5_Project_main/install/moveit_task_constructor_msgs/include/moveit_task_constructor_msgs/moveit_task_constructor_msgs/msg/detail/stage_statistics__struct.h
[8.898s] -- Up-to-date: /home/kush/UR5_Project_main/install/moveit_task_constructor_msgs/include/moveit_task_constructor_msgs/moveit_task_constructor_msgs/msg/detail/solution__struct.h
[8.898s] -- Up-to-date: /home/kush/UR5_Project_main/install/moveit_task_constructor_msgs/include/moveit_task_constructor_msgs/moveit_task_constructor_msgs/msg/detail/solution__functions.c
[8.902s] -- Up-to-date: /home/kush/UR5_Project_main/install/moveit_task_constructor_msgs/include/moveit_task_constructor_msgs/moveit_task_constructor_msgs/msg/detail/sub_trajectory__struct.h
[8.902s] -- Up-to-date: /home/kush/UR5_Project_main/install/moveit_task_constructor_msgs/include/moveit_task_constructor_msgs/moveit_task_constructor_msgs/msg/detail/solution_info__functions.h
[8.903s] -- Up-to-date: /home/kush/UR5_Project_main/install/moveit_task_constructor_msgs/include/moveit_task_constructor_msgs/moveit_task_constructor_msgs/msg/detail/sub_trajectory__type_support.h
[8.903s] -- Up-to-date: /home/kush/UR5_Project_main/install/moveit_task_constructor_msgs/include/moveit_task_constructor_msgs/moveit_task_constructor_msgs/msg/detail/stage_description__functions.c
[8.903s] -- Up-to-date: /home/kush/UR5_Project_main/install/moveit_task_constructor_msgs/include/moveit_task_constructor_msgs/moveit_task_constructor_msgs/msg/detail/sub_trajectory__functions.c
[8.903s] -- Up-to-date: /home/kush/UR5_Project_main/install/moveit_task_constructor_msgs/include/moveit_task_constructor_msgs/moveit_task_constructor_msgs/msg/detail/sub_solution__functions.h
[8.903s] -- Up-to-date: /home/kush/UR5_Project_main/install/moveit_task_constructor_msgs/include/moveit_task_constructor_msgs/moveit_task_constructor_msgs/msg/detail/task_description__type_support.h
[8.904s] -- Up-to-date: /home/kush/UR5_Project_main/install/moveit_task_constructor_msgs/include/moveit_task_constructor_msgs/moveit_task_constructor_msgs/msg/detail/task_statistics__functions.h
[8.904s] -- Up-to-date: /home/kush/UR5_Project_main/install/moveit_task_constructor_msgs/include/moveit_task_constructor_msgs/moveit_task_constructor_msgs/msg/detail/property__type_support.h
[8.904s] -- Up-to-date: /home/kush/UR5_Project_main/install/moveit_task_constructor_msgs/include/moveit_task_constructor_msgs/moveit_task_constructor_msgs/msg/detail/sub_solution__struct.h
[8.904s] -- Up-to-date: /home/kush/UR5_Project_main/install/moveit_task_constructor_msgs/include/moveit_task_constructor_msgs/moveit_task_constructor_msgs/msg/detail/task_description__struct.h
[8.905s] -- Up-to-date: /home/kush/UR5_Project_main/install/moveit_task_constructor_msgs/include/moveit_task_constructor_msgs/moveit_task_constructor_msgs/msg/detail/sub_solution__type_support.h
[8.905s] -- Up-to-date: /home/kush/UR5_Project_main/install/moveit_task_constructor_msgs/include/moveit_task_constructor_msgs/moveit_task_constructor_msgs/msg/detail/task_description__functions.h
[8.905s] -- Up-to-date: /home/kush/UR5_Project_main/install/moveit_task_constructor_msgs/include/moveit_task_constructor_msgs/moveit_task_constructor_msgs/msg/detail/solution_info__struct.h
[8.911s] -- Up-to-date: /home/kush/UR5_Project_main/install/moveit_task_constructor_msgs/include/moveit_task_constructor_msgs/moveit_task_constructor_msgs/msg/detail/task_statistics__struct.h
[8.911s] -- Up-to-date: /home/kush/UR5_Project_main/install/moveit_task_constructor_msgs/include/moveit_task_constructor_msgs/moveit_task_constructor_msgs/msg/detail/stage_description__type_support.h
[8.911s] -- Up-to-date: /home/kush/UR5_Project_main/install/moveit_task_constructor_msgs/include/moveit_task_constructor_msgs/moveit_task_constructor_msgs/msg/detail/stage_description__functions.h
[8.912s] -- Up-to-date: /home/kush/UR5_Project_main/install/moveit_task_constructor_msgs/include/moveit_task_constructor_msgs/moveit_task_constructor_msgs/msg/detail/sub_solution__functions.c
[8.912s] -- Up-to-date: /home/kush/UR5_Project_main/install/moveit_task_constructor_msgs/include/moveit_task_constructor_msgs/moveit_task_constructor_msgs/msg/detail/stage_statistics__functions.h
[8.912s] -- Up-to-date: /home/kush/UR5_Project_main/install/moveit_task_constructor_msgs/include/moveit_task_constructor_msgs/moveit_task_constructor_msgs/msg/detail/property__functions.c
[8.912s] -- Up-to-date: /home/kush/UR5_Project_main/install/moveit_task_constructor_msgs/include/moveit_task_constructor_msgs/moveit_task_constructor_msgs/msg/detail/task_statistics__functions.c
[8.913s] -- Up-to-date: /home/kush/UR5_Project_main/install/moveit_task_constructor_msgs/include/moveit_task_constructor_msgs/moveit_task_constructor_msgs/msg/detail/solution__functions.h
[8.913s] -- Up-to-date: /home/kush/UR5_Project_main/install/moveit_task_constructor_msgs/include/moveit_task_constructor_msgs/moveit_task_constructor_msgs/msg/detail/task_statistics__type_support.h
[8.913s] -- Up-to-date: /home/kush/UR5_Project_main/install/moveit_task_constructor_msgs/include/moveit_task_constructor_msgs/moveit_task_constructor_msgs/msg/detail/sub_trajectory__functions.h
[8.913s] -- Up-to-date: /home/kush/UR5_Project_main/install/moveit_task_constructor_msgs/include/moveit_task_constructor_msgs/moveit_task_constructor_msgs/msg/detail/solution_info__type_support.h
[8.913s] -- Up-to-date: /home/kush/UR5_Project_main/install/moveit_task_constructor_msgs/include/moveit_task_constructor_msgs/moveit_task_constructor_msgs/msg/detail/solution_info__functions.c
[8.914s] -- Up-to-date: /home/kush/UR5_Project_main/install/moveit_task_constructor_msgs/include/moveit_task_constructor_msgs/moveit_task_constructor_msgs/msg/detail/property__struct.h
[8.914s] -- Up-to-date: /home/kush/UR5_Project_main/install/moveit_task_constructor_msgs/include/moveit_task_constructor_msgs/moveit_task_constructor_msgs/msg/detail/stage_statistics__type_support.h
[8.914s] -- Up-to-date: /home/kush/UR5_Project_main/install/moveit_task_constructor_msgs/include/moveit_task_constructor_msgs/moveit_task_constructor_msgs/msg/detail/solution__type_support.h
[8.914s] -- Up-to-date: /home/kush/UR5_Project_main/install/moveit_task_constructor_msgs/include/moveit_task_constructor_msgs/moveit_task_constructor_msgs/msg/detail/stage_description__struct.h
[8.914s] -- Up-to-date: /home/kush/UR5_Project_main/install/moveit_task_constructor_msgs/include/moveit_task_constructor_msgs/moveit_task_constructor_msgs/msg/detail/property__functions.h
[8.925s] -- Up-to-date: /home/kush/UR5_Project_main/install/moveit_task_constructor_msgs/include/moveit_task_constructor_msgs/moveit_task_constructor_msgs/msg/stage_description.h
[8.925s] -- Up-to-date: /home/kush/UR5_Project_main/install/moveit_task_constructor_msgs/include/moveit_task_constructor_msgs/moveit_task_constructor_msgs/action
[8.925s] -- Up-to-date: /home/kush/UR5_Project_main/install/moveit_task_constructor_msgs/include/moveit_task_constructor_msgs/moveit_task_constructor_msgs/action/execute_task_solution.h
[8.925s] -- Up-to-date: /home/kush/UR5_Project_main/install/moveit_task_constructor_msgs/include/moveit_task_constructor_msgs/moveit_task_constructor_msgs/action/detail
[8.926s] -- Up-to-date: /home/kush/UR5_Project_main/install/moveit_task_constructor_msgs/include/moveit_task_constructor_msgs/moveit_task_constructor_msgs/action/detail/execute_task_solution__functions.h
[8.926s] -- Up-to-date: /home/kush/UR5_Project_main/install/moveit_task_constructor_msgs/include/moveit_task_constructor_msgs/moveit_task_constructor_msgs/action/detail/execute_task_solution__type_support.h
[8.926s] -- Up-to-date: /home/kush/UR5_Project_main/install/moveit_task_constructor_msgs/include/moveit_task_constructor_msgs/moveit_task_constructor_msgs/action/detail/execute_task_solution__functions.c
[8.926s] -- Up-to-date: /home/kush/UR5_Project_main/install/moveit_task_constructor_msgs/include/moveit_task_constructor_msgs/moveit_task_constructor_msgs/action/detail/execute_task_solution__struct.h
[8.927s] -- Up-to-date: /home/kush/UR5_Project_main/install/moveit_task_constructor_msgs/share/moveit_task_constructor_msgs/environment/library_path.sh
[8.927s] -- Up-to-date: /home/kush/UR5_Project_main/install/moveit_task_constructor_msgs/share/moveit_task_constructor_msgs/environment/library_path.dsv
[8.928s] -- Up-to-date: /home/kush/UR5_Project_main/install/moveit_task_constructor_msgs/lib/libmoveit_task_constructor_msgs__rosidl_generator_c.so
[8.929s] -- Up-to-date: /home/kush/UR5_Project_main/install/moveit_task_constructor_msgs/include/moveit_task_constructor_msgs/moveit_task_constructor_msgs
[8.930s] -- Up-to-date: /home/kush/UR5_Project_main/install/moveit_task_constructor_msgs/include/moveit_task_constructor_msgs/moveit_task_constructor_msgs/srv
[8.930s] -- Up-to-date: /home/kush/UR5_Project_main/install/moveit_task_constructor_msgs/include/moveit_task_constructor_msgs/moveit_task_constructor_msgs/srv/detail
[8.930s] -- Up-to-date: /home/kush/UR5_Project_main/install/moveit_task_constructor_msgs/include/moveit_task_constructor_msgs/moveit_task_constructor_msgs/srv/detail/get_solution__rosidl_typesupport_fastrtps_c.h
[8.930s] -- Up-to-date: /home/kush/UR5_Project_main/install/moveit_task_constructor_msgs/include/moveit_task_constructor_msgs/moveit_task_constructor_msgs/msg
[8.936s] -- Up-to-date: /home/kush/UR5_Project_main/install/moveit_task_constructor_msgs/include/moveit_task_constructor_msgs/moveit_task_constructor_msgs/msg/rosidl_typesupport_fastrtps_c__visibility_control.h
[8.936s] -- Up-to-date: /home/kush/UR5_Project_main/install/moveit_task_constructor_msgs/include/moveit_task_constructor_msgs/moveit_task_constructor_msgs/msg/detail
[8.937s] -- Up-to-date: /home/kush/UR5_Project_main/install/moveit_task_constructor_msgs/include/moveit_task_constructor_msgs/moveit_task_constructor_msgs/msg/detail/sub_solution__rosidl_typesupport_fastrtps_c.h
[8.937s] -- Up-to-date: /home/kush/UR5_Project_main/install/moveit_task_constructor_msgs/include/moveit_task_constructor_msgs/moveit_task_constructor_msgs/msg/detail/sub_trajectory__rosidl_typesupport_fastrtps_c.h
[8.937s] -- Up-to-date: /home/kush/UR5_Project_main/install/moveit_task_constructor_msgs/include/moveit_task_constructor_msgs/moveit_task_constructor_msgs/msg/detail/property__rosidl_typesupport_fastrtps_c.h
[8.937s] -- Up-to-date: /home/kush/UR5_Project_main/install/moveit_task_constructor_msgs/include/moveit_task_constructor_msgs/moveit_task_constructor_msgs/msg/detail/solution_info__rosidl_typesupport_fastrtps_c.h
[8.938s] -- Up-to-date: /home/kush/UR5_Project_main/install/moveit_task_constructor_msgs/include/moveit_task_constructor_msgs/moveit_task_constructor_msgs/msg/detail/solution__rosidl_typesupport_fastrtps_c.h
[8.938s] -- Up-to-date: /home/kush/UR5_Project_main/install/moveit_task_constructor_msgs/include/moveit_task_constructor_msgs/moveit_task_constructor_msgs/msg/detail/stage_statistics__rosidl_typesupport_fastrtps_c.h
[8.938s] -- Up-to-date: /home/kush/UR5_Project_main/install/moveit_task_constructor_msgs/include/moveit_task_constructor_msgs/moveit_task_constructor_msgs/msg/detail/stage_description__rosidl_typesupport_fastrtps_c.h
[8.938s] -- Up-to-date: /home/kush/UR5_Project_main/install/moveit_task_constructor_msgs/include/moveit_task_constructor_msgs/moveit_task_constructor_msgs/msg/detail/task_statistics__rosidl_typesupport_fastrtps_c.h
[8.938s] -- Up-to-date: /home/kush/UR5_Project_main/install/moveit_task_constructor_msgs/include/moveit_task_constructor_msgs/moveit_task_constructor_msgs/msg/detail/task_description__rosidl_typesupport_fastrtps_c.h
[8.939s] -- Up-to-date: /home/kush/UR5_Project_main/install/moveit_task_constructor_msgs/include/moveit_task_constructor_msgs/moveit_task_constructor_msgs/action
[8.939s] -- Up-to-date: /home/kush/UR5_Project_main/install/moveit_task_constructor_msgs/include/moveit_task_constructor_msgs/moveit_task_constructor_msgs/action/detail
[8.939s] -- Up-to-date: /home/kush/UR5_Project_main/install/moveit_task_constructor_msgs/include/moveit_task_constructor_msgs/moveit_task_constructor_msgs/action/detail/execute_task_solution__rosidl_typesupport_fastrtps_c.h
[8.943s] -- Up-to-date: /home/kush/UR5_Project_main/install/moveit_task_constructor_msgs/lib/libmoveit_task_constructor_msgs__rosidl_typesupport_fastrtps_c.so
[8.950s] -- Up-to-date: /home/kush/UR5_Project_main/install/moveit_task_constructor_msgs/include/moveit_task_constructor_msgs/moveit_task_constructor_msgs
[8.950s] -- Up-to-date: /home/kush/UR5_Project_main/install/moveit_task_constructor_msgs/include/moveit_task_constructor_msgs/moveit_task_constructor_msgs/srv
[8.953s] -- Up-to-date: /home/kush/UR5_Project_main/install/moveit_task_constructor_msgs/include/moveit_task_constructor_msgs/moveit_task_constructor_msgs/srv/get_solution.hpp
[8.954s] -- Up-to-date: /home/kush/UR5_Project_main/install/moveit_task_constructor_msgs/include/moveit_task_constructor_msgs/moveit_task_constructor_msgs/srv/detail
[8.954s] -- Up-to-date: /home/kush/UR5_Project_main/install/moveit_task_constructor_msgs/include/moveit_task_constructor_msgs/moveit_task_constructor_msgs/srv/detail/get_solution__traits.hpp
[8.954s] -- Up-to-date: /home/kush/UR5_Project_main/install/moveit_task_constructor_msgs/include/moveit_task_constructor_msgs/moveit_task_constructor_msgs/srv/detail/get_solution__struct.hpp
[8.954s] -- Up-to-date: /home/kush/UR5_Project_main/install/moveit_task_constructor_msgs/include/moveit_task_constructor_msgs/moveit_task_constructor_msgs/srv/detail/get_solution__builder.hpp
[8.955s] -- Up-to-date: /home/kush/UR5_Project_main/install/moveit_task_constructor_msgs/include/moveit_task_constructor_msgs/moveit_task_constructor_msgs/msg
[8.955s] -- Up-to-date: /home/kush/UR5_Project_main/install/moveit_task_constructor_msgs/include/moveit_task_constructor_msgs/moveit_task_constructor_msgs/msg/task_statistics.hpp
[8.955s] -- Up-to-date: /home/kush/UR5_Project_main/install/moveit_task_constructor_msgs/include/moveit_task_constructor_msgs/moveit_task_constructor_msgs/msg/stage_statistics.hpp
[8.955s] -- Up-to-date: /home/kush/UR5_Project_main/install/moveit_task_constructor_msgs/include/moveit_task_constructor_msgs/moveit_task_constructor_msgs/msg/task_description.hpp
[8.956s] -- Up-to-date: /home/kush/UR5_Project_main/install/moveit_task_constructor_msgs/include/moveit_task_constructor_msgs/moveit_task_constructor_msgs/msg/sub_solution.hpp
[8.956s] -- Up-to-date: /home/kush/UR5_Project_main/install/moveit_task_constructor_msgs/include/moveit_task_constructor_msgs/moveit_task_constructor_msgs/msg/stage_description.hpp
[8.956s] -- Up-to-date: /home/kush/UR5_Project_main/install/moveit_task_constructor_msgs/include/moveit_task_constructor_msgs/moveit_task_constructor_msgs/msg/solution_info.hpp
[8.956s] -- Up-to-date: /home/kush/UR5_Project_main/install/moveit_task_constructor_msgs/include/moveit_task_constructor_msgs/moveit_task_constructor_msgs/msg/solution.hpp
[8.956s] -- Up-to-date: /home/kush/UR5_Project_main/install/moveit_task_constructor_msgs/include/moveit_task_constructor_msgs/moveit_task_constructor_msgs/msg/sub_trajectory.hpp
[8.957s] -- Up-to-date: /home/kush/UR5_Project_main/install/moveit_task_constructor_msgs/include/moveit_task_constructor_msgs/moveit_task_constructor_msgs/msg/detail
[8.957s] -- Up-to-date: /home/kush/UR5_Project_main/install/moveit_task_constructor_msgs/include/moveit_task_constructor_msgs/moveit_task_constructor_msgs/msg/detail/stage_statistics__traits.hpp
[8.957s] -- Up-to-date: /home/kush/UR5_Project_main/install/moveit_task_constructor_msgs/include/moveit_task_constructor_msgs/moveit_task_constructor_msgs/msg/detail/task_description__traits.hpp
[8.957s] -- Up-to-date: /home/kush/UR5_Project_main/install/moveit_task_constructor_msgs/include/moveit_task_constructor_msgs/moveit_task_constructor_msgs/msg/detail/task_statistics__builder.hpp
[8.961s] -- Up-to-date: /home/kush/UR5_Project_main/install/moveit_task_constructor_msgs/include/moveit_task_constructor_msgs/moveit_task_constructor_msgs/msg/detail/task_description__struct.hpp
[8.963s] -- Up-to-date: /home/kush/UR5_Project_main/install/moveit_task_constructor_msgs/include/moveit_task_constructor_msgs/moveit_task_constructor_msgs/msg/detail/task_description__builder.hpp
[8.964s] -- Up-to-date: /home/kush/UR5_Project_main/install/moveit_task_constructor_msgs/include/moveit_task_constructor_msgs/moveit_task_constructor_msgs/msg/detail/stage_description__builder.hpp
[8.964s] -- Up-to-date: /home/kush/UR5_Project_main/install/moveit_task_constructor_msgs/include/moveit_task_constructor_msgs/moveit_task_constructor_msgs/msg/detail/sub_solution__struct.hpp
[8.969s] -- Up-to-date: /home/kush/UR5_Project_main/install/moveit_task_constructor_msgs/include/moveit_task_constructor_msgs/moveit_task_constructor_msgs/msg/detail/solution__struct.hpp
[8.969s] -- Up-to-date: /home/kush/UR5_Project_main/install/moveit_task_constructor_msgs/include/moveit_task_constructor_msgs/moveit_task_constructor_msgs/msg/detail/solution_info__traits.hpp
[8.969s] -- Up-to-date: /home/kush/UR5_Project_main/install/moveit_task_constructor_msgs/include/moveit_task_constructor_msgs/moveit_task_constructor_msgs/msg/detail/solution__builder.hpp
[8.969s] -- Up-to-date: /home/kush/UR5_Project_main/install/moveit_task_constructor_msgs/include/moveit_task_constructor_msgs/moveit_task_constructor_msgs/msg/detail/property__struct.hpp
[8.970s] -- Up-to-date: /home/kush/UR5_Project_main/install/moveit_task_constructor_msgs/include/moveit_task_constructor_msgs/moveit_task_constructor_msgs/msg/detail/sub_trajectory__struct.hpp
[8.970s] -- Up-to-date: /home/kush/UR5_Project_main/install/moveit_task_constructor_msgs/include/moveit_task_constructor_msgs/moveit_task_constructor_msgs/msg/detail/sub_trajectory__builder.hpp
[8.970s] -- Up-to-date: /home/kush/UR5_Project_main/install/moveit_task_constructor_msgs/include/moveit_task_constructor_msgs/moveit_task_constructor_msgs/msg/detail/property__builder.hpp
[8.970s] -- Up-to-date: /home/kush/UR5_Project_main/install/moveit_task_constructor_msgs/include/moveit_task_constructor_msgs/moveit_task_constructor_msgs/msg/detail/stage_statistics__builder.hpp
[8.971s] -- Up-to-date: /home/kush/UR5_Project_main/install/moveit_task_constructor_msgs/include/moveit_task_constructor_msgs/moveit_task_constructor_msgs/msg/detail/solution__traits.hpp
[8.976s] -- Up-to-date: /home/kush/UR5_Project_main/install/moveit_task_constructor_msgs/include/moveit_task_constructor_msgs/moveit_task_constructor_msgs/msg/detail/stage_statistics__struct.hpp
[8.976s] -- Up-to-date: /home/kush/UR5_Project_main/install/moveit_task_constructor_msgs/include/moveit_task_constructor_msgs/moveit_task_constructor_msgs/msg/detail/sub_solution__builder.hpp
[8.976s] -- Up-to-date: /home/kush/UR5_Project_main/install/moveit_task_constructor_msgs/include/moveit_task_constructor_msgs/moveit_task_constructor_msgs/msg/detail/solution_info__builder.hpp
[8.977s] -- Up-to-date: /home/kush/UR5_Project_main/install/moveit_task_constructor_msgs/include/moveit_task_constructor_msgs/moveit_task_constructor_msgs/msg/detail/stage_description__traits.hpp
[8.977s] -- Up-to-date: /home/kush/UR5_Project_main/install/moveit_task_constructor_msgs/include/moveit_task_constructor_msgs/moveit_task_constructor_msgs/msg/detail/sub_solution__traits.hpp
[8.977s] -- Up-to-date: /home/kush/UR5_Project_main/install/moveit_task_constructor_msgs/include/moveit_task_constructor_msgs/moveit_task_constructor_msgs/msg/detail/task_statistics__traits.hpp
[8.977s] -- Up-to-date: /home/kush/UR5_Project_main/install/moveit_task_constructor_msgs/include/moveit_task_constructor_msgs/moveit_task_constructor_msgs/msg/detail/sub_trajectory__traits.hpp
[8.977s] -- Up-to-date: /home/kush/UR5_Project_main/install/moveit_task_constructor_msgs/include/moveit_task_constructor_msgs/moveit_task_constructor_msgs/msg/detail/task_statistics__struct.hpp
[8.980s] -- Up-to-date: /home/kush/UR5_Project_main/install/moveit_task_constructor_msgs/include/moveit_task_constructor_msgs/moveit_task_constructor_msgs/msg/detail/property__traits.hpp
[8.981s] -- Up-to-date: /home/kush/UR5_Project_main/install/moveit_task_constructor_msgs/include/moveit_task_constructor_msgs/moveit_task_constructor_msgs/msg/detail/stage_description__struct.hpp
[8.981s] -- Up-to-date: /home/kush/UR5_Project_main/install/moveit_task_constructor_msgs/include/moveit_task_constructor_msgs/moveit_task_constructor_msgs/msg/detail/solution_info__struct.hpp
[8.984s] -- Up-to-date: /home/kush/UR5_Project_main/install/moveit_task_constructor_msgs/include/moveit_task_constructor_msgs/moveit_task_constructor_msgs/msg/property.hpp
[8.984s] -- Up-to-date: /home/kush/UR5_Project_main/install/moveit_task_constructor_msgs/include/moveit_task_constructor_msgs/moveit_task_constructor_msgs/action
[8.984s] -- Up-to-date: /home/kush/UR5_Project_main/install/moveit_task_constructor_msgs/include/moveit_task_constructor_msgs/moveit_task_constructor_msgs/action/execute_task_solution.hpp
[8.984s] -- Up-to-date: /home/kush/UR5_Project_main/install/moveit_task_constructor_msgs/include/moveit_task_constructor_msgs/moveit_task_constructor_msgs/action/detail
[8.984s] -- Up-to-date: /home/kush/UR5_Project_main/install/moveit_task_constructor_msgs/include/moveit_task_constructor_msgs/moveit_task_constructor_msgs/action/detail/execute_task_solution__traits.hpp
[8.985s] -- Up-to-date: /home/kush/UR5_Project_main/install/moveit_task_constructor_msgs/include/moveit_task_constructor_msgs/moveit_task_constructor_msgs/action/detail/execute_task_solution__builder.hpp
[8.985s] -- Up-to-date: /home/kush/UR5_Project_main/install/moveit_task_constructor_msgs/include/moveit_task_constructor_msgs/moveit_task_constructor_msgs/action/detail/execute_task_solution__struct.hpp
[8.985s] -- Up-to-date: /home/kush/UR5_Project_main/install/moveit_task_constructor_msgs/include/moveit_task_constructor_msgs/moveit_task_constructor_msgs
[8.985s] -- Up-to-date: /home/kush/UR5_Project_main/install/moveit_task_constructor_msgs/include/moveit_task_constructor_msgs/moveit_task_constructor_msgs/srv
[8.986s] -- Up-to-date: /home/kush/UR5_Project_main/install/moveit_task_constructor_msgs/include/moveit_task_constructor_msgs/moveit_task_constructor_msgs/srv/detail
[8.986s] -- Up-to-date: /home/kush/UR5_Project_main/install/moveit_task_constructor_msgs/include/moveit_task_constructor_msgs/moveit_task_constructor_msgs/srv/detail/get_solution__rosidl_typesupport_fastrtps_cpp.hpp
[8.986s] -- Up-to-date: /home/kush/UR5_Project_main/install/moveit_task_constructor_msgs/include/moveit_task_constructor_msgs/moveit_task_constructor_msgs/srv/detail/dds_fastrtps
[8.986s] -- Up-to-date: /home/kush/UR5_Project_main/install/moveit_task_constructor_msgs/include/moveit_task_constructor_msgs/moveit_task_constructor_msgs/msg
[8.986s] -- Up-to-date: /home/kush/UR5_Project_main/install/moveit_task_constructor_msgs/include/moveit_task_constructor_msgs/moveit_task_constructor_msgs/msg/rosidl_typesupport_fastrtps_cpp__visibility_control.h
[8.987s] -- Up-to-date: /home/kush/UR5_Project_main/install/moveit_task_constructor_msgs/include/moveit_task_constructor_msgs/moveit_task_constructor_msgs/msg/detail
[9.003s] -- Up-to-date: /home/kush/UR5_Project_main/install/moveit_task_constructor_msgs/include/moveit_task_constructor_msgs/moveit_task_constructor_msgs/msg/detail/task_description__rosidl_typesupport_fastrtps_cpp.hpp
[9.003s] -- Up-to-date: /home/kush/UR5_Project_main/install/moveit_task_constructor_msgs/include/moveit_task_constructor_msgs/moveit_task_constructor_msgs/msg/detail/solution__rosidl_typesupport_fastrtps_cpp.hpp
[9.003s] -- Up-to-date: /home/kush/UR5_Project_main/install/moveit_task_constructor_msgs/include/moveit_task_constructor_msgs/moveit_task_constructor_msgs/msg/detail/sub_trajectory__rosidl_typesupport_fastrtps_cpp.hpp
[9.003s] -- Up-to-date: /home/kush/UR5_Project_main/install/moveit_task_constructor_msgs/include/moveit_task_constructor_msgs/moveit_task_constructor_msgs/msg/detail/stage_description__rosidl_typesupport_fastrtps_cpp.hpp
[9.004s] -- Up-to-date: /home/kush/UR5_Project_main/install/moveit_task_constructor_msgs/include/moveit_task_constructor_msgs/moveit_task_constructor_msgs/msg/detail/property__rosidl_typesupport_fastrtps_cpp.hpp
[9.004s] -- Up-to-date: /home/kush/UR5_Project_main/install/moveit_task_constructor_msgs/include/moveit_task_constructor_msgs/moveit_task_constructor_msgs/msg/detail/sub_solution__rosidl_typesupport_fastrtps_cpp.hpp
[9.004s] -- Up-to-date: /home/kush/UR5_Project_main/install/moveit_task_constructor_msgs/include/moveit_task_constructor_msgs/moveit_task_constructor_msgs/msg/detail/task_statistics__rosidl_typesupport_fastrtps_cpp.hpp
[9.004s] -- Up-to-date: /home/kush/UR5_Project_main/install/moveit_task_constructor_msgs/include/moveit_task_constructor_msgs/moveit_task_constructor_msgs/msg/detail/stage_statistics__rosidl_typesupport_fastrtps_cpp.hpp
[9.004s] -- Up-to-date: /home/kush/UR5_Project_main/install/moveit_task_constructor_msgs/include/moveit_task_constructor_msgs/moveit_task_constructor_msgs/msg/detail/dds_fastrtps
[9.004s] -- Up-to-date: /home/kush/UR5_Project_main/install/moveit_task_constructor_msgs/include/moveit_task_constructor_msgs/moveit_task_constructor_msgs/msg/detail/solution_info__rosidl_typesupport_fastrtps_cpp.hpp
[9.005s] -- Up-to-date: /home/kush/UR5_Project_main/install/moveit_task_constructor_msgs/include/moveit_task_constructor_msgs/moveit_task_constructor_msgs/action
[9.005s] -- Up-to-date: /home/kush/UR5_Project_main/install/moveit_task_constructor_msgs/include/moveit_task_constructor_msgs/moveit_task_constructor_msgs/action/detail
[9.015s] -- Up-to-date: /home/kush/UR5_Project_main/install/moveit_task_constructor_msgs/include/moveit_task_constructor_msgs/moveit_task_constructor_msgs/action/detail/dds_fastrtps
[9.015s] -- Up-to-date: /home/kush/UR5_Project_main/install/moveit_task_constructor_msgs/include/moveit_task_constructor_msgs/moveit_task_constructor_msgs/action/detail/execute_task_solution__rosidl_typesupport_fastrtps_cpp.hpp
[9.015s] -- Up-to-date: /home/kush/UR5_Project_main/install/moveit_task_constructor_msgs/lib/libmoveit_task_constructor_msgs__rosidl_typesupport_fastrtps_cpp.so
[9.015s] -- Up-to-date: /home/kush/UR5_Project_main/install/moveit_task_constructor_msgs/include/moveit_task_constructor_msgs/moveit_task_constructor_msgs
[9.016s] -- Up-to-date: /home/kush/UR5_Project_main/install/moveit_task_constructor_msgs/include/moveit_task_constructor_msgs/moveit_task_constructor_msgs/srv
[9.016s] -- Up-to-date: /home/kush/UR5_Project_main/install/moveit_task_constructor_msgs/include/moveit_task_constructor_msgs/moveit_task_constructor_msgs/srv/detail
[9.016s] -- Up-to-date: /home/kush/UR5_Project_main/install/moveit_task_constructor_msgs/include/moveit_task_constructor_msgs/moveit_task_constructor_msgs/srv/detail/get_solution__rosidl_typesupport_introspection_c.h
[9.016s] -- Up-to-date: /home/kush/UR5_Project_main/install/moveit_task_constructor_msgs/include/moveit_task_constructor_msgs/moveit_task_constructor_msgs/srv/detail/get_solution__type_support.c
[9.016s] -- Up-to-date: /home/kush/UR5_Project_main/install/moveit_task_constructor_msgs/include/moveit_task_constructor_msgs/moveit_task_constructor_msgs/msg
[9.017s] -- Up-to-date: /home/kush/UR5_Project_main/install/moveit_task_constructor_msgs/include/moveit_task_constructor_msgs/moveit_task_constructor_msgs/msg/rosidl_typesupport_introspection_c__visibility_control.h
[9.017s] -- Up-to-date: /home/kush/UR5_Project_main/install/moveit_task_constructor_msgs/include/moveit_task_constructor_msgs/moveit_task_constructor_msgs/msg/detail
[9.017s] -- Up-to-date: /home/kush/UR5_Project_main/install/moveit_task_constructor_msgs/include/moveit_task_constructor_msgs/moveit_task_constructor_msgs/msg/detail/stage_description__type_support.c
[9.017s] -- Up-to-date: /home/kush/UR5_Project_main/install/moveit_task_constructor_msgs/include/moveit_task_constructor_msgs/moveit_task_constructor_msgs/msg/detail/solution_info__rosidl_typesupport_introspection_c.h
[9.017s] -- Up-to-date: /home/kush/UR5_Project_main/install/moveit_task_constructor_msgs/include/moveit_task_constructor_msgs/moveit_task_constructor_msgs/msg/detail/property__rosidl_typesupport_introspection_c.h
[9.018s] -- Up-to-date: /home/kush/UR5_Project_main/install/moveit_task_constructor_msgs/include/moveit_task_constructor_msgs/moveit_task_constructor_msgs/msg/detail/solution__type_support.c
[9.018s] -- Up-to-date: /home/kush/UR5_Project_main/install/moveit_task_constructor_msgs/include/moveit_task_constructor_msgs/moveit_task_constructor_msgs/msg/detail/solution_info__type_support.c
[9.018s] -- Up-to-date: /home/kush/UR5_Project_main/install/moveit_task_constructor_msgs/include/moveit_task_constructor_msgs/moveit_task_constructor_msgs/msg/detail/stage_statistics__type_support.c
[9.018s] -- Up-to-date: /home/kush/UR5_Project_main/install/moveit_task_constructor_msgs/include/moveit_task_constructor_msgs/moveit_task_constructor_msgs/msg/detail/sub_solution__rosidl_typesupport_introspection_c.h
[9.018s] -- Up-to-date: /home/kush/UR5_Project_main/install/moveit_task_constructor_msgs/include/moveit_task_constructor_msgs/moveit_task_constructor_msgs/msg/detail/property__type_support.c
[9.019s] -- Up-to-date: /home/kush/UR5_Project_main/install/moveit_task_constructor_msgs/include/moveit_task_constructor_msgs/moveit_task_constructor_msgs/msg/detail/task_description__rosidl_typesupport_introspection_c.h
[9.019s] -- Up-to-date: /home/kush/UR5_Project_main/install/moveit_task_constructor_msgs/include/moveit_task_constructor_msgs/moveit_task_constructor_msgs/msg/detail/task_description__type_support.c
[9.019s] -- Up-to-date: /home/kush/UR5_Project_main/install/moveit_task_constructor_msgs/include/moveit_task_constructor_msgs/moveit_task_constructor_msgs/msg/detail/sub_solution__type_support.c
[9.019s] -- Up-to-date: /home/kush/UR5_Project_main/install/moveit_task_constructor_msgs/include/moveit_task_constructor_msgs/moveit_task_constructor_msgs/msg/detail/task_statistics__type_support.c
[9.019s] -- Up-to-date: /home/kush/UR5_Project_main/install/moveit_task_constructor_msgs/include/moveit_task_constructor_msgs/moveit_task_constructor_msgs/msg/detail/stage_description__rosidl_typesupport_introspection_c.h
[9.020s] -- Up-to-date: /home/kush/UR5_Project_main/install/moveit_task_constructor_msgs/include/moveit_task_constructor_msgs/moveit_task_constructor_msgs/msg/detail/solution__rosidl_typesupport_introspection_c.h
[9.020s] -- Up-to-date: /home/kush/UR5_Project_main/install/moveit_task_constructor_msgs/include/moveit_task_constructor_msgs/moveit_task_constructor_msgs/msg/detail/sub_trajectory__rosidl_typesupport_introspection_c.h
[9.031s] -- Up-to-date: /home/kush/UR5_Project_main/install/moveit_task_constructor_msgs/include/moveit_task_constructor_msgs/moveit_task_constructor_msgs/msg/detail/stage_statistics__rosidl_typesupport_introspection_c.h
[9.032s] -- Up-to-date: /home/kush/UR5_Project_main/install/moveit_task_constructor_msgs/include/moveit_task_constructor_msgs/moveit_task_constructor_msgs/msg/detail/task_statistics__rosidl_typesupport_introspection_c.h
[9.032s] -- Up-to-date: /home/kush/UR5_Project_main/install/moveit_task_constructor_msgs/include/moveit_task_constructor_msgs/moveit_task_constructor_msgs/msg/detail/sub_trajectory__type_support.c
[9.032s] -- Up-to-date: /home/kush/UR5_Project_main/install/moveit_task_constructor_msgs/include/moveit_task_constructor_msgs/moveit_task_constructor_msgs/action
[9.032s] -- Up-to-date: /home/kush/UR5_Project_main/install/moveit_task_constructor_msgs/include/moveit_task_constructor_msgs/moveit_task_constructor_msgs/action/detail
[9.032s] -- Up-to-date: /home/kush/UR5_Project_main/install/moveit_task_constructor_msgs/include/moveit_task_constructor_msgs/moveit_task_constructor_msgs/action/detail/execute_task_solution__rosidl_typesupport_introspection_c.h
[9.033s] -- Up-to-date: /home/kush/UR5_Project_main/install/moveit_task_constructor_msgs/include/moveit_task_constructor_msgs/moveit_task_constructor_msgs/action/detail/execute_task_solution__type_support.c
[9.033s] -- Up-to-date: /home/kush/UR5_Project_main/install/moveit_task_constructor_msgs/lib/libmoveit_task_constructor_msgs__rosidl_typesupport_introspection_c.so
[9.033s] -- Up-to-date: /home/kush/UR5_Project_main/install/moveit_task_constructor_msgs/lib/libmoveit_task_constructor_msgs__rosidl_typesupport_c.so
[9.033s] -- Up-to-date: /home/kush/UR5_Project_main/install/moveit_task_constructor_msgs/include/moveit_task_constructor_msgs/moveit_task_constructor_msgs
[9.034s] -- Up-to-date: /home/kush/UR5_Project_main/install/moveit_task_constructor_msgs/include/moveit_task_constructor_msgs/moveit_task_constructor_msgs/srv
[9.034s] -- Up-to-date: /home/kush/UR5_Project_main/install/moveit_task_constructor_msgs/include/moveit_task_constructor_msgs/moveit_task_constructor_msgs/srv/detail
[9.034s] -- Up-to-date: /home/kush/UR5_Project_main/install/moveit_task_constructor_msgs/include/moveit_task_constructor_msgs/moveit_task_constructor_msgs/srv/detail/get_solution__type_support.cpp
[9.034s] -- Up-to-date: /home/kush/UR5_Project_main/install/moveit_task_constructor_msgs/include/moveit_task_constructor_msgs/moveit_task_constructor_msgs/srv/detail/get_solution__rosidl_typesupport_introspection_cpp.hpp
[9.034s] -- Up-to-date: /home/kush/UR5_Project_main/install/moveit_task_constructor_msgs/include/moveit_task_constructor_msgs/moveit_task_constructor_msgs/msg
[9.039s] -- Up-to-date: /home/kush/UR5_Project_main/install/moveit_task_constructor_msgs/include/moveit_task_constructor_msgs/moveit_task_constructor_msgs/msg/detail
[9.039s] -- Up-to-date: /home/kush/UR5_Project_main/install/moveit_task_constructor_msgs/include/moveit_task_constructor_msgs/moveit_task_constructor_msgs/msg/detail/solution_info__rosidl_typesupport_introspection_cpp.hpp
[9.039s] -- Up-to-date: /home/kush/UR5_Project_main/install/moveit_task_constructor_msgs/include/moveit_task_constructor_msgs/moveit_task_constructor_msgs/msg/detail/property__rosidl_typesupport_introspection_cpp.hpp
[9.039s] -- Up-to-date: /home/kush/UR5_Project_main/install/moveit_task_constructor_msgs/include/moveit_task_constructor_msgs/moveit_task_constructor_msgs/msg/detail/task_description__rosidl_typesupport_introspection_cpp.hpp
[9.040s] -- Up-to-date: /home/kush/UR5_Project_main/install/moveit_task_constructor_msgs/include/moveit_task_constructor_msgs/moveit_task_constructor_msgs/msg/detail/stage_statistics__rosidl_typesupport_introspection_cpp.hpp
[9.040s] -- Up-to-date: /home/kush/UR5_Project_main/install/moveit_task_constructor_msgs/include/moveit_task_constructor_msgs/moveit_task_constructor_msgs/msg/detail/task_description__type_support.cpp
[9.040s] -- Up-to-date: /home/kush/UR5_Project_main/install/moveit_task_constructor_msgs/include/moveit_task_constructor_msgs/moveit_task_constructor_msgs/msg/detail/sub_solution__rosidl_typesupport_introspection_cpp.hpp
[9.040s] -- Up-to-date: /home/kush/UR5_Project_main/install/moveit_task_constructor_msgs/include/moveit_task_constructor_msgs/moveit_task_constructor_msgs/msg/detail/solution__type_support.cpp
[9.041s] -- Up-to-date: /home/kush/UR5_Project_main/install/moveit_task_constructor_msgs/include/moveit_task_constructor_msgs/moveit_task_constructor_msgs/msg/detail/property__type_support.cpp
[9.041s] -- Up-to-date: /home/kush/UR5_Project_main/install/moveit_task_constructor_msgs/include/moveit_task_constructor_msgs/moveit_task_constructor_msgs/msg/detail/solution_info__type_support.cpp
[9.041s] -- Up-to-date: /home/kush/UR5_Project_main/install/moveit_task_constructor_msgs/include/moveit_task_constructor_msgs/moveit_task_constructor_msgs/msg/detail/solution__rosidl_typesupport_introspection_cpp.hpp
[9.041s] -- Up-to-date: /home/kush/UR5_Project_main/install/moveit_task_constructor_msgs/include/moveit_task_constructor_msgs/moveit_task_constructor_msgs/msg/detail/sub_solution__type_support.cpp
[9.041s] -- Up-to-date: /home/kush/UR5_Project_main/install/moveit_task_constructor_msgs/include/moveit_task_constructor_msgs/moveit_task_constructor_msgs/msg/detail/stage_description__type_support.cpp
[9.042s] -- Up-to-date: /home/kush/UR5_Project_main/install/moveit_task_constructor_msgs/include/moveit_task_constructor_msgs/moveit_task_constructor_msgs/msg/detail/task_statistics__rosidl_typesupport_introspection_cpp.hpp
[9.042s] -- Up-to-date: /home/kush/UR5_Project_main/install/moveit_task_constructor_msgs/include/moveit_task_constructor_msgs/moveit_task_constructor_msgs/msg/detail/stage_description__rosidl_typesupport_introspection_cpp.hpp
[9.042s] -- Up-to-date: /home/kush/UR5_Project_main/install/moveit_task_constructor_msgs/include/moveit_task_constructor_msgs/moveit_task_constructor_msgs/msg/detail/stage_statistics__type_support.cpp
[9.042s] -- Up-to-date: /home/kush/UR5_Project_main/install/moveit_task_constructor_msgs/include/moveit_task_constructor_msgs/moveit_task_constructor_msgs/msg/detail/sub_trajectory__rosidl_typesupport_introspection_cpp.hpp
[9.042s] -- Up-to-date: /home/kush/UR5_Project_main/install/moveit_task_constructor_msgs/include/moveit_task_constructor_msgs/moveit_task_constructor_msgs/msg/detail/sub_trajectory__type_support.cpp
[9.043s] -- Up-to-date: /home/kush/UR5_Project_main/install/moveit_task_constructor_msgs/include/moveit_task_constructor_msgs/moveit_task_constructor_msgs/msg/detail/task_statistics__type_support.cpp
[9.043s] -- Up-to-date: /home/kush/UR5_Project_main/install/moveit_task_constructor_msgs/include/moveit_task_constructor_msgs/moveit_task_constructor_msgs/action
[9.045s] -- Up-to-date: /home/kush/UR5_Project_main/install/moveit_task_constructor_msgs/include/moveit_task_constructor_msgs/moveit_task_constructor_msgs/action/detail
[9.046s] -- Up-to-date: /home/kush/UR5_Project_main/install/moveit_task_constructor_msgs/include/moveit_task_constructor_msgs/moveit_task_constructor_msgs/action/detail/execute_task_solution__type_support.cpp
[9.046s] -- Up-to-date: /home/kush/UR5_Project_main/install/moveit_task_constructor_msgs/include/moveit_task_constructor_msgs/moveit_task_constructor_msgs/action/detail/execute_task_solution__rosidl_typesupport_introspection_cpp.hpp
[9.046s] -- Up-to-date: /home/kush/UR5_Project_main/install/moveit_task_constructor_msgs/lib/libmoveit_task_constructor_msgs__rosidl_typesupport_introspection_cpp.so
[9.059s] -- Up-to-date: /home/kush/UR5_Project_main/install/moveit_task_constructor_msgs/lib/libmoveit_task_constructor_msgs__rosidl_typesupport_cpp.so
[9.060s] -- Up-to-date: /home/kush/UR5_Project_main/install/moveit_task_constructor_msgs/share/moveit_task_constructor_msgs/environment/pythonpath.sh
[9.060s] -- Up-to-date: /home/kush/UR5_Project_main/install/moveit_task_constructor_msgs/share/moveit_task_constructor_msgs/environment/pythonpath.dsv
[9.060s] -- Up-to-date: /home/kush/UR5_Project_main/install/moveit_task_constructor_msgs/local/lib/python3.10/dist-packages/moveit_task_constructor_msgs-0.1.3-py3.10.egg-info
[9.061s] -- Installing: /home/kush/UR5_Project_main/install/moveit_task_constructor_msgs/local/lib/python3.10/dist-packages/moveit_task_constructor_msgs-0.1.3-py3.10.egg-info/SOURCES.txt
[9.061s] -- Installing: /home/kush/UR5_Project_main/install/moveit_task_constructor_msgs/local/lib/python3.10/dist-packages/moveit_task_constructor_msgs-0.1.3-py3.10.egg-info/dependency_links.txt
[9.062s] -- Installing: /home/kush/UR5_Project_main/install/moveit_task_constructor_msgs/local/lib/python3.10/dist-packages/moveit_task_constructor_msgs-0.1.3-py3.10.egg-info/PKG-INFO
[9.062s] -- Installing: /home/kush/UR5_Project_main/install/moveit_task_constructor_msgs/local/lib/python3.10/dist-packages/moveit_task_constructor_msgs-0.1.3-py3.10.egg-info/top_level.txt
[9.062s] -- Up-to-date: /home/kush/UR5_Project_main/install/moveit_task_constructor_msgs/local/lib/python3.10/dist-packages/moveit_task_constructor_msgs
[9.062s] -- Up-to-date: /home/kush/UR5_Project_main/install/moveit_task_constructor_msgs/local/lib/python3.10/dist-packages/moveit_task_constructor_msgs/moveit_task_constructor_msgs_s__rosidl_typesupport_fastrtps_c.cpython-310-x86_64-linux-gnu.so
[9.064s] -- Up-to-date: /home/kush/UR5_Project_main/install/moveit_task_constructor_msgs/local/lib/python3.10/dist-packages/moveit_task_constructor_msgs/_moveit_task_constructor_msgs_s.ep.rosidl_typesupport_introspection_c.c
[9.064s] -- Up-to-date: /home/kush/UR5_Project_main/install/moveit_task_constructor_msgs/local/lib/python3.10/dist-packages/moveit_task_constructor_msgs/libmoveit_task_constructor_msgs__rosidl_generator_py.so
[9.065s] -- Up-to-date: /home/kush/UR5_Project_main/install/moveit_task_constructor_msgs/local/lib/python3.10/dist-packages/moveit_task_constructor_msgs/__init__.py
[9.065s] -- Up-to-date: /home/kush/UR5_Project_main/install/moveit_task_constructor_msgs/local/lib/python3.10/dist-packages/moveit_task_constructor_msgs/srv
[9.065s] -- Up-to-date: /home/kush/UR5_Project_main/install/moveit_task_constructor_msgs/local/lib/python3.10/dist-packages/moveit_task_constructor_msgs/srv/__init__.py
[9.066s] -- Up-to-date: /home/kush/UR5_Project_main/install/moveit_task_constructor_msgs/local/lib/python3.10/dist-packages/moveit_task_constructor_msgs/srv/_get_solution_s.c
[9.066s] -- Up-to-date: /home/kush/UR5_Project_main/install/moveit_task_constructor_msgs/local/lib/python3.10/dist-packages/moveit_task_constructor_msgs/srv/_get_solution.py
[9.066s] -- Up-to-date: /home/kush/UR5_Project_main/install/moveit_task_constructor_msgs/local/lib/python3.10/dist-packages/moveit_task_constructor_msgs/msg
[9.067s] -- Up-to-date: /home/kush/UR5_Project_main/install/moveit_task_constructor_msgs/local/lib/python3.10/dist-packages/moveit_task_constructor_msgs/msg/_task_statistics_s.c
[9.067s] -- Up-to-date: /home/kush/UR5_Project_main/install/moveit_task_constructor_msgs/local/lib/python3.10/dist-packages/moveit_task_constructor_msgs/msg/__init__.py
[9.067s] -- Up-to-date: /home/kush/UR5_Project_main/install/moveit_task_constructor_msgs/local/lib/python3.10/dist-packages/moveit_task_constructor_msgs/msg/_solution_s.c
[9.067s] -- Up-to-date: /home/kush/UR5_Project_main/install/moveit_task_constructor_msgs/local/lib/python3.10/dist-packages/moveit_task_constructor_msgs/msg/_stage_description_s.c
[9.068s] -- Up-to-date: /home/kush/UR5_Project_main/install/moveit_task_constructor_msgs/local/lib/python3.10/dist-packages/moveit_task_constructor_msgs/msg/_task_statistics.py
[9.068s] -- Up-to-date: /home/kush/UR5_Project_main/install/moveit_task_constructor_msgs/local/lib/python3.10/dist-packages/moveit_task_constructor_msgs/msg/_solution_info.py
[9.068s] -- Up-to-date: /home/kush/UR5_Project_main/install/moveit_task_constructor_msgs/local/lib/python3.10/dist-packages/moveit_task_constructor_msgs/msg/_sub_trajectory_s.c
[9.068s] -- Up-to-date: /home/kush/UR5_Project_main/install/moveit_task_constructor_msgs/local/lib/python3.10/dist-packages/moveit_task_constructor_msgs/msg/_solution_info_s.c
[9.068s] -- Up-to-date: /home/kush/UR5_Project_main/install/moveit_task_constructor_msgs/local/lib/python3.10/dist-packages/moveit_task_constructor_msgs/msg/_stage_statistics_s.c
[9.069s] -- Up-to-date: /home/kush/UR5_Project_main/install/moveit_task_constructor_msgs/local/lib/python3.10/dist-packages/moveit_task_constructor_msgs/msg/_task_description.py
[9.069s] -- Up-to-date: /home/kush/UR5_Project_main/install/moveit_task_constructor_msgs/local/lib/python3.10/dist-packages/moveit_task_constructor_msgs/msg/_property_s.c
[9.069s] -- Up-to-date: /home/kush/UR5_Project_main/install/moveit_task_constructor_msgs/local/lib/python3.10/dist-packages/moveit_task_constructor_msgs/msg/_sub_solution_s.c
[9.069s] -- Up-to-date: /home/kush/UR5_Project_main/install/moveit_task_constructor_msgs/local/lib/python3.10/dist-packages/moveit_task_constructor_msgs/msg/_solution.py
[9.072s] -- Up-to-date: /home/kush/UR5_Project_main/install/moveit_task_constructor_msgs/local/lib/python3.10/dist-packages/moveit_task_constructor_msgs/msg/_stage_statistics.py
[9.072s] -- Up-to-date: /home/kush/UR5_Project_main/install/moveit_task_constructor_msgs/local/lib/python3.10/dist-packages/moveit_task_constructor_msgs/msg/_stage_description.py
[9.073s] -- Up-to-date: /home/kush/UR5_Project_main/install/moveit_task_constructor_msgs/local/lib/python3.10/dist-packages/moveit_task_constructor_msgs/msg/_sub_solution.py
[9.073s] -- Up-to-date: /home/kush/UR5_Project_main/install/moveit_task_constructor_msgs/local/lib/python3.10/dist-packages/moveit_task_constructor_msgs/msg/_property.py
[9.073s] -- Up-to-date: /home/kush/UR5_Project_main/install/moveit_task_constructor_msgs/local/lib/python3.10/dist-packages/moveit_task_constructor_msgs/msg/_sub_trajectory.py
[9.073s] -- Up-to-date: /home/kush/UR5_Project_main/install/moveit_task_constructor_msgs/local/lib/python3.10/dist-packages/moveit_task_constructor_msgs/msg/_task_description_s.c
[9.074s] -- Up-to-date: /home/kush/UR5_Project_main/install/moveit_task_constructor_msgs/local/lib/python3.10/dist-packages/moveit_task_constructor_msgs/moveit_task_constructor_msgs_s__rosidl_typesupport_introspection_c.cpython-310-x86_64-linux-gnu.so
[9.074s] -- Up-to-date: /home/kush/UR5_Project_main/install/moveit_task_constructor_msgs/local/lib/python3.10/dist-packages/moveit_task_constructor_msgs/action
[9.074s] -- Up-to-date: /home/kush/UR5_Project_main/install/moveit_task_constructor_msgs/local/lib/python3.10/dist-packages/moveit_task_constructor_msgs/action/__init__.py
[9.074s] -- Up-to-date: /home/kush/UR5_Project_main/install/moveit_task_constructor_msgs/local/lib/python3.10/dist-packages/moveit_task_constructor_msgs/action/_execute_task_solution.py
[9.074s] -- Up-to-date: /home/kush/UR5_Project_main/install/moveit_task_constructor_msgs/local/lib/python3.10/dist-packages/moveit_task_constructor_msgs/action/_execute_task_solution_s.c
[9.075s] -- Up-to-date: /home/kush/UR5_Project_main/install/moveit_task_constructor_msgs/local/lib/python3.10/dist-packages/moveit_task_constructor_msgs/_moveit_task_constructor_msgs_s.ep.rosidl_typesupport_fastrtps_c.c
[9.075s] -- Up-to-date: /home/kush/UR5_Project_main/install/moveit_task_constructor_msgs/local/lib/python3.10/dist-packages/moveit_task_constructor_msgs/_moveit_task_constructor_msgs_s.ep.rosidl_typesupport_c.c
[9.075s] -- Up-to-date: /home/kush/UR5_Project_main/install/moveit_task_constructor_msgs/local/lib/python3.10/dist-packages/moveit_task_constructor_msgs/moveit_task_constructor_msgs_s__rosidl_typesupport_c.cpython-310-x86_64-linux-gnu.so
[9.868s] Listing '/home/kush/UR5_Project_main/install/moveit_task_constructor_msgs/local/lib/python3.10/dist-packages/moveit_task_constructor_msgs'...
[9.868s] Listing '/home/kush/UR5_Project_main/install/moveit_task_constructor_msgs/local/lib/python3.10/dist-packages/moveit_task_constructor_msgs/action'...
[9.868s] Listing '/home/kush/UR5_Project_main/install/moveit_task_constructor_msgs/local/lib/python3.10/dist-packages/moveit_task_constructor_msgs/msg'...
[9.869s] Listing '/home/kush/UR5_Project_main/install/moveit_task_constructor_msgs/local/lib/python3.10/dist-packages/moveit_task_constructor_msgs/srv'...
[10.059s] -- Up-to-date: /home/kush/UR5_Project_main/install/moveit_task_constructor_msgs/local/lib/python3.10/dist-packages/moveit_task_constructor_msgs/moveit_task_constructor_msgs_s__rosidl_typesupport_fastrtps_c.cpython-310-x86_64-linux-gnu.so
[10.242s] -- Up-to-date: /home/kush/UR5_Project_main/install/moveit_task_constructor_msgs/local/lib/python3.10/dist-packages/moveit_task_constructor_msgs/moveit_task_constructor_msgs_s__rosidl_typesupport_introspection_c.cpython-310-x86_64-linux-gnu.so
[10.322s] -- Up-to-date: /home/kush/UR5_Project_main/install/moveit_task_constructor_msgs/local/lib/python3.10/dist-packages/moveit_task_constructor_msgs/moveit_task_constructor_msgs_s__rosidl_typesupport_c.cpython-310-x86_64-linux-gnu.so
[10.392s] -- Up-to-date: /home/kush/UR5_Project_main/install/moveit_task_constructor_msgs/lib/libmoveit_task_constructor_msgs__rosidl_generator_py.so
[10.392s] -- Up-to-date: /home/kush/UR5_Project_main/install/moveit_task_constructor_msgs/share/moveit_task_constructor_msgs/msg/Property.idl
[10.392s] -- Up-to-date: /home/kush/UR5_Project_main/install/moveit_task_constructor_msgs/share/moveit_task_constructor_msgs/msg/Solution.idl
[10.393s] -- Up-to-date: /home/kush/UR5_Project_main/install/moveit_task_constructor_msgs/share/moveit_task_constructor_msgs/msg/SolutionInfo.idl
[10.393s] -- Up-to-date: /home/kush/UR5_Project_main/install/moveit_task_constructor_msgs/share/moveit_task_constructor_msgs/msg/StageDescription.idl
[10.393s] -- Up-to-date: /home/kush/UR5_Project_main/install/moveit_task_constructor_msgs/share/moveit_task_constructor_msgs/msg/StageStatistics.idl
[10.393s] -- Up-to-date: /home/kush/UR5_Project_main/install/moveit_task_constructor_msgs/share/moveit_task_constructor_msgs/msg/SubSolution.idl
[10.393s] -- Up-to-date: /home/kush/UR5_Project_main/install/moveit_task_constructor_msgs/share/moveit_task_constructor_msgs/msg/SubTrajectory.idl
[10.393s] -- Up-to-date: /home/kush/UR5_Project_main/install/moveit_task_constructor_msgs/share/moveit_task_constructor_msgs/msg/TaskDescription.idl
[10.394s] -- Up-to-date: /home/kush/UR5_Project_main/install/moveit_task_constructor_msgs/share/moveit_task_constructor_msgs/msg/TaskStatistics.idl
[10.394s] -- Up-to-date: /home/kush/UR5_Project_main/install/moveit_task_constructor_msgs/share/moveit_task_constructor_msgs/srv/GetSolution.idl
[10.394s] -- Up-to-date: /home/kush/UR5_Project_main/install/moveit_task_constructor_msgs/share/moveit_task_constructor_msgs/action/ExecuteTaskSolution.idl
[10.397s] -- Up-to-date: /home/kush/UR5_Project_main/install/moveit_task_constructor_msgs/share/moveit_task_constructor_msgs/msg/Property.msg
[10.402s] -- Up-to-date: /home/kush/UR5_Project_main/install/moveit_task_constructor_msgs/share/moveit_task_constructor_msgs/msg/Solution.msg
[10.402s] -- Up-to-date: /home/kush/UR5_Project_main/install/moveit_task_constructor_msgs/share/moveit_task_constructor_msgs/msg/SolutionInfo.msg
[10.404s] -- Up-to-date: /home/kush/UR5_Project_main/install/moveit_task_constructor_msgs/share/moveit_task_constructor_msgs/msg/StageDescription.msg
[10.404s] -- Up-to-date: /home/kush/UR5_Project_main/install/moveit_task_constructor_msgs/share/moveit_task_constructor_msgs/msg/StageStatistics.msg
[10.404s] -- Up-to-date: /home/kush/UR5_Project_main/install/moveit_task_constructor_msgs/share/moveit_task_constructor_msgs/msg/SubSolution.msg
[10.406s] -- Up-to-date: /home/kush/UR5_Project_main/install/moveit_task_constructor_msgs/share/moveit_task_constructor_msgs/msg/SubTrajectory.msg
[10.406s] -- Up-to-date: /home/kush/UR5_Project_main/install/moveit_task_constructor_msgs/share/moveit_task_constructor_msgs/msg/TaskDescription.msg
[10.407s] -- Up-to-date: /home/kush/UR5_Project_main/install/moveit_task_constructor_msgs/share/moveit_task_constructor_msgs/msg/TaskStatistics.msg
[10.407s] -- Up-to-date: /home/kush/UR5_Project_main/install/moveit_task_constructor_msgs/share/moveit_task_constructor_msgs/srv/GetSolution.srv
[10.416s] -- Up-to-date: /home/kush/UR5_Project_main/install/moveit_task_constructor_msgs/share/moveit_task_constructor_msgs/srv/GetSolution_Request.msg
[10.416s] -- Up-to-date: /home/kush/UR5_Project_main/install/moveit_task_constructor_msgs/share/moveit_task_constructor_msgs/srv/GetSolution_Response.msg
[10.416s] -- Up-to-date: /home/kush/UR5_Project_main/install/moveit_task_constructor_msgs/share/moveit_task_constructor_msgs/action/ExecuteTaskSolution.action
[10.417s] -- Up-to-date: /home/kush/UR5_Project_main/install/moveit_task_constructor_msgs/share/ament_index/resource_index/package_run_dependencies/moveit_task_constructor_msgs
[10.419s] -- Up-to-date: /home/kush/UR5_Project_main/install/moveit_task_constructor_msgs/share/ament_index/resource_index/parent_prefix_path/moveit_task_constructor_msgs
[10.420s] -- Up-to-date: /home/kush/UR5_Project_main/install/moveit_task_constructor_msgs/share/moveit_task_constructor_msgs/environment/ament_prefix_path.sh
[10.420s] -- Up-to-date: /home/kush/UR5_Project_main/install/moveit_task_constructor_msgs/share/moveit_task_constructor_msgs/environment/ament_prefix_path.dsv
[10.420s] -- Up-to-date: /home/kush/UR5_Project_main/install/moveit_task_constructor_msgs/share/moveit_task_constructor_msgs/environment/path.sh
[10.420s] -- Up-to-date: /home/kush/UR5_Project_main/install/moveit_task_constructor_msgs/share/moveit_task_constructor_msgs/environment/path.dsv
[10.424s] -- Up-to-date: /home/kush/UR5_Project_main/install/moveit_task_constructor_msgs/share/moveit_task_constructor_msgs/local_setup.bash
[10.424s] -- Up-to-date: /home/kush/UR5_Project_main/install/moveit_task_constructor_msgs/share/moveit_task_constructor_msgs/local_setup.sh
[10.424s] -- Up-to-date: /home/kush/UR5_Project_main/install/moveit_task_constructor_msgs/share/moveit_task_constructor_msgs/local_setup.zsh
[10.424s] -- Up-to-date: /home/kush/UR5_Project_main/install/moveit_task_constructor_msgs/share/moveit_task_constructor_msgs/local_setup.dsv
[10.425s] -- Installing: /home/kush/UR5_Project_main/install/moveit_task_constructor_msgs/share/moveit_task_constructor_msgs/package.dsv
[10.440s] -- Up-to-date: /home/kush/UR5_Project_main/install/moveit_task_constructor_msgs/share/ament_index/resource_index/packages/moveit_task_constructor_msgs
[10.472s] -- Up-to-date: /home/kush/UR5_Project_main/install/moveit_task_constructor_msgs/share/moveit_task_constructor_msgs/cmake/export_moveit_task_constructor_msgs__rosidl_generator_cExport.cmake
[10.472s] -- Up-to-date: /home/kush/UR5_Project_main/install/moveit_task_constructor_msgs/share/moveit_task_constructor_msgs/cmake/export_moveit_task_constructor_msgs__rosidl_generator_cExport-release.cmake
[10.519s] -- Up-to-date: /home/kush/UR5_Project_main/install/moveit_task_constructor_msgs/share/moveit_task_constructor_msgs/cmake/export_moveit_task_constructor_msgs__rosidl_typesupport_fastrtps_cExport.cmake
[10.520s] -- Up-to-date: /home/kush/UR5_Project_main/install/moveit_task_constructor_msgs/share/moveit_task_constructor_msgs/cmake/export_moveit_task_constructor_msgs__rosidl_typesupport_fastrtps_cExport-release.cmake
[10.521s] -- Up-to-date: /home/kush/UR5_Project_main/install/moveit_task_constructor_msgs/share/moveit_task_constructor_msgs/cmake/export_moveit_task_constructor_msgs__rosidl_generator_cppExport.cmake
[10.535s] -- Up-to-date: /home/kush/UR5_Project_main/install/moveit_task_constructor_msgs/share/moveit_task_constructor_msgs/cmake/export_moveit_task_constructor_msgs__rosidl_typesupport_fastrtps_cppExport.cmake
[10.536s] -- Up-to-date: /home/kush/UR5_Project_main/install/moveit_task_constructor_msgs/share/moveit_task_constructor_msgs/cmake/export_moveit_task_constructor_msgs__rosidl_typesupport_fastrtps_cppExport-release.cmake
[10.537s] -- Up-to-date: /home/kush/UR5_Project_main/install/moveit_task_constructor_msgs/share/moveit_task_constructor_msgs/cmake/moveit_task_constructor_msgs__rosidl_typesupport_introspection_cExport.cmake
[10.537s] -- Up-to-date: /home/kush/UR5_Project_main/install/moveit_task_constructor_msgs/share/moveit_task_constructor_msgs/cmake/moveit_task_constructor_msgs__rosidl_typesupport_introspection_cExport-release.cmake
[10.538s] -- Up-to-date: /home/kush/UR5_Project_main/install/moveit_task_constructor_msgs/share/moveit_task_constructor_msgs/cmake/moveit_task_constructor_msgs__rosidl_typesupport_cExport.cmake
[10.538s] -- Up-to-date: /home/kush/UR5_Project_main/install/moveit_task_constructor_msgs/share/moveit_task_constructor_msgs/cmake/moveit_task_constructor_msgs__rosidl_typesupport_cExport-release.cmake
[10.540s] -- Up-to-date: /home/kush/UR5_Project_main/install/moveit_task_constructor_msgs/share/moveit_task_constructor_msgs/cmake/moveit_task_constructor_msgs__rosidl_typesupport_introspection_cppExport.cmake
[10.540s] -- Up-to-date: /home/kush/UR5_Project_main/install/moveit_task_constructor_msgs/share/moveit_task_constructor_msgs/cmake/moveit_task_constructor_msgs__rosidl_typesupport_introspection_cppExport-release.cmake
[10.540s] -- Up-to-date: /home/kush/UR5_Project_main/install/moveit_task_constructor_msgs/share/moveit_task_constructor_msgs/cmake/moveit_task_constructor_msgs__rosidl_typesupport_cppExport.cmake
[10.540s] -- Up-to-date: /home/kush/UR5_Project_main/install/moveit_task_constructor_msgs/share/moveit_task_constructor_msgs/cmake/moveit_task_constructor_msgs__rosidl_typesupport_cppExport-release.cmake
[10.541s] -- Up-to-date: /home/kush/UR5_Project_main/install/moveit_task_constructor_msgs/share/moveit_task_constructor_msgs/cmake/export_moveit_task_constructor_msgs__rosidl_generator_pyExport.cmake
[10.541s] -- Up-to-date: /home/kush/UR5_Project_main/install/moveit_task_constructor_msgs/share/moveit_task_constructor_msgs/cmake/export_moveit_task_constructor_msgs__rosidl_generator_pyExport-release.cmake
[10.542s] -- Up-to-date: /home/kush/UR5_Project_main/install/moveit_task_constructor_msgs/share/moveit_task_constructor_msgs/cmake/rosidl_cmake-extras.cmake
[10.542s] -- Up-to-date: /home/kush/UR5_Project_main/install/moveit_task_constructor_msgs/share/moveit_task_constructor_msgs/cmake/ament_cmake_export_dependencies-extras.cmake
[10.542s] -- Up-to-date: /home/kush/UR5_Project_main/install/moveit_task_constructor_msgs/share/moveit_task_constructor_msgs/cmake/ament_cmake_export_include_directories-extras.cmake
[10.542s] -- Up-to-date: /home/kush/UR5_Project_main/install/moveit_task_constructor_msgs/share/moveit_task_constructor_msgs/cmake/ament_cmake_export_libraries-extras.cmake
[10.543s] -- Up-to-date: /home/kush/UR5_Project_main/install/moveit_task_constructor_msgs/share/moveit_task_constructor_msgs/cmake/ament_cmake_export_targets-extras.cmake
[10.543s] -- Up-to-date: /home/kush/UR5_Project_main/install/moveit_task_constructor_msgs/share/moveit_task_constructor_msgs/cmake/rosidl_cmake_export_typesupport_targets-extras.cmake
[10.543s] -- Up-to-date: /home/kush/UR5_Project_main/install/moveit_task_constructor_msgs/share/moveit_task_constructor_msgs/cmake/rosidl_cmake_export_typesupport_libraries-extras.cmake
[10.543s] -- Up-to-date: /home/kush/UR5_Project_main/install/moveit_task_constructor_msgs/share/moveit_task_constructor_msgs/cmake/moveit_task_constructor_msgsConfig.cmake
[10.543s] -- Up-to-date: /home/kush/UR5_Project_main/install/moveit_task_constructor_msgs/share/moveit_task_constructor_msgs/cmake/moveit_task_constructor_msgsConfig-version.cmake
[10.543s] -- Up-to-date: /home/kush/UR5_Project_main/install/moveit_task_constructor_msgs/share/moveit_task_constructor_msgs/package.xml
[10.557s] Invoked command in '/home/kush/UR5_Project_main/build/moveit_task_constructor_msgs' returned '0': CMAKE_PREFIX_PATH=${CMAKE_PREFIX_PATH}:/home/kush/UR5_Project_main/install/moveit_configs_utils:/home/kush/UR5_Project_main/install/launch_param_builder:/home/kush/ws_moveit2_ur5/install/moveit_configs_utils:/home/kush/ws_moveit2_ur5/install/launch_param_builder:/opt/ros/humble /usr/bin/cmake --install /home/kush/UR5_Project_main/build/moveit_task_constructor_msgs
