[0.171s] Invoking command in '/home/kush/UR5_Project_main/build/srdfdom': CMAKE_PREFIX_PATH=${CMAKE_PREFIX_PATH}:/home/kush/UR5_Project_main/install/moveit_configs_utils:/home/kush/UR5_Project_main/install/launch_param_builder:/home/kush/ws_moveit2_ur5/install/moveit_configs_utils:/home/kush/ws_moveit2_ur5/install/launch_param_builder:/opt/ros/humble /usr/bin/cmake --build /home/kush/UR5_Project_main/build/srdfdom -- -j4 -l4
[1.139s] [  0%] Built target ament_cmake_python_copy_srdfdom
[1.139s] [ 18%] Built target gtest_main
[1.139s] [ 36%] Built target gtest
[1.139s] [ 63%] Built target srdfdom
[1.140s] [ 81%] Built target test_cpp_nl_NL.UTF-8
[1.140s] [100%] Built target test_cpp_C
[1.625s] running egg_info
[1.626s] writing srdfdom.egg-info/PKG-INFO
[1.626s] writing dependency_links to srdfdom.egg-info/dependency_links.txt
[1.626s] writing top-level names to srdfdom.egg-info/top_level.txt
[1.650s] reading manifest file 'srdfdom.egg-info/SOURCES.txt'
[1.676s] writing manifest file 'srdfdom.egg-info/SOURCES.txt'
[1.831s] [100%] Built target ament_cmake_python_build_srdfdom_egg
[2.074s] Invoked command in '/home/kush/UR5_Project_main/build/srdfdom' returned '0': CMAKE_PREFIX_PATH=${CMAKE_PREFIX_PATH}:/home/kush/UR5_Project_main/install/moveit_configs_utils:/home/kush/UR5_Project_main/install/launch_param_builder:/home/kush/ws_moveit2_ur5/install/moveit_configs_utils:/home/kush/ws_moveit2_ur5/install/launch_param_builder:/opt/ros/humble /usr/bin/cmake --build /home/kush/UR5_Project_main/build/srdfdom -- -j4 -l4
[2.396s] Invoking command in '/home/kush/UR5_Project_main/build/srdfdom': CMAKE_PREFIX_PATH=${CMAKE_PREFIX_PATH}:/home/kush/UR5_Project_main/install/moveit_configs_utils:/home/kush/UR5_Project_main/install/launch_param_builder:/home/kush/ws_moveit2_ur5/install/moveit_configs_utils:/home/kush/ws_moveit2_ur5/install/launch_param_builder:/opt/ros/humble /usr/bin/cmake --install /home/kush/UR5_Project_main/build/srdfdom
[2.457s] -- Install configuration: "Release"
[2.457s] -- Up-to-date: /home/kush/UR5_Project_main/install/srdfdom/lib/libsrdfdom.so.2.0.4
[2.458s] -- Up-to-date: /home/kush/UR5_Project_main/install/srdfdom/lib/libsrdfdom.so
[2.458s] -- Up-to-date: /home/kush/UR5_Project_main/install/srdfdom/include/srdfdom
[2.458s] -- Up-to-date: /home/kush/UR5_Project_main/install/srdfdom/include/srdfdom/visibility_control.h
[2.458s] -- Up-to-date: /home/kush/UR5_Project_main/install/srdfdom/include/srdfdom/model.h
[2.458s] -- Up-to-date: /home/kush/UR5_Project_main/install/srdfdom/include/srdfdom/srdf_writer.h
[2.459s] -- Up-to-date: /home/kush/UR5_Project_main/install/srdfdom/lib/srdfdom/display_srdf
[2.459s] -- Up-to-date: /home/kush/UR5_Project_main/install/srdfdom/share/srdfdom/environment/pythonpath.sh
[2.459s] -- Up-to-date: /home/kush/UR5_Project_main/install/srdfdom/share/srdfdom/environment/pythonpath.dsv
[2.459s] -- Up-to-date: /home/kush/UR5_Project_main/install/srdfdom/local/lib/python3.10/dist-packages/srdfdom-2.0.4-py3.10.egg-info
[2.460s] -- Installing: /home/kush/UR5_Project_main/install/srdfdom/local/lib/python3.10/dist-packages/srdfdom-2.0.4-py3.10.egg-info/SOURCES.txt
[2.460s] -- Installing: /home/kush/UR5_Project_main/install/srdfdom/local/lib/python3.10/dist-packages/srdfdom-2.0.4-py3.10.egg-info/dependency_links.txt
[2.460s] -- Installing: /home/kush/UR5_Project_main/install/srdfdom/local/lib/python3.10/dist-packages/srdfdom-2.0.4-py3.10.egg-info/PKG-INFO
[2.460s] -- Installing: /home/kush/UR5_Project_main/install/srdfdom/local/lib/python3.10/dist-packages/srdfdom-2.0.4-py3.10.egg-info/top_level.txt
[2.460s] -- Up-to-date: /home/kush/UR5_Project_main/install/srdfdom/local/lib/python3.10/dist-packages/srdfdom
[2.461s] -- Up-to-date: /home/kush/UR5_Project_main/install/srdfdom/local/lib/python3.10/dist-packages/srdfdom/__init__.py
[2.461s] -- Up-to-date: /home/kush/UR5_Project_main/install/srdfdom/local/lib/python3.10/dist-packages/srdfdom/srdf.py
[2.601s] Listing '/home/kush/UR5_Project_main/install/srdfdom/local/lib/python3.10/dist-packages/srdfdom'...
[2.618s] -- Up-to-date: /home/kush/UR5_Project_main/install/srdfdom/share/srdfdom/environment/library_path.sh
[2.619s] -- Up-to-date: /home/kush/UR5_Project_main/install/srdfdom/share/srdfdom/environment/library_path.dsv
[2.619s] -- Up-to-date: /home/kush/UR5_Project_main/install/srdfdom/share/ament_index/resource_index/package_run_dependencies/srdfdom
[2.619s] -- Up-to-date: /home/kush/UR5_Project_main/install/srdfdom/share/ament_index/resource_index/parent_prefix_path/srdfdom
[2.619s] -- Up-to-date: /home/kush/UR5_Project_main/install/srdfdom/share/srdfdom/environment/ament_prefix_path.sh
[2.620s] -- Up-to-date: /home/kush/UR5_Project_main/install/srdfdom/share/srdfdom/environment/ament_prefix_path.dsv
[2.620s] -- Up-to-date: /home/kush/UR5_Project_main/install/srdfdom/share/srdfdom/environment/path.sh
[2.620s] -- Up-to-date: /home/kush/UR5_Project_main/install/srdfdom/share/srdfdom/environment/path.dsv
[2.620s] -- Up-to-date: /home/kush/UR5_Project_main/install/srdfdom/share/srdfdom/local_setup.bash
[2.620s] -- Up-to-date: /home/kush/UR5_Project_main/install/srdfdom/share/srdfdom/local_setup.sh
[2.620s] -- Up-to-date: /home/kush/UR5_Project_main/install/srdfdom/share/srdfdom/local_setup.zsh
[2.621s] -- Up-to-date: /home/kush/UR5_Project_main/install/srdfdom/share/srdfdom/local_setup.dsv
[2.621s] -- Installing: /home/kush/UR5_Project_main/install/srdfdom/share/srdfdom/package.dsv
[2.633s] -- Up-to-date: /home/kush/UR5_Project_main/install/srdfdom/share/ament_index/resource_index/packages/srdfdom
[2.667s] -- Up-to-date: /home/kush/UR5_Project_main/install/srdfdom/share/srdfdom/cmake/srdfdomTargetsExport.cmake
[2.668s] -- Up-to-date: /home/kush/UR5_Project_main/install/srdfdom/share/srdfdom/cmake/srdfdomTargetsExport-release.cmake
[2.668s] -- Up-to-date: /home/kush/UR5_Project_main/install/srdfdom/share/srdfdom/cmake/ament_cmake_export_targets-extras.cmake
[2.668s] -- Up-to-date: /home/kush/UR5_Project_main/install/srdfdom/share/srdfdom/cmake/ament_cmake_export_dependencies-extras.cmake
[2.668s] -- Up-to-date: /home/kush/UR5_Project_main/install/srdfdom/share/srdfdom/cmake/srdfdomConfig.cmake
[2.668s] -- Up-to-date: /home/kush/UR5_Project_main/install/srdfdom/share/srdfdom/cmake/srdfdomConfig-version.cmake
[2.668s] -- Up-to-date: /home/kush/UR5_Project_main/install/srdfdom/share/srdfdom/package.xml
[2.715s] Invoked command in '/home/kush/UR5_Project_main/build/srdfdom' returned '0': CMAKE_PREFIX_PATH=${CMAKE_PREFIX_PATH}:/home/kush/UR5_Project_main/install/moveit_configs_utils:/home/kush/UR5_Project_main/install/launch_param_builder:/home/kush/ws_moveit2_ur5/install/moveit_configs_utils:/home/kush/ws_moveit2_ur5/install/launch_param_builder:/opt/ros/humble /usr/bin/cmake --install /home/kush/UR5_Project_main/build/srdfdom
