[0.188s] Invoking command in '/home/kush/UR5_Project_main/build/srdfdom': CMAKE_PREFIX_PATH=${CMAKE_PREFIX_PATH}:/home/kush/ws_moveit2_ur5/install/moveit_configs_utils:/home/kush/ws_moveit2_ur5/install/launch_param_builder:/opt/ros/humble /usr/bin/cmake /home/kush/UR5_Project_main/src/srdfdom -DCMAKE_BUILD_TYPE=Release -DCMAKE_INSTALL_PREFIX=/home/kush/UR5_Project_main/install/srdfdom
[9.279s] -- The CXX compiler identification is GNU 11.4.0
[9.816s] -- Detecting CXX compiler ABI info
[10.319s] -- Detecting CXX compiler ABI info - done
[10.330s] -- Check for working CXX compiler: /usr/bin/c++ - skipped
[10.331s] -- Detecting CXX compile features
[10.357s] -- Detecting CXX compile features - done
[11.542s] -- Found Boost: /usr/lib/x86_64-linux-gnu/cmake/Boost-1.74.0/BoostConfig.cmake (found version "1.74.0")  
[11.922s] -- Found ament_cmake: 1.3.5 (/opt/ros/humble/share/ament_cmake/cmake)
[12.461s] -- Found Python3: /usr/bin/python3.10 (found version "3.10.12") found components: Interpreter 
[12.971s] -- Found urdf: 2.6.0 (/opt/ros/humble/share/urdf/cmake)
[13.656s] -- Found TinyXML2: /usr/lib/x86_64-linux-gnu/libtinyxml2.so  
[14.072s] -- Found ament_cmake_gtest: 1.3.5 (/opt/ros/humble/share/ament_cmake_gtest/cmake)
[14.129s] -- Found ament_cmake_pytest: 1.3.5 (/opt/ros/humble/share/ament_cmake_pytest/cmake)
[22.031s] -- Found gtest sources under '/opt/ros/humble/src/gtest_vendor': C++ tests using 'Google Test' will be built
[22.173s] -- The C compiler identification is GNU 11.4.0
[22.185s] -- Detecting C compiler ABI info
[22.410s] -- Detecting C compiler ABI info - done
[22.433s] -- Check for working C compiler: /usr/bin/cc - skipped
[22.433s] -- Detecting C compile features
[22.437s] -- Detecting C compile features - done
[22.512s] -- Looking for C++ include pthread.h
[22.928s] -- Looking for C++ include pthread.h - found
[22.929s] -- Performing Test CMAKE_HAVE_LIBC_PTHREAD
[23.344s] -- Performing Test CMAKE_HAVE_LIBC_PTHREAD - Success
[23.346s] -- Found Threads: TRUE  
[23.371s] -- Found ament_lint_auto: 0.12.7 (/opt/ros/humble/share/ament_lint_auto/cmake)
[23.525s] -- Configuring done
[23.752s] -- Generating done
[23.763s] -- Build files have been written to: /home/kush/UR5_Project_main/build/srdfdom
[23.795s] Invoked command in '/home/kush/UR5_Project_main/build/srdfdom' returned '0': CMAKE_PREFIX_PATH=${CMAKE_PREFIX_PATH}:/home/kush/ws_moveit2_ur5/install/moveit_configs_utils:/home/kush/ws_moveit2_ur5/install/launch_param_builder:/opt/ros/humble /usr/bin/cmake /home/kush/UR5_Project_main/src/srdfdom -DCMAKE_BUILD_TYPE=Release -DCMAKE_INSTALL_PREFIX=/home/kush/UR5_Project_main/install/srdfdom
[23.799s] Invoking command in '/home/kush/UR5_Project_main/build/srdfdom': CMAKE_PREFIX_PATH=${CMAKE_PREFIX_PATH}:/home/kush/ws_moveit2_ur5/install/moveit_configs_utils:/home/kush/ws_moveit2_ur5/install/launch_param_builder:/opt/ros/humble /usr/bin/cmake --build /home/kush/UR5_Project_main/build/srdfdom -- -j4 -l4
[23.988s] [  9%] [32mBuilding CXX object CMakeFiles/srdfdom.dir/src/model.cpp.o[0m
[51.828s] [ 18%] [32mBuilding CXX object CMakeFiles/srdfdom.dir/src/srdf_writer.cpp.o[0m
[57.680s] [ 27%] [32m[1mLinking CXX shared library libsrdfdom.so[0m
[58.315s] [ 27%] Built target srdfdom
[58.354s] [ 36%] [32mBuilding CXX object gtest/CMakeFiles/gtest.dir/src/gtest-all.cc.o[0m
[81.416s] [ 45%] [32m[1mLinking CXX static library libgtest.a[0m
[82.149s] [ 45%] Built target gtest
[82.216s] [ 54%] [32mBuilding CXX object gtest/CMakeFiles/gtest_main.dir/src/gtest_main.cc.o[0m
[84.207s] [ 63%] [32m[1mLinking CXX static library libgtest_main.a[0m
[84.409s] [ 63%] Built target gtest_main
[84.541s] [ 63%] Built target ament_cmake_python_copy_srdfdom
[84.620s] [ 72%] [32mBuilding CXX object CMakeFiles/test_cpp_nl_NL.UTF-8.dir/test/test_parser.cpp.o[0m
[91.770s] [ 81%] [32m[1mLinking CXX executable test_cpp_nl_NL.UTF-8[0m
[92.110s] [ 81%] Built target test_cpp_nl_NL.UTF-8
[92.802s] running egg_info
[92.803s] creating srdfdom.egg-info
[92.804s] writing srdfdom.egg-info/PKG-INFO
[92.804s] writing dependency_links to srdfdom.egg-info/dependency_links.txt
[92.805s] writing top-level names to srdfdom.egg-info/top_level.txt
[92.805s] writing manifest file 'srdfdom.egg-info/SOURCES.txt'
[92.812s] reading manifest file 'srdfdom.egg-info/SOURCES.txt'
[92.813s] writing manifest file 'srdfdom.egg-info/SOURCES.txt'
[92.905s] [ 81%] Built target ament_cmake_python_build_srdfdom_egg
[92.951s] [ 90%] [32mBuilding CXX object CMakeFiles/test_cpp_C.dir/test/test_parser.cpp.o[0m
[97.820s] [100%] [32m[1mLinking CXX executable test_cpp_C[0m
[98.186s] [100%] Built target test_cpp_C
[98.261s] Invoked command in '/home/kush/UR5_Project_main/build/srdfdom' returned '0': CMAKE_PREFIX_PATH=${CMAKE_PREFIX_PATH}:/home/kush/ws_moveit2_ur5/install/moveit_configs_utils:/home/kush/ws_moveit2_ur5/install/launch_param_builder:/opt/ros/humble /usr/bin/cmake --build /home/kush/UR5_Project_main/build/srdfdom -- -j4 -l4
[98.567s] Invoking command in '/home/kush/UR5_Project_main/build/srdfdom': CMAKE_PREFIX_PATH=${CMAKE_PREFIX_PATH}:/home/kush/ws_moveit2_ur5/install/moveit_configs_utils:/home/kush/ws_moveit2_ur5/install/launch_param_builder:/opt/ros/humble /usr/bin/cmake --install /home/kush/UR5_Project_main/build/srdfdom
[98.601s] -- Install configuration: "Release"
[98.603s] -- Installing: /home/kush/UR5_Project_main/install/srdfdom/lib/libsrdfdom.so.2.0.4
[98.615s] -- Set runtime path of "/home/kush/UR5_Project_main/install/srdfdom/lib/libsrdfdom.so.2.0.4" to ""
[98.616s] -- Installing: /home/kush/UR5_Project_main/install/srdfdom/lib/libsrdfdom.so
[98.616s] -- Installing: /home/kush/UR5_Project_main/install/srdfdom/include/srdfdom
[98.618s] -- Installing: /home/kush/UR5_Project_main/install/srdfdom/include/srdfdom/visibility_control.h
[98.621s] -- Installing: /home/kush/UR5_Project_main/install/srdfdom/include/srdfdom/model.h
[98.624s] -- Installing: /home/kush/UR5_Project_main/install/srdfdom/include/srdfdom/srdf_writer.h
[98.636s] -- Installing: /home/kush/UR5_Project_main/install/srdfdom/lib/srdfdom/display_srdf
[98.667s] -- Installing: /home/kush/UR5_Project_main/install/srdfdom/share/srdfdom/environment/pythonpath.sh
[98.669s] -- Installing: /home/kush/UR5_Project_main/install/srdfdom/share/srdfdom/environment/pythonpath.dsv
[98.672s] -- Installing: /home/kush/UR5_Project_main/install/srdfdom/local/lib/python3.10/dist-packages/srdfdom-2.0.4-py3.10.egg-info
[98.675s] -- Installing: /home/kush/UR5_Project_main/install/srdfdom/local/lib/python3.10/dist-packages/srdfdom-2.0.4-py3.10.egg-info/SOURCES.txt
[98.677s] -- Installing: /home/kush/UR5_Project_main/install/srdfdom/local/lib/python3.10/dist-packages/srdfdom-2.0.4-py3.10.egg-info/dependency_links.txt
[98.680s] -- Installing: /home/kush/UR5_Project_main/install/srdfdom/local/lib/python3.10/dist-packages/srdfdom-2.0.4-py3.10.egg-info/PKG-INFO
[98.682s] -- Installing: /home/kush/UR5_Project_main/install/srdfdom/local/lib/python3.10/dist-packages/srdfdom-2.0.4-py3.10.egg-info/top_level.txt
[98.685s] -- Installing: /home/kush/UR5_Project_main/install/srdfdom/local/lib/python3.10/dist-packages/srdfdom
[98.685s] -- Installing: /home/kush/UR5_Project_main/install/srdfdom/local/lib/python3.10/dist-packages/srdfdom/__init__.py
[98.686s] -- Installing: /home/kush/UR5_Project_main/install/srdfdom/local/lib/python3.10/dist-packages/srdfdom/srdf.py
[98.872s] Listing '/home/kush/UR5_Project_main/install/srdfdom/local/lib/python3.10/dist-packages/srdfdom'...
[98.872s] Compiling '/home/kush/UR5_Project_main/install/srdfdom/local/lib/python3.10/dist-packages/srdfdom/__init__.py'...
[98.872s] Compiling '/home/kush/UR5_Project_main/install/srdfdom/local/lib/python3.10/dist-packages/srdfdom/srdf.py'...
[98.895s] -- Installing: /home/kush/UR5_Project_main/install/srdfdom/share/srdfdom/environment/library_path.sh
[98.899s] -- Installing: /home/kush/UR5_Project_main/install/srdfdom/share/srdfdom/environment/library_path.dsv
[98.903s] -- Installing: /home/kush/UR5_Project_main/install/srdfdom/share/ament_index/resource_index/package_run_dependencies/srdfdom
[98.907s] -- Installing: /home/kush/UR5_Project_main/install/srdfdom/share/ament_index/resource_index/parent_prefix_path/srdfdom
[98.909s] -- Installing: /home/kush/UR5_Project_main/install/srdfdom/share/srdfdom/environment/ament_prefix_path.sh
[98.911s] -- Installing: /home/kush/UR5_Project_main/install/srdfdom/share/srdfdom/environment/ament_prefix_path.dsv
[98.913s] -- Installing: /home/kush/UR5_Project_main/install/srdfdom/share/srdfdom/environment/path.sh
[98.915s] -- Installing: /home/kush/UR5_Project_main/install/srdfdom/share/srdfdom/environment/path.dsv
[98.917s] -- Installing: /home/kush/UR5_Project_main/install/srdfdom/share/srdfdom/local_setup.bash
[98.919s] -- Installing: /home/kush/UR5_Project_main/install/srdfdom/share/srdfdom/local_setup.sh
[98.921s] -- Installing: /home/kush/UR5_Project_main/install/srdfdom/share/srdfdom/local_setup.zsh
[98.923s] -- Installing: /home/kush/UR5_Project_main/install/srdfdom/share/srdfdom/local_setup.dsv
[98.925s] -- Installing: /home/kush/UR5_Project_main/install/srdfdom/share/srdfdom/package.dsv
[98.937s] -- Installing: /home/kush/UR5_Project_main/install/srdfdom/share/ament_index/resource_index/packages/srdfdom
[98.938s] -- Installing: /home/kush/UR5_Project_main/install/srdfdom/share/srdfdom/cmake/srdfdomTargetsExport.cmake
[98.940s] -- Installing: /home/kush/UR5_Project_main/install/srdfdom/share/srdfdom/cmake/srdfdomTargetsExport-release.cmake
[98.940s] -- Installing: /home/kush/UR5_Project_main/install/srdfdom/share/srdfdom/cmake/ament_cmake_export_targets-extras.cmake
[98.942s] -- Installing: /home/kush/UR5_Project_main/install/srdfdom/share/srdfdom/cmake/ament_cmake_export_dependencies-extras.cmake
[98.946s] -- Installing: /home/kush/UR5_Project_main/install/srdfdom/share/srdfdom/cmake/srdfdomConfig.cmake
[98.952s] -- Installing: /home/kush/UR5_Project_main/install/srdfdom/share/srdfdom/cmake/srdfdomConfig-version.cmake
[98.952s] -- Installing: /home/kush/UR5_Project_main/install/srdfdom/share/srdfdom/package.xml
[98.953s] Invoked command in '/home/kush/UR5_Project_main/build/srdfdom' returned '0': CMAKE_PREFIX_PATH=${CMAKE_PREFIX_PATH}:/home/kush/ws_moveit2_ur5/install/moveit_configs_utils:/home/kush/ws_moveit2_ur5/install/launch_param_builder:/opt/ros/humble /usr/bin/cmake --install /home/kush/UR5_Project_main/build/srdfdom
