[0.113s] Invoking command in '/home/kush/UR5_Project_main/src/build/moveit_resources_pr2_description': CMAKE_PREFIX_PATH=${CMAKE_PREFIX_PATH}:/home/kush/UR5_Project_main/install/moveit_configs_utils:/home/kush/UR5_Project_main/install/launch_param_builder:/home/kush/ws_moveit2_ur5/install/moveit_configs_utils:/home/kush/ws_moveit2_ur5/install/launch_param_builder:/opt/ros/humble /usr/bin/cmake /home/kush/UR5_Project_main/src/moveit_resources/pr2_description -DCMAKE_BUILD_TYPE=Debug -DCMAKE_INSTALL_PREFIX=/home/kush/UR5_Project_main/src/install/moveit_resources_pr2_description
[0.529s] -- The C compiler identification is GNU 11.4.0
[0.840s] -- The CXX compiler identification is GNU 11.4.0
[0.865s] -- Detecting C compiler ABI info
[1.613s] -- Detecting C compiler ABI info - done
[1.679s] -- Check for working C compiler: /usr/bin/cc - skipped
[1.680s] -- Detecting C compile features
[1.681s] -- Detecting C compile features - done
[1.702s] -- Detecting CXX compiler ABI info
[2.154s] -- Detecting CXX compiler ABI info - done
[2.210s] -- Check for working CXX compiler: /usr/bin/c++ - skipped
[2.212s] -- Detecting CXX compile features
[2.215s] -- Detecting CXX compile features - done
[2.318s] -- Found ament_cmake: 1.3.5 (/opt/ros/humble/share/ament_cmake/cmake)
[2.976s] -- Found Python3: /usr/bin/python3.10 (found version "3.10.12") found components: Interpreter 
[4.220s] -- Configuring done
[4.250s] -- Generating done
[4.265s] -- Build files have been written to: /home/kush/UR5_Project_main/src/build/moveit_resources_pr2_description
[4.298s] Invoked command in '/home/kush/UR5_Project_main/src/build/moveit_resources_pr2_description' returned '0': CMAKE_PREFIX_PATH=${CMAKE_PREFIX_PATH}:/home/kush/UR5_Project_main/install/moveit_configs_utils:/home/kush/UR5_Project_main/install/launch_param_builder:/home/kush/ws_moveit2_ur5/install/moveit_configs_utils:/home/kush/ws_moveit2_ur5/install/launch_param_builder:/opt/ros/humble /usr/bin/cmake /home/kush/UR5_Project_main/src/moveit_resources/pr2_description -DCMAKE_BUILD_TYPE=Debug -DCMAKE_INSTALL_PREFIX=/home/kush/UR5_Project_main/src/install/moveit_resources_pr2_description
[4.300s] Invoking command in '/home/kush/UR5_Project_main/src/build/moveit_resources_pr2_description': CMAKE_PREFIX_PATH=${CMAKE_PREFIX_PATH}:/home/kush/UR5_Project_main/install/moveit_configs_utils:/home/kush/UR5_Project_main/install/launch_param_builder:/home/kush/ws_moveit2_ur5/install/moveit_configs_utils:/home/kush/ws_moveit2_ur5/install/launch_param_builder:/opt/ros/humble /usr/bin/cmake --build /home/kush/UR5_Project_main/src/build/moveit_resources_pr2_description -- -j4 -l4
[4.645s] Invoked command in '/home/kush/UR5_Project_main/src/build/moveit_resources_pr2_description' returned '0': CMAKE_PREFIX_PATH=${CMAKE_PREFIX_PATH}:/home/kush/UR5_Project_main/install/moveit_configs_utils:/home/kush/UR5_Project_main/install/launch_param_builder:/home/kush/ws_moveit2_ur5/install/moveit_configs_utils:/home/kush/ws_moveit2_ur5/install/launch_param_builder:/opt/ros/humble /usr/bin/cmake --build /home/kush/UR5_Project_main/src/build/moveit_resources_pr2_description -- -j4 -l4
[4.902s] Invoking command in '/home/kush/UR5_Project_main/src/build/moveit_resources_pr2_description': CMAKE_PREFIX_PATH=${CMAKE_PREFIX_PATH}:/home/kush/UR5_Project_main/install/moveit_configs_utils:/home/kush/UR5_Project_main/install/launch_param_builder:/home/kush/ws_moveit2_ur5/install/moveit_configs_utils:/home/kush/ws_moveit2_ur5/install/launch_param_builder:/opt/ros/humble /usr/bin/cmake --install /home/kush/UR5_Project_main/src/build/moveit_resources_pr2_description
[4.957s] -- Install configuration: "Debug"
[4.958s] -- Installing: /home/kush/UR5_Project_main/src/install/moveit_resources_pr2_description/share/ament_index/resource_index/package_run_dependencies/moveit_resources_pr2_description
[4.959s] -- Installing: /home/kush/UR5_Project_main/src/install/moveit_resources_pr2_description/share/ament_index/resource_index/parent_prefix_path/moveit_resources_pr2_description
[4.960s] -- Installing: /home/kush/UR5_Project_main/src/install/moveit_resources_pr2_description/share/moveit_resources_pr2_description/environment/ament_prefix_path.sh
[4.961s] -- Installing: /home/kush/UR5_Project_main/src/install/moveit_resources_pr2_description/share/moveit_resources_pr2_description/environment/ament_prefix_path.dsv
[4.961s] -- Installing: /home/kush/UR5_Project_main/src/install/moveit_resources_pr2_description/share/moveit_resources_pr2_description/environment/path.sh
[4.962s] -- Installing: /home/kush/UR5_Project_main/src/install/moveit_resources_pr2_description/share/moveit_resources_pr2_description/environment/path.dsv
[4.962s] -- Installing: /home/kush/UR5_Project_main/src/install/moveit_resources_pr2_description/share/moveit_resources_pr2_description/local_setup.bash
[4.963s] -- Installing: /home/kush/UR5_Project_main/src/install/moveit_resources_pr2_description/share/moveit_resources_pr2_description/local_setup.sh
[4.964s] -- Installing: /home/kush/UR5_Project_main/src/install/moveit_resources_pr2_description/share/moveit_resources_pr2_description/local_setup.zsh
[4.964s] -- Installing: /home/kush/UR5_Project_main/src/install/moveit_resources_pr2_description/share/moveit_resources_pr2_description/local_setup.dsv
[4.966s] -- Installing: /home/kush/UR5_Project_main/src/install/moveit_resources_pr2_description/share/moveit_resources_pr2_description/package.dsv
[4.967s] -- Installing: /home/kush/UR5_Project_main/src/install/moveit_resources_pr2_description/share/ament_index/resource_index/packages/moveit_resources_pr2_description
[4.967s] -- Installing: /home/kush/UR5_Project_main/src/install/moveit_resources_pr2_description/share/moveit_resources_pr2_description/cmake/moveit_resources_pr2_descriptionConfig.cmake
[4.968s] -- Installing: /home/kush/UR5_Project_main/src/install/moveit_resources_pr2_description/share/moveit_resources_pr2_description/cmake/moveit_resources_pr2_descriptionConfig-version.cmake
[4.969s] -- Installing: /home/kush/UR5_Project_main/src/install/moveit_resources_pr2_description/share/moveit_resources_pr2_description/package.xml
[4.969s] -- Installing: /home/kush/UR5_Project_main/src/install/moveit_resources_pr2_description/share/moveit_resources_pr2_description/srdf
[4.970s] -- Installing: /home/kush/UR5_Project_main/src/install/moveit_resources_pr2_description/share/moveit_resources_pr2_description/srdf/robot.xml
[4.982s] -- Installing: /home/kush/UR5_Project_main/src/install/moveit_resources_pr2_description/share/moveit_resources_pr2_description/urdf
[4.983s] -- Installing: /home/kush/UR5_Project_main/src/install/moveit_resources_pr2_description/share/moveit_resources_pr2_description/urdf/materials
[4.984s] -- Installing: /home/kush/UR5_Project_main/src/install/moveit_resources_pr2_description/share/moveit_resources_pr2_description/urdf/materials/textures
[4.984s] -- Installing: /home/kush/UR5_Project_main/src/install/moveit_resources_pr2_description/share/moveit_resources_pr2_description/urdf/materials/textures/pr2_wheel_right.png
[4.995s] -- Installing: /home/kush/UR5_Project_main/src/install/moveit_resources_pr2_description/share/moveit_resources_pr2_description/urdf/materials/textures/pr2_caster_texture.png
[5.008s] -- Installing: /home/kush/UR5_Project_main/src/install/moveit_resources_pr2_description/share/moveit_resources_pr2_description/urdf/materials/textures/pr2_wheel_left.png
[5.009s] -- Installing: /home/kush/UR5_Project_main/src/install/moveit_resources_pr2_description/share/moveit_resources_pr2_description/urdf/meshes
[5.011s] -- Installing: /home/kush/UR5_Project_main/src/install/moveit_resources_pr2_description/share/moveit_resources_pr2_description/urdf/meshes/sensors
[5.012s] -- Installing: /home/kush/UR5_Project_main/src/install/moveit_resources_pr2_description/share/moveit_resources_pr2_description/urdf/meshes/sensors/kinect_v0
[5.012s] -- Installing: /home/kush/UR5_Project_main/src/install/moveit_resources_pr2_description/share/moveit_resources_pr2_description/urdf/meshes/sensors/kinect_v0/kinect_mount.stl
[5.039s] -- Installing: /home/kush/UR5_Project_main/src/install/moveit_resources_pr2_description/share/moveit_resources_pr2_description/urdf/meshes/sensors/kinect_v0/kinect.tga
[5.062s] -- Installing: /home/kush/UR5_Project_main/src/install/moveit_resources_pr2_description/share/moveit_resources_pr2_description/urdf/meshes/sensors/kinect_v0/kinect_color.tga
[5.064s] -- Installing: /home/kush/UR5_Project_main/src/install/moveit_resources_pr2_description/share/moveit_resources_pr2_description/urdf/meshes/sensors/kinect_v0/kinect.dae
[5.115s] -- Installing: /home/kush/UR5_Project_main/src/install/moveit_resources_pr2_description/share/moveit_resources_pr2_description/urdf/meshes/sensors/kinect_prosilica_v0
[5.116s] -- Installing: /home/kush/UR5_Project_main/src/install/moveit_resources_pr2_description/share/moveit_resources_pr2_description/urdf/meshes/sensors/kinect_prosilica_v0/115x100_swept_back_no_sensors--coarse.STL
[5.172s] -- Installing: /home/kush/UR5_Project_main/src/install/moveit_resources_pr2_description/share/moveit_resources_pr2_description/urdf/meshes/sensors/kinect_prosilica_v0/115x100_swept_fwd_no_sensors--coarse.STL
[5.223s] -- Installing: /home/kush/UR5_Project_main/src/install/moveit_resources_pr2_description/share/moveit_resources_pr2_description/urdf/meshes/sensors/kinect_prosilica_v0/115x100_swept_back--coarse.STL
[5.293s] -- Installing: /home/kush/UR5_Project_main/src/install/moveit_resources_pr2_description/share/moveit_resources_pr2_description/urdf/meshes/sensors/kinect_prosilica_v0/68-04546_Kinect_Sensor--coarse.STL
[5.323s] -- Installing: /home/kush/UR5_Project_main/src/install/moveit_resources_pr2_description/share/moveit_resources_pr2_description/urdf/meshes/sensors/kinect_prosilica_v0/Prosilica_w_Lens--coarse.STL
[5.410s] -- Installing: /home/kush/UR5_Project_main/src/install/moveit_resources_pr2_description/share/moveit_resources_pr2_description/urdf/meshes/sensors/kinect_prosilica_v0/115x100_swept_fwd--coarse.STL
[5.441s] -- Installing: /home/kush/UR5_Project_main/src/install/moveit_resources_pr2_description/share/moveit_resources_pr2_description/urdf/meshes/torso_v0
[5.442s] -- Installing: /home/kush/UR5_Project_main/src/install/moveit_resources_pr2_description/share/moveit_resources_pr2_description/urdf/meshes/torso_v0/torso.stl
[5.454s] -- Installing: /home/kush/UR5_Project_main/src/install/moveit_resources_pr2_description/share/moveit_resources_pr2_description/urdf/meshes/torso_v0/torso_lift_L.stl
[5.458s] -- Installing: /home/kush/UR5_Project_main/src/install/moveit_resources_pr2_description/share/moveit_resources_pr2_description/urdf/meshes/torso_v0/torso_lift.dae
[5.466s] -- Installing: /home/kush/UR5_Project_main/src/install/moveit_resources_pr2_description/share/moveit_resources_pr2_description/urdf/meshes/torso_v0/torso_lift.stl
[5.517s] -- Installing: /home/kush/UR5_Project_main/src/install/moveit_resources_pr2_description/share/moveit_resources_pr2_description/urdf/meshes/torso_v0/convex
[5.518s] -- Installing: /home/kush/UR5_Project_main/src/install/moveit_resources_pr2_description/share/moveit_resources_pr2_description/urdf/meshes/torso_v0/convex/torso_lift_convex.stla
[5.540s] -- Installing: /home/kush/UR5_Project_main/src/install/moveit_resources_pr2_description/share/moveit_resources_pr2_description/urdf/meshes/torso_v0/convex/torso_lift.xml
[5.556s] -- Installing: /home/kush/UR5_Project_main/src/install/moveit_resources_pr2_description/share/moveit_resources_pr2_description/urdf/meshes/torso_v0/convex/torso_lift_L_convex.stlb
[5.558s] -- Installing: /home/kush/UR5_Project_main/src/install/moveit_resources_pr2_description/share/moveit_resources_pr2_description/urdf/meshes/torso_v0/convex/torso_lift_L.dae
[5.560s] -- Installing: /home/kush/UR5_Project_main/src/install/moveit_resources_pr2_description/share/moveit_resources_pr2_description/urdf/meshes/torso_v0/convex/torso.xml
[5.564s] -- Installing: /home/kush/UR5_Project_main/src/install/moveit_resources_pr2_description/share/moveit_resources_pr2_description/urdf/meshes/torso_v0/convex/torso_convex.stlb
[5.566s] -- Installing: /home/kush/UR5_Project_main/src/install/moveit_resources_pr2_description/share/moveit_resources_pr2_description/urdf/meshes/torso_v0/convex/torso_lift.dae
[5.568s] -- Installing: /home/kush/UR5_Project_main/src/install/moveit_resources_pr2_description/share/moveit_resources_pr2_description/urdf/meshes/torso_v0/convex/torso_lift_L_convex.stla
[5.589s] -- Installing: /home/kush/UR5_Project_main/src/install/moveit_resources_pr2_description/share/moveit_resources_pr2_description/urdf/meshes/torso_v0/convex/torso.dae
[5.654s] -- Installing: /home/kush/UR5_Project_main/src/install/moveit_resources_pr2_description/share/moveit_resources_pr2_description/urdf/meshes/torso_v0/convex/torso_lift_convex.stlb
[5.679s] -- Installing: /home/kush/UR5_Project_main/src/install/moveit_resources_pr2_description/share/moveit_resources_pr2_description/urdf/meshes/torso_v0/convex/torso_convex.stla
[5.681s] -- Installing: /home/kush/UR5_Project_main/src/install/moveit_resources_pr2_description/share/moveit_resources_pr2_description/urdf/meshes/torso_v0/convex/torso_lift_L.xml
[5.683s] -- Installing: /home/kush/UR5_Project_main/src/install/moveit_resources_pr2_description/share/moveit_resources_pr2_description/urdf/meshes/torso_v0/torso_lift_normals.tif
[5.863s] -- Installing: /home/kush/UR5_Project_main/src/install/moveit_resources_pr2_description/share/moveit_resources_pr2_description/urdf/meshes/torso_v0/torso_lift_color.tif
[5.968s] -- Installing: /home/kush/UR5_Project_main/src/install/moveit_resources_pr2_description/share/moveit_resources_pr2_description/urdf/meshes/upper_arm_v0
[5.970s] -- Installing: /home/kush/UR5_Project_main/src/install/moveit_resources_pr2_description/share/moveit_resources_pr2_description/urdf/meshes/upper_arm_v0/forearm_roll_L.stl
[5.972s] -- Installing: /home/kush/UR5_Project_main/src/install/moveit_resources_pr2_description/share/moveit_resources_pr2_description/urdf/meshes/upper_arm_v0/upper_arm.jpg
[5.975s] -- Installing: /home/kush/UR5_Project_main/src/install/moveit_resources_pr2_description/share/moveit_resources_pr2_description/urdf/meshes/upper_arm_v0/upper_arm.dae
[5.978s] -- Installing: /home/kush/UR5_Project_main/src/install/moveit_resources_pr2_description/share/moveit_resources_pr2_description/urdf/meshes/upper_arm_v0/upper_arm_normals.tif
[6.108s] -- Installing: /home/kush/UR5_Project_main/src/install/moveit_resources_pr2_description/share/moveit_resources_pr2_description/urdf/meshes/upper_arm_v0/elbow_flex_color.tif
[6.110s] -- Installing: /home/kush/UR5_Project_main/src/install/moveit_resources_pr2_description/share/moveit_resources_pr2_description/urdf/meshes/upper_arm_v0/elbow_flex_normals.tif
[6.241s] -- Installing: /home/kush/UR5_Project_main/src/install/moveit_resources_pr2_description/share/moveit_resources_pr2_description/urdf/meshes/upper_arm_v0/elbow_flex.dae
[6.245s] -- Installing: /home/kush/UR5_Project_main/src/install/moveit_resources_pr2_description/share/moveit_resources_pr2_description/urdf/meshes/upper_arm_v0/elbow_flex.stl
[6.248s] -- Installing: /home/kush/UR5_Project_main/src/install/moveit_resources_pr2_description/share/moveit_resources_pr2_description/urdf/meshes/upper_arm_v0/upper_arm.stl
[6.255s] -- Installing: /home/kush/UR5_Project_main/src/install/moveit_resources_pr2_description/share/moveit_resources_pr2_description/urdf/meshes/upper_arm_v0/convex
[6.257s] -- Installing: /home/kush/UR5_Project_main/src/install/moveit_resources_pr2_description/share/moveit_resources_pr2_description/urdf/meshes/upper_arm_v0/convex/upper_arm_convex.stla
[6.262s] -- Installing: /home/kush/UR5_Project_main/src/install/moveit_resources_pr2_description/share/moveit_resources_pr2_description/urdf/meshes/upper_arm_v0/convex/forearm_roll_convex.stlb
[6.266s] -- Installing: /home/kush/UR5_Project_main/src/install/moveit_resources_pr2_description/share/moveit_resources_pr2_description/urdf/meshes/upper_arm_v0/convex/elbow_flex_convex.stlb
[6.271s] -- Installing: /home/kush/UR5_Project_main/src/install/moveit_resources_pr2_description/share/moveit_resources_pr2_description/urdf/meshes/upper_arm_v0/convex/upper_arm.dae
[6.280s] -- Installing: /home/kush/UR5_Project_main/src/install/moveit_resources_pr2_description/share/moveit_resources_pr2_description/urdf/meshes/upper_arm_v0/convex/forearm_roll_L_convex.stlb
[6.282s] -- Installing: /home/kush/UR5_Project_main/src/install/moveit_resources_pr2_description/share/moveit_resources_pr2_description/urdf/meshes/upper_arm_v0/convex/forearm_roll_L_convex.stla
[6.284s] -- Installing: /home/kush/UR5_Project_main/src/install/moveit_resources_pr2_description/share/moveit_resources_pr2_description/urdf/meshes/upper_arm_v0/convex/elbow_flex.xml
[6.303s] -- Installing: /home/kush/UR5_Project_main/src/install/moveit_resources_pr2_description/share/moveit_resources_pr2_description/urdf/meshes/upper_arm_v0/convex/upper_arm_convex.stlb
[6.311s] -- Installing: /home/kush/UR5_Project_main/src/install/moveit_resources_pr2_description/share/moveit_resources_pr2_description/urdf/meshes/upper_arm_v0/convex/forearm_roll_convex.stla
[6.313s] -- Installing: /home/kush/UR5_Project_main/src/install/moveit_resources_pr2_description/share/moveit_resources_pr2_description/urdf/meshes/upper_arm_v0/convex/elbow_flex.dae
[6.315s] -- Installing: /home/kush/UR5_Project_main/src/install/moveit_resources_pr2_description/share/moveit_resources_pr2_description/urdf/meshes/upper_arm_v0/convex/forearm_roll_L.xml
[6.317s] -- Installing: /home/kush/UR5_Project_main/src/install/moveit_resources_pr2_description/share/moveit_resources_pr2_description/urdf/meshes/upper_arm_v0/convex/forearm_roll_L.dae
[6.323s] -- Installing: /home/kush/UR5_Project_main/src/install/moveit_resources_pr2_description/share/moveit_resources_pr2_description/urdf/meshes/upper_arm_v0/convex/forearm_roll.dae
[6.325s] -- Installing: /home/kush/UR5_Project_main/src/install/moveit_resources_pr2_description/share/moveit_resources_pr2_description/urdf/meshes/upper_arm_v0/convex/forearm_roll.xml
[6.328s] -- Installing: /home/kush/UR5_Project_main/src/install/moveit_resources_pr2_description/share/moveit_resources_pr2_description/urdf/meshes/upper_arm_v0/convex/upper_arm.xml
[6.332s] -- Installing: /home/kush/UR5_Project_main/src/install/moveit_resources_pr2_description/share/moveit_resources_pr2_description/urdf/meshes/upper_arm_v0/convex/elbow_flex_convex.stla
[6.335s] -- Installing: /home/kush/UR5_Project_main/src/install/moveit_resources_pr2_description/share/moveit_resources_pr2_description/urdf/meshes/upper_arm_v0/forearm_roll.stl
[6.339s] -- Installing: /home/kush/UR5_Project_main/src/install/moveit_resources_pr2_description/share/moveit_resources_pr2_description/urdf/meshes/upper_arm_v0/upper_arm_color.tif
[6.343s] -- Installing: /home/kush/UR5_Project_main/src/install/moveit_resources_pr2_description/share/moveit_resources_pr2_description/urdf/meshes/forearm_v0
[6.344s] -- Installing: /home/kush/UR5_Project_main/src/install/moveit_resources_pr2_description/share/moveit_resources_pr2_description/urdf/meshes/forearm_v0/wrist_flex.dae
[6.358s] -- Installing: /home/kush/UR5_Project_main/src/install/moveit_resources_pr2_description/share/moveit_resources_pr2_description/urdf/meshes/forearm_v0/forearm_color.tif
[6.422s] -- Installing: /home/kush/UR5_Project_main/src/install/moveit_resources_pr2_description/share/moveit_resources_pr2_description/urdf/meshes/forearm_v0/wrist_normals.tif
[6.506s] -- Installing: /home/kush/UR5_Project_main/src/install/moveit_resources_pr2_description/share/moveit_resources_pr2_description/urdf/meshes/forearm_v0/forearm.jpg
[6.543s] -- Installing: /home/kush/UR5_Project_main/src/install/moveit_resources_pr2_description/share/moveit_resources_pr2_description/urdf/meshes/forearm_v0/forearm.stl
[6.545s] -- Installing: /home/kush/UR5_Project_main/src/install/moveit_resources_pr2_description/share/moveit_resources_pr2_description/urdf/meshes/forearm_v0/forearm_normals.tif
[6.645s] -- Installing: /home/kush/UR5_Project_main/src/install/moveit_resources_pr2_description/share/moveit_resources_pr2_description/urdf/meshes/forearm_v0/wrist_flex.stl
[6.680s] -- Installing: /home/kush/UR5_Project_main/src/install/moveit_resources_pr2_description/share/moveit_resources_pr2_description/urdf/meshes/forearm_v0/wrist_color.tif
[6.691s] -- Installing: /home/kush/UR5_Project_main/src/install/moveit_resources_pr2_description/share/moveit_resources_pr2_description/urdf/meshes/forearm_v0/forearm.dae
[6.703s] -- Installing: /home/kush/UR5_Project_main/src/install/moveit_resources_pr2_description/share/moveit_resources_pr2_description/urdf/meshes/forearm_v0/convex
[6.704s] -- Installing: /home/kush/UR5_Project_main/src/install/moveit_resources_pr2_description/share/moveit_resources_pr2_description/urdf/meshes/forearm_v0/convex/wrist_flex_convex.stlb
[6.718s] -- Installing: /home/kush/UR5_Project_main/src/install/moveit_resources_pr2_description/share/moveit_resources_pr2_description/urdf/meshes/forearm_v0/convex/wrist_roll_L_convex.stla
[6.740s] -- Installing: /home/kush/UR5_Project_main/src/install/moveit_resources_pr2_description/share/moveit_resources_pr2_description/urdf/meshes/forearm_v0/convex/wrist_flex_convex.stla
[6.749s] -- Installing: /home/kush/UR5_Project_main/src/install/moveit_resources_pr2_description/share/moveit_resources_pr2_description/urdf/meshes/forearm_v0/convex/wrist_flex.xml
[6.750s] -- Installing: /home/kush/UR5_Project_main/src/install/moveit_resources_pr2_description/share/moveit_resources_pr2_description/urdf/meshes/forearm_v0/convex/wrist_flex.dae
[6.754s] -- Installing: /home/kush/UR5_Project_main/src/install/moveit_resources_pr2_description/share/moveit_resources_pr2_description/urdf/meshes/forearm_v0/convex/wrist_roll_convex.stlb
[6.763s] -- Installing: /home/kush/UR5_Project_main/src/install/moveit_resources_pr2_description/share/moveit_resources_pr2_description/urdf/meshes/forearm_v0/convex/wrist_roll.xml
[6.773s] -- Installing: /home/kush/UR5_Project_main/src/install/moveit_resources_pr2_description/share/moveit_resources_pr2_description/urdf/meshes/forearm_v0/convex/forearm_convex.stla
[6.794s] -- Installing: /home/kush/UR5_Project_main/src/install/moveit_resources_pr2_description/share/moveit_resources_pr2_description/urdf/meshes/forearm_v0/convex/forearm.xml
[6.799s] -- Installing: /home/kush/UR5_Project_main/src/install/moveit_resources_pr2_description/share/moveit_resources_pr2_description/urdf/meshes/forearm_v0/convex/forearm.dae
[6.802s] -- Installing: /home/kush/UR5_Project_main/src/install/moveit_resources_pr2_description/share/moveit_resources_pr2_description/urdf/meshes/forearm_v0/convex/wrist_roll.dae
[6.804s] -- Installing: /home/kush/UR5_Project_main/src/install/moveit_resources_pr2_description/share/moveit_resources_pr2_description/urdf/meshes/forearm_v0/convex/forearm_convex.stlb
[6.806s] -- Installing: /home/kush/UR5_Project_main/src/install/moveit_resources_pr2_description/share/moveit_resources_pr2_description/urdf/meshes/forearm_v0/convex/wrist_roll_L_convex.stlb
[6.812s] -- Installing: /home/kush/UR5_Project_main/src/install/moveit_resources_pr2_description/share/moveit_resources_pr2_description/urdf/meshes/forearm_v0/convex/wrist_roll_convex.stla
[6.814s] -- Installing: /home/kush/UR5_Project_main/src/install/moveit_resources_pr2_description/share/moveit_resources_pr2_description/urdf/meshes/forearm_v0/convex/wrist_roll_L.xml
[6.818s] -- Installing: /home/kush/UR5_Project_main/src/install/moveit_resources_pr2_description/share/moveit_resources_pr2_description/urdf/meshes/forearm_v0/convex/wrist_roll_L.dae
[6.819s] -- Installing: /home/kush/UR5_Project_main/src/install/moveit_resources_pr2_description/share/moveit_resources_pr2_description/urdf/meshes/forearm_v0/wrist_roll.stl
[6.837s] -- Installing: /home/kush/UR5_Project_main/src/install/moveit_resources_pr2_description/share/moveit_resources_pr2_description/urdf/meshes/forearm_v0/wrist_roll_L.stl
[6.855s] -- Installing: /home/kush/UR5_Project_main/src/install/moveit_resources_pr2_description/share/moveit_resources_pr2_description/urdf/meshes/base_v0
[6.857s] -- Installing: /home/kush/UR5_Project_main/src/install/moveit_resources_pr2_description/share/moveit_resources_pr2_description/urdf/meshes/base_v0/pr2_wheel.stl
[6.889s] -- Installing: /home/kush/UR5_Project_main/src/install/moveit_resources_pr2_description/share/moveit_resources_pr2_description/urdf/meshes/base_v0/wheel_h.dae
[7.051s] -- Installing: /home/kush/UR5_Project_main/src/install/moveit_resources_pr2_description/share/moveit_resources_pr2_description/urdf/meshes/base_v0/base.stl
[7.092s] -- Installing: /home/kush/UR5_Project_main/src/install/moveit_resources_pr2_description/share/moveit_resources_pr2_description/urdf/meshes/base_v0/base_normals.tif
[7.183s] -- Installing: /home/kush/UR5_Project_main/src/install/moveit_resources_pr2_description/share/moveit_resources_pr2_description/urdf/meshes/base_v0/wheel_color.tif
[7.441s] -- Installing: /home/kush/UR5_Project_main/src/install/moveit_resources_pr2_description/share/moveit_resources_pr2_description/urdf/meshes/base_v0/base_color.tif
[7.482s] -- Installing: /home/kush/UR5_Project_main/src/install/moveit_resources_pr2_description/share/moveit_resources_pr2_description/urdf/meshes/base_v0/wheel.stl
[7.534s] -- Installing: /home/kush/UR5_Project_main/src/install/moveit_resources_pr2_description/share/moveit_resources_pr2_description/urdf/meshes/base_v0/wheel_h_color.tif
[7.556s] -- Installing: /home/kush/UR5_Project_main/src/install/moveit_resources_pr2_description/share/moveit_resources_pr2_description/urdf/meshes/base_v0/caster.stl
[7.605s] -- Installing: /home/kush/UR5_Project_main/src/install/moveit_resources_pr2_description/share/moveit_resources_pr2_description/urdf/meshes/base_v0/caster_L.stl
[7.627s] -- Installing: /home/kush/UR5_Project_main/src/install/moveit_resources_pr2_description/share/moveit_resources_pr2_description/urdf/meshes/base_v0/wheel_normals.tif
[7.703s] -- Installing: /home/kush/UR5_Project_main/src/install/moveit_resources_pr2_description/share/moveit_resources_pr2_description/urdf/meshes/base_v0/convex
[7.703s] -- Installing: /home/kush/UR5_Project_main/src/install/moveit_resources_pr2_description/share/moveit_resources_pr2_description/urdf/meshes/base_v0/convex/base_L_convex.stla
[7.717s] -- Installing: /home/kush/UR5_Project_main/src/install/moveit_resources_pr2_description/share/moveit_resources_pr2_description/urdf/meshes/base_v0/convex/caster_L_convex.stlb
[7.720s] -- Installing: /home/kush/UR5_Project_main/src/install/moveit_resources_pr2_description/share/moveit_resources_pr2_description/urdf/meshes/base_v0/convex/caster_L.xml
[7.721s] -- Installing: /home/kush/UR5_Project_main/src/install/moveit_resources_pr2_description/share/moveit_resources_pr2_description/urdf/meshes/base_v0/convex/caster.dae
[7.722s] -- Installing: /home/kush/UR5_Project_main/src/install/moveit_resources_pr2_description/share/moveit_resources_pr2_description/urdf/meshes/base_v0/convex/caster_convex.stla
[7.723s] -- Installing: /home/kush/UR5_Project_main/src/install/moveit_resources_pr2_description/share/moveit_resources_pr2_description/urdf/meshes/base_v0/convex/base_convex.stla
[7.724s] -- Installing: /home/kush/UR5_Project_main/src/install/moveit_resources_pr2_description/share/moveit_resources_pr2_description/urdf/meshes/base_v0/convex/base_L_convex.stlb
[7.724s] -- Installing: /home/kush/UR5_Project_main/src/install/moveit_resources_pr2_description/share/moveit_resources_pr2_description/urdf/meshes/base_v0/convex/wheel_convex.stla
[7.725s] -- Installing: /home/kush/UR5_Project_main/src/install/moveit_resources_pr2_description/share/moveit_resources_pr2_description/urdf/meshes/base_v0/convex/wheel_convex.stlb
[7.742s] -- Installing: /home/kush/UR5_Project_main/src/install/moveit_resources_pr2_description/share/moveit_resources_pr2_description/urdf/meshes/base_v0/convex/base_L.xml
[7.744s] -- Installing: /home/kush/UR5_Project_main/src/install/moveit_resources_pr2_description/share/moveit_resources_pr2_description/urdf/meshes/base_v0/convex/base.xml
[7.745s] -- Installing: /home/kush/UR5_Project_main/src/install/moveit_resources_pr2_description/share/moveit_resources_pr2_description/urdf/meshes/base_v0/convex/wheel.xml
[7.747s] -- Installing: /home/kush/UR5_Project_main/src/install/moveit_resources_pr2_description/share/moveit_resources_pr2_description/urdf/meshes/base_v0/convex/caster_L.dae
[7.748s] -- Installing: /home/kush/UR5_Project_main/src/install/moveit_resources_pr2_description/share/moveit_resources_pr2_description/urdf/meshes/base_v0/convex/pr2_wheel_convex.stla
[7.749s] -- Installing: /home/kush/UR5_Project_main/src/install/moveit_resources_pr2_description/share/moveit_resources_pr2_description/urdf/meshes/base_v0/convex/pr2_wheel.xml
[7.749s] -- Installing: /home/kush/UR5_Project_main/src/install/moveit_resources_pr2_description/share/moveit_resources_pr2_description/urdf/meshes/base_v0/convex/caster_convex.stlb
[7.750s] -- Installing: /home/kush/UR5_Project_main/src/install/moveit_resources_pr2_description/share/moveit_resources_pr2_description/urdf/meshes/base_v0/convex/caster.xml
[7.751s] -- Installing: /home/kush/UR5_Project_main/src/install/moveit_resources_pr2_description/share/moveit_resources_pr2_description/urdf/meshes/base_v0/convex/pr2_wheel.dae
[7.752s] -- Installing: /home/kush/UR5_Project_main/src/install/moveit_resources_pr2_description/share/moveit_resources_pr2_description/urdf/meshes/base_v0/convex/pr2_wheel_convex.stlb
[7.756s] -- Installing: /home/kush/UR5_Project_main/src/install/moveit_resources_pr2_description/share/moveit_resources_pr2_description/urdf/meshes/base_v0/convex/wheel.dae
[7.757s] -- Installing: /home/kush/UR5_Project_main/src/install/moveit_resources_pr2_description/share/moveit_resources_pr2_description/urdf/meshes/base_v0/convex/caster_L_convex.stla
[7.758s] -- Installing: /home/kush/UR5_Project_main/src/install/moveit_resources_pr2_description/share/moveit_resources_pr2_description/urdf/meshes/base_v0/convex/base.dae
[7.772s] -- Installing: /home/kush/UR5_Project_main/src/install/moveit_resources_pr2_description/share/moveit_resources_pr2_description/urdf/meshes/base_v0/convex/base_L.dae
[7.774s] -- Installing: /home/kush/UR5_Project_main/src/install/moveit_resources_pr2_description/share/moveit_resources_pr2_description/urdf/meshes/base_v0/convex/base_convex.stlb
[7.776s] -- Installing: /home/kush/UR5_Project_main/src/install/moveit_resources_pr2_description/share/moveit_resources_pr2_description/urdf/meshes/base_v0/wheel.dae
[7.783s] -- Installing: /home/kush/UR5_Project_main/src/install/moveit_resources_pr2_description/share/moveit_resources_pr2_description/urdf/meshes/base_v0/base_L.stl
[7.793s] -- Installing: /home/kush/UR5_Project_main/src/install/moveit_resources_pr2_description/share/moveit_resources_pr2_description/urdf/meshes/base_v0/base.dae
[7.808s] -- Installing: /home/kush/UR5_Project_main/src/install/moveit_resources_pr2_description/share/moveit_resources_pr2_description/urdf/meshes/shoulder_v0
[7.809s] -- Installing: /home/kush/UR5_Project_main/src/install/moveit_resources_pr2_description/share/moveit_resources_pr2_description/urdf/meshes/shoulder_v0/upper_arm_roll_normals.tif
[7.897s] -- Installing: /home/kush/UR5_Project_main/src/install/moveit_resources_pr2_description/share/moveit_resources_pr2_description/urdf/meshes/shoulder_v0/shoulder_pan_color.tif
[8.171s] -- Installing: /home/kush/UR5_Project_main/src/install/moveit_resources_pr2_description/share/moveit_resources_pr2_description/urdf/meshes/shoulder_v0/shoulder_yaw.stl
[8.255s] -- Installing: /home/kush/UR5_Project_main/src/install/moveit_resources_pr2_description/share/moveit_resources_pr2_description/urdf/meshes/shoulder_v0/shoulder_lift_color.tif
[8.331s] -- Installing: /home/kush/UR5_Project_main/src/install/moveit_resources_pr2_description/share/moveit_resources_pr2_description/urdf/meshes/shoulder_v0/upper_arm_roll.stl
[8.389s] -- Installing: /home/kush/UR5_Project_main/src/install/moveit_resources_pr2_description/share/moveit_resources_pr2_description/urdf/meshes/shoulder_v0/shoulder_lift.dae
[8.457s] -- Installing: /home/kush/UR5_Project_main/src/install/moveit_resources_pr2_description/share/moveit_resources_pr2_description/urdf/meshes/shoulder_v0/upper_arm_roll.dae
[8.500s] -- Installing: /home/kush/UR5_Project_main/src/install/moveit_resources_pr2_description/share/moveit_resources_pr2_description/urdf/meshes/shoulder_v0/shoulder_pan.stl
[8.564s] -- Installing: /home/kush/UR5_Project_main/src/install/moveit_resources_pr2_description/share/moveit_resources_pr2_description/urdf/meshes/shoulder_v0/upper_arm_roll_color.tif
[8.590s] -- Installing: /home/kush/UR5_Project_main/src/install/moveit_resources_pr2_description/share/moveit_resources_pr2_description/urdf/meshes/shoulder_v0/shoulder_pan_normals.tif
[8.674s] -- Installing: /home/kush/UR5_Project_main/src/install/moveit_resources_pr2_description/share/moveit_resources_pr2_description/urdf/meshes/shoulder_v0/shoulder_lift.stl
[8.702s] -- Installing: /home/kush/UR5_Project_main/src/install/moveit_resources_pr2_description/share/moveit_resources_pr2_description/urdf/meshes/shoulder_v0/shoulder_lift_normals.tif
[8.775s] -- Installing: /home/kush/UR5_Project_main/src/install/moveit_resources_pr2_description/share/moveit_resources_pr2_description/urdf/meshes/shoulder_v0/convex
[8.776s] -- Installing: /home/kush/UR5_Project_main/src/install/moveit_resources_pr2_description/share/moveit_resources_pr2_description/urdf/meshes/shoulder_v0/convex/shoulder_lift_convex.stlb
[8.783s] -- Installing: /home/kush/UR5_Project_main/src/install/moveit_resources_pr2_description/share/moveit_resources_pr2_description/urdf/meshes/shoulder_v0/convex/shoulder_lift_convex.stla
[8.812s] -- Installing: /home/kush/UR5_Project_main/src/install/moveit_resources_pr2_description/share/moveit_resources_pr2_description/urdf/meshes/shoulder_v0/convex/shoulder_lift.dae
[8.846s] -- Installing: /home/kush/UR5_Project_main/src/install/moveit_resources_pr2_description/share/moveit_resources_pr2_description/urdf/meshes/shoulder_v0/convex/upper_arm_roll.dae
[8.885s] -- Installing: /home/kush/UR5_Project_main/src/install/moveit_resources_pr2_description/share/moveit_resources_pr2_description/urdf/meshes/shoulder_v0/convex/shoulder_pan.xml
[8.895s] -- Installing: /home/kush/UR5_Project_main/src/install/moveit_resources_pr2_description/share/moveit_resources_pr2_description/urdf/meshes/shoulder_v0/convex/upper_arm_roll_L_convex.stla
[8.912s] -- Installing: /home/kush/UR5_Project_main/src/install/moveit_resources_pr2_description/share/moveit_resources_pr2_description/urdf/meshes/shoulder_v0/convex/upper_arm_roll_convex.stlb
[8.913s] -- Installing: /home/kush/UR5_Project_main/src/install/moveit_resources_pr2_description/share/moveit_resources_pr2_description/urdf/meshes/shoulder_v0/convex/shoulder_yaw.dae
[8.985s] -- Installing: /home/kush/UR5_Project_main/src/install/moveit_resources_pr2_description/share/moveit_resources_pr2_description/urdf/meshes/shoulder_v0/convex/shoulder_yaw_convex.stlb
[9.023s] -- Installing: /home/kush/UR5_Project_main/src/install/moveit_resources_pr2_description/share/moveit_resources_pr2_description/urdf/meshes/shoulder_v0/convex/shoulder_lift.xml
[9.036s] -- Installing: /home/kush/UR5_Project_main/src/install/moveit_resources_pr2_description/share/moveit_resources_pr2_description/urdf/meshes/shoulder_v0/convex/upper_arm_roll_L.xml
[9.036s] -- Installing: /home/kush/UR5_Project_main/src/install/moveit_resources_pr2_description/share/moveit_resources_pr2_description/urdf/meshes/shoulder_v0/convex/upper_arm_roll_L.dae
[9.037s] -- Installing: /home/kush/UR5_Project_main/src/install/moveit_resources_pr2_description/share/moveit_resources_pr2_description/urdf/meshes/shoulder_v0/convex/upper_arm_roll.xml
[9.037s] -- Installing: /home/kush/UR5_Project_main/src/install/moveit_resources_pr2_description/share/moveit_resources_pr2_description/urdf/meshes/shoulder_v0/convex/shoulder_pan_convex.stlb
[9.037s] -- Installing: /home/kush/UR5_Project_main/src/install/moveit_resources_pr2_description/share/moveit_resources_pr2_description/urdf/meshes/shoulder_v0/convex/shoulder_pan_convex.stla
[9.038s] -- Installing: /home/kush/UR5_Project_main/src/install/moveit_resources_pr2_description/share/moveit_resources_pr2_description/urdf/meshes/shoulder_v0/convex/upper_arm_roll_convex.stla
[9.038s] -- Installing: /home/kush/UR5_Project_main/src/install/moveit_resources_pr2_description/share/moveit_resources_pr2_description/urdf/meshes/shoulder_v0/convex/shoulder_yaw_convex.stla
[9.039s] -- Installing: /home/kush/UR5_Project_main/src/install/moveit_resources_pr2_description/share/moveit_resources_pr2_description/urdf/meshes/shoulder_v0/convex/shoulder_yaw.xml
[9.040s] -- Installing: /home/kush/UR5_Project_main/src/install/moveit_resources_pr2_description/share/moveit_resources_pr2_description/urdf/meshes/shoulder_v0/convex/upper_arm_roll_L_convex.stlb
[9.040s] -- Installing: /home/kush/UR5_Project_main/src/install/moveit_resources_pr2_description/share/moveit_resources_pr2_description/urdf/meshes/shoulder_v0/convex/shoulder_pan.dae
[9.041s] -- Installing: /home/kush/UR5_Project_main/src/install/moveit_resources_pr2_description/share/moveit_resources_pr2_description/urdf/meshes/shoulder_v0/upper_arm_roll_L.stl
[9.042s] -- Installing: /home/kush/UR5_Project_main/src/install/moveit_resources_pr2_description/share/moveit_resources_pr2_description/urdf/meshes/shoulder_v0/shoulder_pan.dae
[9.043s] -- Installing: /home/kush/UR5_Project_main/src/install/moveit_resources_pr2_description/share/moveit_resources_pr2_description/urdf/meshes/head_v0
[9.043s] -- Installing: /home/kush/UR5_Project_main/src/install/moveit_resources_pr2_description/share/moveit_resources_pr2_description/urdf/meshes/head_v0/head_tilt_color_yellow.tif
[9.093s] -- Installing: /home/kush/UR5_Project_main/src/install/moveit_resources_pr2_description/share/moveit_resources_pr2_description/urdf/meshes/head_v0/head_pan.stl
[9.120s] -- Installing: /home/kush/UR5_Project_main/src/install/moveit_resources_pr2_description/share/moveit_resources_pr2_description/urdf/meshes/head_v0/head_pan_L.stl
[9.121s] -- Installing: /home/kush/UR5_Project_main/src/install/moveit_resources_pr2_description/share/moveit_resources_pr2_description/urdf/meshes/head_v0/head_tilt_color.tif
[9.875s] -- Installing: /home/kush/UR5_Project_main/src/install/moveit_resources_pr2_description/share/moveit_resources_pr2_description/urdf/meshes/head_v0/head_tilt.stl
[9.919s] -- Installing: /home/kush/UR5_Project_main/src/install/moveit_resources_pr2_description/share/moveit_resources_pr2_description/urdf/meshes/head_v0/head_tilt_color_red.tif
[9.972s] -- Installing: /home/kush/UR5_Project_main/src/install/moveit_resources_pr2_description/share/moveit_resources_pr2_description/urdf/meshes/head_v0/head_pan_color.tif
[10.036s] -- Installing: /home/kush/UR5_Project_main/src/install/moveit_resources_pr2_description/share/moveit_resources_pr2_description/urdf/meshes/head_v0/head_tilt_normals.tif
[10.164s] -- Installing: /home/kush/UR5_Project_main/src/install/moveit_resources_pr2_description/share/moveit_resources_pr2_description/urdf/meshes/head_v0/convex
[10.165s] -- Installing: /home/kush/UR5_Project_main/src/install/moveit_resources_pr2_description/share/moveit_resources_pr2_description/urdf/meshes/head_v0/convex/head_pan_L_convex.stlb
[10.192s] -- Installing: /home/kush/UR5_Project_main/src/install/moveit_resources_pr2_description/share/moveit_resources_pr2_description/urdf/meshes/head_v0/convex/head_pan_convex.stla
[10.242s] -- Installing: /home/kush/UR5_Project_main/src/install/moveit_resources_pr2_description/share/moveit_resources_pr2_description/urdf/meshes/head_v0/convex/head_tilt_L_convex.stla
[10.286s] -- Installing: /home/kush/UR5_Project_main/src/install/moveit_resources_pr2_description/share/moveit_resources_pr2_description/urdf/meshes/head_v0/convex/head_pan_L_convex.stla
[10.312s] -- Installing: /home/kush/UR5_Project_main/src/install/moveit_resources_pr2_description/share/moveit_resources_pr2_description/urdf/meshes/head_v0/convex/head_pan.xml
[10.314s] -- Installing: /home/kush/UR5_Project_main/src/install/moveit_resources_pr2_description/share/moveit_resources_pr2_description/urdf/meshes/head_v0/convex/head_tilt_L.xml
[10.314s] -- Installing: /home/kush/UR5_Project_main/src/install/moveit_resources_pr2_description/share/moveit_resources_pr2_description/urdf/meshes/head_v0/convex/head_pan_L.xml
[10.314s] -- Installing: /home/kush/UR5_Project_main/src/install/moveit_resources_pr2_description/share/moveit_resources_pr2_description/urdf/meshes/head_v0/convex/head_tilt_L_convex.stlb
[10.318s] -- Installing: /home/kush/UR5_Project_main/src/install/moveit_resources_pr2_description/share/moveit_resources_pr2_description/urdf/meshes/head_v0/convex/head_tilt.xml
[10.318s] -- Installing: /home/kush/UR5_Project_main/src/install/moveit_resources_pr2_description/share/moveit_resources_pr2_description/urdf/meshes/head_v0/convex/head_tilt_convex.stla
[10.318s] -- Installing: /home/kush/UR5_Project_main/src/install/moveit_resources_pr2_description/share/moveit_resources_pr2_description/urdf/meshes/head_v0/convex/head_tilt_convex.stlb
[10.319s] -- Installing: /home/kush/UR5_Project_main/src/install/moveit_resources_pr2_description/share/moveit_resources_pr2_description/urdf/meshes/head_v0/convex/head_tilt_L.dae
[10.319s] -- Installing: /home/kush/UR5_Project_main/src/install/moveit_resources_pr2_description/share/moveit_resources_pr2_description/urdf/meshes/head_v0/convex/head_pan_L.dae
[10.319s] -- Installing: /home/kush/UR5_Project_main/src/install/moveit_resources_pr2_description/share/moveit_resources_pr2_description/urdf/meshes/head_v0/convex/head_pan.dae
[10.356s] -- Installing: /home/kush/UR5_Project_main/src/install/moveit_resources_pr2_description/share/moveit_resources_pr2_description/urdf/meshes/head_v0/convex/head_pan_convex.stlb
[10.366s] -- Installing: /home/kush/UR5_Project_main/src/install/moveit_resources_pr2_description/share/moveit_resources_pr2_description/urdf/meshes/head_v0/convex/head_tilt.dae
[10.370s] -- Installing: /home/kush/UR5_Project_main/src/install/moveit_resources_pr2_description/share/moveit_resources_pr2_description/urdf/meshes/head_v0/head_pan_normals.tif
[10.592s] -- Installing: /home/kush/UR5_Project_main/src/install/moveit_resources_pr2_description/share/moveit_resources_pr2_description/urdf/meshes/head_v0/head_tilt_L.stl
[10.628s] -- Installing: /home/kush/UR5_Project_main/src/install/moveit_resources_pr2_description/share/moveit_resources_pr2_description/urdf/meshes/head_v0/head_tilt_green.tif
[10.682s] -- Installing: /home/kush/UR5_Project_main/src/install/moveit_resources_pr2_description/share/moveit_resources_pr2_description/urdf/meshes/head_v0/head_pan.dae
[10.695s] -- Installing: /home/kush/UR5_Project_main/src/install/moveit_resources_pr2_description/share/moveit_resources_pr2_description/urdf/meshes/head_v0/head_tilt.dae
[10.755s] -- Installing: /home/kush/UR5_Project_main/src/install/moveit_resources_pr2_description/share/moveit_resources_pr2_description/urdf/meshes/tilting_laser_v0
[10.756s] -- Installing: /home/kush/UR5_Project_main/src/install/moveit_resources_pr2_description/share/moveit_resources_pr2_description/urdf/meshes/tilting_laser_v0/tilting_hokuyo_color.tif
[10.823s] -- Installing: /home/kush/UR5_Project_main/src/install/moveit_resources_pr2_description/share/moveit_resources_pr2_description/urdf/meshes/tilting_laser_v0/tilting_hokuyo.stl
[10.856s] -- Installing: /home/kush/UR5_Project_main/src/install/moveit_resources_pr2_description/share/moveit_resources_pr2_description/urdf/meshes/tilting_laser_v0/tilting_hokuyo.dae
[10.886s] -- Installing: /home/kush/UR5_Project_main/src/install/moveit_resources_pr2_description/share/moveit_resources_pr2_description/urdf/meshes/tilting_laser_v0/hok_tilt.stl
[10.936s] -- Installing: /home/kush/UR5_Project_main/src/install/moveit_resources_pr2_description/share/moveit_resources_pr2_description/urdf/meshes/tilting_laser_v0/tilting_hokuyo_normals.tif
[11.021s] -- Installing: /home/kush/UR5_Project_main/src/install/moveit_resources_pr2_description/share/moveit_resources_pr2_description/urdf/meshes/tilting_laser_v0/convex
[11.024s] -- Installing: /home/kush/UR5_Project_main/src/install/moveit_resources_pr2_description/share/moveit_resources_pr2_description/urdf/meshes/tilting_laser_v0/convex/tilting_hokuyo_L_convex.stlb
[11.025s] -- Installing: /home/kush/UR5_Project_main/src/install/moveit_resources_pr2_description/share/moveit_resources_pr2_description/urdf/meshes/tilting_laser_v0/convex/tilting_hokuyo_L.xml
[11.026s] -- Installing: /home/kush/UR5_Project_main/src/install/moveit_resources_pr2_description/share/moveit_resources_pr2_description/urdf/meshes/tilting_laser_v0/convex/hok_tilt_convex.stla
[11.044s] -- Installing: /home/kush/UR5_Project_main/src/install/moveit_resources_pr2_description/share/moveit_resources_pr2_description/urdf/meshes/tilting_laser_v0/convex/tilting_hokuyo.dae
[11.045s] -- Installing: /home/kush/UR5_Project_main/src/install/moveit_resources_pr2_description/share/moveit_resources_pr2_description/urdf/meshes/tilting_laser_v0/convex/hok_tilt_convex.stlb
[11.046s] -- Installing: /home/kush/UR5_Project_main/src/install/moveit_resources_pr2_description/share/moveit_resources_pr2_description/urdf/meshes/tilting_laser_v0/convex/tilting_hokuyo.xml
[11.047s] -- Installing: /home/kush/UR5_Project_main/src/install/moveit_resources_pr2_description/share/moveit_resources_pr2_description/urdf/meshes/tilting_laser_v0/convex/tilting_hokuyo_convex.stla
[11.048s] -- Installing: /home/kush/UR5_Project_main/src/install/moveit_resources_pr2_description/share/moveit_resources_pr2_description/urdf/meshes/tilting_laser_v0/convex/tilting_hokuyo_convex.stlb
[11.048s] -- Installing: /home/kush/UR5_Project_main/src/install/moveit_resources_pr2_description/share/moveit_resources_pr2_description/urdf/meshes/tilting_laser_v0/convex/tilting_hokuyo_L_convex.stla
[11.049s] -- Installing: /home/kush/UR5_Project_main/src/install/moveit_resources_pr2_description/share/moveit_resources_pr2_description/urdf/meshes/tilting_laser_v0/convex/hok_tilt.xml
[11.050s] -- Installing: /home/kush/UR5_Project_main/src/install/moveit_resources_pr2_description/share/moveit_resources_pr2_description/urdf/meshes/tilting_laser_v0/convex/tilting_hokuyo_L.dae
[11.051s] -- Installing: /home/kush/UR5_Project_main/src/install/moveit_resources_pr2_description/share/moveit_resources_pr2_description/urdf/meshes/tilting_laser_v0/convex/hok_tilt.dae
[11.053s] -- Installing: /home/kush/UR5_Project_main/src/install/moveit_resources_pr2_description/share/moveit_resources_pr2_description/urdf/meshes/tilting_laser_v0/tilting_hokuyo_L.stl
[11.054s] -- Installing: /home/kush/UR5_Project_main/src/install/moveit_resources_pr2_description/share/moveit_resources_pr2_description/urdf/meshes/gripper_v0
[11.054s] -- Installing: /home/kush/UR5_Project_main/src/install/moveit_resources_pr2_description/share/moveit_resources_pr2_description/urdf/meshes/gripper_v0/palm_H_Color_100430.tif
[11.064s] -- Installing: /home/kush/UR5_Project_main/src/install/moveit_resources_pr2_description/share/moveit_resources_pr2_description/urdf/meshes/gripper_v0/upper_finger_l.stl
[11.080s] -- Installing: /home/kush/UR5_Project_main/src/install/moveit_resources_pr2_description/share/moveit_resources_pr2_description/urdf/meshes/gripper_v0/palm_H_UV_100430.dae
[11.118s] -- Installing: /home/kush/UR5_Project_main/src/install/moveit_resources_pr2_description/share/moveit_resources_pr2_description/urdf/meshes/gripper_v0/l_finger_tip.stl
[11.176s] -- Installing: /home/kush/UR5_Project_main/src/install/moveit_resources_pr2_description/share/moveit_resources_pr2_description/urdf/meshes/gripper_v0/finger_tip_pad2_r.stl
[11.184s] -- Installing: /home/kush/UR5_Project_main/src/install/moveit_resources_pr2_description/share/moveit_resources_pr2_description/urdf/meshes/gripper_v0/gripper_palm.dae
[11.196s] -- Installing: /home/kush/UR5_Project_main/src/install/moveit_resources_pr2_description/share/moveit_resources_pr2_description/urdf/meshes/gripper_v0/finger_tip_l.stl
[11.203s] -- Installing: /home/kush/UR5_Project_main/src/install/moveit_resources_pr2_description/share/moveit_resources_pr2_description/urdf/meshes/gripper_v0/l_finger_tip_color.tif
[11.217s] -- Installing: /home/kush/UR5_Project_main/src/install/moveit_resources_pr2_description/share/moveit_resources_pr2_description/urdf/meshes/gripper_v0/l_float.dae
[11.222s] -- Installing: /home/kush/UR5_Project_main/src/install/moveit_resources_pr2_description/share/moveit_resources_pr2_description/urdf/meshes/gripper_v0/finger_tip_H_UV_100430.dae
[11.275s] -- Installing: /home/kush/UR5_Project_main/src/install/moveit_resources_pr2_description/share/moveit_resources_pr2_description/urdf/meshes/gripper_v0/finger_tip_pad2_l.stl
[11.278s] -- Installing: /home/kush/UR5_Project_main/src/install/moveit_resources_pr2_description/share/moveit_resources_pr2_description/urdf/meshes/gripper_v0/float_H_UV_100430.dae
[11.394s] -- Installing: /home/kush/UR5_Project_main/src/install/moveit_resources_pr2_description/share/moveit_resources_pr2_description/urdf/meshes/gripper_v0/upper_finger_r.stl
[11.407s] -- Installing: /home/kush/UR5_Project_main/src/install/moveit_resources_pr2_description/share/moveit_resources_pr2_description/urdf/meshes/gripper_v0/l_floating.stl
[11.421s] -- Installing: /home/kush/UR5_Project_main/src/install/moveit_resources_pr2_description/share/moveit_resources_pr2_description/urdf/meshes/gripper_v0/gripper_palm_normals.tif
[11.517s] -- Installing: /home/kush/UR5_Project_main/src/install/moveit_resources_pr2_description/share/moveit_resources_pr2_description/urdf/meshes/gripper_v0/finger_H_UV_100430.dae
[11.607s] -- Installing: /home/kush/UR5_Project_main/src/install/moveit_resources_pr2_description/share/moveit_resources_pr2_description/urdf/meshes/gripper_v0/finger_tip_r.stl
[11.611s] -- Installing: /home/kush/UR5_Project_main/src/install/moveit_resources_pr2_description/share/moveit_resources_pr2_description/urdf/meshes/gripper_v0/l_finger_tip_normals.tif
[11.645s] -- Installing: /home/kush/UR5_Project_main/src/install/moveit_resources_pr2_description/share/moveit_resources_pr2_description/urdf/meshes/gripper_v0/l_finger_color.tif
[11.657s] -- Installing: /home/kush/UR5_Project_main/src/install/moveit_resources_pr2_description/share/moveit_resources_pr2_description/urdf/meshes/gripper_v0/l_float_normals.tif
[11.710s] -- Installing: /home/kush/UR5_Project_main/src/install/moveit_resources_pr2_description/share/moveit_resources_pr2_description/urdf/meshes/gripper_v0/l_finger_tip.dae
[11.741s] -- Installing: /home/kush/UR5_Project_main/src/install/moveit_resources_pr2_description/share/moveit_resources_pr2_description/urdf/meshes/gripper_v0/convex
[11.743s] -- Installing: /home/kush/UR5_Project_main/src/install/moveit_resources_pr2_description/share/moveit_resources_pr2_description/urdf/meshes/gripper_v0/convex/finger_tip_pad2_r_convex.stlb
[11.752s] -- Installing: /home/kush/UR5_Project_main/src/install/moveit_resources_pr2_description/share/moveit_resources_pr2_description/urdf/meshes/gripper_v0/convex/upper_finger_l_convex.stlb
[11.778s] -- Installing: /home/kush/UR5_Project_main/src/install/moveit_resources_pr2_description/share/moveit_resources_pr2_description/urdf/meshes/gripper_v0/convex/l_finger_convex.stlb
[11.809s] -- Installing: /home/kush/UR5_Project_main/src/install/moveit_resources_pr2_description/share/moveit_resources_pr2_description/urdf/meshes/gripper_v0/convex/l_floating.dae
[11.811s] -- Installing: /home/kush/UR5_Project_main/src/install/moveit_resources_pr2_description/share/moveit_resources_pr2_description/urdf/meshes/gripper_v0/convex/finger_tip_l.dae
[11.830s] -- Installing: /home/kush/UR5_Project_main/src/install/moveit_resources_pr2_description/share/moveit_resources_pr2_description/urdf/meshes/gripper_v0/convex/l_floating_convex.stla
[11.831s] -- Installing: /home/kush/UR5_Project_main/src/install/moveit_resources_pr2_description/share/moveit_resources_pr2_description/urdf/meshes/gripper_v0/convex/gripper_palm.dae
[11.834s] -- Installing: /home/kush/UR5_Project_main/src/install/moveit_resources_pr2_description/share/moveit_resources_pr2_description/urdf/meshes/gripper_v0/convex/finger_tip_pad2_l_convex.stla
[11.835s] -- Installing: /home/kush/UR5_Project_main/src/install/moveit_resources_pr2_description/share/moveit_resources_pr2_description/urdf/meshes/gripper_v0/convex/l_finger_tip.xml
[11.839s] -- Installing: /home/kush/UR5_Project_main/src/install/moveit_resources_pr2_description/share/moveit_resources_pr2_description/urdf/meshes/gripper_v0/convex/finger_tip_pad2_r_convex.stla
[11.839s] -- Installing: /home/kush/UR5_Project_main/src/install/moveit_resources_pr2_description/share/moveit_resources_pr2_description/urdf/meshes/gripper_v0/convex/l_finger_convex.stla
[11.839s] -- Installing: /home/kush/UR5_Project_main/src/install/moveit_resources_pr2_description/share/moveit_resources_pr2_description/urdf/meshes/gripper_v0/convex/gripper_palm.xml
[11.840s] -- Installing: /home/kush/UR5_Project_main/src/install/moveit_resources_pr2_description/share/moveit_resources_pr2_description/urdf/meshes/gripper_v0/convex/finger_tip_pad2_r.xml
[11.842s] -- Installing: /home/kush/UR5_Project_main/src/install/moveit_resources_pr2_description/share/moveit_resources_pr2_description/urdf/meshes/gripper_v0/convex/finger_tip_r.dae
[11.843s] -- Installing: /home/kush/UR5_Project_main/src/install/moveit_resources_pr2_description/share/moveit_resources_pr2_description/urdf/meshes/gripper_v0/convex/upper_finger_l_convex.stla
[11.844s] -- Installing: /home/kush/UR5_Project_main/src/install/moveit_resources_pr2_description/share/moveit_resources_pr2_description/urdf/meshes/gripper_v0/convex/gripper_palm_convex.stla
[11.844s] -- Installing: /home/kush/UR5_Project_main/src/install/moveit_resources_pr2_description/share/moveit_resources_pr2_description/urdf/meshes/gripper_v0/convex/finger_tip_r.xml
[11.844s] -- Installing: /home/kush/UR5_Project_main/src/install/moveit_resources_pr2_description/share/moveit_resources_pr2_description/urdf/meshes/gripper_v0/convex/upper_finger_l.dae
[11.844s] -- Installing: /home/kush/UR5_Project_main/src/install/moveit_resources_pr2_description/share/moveit_resources_pr2_description/urdf/meshes/gripper_v0/convex/upper_finger_r_convex.stla
[11.845s] -- Installing: /home/kush/UR5_Project_main/src/install/moveit_resources_pr2_description/share/moveit_resources_pr2_description/urdf/meshes/gripper_v0/convex/l_finger_tip_convex.stlb
[11.850s] -- Installing: /home/kush/UR5_Project_main/src/install/moveit_resources_pr2_description/share/moveit_resources_pr2_description/urdf/meshes/gripper_v0/convex/l_floating_convex.stlb
[11.858s] -- Installing: /home/kush/UR5_Project_main/src/install/moveit_resources_pr2_description/share/moveit_resources_pr2_description/urdf/meshes/gripper_v0/convex/l_finger_tip.dae
[11.860s] -- Installing: /home/kush/UR5_Project_main/src/install/moveit_resources_pr2_description/share/moveit_resources_pr2_description/urdf/meshes/gripper_v0/convex/upper_finger_r_convex.stlb
[11.860s] -- Installing: /home/kush/UR5_Project_main/src/install/moveit_resources_pr2_description/share/moveit_resources_pr2_description/urdf/meshes/gripper_v0/convex/finger_tip_l_convex.stlb
[12.339s] -- Installing: /home/kush/UR5_Project_main/src/install/moveit_resources_pr2_description/share/moveit_resources_pr2_description/urdf/meshes/gripper_v0/convex/finger_tip_pad2_l.xml
[12.364s] -- Installing: /home/kush/UR5_Project_main/src/install/moveit_resources_pr2_description/share/moveit_resources_pr2_description/urdf/meshes/gripper_v0/convex/finger_tip_pad2_l.dae
[12.370s] -- Installing: /home/kush/UR5_Project_main/src/install/moveit_resources_pr2_description/share/moveit_resources_pr2_description/urdf/meshes/gripper_v0/convex/upper_finger_r.xml
[12.400s] -- Installing: /home/kush/UR5_Project_main/src/install/moveit_resources_pr2_description/share/moveit_resources_pr2_description/urdf/meshes/gripper_v0/convex/finger_tip_r_convex.stlb
[12.407s] -- Installing: /home/kush/UR5_Project_main/src/install/moveit_resources_pr2_description/share/moveit_resources_pr2_description/urdf/meshes/gripper_v0/convex/finger_tip_l_convex.stla
[12.416s] -- Installing: /home/kush/UR5_Project_main/src/install/moveit_resources_pr2_description/share/moveit_resources_pr2_description/urdf/meshes/gripper_v0/convex/gripper_palm_convex.stlb
[12.430s] -- Installing: /home/kush/UR5_Project_main/src/install/moveit_resources_pr2_description/share/moveit_resources_pr2_description/urdf/meshes/gripper_v0/convex/upper_finger_l.xml
[12.442s] -- Installing: /home/kush/UR5_Project_main/src/install/moveit_resources_pr2_description/share/moveit_resources_pr2_description/urdf/meshes/gripper_v0/convex/upper_finger_r.dae
[12.888s] -- Installing: /home/kush/UR5_Project_main/src/install/moveit_resources_pr2_description/share/moveit_resources_pr2_description/urdf/meshes/gripper_v0/convex/l_finger.dae
[12.898s] -- Installing: /home/kush/UR5_Project_main/src/install/moveit_resources_pr2_description/share/moveit_resources_pr2_description/urdf/meshes/gripper_v0/convex/finger_tip_pad2_l_convex.stlb
[12.910s] -- Installing: /home/kush/UR5_Project_main/src/install/moveit_resources_pr2_description/share/moveit_resources_pr2_description/urdf/meshes/gripper_v0/convex/l_finger.xml
[12.912s] -- Installing: /home/kush/UR5_Project_main/src/install/moveit_resources_pr2_description/share/moveit_resources_pr2_description/urdf/meshes/gripper_v0/convex/l_finger_tip_convex.stla
[12.929s] -- Installing: /home/kush/UR5_Project_main/src/install/moveit_resources_pr2_description/share/moveit_resources_pr2_description/urdf/meshes/gripper_v0/convex/finger_tip_pad2_r.dae
[12.950s] -- Installing: /home/kush/UR5_Project_main/src/install/moveit_resources_pr2_description/share/moveit_resources_pr2_description/urdf/meshes/gripper_v0/convex/finger_tip_r_convex.stla
[12.952s] -- Installing: /home/kush/UR5_Project_main/src/install/moveit_resources_pr2_description/share/moveit_resources_pr2_description/urdf/meshes/gripper_v0/convex/finger_tip_l.xml
[12.971s] -- Installing: /home/kush/UR5_Project_main/src/install/moveit_resources_pr2_description/share/moveit_resources_pr2_description/urdf/meshes/gripper_v0/convex/l_floating.xml
[12.996s] -- Installing: /home/kush/UR5_Project_main/src/install/moveit_resources_pr2_description/share/moveit_resources_pr2_description/urdf/meshes/gripper_v0/gripper_palm.stl
[13.050s] -- Installing: /home/kush/UR5_Project_main/src/install/moveit_resources_pr2_description/share/moveit_resources_pr2_description/urdf/meshes/gripper_v0/finger_H_Color_100430.tif
[13.111s] -- Installing: /home/kush/UR5_Project_main/src/install/moveit_resources_pr2_description/share/moveit_resources_pr2_description/urdf/meshes/gripper_v0/gripper_palm_color.tif
[13.165s] -- Installing: /home/kush/UR5_Project_main/src/install/moveit_resources_pr2_description/share/moveit_resources_pr2_description/urdf/meshes/gripper_v0/l_finger_normals.tif
[14.237s] -- Installing: /home/kush/UR5_Project_main/src/install/moveit_resources_pr2_description/share/moveit_resources_pr2_description/urdf/meshes/gripper_v0/l_finger.dae
[14.250s] -- Installing: /home/kush/UR5_Project_main/src/install/moveit_resources_pr2_description/share/moveit_resources_pr2_description/urdf/meshes/gripper_v0/l_finger.stl
[14.373s] -- Installing: /home/kush/UR5_Project_main/src/install/moveit_resources_pr2_description/share/moveit_resources_pr2_description/urdf/meshes/gripper_v0/float_H_Color_100430.tif
[14.980s] -- Installing: /home/kush/UR5_Project_main/src/install/moveit_resources_pr2_description/share/moveit_resources_pr2_description/urdf/meshes/gripper_v0/fingertip_H_Color_100430.tif
[14.987s] -- Installing: /home/kush/UR5_Project_main/src/install/moveit_resources_pr2_description/share/moveit_resources_pr2_description/urdf/meshes/gripper_v0/l_float_color.tif
[15.074s] -- Installing: /home/kush/UR5_Project_main/src/install/moveit_resources_pr2_description/share/moveit_resources_pr2_description/urdf/robot.xml
[15.100s] -- Installing: /home/kush/UR5_Project_main/src/install/moveit_resources_pr2_description/share/moveit_resources_pr2_description/kinect.dae
[15.447s] Invoked command in '/home/kush/UR5_Project_main/src/build/moveit_resources_pr2_description' returned '0': CMAKE_PREFIX_PATH=${CMAKE_PREFIX_PATH}:/home/kush/UR5_Project_main/install/moveit_configs_utils:/home/kush/UR5_Project_main/install/launch_param_builder:/home/kush/ws_moveit2_ur5/install/moveit_configs_utils:/home/kush/ws_moveit2_ur5/install/launch_param_builder:/opt/ros/humble /usr/bin/cmake --install /home/kush/UR5_Project_main/src/build/moveit_resources_pr2_description
