[0.110s] Invoking command in '/home/kush/UR5_Project_main/build/moveit_task_constructor_msgs': CMAKE_PREFIX_PATH=${CMAKE_PREFIX_PATH}:/home/kush/ws_moveit2_ur5/install/moveit_configs_utils:/home/kush/ws_moveit2_ur5/install/launch_param_builder:/opt/ros/humble /usr/bin/cmake --build /home/kush/UR5_Project_main/build/moveit_task_constructor_msgs -- -j4 -l4
[1.976s] [  0%] Built target moveit_task_constructor_msgs__cpp
[2.025s] [  0%] Built target ament_cmake_python_copy_moveit_task_constructor_msgs
[2.867s] [ 12%] Built target moveit_task_constructor_msgs__rosidl_generator_c
[3.072s] [ 25%] Built target moveit_task_constructor_msgs__rosidl_typesupport_fastrtps_cpp
[3.079s] [ 35%] Built target moveit_task_constructor_msgs__rosidl_typesupport_cpp
[3.082s] [ 47%] Built target moveit_task_constructor_msgs__rosidl_typesupport_introspection_cpp
[3.737s] [ 59%] Built target moveit_task_constructor_msgs__rosidl_typesupport_c
[3.869s] running egg_info
[3.875s] writing moveit_task_constructor_msgs.egg-info/PKG-INFO
[3.875s] writing dependency_links to moveit_task_constructor_msgs.egg-info/dependency_links.txt
[3.876s] writing top-level names to moveit_task_constructor_msgs.egg-info/top_level.txt
[3.878s] reading manifest file 'moveit_task_constructor_msgs.egg-info/SOURCES.txt'
[3.922s] [ 71%] Built target moveit_task_constructor_msgs__rosidl_typesupport_introspection_c
[3.928s] writing manifest file 'moveit_task_constructor_msgs.egg-info/SOURCES.txt'
[3.999s] [ 71%] Built target ament_cmake_python_build_moveit_task_constructor_msgs_egg
[4.092s] [ 83%] Built target moveit_task_constructor_msgs__rosidl_typesupport_fastrtps_c
[4.232s] [ 83%] Built target moveit_task_constructor_msgs
[4.520s] [ 84%] Built target moveit_task_constructor_msgs__py
[4.974s] [ 95%] Built target moveit_task_constructor_msgs__rosidl_generator_py
[5.272s] [ 97%] Built target moveit_task_constructor_msgs__rosidl_typesupport_introspection_c__pyext
[5.280s] [ 99%] Built target moveit_task_constructor_msgs__rosidl_typesupport_fastrtps_c__pyext
[5.330s] [100%] Built target moveit_task_constructor_msgs__rosidl_typesupport_c__pyext
[5.378s] Invoked command in '/home/kush/UR5_Project_main/build/moveit_task_constructor_msgs' returned '0': CMAKE_PREFIX_PATH=${CMAKE_PREFIX_PATH}:/home/kush/ws_moveit2_ur5/install/moveit_configs_utils:/home/kush/ws_moveit2_ur5/install/launch_param_builder:/opt/ros/humble /usr/bin/cmake --build /home/kush/UR5_Project_main/build/moveit_task_constructor_msgs -- -j4 -l4
[6.629s] Invoking command in '/home/kush/UR5_Project_main/build/moveit_task_constructor_msgs': CMAKE_PREFIX_PATH=${CMAKE_PREFIX_PATH}:/home/kush/ws_moveit2_ur5/install/moveit_configs_utils:/home/kush/ws_moveit2_ur5/install/launch_param_builder:/opt/ros/humble /usr/bin/cmake --install /home/kush/UR5_Project_main/build/moveit_task_constructor_msgs
[6.703s] -- Install configuration: "Release"
[6.704s] -- Up-to-date: /home/kush/UR5_Project_main/install/moveit_task_constructor_msgs/share/ament_index/resource_index/rosidl_interfaces/moveit_task_constructor_msgs
[6.704s] -- Up-to-date: /home/kush/UR5_Project_main/install/moveit_task_constructor_msgs/include/moveit_task_constructor_msgs/moveit_task_constructor_msgs
[6.704s] -- Up-to-date: /home/kush/UR5_Project_main/install/moveit_task_constructor_msgs/include/moveit_task_constructor_msgs/moveit_task_constructor_msgs/srv
[6.704s] -- Up-to-date: /home/kush/UR5_Project_main/install/moveit_task_constructor_msgs/include/moveit_task_constructor_msgs/moveit_task_constructor_msgs/srv/detail
[6.704s] -- Up-to-date: /home/kush/UR5_Project_main/install/moveit_task_constructor_msgs/include/moveit_task_constructor_msgs/moveit_task_constructor_msgs/srv/detail/get_solution__functions.c
[6.705s] -- Up-to-date: /home/kush/UR5_Project_main/install/moveit_task_constructor_msgs/include/moveit_task_constructor_msgs/moveit_task_constructor_msgs/srv/detail/get_solution__type_support.h
[6.705s] -- Up-to-date: /home/kush/UR5_Project_main/install/moveit_task_constructor_msgs/include/moveit_task_constructor_msgs/moveit_task_constructor_msgs/srv/detail/get_solution__functions.h
[6.705s] -- Up-to-date: /home/kush/UR5_Project_main/install/moveit_task_constructor_msgs/include/moveit_task_constructor_msgs/moveit_task_constructor_msgs/srv/detail/get_solution__struct.h
[6.705s] -- Up-to-date: /home/kush/UR5_Project_main/install/moveit_task_constructor_msgs/include/moveit_task_constructor_msgs/moveit_task_constructor_msgs/srv/get_solution.h
[6.705s] -- Up-to-date: /home/kush/UR5_Project_main/install/moveit_task_constructor_msgs/include/moveit_task_constructor_msgs/moveit_task_constructor_msgs/msg
[6.705s] -- Up-to-date: /home/kush/UR5_Project_main/install/moveit_task_constructor_msgs/include/moveit_task_constructor_msgs/moveit_task_constructor_msgs/msg/rosidl_generator_c__visibility_control.h
[6.706s] -- Up-to-date: /home/kush/UR5_Project_main/install/moveit_task_constructor_msgs/include/moveit_task_constructor_msgs/moveit_task_constructor_msgs/msg/property.h
[6.706s] -- Up-to-date: /home/kush/UR5_Project_main/install/moveit_task_constructor_msgs/include/moveit_task_constructor_msgs/moveit_task_constructor_msgs/msg/task_description.h
[6.706s] -- Up-to-date: /home/kush/UR5_Project_main/install/moveit_task_constructor_msgs/include/moveit_task_constructor_msgs/moveit_task_constructor_msgs/msg/solution.h
[6.707s] -- Up-to-date: /home/kush/UR5_Project_main/install/moveit_task_constructor_msgs/include/moveit_task_constructor_msgs/moveit_task_constructor_msgs/msg/solution_info.h
[6.707s] -- Up-to-date: /home/kush/UR5_Project_main/install/moveit_task_constructor_msgs/include/moveit_task_constructor_msgs/moveit_task_constructor_msgs/msg/stage_statistics.h
[6.707s] -- Up-to-date: /home/kush/UR5_Project_main/install/moveit_task_constructor_msgs/include/moveit_task_constructor_msgs/moveit_task_constructor_msgs/msg/sub_solution.h
[6.707s] -- Up-to-date: /home/kush/UR5_Project_main/install/moveit_task_constructor_msgs/include/moveit_task_constructor_msgs/moveit_task_constructor_msgs/msg/task_statistics.h
[6.707s] -- Up-to-date: /home/kush/UR5_Project_main/install/moveit_task_constructor_msgs/include/moveit_task_constructor_msgs/moveit_task_constructor_msgs/msg/sub_trajectory.h
[6.707s] -- Up-to-date: /home/kush/UR5_Project_main/install/moveit_task_constructor_msgs/include/moveit_task_constructor_msgs/moveit_task_constructor_msgs/msg/detail
[6.708s] -- Up-to-date: /home/kush/UR5_Project_main/install/moveit_task_constructor_msgs/include/moveit_task_constructor_msgs/moveit_task_constructor_msgs/msg/detail/stage_statistics__functions.c
[6.708s] -- Up-to-date: /home/kush/UR5_Project_main/install/moveit_task_constructor_msgs/include/moveit_task_constructor_msgs/moveit_task_constructor_msgs/msg/detail/task_description__functions.c
[6.708s] -- Up-to-date: /home/kush/UR5_Project_main/install/moveit_task_constructor_msgs/include/moveit_task_constructor_msgs/moveit_task_constructor_msgs/msg/detail/stage_statistics__struct.h
[6.708s] -- Up-to-date: /home/kush/UR5_Project_main/install/moveit_task_constructor_msgs/include/moveit_task_constructor_msgs/moveit_task_constructor_msgs/msg/detail/solution__struct.h
[6.708s] -- Up-to-date: /home/kush/UR5_Project_main/install/moveit_task_constructor_msgs/include/moveit_task_constructor_msgs/moveit_task_constructor_msgs/msg/detail/solution__functions.c
[6.708s] -- Up-to-date: /home/kush/UR5_Project_main/install/moveit_task_constructor_msgs/include/moveit_task_constructor_msgs/moveit_task_constructor_msgs/msg/detail/sub_trajectory__struct.h
[6.708s] -- Up-to-date: /home/kush/UR5_Project_main/install/moveit_task_constructor_msgs/include/moveit_task_constructor_msgs/moveit_task_constructor_msgs/msg/detail/solution_info__functions.h
[6.709s] -- Up-to-date: /home/kush/UR5_Project_main/install/moveit_task_constructor_msgs/include/moveit_task_constructor_msgs/moveit_task_constructor_msgs/msg/detail/sub_trajectory__type_support.h
[6.709s] -- Up-to-date: /home/kush/UR5_Project_main/install/moveit_task_constructor_msgs/include/moveit_task_constructor_msgs/moveit_task_constructor_msgs/msg/detail/stage_description__functions.c
[6.709s] -- Up-to-date: /home/kush/UR5_Project_main/install/moveit_task_constructor_msgs/include/moveit_task_constructor_msgs/moveit_task_constructor_msgs/msg/detail/sub_trajectory__functions.c
[6.709s] -- Up-to-date: /home/kush/UR5_Project_main/install/moveit_task_constructor_msgs/include/moveit_task_constructor_msgs/moveit_task_constructor_msgs/msg/detail/sub_solution__functions.h
[6.709s] -- Up-to-date: /home/kush/UR5_Project_main/install/moveit_task_constructor_msgs/include/moveit_task_constructor_msgs/moveit_task_constructor_msgs/msg/detail/task_description__type_support.h
[6.709s] -- Up-to-date: /home/kush/UR5_Project_main/install/moveit_task_constructor_msgs/include/moveit_task_constructor_msgs/moveit_task_constructor_msgs/msg/detail/task_statistics__functions.h
[6.710s] -- Up-to-date: /home/kush/UR5_Project_main/install/moveit_task_constructor_msgs/include/moveit_task_constructor_msgs/moveit_task_constructor_msgs/msg/detail/property__type_support.h
[6.710s] -- Up-to-date: /home/kush/UR5_Project_main/install/moveit_task_constructor_msgs/include/moveit_task_constructor_msgs/moveit_task_constructor_msgs/msg/detail/sub_solution__struct.h
[6.710s] -- Up-to-date: /home/kush/UR5_Project_main/install/moveit_task_constructor_msgs/include/moveit_task_constructor_msgs/moveit_task_constructor_msgs/msg/detail/task_description__struct.h
[6.710s] -- Up-to-date: /home/kush/UR5_Project_main/install/moveit_task_constructor_msgs/include/moveit_task_constructor_msgs/moveit_task_constructor_msgs/msg/detail/sub_solution__type_support.h
[6.710s] -- Up-to-date: /home/kush/UR5_Project_main/install/moveit_task_constructor_msgs/include/moveit_task_constructor_msgs/moveit_task_constructor_msgs/msg/detail/task_description__functions.h
[6.710s] -- Up-to-date: /home/kush/UR5_Project_main/install/moveit_task_constructor_msgs/include/moveit_task_constructor_msgs/moveit_task_constructor_msgs/msg/detail/solution_info__struct.h
[6.711s] -- Up-to-date: /home/kush/UR5_Project_main/install/moveit_task_constructor_msgs/include/moveit_task_constructor_msgs/moveit_task_constructor_msgs/msg/detail/task_statistics__struct.h
[6.711s] -- Up-to-date: /home/kush/UR5_Project_main/install/moveit_task_constructor_msgs/include/moveit_task_constructor_msgs/moveit_task_constructor_msgs/msg/detail/stage_description__type_support.h
[6.711s] -- Up-to-date: /home/kush/UR5_Project_main/install/moveit_task_constructor_msgs/include/moveit_task_constructor_msgs/moveit_task_constructor_msgs/msg/detail/stage_description__functions.h
[6.711s] -- Up-to-date: /home/kush/UR5_Project_main/install/moveit_task_constructor_msgs/include/moveit_task_constructor_msgs/moveit_task_constructor_msgs/msg/detail/sub_solution__functions.c
[6.711s] -- Up-to-date: /home/kush/UR5_Project_main/install/moveit_task_constructor_msgs/include/moveit_task_constructor_msgs/moveit_task_constructor_msgs/msg/detail/stage_statistics__functions.h
[6.711s] -- Up-to-date: /home/kush/UR5_Project_main/install/moveit_task_constructor_msgs/include/moveit_task_constructor_msgs/moveit_task_constructor_msgs/msg/detail/property__functions.c
[6.711s] -- Up-to-date: /home/kush/UR5_Project_main/install/moveit_task_constructor_msgs/include/moveit_task_constructor_msgs/moveit_task_constructor_msgs/msg/detail/task_statistics__functions.c
[6.712s] -- Up-to-date: /home/kush/UR5_Project_main/install/moveit_task_constructor_msgs/include/moveit_task_constructor_msgs/moveit_task_constructor_msgs/msg/detail/solution__functions.h
[6.712s] -- Up-to-date: /home/kush/UR5_Project_main/install/moveit_task_constructor_msgs/include/moveit_task_constructor_msgs/moveit_task_constructor_msgs/msg/detail/task_statistics__type_support.h
[6.712s] -- Up-to-date: /home/kush/UR5_Project_main/install/moveit_task_constructor_msgs/include/moveit_task_constructor_msgs/moveit_task_constructor_msgs/msg/detail/sub_trajectory__functions.h
[6.712s] -- Up-to-date: /home/kush/UR5_Project_main/install/moveit_task_constructor_msgs/include/moveit_task_constructor_msgs/moveit_task_constructor_msgs/msg/detail/solution_info__type_support.h
[6.712s] -- Up-to-date: /home/kush/UR5_Project_main/install/moveit_task_constructor_msgs/include/moveit_task_constructor_msgs/moveit_task_constructor_msgs/msg/detail/solution_info__functions.c
[6.712s] -- Up-to-date: /home/kush/UR5_Project_main/install/moveit_task_constructor_msgs/include/moveit_task_constructor_msgs/moveit_task_constructor_msgs/msg/detail/property__struct.h
[6.713s] -- Up-to-date: /home/kush/UR5_Project_main/install/moveit_task_constructor_msgs/include/moveit_task_constructor_msgs/moveit_task_constructor_msgs/msg/detail/stage_statistics__type_support.h
[6.713s] -- Up-to-date: /home/kush/UR5_Project_main/install/moveit_task_constructor_msgs/include/moveit_task_constructor_msgs/moveit_task_constructor_msgs/msg/detail/solution__type_support.h
[6.713s] -- Up-to-date: /home/kush/UR5_Project_main/install/moveit_task_constructor_msgs/include/moveit_task_constructor_msgs/moveit_task_constructor_msgs/msg/detail/stage_description__struct.h
[6.713s] -- Up-to-date: /home/kush/UR5_Project_main/install/moveit_task_constructor_msgs/include/moveit_task_constructor_msgs/moveit_task_constructor_msgs/msg/detail/property__functions.h
[6.713s] -- Up-to-date: /home/kush/UR5_Project_main/install/moveit_task_constructor_msgs/include/moveit_task_constructor_msgs/moveit_task_constructor_msgs/msg/stage_description.h
[6.714s] -- Up-to-date: /home/kush/UR5_Project_main/install/moveit_task_constructor_msgs/include/moveit_task_constructor_msgs/moveit_task_constructor_msgs/action
[6.714s] -- Up-to-date: /home/kush/UR5_Project_main/install/moveit_task_constructor_msgs/include/moveit_task_constructor_msgs/moveit_task_constructor_msgs/action/execute_task_solution.h
[6.714s] -- Up-to-date: /home/kush/UR5_Project_main/install/moveit_task_constructor_msgs/include/moveit_task_constructor_msgs/moveit_task_constructor_msgs/action/detail
[6.714s] -- Up-to-date: /home/kush/UR5_Project_main/install/moveit_task_constructor_msgs/include/moveit_task_constructor_msgs/moveit_task_constructor_msgs/action/detail/execute_task_solution__functions.h
[6.714s] -- Up-to-date: /home/kush/UR5_Project_main/install/moveit_task_constructor_msgs/include/moveit_task_constructor_msgs/moveit_task_constructor_msgs/action/detail/execute_task_solution__type_support.h
[6.715s] -- Up-to-date: /home/kush/UR5_Project_main/install/moveit_task_constructor_msgs/include/moveit_task_constructor_msgs/moveit_task_constructor_msgs/action/detail/execute_task_solution__functions.c
[6.715s] -- Up-to-date: /home/kush/UR5_Project_main/install/moveit_task_constructor_msgs/include/moveit_task_constructor_msgs/moveit_task_constructor_msgs/action/detail/execute_task_solution__struct.h
[6.715s] -- Up-to-date: /home/kush/UR5_Project_main/install/moveit_task_constructor_msgs/share/moveit_task_constructor_msgs/environment/library_path.sh
[6.715s] -- Up-to-date: /home/kush/UR5_Project_main/install/moveit_task_constructor_msgs/share/moveit_task_constructor_msgs/environment/library_path.dsv
[6.849s] -- Up-to-date: /home/kush/UR5_Project_main/install/moveit_task_constructor_msgs/lib/libmoveit_task_constructor_msgs__rosidl_generator_c.so
[6.850s] -- Up-to-date: /home/kush/UR5_Project_main/install/moveit_task_constructor_msgs/include/moveit_task_constructor_msgs/moveit_task_constructor_msgs
[6.851s] -- Up-to-date: /home/kush/UR5_Project_main/install/moveit_task_constructor_msgs/include/moveit_task_constructor_msgs/moveit_task_constructor_msgs/srv
[6.851s] -- Up-to-date: /home/kush/UR5_Project_main/install/moveit_task_constructor_msgs/include/moveit_task_constructor_msgs/moveit_task_constructor_msgs/srv/detail
[6.851s] -- Up-to-date: /home/kush/UR5_Project_main/install/moveit_task_constructor_msgs/include/moveit_task_constructor_msgs/moveit_task_constructor_msgs/srv/detail/get_solution__rosidl_typesupport_fastrtps_c.h
[6.851s] -- Up-to-date: /home/kush/UR5_Project_main/install/moveit_task_constructor_msgs/include/moveit_task_constructor_msgs/moveit_task_constructor_msgs/msg
[6.851s] -- Up-to-date: /home/kush/UR5_Project_main/install/moveit_task_constructor_msgs/include/moveit_task_constructor_msgs/moveit_task_constructor_msgs/msg/rosidl_typesupport_fastrtps_c__visibility_control.h
[6.851s] -- Up-to-date: /home/kush/UR5_Project_main/install/moveit_task_constructor_msgs/include/moveit_task_constructor_msgs/moveit_task_constructor_msgs/msg/detail
[6.852s] -- Up-to-date: /home/kush/UR5_Project_main/install/moveit_task_constructor_msgs/include/moveit_task_constructor_msgs/moveit_task_constructor_msgs/msg/detail/sub_solution__rosidl_typesupport_fastrtps_c.h
[6.852s] -- Up-to-date: /home/kush/UR5_Project_main/install/moveit_task_constructor_msgs/include/moveit_task_constructor_msgs/moveit_task_constructor_msgs/msg/detail/sub_trajectory__rosidl_typesupport_fastrtps_c.h
[6.852s] -- Up-to-date: /home/kush/UR5_Project_main/install/moveit_task_constructor_msgs/include/moveit_task_constructor_msgs/moveit_task_constructor_msgs/msg/detail/property__rosidl_typesupport_fastrtps_c.h
[6.852s] -- Up-to-date: /home/kush/UR5_Project_main/install/moveit_task_constructor_msgs/include/moveit_task_constructor_msgs/moveit_task_constructor_msgs/msg/detail/solution_info__rosidl_typesupport_fastrtps_c.h
[6.852s] -- Up-to-date: /home/kush/UR5_Project_main/install/moveit_task_constructor_msgs/include/moveit_task_constructor_msgs/moveit_task_constructor_msgs/msg/detail/solution__rosidl_typesupport_fastrtps_c.h
[6.853s] -- Up-to-date: /home/kush/UR5_Project_main/install/moveit_task_constructor_msgs/include/moveit_task_constructor_msgs/moveit_task_constructor_msgs/msg/detail/stage_statistics__rosidl_typesupport_fastrtps_c.h
[6.853s] -- Up-to-date: /home/kush/UR5_Project_main/install/moveit_task_constructor_msgs/include/moveit_task_constructor_msgs/moveit_task_constructor_msgs/msg/detail/stage_description__rosidl_typesupport_fastrtps_c.h
[6.853s] -- Up-to-date: /home/kush/UR5_Project_main/install/moveit_task_constructor_msgs/include/moveit_task_constructor_msgs/moveit_task_constructor_msgs/msg/detail/task_statistics__rosidl_typesupport_fastrtps_c.h
[6.854s] -- Up-to-date: /home/kush/UR5_Project_main/install/moveit_task_constructor_msgs/include/moveit_task_constructor_msgs/moveit_task_constructor_msgs/msg/detail/task_description__rosidl_typesupport_fastrtps_c.h
[6.854s] -- Up-to-date: /home/kush/UR5_Project_main/install/moveit_task_constructor_msgs/include/moveit_task_constructor_msgs/moveit_task_constructor_msgs/action
[6.855s] -- Up-to-date: /home/kush/UR5_Project_main/install/moveit_task_constructor_msgs/include/moveit_task_constructor_msgs/moveit_task_constructor_msgs/action/detail
[6.855s] -- Up-to-date: /home/kush/UR5_Project_main/install/moveit_task_constructor_msgs/include/moveit_task_constructor_msgs/moveit_task_constructor_msgs/action/detail/execute_task_solution__rosidl_typesupport_fastrtps_c.h
[6.894s] -- Up-to-date: /home/kush/UR5_Project_main/install/moveit_task_constructor_msgs/lib/libmoveit_task_constructor_msgs__rosidl_typesupport_fastrtps_c.so
[6.897s] -- Up-to-date: /home/kush/UR5_Project_main/install/moveit_task_constructor_msgs/include/moveit_task_constructor_msgs/moveit_task_constructor_msgs
[6.899s] -- Up-to-date: /home/kush/UR5_Project_main/install/moveit_task_constructor_msgs/include/moveit_task_constructor_msgs/moveit_task_constructor_msgs/srv
[6.901s] -- Up-to-date: /home/kush/UR5_Project_main/install/moveit_task_constructor_msgs/include/moveit_task_constructor_msgs/moveit_task_constructor_msgs/srv/get_solution.hpp
[6.901s] -- Up-to-date: /home/kush/UR5_Project_main/install/moveit_task_constructor_msgs/include/moveit_task_constructor_msgs/moveit_task_constructor_msgs/srv/detail
[6.905s] -- Up-to-date: /home/kush/UR5_Project_main/install/moveit_task_constructor_msgs/include/moveit_task_constructor_msgs/moveit_task_constructor_msgs/srv/detail/get_solution__traits.hpp
[6.906s] -- Up-to-date: /home/kush/UR5_Project_main/install/moveit_task_constructor_msgs/include/moveit_task_constructor_msgs/moveit_task_constructor_msgs/srv/detail/get_solution__struct.hpp
[6.906s] -- Up-to-date: /home/kush/UR5_Project_main/install/moveit_task_constructor_msgs/include/moveit_task_constructor_msgs/moveit_task_constructor_msgs/srv/detail/get_solution__builder.hpp
[6.907s] -- Up-to-date: /home/kush/UR5_Project_main/install/moveit_task_constructor_msgs/include/moveit_task_constructor_msgs/moveit_task_constructor_msgs/msg
[6.907s] -- Up-to-date: /home/kush/UR5_Project_main/install/moveit_task_constructor_msgs/include/moveit_task_constructor_msgs/moveit_task_constructor_msgs/msg/task_statistics.hpp
[6.907s] -- Up-to-date: /home/kush/UR5_Project_main/install/moveit_task_constructor_msgs/include/moveit_task_constructor_msgs/moveit_task_constructor_msgs/msg/stage_statistics.hpp
[6.908s] -- Up-to-date: /home/kush/UR5_Project_main/install/moveit_task_constructor_msgs/include/moveit_task_constructor_msgs/moveit_task_constructor_msgs/msg/task_description.hpp
[6.908s] -- Up-to-date: /home/kush/UR5_Project_main/install/moveit_task_constructor_msgs/include/moveit_task_constructor_msgs/moveit_task_constructor_msgs/msg/sub_solution.hpp
[6.908s] -- Up-to-date: /home/kush/UR5_Project_main/install/moveit_task_constructor_msgs/include/moveit_task_constructor_msgs/moveit_task_constructor_msgs/msg/stage_description.hpp
[6.908s] -- Up-to-date: /home/kush/UR5_Project_main/install/moveit_task_constructor_msgs/include/moveit_task_constructor_msgs/moveit_task_constructor_msgs/msg/solution_info.hpp
[6.908s] -- Up-to-date: /home/kush/UR5_Project_main/install/moveit_task_constructor_msgs/include/moveit_task_constructor_msgs/moveit_task_constructor_msgs/msg/solution.hpp
[6.909s] -- Up-to-date: /home/kush/UR5_Project_main/install/moveit_task_constructor_msgs/include/moveit_task_constructor_msgs/moveit_task_constructor_msgs/msg/sub_trajectory.hpp
[6.909s] -- Up-to-date: /home/kush/UR5_Project_main/install/moveit_task_constructor_msgs/include/moveit_task_constructor_msgs/moveit_task_constructor_msgs/msg/detail
[6.909s] -- Up-to-date: /home/kush/UR5_Project_main/install/moveit_task_constructor_msgs/include/moveit_task_constructor_msgs/moveit_task_constructor_msgs/msg/detail/stage_statistics__traits.hpp
[6.909s] -- Up-to-date: /home/kush/UR5_Project_main/install/moveit_task_constructor_msgs/include/moveit_task_constructor_msgs/moveit_task_constructor_msgs/msg/detail/task_description__traits.hpp
[6.909s] -- Up-to-date: /home/kush/UR5_Project_main/install/moveit_task_constructor_msgs/include/moveit_task_constructor_msgs/moveit_task_constructor_msgs/msg/detail/task_statistics__builder.hpp
[6.910s] -- Up-to-date: /home/kush/UR5_Project_main/install/moveit_task_constructor_msgs/include/moveit_task_constructor_msgs/moveit_task_constructor_msgs/msg/detail/task_description__struct.hpp
[6.910s] -- Up-to-date: /home/kush/UR5_Project_main/install/moveit_task_constructor_msgs/include/moveit_task_constructor_msgs/moveit_task_constructor_msgs/msg/detail/task_description__builder.hpp
[6.910s] -- Up-to-date: /home/kush/UR5_Project_main/install/moveit_task_constructor_msgs/include/moveit_task_constructor_msgs/moveit_task_constructor_msgs/msg/detail/stage_description__builder.hpp
[6.910s] -- Up-to-date: /home/kush/UR5_Project_main/install/moveit_task_constructor_msgs/include/moveit_task_constructor_msgs/moveit_task_constructor_msgs/msg/detail/sub_solution__struct.hpp
[6.910s] -- Up-to-date: /home/kush/UR5_Project_main/install/moveit_task_constructor_msgs/include/moveit_task_constructor_msgs/moveit_task_constructor_msgs/msg/detail/solution__struct.hpp
[6.911s] -- Up-to-date: /home/kush/UR5_Project_main/install/moveit_task_constructor_msgs/include/moveit_task_constructor_msgs/moveit_task_constructor_msgs/msg/detail/solution_info__traits.hpp
[6.911s] -- Up-to-date: /home/kush/UR5_Project_main/install/moveit_task_constructor_msgs/include/moveit_task_constructor_msgs/moveit_task_constructor_msgs/msg/detail/solution__builder.hpp
[6.911s] -- Up-to-date: /home/kush/UR5_Project_main/install/moveit_task_constructor_msgs/include/moveit_task_constructor_msgs/moveit_task_constructor_msgs/msg/detail/property__struct.hpp
[6.911s] -- Up-to-date: /home/kush/UR5_Project_main/install/moveit_task_constructor_msgs/include/moveit_task_constructor_msgs/moveit_task_constructor_msgs/msg/detail/sub_trajectory__struct.hpp
[6.911s] -- Up-to-date: /home/kush/UR5_Project_main/install/moveit_task_constructor_msgs/include/moveit_task_constructor_msgs/moveit_task_constructor_msgs/msg/detail/sub_trajectory__builder.hpp
[6.911s] -- Up-to-date: /home/kush/UR5_Project_main/install/moveit_task_constructor_msgs/include/moveit_task_constructor_msgs/moveit_task_constructor_msgs/msg/detail/property__builder.hpp
[6.912s] -- Up-to-date: /home/kush/UR5_Project_main/install/moveit_task_constructor_msgs/include/moveit_task_constructor_msgs/moveit_task_constructor_msgs/msg/detail/stage_statistics__builder.hpp
[6.914s] -- Up-to-date: /home/kush/UR5_Project_main/install/moveit_task_constructor_msgs/include/moveit_task_constructor_msgs/moveit_task_constructor_msgs/msg/detail/solution__traits.hpp
[6.914s] -- Up-to-date: /home/kush/UR5_Project_main/install/moveit_task_constructor_msgs/include/moveit_task_constructor_msgs/moveit_task_constructor_msgs/msg/detail/stage_statistics__struct.hpp
[6.914s] -- Up-to-date: /home/kush/UR5_Project_main/install/moveit_task_constructor_msgs/include/moveit_task_constructor_msgs/moveit_task_constructor_msgs/msg/detail/sub_solution__builder.hpp
[6.914s] -- Up-to-date: /home/kush/UR5_Project_main/install/moveit_task_constructor_msgs/include/moveit_task_constructor_msgs/moveit_task_constructor_msgs/msg/detail/solution_info__builder.hpp
[6.915s] -- Up-to-date: /home/kush/UR5_Project_main/install/moveit_task_constructor_msgs/include/moveit_task_constructor_msgs/moveit_task_constructor_msgs/msg/detail/stage_description__traits.hpp
[6.915s] -- Up-to-date: /home/kush/UR5_Project_main/install/moveit_task_constructor_msgs/include/moveit_task_constructor_msgs/moveit_task_constructor_msgs/msg/detail/sub_solution__traits.hpp
[6.915s] -- Up-to-date: /home/kush/UR5_Project_main/install/moveit_task_constructor_msgs/include/moveit_task_constructor_msgs/moveit_task_constructor_msgs/msg/detail/task_statistics__traits.hpp
[6.916s] -- Up-to-date: /home/kush/UR5_Project_main/install/moveit_task_constructor_msgs/include/moveit_task_constructor_msgs/moveit_task_constructor_msgs/msg/detail/sub_trajectory__traits.hpp
[6.916s] -- Up-to-date: /home/kush/UR5_Project_main/install/moveit_task_constructor_msgs/include/moveit_task_constructor_msgs/moveit_task_constructor_msgs/msg/detail/task_statistics__struct.hpp
[6.916s] -- Up-to-date: /home/kush/UR5_Project_main/install/moveit_task_constructor_msgs/include/moveit_task_constructor_msgs/moveit_task_constructor_msgs/msg/detail/property__traits.hpp
[6.916s] -- Up-to-date: /home/kush/UR5_Project_main/install/moveit_task_constructor_msgs/include/moveit_task_constructor_msgs/moveit_task_constructor_msgs/msg/detail/stage_description__struct.hpp
[6.917s] -- Up-to-date: /home/kush/UR5_Project_main/install/moveit_task_constructor_msgs/include/moveit_task_constructor_msgs/moveit_task_constructor_msgs/msg/detail/solution_info__struct.hpp
[6.917s] -- Up-to-date: /home/kush/UR5_Project_main/install/moveit_task_constructor_msgs/include/moveit_task_constructor_msgs/moveit_task_constructor_msgs/msg/property.hpp
[6.917s] -- Up-to-date: /home/kush/UR5_Project_main/install/moveit_task_constructor_msgs/include/moveit_task_constructor_msgs/moveit_task_constructor_msgs/action
[6.917s] -- Up-to-date: /home/kush/UR5_Project_main/install/moveit_task_constructor_msgs/include/moveit_task_constructor_msgs/moveit_task_constructor_msgs/action/execute_task_solution.hpp
[6.917s] -- Up-to-date: /home/kush/UR5_Project_main/install/moveit_task_constructor_msgs/include/moveit_task_constructor_msgs/moveit_task_constructor_msgs/action/detail
[6.918s] -- Up-to-date: /home/kush/UR5_Project_main/install/moveit_task_constructor_msgs/include/moveit_task_constructor_msgs/moveit_task_constructor_msgs/action/detail/execute_task_solution__traits.hpp
[6.918s] -- Up-to-date: /home/kush/UR5_Project_main/install/moveit_task_constructor_msgs/include/moveit_task_constructor_msgs/moveit_task_constructor_msgs/action/detail/execute_task_solution__builder.hpp
[6.918s] -- Up-to-date: /home/kush/UR5_Project_main/install/moveit_task_constructor_msgs/include/moveit_task_constructor_msgs/moveit_task_constructor_msgs/action/detail/execute_task_solution__struct.hpp
[6.918s] -- Up-to-date: /home/kush/UR5_Project_main/install/moveit_task_constructor_msgs/include/moveit_task_constructor_msgs/moveit_task_constructor_msgs
[6.918s] -- Up-to-date: /home/kush/UR5_Project_main/install/moveit_task_constructor_msgs/include/moveit_task_constructor_msgs/moveit_task_constructor_msgs/srv
[6.918s] -- Up-to-date: /home/kush/UR5_Project_main/install/moveit_task_constructor_msgs/include/moveit_task_constructor_msgs/moveit_task_constructor_msgs/srv/detail
[6.919s] -- Up-to-date: /home/kush/UR5_Project_main/install/moveit_task_constructor_msgs/include/moveit_task_constructor_msgs/moveit_task_constructor_msgs/srv/detail/get_solution__rosidl_typesupport_fastrtps_cpp.hpp
[6.919s] -- Up-to-date: /home/kush/UR5_Project_main/install/moveit_task_constructor_msgs/include/moveit_task_constructor_msgs/moveit_task_constructor_msgs/srv/detail/dds_fastrtps
[6.919s] -- Up-to-date: /home/kush/UR5_Project_main/install/moveit_task_constructor_msgs/include/moveit_task_constructor_msgs/moveit_task_constructor_msgs/msg
[6.919s] -- Up-to-date: /home/kush/UR5_Project_main/install/moveit_task_constructor_msgs/include/moveit_task_constructor_msgs/moveit_task_constructor_msgs/msg/rosidl_typesupport_fastrtps_cpp__visibility_control.h
[6.919s] -- Up-to-date: /home/kush/UR5_Project_main/install/moveit_task_constructor_msgs/include/moveit_task_constructor_msgs/moveit_task_constructor_msgs/msg/detail
[6.919s] -- Up-to-date: /home/kush/UR5_Project_main/install/moveit_task_constructor_msgs/include/moveit_task_constructor_msgs/moveit_task_constructor_msgs/msg/detail/task_description__rosidl_typesupport_fastrtps_cpp.hpp
[6.920s] -- Up-to-date: /home/kush/UR5_Project_main/install/moveit_task_constructor_msgs/include/moveit_task_constructor_msgs/moveit_task_constructor_msgs/msg/detail/solution__rosidl_typesupport_fastrtps_cpp.hpp
[6.920s] -- Up-to-date: /home/kush/UR5_Project_main/install/moveit_task_constructor_msgs/include/moveit_task_constructor_msgs/moveit_task_constructor_msgs/msg/detail/sub_trajectory__rosidl_typesupport_fastrtps_cpp.hpp
[6.920s] -- Up-to-date: /home/kush/UR5_Project_main/install/moveit_task_constructor_msgs/include/moveit_task_constructor_msgs/moveit_task_constructor_msgs/msg/detail/stage_description__rosidl_typesupport_fastrtps_cpp.hpp
[6.920s] -- Up-to-date: /home/kush/UR5_Project_main/install/moveit_task_constructor_msgs/include/moveit_task_constructor_msgs/moveit_task_constructor_msgs/msg/detail/property__rosidl_typesupport_fastrtps_cpp.hpp
[6.920s] -- Up-to-date: /home/kush/UR5_Project_main/install/moveit_task_constructor_msgs/include/moveit_task_constructor_msgs/moveit_task_constructor_msgs/msg/detail/sub_solution__rosidl_typesupport_fastrtps_cpp.hpp
[6.921s] -- Up-to-date: /home/kush/UR5_Project_main/install/moveit_task_constructor_msgs/include/moveit_task_constructor_msgs/moveit_task_constructor_msgs/msg/detail/task_statistics__rosidl_typesupport_fastrtps_cpp.hpp
[6.922s] -- Up-to-date: /home/kush/UR5_Project_main/install/moveit_task_constructor_msgs/include/moveit_task_constructor_msgs/moveit_task_constructor_msgs/msg/detail/stage_statistics__rosidl_typesupport_fastrtps_cpp.hpp
[6.922s] -- Up-to-date: /home/kush/UR5_Project_main/install/moveit_task_constructor_msgs/include/moveit_task_constructor_msgs/moveit_task_constructor_msgs/msg/detail/dds_fastrtps
[6.926s] -- Up-to-date: /home/kush/UR5_Project_main/install/moveit_task_constructor_msgs/include/moveit_task_constructor_msgs/moveit_task_constructor_msgs/msg/detail/solution_info__rosidl_typesupport_fastrtps_cpp.hpp
[6.926s] -- Up-to-date: /home/kush/UR5_Project_main/install/moveit_task_constructor_msgs/include/moveit_task_constructor_msgs/moveit_task_constructor_msgs/action
[6.926s] -- Up-to-date: /home/kush/UR5_Project_main/install/moveit_task_constructor_msgs/include/moveit_task_constructor_msgs/moveit_task_constructor_msgs/action/detail
[6.926s] -- Up-to-date: /home/kush/UR5_Project_main/install/moveit_task_constructor_msgs/include/moveit_task_constructor_msgs/moveit_task_constructor_msgs/action/detail/dds_fastrtps
[6.927s] -- Up-to-date: /home/kush/UR5_Project_main/install/moveit_task_constructor_msgs/include/moveit_task_constructor_msgs/moveit_task_constructor_msgs/action/detail/execute_task_solution__rosidl_typesupport_fastrtps_cpp.hpp
[6.988s] -- Up-to-date: /home/kush/UR5_Project_main/install/moveit_task_constructor_msgs/lib/libmoveit_task_constructor_msgs__rosidl_typesupport_fastrtps_cpp.so
[6.988s] -- Up-to-date: /home/kush/UR5_Project_main/install/moveit_task_constructor_msgs/include/moveit_task_constructor_msgs/moveit_task_constructor_msgs
[6.989s] -- Up-to-date: /home/kush/UR5_Project_main/install/moveit_task_constructor_msgs/include/moveit_task_constructor_msgs/moveit_task_constructor_msgs/srv
[6.989s] -- Up-to-date: /home/kush/UR5_Project_main/install/moveit_task_constructor_msgs/include/moveit_task_constructor_msgs/moveit_task_constructor_msgs/srv/detail
[6.989s] -- Up-to-date: /home/kush/UR5_Project_main/install/moveit_task_constructor_msgs/include/moveit_task_constructor_msgs/moveit_task_constructor_msgs/srv/detail/get_solution__rosidl_typesupport_introspection_c.h
[6.991s] -- Up-to-date: /home/kush/UR5_Project_main/install/moveit_task_constructor_msgs/include/moveit_task_constructor_msgs/moveit_task_constructor_msgs/srv/detail/get_solution__type_support.c
[6.991s] -- Up-to-date: /home/kush/UR5_Project_main/install/moveit_task_constructor_msgs/include/moveit_task_constructor_msgs/moveit_task_constructor_msgs/msg
[6.992s] -- Up-to-date: /home/kush/UR5_Project_main/install/moveit_task_constructor_msgs/include/moveit_task_constructor_msgs/moveit_task_constructor_msgs/msg/rosidl_typesupport_introspection_c__visibility_control.h
[6.992s] -- Up-to-date: /home/kush/UR5_Project_main/install/moveit_task_constructor_msgs/include/moveit_task_constructor_msgs/moveit_task_constructor_msgs/msg/detail
[6.992s] -- Up-to-date: /home/kush/UR5_Project_main/install/moveit_task_constructor_msgs/include/moveit_task_constructor_msgs/moveit_task_constructor_msgs/msg/detail/stage_description__type_support.c
[6.992s] -- Up-to-date: /home/kush/UR5_Project_main/install/moveit_task_constructor_msgs/include/moveit_task_constructor_msgs/moveit_task_constructor_msgs/msg/detail/solution_info__rosidl_typesupport_introspection_c.h
[6.993s] -- Up-to-date: /home/kush/UR5_Project_main/install/moveit_task_constructor_msgs/include/moveit_task_constructor_msgs/moveit_task_constructor_msgs/msg/detail/property__rosidl_typesupport_introspection_c.h
[6.993s] -- Up-to-date: /home/kush/UR5_Project_main/install/moveit_task_constructor_msgs/include/moveit_task_constructor_msgs/moveit_task_constructor_msgs/msg/detail/solution__type_support.c
[6.993s] -- Up-to-date: /home/kush/UR5_Project_main/install/moveit_task_constructor_msgs/include/moveit_task_constructor_msgs/moveit_task_constructor_msgs/msg/detail/solution_info__type_support.c
[6.993s] -- Up-to-date: /home/kush/UR5_Project_main/install/moveit_task_constructor_msgs/include/moveit_task_constructor_msgs/moveit_task_constructor_msgs/msg/detail/stage_statistics__type_support.c
[6.994s] -- Up-to-date: /home/kush/UR5_Project_main/install/moveit_task_constructor_msgs/include/moveit_task_constructor_msgs/moveit_task_constructor_msgs/msg/detail/sub_solution__rosidl_typesupport_introspection_c.h
[6.994s] -- Up-to-date: /home/kush/UR5_Project_main/install/moveit_task_constructor_msgs/include/moveit_task_constructor_msgs/moveit_task_constructor_msgs/msg/detail/property__type_support.c
[6.994s] -- Up-to-date: /home/kush/UR5_Project_main/install/moveit_task_constructor_msgs/include/moveit_task_constructor_msgs/moveit_task_constructor_msgs/msg/detail/task_description__rosidl_typesupport_introspection_c.h
[6.994s] -- Up-to-date: /home/kush/UR5_Project_main/install/moveit_task_constructor_msgs/include/moveit_task_constructor_msgs/moveit_task_constructor_msgs/msg/detail/task_description__type_support.c
[6.994s] -- Up-to-date: /home/kush/UR5_Project_main/install/moveit_task_constructor_msgs/include/moveit_task_constructor_msgs/moveit_task_constructor_msgs/msg/detail/sub_solution__type_support.c
[6.994s] -- Up-to-date: /home/kush/UR5_Project_main/install/moveit_task_constructor_msgs/include/moveit_task_constructor_msgs/moveit_task_constructor_msgs/msg/detail/task_statistics__type_support.c
[6.995s] -- Up-to-date: /home/kush/UR5_Project_main/install/moveit_task_constructor_msgs/include/moveit_task_constructor_msgs/moveit_task_constructor_msgs/msg/detail/stage_description__rosidl_typesupport_introspection_c.h
[6.995s] -- Up-to-date: /home/kush/UR5_Project_main/install/moveit_task_constructor_msgs/include/moveit_task_constructor_msgs/moveit_task_constructor_msgs/msg/detail/solution__rosidl_typesupport_introspection_c.h
[6.995s] -- Up-to-date: /home/kush/UR5_Project_main/install/moveit_task_constructor_msgs/include/moveit_task_constructor_msgs/moveit_task_constructor_msgs/msg/detail/sub_trajectory__rosidl_typesupport_introspection_c.h
[6.995s] -- Up-to-date: /home/kush/UR5_Project_main/install/moveit_task_constructor_msgs/include/moveit_task_constructor_msgs/moveit_task_constructor_msgs/msg/detail/stage_statistics__rosidl_typesupport_introspection_c.h
[6.995s] -- Up-to-date: /home/kush/UR5_Project_main/install/moveit_task_constructor_msgs/include/moveit_task_constructor_msgs/moveit_task_constructor_msgs/msg/detail/task_statistics__rosidl_typesupport_introspection_c.h
[6.996s] -- Up-to-date: /home/kush/UR5_Project_main/install/moveit_task_constructor_msgs/include/moveit_task_constructor_msgs/moveit_task_constructor_msgs/msg/detail/sub_trajectory__type_support.c
[6.996s] -- Up-to-date: /home/kush/UR5_Project_main/install/moveit_task_constructor_msgs/include/moveit_task_constructor_msgs/moveit_task_constructor_msgs/action
[6.996s] -- Up-to-date: /home/kush/UR5_Project_main/install/moveit_task_constructor_msgs/include/moveit_task_constructor_msgs/moveit_task_constructor_msgs/action/detail
[6.996s] -- Up-to-date: /home/kush/UR5_Project_main/install/moveit_task_constructor_msgs/include/moveit_task_constructor_msgs/moveit_task_constructor_msgs/action/detail/execute_task_solution__rosidl_typesupport_introspection_c.h
[6.997s] -- Up-to-date: /home/kush/UR5_Project_main/install/moveit_task_constructor_msgs/include/moveit_task_constructor_msgs/moveit_task_constructor_msgs/action/detail/execute_task_solution__type_support.c
[7.094s] -- Up-to-date: /home/kush/UR5_Project_main/install/moveit_task_constructor_msgs/lib/libmoveit_task_constructor_msgs__rosidl_typesupport_introspection_c.so
[7.168s] -- Up-to-date: /home/kush/UR5_Project_main/install/moveit_task_constructor_msgs/lib/libmoveit_task_constructor_msgs__rosidl_typesupport_c.so
[7.170s] -- Up-to-date: /home/kush/UR5_Project_main/install/moveit_task_constructor_msgs/include/moveit_task_constructor_msgs/moveit_task_constructor_msgs
[7.170s] -- Up-to-date: /home/kush/UR5_Project_main/install/moveit_task_constructor_msgs/include/moveit_task_constructor_msgs/moveit_task_constructor_msgs/srv
[7.170s] -- Up-to-date: /home/kush/UR5_Project_main/install/moveit_task_constructor_msgs/include/moveit_task_constructor_msgs/moveit_task_constructor_msgs/srv/detail
[7.171s] -- Up-to-date: /home/kush/UR5_Project_main/install/moveit_task_constructor_msgs/include/moveit_task_constructor_msgs/moveit_task_constructor_msgs/srv/detail/get_solution__type_support.cpp
[7.171s] -- Up-to-date: /home/kush/UR5_Project_main/install/moveit_task_constructor_msgs/include/moveit_task_constructor_msgs/moveit_task_constructor_msgs/srv/detail/get_solution__rosidl_typesupport_introspection_cpp.hpp
[7.171s] -- Up-to-date: /home/kush/UR5_Project_main/install/moveit_task_constructor_msgs/include/moveit_task_constructor_msgs/moveit_task_constructor_msgs/msg
[7.171s] -- Up-to-date: /home/kush/UR5_Project_main/install/moveit_task_constructor_msgs/include/moveit_task_constructor_msgs/moveit_task_constructor_msgs/msg/detail
[7.171s] -- Up-to-date: /home/kush/UR5_Project_main/install/moveit_task_constructor_msgs/include/moveit_task_constructor_msgs/moveit_task_constructor_msgs/msg/detail/solution_info__rosidl_typesupport_introspection_cpp.hpp
[7.171s] -- Up-to-date: /home/kush/UR5_Project_main/install/moveit_task_constructor_msgs/include/moveit_task_constructor_msgs/moveit_task_constructor_msgs/msg/detail/property__rosidl_typesupport_introspection_cpp.hpp
[7.172s] -- Up-to-date: /home/kush/UR5_Project_main/install/moveit_task_constructor_msgs/include/moveit_task_constructor_msgs/moveit_task_constructor_msgs/msg/detail/task_description__rosidl_typesupport_introspection_cpp.hpp
[7.172s] -- Up-to-date: /home/kush/UR5_Project_main/install/moveit_task_constructor_msgs/include/moveit_task_constructor_msgs/moveit_task_constructor_msgs/msg/detail/stage_statistics__rosidl_typesupport_introspection_cpp.hpp
[7.172s] -- Up-to-date: /home/kush/UR5_Project_main/install/moveit_task_constructor_msgs/include/moveit_task_constructor_msgs/moveit_task_constructor_msgs/msg/detail/task_description__type_support.cpp
[7.172s] -- Up-to-date: /home/kush/UR5_Project_main/install/moveit_task_constructor_msgs/include/moveit_task_constructor_msgs/moveit_task_constructor_msgs/msg/detail/sub_solution__rosidl_typesupport_introspection_cpp.hpp
[7.172s] -- Up-to-date: /home/kush/UR5_Project_main/install/moveit_task_constructor_msgs/include/moveit_task_constructor_msgs/moveit_task_constructor_msgs/msg/detail/solution__type_support.cpp
[7.172s] -- Up-to-date: /home/kush/UR5_Project_main/install/moveit_task_constructor_msgs/include/moveit_task_constructor_msgs/moveit_task_constructor_msgs/msg/detail/property__type_support.cpp
[7.172s] -- Up-to-date: /home/kush/UR5_Project_main/install/moveit_task_constructor_msgs/include/moveit_task_constructor_msgs/moveit_task_constructor_msgs/msg/detail/solution_info__type_support.cpp
[7.173s] -- Up-to-date: /home/kush/UR5_Project_main/install/moveit_task_constructor_msgs/include/moveit_task_constructor_msgs/moveit_task_constructor_msgs/msg/detail/solution__rosidl_typesupport_introspection_cpp.hpp
[7.173s] -- Up-to-date: /home/kush/UR5_Project_main/install/moveit_task_constructor_msgs/include/moveit_task_constructor_msgs/moveit_task_constructor_msgs/msg/detail/sub_solution__type_support.cpp
[7.173s] -- Up-to-date: /home/kush/UR5_Project_main/install/moveit_task_constructor_msgs/include/moveit_task_constructor_msgs/moveit_task_constructor_msgs/msg/detail/stage_description__type_support.cpp
[7.173s] -- Up-to-date: /home/kush/UR5_Project_main/install/moveit_task_constructor_msgs/include/moveit_task_constructor_msgs/moveit_task_constructor_msgs/msg/detail/task_statistics__rosidl_typesupport_introspection_cpp.hpp
[7.173s] -- Up-to-date: /home/kush/UR5_Project_main/install/moveit_task_constructor_msgs/include/moveit_task_constructor_msgs/moveit_task_constructor_msgs/msg/detail/stage_description__rosidl_typesupport_introspection_cpp.hpp
[7.174s] -- Up-to-date: /home/kush/UR5_Project_main/install/moveit_task_constructor_msgs/include/moveit_task_constructor_msgs/moveit_task_constructor_msgs/msg/detail/stage_statistics__type_support.cpp
[7.174s] -- Up-to-date: /home/kush/UR5_Project_main/install/moveit_task_constructor_msgs/include/moveit_task_constructor_msgs/moveit_task_constructor_msgs/msg/detail/sub_trajectory__rosidl_typesupport_introspection_cpp.hpp
[7.174s] -- Up-to-date: /home/kush/UR5_Project_main/install/moveit_task_constructor_msgs/include/moveit_task_constructor_msgs/moveit_task_constructor_msgs/msg/detail/sub_trajectory__type_support.cpp
[7.174s] -- Up-to-date: /home/kush/UR5_Project_main/install/moveit_task_constructor_msgs/include/moveit_task_constructor_msgs/moveit_task_constructor_msgs/msg/detail/task_statistics__type_support.cpp
[7.174s] -- Up-to-date: /home/kush/UR5_Project_main/install/moveit_task_constructor_msgs/include/moveit_task_constructor_msgs/moveit_task_constructor_msgs/action
[7.174s] -- Up-to-date: /home/kush/UR5_Project_main/install/moveit_task_constructor_msgs/include/moveit_task_constructor_msgs/moveit_task_constructor_msgs/action/detail
[7.174s] -- Up-to-date: /home/kush/UR5_Project_main/install/moveit_task_constructor_msgs/include/moveit_task_constructor_msgs/moveit_task_constructor_msgs/action/detail/execute_task_solution__type_support.cpp
[7.175s] -- Up-to-date: /home/kush/UR5_Project_main/install/moveit_task_constructor_msgs/include/moveit_task_constructor_msgs/moveit_task_constructor_msgs/action/detail/execute_task_solution__rosidl_typesupport_introspection_cpp.hpp
[7.429s] -- Up-to-date: /home/kush/UR5_Project_main/install/moveit_task_constructor_msgs/lib/libmoveit_task_constructor_msgs__rosidl_typesupport_introspection_cpp.so
[7.653s] -- Up-to-date: /home/kush/UR5_Project_main/install/moveit_task_constructor_msgs/lib/libmoveit_task_constructor_msgs__rosidl_typesupport_cpp.so
[7.654s] -- Up-to-date: /home/kush/UR5_Project_main/install/moveit_task_constructor_msgs/share/moveit_task_constructor_msgs/environment/pythonpath.sh
[7.654s] -- Up-to-date: /home/kush/UR5_Project_main/install/moveit_task_constructor_msgs/share/moveit_task_constructor_msgs/environment/pythonpath.dsv
[7.655s] -- Up-to-date: /home/kush/UR5_Project_main/install/moveit_task_constructor_msgs/local/lib/python3.10/dist-packages/moveit_task_constructor_msgs-0.1.3-py3.10.egg-info
[7.655s] -- Installing: /home/kush/UR5_Project_main/install/moveit_task_constructor_msgs/local/lib/python3.10/dist-packages/moveit_task_constructor_msgs-0.1.3-py3.10.egg-info/SOURCES.txt
[7.655s] -- Installing: /home/kush/UR5_Project_main/install/moveit_task_constructor_msgs/local/lib/python3.10/dist-packages/moveit_task_constructor_msgs-0.1.3-py3.10.egg-info/dependency_links.txt
[7.655s] -- Installing: /home/kush/UR5_Project_main/install/moveit_task_constructor_msgs/local/lib/python3.10/dist-packages/moveit_task_constructor_msgs-0.1.3-py3.10.egg-info/PKG-INFO
[7.656s] -- Installing: /home/kush/UR5_Project_main/install/moveit_task_constructor_msgs/local/lib/python3.10/dist-packages/moveit_task_constructor_msgs-0.1.3-py3.10.egg-info/top_level.txt
[7.656s] -- Up-to-date: /home/kush/UR5_Project_main/install/moveit_task_constructor_msgs/local/lib/python3.10/dist-packages/moveit_task_constructor_msgs
[7.657s] -- Up-to-date: /home/kush/UR5_Project_main/install/moveit_task_constructor_msgs/local/lib/python3.10/dist-packages/moveit_task_constructor_msgs/moveit_task_constructor_msgs_s__rosidl_typesupport_fastrtps_c.cpython-310-x86_64-linux-gnu.so
[7.657s] -- Up-to-date: /home/kush/UR5_Project_main/install/moveit_task_constructor_msgs/local/lib/python3.10/dist-packages/moveit_task_constructor_msgs/_moveit_task_constructor_msgs_s.ep.rosidl_typesupport_introspection_c.c
[7.658s] -- Up-to-date: /home/kush/UR5_Project_main/install/moveit_task_constructor_msgs/local/lib/python3.10/dist-packages/moveit_task_constructor_msgs/libmoveit_task_constructor_msgs__rosidl_generator_py.so
[7.658s] -- Up-to-date: /home/kush/UR5_Project_main/install/moveit_task_constructor_msgs/local/lib/python3.10/dist-packages/moveit_task_constructor_msgs/__init__.py
[7.658s] -- Up-to-date: /home/kush/UR5_Project_main/install/moveit_task_constructor_msgs/local/lib/python3.10/dist-packages/moveit_task_constructor_msgs/srv
[7.658s] -- Up-to-date: /home/kush/UR5_Project_main/install/moveit_task_constructor_msgs/local/lib/python3.10/dist-packages/moveit_task_constructor_msgs/srv/__init__.py
[7.658s] -- Up-to-date: /home/kush/UR5_Project_main/install/moveit_task_constructor_msgs/local/lib/python3.10/dist-packages/moveit_task_constructor_msgs/srv/_get_solution_s.c
[7.658s] -- Up-to-date: /home/kush/UR5_Project_main/install/moveit_task_constructor_msgs/local/lib/python3.10/dist-packages/moveit_task_constructor_msgs/srv/_get_solution.py
[7.659s] -- Up-to-date: /home/kush/UR5_Project_main/install/moveit_task_constructor_msgs/local/lib/python3.10/dist-packages/moveit_task_constructor_msgs/msg
[7.659s] -- Up-to-date: /home/kush/UR5_Project_main/install/moveit_task_constructor_msgs/local/lib/python3.10/dist-packages/moveit_task_constructor_msgs/msg/_task_statistics_s.c
[7.659s] -- Up-to-date: /home/kush/UR5_Project_main/install/moveit_task_constructor_msgs/local/lib/python3.10/dist-packages/moveit_task_constructor_msgs/msg/__init__.py
[7.659s] -- Up-to-date: /home/kush/UR5_Project_main/install/moveit_task_constructor_msgs/local/lib/python3.10/dist-packages/moveit_task_constructor_msgs/msg/_solution_s.c
[7.659s] -- Up-to-date: /home/kush/UR5_Project_main/install/moveit_task_constructor_msgs/local/lib/python3.10/dist-packages/moveit_task_constructor_msgs/msg/_stage_description_s.c
[7.659s] -- Up-to-date: /home/kush/UR5_Project_main/install/moveit_task_constructor_msgs/local/lib/python3.10/dist-packages/moveit_task_constructor_msgs/msg/_task_statistics.py
[7.660s] -- Up-to-date: /home/kush/UR5_Project_main/install/moveit_task_constructor_msgs/local/lib/python3.10/dist-packages/moveit_task_constructor_msgs/msg/_solution_info.py
[7.660s] -- Up-to-date: /home/kush/UR5_Project_main/install/moveit_task_constructor_msgs/local/lib/python3.10/dist-packages/moveit_task_constructor_msgs/msg/_sub_trajectory_s.c
[7.660s] -- Up-to-date: /home/kush/UR5_Project_main/install/moveit_task_constructor_msgs/local/lib/python3.10/dist-packages/moveit_task_constructor_msgs/msg/_solution_info_s.c
[7.660s] -- Up-to-date: /home/kush/UR5_Project_main/install/moveit_task_constructor_msgs/local/lib/python3.10/dist-packages/moveit_task_constructor_msgs/msg/_stage_statistics_s.c
[7.660s] -- Up-to-date: /home/kush/UR5_Project_main/install/moveit_task_constructor_msgs/local/lib/python3.10/dist-packages/moveit_task_constructor_msgs/msg/_task_description.py
[7.661s] -- Up-to-date: /home/kush/UR5_Project_main/install/moveit_task_constructor_msgs/local/lib/python3.10/dist-packages/moveit_task_constructor_msgs/msg/_property_s.c
[7.661s] -- Up-to-date: /home/kush/UR5_Project_main/install/moveit_task_constructor_msgs/local/lib/python3.10/dist-packages/moveit_task_constructor_msgs/msg/_sub_solution_s.c
[7.661s] -- Up-to-date: /home/kush/UR5_Project_main/install/moveit_task_constructor_msgs/local/lib/python3.10/dist-packages/moveit_task_constructor_msgs/msg/_solution.py
[7.662s] -- Up-to-date: /home/kush/UR5_Project_main/install/moveit_task_constructor_msgs/local/lib/python3.10/dist-packages/moveit_task_constructor_msgs/msg/_stage_statistics.py
[7.662s] -- Up-to-date: /home/kush/UR5_Project_main/install/moveit_task_constructor_msgs/local/lib/python3.10/dist-packages/moveit_task_constructor_msgs/msg/_stage_description.py
[7.662s] -- Up-to-date: /home/kush/UR5_Project_main/install/moveit_task_constructor_msgs/local/lib/python3.10/dist-packages/moveit_task_constructor_msgs/msg/_sub_solution.py
[7.662s] -- Up-to-date: /home/kush/UR5_Project_main/install/moveit_task_constructor_msgs/local/lib/python3.10/dist-packages/moveit_task_constructor_msgs/msg/_property.py
[7.663s] -- Up-to-date: /home/kush/UR5_Project_main/install/moveit_task_constructor_msgs/local/lib/python3.10/dist-packages/moveit_task_constructor_msgs/msg/_sub_trajectory.py
[7.663s] -- Up-to-date: /home/kush/UR5_Project_main/install/moveit_task_constructor_msgs/local/lib/python3.10/dist-packages/moveit_task_constructor_msgs/msg/_task_description_s.c
[7.663s] -- Up-to-date: /home/kush/UR5_Project_main/install/moveit_task_constructor_msgs/local/lib/python3.10/dist-packages/moveit_task_constructor_msgs/moveit_task_constructor_msgs_s__rosidl_typesupport_introspection_c.cpython-310-x86_64-linux-gnu.so
[7.663s] -- Up-to-date: /home/kush/UR5_Project_main/install/moveit_task_constructor_msgs/local/lib/python3.10/dist-packages/moveit_task_constructor_msgs/action
[7.663s] -- Up-to-date: /home/kush/UR5_Project_main/install/moveit_task_constructor_msgs/local/lib/python3.10/dist-packages/moveit_task_constructor_msgs/action/__init__.py
[7.664s] -- Up-to-date: /home/kush/UR5_Project_main/install/moveit_task_constructor_msgs/local/lib/python3.10/dist-packages/moveit_task_constructor_msgs/action/_execute_task_solution.py
[7.664s] -- Up-to-date: /home/kush/UR5_Project_main/install/moveit_task_constructor_msgs/local/lib/python3.10/dist-packages/moveit_task_constructor_msgs/action/_execute_task_solution_s.c
[7.664s] -- Up-to-date: /home/kush/UR5_Project_main/install/moveit_task_constructor_msgs/local/lib/python3.10/dist-packages/moveit_task_constructor_msgs/_moveit_task_constructor_msgs_s.ep.rosidl_typesupport_fastrtps_c.c
[7.668s] -- Up-to-date: /home/kush/UR5_Project_main/install/moveit_task_constructor_msgs/local/lib/python3.10/dist-packages/moveit_task_constructor_msgs/_moveit_task_constructor_msgs_s.ep.rosidl_typesupport_c.c
[7.668s] -- Up-to-date: /home/kush/UR5_Project_main/install/moveit_task_constructor_msgs/local/lib/python3.10/dist-packages/moveit_task_constructor_msgs/moveit_task_constructor_msgs_s__rosidl_typesupport_c.cpython-310-x86_64-linux-gnu.so
[8.035s] Listing '/home/kush/UR5_Project_main/install/moveit_task_constructor_msgs/local/lib/python3.10/dist-packages/moveit_task_constructor_msgs'...
[8.037s] Listing '/home/kush/UR5_Project_main/install/moveit_task_constructor_msgs/local/lib/python3.10/dist-packages/moveit_task_constructor_msgs/action'...
[8.037s] Listing '/home/kush/UR5_Project_main/install/moveit_task_constructor_msgs/local/lib/python3.10/dist-packages/moveit_task_constructor_msgs/msg'...
[8.037s] Listing '/home/kush/UR5_Project_main/install/moveit_task_constructor_msgs/local/lib/python3.10/dist-packages/moveit_task_constructor_msgs/srv'...
[8.071s] -- Up-to-date: /home/kush/UR5_Project_main/install/moveit_task_constructor_msgs/local/lib/python3.10/dist-packages/moveit_task_constructor_msgs/moveit_task_constructor_msgs_s__rosidl_typesupport_fastrtps_c.cpython-310-x86_64-linux-gnu.so
[8.157s] -- Up-to-date: /home/kush/UR5_Project_main/install/moveit_task_constructor_msgs/local/lib/python3.10/dist-packages/moveit_task_constructor_msgs/moveit_task_constructor_msgs_s__rosidl_typesupport_introspection_c.cpython-310-x86_64-linux-gnu.so
[8.247s] -- Up-to-date: /home/kush/UR5_Project_main/install/moveit_task_constructor_msgs/local/lib/python3.10/dist-packages/moveit_task_constructor_msgs/moveit_task_constructor_msgs_s__rosidl_typesupport_c.cpython-310-x86_64-linux-gnu.so
[8.318s] -- Up-to-date: /home/kush/UR5_Project_main/install/moveit_task_constructor_msgs/lib/libmoveit_task_constructor_msgs__rosidl_generator_py.so
[8.318s] -- Up-to-date: /home/kush/UR5_Project_main/install/moveit_task_constructor_msgs/share/moveit_task_constructor_msgs/msg/Property.idl
[8.318s] -- Up-to-date: /home/kush/UR5_Project_main/install/moveit_task_constructor_msgs/share/moveit_task_constructor_msgs/msg/Solution.idl
[8.319s] -- Up-to-date: /home/kush/UR5_Project_main/install/moveit_task_constructor_msgs/share/moveit_task_constructor_msgs/msg/SolutionInfo.idl
[8.319s] -- Up-to-date: /home/kush/UR5_Project_main/install/moveit_task_constructor_msgs/share/moveit_task_constructor_msgs/msg/StageDescription.idl
[8.319s] -- Up-to-date: /home/kush/UR5_Project_main/install/moveit_task_constructor_msgs/share/moveit_task_constructor_msgs/msg/StageStatistics.idl
[8.319s] -- Up-to-date: /home/kush/UR5_Project_main/install/moveit_task_constructor_msgs/share/moveit_task_constructor_msgs/msg/SubSolution.idl
[8.320s] -- Up-to-date: /home/kush/UR5_Project_main/install/moveit_task_constructor_msgs/share/moveit_task_constructor_msgs/msg/SubTrajectory.idl
[8.320s] -- Up-to-date: /home/kush/UR5_Project_main/install/moveit_task_constructor_msgs/share/moveit_task_constructor_msgs/msg/TaskDescription.idl
[8.320s] -- Up-to-date: /home/kush/UR5_Project_main/install/moveit_task_constructor_msgs/share/moveit_task_constructor_msgs/msg/TaskStatistics.idl
[8.320s] -- Up-to-date: /home/kush/UR5_Project_main/install/moveit_task_constructor_msgs/share/moveit_task_constructor_msgs/srv/GetSolution.idl
[8.320s] -- Up-to-date: /home/kush/UR5_Project_main/install/moveit_task_constructor_msgs/share/moveit_task_constructor_msgs/action/ExecuteTaskSolution.idl
[8.320s] -- Up-to-date: /home/kush/UR5_Project_main/install/moveit_task_constructor_msgs/share/moveit_task_constructor_msgs/msg/Property.msg
[8.320s] -- Up-to-date: /home/kush/UR5_Project_main/install/moveit_task_constructor_msgs/share/moveit_task_constructor_msgs/msg/Solution.msg
[8.321s] -- Up-to-date: /home/kush/UR5_Project_main/install/moveit_task_constructor_msgs/share/moveit_task_constructor_msgs/msg/SolutionInfo.msg
[8.321s] -- Up-to-date: /home/kush/UR5_Project_main/install/moveit_task_constructor_msgs/share/moveit_task_constructor_msgs/msg/StageDescription.msg
[8.321s] -- Up-to-date: /home/kush/UR5_Project_main/install/moveit_task_constructor_msgs/share/moveit_task_constructor_msgs/msg/StageStatistics.msg
[8.321s] -- Up-to-date: /home/kush/UR5_Project_main/install/moveit_task_constructor_msgs/share/moveit_task_constructor_msgs/msg/SubSolution.msg
[8.321s] -- Up-to-date: /home/kush/UR5_Project_main/install/moveit_task_constructor_msgs/share/moveit_task_constructor_msgs/msg/SubTrajectory.msg
[8.321s] -- Up-to-date: /home/kush/UR5_Project_main/install/moveit_task_constructor_msgs/share/moveit_task_constructor_msgs/msg/TaskDescription.msg
[8.322s] -- Up-to-date: /home/kush/UR5_Project_main/install/moveit_task_constructor_msgs/share/moveit_task_constructor_msgs/msg/TaskStatistics.msg
[8.322s] -- Up-to-date: /home/kush/UR5_Project_main/install/moveit_task_constructor_msgs/share/moveit_task_constructor_msgs/srv/GetSolution.srv
[8.322s] -- Up-to-date: /home/kush/UR5_Project_main/install/moveit_task_constructor_msgs/share/moveit_task_constructor_msgs/srv/GetSolution_Request.msg
[8.323s] -- Up-to-date: /home/kush/UR5_Project_main/install/moveit_task_constructor_msgs/share/moveit_task_constructor_msgs/srv/GetSolution_Response.msg
[8.323s] -- Up-to-date: /home/kush/UR5_Project_main/install/moveit_task_constructor_msgs/share/moveit_task_constructor_msgs/action/ExecuteTaskSolution.action
[8.323s] -- Up-to-date: /home/kush/UR5_Project_main/install/moveit_task_constructor_msgs/share/ament_index/resource_index/package_run_dependencies/moveit_task_constructor_msgs
[8.323s] -- Up-to-date: /home/kush/UR5_Project_main/install/moveit_task_constructor_msgs/share/ament_index/resource_index/parent_prefix_path/moveit_task_constructor_msgs
[8.323s] -- Up-to-date: /home/kush/UR5_Project_main/install/moveit_task_constructor_msgs/share/moveit_task_constructor_msgs/environment/ament_prefix_path.sh
[8.323s] -- Up-to-date: /home/kush/UR5_Project_main/install/moveit_task_constructor_msgs/share/moveit_task_constructor_msgs/environment/ament_prefix_path.dsv
[8.324s] -- Up-to-date: /home/kush/UR5_Project_main/install/moveit_task_constructor_msgs/share/moveit_task_constructor_msgs/environment/path.sh
[8.324s] -- Up-to-date: /home/kush/UR5_Project_main/install/moveit_task_constructor_msgs/share/moveit_task_constructor_msgs/environment/path.dsv
[8.324s] -- Up-to-date: /home/kush/UR5_Project_main/install/moveit_task_constructor_msgs/share/moveit_task_constructor_msgs/local_setup.bash
[8.324s] -- Up-to-date: /home/kush/UR5_Project_main/install/moveit_task_constructor_msgs/share/moveit_task_constructor_msgs/local_setup.sh
[8.324s] -- Up-to-date: /home/kush/UR5_Project_main/install/moveit_task_constructor_msgs/share/moveit_task_constructor_msgs/local_setup.zsh
[8.324s] -- Up-to-date: /home/kush/UR5_Project_main/install/moveit_task_constructor_msgs/share/moveit_task_constructor_msgs/local_setup.dsv
[8.324s] -- Installing: /home/kush/UR5_Project_main/install/moveit_task_constructor_msgs/share/moveit_task_constructor_msgs/package.dsv
[8.376s] -- Up-to-date: /home/kush/UR5_Project_main/install/moveit_task_constructor_msgs/share/ament_index/resource_index/packages/moveit_task_constructor_msgs
[8.462s] -- Up-to-date: /home/kush/UR5_Project_main/install/moveit_task_constructor_msgs/share/moveit_task_constructor_msgs/cmake/export_moveit_task_constructor_msgs__rosidl_generator_cExport.cmake
[8.462s] -- Up-to-date: /home/kush/UR5_Project_main/install/moveit_task_constructor_msgs/share/moveit_task_constructor_msgs/cmake/export_moveit_task_constructor_msgs__rosidl_generator_cExport-release.cmake
[8.471s] -- Up-to-date: /home/kush/UR5_Project_main/install/moveit_task_constructor_msgs/share/moveit_task_constructor_msgs/cmake/export_moveit_task_constructor_msgs__rosidl_typesupport_fastrtps_cExport.cmake
[8.472s] -- Up-to-date: /home/kush/UR5_Project_main/install/moveit_task_constructor_msgs/share/moveit_task_constructor_msgs/cmake/export_moveit_task_constructor_msgs__rosidl_typesupport_fastrtps_cExport-release.cmake
[8.499s] -- Up-to-date: /home/kush/UR5_Project_main/install/moveit_task_constructor_msgs/share/moveit_task_constructor_msgs/cmake/export_moveit_task_constructor_msgs__rosidl_generator_cppExport.cmake
[8.541s] -- Up-to-date: /home/kush/UR5_Project_main/install/moveit_task_constructor_msgs/share/moveit_task_constructor_msgs/cmake/export_moveit_task_constructor_msgs__rosidl_typesupport_fastrtps_cppExport.cmake
[8.544s] -- Up-to-date: /home/kush/UR5_Project_main/install/moveit_task_constructor_msgs/share/moveit_task_constructor_msgs/cmake/export_moveit_task_constructor_msgs__rosidl_typesupport_fastrtps_cppExport-release.cmake
[8.595s] -- Up-to-date: /home/kush/UR5_Project_main/install/moveit_task_constructor_msgs/share/moveit_task_constructor_msgs/cmake/moveit_task_constructor_msgs__rosidl_typesupport_introspection_cExport.cmake
[8.597s] -- Up-to-date: /home/kush/UR5_Project_main/install/moveit_task_constructor_msgs/share/moveit_task_constructor_msgs/cmake/moveit_task_constructor_msgs__rosidl_typesupport_introspection_cExport-release.cmake
[8.652s] -- Up-to-date: /home/kush/UR5_Project_main/install/moveit_task_constructor_msgs/share/moveit_task_constructor_msgs/cmake/moveit_task_constructor_msgs__rosidl_typesupport_cExport.cmake
[8.652s] -- Up-to-date: /home/kush/UR5_Project_main/install/moveit_task_constructor_msgs/share/moveit_task_constructor_msgs/cmake/moveit_task_constructor_msgs__rosidl_typesupport_cExport-release.cmake
[8.679s] -- Up-to-date: /home/kush/UR5_Project_main/install/moveit_task_constructor_msgs/share/moveit_task_constructor_msgs/cmake/moveit_task_constructor_msgs__rosidl_typesupport_introspection_cppExport.cmake
[8.679s] -- Up-to-date: /home/kush/UR5_Project_main/install/moveit_task_constructor_msgs/share/moveit_task_constructor_msgs/cmake/moveit_task_constructor_msgs__rosidl_typesupport_introspection_cppExport-release.cmake
[8.732s] -- Up-to-date: /home/kush/UR5_Project_main/install/moveit_task_constructor_msgs/share/moveit_task_constructor_msgs/cmake/moveit_task_constructor_msgs__rosidl_typesupport_cppExport.cmake
[8.732s] -- Up-to-date: /home/kush/UR5_Project_main/install/moveit_task_constructor_msgs/share/moveit_task_constructor_msgs/cmake/moveit_task_constructor_msgs__rosidl_typesupport_cppExport-release.cmake
[8.755s] -- Up-to-date: /home/kush/UR5_Project_main/install/moveit_task_constructor_msgs/share/moveit_task_constructor_msgs/cmake/export_moveit_task_constructor_msgs__rosidl_generator_pyExport.cmake
[8.755s] -- Up-to-date: /home/kush/UR5_Project_main/install/moveit_task_constructor_msgs/share/moveit_task_constructor_msgs/cmake/export_moveit_task_constructor_msgs__rosidl_generator_pyExport-release.cmake
[8.756s] -- Up-to-date: /home/kush/UR5_Project_main/install/moveit_task_constructor_msgs/share/moveit_task_constructor_msgs/cmake/rosidl_cmake-extras.cmake
[8.756s] -- Up-to-date: /home/kush/UR5_Project_main/install/moveit_task_constructor_msgs/share/moveit_task_constructor_msgs/cmake/ament_cmake_export_dependencies-extras.cmake
[8.757s] -- Up-to-date: /home/kush/UR5_Project_main/install/moveit_task_constructor_msgs/share/moveit_task_constructor_msgs/cmake/ament_cmake_export_include_directories-extras.cmake
[8.757s] -- Up-to-date: /home/kush/UR5_Project_main/install/moveit_task_constructor_msgs/share/moveit_task_constructor_msgs/cmake/ament_cmake_export_libraries-extras.cmake
[8.758s] -- Up-to-date: /home/kush/UR5_Project_main/install/moveit_task_constructor_msgs/share/moveit_task_constructor_msgs/cmake/ament_cmake_export_targets-extras.cmake
[8.758s] -- Up-to-date: /home/kush/UR5_Project_main/install/moveit_task_constructor_msgs/share/moveit_task_constructor_msgs/cmake/rosidl_cmake_export_typesupport_targets-extras.cmake
[8.758s] -- Up-to-date: /home/kush/UR5_Project_main/install/moveit_task_constructor_msgs/share/moveit_task_constructor_msgs/cmake/rosidl_cmake_export_typesupport_libraries-extras.cmake
[8.759s] -- Up-to-date: /home/kush/UR5_Project_main/install/moveit_task_constructor_msgs/share/moveit_task_constructor_msgs/cmake/moveit_task_constructor_msgsConfig.cmake
[8.759s] -- Up-to-date: /home/kush/UR5_Project_main/install/moveit_task_constructor_msgs/share/moveit_task_constructor_msgs/cmake/moveit_task_constructor_msgsConfig-version.cmake
[8.759s] -- Up-to-date: /home/kush/UR5_Project_main/install/moveit_task_constructor_msgs/share/moveit_task_constructor_msgs/package.xml
[8.784s] Invoked command in '/home/kush/UR5_Project_main/build/moveit_task_constructor_msgs' returned '0': CMAKE_PREFIX_PATH=${CMAKE_PREFIX_PATH}:/home/kush/ws_moveit2_ur5/install/moveit_configs_utils:/home/kush/ws_moveit2_ur5/install/launch_param_builder:/opt/ros/humble /usr/bin/cmake --install /home/kush/UR5_Project_main/build/moveit_task_constructor_msgs
