[  0%] Built target ament_cmake_python_copy_moveit_task_constructor_msgs
[  0%] Built target moveit_task_constructor_msgs__cpp
running egg_info
writing moveit_task_constructor_msgs.egg-info/PKG-INFO
writing dependency_links to moveit_task_constructor_msgs.egg-info/dependency_links.txt
writing top-level names to moveit_task_constructor_msgs.egg-info/top_level.txt
reading manifest file 'moveit_task_constructor_msgs.egg-info/SOURCES.txt'
writing manifest file 'moveit_task_constructor_msgs.egg-info/SOURCES.txt'
[  0%] Built target ament_cmake_python_build_moveit_task_constructor_msgs_egg
[ 12%] Built target moveit_task_constructor_msgs__rosidl_generator_c
[ 24%] Built target moveit_task_constructor_msgs__rosidl_typesupport_cpp
[ 35%] Built target moveit_task_constructor_msgs__rosidl_typesupport_fastrtps_cpp
gmake[2]: *** wait: No child processes.  Stop.
gmake[2]: *** Waiting for unfinished jobs....
gmake[2]: *** wait: No child processes.  Stop.
gmake[1]: *** [CMakeFiles/Makefile2:342: CMakeFiles/moveit_task_constructor_msgs__rosidl_typesupport_c.dir/all] Error 2
gmake[2]: *** [CMakeFiles/moveit_task_constructor_msgs__rosidl_typesupport_introspection_c.dir/build.make:607: CMakeFiles/moveit_task_constructor_msgs__rosidl_typesupport_introspection_c.dir/depend] Interrupt
gmake[1]: *** [CMakeFiles/Makefile2:316: CMakeFiles/moveit_task_constructor_msgs__rosidl_typesupport_introspection_c.dir/all] Interrupt
gmake[1]: *** [CMakeFiles/Makefile2:369: CMakeFiles/moveit_task_constructor_msgs__rosidl_typesupport_introspection_cpp.dir/all] Interrupt
gmake[1]: *** wait: No child processes.  Stop.
gmake[1]: *** Waiting for unfinished jobs....
gmake[1]: *** wait: No child processes.  Stop.
gmake: *** [Makefile:146: all] Error 2
