[1.015s] Invoking command in '/home/kush/UR5_Project_main/build/moveit_resources_panda_description': CMAKE_PREFIX_PATH=${CMAKE_PREFIX_PATH}:/home/kush/ws_moveit2_ur5/install/moveit_configs_utils:/home/kush/ws_moveit2_ur5/install/launch_param_builder:/opt/ros/humble /usr/bin/cmake /home/kush/UR5_Project_main/src/moveit_resources/panda_description -DCMAKE_BUILD_TYPE=Release -DCMAKE_INSTALL_PREFIX=/home/kush/UR5_Project_main/install/moveit_resources_panda_description
[9.200s] -- The C compiler identification is GNU 11.4.0
[9.491s] -- The CXX compiler identification is GNU 11.4.0
[9.753s] -- Detecting C compiler ABI info
[10.233s] -- Detecting C compiler ABI info - done
[10.252s] -- Check for working C compiler: /usr/bin/cc - skipped
[10.262s] -- Detecting C compile features
[10.292s] -- Detecting C compile features - done
[10.311s] -- Detecting CXX compiler ABI info
[10.508s] -- Detecting CXX compiler ABI info - done
[10.524s] -- Check for working CXX compiler: /usr/bin/c++ - skipped
[10.524s] -- Detecting CXX compile features
[10.525s] -- Detecting CXX compile features - done
[10.536s] -- Found ament_cmake: 1.3.5 (/opt/ros/humble/share/ament_cmake/cmake)
[10.893s] -- Found Python3: /usr/bin/python3.10 (found version "3.10.12") found components: Interpreter 
[11.296s] -- Configuring done
[11.301s] -- Generating done
[11.303s] -- Build files have been written to: /home/kush/UR5_Project_main/build/moveit_resources_panda_description
[11.315s] Invoked command in '/home/kush/UR5_Project_main/build/moveit_resources_panda_description' returned '0': CMAKE_PREFIX_PATH=${CMAKE_PREFIX_PATH}:/home/kush/ws_moveit2_ur5/install/moveit_configs_utils:/home/kush/ws_moveit2_ur5/install/launch_param_builder:/opt/ros/humble /usr/bin/cmake /home/kush/UR5_Project_main/src/moveit_resources/panda_description -DCMAKE_BUILD_TYPE=Release -DCMAKE_INSTALL_PREFIX=/home/kush/UR5_Project_main/install/moveit_resources_panda_description
[11.317s] Invoking command in '/home/kush/UR5_Project_main/build/moveit_resources_panda_description': CMAKE_PREFIX_PATH=${CMAKE_PREFIX_PATH}:/home/kush/ws_moveit2_ur5/install/moveit_configs_utils:/home/kush/ws_moveit2_ur5/install/launch_param_builder:/opt/ros/humble /usr/bin/cmake --build /home/kush/UR5_Project_main/build/moveit_resources_panda_description -- -j4 -l4
[11.406s] Invoked command in '/home/kush/UR5_Project_main/build/moveit_resources_panda_description' returned '0': CMAKE_PREFIX_PATH=${CMAKE_PREFIX_PATH}:/home/kush/ws_moveit2_ur5/install/moveit_configs_utils:/home/kush/ws_moveit2_ur5/install/launch_param_builder:/opt/ros/humble /usr/bin/cmake --build /home/kush/UR5_Project_main/build/moveit_resources_panda_description -- -j4 -l4
[11.472s] Invoking command in '/home/kush/UR5_Project_main/build/moveit_resources_panda_description': CMAKE_PREFIX_PATH=${CMAKE_PREFIX_PATH}:/home/kush/ws_moveit2_ur5/install/moveit_configs_utils:/home/kush/ws_moveit2_ur5/install/launch_param_builder:/opt/ros/humble /usr/bin/cmake --install /home/kush/UR5_Project_main/build/moveit_resources_panda_description
[11.491s] -- Install configuration: "Release"
[11.492s] -- Installing: /home/kush/UR5_Project_main/install/moveit_resources_panda_description/share/ament_index/resource_index/package_run_dependencies/moveit_resources_panda_description
[11.493s] -- Installing: /home/kush/UR5_Project_main/install/moveit_resources_panda_description/share/ament_index/resource_index/parent_prefix_path/moveit_resources_panda_description
[11.493s] -- Installing: /home/kush/UR5_Project_main/install/moveit_resources_panda_description/share/moveit_resources_panda_description/environment/ament_prefix_path.sh
[11.494s] -- Installing: /home/kush/UR5_Project_main/install/moveit_resources_panda_description/share/moveit_resources_panda_description/environment/ament_prefix_path.dsv
[11.494s] -- Installing: /home/kush/UR5_Project_main/install/moveit_resources_panda_description/share/moveit_resources_panda_description/environment/path.sh
[11.494s] -- Installing: /home/kush/UR5_Project_main/install/moveit_resources_panda_description/share/moveit_resources_panda_description/environment/path.dsv
[11.496s] -- Installing: /home/kush/UR5_Project_main/install/moveit_resources_panda_description/share/moveit_resources_panda_description/local_setup.bash
[11.499s] -- Installing: /home/kush/UR5_Project_main/install/moveit_resources_panda_description/share/moveit_resources_panda_description/local_setup.sh
[11.499s] -- Installing: /home/kush/UR5_Project_main/install/moveit_resources_panda_description/share/moveit_resources_panda_description/local_setup.zsh
[11.499s] -- Installing: /home/kush/UR5_Project_main/install/moveit_resources_panda_description/share/moveit_resources_panda_description/local_setup.dsv
[11.500s] -- Installing: /home/kush/UR5_Project_main/install/moveit_resources_panda_description/share/moveit_resources_panda_description/package.dsv
[11.500s] -- Installing: /home/kush/UR5_Project_main/install/moveit_resources_panda_description/share/ament_index/resource_index/packages/moveit_resources_panda_description
[11.501s] -- Installing: /home/kush/UR5_Project_main/install/moveit_resources_panda_description/share/moveit_resources_panda_description/cmake/moveit_resources_panda_descriptionConfig.cmake
[11.501s] -- Installing: /home/kush/UR5_Project_main/install/moveit_resources_panda_description/share/moveit_resources_panda_description/cmake/moveit_resources_panda_descriptionConfig-version.cmake
[11.502s] -- Installing: /home/kush/UR5_Project_main/install/moveit_resources_panda_description/share/moveit_resources_panda_description/package.xml
[11.504s] -- Installing: /home/kush/UR5_Project_main/install/moveit_resources_panda_description/share/moveit_resources_panda_description/meshes
[11.504s] -- Installing: /home/kush/UR5_Project_main/install/moveit_resources_panda_description/share/moveit_resources_panda_description/meshes/visual
[11.504s] -- Installing: /home/kush/UR5_Project_main/install/moveit_resources_panda_description/share/moveit_resources_panda_description/meshes/visual/link1.dae
[11.505s] -- Installing: /home/kush/UR5_Project_main/install/moveit_resources_panda_description/share/moveit_resources_panda_description/meshes/visual/link7.dae
[11.507s] -- Installing: /home/kush/UR5_Project_main/install/moveit_resources_panda_description/share/moveit_resources_panda_description/meshes/visual/link2.dae
[11.509s] -- Installing: /home/kush/UR5_Project_main/install/moveit_resources_panda_description/share/moveit_resources_panda_description/meshes/visual/finger.dae
[11.510s] -- Installing: /home/kush/UR5_Project_main/install/moveit_resources_panda_description/share/moveit_resources_panda_description/meshes/visual/link5.dae
[11.513s] -- Installing: /home/kush/UR5_Project_main/install/moveit_resources_panda_description/share/moveit_resources_panda_description/meshes/visual/link0.dae
[11.516s] -- Installing: /home/kush/UR5_Project_main/install/moveit_resources_panda_description/share/moveit_resources_panda_description/meshes/visual/link6.dae
[11.520s] -- Installing: /home/kush/UR5_Project_main/install/moveit_resources_panda_description/share/moveit_resources_panda_description/meshes/visual/link4.dae
[11.523s] -- Installing: /home/kush/UR5_Project_main/install/moveit_resources_panda_description/share/moveit_resources_panda_description/meshes/visual/hand.dae
[11.524s] -- Installing: /home/kush/UR5_Project_main/install/moveit_resources_panda_description/share/moveit_resources_panda_description/meshes/visual/link3.dae
[11.526s] -- Installing: /home/kush/UR5_Project_main/install/moveit_resources_panda_description/share/moveit_resources_panda_description/meshes/collision
[11.527s] -- Installing: /home/kush/UR5_Project_main/install/moveit_resources_panda_description/share/moveit_resources_panda_description/meshes/collision/finger.stl
[11.527s] -- Installing: /home/kush/UR5_Project_main/install/moveit_resources_panda_description/share/moveit_resources_panda_description/meshes/collision/link3.stl
[11.527s] -- Installing: /home/kush/UR5_Project_main/install/moveit_resources_panda_description/share/moveit_resources_panda_description/meshes/collision/link2.stl
[11.527s] -- Installing: /home/kush/UR5_Project_main/install/moveit_resources_panda_description/share/moveit_resources_panda_description/meshes/collision/link7.stl
[11.528s] -- Installing: /home/kush/UR5_Project_main/install/moveit_resources_panda_description/share/moveit_resources_panda_description/meshes/collision/link4.stl
[11.528s] -- Installing: /home/kush/UR5_Project_main/install/moveit_resources_panda_description/share/moveit_resources_panda_description/meshes/collision/hand.stl
[11.528s] -- Installing: /home/kush/UR5_Project_main/install/moveit_resources_panda_description/share/moveit_resources_panda_description/meshes/collision/link1.stl
[11.528s] -- Installing: /home/kush/UR5_Project_main/install/moveit_resources_panda_description/share/moveit_resources_panda_description/meshes/collision/link0.stl
[11.529s] -- Installing: /home/kush/UR5_Project_main/install/moveit_resources_panda_description/share/moveit_resources_panda_description/meshes/collision/link6.stl
[11.529s] -- Installing: /home/kush/UR5_Project_main/install/moveit_resources_panda_description/share/moveit_resources_panda_description/meshes/collision/link5.stl
[11.529s] -- Installing: /home/kush/UR5_Project_main/install/moveit_resources_panda_description/share/moveit_resources_panda_description/urdf
[11.529s] -- Installing: /home/kush/UR5_Project_main/install/moveit_resources_panda_description/share/moveit_resources_panda_description/urdf/panda.urdf
[11.539s] Invoked command in '/home/kush/UR5_Project_main/build/moveit_resources_panda_description' returned '0': CMAKE_PREFIX_PATH=${CMAKE_PREFIX_PATH}:/home/kush/ws_moveit2_ur5/install/moveit_configs_utils:/home/kush/ws_moveit2_ur5/install/launch_param_builder:/opt/ros/humble /usr/bin/cmake --install /home/kush/UR5_Project_main/build/moveit_resources_panda_description
