[0.370s] Invoking command in '/home/kush/UR5_Project_main/build/moveit_core': AMENT_PREFIX_PATH=/home/kush/UR5_Project_main/install/moveit_resources_panda_moveit_config:/home/kush/UR5_Project_main/install/srdfdom:/home/kush/UR5_Project_main/install/moveit_resources_pr2_description:/home/kush/UR5_Project_main/install/moveit_resources_panda_description:/home/kush/UR5_Project_main/install/moveit_common:${AMENT_PREFIX_PATH} CMAKE_PREFIX_PATH=/home/kush/UR5_Project_main/install/moveit_resources_panda_moveit_config:/home/kush/UR5_Project_main/install/srdfdom:/home/kush/UR5_Project_main/install/moveit_resources_pr2_description:/home/kush/UR5_Project_main/install/moveit_resources_panda_description:/home/kush/UR5_Project_main/install/moveit_common:/home/kush/ws_moveit2_ur5/install/ur_description:/home/kush/ws_moveit2_ur5/install/pilz_industrial_motion_planner_testutils:/home/kush/ws_moveit2_ur5/install/moveit_runtime:/home/kush/ws_moveit2_ur5/install/moveit2_tutorials:/home/kush/ws_moveit2_ur5/install/moveit:/home/kush/ws_moveit2_ur5/install/moveit_planners:/home/kush/ws_moveit2_ur5/install/pilz_industrial_motion_planner:/home/kush/ws_moveit2_ur5/install/moveit_visual_tools:/home/kush/ws_moveit2_ur5/install/moveit_task_constructor_visualization:/home/kush/ws_moveit2_ur5/install/moveit_task_constructor_demo:/home/kush/ws_moveit2_ur5/install/moveit_task_constructor_capabilities:/home/kush/ws_moveit2_ur5/install/moveit_task_constructor_core:/home/kush/ws_moveit2_ur5/install/moveit_ros_control_interface:/home/kush/ws_moveit2_ur5/install/moveit_plugins:/home/kush/ws_moveit2_ur5/install/moveit_simple_controller_manager:/home/kush/ws_moveit2_ur5/install/moveit_setup_assistant:/home/kush/ws_moveit2_ur5/install/moveit_setup_srdf_plugins:/home/kush/ws_moveit2_ur5/install/moveit_setup_core_plugins:/home/kush/ws_moveit2_ur5/install/moveit_setup_controllers:/home/kush/ws_moveit2_ur5/install/moveit_setup_app_plugins:/home/kush/ws_moveit2_ur5/install/moveit_setup_framework:/home/kush/ws_moveit2_ur5/install/moveit_servo:/home/kush/ws_moveit2_ur5/install/moveit_ros:/home/kush/ws_moveit2_ur5/install/moveit_ros_visualization:/home/kush/ws_moveit2_ur5/install/moveit_hybrid_planning:/home/kush/ws_moveit2_ur5/install/moveit_ros_planning_interface:/home/kush/ws_moveit2_ur5/install/moveit_ros_benchmarks:/home/kush/ws_moveit2_ur5/install/moveit_ros_warehouse:/home/kush/ws_moveit2_ur5/install/moveit_ros_robot_interaction:/home/kush/ws_moveit2_ur5/install/moveit_ros_perception:/home/kush/ws_moveit2_ur5/install/moveit_resources_prbt_pg70_support:/home/kush/ws_moveit2_ur5/install/moveit_resources_prbt_moveit_config:/home/kush/ws_moveit2_ur5/install/moveit_ros_move_group:/home/kush/ws_moveit2_ur5/install/moveit_planners_ompl:/home/kush/ws_moveit2_ur5/install/moveit_ros_planning:/home/kush/ws_moveit2_ur5/install/moveit_ros_occupancy_map_monitor:/home/kush/ws_moveit2_ur5/install/moveit_resources_prbt_ikfast_manipulator_plugin:/home/kush/ws_moveit2_ur5/install/moveit_planners_chomp:/home/kush/ws_moveit2_ur5/install/moveit_kinematics:/home/kush/ws_moveit2_ur5/install/moveit_chomp_optimizer_adapter:/home/kush/ws_moveit2_ur5/install/chomp_motion_planner:/home/kush/ws_moveit2_ur5/install/moveit_core:/home/kush/ws_moveit2_ur5/install/srdfdom:/home/kush/ws_moveit2_ur5/install/rviz_marker_tools:/home/kush/ws_moveit2_ur5/install/rosparam_shortcuts:/home/kush/ws_moveit2_ur5/install/moveit_task_constructor_msgs:/home/kush/ws_moveit2_ur5/install/moveit_resources_prbt_support:/home/kush/ws_moveit2_ur5/install/moveit_resources:/home/kush/ws_moveit2_ur5/install/moveit_resources_pr2_description:/home/kush/ws_moveit2_ur5/install/moveit_resources_panda_moveit_config:/home/kush/ws_moveit2_ur5/install/moveit_resources_panda_description:/home/kush/ws_moveit2_ur5/install/moveit_resources_fanuc_moveit_config:/home/kush/ws_moveit2_ur5/install/moveit_resources_fanuc_description:/home/kush/ws_moveit2_ur5/install/moveit_common:/home/kush/ws_moveit2_ur5/install/moveit_configs_utils:/home/kush/ws_moveit2_ur5/install/launch_param_builder:/opt/ros/humble LD_LIBRARY_PATH=/home/kush/UR5_Project_main/install/srdfdom/lib:${LD_LIBRARY_PATH} PYTHONPATH=/home/kush/UR5_Project_main/install/srdfdom/local/lib/python3.10/dist-packages:${PYTHONPATH} /usr/bin/cmake --build /home/kush/UR5_Project_main/build/moveit_core -- -j4 -l4
[1.988s] [  1%] Built target moveit_transforms
[3.045s] [  3%] Built target moveit_distance_field
[3.318s] [  5%] Built target moveit_utils
[3.513s] [  6%] Built target gtest
[3.697s] [  7%] Built target gtest_main
[4.115s] [  9%] Built target gmock
[4.352s] [ 10%] Built target gmock_main
[4.595s] [ 11%] Built target test_voxel_grid
[4.898s] [ 12%] Built target test_distance_field
[5.123s] [ 13%] Built target moveit_smoothing_base
[5.238s] [ 14%] Built target moveit_butterworth_parameters
[5.474s] [ 15%] Built target test_transforms
[5.661s] [ 17%] Built target moveit_version
[5.979s] [ 18%] Built target moveit_kinematics_base
[6.138s] [ 19%] Built target moveit_exceptions
[6.547s] [ 26%] Built target moveit_robot_model
[6.856s] [ 29%] Built target moveit_robot_state
[7.336s] [ 30%] Built target moveit_butterworth_filter
[7.571s] [ 31%] Built target moveit_robot_trajectory
[7.829s] [ 33%] Built target moveit_dynamics_solver
[8.119s] [ 34%] Built target moveit_kinematics_metrics
[8.259s] [ 35%] Built target test_butterworth_filter
[8.509s] [ 37%] Built target moveit_planning_interface
[8.986s] [ 41%] Built target moveit_trajectory_processing
[9.218s] [ 47%] Built target moveit_collision_detection
[9.369s] [ 48%] Built target moveit_test_utils
[9.524s] [ 50%] Built target test_world_diff
[9.657s] [ 51%] Built target test_all_valid
[9.823s] [ 56%] Built target moveit_collision_detection_bullet
[9.943s] [ 57%] Built target test_robot_model
[10.086s] [ 59%] Built target test_robot_state
[10.187s] [ 60%] Built target test_robot_state_benchmark
[10.280s] [ 61%] Built target test_robot_state_complex
[10.400s] [ 62%] Built target test_aabb
[10.494s] [ 63%] Built target test_cartesian_interpolator
[10.631s] [ 64%] Built target test_robot_trajectory
[10.732s] [ 65%] Built target test_time_parameterization
[10.800s] [ 67%] Built target test_time_optimal_trajectory_generation
[10.867s] [ 68%] Built target test_ruckig_traj_smoothing
[10.978s] [ 69%] Built target test_bullet_collision_detection
[11.081s] [ 70%] Built target test_bullet_collision_detection_panda
[11.159s] [ 72%] Built target test_bullet_continuous_collision_checking
[11.261s] [ 73%] Built target test_world
[11.361s] [ 75%] Built target moveit_collision_detection_fcl
[11.487s] [ 77%] Built target moveit_kinematic_constraints
[11.611s] [ 78%] Built target test_fcl_collision_detection_panda
[11.728s] [ 79%] Built target moveit_planning_scene
[11.923s] [ 80%] Built target test_constraints
[12.029s] [ 81%] Built target test_orientation_constraints
[12.158s] [ 82%] Built target moveit_planning_request_adapter
[12.268s] [ 83%] Built target test_planning_scene
[12.357s] [ 84%] Built target test_collision_objects
[12.446s] [ 85%] Built target test_multi_threaded
[12.547s] [ 86%] Built target collision_detector_bullet_plugin
[12.652s] [ 87%] Built target collision_detector_fcl_plugin
[12.799s] [ 90%] Built target moveit_collision_distance_field
[12.926s] [ 93%] Built target moveit_constraint_samplers
[13.029s] [ 94%] Built target test_collision_distance_field
[13.208s] [ 97%] Built target test_constraint_samplers
[13.319s] [ 98%] Built target test_fcl_collision_detection
[13.457s] [100%] Built target test_fcl_collision_env
[13.480s] Invoked command in '/home/kush/UR5_Project_main/build/moveit_core' returned '0': AMENT_PREFIX_PATH=/home/kush/UR5_Project_main/install/moveit_resources_panda_moveit_config:/home/kush/UR5_Project_main/install/srdfdom:/home/kush/UR5_Project_main/install/moveit_resources_pr2_description:/home/kush/UR5_Project_main/install/moveit_resources_panda_description:/home/kush/UR5_Project_main/install/moveit_common:${AMENT_PREFIX_PATH} CMAKE_PREFIX_PATH=/home/kush/UR5_Project_main/install/moveit_resources_panda_moveit_config:/home/kush/UR5_Project_main/install/srdfdom:/home/kush/UR5_Project_main/install/moveit_resources_pr2_description:/home/kush/UR5_Project_main/install/moveit_resources_panda_description:/home/kush/UR5_Project_main/install/moveit_common:/home/kush/ws_moveit2_ur5/install/ur_description:/home/kush/ws_moveit2_ur5/install/pilz_industrial_motion_planner_testutils:/home/kush/ws_moveit2_ur5/install/moveit_runtime:/home/kush/ws_moveit2_ur5/install/moveit2_tutorials:/home/kush/ws_moveit2_ur5/install/moveit:/home/kush/ws_moveit2_ur5/install/moveit_planners:/home/kush/ws_moveit2_ur5/install/pilz_industrial_motion_planner:/home/kush/ws_moveit2_ur5/install/moveit_visual_tools:/home/kush/ws_moveit2_ur5/install/moveit_task_constructor_visualization:/home/kush/ws_moveit2_ur5/install/moveit_task_constructor_demo:/home/kush/ws_moveit2_ur5/install/moveit_task_constructor_capabilities:/home/kush/ws_moveit2_ur5/install/moveit_task_constructor_core:/home/kush/ws_moveit2_ur5/install/moveit_ros_control_interface:/home/kush/ws_moveit2_ur5/install/moveit_plugins:/home/kush/ws_moveit2_ur5/install/moveit_simple_controller_manager:/home/kush/ws_moveit2_ur5/install/moveit_setup_assistant:/home/kush/ws_moveit2_ur5/install/moveit_setup_srdf_plugins:/home/kush/ws_moveit2_ur5/install/moveit_setup_core_plugins:/home/kush/ws_moveit2_ur5/install/moveit_setup_controllers:/home/kush/ws_moveit2_ur5/install/moveit_setup_app_plugins:/home/kush/ws_moveit2_ur5/install/moveit_setup_framework:/home/kush/ws_moveit2_ur5/install/moveit_servo:/home/kush/ws_moveit2_ur5/install/moveit_ros:/home/kush/ws_moveit2_ur5/install/moveit_ros_visualization:/home/kush/ws_moveit2_ur5/install/moveit_hybrid_planning:/home/kush/ws_moveit2_ur5/install/moveit_ros_planning_interface:/home/kush/ws_moveit2_ur5/install/moveit_ros_benchmarks:/home/kush/ws_moveit2_ur5/install/moveit_ros_warehouse:/home/kush/ws_moveit2_ur5/install/moveit_ros_robot_interaction:/home/kush/ws_moveit2_ur5/install/moveit_ros_perception:/home/kush/ws_moveit2_ur5/install/moveit_resources_prbt_pg70_support:/home/kush/ws_moveit2_ur5/install/moveit_resources_prbt_moveit_config:/home/kush/ws_moveit2_ur5/install/moveit_ros_move_group:/home/kush/ws_moveit2_ur5/install/moveit_planners_ompl:/home/kush/ws_moveit2_ur5/install/moveit_ros_planning:/home/kush/ws_moveit2_ur5/install/moveit_ros_occupancy_map_monitor:/home/kush/ws_moveit2_ur5/install/moveit_resources_prbt_ikfast_manipulator_plugin:/home/kush/ws_moveit2_ur5/install/moveit_planners_chomp:/home/kush/ws_moveit2_ur5/install/moveit_kinematics:/home/kush/ws_moveit2_ur5/install/moveit_chomp_optimizer_adapter:/home/kush/ws_moveit2_ur5/install/chomp_motion_planner:/home/kush/ws_moveit2_ur5/install/moveit_core:/home/kush/ws_moveit2_ur5/install/srdfdom:/home/kush/ws_moveit2_ur5/install/rviz_marker_tools:/home/kush/ws_moveit2_ur5/install/rosparam_shortcuts:/home/kush/ws_moveit2_ur5/install/moveit_task_constructor_msgs:/home/kush/ws_moveit2_ur5/install/moveit_resources_prbt_support:/home/kush/ws_moveit2_ur5/install/moveit_resources:/home/kush/ws_moveit2_ur5/install/moveit_resources_pr2_description:/home/kush/ws_moveit2_ur5/install/moveit_resources_panda_moveit_config:/home/kush/ws_moveit2_ur5/install/moveit_resources_panda_description:/home/kush/ws_moveit2_ur5/install/moveit_resources_fanuc_moveit_config:/home/kush/ws_moveit2_ur5/install/moveit_resources_fanuc_description:/home/kush/ws_moveit2_ur5/install/moveit_common:/home/kush/ws_moveit2_ur5/install/moveit_configs_utils:/home/kush/ws_moveit2_ur5/install/launch_param_builder:/opt/ros/humble LD_LIBRARY_PATH=/home/kush/UR5_Project_main/install/srdfdom/lib:${LD_LIBRARY_PATH} PYTHONPATH=/home/kush/UR5_Project_main/install/srdfdom/local/lib/python3.10/dist-packages:${PYTHONPATH} /usr/bin/cmake --build /home/kush/UR5_Project_main/build/moveit_core -- -j4 -l4
[13.708s] Invoking command in '/home/kush/UR5_Project_main/build/moveit_core': AMENT_PREFIX_PATH=/home/kush/UR5_Project_main/install/moveit_resources_panda_moveit_config:/home/kush/UR5_Project_main/install/srdfdom:/home/kush/UR5_Project_main/install/moveit_resources_pr2_description:/home/kush/UR5_Project_main/install/moveit_resources_panda_description:/home/kush/UR5_Project_main/install/moveit_common:${AMENT_PREFIX_PATH} CMAKE_PREFIX_PATH=/home/kush/UR5_Project_main/install/moveit_resources_panda_moveit_config:/home/kush/UR5_Project_main/install/srdfdom:/home/kush/UR5_Project_main/install/moveit_resources_pr2_description:/home/kush/UR5_Project_main/install/moveit_resources_panda_description:/home/kush/UR5_Project_main/install/moveit_common:/home/kush/ws_moveit2_ur5/install/ur_description:/home/kush/ws_moveit2_ur5/install/pilz_industrial_motion_planner_testutils:/home/kush/ws_moveit2_ur5/install/moveit_runtime:/home/kush/ws_moveit2_ur5/install/moveit2_tutorials:/home/kush/ws_moveit2_ur5/install/moveit:/home/kush/ws_moveit2_ur5/install/moveit_planners:/home/kush/ws_moveit2_ur5/install/pilz_industrial_motion_planner:/home/kush/ws_moveit2_ur5/install/moveit_visual_tools:/home/kush/ws_moveit2_ur5/install/moveit_task_constructor_visualization:/home/kush/ws_moveit2_ur5/install/moveit_task_constructor_demo:/home/kush/ws_moveit2_ur5/install/moveit_task_constructor_capabilities:/home/kush/ws_moveit2_ur5/install/moveit_task_constructor_core:/home/kush/ws_moveit2_ur5/install/moveit_ros_control_interface:/home/kush/ws_moveit2_ur5/install/moveit_plugins:/home/kush/ws_moveit2_ur5/install/moveit_simple_controller_manager:/home/kush/ws_moveit2_ur5/install/moveit_setup_assistant:/home/kush/ws_moveit2_ur5/install/moveit_setup_srdf_plugins:/home/kush/ws_moveit2_ur5/install/moveit_setup_core_plugins:/home/kush/ws_moveit2_ur5/install/moveit_setup_controllers:/home/kush/ws_moveit2_ur5/install/moveit_setup_app_plugins:/home/kush/ws_moveit2_ur5/install/moveit_setup_framework:/home/kush/ws_moveit2_ur5/install/moveit_servo:/home/kush/ws_moveit2_ur5/install/moveit_ros:/home/kush/ws_moveit2_ur5/install/moveit_ros_visualization:/home/kush/ws_moveit2_ur5/install/moveit_hybrid_planning:/home/kush/ws_moveit2_ur5/install/moveit_ros_planning_interface:/home/kush/ws_moveit2_ur5/install/moveit_ros_benchmarks:/home/kush/ws_moveit2_ur5/install/moveit_ros_warehouse:/home/kush/ws_moveit2_ur5/install/moveit_ros_robot_interaction:/home/kush/ws_moveit2_ur5/install/moveit_ros_perception:/home/kush/ws_moveit2_ur5/install/moveit_resources_prbt_pg70_support:/home/kush/ws_moveit2_ur5/install/moveit_resources_prbt_moveit_config:/home/kush/ws_moveit2_ur5/install/moveit_ros_move_group:/home/kush/ws_moveit2_ur5/install/moveit_planners_ompl:/home/kush/ws_moveit2_ur5/install/moveit_ros_planning:/home/kush/ws_moveit2_ur5/install/moveit_ros_occupancy_map_monitor:/home/kush/ws_moveit2_ur5/install/moveit_resources_prbt_ikfast_manipulator_plugin:/home/kush/ws_moveit2_ur5/install/moveit_planners_chomp:/home/kush/ws_moveit2_ur5/install/moveit_kinematics:/home/kush/ws_moveit2_ur5/install/moveit_chomp_optimizer_adapter:/home/kush/ws_moveit2_ur5/install/chomp_motion_planner:/home/kush/ws_moveit2_ur5/install/moveit_core:/home/kush/ws_moveit2_ur5/install/srdfdom:/home/kush/ws_moveit2_ur5/install/rviz_marker_tools:/home/kush/ws_moveit2_ur5/install/rosparam_shortcuts:/home/kush/ws_moveit2_ur5/install/moveit_task_constructor_msgs:/home/kush/ws_moveit2_ur5/install/moveit_resources_prbt_support:/home/kush/ws_moveit2_ur5/install/moveit_resources:/home/kush/ws_moveit2_ur5/install/moveit_resources_pr2_description:/home/kush/ws_moveit2_ur5/install/moveit_resources_panda_moveit_config:/home/kush/ws_moveit2_ur5/install/moveit_resources_panda_description:/home/kush/ws_moveit2_ur5/install/moveit_resources_fanuc_moveit_config:/home/kush/ws_moveit2_ur5/install/moveit_resources_fanuc_description:/home/kush/ws_moveit2_ur5/install/moveit_common:/home/kush/ws_moveit2_ur5/install/moveit_configs_utils:/home/kush/ws_moveit2_ur5/install/launch_param_builder:/opt/ros/humble LD_LIBRARY_PATH=/home/kush/UR5_Project_main/install/srdfdom/lib:${LD_LIBRARY_PATH} PYTHONPATH=/home/kush/UR5_Project_main/install/srdfdom/local/lib/python3.10/dist-packages:${PYTHONPATH} /usr/bin/cmake --install /home/kush/UR5_Project_main/build/moveit_core
[13.744s] -- Install configuration: "Release"
[13.745s] -- Up-to-date: /home/kush/UR5_Project_main/install/moveit_core/include/moveit/version.h
[13.753s] -- Up-to-date: /home/kush/UR5_Project_main/install/moveit_core/include
[13.753s] -- Up-to-date: /home/kush/UR5_Project_main/install/moveit_core/include/moveit
[13.754s] -- Up-to-date: /home/kush/UR5_Project_main/install/moveit_core/include/moveit/collision_distance_field
[13.754s] -- Up-to-date: /home/kush/UR5_Project_main/install/moveit_core/include/moveit/collision_distance_field/collision_common_distance_field.h
[13.754s] -- Up-to-date: /home/kush/UR5_Project_main/install/moveit_core/include/moveit/collision_distance_field/collision_detector_allocator_distance_field.h
[13.754s] -- Up-to-date: /home/kush/UR5_Project_main/install/moveit_core/include/moveit/collision_distance_field/collision_detector_allocator_hybrid.h
[13.754s] -- Up-to-date: /home/kush/UR5_Project_main/install/moveit_core/include/moveit/collision_distance_field/collision_env_distance_field.h
[13.754s] -- Up-to-date: /home/kush/UR5_Project_main/install/moveit_core/include/moveit/collision_distance_field/collision_env_hybrid.h
[13.755s] -- Up-to-date: /home/kush/UR5_Project_main/install/moveit_core/include/moveit/collision_distance_field/collision_distance_field_types.h
[13.755s] -- Up-to-date: /home/kush/UR5_Project_main/install/moveit_core/include/moveit_collision_distance_field_export.h
[13.757s] -- Up-to-date: /home/kush/UR5_Project_main/install/moveit_core/include
[13.758s] -- Up-to-date: /home/kush/UR5_Project_main/install/moveit_core/include/moveit
[13.758s] -- Up-to-date: /home/kush/UR5_Project_main/install/moveit_core/include/moveit/constraint_samplers
[13.758s] -- Up-to-date: /home/kush/UR5_Project_main/install/moveit_core/include/moveit/constraint_samplers/default_constraint_samplers.h
[13.758s] -- Up-to-date: /home/kush/UR5_Project_main/install/moveit_core/include/moveit/constraint_samplers/constraint_sampler_tools.h
[13.758s] -- Up-to-date: /home/kush/UR5_Project_main/install/moveit_core/include/moveit/constraint_samplers/constraint_sampler_allocator.h
[13.759s] -- Up-to-date: /home/kush/UR5_Project_main/install/moveit_core/include/moveit/constraint_samplers/constraint_sampler_manager.h
[13.759s] -- Up-to-date: /home/kush/UR5_Project_main/install/moveit_core/include/moveit/constraint_samplers/union_constraint_sampler.h
[13.759s] -- Up-to-date: /home/kush/UR5_Project_main/install/moveit_core/include/moveit/constraint_samplers/constraint_sampler.h
[13.759s] -- Up-to-date: /home/kush/UR5_Project_main/install/moveit_core/include
[13.759s] -- Up-to-date: /home/kush/UR5_Project_main/install/moveit_core/include/moveit
[13.759s] -- Up-to-date: /home/kush/UR5_Project_main/install/moveit_core/include/moveit/controller_manager
[13.760s] -- Up-to-date: /home/kush/UR5_Project_main/install/moveit_core/include/moveit/controller_manager/controller_manager.h
[13.764s] -- Up-to-date: /home/kush/UR5_Project_main/install/moveit_core/include
[13.764s] -- Up-to-date: /home/kush/UR5_Project_main/install/moveit_core/include/moveit
[13.764s] -- Up-to-date: /home/kush/UR5_Project_main/install/moveit_core/include/moveit/distance_field
[13.764s] -- Up-to-date: /home/kush/UR5_Project_main/install/moveit_core/include/moveit/distance_field/propagation_distance_field.h
[13.765s] -- Up-to-date: /home/kush/UR5_Project_main/install/moveit_core/include/moveit/distance_field/find_internal_points.h
[13.765s] -- Up-to-date: /home/kush/UR5_Project_main/install/moveit_core/include/moveit/distance_field/voxel_grid.h
[13.765s] -- Up-to-date: /home/kush/UR5_Project_main/install/moveit_core/include/moveit/distance_field/distance_field.h
[13.765s] -- Up-to-date: /home/kush/UR5_Project_main/install/moveit_core/include
[13.766s] -- Up-to-date: /home/kush/UR5_Project_main/install/moveit_core/include/moveit
[13.766s] -- Up-to-date: /home/kush/UR5_Project_main/install/moveit_core/include/moveit/dynamics_solver
[13.766s] -- Up-to-date: /home/kush/UR5_Project_main/install/moveit_core/include/moveit/dynamics_solver/dynamics_solver.h
[13.766s] -- Up-to-date: /home/kush/UR5_Project_main/install/moveit_core/include
[13.766s] -- Up-to-date: /home/kush/UR5_Project_main/install/moveit_core/include/moveit
[13.767s] -- Up-to-date: /home/kush/UR5_Project_main/install/moveit_core/include/moveit/exceptions
[13.767s] -- Up-to-date: /home/kush/UR5_Project_main/install/moveit_core/include/moveit/exceptions/exceptions.h
[13.767s] -- Up-to-date: /home/kush/UR5_Project_main/install/moveit_core/include
[13.767s] -- Up-to-date: /home/kush/UR5_Project_main/install/moveit_core/include/moveit
[13.767s] -- Up-to-date: /home/kush/UR5_Project_main/install/moveit_core/include/moveit/kinematics_base
[13.768s] -- Up-to-date: /home/kush/UR5_Project_main/install/moveit_core/include/moveit/kinematics_base/kinematics_base.h
[13.768s] -- Up-to-date: /home/kush/UR5_Project_main/install/moveit_core/include/moveit_kinematics_base_export.h
[13.771s] -- Up-to-date: /home/kush/UR5_Project_main/install/moveit_core/include
[13.771s] -- Up-to-date: /home/kush/UR5_Project_main/install/moveit_core/include/moveit
[13.771s] -- Up-to-date: /home/kush/UR5_Project_main/install/moveit_core/include/moveit/kinematic_constraints
[13.771s] -- Up-to-date: /home/kush/UR5_Project_main/install/moveit_core/include/moveit/kinematic_constraints/kinematic_constraint.h
[13.771s] -- Up-to-date: /home/kush/UR5_Project_main/install/moveit_core/include/moveit/kinematic_constraints/utils.h
[13.772s] -- Up-to-date: /home/kush/UR5_Project_main/install/moveit_core/include
[13.772s] -- Up-to-date: /home/kush/UR5_Project_main/install/moveit_core/include/moveit
[13.772s] -- Up-to-date: /home/kush/UR5_Project_main/install/moveit_core/include/moveit/kinematics_metrics
[13.772s] -- Up-to-date: /home/kush/UR5_Project_main/install/moveit_core/include/moveit/kinematics_metrics/kinematics_metrics.h
[13.773s] -- Up-to-date: /home/kush/UR5_Project_main/install/moveit_core/include
[13.773s] -- Up-to-date: /home/kush/UR5_Project_main/install/moveit_core/include/moveit
[13.773s] -- Up-to-date: /home/kush/UR5_Project_main/install/moveit_core/include/moveit/macros
[13.773s] -- Up-to-date: /home/kush/UR5_Project_main/install/moveit_core/include/moveit/macros/class_forward.h
[13.773s] -- Up-to-date: /home/kush/UR5_Project_main/install/moveit_core/include/moveit/macros/console_colors.h
[13.773s] -- Up-to-date: /home/kush/UR5_Project_main/install/moveit_core/include/moveit/macros/deprecation.h
[13.774s] -- Up-to-date: /home/kush/UR5_Project_main/install/moveit_core/include/moveit/macros/declare_ptr.h
[13.781s] -- Up-to-date: /home/kush/UR5_Project_main/install/moveit_core/include/moveit_butterworth_parameters
[13.781s] -- Up-to-date: /home/kush/UR5_Project_main/install/moveit_core/include/moveit_butterworth_parameters/moveit_butterworth_parameters.hpp
[13.781s] -- Up-to-date: /home/kush/UR5_Project_main/install/moveit_core/include
[13.781s] -- Up-to-date: /home/kush/UR5_Project_main/install/moveit_core/include/moveit
[13.782s] -- Up-to-date: /home/kush/UR5_Project_main/install/moveit_core/include/moveit/online_signal_smoothing
[13.782s] -- Up-to-date: /home/kush/UR5_Project_main/install/moveit_core/include/moveit/online_signal_smoothing/smoothing_base_class.h
[13.782s] -- Up-to-date: /home/kush/UR5_Project_main/install/moveit_core/include/moveit/online_signal_smoothing/butterworth_filter.h
[13.782s] -- Up-to-date: /home/kush/UR5_Project_main/install/moveit_core/include/moveit_smoothing_base_export.h
[13.782s] -- Up-to-date: /home/kush/UR5_Project_main/install/moveit_core/include/moveit_butterworth_filter_export.h
[13.783s] -- Up-to-date: /home/kush/UR5_Project_main/install/moveit_core/include
[13.783s] -- Up-to-date: /home/kush/UR5_Project_main/install/moveit_core/include/moveit
[13.783s] -- Up-to-date: /home/kush/UR5_Project_main/install/moveit_core/include/moveit/planning_interface
[13.783s] -- Up-to-date: /home/kush/UR5_Project_main/install/moveit_core/include/moveit/planning_interface/planning_request.h
[13.783s] -- Up-to-date: /home/kush/UR5_Project_main/install/moveit_core/include/moveit/planning_interface/planning_response.h
[13.784s] -- Up-to-date: /home/kush/UR5_Project_main/install/moveit_core/include/moveit/planning_interface/planning_interface.h
[13.785s] -- Up-to-date: /home/kush/UR5_Project_main/install/moveit_core/include
[13.785s] -- Up-to-date: /home/kush/UR5_Project_main/install/moveit_core/include/moveit
[13.785s] -- Up-to-date: /home/kush/UR5_Project_main/install/moveit_core/include/moveit/planning_request_adapter
[13.785s] -- Up-to-date: /home/kush/UR5_Project_main/install/moveit_core/include/moveit/planning_request_adapter/planning_request_adapter.h
[13.790s] -- Up-to-date: /home/kush/UR5_Project_main/install/moveit_core/include
[13.791s] -- Up-to-date: /home/kush/UR5_Project_main/install/moveit_core/include/moveit
[13.791s] -- Up-to-date: /home/kush/UR5_Project_main/install/moveit_core/include/moveit/planning_scene
[13.791s] -- Up-to-date: /home/kush/UR5_Project_main/install/moveit_core/include/moveit/planning_scene/planning_scene.h
[13.791s] -- Up-to-date: /home/kush/UR5_Project_main/install/moveit_core/include/moveit_planning_scene_export.h
[13.793s] -- Up-to-date: /home/kush/UR5_Project_main/install/moveit_core/include
[13.793s] -- Up-to-date: /home/kush/UR5_Project_main/install/moveit_core/include/moveit
[13.793s] -- Up-to-date: /home/kush/UR5_Project_main/install/moveit_core/include/moveit/robot_model
[13.793s] -- Up-to-date: /home/kush/UR5_Project_main/install/moveit_core/include/moveit/robot_model/revolute_joint_model.h
[13.793s] -- Up-to-date: /home/kush/UR5_Project_main/install/moveit_core/include/moveit/robot_model/prismatic_joint_model.h
[13.793s] -- Up-to-date: /home/kush/UR5_Project_main/install/moveit_core/include/moveit/robot_model/floating_joint_model.h
[13.794s] -- Up-to-date: /home/kush/UR5_Project_main/install/moveit_core/include/moveit/robot_model/robot_model.h
[13.794s] -- Up-to-date: /home/kush/UR5_Project_main/install/moveit_core/include/moveit/robot_model/fixed_joint_model.h
[13.794s] -- Up-to-date: /home/kush/UR5_Project_main/install/moveit_core/include/moveit/robot_model/link_model.h
[13.794s] -- Up-to-date: /home/kush/UR5_Project_main/install/moveit_core/include/moveit/robot_model/joint_model.h
[13.794s] -- Up-to-date: /home/kush/UR5_Project_main/install/moveit_core/include/moveit/robot_model/planar_joint_model.h
[13.794s] -- Up-to-date: /home/kush/UR5_Project_main/install/moveit_core/include/moveit/robot_model/joint_model_group.h
[13.795s] -- Up-to-date: /home/kush/UR5_Project_main/install/moveit_core/include/moveit/robot_model/aabb.h
[13.799s] -- Up-to-date: /home/kush/UR5_Project_main/install/moveit_core/include
[13.799s] -- Up-to-date: /home/kush/UR5_Project_main/install/moveit_core/include/moveit
[13.799s] -- Up-to-date: /home/kush/UR5_Project_main/install/moveit_core/include/moveit/robot_state
[13.799s] -- Up-to-date: /home/kush/UR5_Project_main/install/moveit_core/include/moveit/robot_state/conversions.h
[13.799s] -- Up-to-date: /home/kush/UR5_Project_main/install/moveit_core/include/moveit/robot_state/attached_body.h
[13.800s] -- Up-to-date: /home/kush/UR5_Project_main/install/moveit_core/include/moveit/robot_state/cartesian_interpolator.h
[13.800s] -- Up-to-date: /home/kush/UR5_Project_main/install/moveit_core/include/moveit/robot_state/robot_state.h
[13.803s] -- Up-to-date: /home/kush/UR5_Project_main/install/moveit_core/include
[13.803s] -- Up-to-date: /home/kush/UR5_Project_main/install/moveit_core/include/moveit
[13.803s] -- Up-to-date: /home/kush/UR5_Project_main/install/moveit_core/include/moveit/robot_trajectory
[13.803s] -- Up-to-date: /home/kush/UR5_Project_main/install/moveit_core/include/moveit/robot_trajectory/robot_trajectory.h
[13.804s] -- Up-to-date: /home/kush/UR5_Project_main/install/moveit_core/include
[13.804s] -- Up-to-date: /home/kush/UR5_Project_main/install/moveit_core/include/moveit
[13.804s] -- Up-to-date: /home/kush/UR5_Project_main/install/moveit_core/include/moveit/sensor_manager
[13.805s] -- Up-to-date: /home/kush/UR5_Project_main/install/moveit_core/include/moveit/sensor_manager/sensor_manager.h
[13.808s] -- Up-to-date: /home/kush/UR5_Project_main/install/moveit_core/include
[13.808s] -- Up-to-date: /home/kush/UR5_Project_main/install/moveit_core/include/moveit
[13.808s] -- Up-to-date: /home/kush/UR5_Project_main/install/moveit_core/include/moveit/trajectory_processing
[13.808s] -- Up-to-date: /home/kush/UR5_Project_main/install/moveit_core/include/moveit/trajectory_processing/trajectory_tools.h
[13.808s] -- Up-to-date: /home/kush/UR5_Project_main/install/moveit_core/include/moveit/trajectory_processing/iterative_spline_parameterization.h
[13.809s] -- Up-to-date: /home/kush/UR5_Project_main/install/moveit_core/include/moveit/trajectory_processing/time_parameterization.h
[13.809s] -- Up-to-date: /home/kush/UR5_Project_main/install/moveit_core/include/moveit/trajectory_processing/ruckig_traj_smoothing.h
[13.809s] -- Up-to-date: /home/kush/UR5_Project_main/install/moveit_core/include/moveit/trajectory_processing/iterative_time_parameterization.h
[13.809s] -- Up-to-date: /home/kush/UR5_Project_main/install/moveit_core/include/moveit/trajectory_processing/time_optimal_trajectory_generation.h
[13.809s] -- Up-to-date: /home/kush/UR5_Project_main/install/moveit_core/include
[13.810s] -- Up-to-date: /home/kush/UR5_Project_main/install/moveit_core/include/moveit
[13.810s] -- Up-to-date: /home/kush/UR5_Project_main/install/moveit_core/include/moveit/transforms
[13.810s] -- Up-to-date: /home/kush/UR5_Project_main/install/moveit_core/include/moveit/transforms/transforms.h
[13.814s] -- Up-to-date: /home/kush/UR5_Project_main/install/moveit_core/include
[13.814s] -- Up-to-date: /home/kush/UR5_Project_main/install/moveit_core/include/moveit
[13.814s] -- Up-to-date: /home/kush/UR5_Project_main/install/moveit_core/include/moveit/utils
[13.814s] -- Up-to-date: /home/kush/UR5_Project_main/install/moveit_core/include/moveit/utils/message_checks.h
[13.814s] -- Up-to-date: /home/kush/UR5_Project_main/install/moveit_core/include/moveit/utils/lexical_casts.h
[13.815s] -- Up-to-date: /home/kush/UR5_Project_main/install/moveit_core/include/moveit/utils/rclcpp_utils.h
[13.815s] -- Up-to-date: /home/kush/UR5_Project_main/install/moveit_core/include/moveit/utils/robot_model_test_utils.h
[13.815s] -- Up-to-date: /home/kush/UR5_Project_main/install/moveit_core/include/moveit/utils/moveit_error_code.h
[13.830s] -- Up-to-date: /home/kush/UR5_Project_main/install/moveit_core/bin/moveit_version
[13.841s] -- Up-to-date: /home/kush/UR5_Project_main/install/moveit_core/include
[13.842s] -- Up-to-date: /home/kush/UR5_Project_main/install/moveit_core/include/moveit
[13.842s] -- Up-to-date: /home/kush/UR5_Project_main/install/moveit_core/include/moveit/collision_detection
[13.842s] -- Up-to-date: /home/kush/UR5_Project_main/install/moveit_core/include/moveit/collision_detection/test_collision_common_pr2.h
[13.843s] -- Up-to-date: /home/kush/UR5_Project_main/install/moveit_core/include/moveit/collision_detection/world_diff.h
[13.843s] -- Up-to-date: /home/kush/UR5_Project_main/install/moveit_core/include/moveit/collision_detection/occupancy_map.h
[13.843s] -- Up-to-date: /home/kush/UR5_Project_main/install/moveit_core/include/moveit/collision_detection/collision_env.h
[13.843s] -- Up-to-date: /home/kush/UR5_Project_main/install/moveit_core/include/moveit/collision_detection/world.h
[13.843s] -- Up-to-date: /home/kush/UR5_Project_main/install/moveit_core/include/moveit/collision_detection/collision_matrix.h
[13.843s] -- Up-to-date: /home/kush/UR5_Project_main/install/moveit_core/include/moveit/collision_detection/collision_tools.h
[13.843s] -- Up-to-date: /home/kush/UR5_Project_main/install/moveit_core/include/moveit/collision_detection/collision_plugin_cache.h
[13.844s] -- Up-to-date: /home/kush/UR5_Project_main/install/moveit_core/include/moveit/collision_detection/collision_plugin.h
[13.844s] -- Up-to-date: /home/kush/UR5_Project_main/install/moveit_core/include/moveit/collision_detection/allvalid
[13.844s] -- Up-to-date: /home/kush/UR5_Project_main/install/moveit_core/include/moveit/collision_detection/allvalid/collision_env_allvalid.h
[13.844s] -- Up-to-date: /home/kush/UR5_Project_main/install/moveit_core/include/moveit/collision_detection/allvalid/collision_detector_allocator_allvalid.h
[13.844s] -- Up-to-date: /home/kush/UR5_Project_main/install/moveit_core/include/moveit/collision_detection/test_collision_common_panda.h
[13.844s] -- Up-to-date: /home/kush/UR5_Project_main/install/moveit_core/include/moveit/collision_detection/collision_detector_allocator.h
[13.845s] -- Up-to-date: /home/kush/UR5_Project_main/install/moveit_core/include/moveit/collision_detection/collision_octomap_filter.h
[13.845s] -- Up-to-date: /home/kush/UR5_Project_main/install/moveit_core/include/moveit/collision_detection/collision_common.h
[13.845s] -- Up-to-date: /home/kush/UR5_Project_main/install/moveit_core/include/moveit_collision_detection_export.h
[13.850s] -- Up-to-date: /home/kush/UR5_Project_main/install/moveit_core/include
[13.851s] -- Up-to-date: /home/kush/UR5_Project_main/install/moveit_core/include/moveit
[13.851s] -- Up-to-date: /home/kush/UR5_Project_main/install/moveit_core/include/moveit/collision_detection_bullet
[13.851s] -- Up-to-date: /home/kush/UR5_Project_main/install/moveit_core/include/moveit/collision_detection_bullet/collision_detector_allocator_bullet.h
[13.851s] -- Up-to-date: /home/kush/UR5_Project_main/install/moveit_core/include/moveit/collision_detection_bullet/bullet_integration
[13.852s] -- Up-to-date: /home/kush/UR5_Project_main/install/moveit_core/include/moveit/collision_detection_bullet/bullet_integration/bullet_utils.h
[13.852s] -- Up-to-date: /home/kush/UR5_Project_main/install/moveit_core/include/moveit/collision_detection_bullet/bullet_integration/contact_checker_common.h
[13.852s] -- Up-to-date: /home/kush/UR5_Project_main/install/moveit_core/include/moveit/collision_detection_bullet/bullet_integration/bullet_bvh_manager.h
[13.852s] -- Up-to-date: /home/kush/UR5_Project_main/install/moveit_core/include/moveit/collision_detection_bullet/bullet_integration/bullet_cast_bvh_manager.h
[13.852s] -- Up-to-date: /home/kush/UR5_Project_main/install/moveit_core/include/moveit/collision_detection_bullet/bullet_integration/bullet_discrete_bvh_manager.h
[13.852s] -- Up-to-date: /home/kush/UR5_Project_main/install/moveit_core/include/moveit/collision_detection_bullet/bullet_integration/basic_types.h
[13.853s] -- Up-to-date: /home/kush/UR5_Project_main/install/moveit_core/include/moveit/collision_detection_bullet/bullet_integration/ros_bullet_utils.h
[13.853s] -- Up-to-date: /home/kush/UR5_Project_main/install/moveit_core/include/moveit/collision_detection_bullet/collision_env_bullet.h
[13.853s] -- Up-to-date: /home/kush/UR5_Project_main/install/moveit_core/include/moveit/collision_detection_bullet/collision_detector_bullet_plugin_loader.h
[13.853s] -- Up-to-date: /home/kush/UR5_Project_main/install/moveit_core/include/moveit_collision_detection_bullet_export.h
[13.867s] -- Up-to-date: /home/kush/UR5_Project_main/install/moveit_core/lib/libmoveit_collision_detection_bullet.so.2.5.4
[13.868s] -- Up-to-date: /home/kush/UR5_Project_main/install/moveit_core/lib/libmoveit_collision_detection_bullet.so
[13.880s] -- Up-to-date: /home/kush/UR5_Project_main/install/moveit_core/lib/libcollision_detector_bullet_plugin.so.2.5.4
[13.880s] -- Up-to-date: /home/kush/UR5_Project_main/install/moveit_core/lib/libcollision_detector_bullet_plugin.so
[13.881s] -- Up-to-date: /home/kush/UR5_Project_main/install/moveit_core/share/moveit_core/environment/library_path.sh
[13.881s] -- Up-to-date: /home/kush/UR5_Project_main/install/moveit_core/share/moveit_core/environment/library_path.dsv
[13.881s] -- Up-to-date: /home/kush/UR5_Project_main/install/moveit_core/include
[13.881s] -- Up-to-date: /home/kush/UR5_Project_main/install/moveit_core/include/moveit
[13.882s] -- Up-to-date: /home/kush/UR5_Project_main/install/moveit_core/include/moveit/collision_detection_fcl
[13.882s] -- Up-to-date: /home/kush/UR5_Project_main/install/moveit_core/include/moveit/collision_detection_fcl/collision_detector_fcl_plugin_loader.h
[13.882s] -- Up-to-date: /home/kush/UR5_Project_main/install/moveit_core/include/moveit/collision_detection_fcl/fcl_compat.h
[13.882s] -- Up-to-date: /home/kush/UR5_Project_main/install/moveit_core/include/moveit/collision_detection_fcl/collision_env_fcl.h
[13.883s] -- Up-to-date: /home/kush/UR5_Project_main/install/moveit_core/include/moveit/collision_detection_fcl/collision_detector_allocator_fcl.h
[13.883s] -- Up-to-date: /home/kush/UR5_Project_main/install/moveit_core/include/moveit/collision_detection_fcl/collision_common.h
[13.883s] -- Up-to-date: /home/kush/UR5_Project_main/install/moveit_core/include/moveit_collision_detection_fcl_export.h
[13.897s] -- Up-to-date: /home/kush/UR5_Project_main/install/moveit_core/lib/libmoveit_butterworth_filter.so.2.5.4
[13.898s] -- Up-to-date: /home/kush/UR5_Project_main/install/moveit_core/lib/libmoveit_butterworth_filter.so
[13.918s] -- Up-to-date: /home/kush/UR5_Project_main/install/moveit_core/lib/libmoveit_collision_distance_field.so.2.5.4
[13.918s] -- Up-to-date: /home/kush/UR5_Project_main/install/moveit_core/lib/libmoveit_collision_distance_field.so
[13.940s] -- Up-to-date: /home/kush/UR5_Project_main/install/moveit_core/lib/libmoveit_collision_detection.so.2.5.4
[13.941s] -- Up-to-date: /home/kush/UR5_Project_main/install/moveit_core/lib/libmoveit_collision_detection.so
[13.958s] -- Up-to-date: /home/kush/UR5_Project_main/install/moveit_core/lib/libmoveit_collision_detection_fcl.so.2.5.4
[13.958s] -- Up-to-date: /home/kush/UR5_Project_main/install/moveit_core/lib/libmoveit_collision_detection_fcl.so
[13.959s] -- Up-to-date: /home/kush/UR5_Project_main/install/moveit_core/lib/libmoveit_collision_detection_bullet.so.2.5.4
[13.959s] -- Up-to-date: /home/kush/UR5_Project_main/install/moveit_core/lib/libmoveit_collision_detection_bullet.so
[13.969s] -- Up-to-date: /home/kush/UR5_Project_main/install/moveit_core/lib/libmoveit_dynamics_solver.so.2.5.4
[13.969s] -- Up-to-date: /home/kush/UR5_Project_main/install/moveit_core/lib/libmoveit_dynamics_solver.so
[13.970s] -- Up-to-date: /home/kush/UR5_Project_main/install/moveit_core/lib/libmoveit_constraint_samplers.so.2.5.4
[13.970s] -- Up-to-date: /home/kush/UR5_Project_main/install/moveit_core/lib/libmoveit_constraint_samplers.so
[13.986s] -- Up-to-date: /home/kush/UR5_Project_main/install/moveit_core/lib/libmoveit_distance_field.so.2.5.4
[13.986s] -- Up-to-date: /home/kush/UR5_Project_main/install/moveit_core/lib/libmoveit_distance_field.so
[13.987s] -- Up-to-date: /home/kush/UR5_Project_main/install/moveit_core/lib/libmoveit_exceptions.so.2.5.4
[13.987s] -- Up-to-date: /home/kush/UR5_Project_main/install/moveit_core/lib/libmoveit_exceptions.so
[13.988s] -- Up-to-date: /home/kush/UR5_Project_main/install/moveit_core/lib/libmoveit_kinematics_base.so
[13.992s] -- Up-to-date: /home/kush/UR5_Project_main/install/moveit_core/lib/libmoveit_kinematic_constraints.so.2.5.4
[13.992s] -- Up-to-date: /home/kush/UR5_Project_main/install/moveit_core/lib/libmoveit_kinematic_constraints.so
[14.009s] -- Up-to-date: /home/kush/UR5_Project_main/install/moveit_core/lib/libmoveit_kinematics_metrics.so.2.5.4
[14.010s] -- Up-to-date: /home/kush/UR5_Project_main/install/moveit_core/lib/libmoveit_kinematics_metrics.so
[14.025s] -- Up-to-date: /home/kush/UR5_Project_main/install/moveit_core/lib/libmoveit_planning_interface.so.2.5.4
[14.025s] -- Up-to-date: /home/kush/UR5_Project_main/install/moveit_core/lib/libmoveit_planning_interface.so
[14.046s] -- Up-to-date: /home/kush/UR5_Project_main/install/moveit_core/lib/libmoveit_planning_scene.so.2.5.4
[14.046s] -- Up-to-date: /home/kush/UR5_Project_main/install/moveit_core/lib/libmoveit_planning_scene.so
[14.047s] -- Up-to-date: /home/kush/UR5_Project_main/install/moveit_core/lib/libmoveit_planning_request_adapter.so.2.5.4
[14.047s] -- Up-to-date: /home/kush/UR5_Project_main/install/moveit_core/lib/libmoveit_planning_request_adapter.so
[14.068s] -- Up-to-date: /home/kush/UR5_Project_main/install/moveit_core/lib/libmoveit_robot_model.so.2.5.4
[14.068s] -- Up-to-date: /home/kush/UR5_Project_main/install/moveit_core/lib/libmoveit_robot_model.so
[14.078s] -- Up-to-date: /home/kush/UR5_Project_main/install/moveit_core/lib/libmoveit_robot_state.so.2.5.4
[14.078s] -- Up-to-date: /home/kush/UR5_Project_main/install/moveit_core/lib/libmoveit_robot_state.so
[14.089s] -- Up-to-date: /home/kush/UR5_Project_main/install/moveit_core/lib/libmoveit_robot_trajectory.so.2.5.4
[14.090s] -- Up-to-date: /home/kush/UR5_Project_main/install/moveit_core/lib/libmoveit_robot_trajectory.so
[14.091s] -- Up-to-date: /home/kush/UR5_Project_main/install/moveit_core/lib/libmoveit_smoothing_base.so.2.5.4
[14.092s] -- Up-to-date: /home/kush/UR5_Project_main/install/moveit_core/lib/libmoveit_smoothing_base.so
[14.107s] -- Up-to-date: /home/kush/UR5_Project_main/install/moveit_core/lib/libmoveit_test_utils.so.2.5.4
[14.107s] -- Up-to-date: /home/kush/UR5_Project_main/install/moveit_core/lib/libmoveit_test_utils.so
[14.110s] -- Up-to-date: /home/kush/UR5_Project_main/install/moveit_core/lib/libmoveit_trajectory_processing.so.2.5.4
[14.111s] -- Up-to-date: /home/kush/UR5_Project_main/install/moveit_core/lib/libmoveit_trajectory_processing.so
[14.111s] -- Up-to-date: /home/kush/UR5_Project_main/install/moveit_core/lib/libmoveit_transforms.so.2.5.4
[14.112s] -- Up-to-date: /home/kush/UR5_Project_main/install/moveit_core/lib/libmoveit_transforms.so
[14.112s] -- Up-to-date: /home/kush/UR5_Project_main/install/moveit_core/lib/libmoveit_utils.so.2.5.4
[14.113s] -- Up-to-date: /home/kush/UR5_Project_main/install/moveit_core/lib/libmoveit_utils.so
[14.114s] -- Up-to-date: /home/kush/UR5_Project_main/install/moveit_core/share/moveit_core/environment/library_path.sh
[14.114s] -- Up-to-date: /home/kush/UR5_Project_main/install/moveit_core/share/moveit_core/environment/library_path.dsv
[14.114s] -- Up-to-date: /home/kush/UR5_Project_main/install/moveit_core/share/moveit_core/collision_detector_fcl_description.xml
[14.115s] -- Up-to-date: /home/kush/UR5_Project_main/install/moveit_core/share/moveit_core/collision_detector_bullet_description.xml
[14.115s] -- Up-to-date: /home/kush/UR5_Project_main/install/moveit_core/share/moveit_core/filter_plugin_butterworth.xml
[14.115s] -- Up-to-date: /home/kush/UR5_Project_main/install/moveit_core/share/ament_index/resource_index/package_run_dependencies/moveit_core
[14.115s] -- Up-to-date: /home/kush/UR5_Project_main/install/moveit_core/share/ament_index/resource_index/parent_prefix_path/moveit_core
[14.115s] -- Up-to-date: /home/kush/UR5_Project_main/install/moveit_core/share/moveit_core/environment/ament_prefix_path.sh
[14.115s] -- Up-to-date: /home/kush/UR5_Project_main/install/moveit_core/share/moveit_core/environment/ament_prefix_path.dsv
[14.116s] -- Up-to-date: /home/kush/UR5_Project_main/install/moveit_core/share/moveit_core/environment/path.sh
[14.116s] -- Up-to-date: /home/kush/UR5_Project_main/install/moveit_core/share/moveit_core/environment/path.dsv
[14.116s] -- Up-to-date: /home/kush/UR5_Project_main/install/moveit_core/share/moveit_core/local_setup.bash
[14.116s] -- Up-to-date: /home/kush/UR5_Project_main/install/moveit_core/share/moveit_core/local_setup.sh
[14.116s] -- Up-to-date: /home/kush/UR5_Project_main/install/moveit_core/share/moveit_core/local_setup.zsh
[14.116s] -- Up-to-date: /home/kush/UR5_Project_main/install/moveit_core/share/moveit_core/local_setup.dsv
[14.116s] -- Installing: /home/kush/UR5_Project_main/install/moveit_core/share/moveit_core/package.dsv
[14.123s] -- Up-to-date: /home/kush/UR5_Project_main/install/moveit_core/share/ament_index/resource_index/packages/moveit_core
[14.123s] -- Up-to-date: /home/kush/UR5_Project_main/install/moveit_core/share/ament_index/resource_index/moveit_core__pluginlib__plugin/moveit_core
[14.126s] -- Up-to-date: /home/kush/UR5_Project_main/install/moveit_core/share/moveit_core/cmake/export_moveit_coreExport.cmake
[14.127s] -- Up-to-date: /home/kush/UR5_Project_main/install/moveit_core/share/moveit_core/cmake/export_moveit_coreExport-release.cmake
[14.127s] -- Up-to-date: /home/kush/UR5_Project_main/install/moveit_core/share/moveit_core/cmake/ConfigExtras.cmake
[14.127s] -- Up-to-date: /home/kush/UR5_Project_main/install/moveit_core/share/moveit_core/cmake/ament_cmake_export_targets-extras.cmake
[14.128s] -- Up-to-date: /home/kush/UR5_Project_main/install/moveit_core/share/moveit_core/cmake/ament_cmake_export_dependencies-extras.cmake
[14.128s] -- Up-to-date: /home/kush/UR5_Project_main/install/moveit_core/share/moveit_core/cmake/moveit_coreConfig.cmake
[14.128s] -- Up-to-date: /home/kush/UR5_Project_main/install/moveit_core/share/moveit_core/cmake/moveit_coreConfig-version.cmake
[14.128s] -- Up-to-date: /home/kush/UR5_Project_main/install/moveit_core/share/moveit_core/package.xml
[14.136s] Invoked command in '/home/kush/UR5_Project_main/build/moveit_core' returned '0': AMENT_PREFIX_PATH=/home/kush/UR5_Project_main/install/moveit_resources_panda_moveit_config:/home/kush/UR5_Project_main/install/srdfdom:/home/kush/UR5_Project_main/install/moveit_resources_pr2_description:/home/kush/UR5_Project_main/install/moveit_resources_panda_description:/home/kush/UR5_Project_main/install/moveit_common:${AMENT_PREFIX_PATH} CMAKE_PREFIX_PATH=/home/kush/UR5_Project_main/install/moveit_resources_panda_moveit_config:/home/kush/UR5_Project_main/install/srdfdom:/home/kush/UR5_Project_main/install/moveit_resources_pr2_description:/home/kush/UR5_Project_main/install/moveit_resources_panda_description:/home/kush/UR5_Project_main/install/moveit_common:/home/kush/ws_moveit2_ur5/install/ur_description:/home/kush/ws_moveit2_ur5/install/pilz_industrial_motion_planner_testutils:/home/kush/ws_moveit2_ur5/install/moveit_runtime:/home/kush/ws_moveit2_ur5/install/moveit2_tutorials:/home/kush/ws_moveit2_ur5/install/moveit:/home/kush/ws_moveit2_ur5/install/moveit_planners:/home/kush/ws_moveit2_ur5/install/pilz_industrial_motion_planner:/home/kush/ws_moveit2_ur5/install/moveit_visual_tools:/home/kush/ws_moveit2_ur5/install/moveit_task_constructor_visualization:/home/kush/ws_moveit2_ur5/install/moveit_task_constructor_demo:/home/kush/ws_moveit2_ur5/install/moveit_task_constructor_capabilities:/home/kush/ws_moveit2_ur5/install/moveit_task_constructor_core:/home/kush/ws_moveit2_ur5/install/moveit_ros_control_interface:/home/kush/ws_moveit2_ur5/install/moveit_plugins:/home/kush/ws_moveit2_ur5/install/moveit_simple_controller_manager:/home/kush/ws_moveit2_ur5/install/moveit_setup_assistant:/home/kush/ws_moveit2_ur5/install/moveit_setup_srdf_plugins:/home/kush/ws_moveit2_ur5/install/moveit_setup_core_plugins:/home/kush/ws_moveit2_ur5/install/moveit_setup_controllers:/home/kush/ws_moveit2_ur5/install/moveit_setup_app_plugins:/home/kush/ws_moveit2_ur5/install/moveit_setup_framework:/home/kush/ws_moveit2_ur5/install/moveit_servo:/home/kush/ws_moveit2_ur5/install/moveit_ros:/home/kush/ws_moveit2_ur5/install/moveit_ros_visualization:/home/kush/ws_moveit2_ur5/install/moveit_hybrid_planning:/home/kush/ws_moveit2_ur5/install/moveit_ros_planning_interface:/home/kush/ws_moveit2_ur5/install/moveit_ros_benchmarks:/home/kush/ws_moveit2_ur5/install/moveit_ros_warehouse:/home/kush/ws_moveit2_ur5/install/moveit_ros_robot_interaction:/home/kush/ws_moveit2_ur5/install/moveit_ros_perception:/home/kush/ws_moveit2_ur5/install/moveit_resources_prbt_pg70_support:/home/kush/ws_moveit2_ur5/install/moveit_resources_prbt_moveit_config:/home/kush/ws_moveit2_ur5/install/moveit_ros_move_group:/home/kush/ws_moveit2_ur5/install/moveit_planners_ompl:/home/kush/ws_moveit2_ur5/install/moveit_ros_planning:/home/kush/ws_moveit2_ur5/install/moveit_ros_occupancy_map_monitor:/home/kush/ws_moveit2_ur5/install/moveit_resources_prbt_ikfast_manipulator_plugin:/home/kush/ws_moveit2_ur5/install/moveit_planners_chomp:/home/kush/ws_moveit2_ur5/install/moveit_kinematics:/home/kush/ws_moveit2_ur5/install/moveit_chomp_optimizer_adapter:/home/kush/ws_moveit2_ur5/install/chomp_motion_planner:/home/kush/ws_moveit2_ur5/install/moveit_core:/home/kush/ws_moveit2_ur5/install/srdfdom:/home/kush/ws_moveit2_ur5/install/rviz_marker_tools:/home/kush/ws_moveit2_ur5/install/rosparam_shortcuts:/home/kush/ws_moveit2_ur5/install/moveit_task_constructor_msgs:/home/kush/ws_moveit2_ur5/install/moveit_resources_prbt_support:/home/kush/ws_moveit2_ur5/install/moveit_resources:/home/kush/ws_moveit2_ur5/install/moveit_resources_pr2_description:/home/kush/ws_moveit2_ur5/install/moveit_resources_panda_moveit_config:/home/kush/ws_moveit2_ur5/install/moveit_resources_panda_description:/home/kush/ws_moveit2_ur5/install/moveit_resources_fanuc_moveit_config:/home/kush/ws_moveit2_ur5/install/moveit_resources_fanuc_description:/home/kush/ws_moveit2_ur5/install/moveit_common:/home/kush/ws_moveit2_ur5/install/moveit_configs_utils:/home/kush/ws_moveit2_ur5/install/launch_param_builder:/opt/ros/humble LD_LIBRARY_PATH=/home/kush/UR5_Project_main/install/srdfdom/lib:${LD_LIBRARY_PATH} PYTHONPATH=/home/kush/UR5_Project_main/install/srdfdom/local/lib/python3.10/dist-packages:${PYTHONPATH} /usr/bin/cmake --install /home/kush/UR5_Project_main/build/moveit_core
