[0.513s] Invoking command in '/home/kush/UR5_Project_main/src/build/srdfdom': CMAKE_PREFIX_PATH=${CMAKE_PREFIX_PATH}:/home/kush/UR5_Project_main/install/moveit_configs_utils:/home/kush/UR5_Project_main/install/launch_param_builder:/home/kush/ws_moveit2_ur5/install/moveit_configs_utils:/home/kush/ws_moveit2_ur5/install/launch_param_builder:/opt/ros/humble /usr/bin/cmake /home/kush/UR5_Project_main/src/srdfdom -DCMAKE_BUILD_TYPE=Debug -DCMAKE_INSTALL_PREFIX=/home/kush/UR5_Project_main/src/install/srdfdom
[1.326s] -- The CXX compiler identification is GNU 11.4.0
[1.327s] -- Detecting CXX compiler ABI info
[1.327s] -- Detecting CXX compiler ABI info - done
[1.327s] -- Check for working CXX compiler: /usr/bin/c++ - skipped
[1.327s] -- Detecting CXX compile features
[1.327s] -- Detecting CXX compile features - done
[1.354s] -- Found Boost: /usr/lib/x86_64-linux-gnu/cmake/Boost-1.74.0/BoostConfig.cmake (found version "1.74.0")  
[1.631s] -- Found ament_cmake: 1.3.5 (/opt/ros/humble/share/ament_cmake/cmake)
[2.565s] -- Found Python3: /usr/bin/python3.10 (found version "3.10.12") found components: Interpreter 
[3.392s] -- Found urdf: 2.6.0 (/opt/ros/humble/share/urdf/cmake)
[6.133s] -- Found TinyXML2: /usr/lib/x86_64-linux-gnu/libtinyxml2.so  
[6.474s] -- Found ament_cmake_gtest: 1.3.5 (/opt/ros/humble/share/ament_cmake_gtest/cmake)
[6.574s] -- Found ament_cmake_pytest: 1.3.5 (/opt/ros/humble/share/ament_cmake_pytest/cmake)
[10.356s] -- Found gtest sources under '/opt/ros/humble/src/gtest_vendor': C++ tests using 'Google Test' will be built
[10.577s] -- The C compiler identification is GNU 11.4.0
[10.612s] -- Detecting C compiler ABI info
[10.980s] -- Detecting C compiler ABI info - done
[11.037s] -- Check for working C compiler: /usr/bin/cc - skipped
[11.037s] -- Detecting C compile features
[11.037s] -- Detecting C compile features - done
[11.070s] -- Looking for C++ include pthread.h
[11.549s] -- Looking for C++ include pthread.h - found
[11.549s] -- Performing Test CMAKE_HAVE_LIBC_PTHREAD
[12.048s] -- Performing Test CMAKE_HAVE_LIBC_PTHREAD - Success
[12.048s] -- Found Threads: TRUE  
[12.111s] -- Found ament_lint_auto: 0.12.7 (/opt/ros/humble/share/ament_lint_auto/cmake)
[12.357s] -- Configuring done
[12.399s] -- Generating done
[12.402s] -- Build files have been written to: /home/kush/UR5_Project_main/src/build/srdfdom
[12.420s] Invoked command in '/home/kush/UR5_Project_main/src/build/srdfdom' returned '0': CMAKE_PREFIX_PATH=${CMAKE_PREFIX_PATH}:/home/kush/UR5_Project_main/install/moveit_configs_utils:/home/kush/UR5_Project_main/install/launch_param_builder:/home/kush/ws_moveit2_ur5/install/moveit_configs_utils:/home/kush/ws_moveit2_ur5/install/launch_param_builder:/opt/ros/humble /usr/bin/cmake /home/kush/UR5_Project_main/src/srdfdom -DCMAKE_BUILD_TYPE=Debug -DCMAKE_INSTALL_PREFIX=/home/kush/UR5_Project_main/src/install/srdfdom
[12.429s] Invoking command in '/home/kush/UR5_Project_main/src/build/srdfdom': CMAKE_PREFIX_PATH=${CMAKE_PREFIX_PATH}:/home/kush/UR5_Project_main/install/moveit_configs_utils:/home/kush/UR5_Project_main/install/launch_param_builder:/home/kush/ws_moveit2_ur5/install/moveit_configs_utils:/home/kush/ws_moveit2_ur5/install/launch_param_builder:/opt/ros/humble /usr/bin/cmake --build /home/kush/UR5_Project_main/src/build/srdfdom -- -j4 -l4
[12.672s] [  9%] [32mBuilding CXX object CMakeFiles/srdfdom.dir/src/model.cpp.o[0m
[20.156s] [ 18%] [32mBuilding CXX object CMakeFiles/srdfdom.dir/src/srdf_writer.cpp.o[0m
[24.982s] [ 27%] [32m[1mLinking CXX shared library libsrdfdom.so[0m
[25.976s] [ 27%] Built target srdfdom
[26.115s] [ 36%] [32mBuilding CXX object gtest/CMakeFiles/gtest.dir/src/gtest-all.cc.o[0m
[34.910s] [ 45%] [32m[1mLinking CXX static library libgtest.a[0m
[37.313s] [ 45%] Built target gtest
[37.399s] [ 54%] [32mBuilding CXX object gtest/CMakeFiles/gtest_main.dir/src/gtest_main.cc.o[0m
[39.491s] [ 63%] [32m[1mLinking CXX static library libgtest_main.a[0m
[39.836s] [ 63%] Built target gtest_main
[40.053s] [ 63%] Built target ament_cmake_python_copy_srdfdom
[40.150s] [ 72%] [32mBuilding CXX object CMakeFiles/test_cpp_nl_NL.UTF-8.dir/test/test_parser.cpp.o[0m
[44.780s] [ 81%] [32m[1mLinking CXX executable test_cpp_nl_NL.UTF-8[0m
[45.394s] [ 81%] Built target test_cpp_nl_NL.UTF-8
[46.309s] running egg_info
[46.311s] creating srdfdom.egg-info
[46.313s] writing srdfdom.egg-info/PKG-INFO
[46.314s] writing dependency_links to srdfdom.egg-info/dependency_links.txt
[46.315s] writing top-level names to srdfdom.egg-info/top_level.txt
[46.316s] writing manifest file 'srdfdom.egg-info/SOURCES.txt'
[46.323s] reading manifest file 'srdfdom.egg-info/SOURCES.txt'
[46.325s] writing manifest file 'srdfdom.egg-info/SOURCES.txt'
[46.421s] [ 81%] Built target ament_cmake_python_build_srdfdom_egg
[46.699s] [ 90%] [32mBuilding CXX object CMakeFiles/test_cpp_C.dir/test/test_parser.cpp.o[0m
[51.147s] [100%] [32m[1mLinking CXX executable test_cpp_C[0m
[52.242s] [100%] Built target test_cpp_C
[52.337s] Invoked command in '/home/kush/UR5_Project_main/src/build/srdfdom' returned '0': CMAKE_PREFIX_PATH=${CMAKE_PREFIX_PATH}:/home/kush/UR5_Project_main/install/moveit_configs_utils:/home/kush/UR5_Project_main/install/launch_param_builder:/home/kush/ws_moveit2_ur5/install/moveit_configs_utils:/home/kush/ws_moveit2_ur5/install/launch_param_builder:/opt/ros/humble /usr/bin/cmake --build /home/kush/UR5_Project_main/src/build/srdfdom -- -j4 -l4
[52.897s] Invoking command in '/home/kush/UR5_Project_main/src/build/srdfdom': CMAKE_PREFIX_PATH=${CMAKE_PREFIX_PATH}:/home/kush/UR5_Project_main/install/moveit_configs_utils:/home/kush/UR5_Project_main/install/launch_param_builder:/home/kush/ws_moveit2_ur5/install/moveit_configs_utils:/home/kush/ws_moveit2_ur5/install/launch_param_builder:/opt/ros/humble /usr/bin/cmake --install /home/kush/UR5_Project_main/src/build/srdfdom
[52.978s] -- Install configuration: "Debug"
[52.980s] -- Installing: /home/kush/UR5_Project_main/src/install/srdfdom/lib/libsrdfdom.so.2.0.4
[52.994s] -- Set runtime path of "/home/kush/UR5_Project_main/src/install/srdfdom/lib/libsrdfdom.so.2.0.4" to ""
[52.995s] -- Installing: /home/kush/UR5_Project_main/src/install/srdfdom/lib/libsrdfdom.so
[52.996s] -- Installing: /home/kush/UR5_Project_main/src/install/srdfdom/include/srdfdom
[52.996s] -- Installing: /home/kush/UR5_Project_main/src/install/srdfdom/include/srdfdom/visibility_control.h
[52.996s] -- Installing: /home/kush/UR5_Project_main/src/install/srdfdom/include/srdfdom/model.h
[52.996s] -- Installing: /home/kush/UR5_Project_main/src/install/srdfdom/include/srdfdom/srdf_writer.h
[52.996s] -- Installing: /home/kush/UR5_Project_main/src/install/srdfdom/lib/srdfdom/display_srdf
[53.009s] -- Installing: /home/kush/UR5_Project_main/src/install/srdfdom/share/srdfdom/environment/pythonpath.sh
[53.011s] -- Installing: /home/kush/UR5_Project_main/src/install/srdfdom/share/srdfdom/environment/pythonpath.dsv
[53.011s] -- Installing: /home/kush/UR5_Project_main/src/install/srdfdom/local/lib/python3.10/dist-packages/srdfdom-2.0.4-py3.10.egg-info
[53.011s] -- Installing: /home/kush/UR5_Project_main/src/install/srdfdom/local/lib/python3.10/dist-packages/srdfdom-2.0.4-py3.10.egg-info/SOURCES.txt
[53.011s] -- Installing: /home/kush/UR5_Project_main/src/install/srdfdom/local/lib/python3.10/dist-packages/srdfdom-2.0.4-py3.10.egg-info/dependency_links.txt
[53.012s] -- Installing: /home/kush/UR5_Project_main/src/install/srdfdom/local/lib/python3.10/dist-packages/srdfdom-2.0.4-py3.10.egg-info/PKG-INFO
[53.012s] -- Installing: /home/kush/UR5_Project_main/src/install/srdfdom/local/lib/python3.10/dist-packages/srdfdom-2.0.4-py3.10.egg-info/top_level.txt
[53.015s] -- Installing: /home/kush/UR5_Project_main/src/install/srdfdom/local/lib/python3.10/dist-packages/srdfdom
[53.015s] -- Installing: /home/kush/UR5_Project_main/src/install/srdfdom/local/lib/python3.10/dist-packages/srdfdom/__init__.py
[53.015s] -- Installing: /home/kush/UR5_Project_main/src/install/srdfdom/local/lib/python3.10/dist-packages/srdfdom/srdf.py
[53.236s] Listing '/home/kush/UR5_Project_main/src/install/srdfdom/local/lib/python3.10/dist-packages/srdfdom'...
[53.236s] Compiling '/home/kush/UR5_Project_main/src/install/srdfdom/local/lib/python3.10/dist-packages/srdfdom/__init__.py'...
[53.236s] Compiling '/home/kush/UR5_Project_main/src/install/srdfdom/local/lib/python3.10/dist-packages/srdfdom/srdf.py'...
[53.282s] -- Installing: /home/kush/UR5_Project_main/src/install/srdfdom/share/srdfdom/environment/library_path.sh
[53.282s] -- Installing: /home/kush/UR5_Project_main/src/install/srdfdom/share/srdfdom/environment/library_path.dsv
[53.283s] -- Installing: /home/kush/UR5_Project_main/src/install/srdfdom/share/ament_index/resource_index/package_run_dependencies/srdfdom
[53.283s] -- Installing: /home/kush/UR5_Project_main/src/install/srdfdom/share/ament_index/resource_index/parent_prefix_path/srdfdom
[53.283s] -- Installing: /home/kush/UR5_Project_main/src/install/srdfdom/share/srdfdom/environment/ament_prefix_path.sh
[53.285s] -- Installing: /home/kush/UR5_Project_main/src/install/srdfdom/share/srdfdom/environment/ament_prefix_path.dsv
[53.287s] -- Installing: /home/kush/UR5_Project_main/src/install/srdfdom/share/srdfdom/environment/path.sh
[53.287s] -- Installing: /home/kush/UR5_Project_main/src/install/srdfdom/share/srdfdom/environment/path.dsv
[53.287s] -- Installing: /home/kush/UR5_Project_main/src/install/srdfdom/share/srdfdom/local_setup.bash
[53.287s] -- Installing: /home/kush/UR5_Project_main/src/install/srdfdom/share/srdfdom/local_setup.sh
[53.288s] -- Installing: /home/kush/UR5_Project_main/src/install/srdfdom/share/srdfdom/local_setup.zsh
[53.288s] -- Installing: /home/kush/UR5_Project_main/src/install/srdfdom/share/srdfdom/local_setup.dsv
[53.288s] -- Installing: /home/kush/UR5_Project_main/src/install/srdfdom/share/srdfdom/package.dsv
[53.288s] -- Installing: /home/kush/UR5_Project_main/src/install/srdfdom/share/ament_index/resource_index/packages/srdfdom
[53.289s] -- Installing: /home/kush/UR5_Project_main/src/install/srdfdom/share/srdfdom/cmake/srdfdomTargetsExport.cmake
[53.289s] -- Installing: /home/kush/UR5_Project_main/src/install/srdfdom/share/srdfdom/cmake/srdfdomTargetsExport-debug.cmake
[53.289s] -- Installing: /home/kush/UR5_Project_main/src/install/srdfdom/share/srdfdom/cmake/ament_cmake_export_targets-extras.cmake
[53.289s] -- Installing: /home/kush/UR5_Project_main/src/install/srdfdom/share/srdfdom/cmake/ament_cmake_export_dependencies-extras.cmake
[53.289s] -- Installing: /home/kush/UR5_Project_main/src/install/srdfdom/share/srdfdom/cmake/srdfdomConfig.cmake
[53.289s] -- Installing: /home/kush/UR5_Project_main/src/install/srdfdom/share/srdfdom/cmake/srdfdomConfig-version.cmake
[53.290s] -- Installing: /home/kush/UR5_Project_main/src/install/srdfdom/share/srdfdom/package.xml
[53.304s] Invoked command in '/home/kush/UR5_Project_main/src/build/srdfdom' returned '0': CMAKE_PREFIX_PATH=${CMAKE_PREFIX_PATH}:/home/kush/UR5_Project_main/install/moveit_configs_utils:/home/kush/UR5_Project_main/install/launch_param_builder:/home/kush/ws_moveit2_ur5/install/moveit_configs_utils:/home/kush/ws_moveit2_ur5/install/launch_param_builder:/opt/ros/humble /usr/bin/cmake --install /home/kush/UR5_Project_main/src/build/srdfdom
