[1.624s] Invoking command in '/home/kush/UR5_Project_main/src/moveit2/moveit_configs_utils': AMENT_PREFIX_PATH=/home/kush/UR5_Project_main/install/srdfdom:/home/kush/UR5_Project_main/install/launch_param_builder:${AMENT_PREFIX_PATH} CMAKE_PREFIX_PATH=/home/kush/UR5_Project_main/install/srdfdom:${CMAKE_PREFIX_PATH} LD_LIBRARY_PATH=/home/kush/UR5_Project_main/install/srdfdom/lib:${LD_LIBRARY_PATH} PYTHONPATH=/home/kush/UR5_Project_main/build/moveit_configs_utils/prefix_override:/home/kush/UR5_Project_main/install/moveit_configs_utils/lib/python3.10/site-packages:/home/kush/UR5_Project_main/install/srdfdom/local/lib/python3.10/dist-packages:/home/kush/UR5_Project_main/install/launch_param_builder/lib/python3.10/site-packages:${PYTHONPATH} /usr/bin/python3 setup.py egg_info --egg-base ../../../build/moveit_configs_utils build --build-base /home/kush/UR5_Project_main/build/moveit_configs_utils/build install --record /home/kush/UR5_Project_main/build/moveit_configs_utils/install.log --single-version-externally-managed
[2.657s] running egg_info
[2.657s] writing ../../../build/moveit_configs_utils/moveit_configs_utils.egg-info/PKG-INFO
[2.657s] writing dependency_links to ../../../build/moveit_configs_utils/moveit_configs_utils.egg-info/dependency_links.txt
[2.657s] writing entry points to ../../../build/moveit_configs_utils/moveit_configs_utils.egg-info/entry_points.txt
[2.657s] writing requirements to ../../../build/moveit_configs_utils/moveit_configs_utils.egg-info/requires.txt
[2.658s] writing top-level names to ../../../build/moveit_configs_utils/moveit_configs_utils.egg-info/top_level.txt
[2.658s] reading manifest file '../../../build/moveit_configs_utils/moveit_configs_utils.egg-info/SOURCES.txt'
[2.717s] writing manifest file '../../../build/moveit_configs_utils/moveit_configs_utils.egg-info/SOURCES.txt'
[2.717s] running build
[2.717s] running build_py
[2.722s] running install
[2.723s] running install_lib
[2.726s] /usr/lib/python3/dist-packages/setuptools/command/install.py:34: SetuptoolsDeprecationWarning: setup.py install is deprecated. Use build and pip and other standards-based tools.
[2.726s]   warnings.warn(
[2.773s] running install_data
[2.773s] running install_egg_info
[2.773s] removing '/home/kush/UR5_Project_main/install/moveit_configs_utils/lib/python3.10/site-packages/moveit_configs_utils-2.5.3-py3.10.egg-info' (and everything under it)
[2.774s] Copying ../../../build/moveit_configs_utils/moveit_configs_utils.egg-info to /home/kush/UR5_Project_main/install/moveit_configs_utils/lib/python3.10/site-packages/moveit_configs_utils-2.5.3-py3.10.egg-info
[2.787s] running install_scripts
[2.866s] writing list of installed files to '/home/kush/UR5_Project_main/build/moveit_configs_utils/install.log'
[3.054s] Invoked command in '/home/kush/UR5_Project_main/src/moveit2/moveit_configs_utils' returned '0': AMENT_PREFIX_PATH=/home/kush/UR5_Project_main/install/srdfdom:/home/kush/UR5_Project_main/install/launch_param_builder:${AMENT_PREFIX_PATH} CMAKE_PREFIX_PATH=/home/kush/UR5_Project_main/install/srdfdom:${CMAKE_PREFIX_PATH} LD_LIBRARY_PATH=/home/kush/UR5_Project_main/install/srdfdom/lib:${LD_LIBRARY_PATH} PYTHONPATH=/home/kush/UR5_Project_main/build/moveit_configs_utils/prefix_override:/home/kush/UR5_Project_main/install/moveit_configs_utils/lib/python3.10/site-packages:/home/kush/UR5_Project_main/install/srdfdom/local/lib/python3.10/dist-packages:/home/kush/UR5_Project_main/install/launch_param_builder/lib/python3.10/site-packages:${PYTHONPATH} /usr/bin/python3 setup.py egg_info --egg-base ../../../build/moveit_configs_utils build --build-base /home/kush/UR5_Project_main/build/moveit_configs_utils/build install --record /home/kush/UR5_Project_main/build/moveit_configs_utils/install.log --single-version-externally-managed
