[0.073s] Invoking command in '/home/kush/UR5_Project_main/build/rosparam_shortcuts': CMAKE_PREFIX_PATH=${CMAKE_PREFIX_PATH}:/home/kush/ws_moveit2_ur5/install/moveit_configs_utils:/home/kush/ws_moveit2_ur5/install/launch_param_builder:/opt/ros/humble /usr/bin/cmake --build /home/kush/UR5_Project_main/build/rosparam_shortcuts -- -j4 -l4
[0.661s] [ 15%] Built target gtest_main
[0.842s] [ 38%] Built target rosparam_shortcuts
[0.911s] [ 53%] Built target gtest
[1.149s] [ 69%] Built target test_node_parameters
[1.184s] [ 84%] Built target rosparam_shortcuts_example
[1.217s] [100%] Built target rosparam_shortcuts_node_parameters_example
[1.274s] Invoked command in '/home/kush/UR5_Project_main/build/rosparam_shortcuts' returned '0': CMAKE_PREFIX_PATH=${CMAKE_PREFIX_PATH}:/home/kush/ws_moveit2_ur5/install/moveit_configs_utils:/home/kush/ws_moveit2_ur5/install/launch_param_builder:/opt/ros/humble /usr/bin/cmake --build /home/kush/UR5_Project_main/build/rosparam_shortcuts -- -j4 -l4
[1.482s] Invoking command in '/home/kush/UR5_Project_main/build/rosparam_shortcuts': CMAKE_PREFIX_PATH=${CMAKE_PREFIX_PATH}:/home/kush/ws_moveit2_ur5/install/moveit_configs_utils:/home/kush/ws_moveit2_ur5/install/launch_param_builder:/opt/ros/humble /usr/bin/cmake --install /home/kush/UR5_Project_main/build/rosparam_shortcuts
[1.505s] -- Install configuration: "Release"
[1.567s] -- Up-to-date: /home/kush/UR5_Project_main/install/rosparam_shortcuts/lib/librosparam_shortcuts.so
[1.820s] -- Up-to-date: /home/kush/UR5_Project_main/install/rosparam_shortcuts/lib/rosparam_shortcuts/example
[1.992s] -- Up-to-date: /home/kush/UR5_Project_main/install/rosparam_shortcuts/lib/rosparam_shortcuts/node_parameters_example
[1.993s] -- Up-to-date: /home/kush/UR5_Project_main/install/rosparam_shortcuts/include
[1.993s] -- Up-to-date: /home/kush/UR5_Project_main/install/rosparam_shortcuts/include/rosparam_shortcuts
[1.993s] -- Up-to-date: /home/kush/UR5_Project_main/install/rosparam_shortcuts/include/rosparam_shortcuts/node_parameters.h
[1.994s] -- Up-to-date: /home/kush/UR5_Project_main/install/rosparam_shortcuts/include/rosparam_shortcuts/rosparam_shortcuts.h
[1.994s] -- Up-to-date: /home/kush/UR5_Project_main/install/rosparam_shortcuts/share/rosparam_shortcuts/launch
[1.994s] -- Up-to-date: /home/kush/UR5_Project_main/install/rosparam_shortcuts/share/rosparam_shortcuts/launch/example.launch.py
[1.994s] -- Up-to-date: /home/kush/UR5_Project_main/install/rosparam_shortcuts/share/rosparam_shortcuts/config
[1.994s] -- Up-to-date: /home/kush/UR5_Project_main/install/rosparam_shortcuts/share/rosparam_shortcuts/config/example.yaml
[1.994s] -- Up-to-date: /home/kush/UR5_Project_main/install/rosparam_shortcuts/share/rosparam_shortcuts/environment/library_path.sh
[1.994s] -- Up-to-date: /home/kush/UR5_Project_main/install/rosparam_shortcuts/share/rosparam_shortcuts/environment/library_path.dsv
[2.071s] -- Up-to-date: /home/kush/UR5_Project_main/install/rosparam_shortcuts/share/ament_index/resource_index/package_run_dependencies/rosparam_shortcuts
[2.071s] -- Up-to-date: /home/kush/UR5_Project_main/install/rosparam_shortcuts/share/ament_index/resource_index/parent_prefix_path/rosparam_shortcuts
[2.071s] -- Up-to-date: /home/kush/UR5_Project_main/install/rosparam_shortcuts/share/rosparam_shortcuts/environment/ament_prefix_path.sh
[2.071s] -- Up-to-date: /home/kush/UR5_Project_main/install/rosparam_shortcuts/share/rosparam_shortcuts/environment/ament_prefix_path.dsv
[2.072s] -- Up-to-date: /home/kush/UR5_Project_main/install/rosparam_shortcuts/share/rosparam_shortcuts/environment/path.sh
[2.072s] -- Up-to-date: /home/kush/UR5_Project_main/install/rosparam_shortcuts/share/rosparam_shortcuts/environment/path.dsv
[2.072s] -- Up-to-date: /home/kush/UR5_Project_main/install/rosparam_shortcuts/share/rosparam_shortcuts/local_setup.bash
[2.072s] -- Up-to-date: /home/kush/UR5_Project_main/install/rosparam_shortcuts/share/rosparam_shortcuts/local_setup.sh
[2.072s] -- Up-to-date: /home/kush/UR5_Project_main/install/rosparam_shortcuts/share/rosparam_shortcuts/local_setup.zsh
[2.072s] -- Up-to-date: /home/kush/UR5_Project_main/install/rosparam_shortcuts/share/rosparam_shortcuts/local_setup.dsv
[2.073s] -- Installing: /home/kush/UR5_Project_main/install/rosparam_shortcuts/share/rosparam_shortcuts/package.dsv
[2.224s] -- Up-to-date: /home/kush/UR5_Project_main/install/rosparam_shortcuts/share/ament_index/resource_index/packages/rosparam_shortcuts
[2.300s] -- Up-to-date: /home/kush/UR5_Project_main/install/rosparam_shortcuts/share/rosparam_shortcuts/cmake/export_rosparam_shortcutsExport.cmake
[2.300s] -- Up-to-date: /home/kush/UR5_Project_main/install/rosparam_shortcuts/share/rosparam_shortcuts/cmake/export_rosparam_shortcutsExport-release.cmake
[2.300s] -- Up-to-date: /home/kush/UR5_Project_main/install/rosparam_shortcuts/share/rosparam_shortcuts/cmake/ament_cmake_export_targets-extras.cmake
[2.301s] -- Up-to-date: /home/kush/UR5_Project_main/install/rosparam_shortcuts/share/rosparam_shortcuts/cmake/ament_cmake_export_dependencies-extras.cmake
[2.301s] -- Up-to-date: /home/kush/UR5_Project_main/install/rosparam_shortcuts/share/rosparam_shortcuts/cmake/rosparam_shortcutsConfig.cmake
[2.301s] -- Up-to-date: /home/kush/UR5_Project_main/install/rosparam_shortcuts/share/rosparam_shortcuts/cmake/rosparam_shortcutsConfig-version.cmake
[2.301s] -- Up-to-date: /home/kush/UR5_Project_main/install/rosparam_shortcuts/share/rosparam_shortcuts/package.xml
[2.302s] Invoked command in '/home/kush/UR5_Project_main/build/rosparam_shortcuts' returned '0': CMAKE_PREFIX_PATH=${CMAKE_PREFIX_PATH}:/home/kush/ws_moveit2_ur5/install/moveit_configs_utils:/home/kush/ws_moveit2_ur5/install/launch_param_builder:/opt/ros/humble /usr/bin/cmake --install /home/kush/UR5_Project_main/build/rosparam_shortcuts
