[0.457s] Invoking command in '/home/kush/UR5_Project_main/build/moveit_common': CMAKE_PREFIX_PATH=${CMAKE_PREFIX_PATH}:/home/kush/ws_moveit2_ur5/install/moveit_configs_utils:/home/kush/ws_moveit2_ur5/install/launch_param_builder:/opt/ros/humble /usr/bin/cmake --build /home/kush/UR5_Project_main/build/moveit_common -- -j4 -l4
[2.091s] Invoked command in '/home/kush/UR5_Project_main/build/moveit_common' returned '0': CMAKE_PREFIX_PATH=${CMAKE_PREFIX_PATH}:/home/kush/ws_moveit2_ur5/install/moveit_configs_utils:/home/kush/ws_moveit2_ur5/install/launch_param_builder:/opt/ros/humble /usr/bin/cmake --build /home/kush/UR5_Project_main/build/moveit_common -- -j4 -l4
[2.190s] Invoking command in '/home/kush/UR5_Project_main/build/moveit_common': CMAKE_PREFIX_PATH=${CMAKE_PREFIX_PATH}:/home/kush/ws_moveit2_ur5/install/moveit_configs_utils:/home/kush/ws_moveit2_ur5/install/launch_param_builder:/opt/ros/humble /usr/bin/cmake --install /home/kush/UR5_Project_main/build/moveit_common
[2.239s] -- Install configuration: "Release"
[2.239s] -- Up-to-date: /home/kush/UR5_Project_main/install/moveit_common/share/ament_index/resource_index/package_run_dependencies/moveit_common
[2.240s] -- Up-to-date: /home/kush/UR5_Project_main/install/moveit_common/share/ament_index/resource_index/parent_prefix_path/moveit_common
[2.250s] -- Up-to-date: /home/kush/UR5_Project_main/install/moveit_common/share/moveit_common/environment/ament_prefix_path.sh
[2.250s] -- Up-to-date: /home/kush/UR5_Project_main/install/moveit_common/share/moveit_common/environment/ament_prefix_path.dsv
[2.250s] -- Up-to-date: /home/kush/UR5_Project_main/install/moveit_common/share/moveit_common/environment/path.sh
[2.250s] -- Up-to-date: /home/kush/UR5_Project_main/install/moveit_common/share/moveit_common/environment/path.dsv
[2.250s] -- Up-to-date: /home/kush/UR5_Project_main/install/moveit_common/share/moveit_common/local_setup.bash
[2.251s] -- Up-to-date: /home/kush/UR5_Project_main/install/moveit_common/share/moveit_common/local_setup.sh
[2.251s] -- Up-to-date: /home/kush/UR5_Project_main/install/moveit_common/share/moveit_common/local_setup.zsh
[2.251s] -- Up-to-date: /home/kush/UR5_Project_main/install/moveit_common/share/moveit_common/local_setup.dsv
[2.251s] -- Installing: /home/kush/UR5_Project_main/install/moveit_common/share/moveit_common/package.dsv
[2.267s] -- Up-to-date: /home/kush/UR5_Project_main/install/moveit_common/share/ament_index/resource_index/packages/moveit_common
[2.268s] -- Up-to-date: /home/kush/UR5_Project_main/install/moveit_common/share/moveit_common/cmake/moveit_common-extras.cmake
[2.268s] -- Up-to-date: /home/kush/UR5_Project_main/install/moveit_common/share/moveit_common/cmake/moveit_commonConfig.cmake
[2.268s] -- Up-to-date: /home/kush/UR5_Project_main/install/moveit_common/share/moveit_common/cmake/moveit_commonConfig-version.cmake
[2.268s] -- Up-to-date: /home/kush/UR5_Project_main/install/moveit_common/share/moveit_common/package.xml
[2.268s] -- Up-to-date: /home/kush/UR5_Project_main/install/moveit_common/share/moveit_common/cmake
[2.268s] -- Up-to-date: /home/kush/UR5_Project_main/install/moveit_common/share/moveit_common/cmake/moveit_package.cmake
[3.009s] Invoked command in '/home/kush/UR5_Project_main/build/moveit_common' returned '0': CMAKE_PREFIX_PATH=${CMAKE_PREFIX_PATH}:/home/kush/ws_moveit2_ur5/install/moveit_configs_utils:/home/kush/ws_moveit2_ur5/install/launch_param_builder:/opt/ros/humble /usr/bin/cmake --install /home/kush/UR5_Project_main/build/moveit_common
