[0.182s] Invoking command in '/home/kush/UR5_Project_main/build/moveit_ros_planning': AMENT_PREFIX_PATH=/home/kush/UR5_Project_main/install/moveit_ros_occupancy_map_monitor:/home/kush/UR5_Project_main/install/moveit_core:/home/kush/UR5_Project_main/install/moveit_resources_panda_moveit_config:/home/kush/UR5_Project_main/install/srdfdom:/home/kush/UR5_Project_main/install/moveit_resources_panda_description:/home/kush/UR5_Project_main/install/moveit_common:${AMENT_PREFIX_PATH} CMAKE_PREFIX_PATH=/home/kush/UR5_Project_main/install/moveit_ros_occupancy_map_monitor:/home/kush/UR5_Project_main/install/moveit_core:/home/kush/UR5_Project_main/install/moveit_resources_panda_moveit_config:/home/kush/UR5_Project_main/install/srdfdom:/home/kush/UR5_Project_main/install/moveit_resources_panda_description:/home/kush/UR5_Project_main/install/moveit_common:/home/kush/ws_moveit2_ur5/install/ur_description:/home/kush/ws_moveit2_ur5/install/pilz_industrial_motion_planner_testutils:/home/kush/ws_moveit2_ur5/install/moveit_runtime:/home/kush/ws_moveit2_ur5/install/moveit2_tutorials:/home/kush/ws_moveit2_ur5/install/moveit:/home/kush/ws_moveit2_ur5/install/moveit_planners:/home/kush/ws_moveit2_ur5/install/pilz_industrial_motion_planner:/home/kush/ws_moveit2_ur5/install/moveit_visual_tools:/home/kush/ws_moveit2_ur5/install/moveit_task_constructor_visualization:/home/kush/ws_moveit2_ur5/install/moveit_task_constructor_demo:/home/kush/ws_moveit2_ur5/install/moveit_task_constructor_capabilities:/home/kush/ws_moveit2_ur5/install/moveit_task_constructor_core:/home/kush/ws_moveit2_ur5/install/moveit_ros_control_interface:/home/kush/ws_moveit2_ur5/install/moveit_plugins:/home/kush/ws_moveit2_ur5/install/moveit_simple_controller_manager:/home/kush/ws_moveit2_ur5/install/moveit_setup_assistant:/home/kush/ws_moveit2_ur5/install/moveit_setup_srdf_plugins:/home/kush/ws_moveit2_ur5/install/moveit_setup_core_plugins:/home/kush/ws_moveit2_ur5/install/moveit_setup_controllers:/home/kush/ws_moveit2_ur5/install/moveit_setup_app_plugins:/home/kush/ws_moveit2_ur5/install/moveit_setup_framework:/home/kush/ws_moveit2_ur5/install/moveit_servo:/home/kush/ws_moveit2_ur5/install/moveit_ros:/home/kush/ws_moveit2_ur5/install/moveit_ros_visualization:/home/kush/ws_moveit2_ur5/install/moveit_hybrid_planning:/home/kush/ws_moveit2_ur5/install/moveit_ros_planning_interface:/home/kush/ws_moveit2_ur5/install/moveit_ros_benchmarks:/home/kush/ws_moveit2_ur5/install/moveit_ros_warehouse:/home/kush/ws_moveit2_ur5/install/moveit_ros_robot_interaction:/home/kush/ws_moveit2_ur5/install/moveit_ros_perception:/home/kush/ws_moveit2_ur5/install/moveit_resources_prbt_pg70_support:/home/kush/ws_moveit2_ur5/install/moveit_resources_prbt_moveit_config:/home/kush/ws_moveit2_ur5/install/moveit_ros_move_group:/home/kush/ws_moveit2_ur5/install/moveit_planners_ompl:/home/kush/ws_moveit2_ur5/install/moveit_ros_planning:/home/kush/ws_moveit2_ur5/install/moveit_ros_occupancy_map_monitor:/home/kush/ws_moveit2_ur5/install/moveit_resources_prbt_ikfast_manipulator_plugin:/home/kush/ws_moveit2_ur5/install/moveit_planners_chomp:/home/kush/ws_moveit2_ur5/install/moveit_kinematics:/home/kush/ws_moveit2_ur5/install/moveit_chomp_optimizer_adapter:/home/kush/ws_moveit2_ur5/install/chomp_motion_planner:/home/kush/ws_moveit2_ur5/install/moveit_core:/home/kush/ws_moveit2_ur5/install/srdfdom:/home/kush/ws_moveit2_ur5/install/rviz_marker_tools:/home/kush/ws_moveit2_ur5/install/rosparam_shortcuts:/home/kush/ws_moveit2_ur5/install/moveit_task_constructor_msgs:/home/kush/ws_moveit2_ur5/install/moveit_resources_prbt_support:/home/kush/ws_moveit2_ur5/install/moveit_resources:/home/kush/ws_moveit2_ur5/install/moveit_resources_pr2_description:/home/kush/ws_moveit2_ur5/install/moveit_resources_panda_moveit_config:/home/kush/ws_moveit2_ur5/install/moveit_resources_panda_description:/home/kush/ws_moveit2_ur5/install/moveit_resources_fanuc_moveit_config:/home/kush/ws_moveit2_ur5/install/moveit_resources_fanuc_description:/home/kush/ws_moveit2_ur5/install/moveit_common:/home/kush/ws_moveit2_ur5/install/moveit_configs_utils:/home/kush/ws_moveit2_ur5/install/launch_param_builder:/opt/ros/humble LD_LIBRARY_PATH=/home/kush/UR5_Project_main/install/moveit_ros_occupancy_map_monitor/lib:/home/kush/UR5_Project_main/install/moveit_core/lib:/home/kush/UR5_Project_main/install/srdfdom/lib:${LD_LIBRARY_PATH} PATH=/home/kush/UR5_Project_main/install/moveit_core/bin:${PATH} PYTHONPATH=/home/kush/UR5_Project_main/install/srdfdom/local/lib/python3.10/dist-packages:${PYTHONPATH} /usr/bin/cmake --build /home/kush/UR5_Project_main/build/moveit_ros_planning -- -j4 -l4
[0.572s] [  4%] Built target moveit_rdf_loader
[1.016s] [ 22%] Built target moveit_default_planning_request_adapter_plugins
[1.161s] [ 25%] Built target moveit_list_request_adapter_plugins
[1.288s] [ 29%] Built target gmock_main
[1.407s] [ 33%] Built target gmock
[1.535s] [ 37%] Built target moveit_kinematics_plugin_loader
[1.690s] [ 40%] Built target moveit_constraint_sampler_manager_loader
[1.870s] [ 43%] Built target moveit_robot_model_loader
[1.992s] [ 46%] Built target moveit_planning_pipeline
[2.110s] [ 50%] Built target moveit_print_planning_model_info
[2.209s] [ 53%] Built target moveit_collision_plugin_loader
[2.364s] [ 62%] Built target moveit_planning_scene_monitor
[2.478s] [ 66%] Built target demo_scene
[2.586s] [ 69%] Built target moveit_print_planning_scene_info
[2.666s] [ 72%] Built target moveit_display_random_state
[2.756s] [ 75%] Built target moveit_visualize_robot_collision_volume
[2.858s] [ 79%] Built target moveit_evaluate_collision_checking_speed
[2.940s] [ 82%] Built target moveit_publish_scene_from_text
[3.029s] [ 85%] Built target moveit_trajectory_execution_manager
[3.118s] [ 88%] Built target trajectory_monitor_tests
[3.281s] [ 93%] Built target moveit_cpp
[3.408s] [ 96%] Built target moveit_plan_execution
[3.520s] [100%] Built target current_state_monitor_tests
[3.547s] Invoked command in '/home/kush/UR5_Project_main/build/moveit_ros_planning' returned '0': AMENT_PREFIX_PATH=/home/kush/UR5_Project_main/install/moveit_ros_occupancy_map_monitor:/home/kush/UR5_Project_main/install/moveit_core:/home/kush/UR5_Project_main/install/moveit_resources_panda_moveit_config:/home/kush/UR5_Project_main/install/srdfdom:/home/kush/UR5_Project_main/install/moveit_resources_panda_description:/home/kush/UR5_Project_main/install/moveit_common:${AMENT_PREFIX_PATH} CMAKE_PREFIX_PATH=/home/kush/UR5_Project_main/install/moveit_ros_occupancy_map_monitor:/home/kush/UR5_Project_main/install/moveit_core:/home/kush/UR5_Project_main/install/moveit_resources_panda_moveit_config:/home/kush/UR5_Project_main/install/srdfdom:/home/kush/UR5_Project_main/install/moveit_resources_panda_description:/home/kush/UR5_Project_main/install/moveit_common:/home/kush/ws_moveit2_ur5/install/ur_description:/home/kush/ws_moveit2_ur5/install/pilz_industrial_motion_planner_testutils:/home/kush/ws_moveit2_ur5/install/moveit_runtime:/home/kush/ws_moveit2_ur5/install/moveit2_tutorials:/home/kush/ws_moveit2_ur5/install/moveit:/home/kush/ws_moveit2_ur5/install/moveit_planners:/home/kush/ws_moveit2_ur5/install/pilz_industrial_motion_planner:/home/kush/ws_moveit2_ur5/install/moveit_visual_tools:/home/kush/ws_moveit2_ur5/install/moveit_task_constructor_visualization:/home/kush/ws_moveit2_ur5/install/moveit_task_constructor_demo:/home/kush/ws_moveit2_ur5/install/moveit_task_constructor_capabilities:/home/kush/ws_moveit2_ur5/install/moveit_task_constructor_core:/home/kush/ws_moveit2_ur5/install/moveit_ros_control_interface:/home/kush/ws_moveit2_ur5/install/moveit_plugins:/home/kush/ws_moveit2_ur5/install/moveit_simple_controller_manager:/home/kush/ws_moveit2_ur5/install/moveit_setup_assistant:/home/kush/ws_moveit2_ur5/install/moveit_setup_srdf_plugins:/home/kush/ws_moveit2_ur5/install/moveit_setup_core_plugins:/home/kush/ws_moveit2_ur5/install/moveit_setup_controllers:/home/kush/ws_moveit2_ur5/install/moveit_setup_app_plugins:/home/kush/ws_moveit2_ur5/install/moveit_setup_framework:/home/kush/ws_moveit2_ur5/install/moveit_servo:/home/kush/ws_moveit2_ur5/install/moveit_ros:/home/kush/ws_moveit2_ur5/install/moveit_ros_visualization:/home/kush/ws_moveit2_ur5/install/moveit_hybrid_planning:/home/kush/ws_moveit2_ur5/install/moveit_ros_planning_interface:/home/kush/ws_moveit2_ur5/install/moveit_ros_benchmarks:/home/kush/ws_moveit2_ur5/install/moveit_ros_warehouse:/home/kush/ws_moveit2_ur5/install/moveit_ros_robot_interaction:/home/kush/ws_moveit2_ur5/install/moveit_ros_perception:/home/kush/ws_moveit2_ur5/install/moveit_resources_prbt_pg70_support:/home/kush/ws_moveit2_ur5/install/moveit_resources_prbt_moveit_config:/home/kush/ws_moveit2_ur5/install/moveit_ros_move_group:/home/kush/ws_moveit2_ur5/install/moveit_planners_ompl:/home/kush/ws_moveit2_ur5/install/moveit_ros_planning:/home/kush/ws_moveit2_ur5/install/moveit_ros_occupancy_map_monitor:/home/kush/ws_moveit2_ur5/install/moveit_resources_prbt_ikfast_manipulator_plugin:/home/kush/ws_moveit2_ur5/install/moveit_planners_chomp:/home/kush/ws_moveit2_ur5/install/moveit_kinematics:/home/kush/ws_moveit2_ur5/install/moveit_chomp_optimizer_adapter:/home/kush/ws_moveit2_ur5/install/chomp_motion_planner:/home/kush/ws_moveit2_ur5/install/moveit_core:/home/kush/ws_moveit2_ur5/install/srdfdom:/home/kush/ws_moveit2_ur5/install/rviz_marker_tools:/home/kush/ws_moveit2_ur5/install/rosparam_shortcuts:/home/kush/ws_moveit2_ur5/install/moveit_task_constructor_msgs:/home/kush/ws_moveit2_ur5/install/moveit_resources_prbt_support:/home/kush/ws_moveit2_ur5/install/moveit_resources:/home/kush/ws_moveit2_ur5/install/moveit_resources_pr2_description:/home/kush/ws_moveit2_ur5/install/moveit_resources_panda_moveit_config:/home/kush/ws_moveit2_ur5/install/moveit_resources_panda_description:/home/kush/ws_moveit2_ur5/install/moveit_resources_fanuc_moveit_config:/home/kush/ws_moveit2_ur5/install/moveit_resources_fanuc_description:/home/kush/ws_moveit2_ur5/install/moveit_common:/home/kush/ws_moveit2_ur5/install/moveit_configs_utils:/home/kush/ws_moveit2_ur5/install/launch_param_builder:/opt/ros/humble LD_LIBRARY_PATH=/home/kush/UR5_Project_main/install/moveit_ros_occupancy_map_monitor/lib:/home/kush/UR5_Project_main/install/moveit_core/lib:/home/kush/UR5_Project_main/install/srdfdom/lib:${LD_LIBRARY_PATH} PATH=/home/kush/UR5_Project_main/install/moveit_core/bin:${PATH} PYTHONPATH=/home/kush/UR5_Project_main/install/srdfdom/local/lib/python3.10/dist-packages:${PYTHONPATH} /usr/bin/cmake --build /home/kush/UR5_Project_main/build/moveit_ros_planning -- -j4 -l4
[3.671s] Invoking command in '/home/kush/UR5_Project_main/build/moveit_ros_planning': AMENT_PREFIX_PATH=/home/kush/UR5_Project_main/install/moveit_ros_occupancy_map_monitor:/home/kush/UR5_Project_main/install/moveit_core:/home/kush/UR5_Project_main/install/moveit_resources_panda_moveit_config:/home/kush/UR5_Project_main/install/srdfdom:/home/kush/UR5_Project_main/install/moveit_resources_panda_description:/home/kush/UR5_Project_main/install/moveit_common:${AMENT_PREFIX_PATH} CMAKE_PREFIX_PATH=/home/kush/UR5_Project_main/install/moveit_ros_occupancy_map_monitor:/home/kush/UR5_Project_main/install/moveit_core:/home/kush/UR5_Project_main/install/moveit_resources_panda_moveit_config:/home/kush/UR5_Project_main/install/srdfdom:/home/kush/UR5_Project_main/install/moveit_resources_panda_description:/home/kush/UR5_Project_main/install/moveit_common:/home/kush/ws_moveit2_ur5/install/ur_description:/home/kush/ws_moveit2_ur5/install/pilz_industrial_motion_planner_testutils:/home/kush/ws_moveit2_ur5/install/moveit_runtime:/home/kush/ws_moveit2_ur5/install/moveit2_tutorials:/home/kush/ws_moveit2_ur5/install/moveit:/home/kush/ws_moveit2_ur5/install/moveit_planners:/home/kush/ws_moveit2_ur5/install/pilz_industrial_motion_planner:/home/kush/ws_moveit2_ur5/install/moveit_visual_tools:/home/kush/ws_moveit2_ur5/install/moveit_task_constructor_visualization:/home/kush/ws_moveit2_ur5/install/moveit_task_constructor_demo:/home/kush/ws_moveit2_ur5/install/moveit_task_constructor_capabilities:/home/kush/ws_moveit2_ur5/install/moveit_task_constructor_core:/home/kush/ws_moveit2_ur5/install/moveit_ros_control_interface:/home/kush/ws_moveit2_ur5/install/moveit_plugins:/home/kush/ws_moveit2_ur5/install/moveit_simple_controller_manager:/home/kush/ws_moveit2_ur5/install/moveit_setup_assistant:/home/kush/ws_moveit2_ur5/install/moveit_setup_srdf_plugins:/home/kush/ws_moveit2_ur5/install/moveit_setup_core_plugins:/home/kush/ws_moveit2_ur5/install/moveit_setup_controllers:/home/kush/ws_moveit2_ur5/install/moveit_setup_app_plugins:/home/kush/ws_moveit2_ur5/install/moveit_setup_framework:/home/kush/ws_moveit2_ur5/install/moveit_servo:/home/kush/ws_moveit2_ur5/install/moveit_ros:/home/kush/ws_moveit2_ur5/install/moveit_ros_visualization:/home/kush/ws_moveit2_ur5/install/moveit_hybrid_planning:/home/kush/ws_moveit2_ur5/install/moveit_ros_planning_interface:/home/kush/ws_moveit2_ur5/install/moveit_ros_benchmarks:/home/kush/ws_moveit2_ur5/install/moveit_ros_warehouse:/home/kush/ws_moveit2_ur5/install/moveit_ros_robot_interaction:/home/kush/ws_moveit2_ur5/install/moveit_ros_perception:/home/kush/ws_moveit2_ur5/install/moveit_resources_prbt_pg70_support:/home/kush/ws_moveit2_ur5/install/moveit_resources_prbt_moveit_config:/home/kush/ws_moveit2_ur5/install/moveit_ros_move_group:/home/kush/ws_moveit2_ur5/install/moveit_planners_ompl:/home/kush/ws_moveit2_ur5/install/moveit_ros_planning:/home/kush/ws_moveit2_ur5/install/moveit_ros_occupancy_map_monitor:/home/kush/ws_moveit2_ur5/install/moveit_resources_prbt_ikfast_manipulator_plugin:/home/kush/ws_moveit2_ur5/install/moveit_planners_chomp:/home/kush/ws_moveit2_ur5/install/moveit_kinematics:/home/kush/ws_moveit2_ur5/install/moveit_chomp_optimizer_adapter:/home/kush/ws_moveit2_ur5/install/chomp_motion_planner:/home/kush/ws_moveit2_ur5/install/moveit_core:/home/kush/ws_moveit2_ur5/install/srdfdom:/home/kush/ws_moveit2_ur5/install/rviz_marker_tools:/home/kush/ws_moveit2_ur5/install/rosparam_shortcuts:/home/kush/ws_moveit2_ur5/install/moveit_task_constructor_msgs:/home/kush/ws_moveit2_ur5/install/moveit_resources_prbt_support:/home/kush/ws_moveit2_ur5/install/moveit_resources:/home/kush/ws_moveit2_ur5/install/moveit_resources_pr2_description:/home/kush/ws_moveit2_ur5/install/moveit_resources_panda_moveit_config:/home/kush/ws_moveit2_ur5/install/moveit_resources_panda_description:/home/kush/ws_moveit2_ur5/install/moveit_resources_fanuc_moveit_config:/home/kush/ws_moveit2_ur5/install/moveit_resources_fanuc_description:/home/kush/ws_moveit2_ur5/install/moveit_common:/home/kush/ws_moveit2_ur5/install/moveit_configs_utils:/home/kush/ws_moveit2_ur5/install/launch_param_builder:/opt/ros/humble LD_LIBRARY_PATH=/home/kush/UR5_Project_main/install/moveit_ros_occupancy_map_monitor/lib:/home/kush/UR5_Project_main/install/moveit_core/lib:/home/kush/UR5_Project_main/install/srdfdom/lib:${LD_LIBRARY_PATH} PATH=/home/kush/UR5_Project_main/install/moveit_core/bin:${PATH} PYTHONPATH=/home/kush/UR5_Project_main/install/srdfdom/local/lib/python3.10/dist-packages:${PYTHONPATH} /usr/bin/cmake --install /home/kush/UR5_Project_main/build/moveit_ros_planning
[3.697s] -- Install configuration: "Release"
[3.699s] -- Up-to-date: /home/kush/UR5_Project_main/install/moveit_ros_planning/include
[3.699s] -- Up-to-date: /home/kush/UR5_Project_main/install/moveit_ros_planning/include/moveit
[3.699s] -- Up-to-date: /home/kush/UR5_Project_main/install/moveit_ros_planning/include/moveit/rdf_loader
[3.700s] -- Up-to-date: /home/kush/UR5_Project_main/install/moveit_ros_planning/include/moveit/rdf_loader/synchronized_string_parameter.h
[3.700s] -- Up-to-date: /home/kush/UR5_Project_main/install/moveit_ros_planning/include/moveit/rdf_loader/rdf_loader.h
[3.700s] -- Up-to-date: /home/kush/UR5_Project_main/install/moveit_ros_planning/share/moveit_ros_planning/rdf_loader/test/data
[3.700s] -- Up-to-date: /home/kush/UR5_Project_main/install/moveit_ros_planning/share/moveit_ros_planning/rdf_loader/test/data/kermit.srdf
[3.700s] -- Up-to-date: /home/kush/UR5_Project_main/install/moveit_ros_planning/share/moveit_ros_planning/rdf_loader/test/data/gonzo.srdf
[3.701s] -- Up-to-date: /home/kush/UR5_Project_main/install/moveit_ros_planning/share/moveit_ros_planning/rdf_loader/test/data/kermit.urdf
[3.701s] -- Up-to-date: /home/kush/UR5_Project_main/install/moveit_ros_planning/share/moveit_ros_planning/rdf_loader/test/data/robin.srdf.xacro
[3.701s] -- Up-to-date: /home/kush/UR5_Project_main/install/moveit_ros_planning/share/moveit_ros_planning/rdf_loader/test/data/gonzo.urdf
[3.701s] -- Up-to-date: /home/kush/UR5_Project_main/install/moveit_ros_planning/share/moveit_ros_planning/rdf_loader/test/launch
[3.701s] -- Up-to-date: /home/kush/UR5_Project_main/install/moveit_ros_planning/share/moveit_ros_planning/rdf_loader/test/launch/test_rdf_integration.test.py
[3.702s] -- Up-to-date: /home/kush/UR5_Project_main/install/moveit_ros_planning/include
[3.702s] -- Up-to-date: /home/kush/UR5_Project_main/install/moveit_ros_planning/include/moveit
[3.703s] -- Up-to-date: /home/kush/UR5_Project_main/install/moveit_ros_planning/include/moveit/collision_plugin_loader
[3.703s] -- Up-to-date: /home/kush/UR5_Project_main/install/moveit_ros_planning/include/moveit/collision_plugin_loader/collision_plugin_loader.h
[3.704s] -- Up-to-date: /home/kush/UR5_Project_main/install/moveit_ros_planning/include
[3.704s] -- Up-to-date: /home/kush/UR5_Project_main/install/moveit_ros_planning/include/moveit
[3.704s] -- Up-to-date: /home/kush/UR5_Project_main/install/moveit_ros_planning/include/moveit/kinematics_plugin_loader
[3.704s] -- Up-to-date: /home/kush/UR5_Project_main/install/moveit_ros_planning/include/moveit/kinematics_plugin_loader/kinematics_plugin_loader.h
[3.705s] -- Up-to-date: /home/kush/UR5_Project_main/install/moveit_ros_planning/include
[3.705s] -- Up-to-date: /home/kush/UR5_Project_main/install/moveit_ros_planning/include/moveit
[3.706s] -- Up-to-date: /home/kush/UR5_Project_main/install/moveit_ros_planning/include/moveit/robot_model_loader
[3.706s] -- Up-to-date: /home/kush/UR5_Project_main/install/moveit_ros_planning/include/moveit/robot_model_loader/robot_model_loader.h
[3.707s] -- Up-to-date: /home/kush/UR5_Project_main/install/moveit_ros_planning/include
[3.707s] -- Up-to-date: /home/kush/UR5_Project_main/install/moveit_ros_planning/include/moveit
[3.707s] -- Up-to-date: /home/kush/UR5_Project_main/install/moveit_ros_planning/include/moveit/constraint_sampler_manager_loader
[3.708s] -- Up-to-date: /home/kush/UR5_Project_main/install/moveit_ros_planning/include/moveit/constraint_sampler_manager_loader/constraint_sampler_manager_loader.h
[3.708s] -- Up-to-date: /home/kush/UR5_Project_main/install/moveit_ros_planning/include
[3.709s] -- Up-to-date: /home/kush/UR5_Project_main/install/moveit_ros_planning/include/moveit
[3.709s] -- Up-to-date: /home/kush/UR5_Project_main/install/moveit_ros_planning/include/moveit/planning_pipeline
[3.709s] -- Up-to-date: /home/kush/UR5_Project_main/install/moveit_ros_planning/include/moveit/planning_pipeline/planning_pipeline.h
[3.709s] -- Up-to-date: /home/kush/UR5_Project_main/install/moveit_ros_planning/include/moveit_planning_pipeline_export.h
[3.728s] -- Up-to-date: /home/kush/UR5_Project_main/install/moveit_ros_planning/lib/moveit_ros_planning/moveit_list_request_adapter_plugins
[3.748s] -- Up-to-date: /home/kush/UR5_Project_main/install/moveit_ros_planning/lib/moveit_ros_planning/demo_scene
[3.749s] -- Up-to-date: /home/kush/UR5_Project_main/install/moveit_ros_planning/include
[3.749s] -- Up-to-date: /home/kush/UR5_Project_main/install/moveit_ros_planning/include/moveit
[3.749s] -- Up-to-date: /home/kush/UR5_Project_main/install/moveit_ros_planning/include/moveit/planning_scene_monitor
[3.750s] -- Up-to-date: /home/kush/UR5_Project_main/install/moveit_ros_planning/include/moveit/planning_scene_monitor/trajectory_monitor_middleware_handle.hpp
[3.750s] -- Up-to-date: /home/kush/UR5_Project_main/install/moveit_ros_planning/include/moveit/planning_scene_monitor/current_state_monitor_middleware_handle.hpp
[3.750s] -- Up-to-date: /home/kush/UR5_Project_main/install/moveit_ros_planning/include/moveit/planning_scene_monitor/trajectory_monitor.h
[3.750s] -- Up-to-date: /home/kush/UR5_Project_main/install/moveit_ros_planning/include/moveit/planning_scene_monitor/current_state_monitor.h
[3.750s] -- Up-to-date: /home/kush/UR5_Project_main/install/moveit_ros_planning/include/moveit/planning_scene_monitor/planning_scene_monitor.h
[3.750s] -- Up-to-date: /home/kush/UR5_Project_main/install/moveit_ros_planning/include/moveit_planning_scene_monitor_export.h
[3.779s] -- Up-to-date: /home/kush/UR5_Project_main/install/moveit_ros_planning/lib/moveit_ros_planning/moveit_print_planning_model_info
[3.780s] -- Up-to-date: /home/kush/UR5_Project_main/install/moveit_ros_planning/lib/moveit_ros_planning/moveit_print_planning_scene_info
[3.805s] -- Up-to-date: /home/kush/UR5_Project_main/install/moveit_ros_planning/lib/moveit_ros_planning/moveit_display_random_state
[3.815s] -- Up-to-date: /home/kush/UR5_Project_main/install/moveit_ros_planning/lib/moveit_ros_planning/moveit_visualize_robot_collision_volume
[3.832s] -- Up-to-date: /home/kush/UR5_Project_main/install/moveit_ros_planning/lib/moveit_ros_planning/moveit_evaluate_collision_checking_speed
[3.833s] -- Up-to-date: /home/kush/UR5_Project_main/install/moveit_ros_planning/lib/moveit_ros_planning/moveit_publish_scene_from_text
[3.851s] -- Up-to-date: /home/kush/UR5_Project_main/install/moveit_ros_planning/include
[3.851s] -- Up-to-date: /home/kush/UR5_Project_main/install/moveit_ros_planning/include/moveit
[3.852s] -- Up-to-date: /home/kush/UR5_Project_main/install/moveit_ros_planning/include/moveit/trajectory_execution_manager
[3.852s] -- Up-to-date: /home/kush/UR5_Project_main/install/moveit_ros_planning/include/moveit/trajectory_execution_manager/trajectory_execution_manager.h
[3.852s] -- Up-to-date: /home/kush/UR5_Project_main/install/moveit_ros_planning/include/moveit_trajectory_execution_manager_export.h
[3.853s] -- Up-to-date: /home/kush/UR5_Project_main/install/moveit_ros_planning/include
[3.853s] -- Up-to-date: /home/kush/UR5_Project_main/install/moveit_ros_planning/include/moveit
[3.853s] -- Up-to-date: /home/kush/UR5_Project_main/install/moveit_ros_planning/include/moveit/plan_execution
[3.853s] -- Up-to-date: /home/kush/UR5_Project_main/install/moveit_ros_planning/include/moveit/plan_execution/plan_representation.h
[3.853s] -- Up-to-date: /home/kush/UR5_Project_main/install/moveit_ros_planning/include/moveit/plan_execution/plan_execution.h
[3.853s] -- Up-to-date: /home/kush/UR5_Project_main/install/moveit_ros_planning/include
[3.853s] -- Up-to-date: /home/kush/UR5_Project_main/install/moveit_ros_planning/include/moveit
[3.853s] -- Up-to-date: /home/kush/UR5_Project_main/install/moveit_ros_planning/include/moveit/moveit_cpp
[3.854s] -- Up-to-date: /home/kush/UR5_Project_main/install/moveit_ros_planning/include/moveit/moveit_cpp/planning_component.h
[3.854s] -- Up-to-date: /home/kush/UR5_Project_main/install/moveit_ros_planning/include/moveit/moveit_cpp/moveit_cpp.h
[3.872s] -- Up-to-date: /home/kush/UR5_Project_main/install/moveit_ros_planning/lib/libmoveit_rdf_loader.so.2.5.4
[3.872s] -- Up-to-date: /home/kush/UR5_Project_main/install/moveit_ros_planning/lib/libmoveit_rdf_loader.so
[3.897s] -- Up-to-date: /home/kush/UR5_Project_main/install/moveit_ros_planning/lib/libmoveit_kinematics_plugin_loader.so.2.5.4
[3.897s] -- Up-to-date: /home/kush/UR5_Project_main/install/moveit_ros_planning/lib/libmoveit_kinematics_plugin_loader.so
[3.915s] -- Up-to-date: /home/kush/UR5_Project_main/install/moveit_ros_planning/lib/libmoveit_robot_model_loader.so.2.5.4
[3.916s] -- Up-to-date: /home/kush/UR5_Project_main/install/moveit_ros_planning/lib/libmoveit_robot_model_loader.so
[3.966s] -- Up-to-date: /home/kush/UR5_Project_main/install/moveit_ros_planning/lib/libmoveit_constraint_sampler_manager_loader.so.2.5.4
[3.966s] -- Up-to-date: /home/kush/UR5_Project_main/install/moveit_ros_planning/lib/libmoveit_constraint_sampler_manager_loader.so
[3.995s] -- Up-to-date: /home/kush/UR5_Project_main/install/moveit_ros_planning/lib/libmoveit_planning_pipeline.so.2.5.4
[3.995s] -- Up-to-date: /home/kush/UR5_Project_main/install/moveit_ros_planning/lib/libmoveit_planning_pipeline.so
[4.030s] -- Up-to-date: /home/kush/UR5_Project_main/install/moveit_ros_planning/lib/libmoveit_trajectory_execution_manager.so.2.5.4
[4.030s] -- Up-to-date: /home/kush/UR5_Project_main/install/moveit_ros_planning/lib/libmoveit_trajectory_execution_manager.so
[4.049s] -- Up-to-date: /home/kush/UR5_Project_main/install/moveit_ros_planning/lib/libmoveit_plan_execution.so.2.5.4
[4.050s] -- Up-to-date: /home/kush/UR5_Project_main/install/moveit_ros_planning/lib/libmoveit_plan_execution.so
[4.081s] -- Up-to-date: /home/kush/UR5_Project_main/install/moveit_ros_planning/lib/libmoveit_planning_scene_monitor.so.2.5.4
[4.081s] -- Up-to-date: /home/kush/UR5_Project_main/install/moveit_ros_planning/lib/libmoveit_planning_scene_monitor.so
[4.082s] -- Up-to-date: /home/kush/UR5_Project_main/install/moveit_ros_planning/lib/libmoveit_collision_plugin_loader.so.2.5.4
[4.082s] -- Up-to-date: /home/kush/UR5_Project_main/install/moveit_ros_planning/lib/libmoveit_collision_plugin_loader.so
[4.107s] -- Up-to-date: /home/kush/UR5_Project_main/install/moveit_ros_planning/lib/libmoveit_default_planning_request_adapter_plugins.so.2.5.4
[4.107s] -- Up-to-date: /home/kush/UR5_Project_main/install/moveit_ros_planning/lib/libmoveit_default_planning_request_adapter_plugins.so
[4.126s] -- Up-to-date: /home/kush/UR5_Project_main/install/moveit_ros_planning/lib/libmoveit_cpp.so.2.5.4
[4.127s] -- Up-to-date: /home/kush/UR5_Project_main/install/moveit_ros_planning/lib/libmoveit_cpp.so
[4.127s] -- Up-to-date: /home/kush/UR5_Project_main/install/moveit_ros_planning/share/moveit_ros_planning/environment/library_path.sh
[4.127s] -- Up-to-date: /home/kush/UR5_Project_main/install/moveit_ros_planning/share/moveit_ros_planning/environment/library_path.dsv
[4.127s] -- Up-to-date: /home/kush/UR5_Project_main/install/moveit_ros_planning/share/moveit_ros_planning/planning_request_adapters_plugin_description.xml
[4.128s] -- Up-to-date: /home/kush/UR5_Project_main/install/moveit_ros_planning/share/ament_index/resource_index/package_run_dependencies/moveit_ros_planning
[4.128s] -- Up-to-date: /home/kush/UR5_Project_main/install/moveit_ros_planning/share/ament_index/resource_index/parent_prefix_path/moveit_ros_planning
[4.128s] -- Up-to-date: /home/kush/UR5_Project_main/install/moveit_ros_planning/share/moveit_ros_planning/environment/ament_prefix_path.sh
[4.128s] -- Up-to-date: /home/kush/UR5_Project_main/install/moveit_ros_planning/share/moveit_ros_planning/environment/ament_prefix_path.dsv
[4.128s] -- Up-to-date: /home/kush/UR5_Project_main/install/moveit_ros_planning/share/moveit_ros_planning/environment/path.sh
[4.129s] -- Up-to-date: /home/kush/UR5_Project_main/install/moveit_ros_planning/share/moveit_ros_planning/environment/path.dsv
[4.129s] -- Up-to-date: /home/kush/UR5_Project_main/install/moveit_ros_planning/share/moveit_ros_planning/local_setup.bash
[4.129s] -- Up-to-date: /home/kush/UR5_Project_main/install/moveit_ros_planning/share/moveit_ros_planning/local_setup.sh
[4.129s] -- Up-to-date: /home/kush/UR5_Project_main/install/moveit_ros_planning/share/moveit_ros_planning/local_setup.zsh
[4.129s] -- Up-to-date: /home/kush/UR5_Project_main/install/moveit_ros_planning/share/moveit_ros_planning/local_setup.dsv
[4.129s] -- Installing: /home/kush/UR5_Project_main/install/moveit_ros_planning/share/moveit_ros_planning/package.dsv
[4.137s] -- Up-to-date: /home/kush/UR5_Project_main/install/moveit_ros_planning/share/ament_index/resource_index/packages/moveit_ros_planning
[4.137s] -- Up-to-date: /home/kush/UR5_Project_main/install/moveit_ros_planning/share/ament_index/resource_index/moveit_core__pluginlib__plugin/moveit_ros_planning
[4.163s] -- Up-to-date: /home/kush/UR5_Project_main/install/moveit_ros_planning/share/moveit_ros_planning/cmake/export_moveit_ros_planningExport.cmake
[4.163s] -- Up-to-date: /home/kush/UR5_Project_main/install/moveit_ros_planning/share/moveit_ros_planning/cmake/export_moveit_ros_planningExport-release.cmake
[4.163s] -- Up-to-date: /home/kush/UR5_Project_main/install/moveit_ros_planning/share/moveit_ros_planning/cmake/ConfigExtras.cmake
[4.164s] -- Up-to-date: /home/kush/UR5_Project_main/install/moveit_ros_planning/share/moveit_ros_planning/cmake/ament_cmake_export_targets-extras.cmake
[4.164s] -- Up-to-date: /home/kush/UR5_Project_main/install/moveit_ros_planning/share/moveit_ros_planning/cmake/ament_cmake_export_dependencies-extras.cmake
[4.164s] -- Up-to-date: /home/kush/UR5_Project_main/install/moveit_ros_planning/share/moveit_ros_planning/cmake/moveit_ros_planningConfig.cmake
[4.164s] -- Up-to-date: /home/kush/UR5_Project_main/install/moveit_ros_planning/share/moveit_ros_planning/cmake/moveit_ros_planningConfig-version.cmake
[4.164s] -- Up-to-date: /home/kush/UR5_Project_main/install/moveit_ros_planning/share/moveit_ros_planning/package.xml
[4.172s] Invoked command in '/home/kush/UR5_Project_main/build/moveit_ros_planning' returned '0': AMENT_PREFIX_PATH=/home/kush/UR5_Project_main/install/moveit_ros_occupancy_map_monitor:/home/kush/UR5_Project_main/install/moveit_core:/home/kush/UR5_Project_main/install/moveit_resources_panda_moveit_config:/home/kush/UR5_Project_main/install/srdfdom:/home/kush/UR5_Project_main/install/moveit_resources_panda_description:/home/kush/UR5_Project_main/install/moveit_common:${AMENT_PREFIX_PATH} CMAKE_PREFIX_PATH=/home/kush/UR5_Project_main/install/moveit_ros_occupancy_map_monitor:/home/kush/UR5_Project_main/install/moveit_core:/home/kush/UR5_Project_main/install/moveit_resources_panda_moveit_config:/home/kush/UR5_Project_main/install/srdfdom:/home/kush/UR5_Project_main/install/moveit_resources_panda_description:/home/kush/UR5_Project_main/install/moveit_common:/home/kush/ws_moveit2_ur5/install/ur_description:/home/kush/ws_moveit2_ur5/install/pilz_industrial_motion_planner_testutils:/home/kush/ws_moveit2_ur5/install/moveit_runtime:/home/kush/ws_moveit2_ur5/install/moveit2_tutorials:/home/kush/ws_moveit2_ur5/install/moveit:/home/kush/ws_moveit2_ur5/install/moveit_planners:/home/kush/ws_moveit2_ur5/install/pilz_industrial_motion_planner:/home/kush/ws_moveit2_ur5/install/moveit_visual_tools:/home/kush/ws_moveit2_ur5/install/moveit_task_constructor_visualization:/home/kush/ws_moveit2_ur5/install/moveit_task_constructor_demo:/home/kush/ws_moveit2_ur5/install/moveit_task_constructor_capabilities:/home/kush/ws_moveit2_ur5/install/moveit_task_constructor_core:/home/kush/ws_moveit2_ur5/install/moveit_ros_control_interface:/home/kush/ws_moveit2_ur5/install/moveit_plugins:/home/kush/ws_moveit2_ur5/install/moveit_simple_controller_manager:/home/kush/ws_moveit2_ur5/install/moveit_setup_assistant:/home/kush/ws_moveit2_ur5/install/moveit_setup_srdf_plugins:/home/kush/ws_moveit2_ur5/install/moveit_setup_core_plugins:/home/kush/ws_moveit2_ur5/install/moveit_setup_controllers:/home/kush/ws_moveit2_ur5/install/moveit_setup_app_plugins:/home/kush/ws_moveit2_ur5/install/moveit_setup_framework:/home/kush/ws_moveit2_ur5/install/moveit_servo:/home/kush/ws_moveit2_ur5/install/moveit_ros:/home/kush/ws_moveit2_ur5/install/moveit_ros_visualization:/home/kush/ws_moveit2_ur5/install/moveit_hybrid_planning:/home/kush/ws_moveit2_ur5/install/moveit_ros_planning_interface:/home/kush/ws_moveit2_ur5/install/moveit_ros_benchmarks:/home/kush/ws_moveit2_ur5/install/moveit_ros_warehouse:/home/kush/ws_moveit2_ur5/install/moveit_ros_robot_interaction:/home/kush/ws_moveit2_ur5/install/moveit_ros_perception:/home/kush/ws_moveit2_ur5/install/moveit_resources_prbt_pg70_support:/home/kush/ws_moveit2_ur5/install/moveit_resources_prbt_moveit_config:/home/kush/ws_moveit2_ur5/install/moveit_ros_move_group:/home/kush/ws_moveit2_ur5/install/moveit_planners_ompl:/home/kush/ws_moveit2_ur5/install/moveit_ros_planning:/home/kush/ws_moveit2_ur5/install/moveit_ros_occupancy_map_monitor:/home/kush/ws_moveit2_ur5/install/moveit_resources_prbt_ikfast_manipulator_plugin:/home/kush/ws_moveit2_ur5/install/moveit_planners_chomp:/home/kush/ws_moveit2_ur5/install/moveit_kinematics:/home/kush/ws_moveit2_ur5/install/moveit_chomp_optimizer_adapter:/home/kush/ws_moveit2_ur5/install/chomp_motion_planner:/home/kush/ws_moveit2_ur5/install/moveit_core:/home/kush/ws_moveit2_ur5/install/srdfdom:/home/kush/ws_moveit2_ur5/install/rviz_marker_tools:/home/kush/ws_moveit2_ur5/install/rosparam_shortcuts:/home/kush/ws_moveit2_ur5/install/moveit_task_constructor_msgs:/home/kush/ws_moveit2_ur5/install/moveit_resources_prbt_support:/home/kush/ws_moveit2_ur5/install/moveit_resources:/home/kush/ws_moveit2_ur5/install/moveit_resources_pr2_description:/home/kush/ws_moveit2_ur5/install/moveit_resources_panda_moveit_config:/home/kush/ws_moveit2_ur5/install/moveit_resources_panda_description:/home/kush/ws_moveit2_ur5/install/moveit_resources_fanuc_moveit_config:/home/kush/ws_moveit2_ur5/install/moveit_resources_fanuc_description:/home/kush/ws_moveit2_ur5/install/moveit_common:/home/kush/ws_moveit2_ur5/install/moveit_configs_utils:/home/kush/ws_moveit2_ur5/install/launch_param_builder:/opt/ros/humble LD_LIBRARY_PATH=/home/kush/UR5_Project_main/install/moveit_ros_occupancy_map_monitor/lib:/home/kush/UR5_Project_main/install/moveit_core/lib:/home/kush/UR5_Project_main/install/srdfdom/lib:${LD_LIBRARY_PATH} PATH=/home/kush/UR5_Project_main/install/moveit_core/bin:${PATH} PYTHONPATH=/home/kush/UR5_Project_main/install/srdfdom/local/lib/python3.10/dist-packages:${PYTHONPATH} /usr/bin/cmake --install /home/kush/UR5_Project_main/build/moveit_ros_planning
