[0.131s] Invoking command in '/home/kush/UR5_Project_main/build/srdfdom': CMAKE_PREFIX_PATH=${CMAKE_PREFIX_PATH}:/home/kush/UR5_Project_main/install/moveit_configs_utils:/home/kush/UR5_Project_main/install/launch_param_builder:/home/kush/ws_moveit2_ur5/install/moveit_configs_utils:/home/kush/ws_moveit2_ur5/install/launch_param_builder:/opt/ros/humble /usr/bin/cmake --build /home/kush/UR5_Project_main/build/srdfdom -- -j4 -l4
[1.034s] [ 18%] Built target gtest_main
[1.034s] [ 45%] Built target srdfdom
[1.034s] [ 63%] Built target gtest
[1.034s] [ 63%] Built target ament_cmake_python_copy_srdfdom
[1.035s] [ 81%] Built target test_cpp_nl_NL.UTF-8
[1.035s] [100%] Built target test_cpp_C
[1.688s] running egg_info
[1.689s] writing srdfdom.egg-info/PKG-INFO
[1.689s] writing dependency_links to srdfdom.egg-info/dependency_links.txt
[1.689s] writing top-level names to srdfdom.egg-info/top_level.txt
[1.701s] reading manifest file 'srdfdom.egg-info/SOURCES.txt'
[1.703s] writing manifest file 'srdfdom.egg-info/SOURCES.txt'
[1.829s] [100%] Built target ament_cmake_python_build_srdfdom_egg
[1.980s] Invoked command in '/home/kush/UR5_Project_main/build/srdfdom' returned '0': CMAKE_PREFIX_PATH=${CMAKE_PREFIX_PATH}:/home/kush/UR5_Project_main/install/moveit_configs_utils:/home/kush/UR5_Project_main/install/launch_param_builder:/home/kush/ws_moveit2_ur5/install/moveit_configs_utils:/home/kush/ws_moveit2_ur5/install/launch_param_builder:/opt/ros/humble /usr/bin/cmake --build /home/kush/UR5_Project_main/build/srdfdom -- -j4 -l4
[2.429s] Invoking command in '/home/kush/UR5_Project_main/build/srdfdom': CMAKE_PREFIX_PATH=${CMAKE_PREFIX_PATH}:/home/kush/UR5_Project_main/install/moveit_configs_utils:/home/kush/UR5_Project_main/install/launch_param_builder:/home/kush/ws_moveit2_ur5/install/moveit_configs_utils:/home/kush/ws_moveit2_ur5/install/launch_param_builder:/opt/ros/humble /usr/bin/cmake --install /home/kush/UR5_Project_main/build/srdfdom
[2.465s] -- Install configuration: "Release"
[2.465s] -- Up-to-date: /home/kush/UR5_Project_main/install/srdfdom/lib/libsrdfdom.so.2.0.4
[2.466s] -- Up-to-date: /home/kush/UR5_Project_main/install/srdfdom/lib/libsrdfdom.so
[2.466s] -- Up-to-date: /home/kush/UR5_Project_main/install/srdfdom/include/srdfdom
[2.467s] -- Up-to-date: /home/kush/UR5_Project_main/install/srdfdom/include/srdfdom/visibility_control.h
[2.467s] -- Up-to-date: /home/kush/UR5_Project_main/install/srdfdom/include/srdfdom/model.h
[2.468s] -- Up-to-date: /home/kush/UR5_Project_main/install/srdfdom/include/srdfdom/srdf_writer.h
[2.468s] -- Up-to-date: /home/kush/UR5_Project_main/install/srdfdom/lib/srdfdom/display_srdf
[2.468s] -- Up-to-date: /home/kush/UR5_Project_main/install/srdfdom/share/srdfdom/environment/pythonpath.sh
[2.468s] -- Up-to-date: /home/kush/UR5_Project_main/install/srdfdom/share/srdfdom/environment/pythonpath.dsv
[2.468s] -- Up-to-date: /home/kush/UR5_Project_main/install/srdfdom/local/lib/python3.10/dist-packages/srdfdom-2.0.4-py3.10.egg-info
[2.468s] -- Installing: /home/kush/UR5_Project_main/install/srdfdom/local/lib/python3.10/dist-packages/srdfdom-2.0.4-py3.10.egg-info/SOURCES.txt
[2.469s] -- Installing: /home/kush/UR5_Project_main/install/srdfdom/local/lib/python3.10/dist-packages/srdfdom-2.0.4-py3.10.egg-info/dependency_links.txt
[2.471s] -- Installing: /home/kush/UR5_Project_main/install/srdfdom/local/lib/python3.10/dist-packages/srdfdom-2.0.4-py3.10.egg-info/PKG-INFO
[2.471s] -- Installing: /home/kush/UR5_Project_main/install/srdfdom/local/lib/python3.10/dist-packages/srdfdom-2.0.4-py3.10.egg-info/top_level.txt
[2.471s] -- Up-to-date: /home/kush/UR5_Project_main/install/srdfdom/local/lib/python3.10/dist-packages/srdfdom
[2.471s] -- Up-to-date: /home/kush/UR5_Project_main/install/srdfdom/local/lib/python3.10/dist-packages/srdfdom/__init__.py
[2.471s] -- Up-to-date: /home/kush/UR5_Project_main/install/srdfdom/local/lib/python3.10/dist-packages/srdfdom/srdf.py
[2.578s] Listing '/home/kush/UR5_Project_main/install/srdfdom/local/lib/python3.10/dist-packages/srdfdom'...
[2.591s] -- Up-to-date: /home/kush/UR5_Project_main/install/srdfdom/share/srdfdom/environment/library_path.sh
[2.592s] -- Up-to-date: /home/kush/UR5_Project_main/install/srdfdom/share/srdfdom/environment/library_path.dsv
[2.592s] -- Up-to-date: /home/kush/UR5_Project_main/install/srdfdom/share/ament_index/resource_index/package_run_dependencies/srdfdom
[2.592s] -- Up-to-date: /home/kush/UR5_Project_main/install/srdfdom/share/ament_index/resource_index/parent_prefix_path/srdfdom
[2.592s] -- Up-to-date: /home/kush/UR5_Project_main/install/srdfdom/share/srdfdom/environment/ament_prefix_path.sh
[2.604s] -- Up-to-date: /home/kush/UR5_Project_main/install/srdfdom/share/srdfdom/environment/ament_prefix_path.dsv
[2.605s] -- Up-to-date: /home/kush/UR5_Project_main/install/srdfdom/share/srdfdom/environment/path.sh
[2.605s] -- Up-to-date: /home/kush/UR5_Project_main/install/srdfdom/share/srdfdom/environment/path.dsv
[2.605s] -- Up-to-date: /home/kush/UR5_Project_main/install/srdfdom/share/srdfdom/local_setup.bash
[2.605s] -- Up-to-date: /home/kush/UR5_Project_main/install/srdfdom/share/srdfdom/local_setup.sh
[2.605s] -- Up-to-date: /home/kush/UR5_Project_main/install/srdfdom/share/srdfdom/local_setup.zsh
[2.606s] -- Up-to-date: /home/kush/UR5_Project_main/install/srdfdom/share/srdfdom/local_setup.dsv
[2.606s] -- Installing: /home/kush/UR5_Project_main/install/srdfdom/share/srdfdom/package.dsv
[2.606s] -- Up-to-date: /home/kush/UR5_Project_main/install/srdfdom/share/ament_index/resource_index/packages/srdfdom
[2.606s] -- Up-to-date: /home/kush/UR5_Project_main/install/srdfdom/share/srdfdom/cmake/srdfdomTargetsExport.cmake
[2.607s] -- Up-to-date: /home/kush/UR5_Project_main/install/srdfdom/share/srdfdom/cmake/srdfdomTargetsExport-release.cmake
[2.607s] -- Up-to-date: /home/kush/UR5_Project_main/install/srdfdom/share/srdfdom/cmake/ament_cmake_export_targets-extras.cmake
[2.607s] -- Up-to-date: /home/kush/UR5_Project_main/install/srdfdom/share/srdfdom/cmake/ament_cmake_export_dependencies-extras.cmake
[2.607s] -- Up-to-date: /home/kush/UR5_Project_main/install/srdfdom/share/srdfdom/cmake/srdfdomConfig.cmake
[2.608s] -- Up-to-date: /home/kush/UR5_Project_main/install/srdfdom/share/srdfdom/cmake/srdfdomConfig-version.cmake
[2.608s] -- Up-to-date: /home/kush/UR5_Project_main/install/srdfdom/share/srdfdom/package.xml
[2.608s] Invoked command in '/home/kush/UR5_Project_main/build/srdfdom' returned '0': CMAKE_PREFIX_PATH=${CMAKE_PREFIX_PATH}:/home/kush/UR5_Project_main/install/moveit_configs_utils:/home/kush/UR5_Project_main/install/launch_param_builder:/home/kush/ws_moveit2_ur5/install/moveit_configs_utils:/home/kush/ws_moveit2_ur5/install/launch_param_builder:/opt/ros/humble /usr/bin/cmake --install /home/kush/UR5_Project_main/build/srdfdom
