[0.000000] (-) TimerEvent: {}
[0.000402] (-) JobUnselected: {'identifier': 'chomp_motion_planner'}
[0.000496] (-) JobUnselected: {'identifier': 'launch_param_builder'}
[0.000618] (-) JobUnselected: {'identifier': 'moveit'}
[0.000672] (-) JobUnselected: {'identifier': 'moveit2_tutorials'}
[0.000806] (-) JobUnselected: {'identifier': 'moveit_chomp_optimizer_adapter'}
[0.000837] (-) JobUnselected: {'identifier': 'moveit_common'}
[0.000945] (-) JobUnselected: {'identifier': 'moveit_configs_utils'}
[0.001098] (-) JobUnselected: {'identifier': 'moveit_core'}
[0.001190] (-) JobUnselected: {'identifier': 'moveit_hybrid_planning'}
[0.001256] (-) JobUnselected: {'identifier': 'moveit_kinematics'}
[0.001313] (-) JobUnselected: {'identifier': 'moveit_planners'}
[0.001367] (-) JobUnselected: {'identifier': 'moveit_planners_chomp'}
[0.001427] (-) JobUnselected: {'identifier': 'moveit_planners_ompl'}
[0.001486] (-) JobUnselected: {'identifier': 'moveit_plugins'}
[0.001519] (-) JobUnselected: {'identifier': 'moveit_resources'}
[0.001543] (-) JobUnselected: {'identifier': 'moveit_resources_fanuc_description'}
[0.001568] (-) JobUnselected: {'identifier': 'moveit_resources_fanuc_moveit_config'}
[0.001592] (-) JobUnselected: {'identifier': 'moveit_resources_panda_description'}
[0.001615] (-) JobUnselected: {'identifier': 'moveit_resources_panda_moveit_config'}
[0.001639] (-) JobUnselected: {'identifier': 'moveit_resources_pr2_description'}
[0.001662] (-) JobUnselected: {'identifier': 'moveit_resources_prbt_ikfast_manipulator_plugin'}
[0.001686] (-) JobUnselected: {'identifier': 'moveit_resources_prbt_moveit_config'}
[0.001708] (-) JobUnselected: {'identifier': 'moveit_resources_prbt_pg70_support'}
[0.001731] (-) JobUnselected: {'identifier': 'moveit_resources_prbt_support'}
[0.001753] (-) JobUnselected: {'identifier': 'moveit_ros'}
[0.001776] (-) JobUnselected: {'identifier': 'moveit_ros_benchmarks'}
[0.001798] (-) JobUnselected: {'identifier': 'moveit_ros_control_interface'}
[0.001820] (-) JobUnselected: {'identifier': 'moveit_ros_move_group'}
[0.001843] (-) JobUnselected: {'identifier': 'moveit_ros_occupancy_map_monitor'}
[0.001883] (-) JobUnselected: {'identifier': 'moveit_ros_perception'}
[0.001910] (-) JobUnselected: {'identifier': 'moveit_ros_planning'}
[0.001933] (-) JobUnselected: {'identifier': 'moveit_ros_planning_interface'}
[0.001955] (-) JobUnselected: {'identifier': 'moveit_ros_robot_interaction'}
[0.001978] (-) JobUnselected: {'identifier': 'moveit_ros_visualization'}
[0.002000] (-) JobUnselected: {'identifier': 'moveit_ros_warehouse'}
[0.002022] (-) JobUnselected: {'identifier': 'moveit_runtime'}
[0.002045] (-) JobUnselected: {'identifier': 'moveit_servo'}
[0.002068] (-) JobUnselected: {'identifier': 'moveit_setup_app_plugins'}
[0.002090] (-) JobUnselected: {'identifier': 'moveit_setup_assistant'}
[0.002112] (-) JobUnselected: {'identifier': 'moveit_setup_controllers'}
[0.002134] (-) JobUnselected: {'identifier': 'moveit_setup_core_plugins'}
[0.002156] (-) JobUnselected: {'identifier': 'moveit_setup_framework'}
[0.002178] (-) JobUnselected: {'identifier': 'moveit_setup_srdf_plugins'}
[0.002200] (-) JobUnselected: {'identifier': 'moveit_simple_controller_manager'}
[0.002222] (-) JobUnselected: {'identifier': 'moveit_task_constructor_capabilities'}
[0.002244] (-) JobUnselected: {'identifier': 'moveit_task_constructor_core'}
[0.002266] (-) JobUnselected: {'identifier': 'moveit_task_constructor_demo'}
[0.002288] (-) JobUnselected: {'identifier': 'moveit_task_constructor_msgs'}
[0.002310] (-) JobUnselected: {'identifier': 'moveit_task_constructor_visualization'}
[0.002332] (-) JobUnselected: {'identifier': 'moveit_visual_tools'}
[0.002354] (-) JobUnselected: {'identifier': 'pilz_industrial_motion_planner'}
[0.002377] (-) JobUnselected: {'identifier': 'pilz_industrial_motion_planner_testutils'}
[0.002399] (-) JobUnselected: {'identifier': 'rosparam_shortcuts'}
[0.002421] (-) JobUnselected: {'identifier': 'rviz_marker_tools'}
[0.002443] (-) JobUnselected: {'identifier': 'srdfdom'}
[0.002465] (-) JobUnselected: {'identifier': 'ur5_moveit'}
[0.002500] (-) JobUnselected: {'identifier': 'ur_description'}
[0.002524] (-) EventReactorShutdown: {}
