[0.180s] Invoking command in '/home/kush/UR5_Project_main/build/moveit_task_constructor_msgs': CMAKE_PREFIX_PATH=${CMAKE_PREFIX_PATH}:/home/kush/ws_moveit2_ur5/install/moveit_configs_utils:/home/kush/ws_moveit2_ur5/install/launch_param_builder:/opt/ros/humble /usr/bin/cmake --build /home/kush/UR5_Project_main/build/moveit_task_constructor_msgs -- -j4 -l4
[3.874s] [  0%] Built target moveit_task_constructor_msgs__cpp
[4.881s] [  0%] Built target ament_cmake_python_copy_moveit_task_constructor_msgs
[6.689s] [ 11%] Built target moveit_task_constructor_msgs__rosidl_typesupport_fastrtps_cpp
[7.165s] [ 23%] Built target moveit_task_constructor_msgs__rosidl_typesupport_introspection_cpp
[7.939s] running egg_info
[7.942s] writing moveit_task_constructor_msgs.egg-info/PKG-INFO
[7.942s] writing dependency_links to moveit_task_constructor_msgs.egg-info/dependency_links.txt
[7.942s] writing top-level names to moveit_task_constructor_msgs.egg-info/top_level.txt
[7.949s] reading manifest file 'moveit_task_constructor_msgs.egg-info/SOURCES.txt'
[7.953s] writing manifest file 'moveit_task_constructor_msgs.egg-info/SOURCES.txt'
[8.018s] [ 23%] Built target ament_cmake_python_build_moveit_task_constructor_msgs_egg
[8.512s] [ 35%] Built target moveit_task_constructor_msgs__rosidl_typesupport_cpp
[9.223s] [ 47%] Built target moveit_task_constructor_msgs__rosidl_generator_c
[9.483s] [ 59%] Built target moveit_task_constructor_msgs__rosidl_typesupport_fastrtps_c
[9.820s] [ 71%] Built target moveit_task_constructor_msgs__rosidl_typesupport_c
[10.091s] [ 83%] Built target moveit_task_constructor_msgs__rosidl_typesupport_introspection_c
[10.252s] [ 83%] Built target moveit_task_constructor_msgs
[10.441s] [ 84%] Built target moveit_task_constructor_msgs__py
[10.737s] [ 95%] Built target moveit_task_constructor_msgs__rosidl_generator_py
[11.055s] [ 97%] Built target moveit_task_constructor_msgs__rosidl_typesupport_fastrtps_c__pyext
[11.260s] [ 98%] Built target moveit_task_constructor_msgs__rosidl_typesupport_c__pyext
[11.457s] [100%] Built target moveit_task_constructor_msgs__rosidl_typesupport_introspection_c__pyext
[11.516s] Invoked command in '/home/kush/UR5_Project_main/build/moveit_task_constructor_msgs' returned '0': CMAKE_PREFIX_PATH=${CMAKE_PREFIX_PATH}:/home/kush/ws_moveit2_ur5/install/moveit_configs_utils:/home/kush/ws_moveit2_ur5/install/launch_param_builder:/opt/ros/humble /usr/bin/cmake --build /home/kush/UR5_Project_main/build/moveit_task_constructor_msgs -- -j4 -l4
[12.551s] Invoking command in '/home/kush/UR5_Project_main/build/moveit_task_constructor_msgs': CMAKE_PREFIX_PATH=${CMAKE_PREFIX_PATH}:/home/kush/ws_moveit2_ur5/install/moveit_configs_utils:/home/kush/ws_moveit2_ur5/install/launch_param_builder:/opt/ros/humble /usr/bin/cmake --install /home/kush/UR5_Project_main/build/moveit_task_constructor_msgs
[12.673s] -- Install configuration: "Release"
[12.674s] -- Up-to-date: /home/kush/UR5_Project_main/install/moveit_task_constructor_msgs/share/ament_index/resource_index/rosidl_interfaces/moveit_task_constructor_msgs
[12.674s] -- Up-to-date: /home/kush/UR5_Project_main/install/moveit_task_constructor_msgs/include/moveit_task_constructor_msgs/moveit_task_constructor_msgs
[12.674s] -- Up-to-date: /home/kush/UR5_Project_main/install/moveit_task_constructor_msgs/include/moveit_task_constructor_msgs/moveit_task_constructor_msgs/srv
[12.675s] -- Up-to-date: /home/kush/UR5_Project_main/install/moveit_task_constructor_msgs/include/moveit_task_constructor_msgs/moveit_task_constructor_msgs/srv/detail
[12.675s] -- Up-to-date: /home/kush/UR5_Project_main/install/moveit_task_constructor_msgs/include/moveit_task_constructor_msgs/moveit_task_constructor_msgs/srv/detail/get_solution__functions.c
[12.676s] -- Up-to-date: /home/kush/UR5_Project_main/install/moveit_task_constructor_msgs/include/moveit_task_constructor_msgs/moveit_task_constructor_msgs/srv/detail/get_solution__type_support.h
[12.676s] -- Up-to-date: /home/kush/UR5_Project_main/install/moveit_task_constructor_msgs/include/moveit_task_constructor_msgs/moveit_task_constructor_msgs/srv/detail/get_solution__functions.h
[12.676s] -- Up-to-date: /home/kush/UR5_Project_main/install/moveit_task_constructor_msgs/include/moveit_task_constructor_msgs/moveit_task_constructor_msgs/srv/detail/get_solution__struct.h
[12.677s] -- Up-to-date: /home/kush/UR5_Project_main/install/moveit_task_constructor_msgs/include/moveit_task_constructor_msgs/moveit_task_constructor_msgs/srv/get_solution.h
[12.678s] -- Up-to-date: /home/kush/UR5_Project_main/install/moveit_task_constructor_msgs/include/moveit_task_constructor_msgs/moveit_task_constructor_msgs/msg
[12.679s] -- Up-to-date: /home/kush/UR5_Project_main/install/moveit_task_constructor_msgs/include/moveit_task_constructor_msgs/moveit_task_constructor_msgs/msg/rosidl_generator_c__visibility_control.h
[12.680s] -- Up-to-date: /home/kush/UR5_Project_main/install/moveit_task_constructor_msgs/include/moveit_task_constructor_msgs/moveit_task_constructor_msgs/msg/property.h
[12.680s] -- Up-to-date: /home/kush/UR5_Project_main/install/moveit_task_constructor_msgs/include/moveit_task_constructor_msgs/moveit_task_constructor_msgs/msg/task_description.h
[12.680s] -- Up-to-date: /home/kush/UR5_Project_main/install/moveit_task_constructor_msgs/include/moveit_task_constructor_msgs/moveit_task_constructor_msgs/msg/solution.h
[12.680s] -- Up-to-date: /home/kush/UR5_Project_main/install/moveit_task_constructor_msgs/include/moveit_task_constructor_msgs/moveit_task_constructor_msgs/msg/solution_info.h
[12.681s] -- Up-to-date: /home/kush/UR5_Project_main/install/moveit_task_constructor_msgs/include/moveit_task_constructor_msgs/moveit_task_constructor_msgs/msg/stage_statistics.h
[12.681s] -- Up-to-date: /home/kush/UR5_Project_main/install/moveit_task_constructor_msgs/include/moveit_task_constructor_msgs/moveit_task_constructor_msgs/msg/sub_solution.h
[12.681s] -- Up-to-date: /home/kush/UR5_Project_main/install/moveit_task_constructor_msgs/include/moveit_task_constructor_msgs/moveit_task_constructor_msgs/msg/task_statistics.h
[12.681s] -- Up-to-date: /home/kush/UR5_Project_main/install/moveit_task_constructor_msgs/include/moveit_task_constructor_msgs/moveit_task_constructor_msgs/msg/sub_trajectory.h
[12.681s] -- Up-to-date: /home/kush/UR5_Project_main/install/moveit_task_constructor_msgs/include/moveit_task_constructor_msgs/moveit_task_constructor_msgs/msg/detail
[12.681s] -- Up-to-date: /home/kush/UR5_Project_main/install/moveit_task_constructor_msgs/include/moveit_task_constructor_msgs/moveit_task_constructor_msgs/msg/detail/stage_statistics__functions.c
[12.682s] -- Up-to-date: /home/kush/UR5_Project_main/install/moveit_task_constructor_msgs/include/moveit_task_constructor_msgs/moveit_task_constructor_msgs/msg/detail/task_description__functions.c
[12.682s] -- Up-to-date: /home/kush/UR5_Project_main/install/moveit_task_constructor_msgs/include/moveit_task_constructor_msgs/moveit_task_constructor_msgs/msg/detail/stage_statistics__struct.h
[12.682s] -- Up-to-date: /home/kush/UR5_Project_main/install/moveit_task_constructor_msgs/include/moveit_task_constructor_msgs/moveit_task_constructor_msgs/msg/detail/solution__struct.h
[12.682s] -- Up-to-date: /home/kush/UR5_Project_main/install/moveit_task_constructor_msgs/include/moveit_task_constructor_msgs/moveit_task_constructor_msgs/msg/detail/solution__functions.c
[12.682s] -- Up-to-date: /home/kush/UR5_Project_main/install/moveit_task_constructor_msgs/include/moveit_task_constructor_msgs/moveit_task_constructor_msgs/msg/detail/sub_trajectory__struct.h
[12.682s] -- Up-to-date: /home/kush/UR5_Project_main/install/moveit_task_constructor_msgs/include/moveit_task_constructor_msgs/moveit_task_constructor_msgs/msg/detail/solution_info__functions.h
[12.683s] -- Up-to-date: /home/kush/UR5_Project_main/install/moveit_task_constructor_msgs/include/moveit_task_constructor_msgs/moveit_task_constructor_msgs/msg/detail/sub_trajectory__type_support.h
[12.683s] -- Up-to-date: /home/kush/UR5_Project_main/install/moveit_task_constructor_msgs/include/moveit_task_constructor_msgs/moveit_task_constructor_msgs/msg/detail/stage_description__functions.c
[12.683s] -- Up-to-date: /home/kush/UR5_Project_main/install/moveit_task_constructor_msgs/include/moveit_task_constructor_msgs/moveit_task_constructor_msgs/msg/detail/sub_trajectory__functions.c
[12.684s] -- Up-to-date: /home/kush/UR5_Project_main/install/moveit_task_constructor_msgs/include/moveit_task_constructor_msgs/moveit_task_constructor_msgs/msg/detail/sub_solution__functions.h
[12.684s] -- Up-to-date: /home/kush/UR5_Project_main/install/moveit_task_constructor_msgs/include/moveit_task_constructor_msgs/moveit_task_constructor_msgs/msg/detail/task_description__type_support.h
[12.684s] -- Up-to-date: /home/kush/UR5_Project_main/install/moveit_task_constructor_msgs/include/moveit_task_constructor_msgs/moveit_task_constructor_msgs/msg/detail/task_statistics__functions.h
[12.684s] -- Up-to-date: /home/kush/UR5_Project_main/install/moveit_task_constructor_msgs/include/moveit_task_constructor_msgs/moveit_task_constructor_msgs/msg/detail/property__type_support.h
[12.685s] -- Up-to-date: /home/kush/UR5_Project_main/install/moveit_task_constructor_msgs/include/moveit_task_constructor_msgs/moveit_task_constructor_msgs/msg/detail/sub_solution__struct.h
[12.685s] -- Up-to-date: /home/kush/UR5_Project_main/install/moveit_task_constructor_msgs/include/moveit_task_constructor_msgs/moveit_task_constructor_msgs/msg/detail/task_description__struct.h
[12.685s] -- Up-to-date: /home/kush/UR5_Project_main/install/moveit_task_constructor_msgs/include/moveit_task_constructor_msgs/moveit_task_constructor_msgs/msg/detail/sub_solution__type_support.h
[12.685s] -- Up-to-date: /home/kush/UR5_Project_main/install/moveit_task_constructor_msgs/include/moveit_task_constructor_msgs/moveit_task_constructor_msgs/msg/detail/task_description__functions.h
[12.685s] -- Up-to-date: /home/kush/UR5_Project_main/install/moveit_task_constructor_msgs/include/moveit_task_constructor_msgs/moveit_task_constructor_msgs/msg/detail/solution_info__struct.h
[12.687s] -- Up-to-date: /home/kush/UR5_Project_main/install/moveit_task_constructor_msgs/include/moveit_task_constructor_msgs/moveit_task_constructor_msgs/msg/detail/task_statistics__struct.h
[12.687s] -- Up-to-date: /home/kush/UR5_Project_main/install/moveit_task_constructor_msgs/include/moveit_task_constructor_msgs/moveit_task_constructor_msgs/msg/detail/stage_description__type_support.h
[12.687s] -- Up-to-date: /home/kush/UR5_Project_main/install/moveit_task_constructor_msgs/include/moveit_task_constructor_msgs/moveit_task_constructor_msgs/msg/detail/stage_description__functions.h
[12.687s] -- Up-to-date: /home/kush/UR5_Project_main/install/moveit_task_constructor_msgs/include/moveit_task_constructor_msgs/moveit_task_constructor_msgs/msg/detail/sub_solution__functions.c
[12.688s] -- Up-to-date: /home/kush/UR5_Project_main/install/moveit_task_constructor_msgs/include/moveit_task_constructor_msgs/moveit_task_constructor_msgs/msg/detail/stage_statistics__functions.h
[12.688s] -- Up-to-date: /home/kush/UR5_Project_main/install/moveit_task_constructor_msgs/include/moveit_task_constructor_msgs/moveit_task_constructor_msgs/msg/detail/property__functions.c
[12.688s] -- Up-to-date: /home/kush/UR5_Project_main/install/moveit_task_constructor_msgs/include/moveit_task_constructor_msgs/moveit_task_constructor_msgs/msg/detail/task_statistics__functions.c
[12.688s] -- Up-to-date: /home/kush/UR5_Project_main/install/moveit_task_constructor_msgs/include/moveit_task_constructor_msgs/moveit_task_constructor_msgs/msg/detail/solution__functions.h
[12.688s] -- Up-to-date: /home/kush/UR5_Project_main/install/moveit_task_constructor_msgs/include/moveit_task_constructor_msgs/moveit_task_constructor_msgs/msg/detail/task_statistics__type_support.h
[12.689s] -- Up-to-date: /home/kush/UR5_Project_main/install/moveit_task_constructor_msgs/include/moveit_task_constructor_msgs/moveit_task_constructor_msgs/msg/detail/sub_trajectory__functions.h
[12.689s] -- Up-to-date: /home/kush/UR5_Project_main/install/moveit_task_constructor_msgs/include/moveit_task_constructor_msgs/moveit_task_constructor_msgs/msg/detail/solution_info__type_support.h
[12.689s] -- Up-to-date: /home/kush/UR5_Project_main/install/moveit_task_constructor_msgs/include/moveit_task_constructor_msgs/moveit_task_constructor_msgs/msg/detail/solution_info__functions.c
[12.689s] -- Up-to-date: /home/kush/UR5_Project_main/install/moveit_task_constructor_msgs/include/moveit_task_constructor_msgs/moveit_task_constructor_msgs/msg/detail/property__struct.h
[12.689s] -- Up-to-date: /home/kush/UR5_Project_main/install/moveit_task_constructor_msgs/include/moveit_task_constructor_msgs/moveit_task_constructor_msgs/msg/detail/stage_statistics__type_support.h
[12.689s] -- Up-to-date: /home/kush/UR5_Project_main/install/moveit_task_constructor_msgs/include/moveit_task_constructor_msgs/moveit_task_constructor_msgs/msg/detail/solution__type_support.h
[12.690s] -- Up-to-date: /home/kush/UR5_Project_main/install/moveit_task_constructor_msgs/include/moveit_task_constructor_msgs/moveit_task_constructor_msgs/msg/detail/stage_description__struct.h
[12.690s] -- Up-to-date: /home/kush/UR5_Project_main/install/moveit_task_constructor_msgs/include/moveit_task_constructor_msgs/moveit_task_constructor_msgs/msg/detail/property__functions.h
[12.690s] -- Up-to-date: /home/kush/UR5_Project_main/install/moveit_task_constructor_msgs/include/moveit_task_constructor_msgs/moveit_task_constructor_msgs/msg/stage_description.h
[12.690s] -- Up-to-date: /home/kush/UR5_Project_main/install/moveit_task_constructor_msgs/include/moveit_task_constructor_msgs/moveit_task_constructor_msgs/action
[12.690s] -- Up-to-date: /home/kush/UR5_Project_main/install/moveit_task_constructor_msgs/include/moveit_task_constructor_msgs/moveit_task_constructor_msgs/action/execute_task_solution.h
[12.690s] -- Up-to-date: /home/kush/UR5_Project_main/install/moveit_task_constructor_msgs/include/moveit_task_constructor_msgs/moveit_task_constructor_msgs/action/detail
[12.690s] -- Up-to-date: /home/kush/UR5_Project_main/install/moveit_task_constructor_msgs/include/moveit_task_constructor_msgs/moveit_task_constructor_msgs/action/detail/execute_task_solution__functions.h
[12.691s] -- Up-to-date: /home/kush/UR5_Project_main/install/moveit_task_constructor_msgs/include/moveit_task_constructor_msgs/moveit_task_constructor_msgs/action/detail/execute_task_solution__type_support.h
[12.691s] -- Up-to-date: /home/kush/UR5_Project_main/install/moveit_task_constructor_msgs/include/moveit_task_constructor_msgs/moveit_task_constructor_msgs/action/detail/execute_task_solution__functions.c
[12.691s] -- Up-to-date: /home/kush/UR5_Project_main/install/moveit_task_constructor_msgs/include/moveit_task_constructor_msgs/moveit_task_constructor_msgs/action/detail/execute_task_solution__struct.h
[12.691s] -- Up-to-date: /home/kush/UR5_Project_main/install/moveit_task_constructor_msgs/share/moveit_task_constructor_msgs/environment/library_path.sh
[12.691s] -- Up-to-date: /home/kush/UR5_Project_main/install/moveit_task_constructor_msgs/share/moveit_task_constructor_msgs/environment/library_path.dsv
[12.725s] -- Up-to-date: /home/kush/UR5_Project_main/install/moveit_task_constructor_msgs/lib/libmoveit_task_constructor_msgs__rosidl_generator_c.so
[12.726s] -- Up-to-date: /home/kush/UR5_Project_main/install/moveit_task_constructor_msgs/include/moveit_task_constructor_msgs/moveit_task_constructor_msgs
[12.726s] -- Up-to-date: /home/kush/UR5_Project_main/install/moveit_task_constructor_msgs/include/moveit_task_constructor_msgs/moveit_task_constructor_msgs/srv
[12.726s] -- Up-to-date: /home/kush/UR5_Project_main/install/moveit_task_constructor_msgs/include/moveit_task_constructor_msgs/moveit_task_constructor_msgs/srv/detail
[12.727s] -- Up-to-date: /home/kush/UR5_Project_main/install/moveit_task_constructor_msgs/include/moveit_task_constructor_msgs/moveit_task_constructor_msgs/srv/detail/get_solution__rosidl_typesupport_fastrtps_c.h
[12.727s] -- Up-to-date: /home/kush/UR5_Project_main/install/moveit_task_constructor_msgs/include/moveit_task_constructor_msgs/moveit_task_constructor_msgs/msg
[12.727s] -- Up-to-date: /home/kush/UR5_Project_main/install/moveit_task_constructor_msgs/include/moveit_task_constructor_msgs/moveit_task_constructor_msgs/msg/rosidl_typesupport_fastrtps_c__visibility_control.h
[12.727s] -- Up-to-date: /home/kush/UR5_Project_main/install/moveit_task_constructor_msgs/include/moveit_task_constructor_msgs/moveit_task_constructor_msgs/msg/detail
[12.728s] -- Up-to-date: /home/kush/UR5_Project_main/install/moveit_task_constructor_msgs/include/moveit_task_constructor_msgs/moveit_task_constructor_msgs/msg/detail/sub_solution__rosidl_typesupport_fastrtps_c.h
[12.728s] -- Up-to-date: /home/kush/UR5_Project_main/install/moveit_task_constructor_msgs/include/moveit_task_constructor_msgs/moveit_task_constructor_msgs/msg/detail/sub_trajectory__rosidl_typesupport_fastrtps_c.h
[12.728s] -- Up-to-date: /home/kush/UR5_Project_main/install/moveit_task_constructor_msgs/include/moveit_task_constructor_msgs/moveit_task_constructor_msgs/msg/detail/property__rosidl_typesupport_fastrtps_c.h
[12.728s] -- Up-to-date: /home/kush/UR5_Project_main/install/moveit_task_constructor_msgs/include/moveit_task_constructor_msgs/moveit_task_constructor_msgs/msg/detail/solution_info__rosidl_typesupport_fastrtps_c.h
[12.728s] -- Up-to-date: /home/kush/UR5_Project_main/install/moveit_task_constructor_msgs/include/moveit_task_constructor_msgs/moveit_task_constructor_msgs/msg/detail/solution__rosidl_typesupport_fastrtps_c.h
[12.728s] -- Up-to-date: /home/kush/UR5_Project_main/install/moveit_task_constructor_msgs/include/moveit_task_constructor_msgs/moveit_task_constructor_msgs/msg/detail/stage_statistics__rosidl_typesupport_fastrtps_c.h
[12.729s] -- Up-to-date: /home/kush/UR5_Project_main/install/moveit_task_constructor_msgs/include/moveit_task_constructor_msgs/moveit_task_constructor_msgs/msg/detail/stage_description__rosidl_typesupport_fastrtps_c.h
[12.730s] -- Up-to-date: /home/kush/UR5_Project_main/install/moveit_task_constructor_msgs/include/moveit_task_constructor_msgs/moveit_task_constructor_msgs/msg/detail/task_statistics__rosidl_typesupport_fastrtps_c.h
[12.730s] -- Up-to-date: /home/kush/UR5_Project_main/install/moveit_task_constructor_msgs/include/moveit_task_constructor_msgs/moveit_task_constructor_msgs/msg/detail/task_description__rosidl_typesupport_fastrtps_c.h
[12.730s] -- Up-to-date: /home/kush/UR5_Project_main/install/moveit_task_constructor_msgs/include/moveit_task_constructor_msgs/moveit_task_constructor_msgs/action
[12.730s] -- Up-to-date: /home/kush/UR5_Project_main/install/moveit_task_constructor_msgs/include/moveit_task_constructor_msgs/moveit_task_constructor_msgs/action/detail
[12.730s] -- Up-to-date: /home/kush/UR5_Project_main/install/moveit_task_constructor_msgs/include/moveit_task_constructor_msgs/moveit_task_constructor_msgs/action/detail/execute_task_solution__rosidl_typesupport_fastrtps_c.h
[12.864s] -- Up-to-date: /home/kush/UR5_Project_main/install/moveit_task_constructor_msgs/lib/libmoveit_task_constructor_msgs__rosidl_typesupport_fastrtps_c.so
[12.864s] -- Up-to-date: /home/kush/UR5_Project_main/install/moveit_task_constructor_msgs/include/moveit_task_constructor_msgs/moveit_task_constructor_msgs
[12.864s] -- Up-to-date: /home/kush/UR5_Project_main/install/moveit_task_constructor_msgs/include/moveit_task_constructor_msgs/moveit_task_constructor_msgs/srv
[12.864s] -- Up-to-date: /home/kush/UR5_Project_main/install/moveit_task_constructor_msgs/include/moveit_task_constructor_msgs/moveit_task_constructor_msgs/srv/get_solution.hpp
[12.865s] -- Up-to-date: /home/kush/UR5_Project_main/install/moveit_task_constructor_msgs/include/moveit_task_constructor_msgs/moveit_task_constructor_msgs/srv/detail
[12.865s] -- Up-to-date: /home/kush/UR5_Project_main/install/moveit_task_constructor_msgs/include/moveit_task_constructor_msgs/moveit_task_constructor_msgs/srv/detail/get_solution__traits.hpp
[12.865s] -- Up-to-date: /home/kush/UR5_Project_main/install/moveit_task_constructor_msgs/include/moveit_task_constructor_msgs/moveit_task_constructor_msgs/srv/detail/get_solution__struct.hpp
[12.865s] -- Up-to-date: /home/kush/UR5_Project_main/install/moveit_task_constructor_msgs/include/moveit_task_constructor_msgs/moveit_task_constructor_msgs/srv/detail/get_solution__builder.hpp
[12.866s] -- Up-to-date: /home/kush/UR5_Project_main/install/moveit_task_constructor_msgs/include/moveit_task_constructor_msgs/moveit_task_constructor_msgs/msg
[12.866s] -- Up-to-date: /home/kush/UR5_Project_main/install/moveit_task_constructor_msgs/include/moveit_task_constructor_msgs/moveit_task_constructor_msgs/msg/task_statistics.hpp
[12.866s] -- Up-to-date: /home/kush/UR5_Project_main/install/moveit_task_constructor_msgs/include/moveit_task_constructor_msgs/moveit_task_constructor_msgs/msg/stage_statistics.hpp
[12.866s] -- Up-to-date: /home/kush/UR5_Project_main/install/moveit_task_constructor_msgs/include/moveit_task_constructor_msgs/moveit_task_constructor_msgs/msg/task_description.hpp
[12.866s] -- Up-to-date: /home/kush/UR5_Project_main/install/moveit_task_constructor_msgs/include/moveit_task_constructor_msgs/moveit_task_constructor_msgs/msg/sub_solution.hpp
[12.866s] -- Up-to-date: /home/kush/UR5_Project_main/install/moveit_task_constructor_msgs/include/moveit_task_constructor_msgs/moveit_task_constructor_msgs/msg/stage_description.hpp
[12.867s] -- Up-to-date: /home/kush/UR5_Project_main/install/moveit_task_constructor_msgs/include/moveit_task_constructor_msgs/moveit_task_constructor_msgs/msg/solution_info.hpp
[12.867s] -- Up-to-date: /home/kush/UR5_Project_main/install/moveit_task_constructor_msgs/include/moveit_task_constructor_msgs/moveit_task_constructor_msgs/msg/solution.hpp
[12.867s] -- Up-to-date: /home/kush/UR5_Project_main/install/moveit_task_constructor_msgs/include/moveit_task_constructor_msgs/moveit_task_constructor_msgs/msg/sub_trajectory.hpp
[12.867s] -- Up-to-date: /home/kush/UR5_Project_main/install/moveit_task_constructor_msgs/include/moveit_task_constructor_msgs/moveit_task_constructor_msgs/msg/detail
[12.867s] -- Up-to-date: /home/kush/UR5_Project_main/install/moveit_task_constructor_msgs/include/moveit_task_constructor_msgs/moveit_task_constructor_msgs/msg/detail/stage_statistics__traits.hpp
[12.867s] -- Up-to-date: /home/kush/UR5_Project_main/install/moveit_task_constructor_msgs/include/moveit_task_constructor_msgs/moveit_task_constructor_msgs/msg/detail/task_description__traits.hpp
[12.868s] -- Up-to-date: /home/kush/UR5_Project_main/install/moveit_task_constructor_msgs/include/moveit_task_constructor_msgs/moveit_task_constructor_msgs/msg/detail/task_statistics__builder.hpp
[12.868s] -- Up-to-date: /home/kush/UR5_Project_main/install/moveit_task_constructor_msgs/include/moveit_task_constructor_msgs/moveit_task_constructor_msgs/msg/detail/task_description__struct.hpp
[12.868s] -- Up-to-date: /home/kush/UR5_Project_main/install/moveit_task_constructor_msgs/include/moveit_task_constructor_msgs/moveit_task_constructor_msgs/msg/detail/task_description__builder.hpp
[12.868s] -- Up-to-date: /home/kush/UR5_Project_main/install/moveit_task_constructor_msgs/include/moveit_task_constructor_msgs/moveit_task_constructor_msgs/msg/detail/stage_description__builder.hpp
[12.868s] -- Up-to-date: /home/kush/UR5_Project_main/install/moveit_task_constructor_msgs/include/moveit_task_constructor_msgs/moveit_task_constructor_msgs/msg/detail/sub_solution__struct.hpp
[12.869s] -- Up-to-date: /home/kush/UR5_Project_main/install/moveit_task_constructor_msgs/include/moveit_task_constructor_msgs/moveit_task_constructor_msgs/msg/detail/solution__struct.hpp
[12.869s] -- Up-to-date: /home/kush/UR5_Project_main/install/moveit_task_constructor_msgs/include/moveit_task_constructor_msgs/moveit_task_constructor_msgs/msg/detail/solution_info__traits.hpp
[12.869s] -- Up-to-date: /home/kush/UR5_Project_main/install/moveit_task_constructor_msgs/include/moveit_task_constructor_msgs/moveit_task_constructor_msgs/msg/detail/solution__builder.hpp
[12.869s] -- Up-to-date: /home/kush/UR5_Project_main/install/moveit_task_constructor_msgs/include/moveit_task_constructor_msgs/moveit_task_constructor_msgs/msg/detail/property__struct.hpp
[12.870s] -- Up-to-date: /home/kush/UR5_Project_main/install/moveit_task_constructor_msgs/include/moveit_task_constructor_msgs/moveit_task_constructor_msgs/msg/detail/sub_trajectory__struct.hpp
[12.870s] -- Up-to-date: /home/kush/UR5_Project_main/install/moveit_task_constructor_msgs/include/moveit_task_constructor_msgs/moveit_task_constructor_msgs/msg/detail/sub_trajectory__builder.hpp
[12.870s] -- Up-to-date: /home/kush/UR5_Project_main/install/moveit_task_constructor_msgs/include/moveit_task_constructor_msgs/moveit_task_constructor_msgs/msg/detail/property__builder.hpp
[12.870s] -- Up-to-date: /home/kush/UR5_Project_main/install/moveit_task_constructor_msgs/include/moveit_task_constructor_msgs/moveit_task_constructor_msgs/msg/detail/stage_statistics__builder.hpp
[12.870s] -- Up-to-date: /home/kush/UR5_Project_main/install/moveit_task_constructor_msgs/include/moveit_task_constructor_msgs/moveit_task_constructor_msgs/msg/detail/solution__traits.hpp
[12.870s] -- Up-to-date: /home/kush/UR5_Project_main/install/moveit_task_constructor_msgs/include/moveit_task_constructor_msgs/moveit_task_constructor_msgs/msg/detail/stage_statistics__struct.hpp
[12.871s] -- Up-to-date: /home/kush/UR5_Project_main/install/moveit_task_constructor_msgs/include/moveit_task_constructor_msgs/moveit_task_constructor_msgs/msg/detail/sub_solution__builder.hpp
[12.871s] -- Up-to-date: /home/kush/UR5_Project_main/install/moveit_task_constructor_msgs/include/moveit_task_constructor_msgs/moveit_task_constructor_msgs/msg/detail/solution_info__builder.hpp
[12.871s] -- Up-to-date: /home/kush/UR5_Project_main/install/moveit_task_constructor_msgs/include/moveit_task_constructor_msgs/moveit_task_constructor_msgs/msg/detail/stage_description__traits.hpp
[12.875s] -- Up-to-date: /home/kush/UR5_Project_main/install/moveit_task_constructor_msgs/include/moveit_task_constructor_msgs/moveit_task_constructor_msgs/msg/detail/sub_solution__traits.hpp
[12.875s] -- Up-to-date: /home/kush/UR5_Project_main/install/moveit_task_constructor_msgs/include/moveit_task_constructor_msgs/moveit_task_constructor_msgs/msg/detail/task_statistics__traits.hpp
[12.876s] -- Up-to-date: /home/kush/UR5_Project_main/install/moveit_task_constructor_msgs/include/moveit_task_constructor_msgs/moveit_task_constructor_msgs/msg/detail/sub_trajectory__traits.hpp
[12.876s] -- Up-to-date: /home/kush/UR5_Project_main/install/moveit_task_constructor_msgs/include/moveit_task_constructor_msgs/moveit_task_constructor_msgs/msg/detail/task_statistics__struct.hpp
[12.876s] -- Up-to-date: /home/kush/UR5_Project_main/install/moveit_task_constructor_msgs/include/moveit_task_constructor_msgs/moveit_task_constructor_msgs/msg/detail/property__traits.hpp
[12.876s] -- Up-to-date: /home/kush/UR5_Project_main/install/moveit_task_constructor_msgs/include/moveit_task_constructor_msgs/moveit_task_constructor_msgs/msg/detail/stage_description__struct.hpp
[12.876s] -- Up-to-date: /home/kush/UR5_Project_main/install/moveit_task_constructor_msgs/include/moveit_task_constructor_msgs/moveit_task_constructor_msgs/msg/detail/solution_info__struct.hpp
[12.877s] -- Up-to-date: /home/kush/UR5_Project_main/install/moveit_task_constructor_msgs/include/moveit_task_constructor_msgs/moveit_task_constructor_msgs/msg/property.hpp
[12.877s] -- Up-to-date: /home/kush/UR5_Project_main/install/moveit_task_constructor_msgs/include/moveit_task_constructor_msgs/moveit_task_constructor_msgs/action
[12.877s] -- Up-to-date: /home/kush/UR5_Project_main/install/moveit_task_constructor_msgs/include/moveit_task_constructor_msgs/moveit_task_constructor_msgs/action/execute_task_solution.hpp
[12.877s] -- Up-to-date: /home/kush/UR5_Project_main/install/moveit_task_constructor_msgs/include/moveit_task_constructor_msgs/moveit_task_constructor_msgs/action/detail
[12.877s] -- Up-to-date: /home/kush/UR5_Project_main/install/moveit_task_constructor_msgs/include/moveit_task_constructor_msgs/moveit_task_constructor_msgs/action/detail/execute_task_solution__traits.hpp
[12.878s] -- Up-to-date: /home/kush/UR5_Project_main/install/moveit_task_constructor_msgs/include/moveit_task_constructor_msgs/moveit_task_constructor_msgs/action/detail/execute_task_solution__builder.hpp
[12.878s] -- Up-to-date: /home/kush/UR5_Project_main/install/moveit_task_constructor_msgs/include/moveit_task_constructor_msgs/moveit_task_constructor_msgs/action/detail/execute_task_solution__struct.hpp
[12.878s] -- Up-to-date: /home/kush/UR5_Project_main/install/moveit_task_constructor_msgs/include/moveit_task_constructor_msgs/moveit_task_constructor_msgs
[12.878s] -- Up-to-date: /home/kush/UR5_Project_main/install/moveit_task_constructor_msgs/include/moveit_task_constructor_msgs/moveit_task_constructor_msgs/srv
[12.878s] -- Up-to-date: /home/kush/UR5_Project_main/install/moveit_task_constructor_msgs/include/moveit_task_constructor_msgs/moveit_task_constructor_msgs/srv/detail
[12.878s] -- Up-to-date: /home/kush/UR5_Project_main/install/moveit_task_constructor_msgs/include/moveit_task_constructor_msgs/moveit_task_constructor_msgs/srv/detail/get_solution__rosidl_typesupport_fastrtps_cpp.hpp
[12.879s] -- Up-to-date: /home/kush/UR5_Project_main/install/moveit_task_constructor_msgs/include/moveit_task_constructor_msgs/moveit_task_constructor_msgs/srv/detail/dds_fastrtps
[12.879s] -- Up-to-date: /home/kush/UR5_Project_main/install/moveit_task_constructor_msgs/include/moveit_task_constructor_msgs/moveit_task_constructor_msgs/msg
[12.879s] -- Up-to-date: /home/kush/UR5_Project_main/install/moveit_task_constructor_msgs/include/moveit_task_constructor_msgs/moveit_task_constructor_msgs/msg/rosidl_typesupport_fastrtps_cpp__visibility_control.h
[12.879s] -- Up-to-date: /home/kush/UR5_Project_main/install/moveit_task_constructor_msgs/include/moveit_task_constructor_msgs/moveit_task_constructor_msgs/msg/detail
[12.879s] -- Up-to-date: /home/kush/UR5_Project_main/install/moveit_task_constructor_msgs/include/moveit_task_constructor_msgs/moveit_task_constructor_msgs/msg/detail/task_description__rosidl_typesupport_fastrtps_cpp.hpp
[12.879s] -- Up-to-date: /home/kush/UR5_Project_main/install/moveit_task_constructor_msgs/include/moveit_task_constructor_msgs/moveit_task_constructor_msgs/msg/detail/solution__rosidl_typesupport_fastrtps_cpp.hpp
[12.880s] -- Up-to-date: /home/kush/UR5_Project_main/install/moveit_task_constructor_msgs/include/moveit_task_constructor_msgs/moveit_task_constructor_msgs/msg/detail/sub_trajectory__rosidl_typesupport_fastrtps_cpp.hpp
[12.880s] -- Up-to-date: /home/kush/UR5_Project_main/install/moveit_task_constructor_msgs/include/moveit_task_constructor_msgs/moveit_task_constructor_msgs/msg/detail/stage_description__rosidl_typesupport_fastrtps_cpp.hpp
[12.880s] -- Up-to-date: /home/kush/UR5_Project_main/install/moveit_task_constructor_msgs/include/moveit_task_constructor_msgs/moveit_task_constructor_msgs/msg/detail/property__rosidl_typesupport_fastrtps_cpp.hpp
[12.880s] -- Up-to-date: /home/kush/UR5_Project_main/install/moveit_task_constructor_msgs/include/moveit_task_constructor_msgs/moveit_task_constructor_msgs/msg/detail/sub_solution__rosidl_typesupport_fastrtps_cpp.hpp
[12.880s] -- Up-to-date: /home/kush/UR5_Project_main/install/moveit_task_constructor_msgs/include/moveit_task_constructor_msgs/moveit_task_constructor_msgs/msg/detail/task_statistics__rosidl_typesupport_fastrtps_cpp.hpp
[12.880s] -- Up-to-date: /home/kush/UR5_Project_main/install/moveit_task_constructor_msgs/include/moveit_task_constructor_msgs/moveit_task_constructor_msgs/msg/detail/stage_statistics__rosidl_typesupport_fastrtps_cpp.hpp
[12.881s] -- Up-to-date: /home/kush/UR5_Project_main/install/moveit_task_constructor_msgs/include/moveit_task_constructor_msgs/moveit_task_constructor_msgs/msg/detail/dds_fastrtps
[12.881s] -- Up-to-date: /home/kush/UR5_Project_main/install/moveit_task_constructor_msgs/include/moveit_task_constructor_msgs/moveit_task_constructor_msgs/msg/detail/solution_info__rosidl_typesupport_fastrtps_cpp.hpp
[12.881s] -- Up-to-date: /home/kush/UR5_Project_main/install/moveit_task_constructor_msgs/include/moveit_task_constructor_msgs/moveit_task_constructor_msgs/action
[12.881s] -- Up-to-date: /home/kush/UR5_Project_main/install/moveit_task_constructor_msgs/include/moveit_task_constructor_msgs/moveit_task_constructor_msgs/action/detail
[12.881s] -- Up-to-date: /home/kush/UR5_Project_main/install/moveit_task_constructor_msgs/include/moveit_task_constructor_msgs/moveit_task_constructor_msgs/action/detail/dds_fastrtps
[12.881s] -- Up-to-date: /home/kush/UR5_Project_main/install/moveit_task_constructor_msgs/include/moveit_task_constructor_msgs/moveit_task_constructor_msgs/action/detail/execute_task_solution__rosidl_typesupport_fastrtps_cpp.hpp
[12.937s] -- Up-to-date: /home/kush/UR5_Project_main/install/moveit_task_constructor_msgs/lib/libmoveit_task_constructor_msgs__rosidl_typesupport_fastrtps_cpp.so
[12.938s] -- Up-to-date: /home/kush/UR5_Project_main/install/moveit_task_constructor_msgs/include/moveit_task_constructor_msgs/moveit_task_constructor_msgs
[12.938s] -- Up-to-date: /home/kush/UR5_Project_main/install/moveit_task_constructor_msgs/include/moveit_task_constructor_msgs/moveit_task_constructor_msgs/srv
[12.939s] -- Up-to-date: /home/kush/UR5_Project_main/install/moveit_task_constructor_msgs/include/moveit_task_constructor_msgs/moveit_task_constructor_msgs/srv/detail
[12.939s] -- Up-to-date: /home/kush/UR5_Project_main/install/moveit_task_constructor_msgs/include/moveit_task_constructor_msgs/moveit_task_constructor_msgs/srv/detail/get_solution__rosidl_typesupport_introspection_c.h
[12.939s] -- Up-to-date: /home/kush/UR5_Project_main/install/moveit_task_constructor_msgs/include/moveit_task_constructor_msgs/moveit_task_constructor_msgs/srv/detail/get_solution__type_support.c
[12.940s] -- Up-to-date: /home/kush/UR5_Project_main/install/moveit_task_constructor_msgs/include/moveit_task_constructor_msgs/moveit_task_constructor_msgs/msg
[12.940s] -- Up-to-date: /home/kush/UR5_Project_main/install/moveit_task_constructor_msgs/include/moveit_task_constructor_msgs/moveit_task_constructor_msgs/msg/rosidl_typesupport_introspection_c__visibility_control.h
[12.940s] -- Up-to-date: /home/kush/UR5_Project_main/install/moveit_task_constructor_msgs/include/moveit_task_constructor_msgs/moveit_task_constructor_msgs/msg/detail
[12.940s] -- Up-to-date: /home/kush/UR5_Project_main/install/moveit_task_constructor_msgs/include/moveit_task_constructor_msgs/moveit_task_constructor_msgs/msg/detail/stage_description__type_support.c
[12.940s] -- Up-to-date: /home/kush/UR5_Project_main/install/moveit_task_constructor_msgs/include/moveit_task_constructor_msgs/moveit_task_constructor_msgs/msg/detail/solution_info__rosidl_typesupport_introspection_c.h
[12.940s] -- Up-to-date: /home/kush/UR5_Project_main/install/moveit_task_constructor_msgs/include/moveit_task_constructor_msgs/moveit_task_constructor_msgs/msg/detail/property__rosidl_typesupport_introspection_c.h
[12.941s] -- Up-to-date: /home/kush/UR5_Project_main/install/moveit_task_constructor_msgs/include/moveit_task_constructor_msgs/moveit_task_constructor_msgs/msg/detail/solution__type_support.c
[12.941s] -- Up-to-date: /home/kush/UR5_Project_main/install/moveit_task_constructor_msgs/include/moveit_task_constructor_msgs/moveit_task_constructor_msgs/msg/detail/solution_info__type_support.c
[12.941s] -- Up-to-date: /home/kush/UR5_Project_main/install/moveit_task_constructor_msgs/include/moveit_task_constructor_msgs/moveit_task_constructor_msgs/msg/detail/stage_statistics__type_support.c
[12.941s] -- Up-to-date: /home/kush/UR5_Project_main/install/moveit_task_constructor_msgs/include/moveit_task_constructor_msgs/moveit_task_constructor_msgs/msg/detail/sub_solution__rosidl_typesupport_introspection_c.h
[12.941s] -- Up-to-date: /home/kush/UR5_Project_main/install/moveit_task_constructor_msgs/include/moveit_task_constructor_msgs/moveit_task_constructor_msgs/msg/detail/property__type_support.c
[12.942s] -- Up-to-date: /home/kush/UR5_Project_main/install/moveit_task_constructor_msgs/include/moveit_task_constructor_msgs/moveit_task_constructor_msgs/msg/detail/task_description__rosidl_typesupport_introspection_c.h
[12.942s] -- Up-to-date: /home/kush/UR5_Project_main/install/moveit_task_constructor_msgs/include/moveit_task_constructor_msgs/moveit_task_constructor_msgs/msg/detail/task_description__type_support.c
[12.942s] -- Up-to-date: /home/kush/UR5_Project_main/install/moveit_task_constructor_msgs/include/moveit_task_constructor_msgs/moveit_task_constructor_msgs/msg/detail/sub_solution__type_support.c
[12.942s] -- Up-to-date: /home/kush/UR5_Project_main/install/moveit_task_constructor_msgs/include/moveit_task_constructor_msgs/moveit_task_constructor_msgs/msg/detail/task_statistics__type_support.c
[12.942s] -- Up-to-date: /home/kush/UR5_Project_main/install/moveit_task_constructor_msgs/include/moveit_task_constructor_msgs/moveit_task_constructor_msgs/msg/detail/stage_description__rosidl_typesupport_introspection_c.h
[12.942s] -- Up-to-date: /home/kush/UR5_Project_main/install/moveit_task_constructor_msgs/include/moveit_task_constructor_msgs/moveit_task_constructor_msgs/msg/detail/solution__rosidl_typesupport_introspection_c.h
[12.943s] -- Up-to-date: /home/kush/UR5_Project_main/install/moveit_task_constructor_msgs/include/moveit_task_constructor_msgs/moveit_task_constructor_msgs/msg/detail/sub_trajectory__rosidl_typesupport_introspection_c.h
[12.943s] -- Up-to-date: /home/kush/UR5_Project_main/install/moveit_task_constructor_msgs/include/moveit_task_constructor_msgs/moveit_task_constructor_msgs/msg/detail/stage_statistics__rosidl_typesupport_introspection_c.h
[12.943s] -- Up-to-date: /home/kush/UR5_Project_main/install/moveit_task_constructor_msgs/include/moveit_task_constructor_msgs/moveit_task_constructor_msgs/msg/detail/task_statistics__rosidl_typesupport_introspection_c.h
[12.943s] -- Up-to-date: /home/kush/UR5_Project_main/install/moveit_task_constructor_msgs/include/moveit_task_constructor_msgs/moveit_task_constructor_msgs/msg/detail/sub_trajectory__type_support.c
[12.943s] -- Up-to-date: /home/kush/UR5_Project_main/install/moveit_task_constructor_msgs/include/moveit_task_constructor_msgs/moveit_task_constructor_msgs/action
[12.943s] -- Up-to-date: /home/kush/UR5_Project_main/install/moveit_task_constructor_msgs/include/moveit_task_constructor_msgs/moveit_task_constructor_msgs/action/detail
[12.944s] -- Up-to-date: /home/kush/UR5_Project_main/install/moveit_task_constructor_msgs/include/moveit_task_constructor_msgs/moveit_task_constructor_msgs/action/detail/execute_task_solution__rosidl_typesupport_introspection_c.h
[12.944s] -- Up-to-date: /home/kush/UR5_Project_main/install/moveit_task_constructor_msgs/include/moveit_task_constructor_msgs/moveit_task_constructor_msgs/action/detail/execute_task_solution__type_support.c
[12.953s] -- Up-to-date: /home/kush/UR5_Project_main/install/moveit_task_constructor_msgs/lib/libmoveit_task_constructor_msgs__rosidl_typesupport_introspection_c.so
[12.966s] -- Up-to-date: /home/kush/UR5_Project_main/install/moveit_task_constructor_msgs/lib/libmoveit_task_constructor_msgs__rosidl_typesupport_c.so
[12.967s] -- Up-to-date: /home/kush/UR5_Project_main/install/moveit_task_constructor_msgs/include/moveit_task_constructor_msgs/moveit_task_constructor_msgs
[12.967s] -- Up-to-date: /home/kush/UR5_Project_main/install/moveit_task_constructor_msgs/include/moveit_task_constructor_msgs/moveit_task_constructor_msgs/srv
[12.967s] -- Up-to-date: /home/kush/UR5_Project_main/install/moveit_task_constructor_msgs/include/moveit_task_constructor_msgs/moveit_task_constructor_msgs/srv/detail
[12.967s] -- Up-to-date: /home/kush/UR5_Project_main/install/moveit_task_constructor_msgs/include/moveit_task_constructor_msgs/moveit_task_constructor_msgs/srv/detail/get_solution__type_support.cpp
[12.971s] -- Up-to-date: /home/kush/UR5_Project_main/install/moveit_task_constructor_msgs/include/moveit_task_constructor_msgs/moveit_task_constructor_msgs/srv/detail/get_solution__rosidl_typesupport_introspection_cpp.hpp
[12.971s] -- Up-to-date: /home/kush/UR5_Project_main/install/moveit_task_constructor_msgs/include/moveit_task_constructor_msgs/moveit_task_constructor_msgs/msg
[12.971s] -- Up-to-date: /home/kush/UR5_Project_main/install/moveit_task_constructor_msgs/include/moveit_task_constructor_msgs/moveit_task_constructor_msgs/msg/detail
[12.972s] -- Up-to-date: /home/kush/UR5_Project_main/install/moveit_task_constructor_msgs/include/moveit_task_constructor_msgs/moveit_task_constructor_msgs/msg/detail/solution_info__rosidl_typesupport_introspection_cpp.hpp
[12.972s] -- Up-to-date: /home/kush/UR5_Project_main/install/moveit_task_constructor_msgs/include/moveit_task_constructor_msgs/moveit_task_constructor_msgs/msg/detail/property__rosidl_typesupport_introspection_cpp.hpp
[12.972s] -- Up-to-date: /home/kush/UR5_Project_main/install/moveit_task_constructor_msgs/include/moveit_task_constructor_msgs/moveit_task_constructor_msgs/msg/detail/task_description__rosidl_typesupport_introspection_cpp.hpp
[12.973s] -- Up-to-date: /home/kush/UR5_Project_main/install/moveit_task_constructor_msgs/include/moveit_task_constructor_msgs/moveit_task_constructor_msgs/msg/detail/stage_statistics__rosidl_typesupport_introspection_cpp.hpp
[12.973s] -- Up-to-date: /home/kush/UR5_Project_main/install/moveit_task_constructor_msgs/include/moveit_task_constructor_msgs/moveit_task_constructor_msgs/msg/detail/task_description__type_support.cpp
[12.973s] -- Up-to-date: /home/kush/UR5_Project_main/install/moveit_task_constructor_msgs/include/moveit_task_constructor_msgs/moveit_task_constructor_msgs/msg/detail/sub_solution__rosidl_typesupport_introspection_cpp.hpp
[12.973s] -- Up-to-date: /home/kush/UR5_Project_main/install/moveit_task_constructor_msgs/include/moveit_task_constructor_msgs/moveit_task_constructor_msgs/msg/detail/solution__type_support.cpp
[12.973s] -- Up-to-date: /home/kush/UR5_Project_main/install/moveit_task_constructor_msgs/include/moveit_task_constructor_msgs/moveit_task_constructor_msgs/msg/detail/property__type_support.cpp
[12.974s] -- Up-to-date: /home/kush/UR5_Project_main/install/moveit_task_constructor_msgs/include/moveit_task_constructor_msgs/moveit_task_constructor_msgs/msg/detail/solution_info__type_support.cpp
[12.974s] -- Up-to-date: /home/kush/UR5_Project_main/install/moveit_task_constructor_msgs/include/moveit_task_constructor_msgs/moveit_task_constructor_msgs/msg/detail/solution__rosidl_typesupport_introspection_cpp.hpp
[12.974s] -- Up-to-date: /home/kush/UR5_Project_main/install/moveit_task_constructor_msgs/include/moveit_task_constructor_msgs/moveit_task_constructor_msgs/msg/detail/sub_solution__type_support.cpp
[12.974s] -- Up-to-date: /home/kush/UR5_Project_main/install/moveit_task_constructor_msgs/include/moveit_task_constructor_msgs/moveit_task_constructor_msgs/msg/detail/stage_description__type_support.cpp
[12.974s] -- Up-to-date: /home/kush/UR5_Project_main/install/moveit_task_constructor_msgs/include/moveit_task_constructor_msgs/moveit_task_constructor_msgs/msg/detail/task_statistics__rosidl_typesupport_introspection_cpp.hpp
[12.975s] -- Up-to-date: /home/kush/UR5_Project_main/install/moveit_task_constructor_msgs/include/moveit_task_constructor_msgs/moveit_task_constructor_msgs/msg/detail/stage_description__rosidl_typesupport_introspection_cpp.hpp
[12.975s] -- Up-to-date: /home/kush/UR5_Project_main/install/moveit_task_constructor_msgs/include/moveit_task_constructor_msgs/moveit_task_constructor_msgs/msg/detail/stage_statistics__type_support.cpp
[12.975s] -- Up-to-date: /home/kush/UR5_Project_main/install/moveit_task_constructor_msgs/include/moveit_task_constructor_msgs/moveit_task_constructor_msgs/msg/detail/sub_trajectory__rosidl_typesupport_introspection_cpp.hpp
[12.975s] -- Up-to-date: /home/kush/UR5_Project_main/install/moveit_task_constructor_msgs/include/moveit_task_constructor_msgs/moveit_task_constructor_msgs/msg/detail/sub_trajectory__type_support.cpp
[12.975s] -- Up-to-date: /home/kush/UR5_Project_main/install/moveit_task_constructor_msgs/include/moveit_task_constructor_msgs/moveit_task_constructor_msgs/msg/detail/task_statistics__type_support.cpp
[12.976s] -- Up-to-date: /home/kush/UR5_Project_main/install/moveit_task_constructor_msgs/include/moveit_task_constructor_msgs/moveit_task_constructor_msgs/action
[12.976s] -- Up-to-date: /home/kush/UR5_Project_main/install/moveit_task_constructor_msgs/include/moveit_task_constructor_msgs/moveit_task_constructor_msgs/action/detail
[12.976s] -- Up-to-date: /home/kush/UR5_Project_main/install/moveit_task_constructor_msgs/include/moveit_task_constructor_msgs/moveit_task_constructor_msgs/action/detail/execute_task_solution__type_support.cpp
[12.976s] -- Up-to-date: /home/kush/UR5_Project_main/install/moveit_task_constructor_msgs/include/moveit_task_constructor_msgs/moveit_task_constructor_msgs/action/detail/execute_task_solution__rosidl_typesupport_introspection_cpp.hpp
[12.991s] -- Up-to-date: /home/kush/UR5_Project_main/install/moveit_task_constructor_msgs/lib/libmoveit_task_constructor_msgs__rosidl_typesupport_introspection_cpp.so
[13.017s] -- Up-to-date: /home/kush/UR5_Project_main/install/moveit_task_constructor_msgs/lib/libmoveit_task_constructor_msgs__rosidl_typesupport_cpp.so
[13.018s] -- Up-to-date: /home/kush/UR5_Project_main/install/moveit_task_constructor_msgs/share/moveit_task_constructor_msgs/environment/pythonpath.sh
[13.018s] -- Up-to-date: /home/kush/UR5_Project_main/install/moveit_task_constructor_msgs/share/moveit_task_constructor_msgs/environment/pythonpath.dsv
[13.018s] -- Up-to-date: /home/kush/UR5_Project_main/install/moveit_task_constructor_msgs/local/lib/python3.10/dist-packages/moveit_task_constructor_msgs-0.1.3-py3.10.egg-info
[13.018s] -- Installing: /home/kush/UR5_Project_main/install/moveit_task_constructor_msgs/local/lib/python3.10/dist-packages/moveit_task_constructor_msgs-0.1.3-py3.10.egg-info/SOURCES.txt
[13.019s] -- Installing: /home/kush/UR5_Project_main/install/moveit_task_constructor_msgs/local/lib/python3.10/dist-packages/moveit_task_constructor_msgs-0.1.3-py3.10.egg-info/dependency_links.txt
[13.019s] -- Installing: /home/kush/UR5_Project_main/install/moveit_task_constructor_msgs/local/lib/python3.10/dist-packages/moveit_task_constructor_msgs-0.1.3-py3.10.egg-info/PKG-INFO
[13.019s] -- Installing: /home/kush/UR5_Project_main/install/moveit_task_constructor_msgs/local/lib/python3.10/dist-packages/moveit_task_constructor_msgs-0.1.3-py3.10.egg-info/top_level.txt
[13.020s] -- Up-to-date: /home/kush/UR5_Project_main/install/moveit_task_constructor_msgs/local/lib/python3.10/dist-packages/moveit_task_constructor_msgs
[13.020s] -- Up-to-date: /home/kush/UR5_Project_main/install/moveit_task_constructor_msgs/local/lib/python3.10/dist-packages/moveit_task_constructor_msgs/moveit_task_constructor_msgs_s__rosidl_typesupport_fastrtps_c.cpython-310-x86_64-linux-gnu.so
[13.021s] -- Up-to-date: /home/kush/UR5_Project_main/install/moveit_task_constructor_msgs/local/lib/python3.10/dist-packages/moveit_task_constructor_msgs/_moveit_task_constructor_msgs_s.ep.rosidl_typesupport_introspection_c.c
[13.021s] -- Up-to-date: /home/kush/UR5_Project_main/install/moveit_task_constructor_msgs/local/lib/python3.10/dist-packages/moveit_task_constructor_msgs/libmoveit_task_constructor_msgs__rosidl_generator_py.so
[13.022s] -- Up-to-date: /home/kush/UR5_Project_main/install/moveit_task_constructor_msgs/local/lib/python3.10/dist-packages/moveit_task_constructor_msgs/__init__.py
[13.022s] -- Up-to-date: /home/kush/UR5_Project_main/install/moveit_task_constructor_msgs/local/lib/python3.10/dist-packages/moveit_task_constructor_msgs/srv
[13.022s] -- Up-to-date: /home/kush/UR5_Project_main/install/moveit_task_constructor_msgs/local/lib/python3.10/dist-packages/moveit_task_constructor_msgs/srv/__init__.py
[13.022s] -- Up-to-date: /home/kush/UR5_Project_main/install/moveit_task_constructor_msgs/local/lib/python3.10/dist-packages/moveit_task_constructor_msgs/srv/_get_solution_s.c
[13.022s] -- Up-to-date: /home/kush/UR5_Project_main/install/moveit_task_constructor_msgs/local/lib/python3.10/dist-packages/moveit_task_constructor_msgs/srv/_get_solution.py
[13.022s] -- Up-to-date: /home/kush/UR5_Project_main/install/moveit_task_constructor_msgs/local/lib/python3.10/dist-packages/moveit_task_constructor_msgs/msg
[13.023s] -- Up-to-date: /home/kush/UR5_Project_main/install/moveit_task_constructor_msgs/local/lib/python3.10/dist-packages/moveit_task_constructor_msgs/msg/_task_statistics_s.c
[13.023s] -- Up-to-date: /home/kush/UR5_Project_main/install/moveit_task_constructor_msgs/local/lib/python3.10/dist-packages/moveit_task_constructor_msgs/msg/__init__.py
[13.023s] -- Up-to-date: /home/kush/UR5_Project_main/install/moveit_task_constructor_msgs/local/lib/python3.10/dist-packages/moveit_task_constructor_msgs/msg/_solution_s.c
[13.023s] -- Up-to-date: /home/kush/UR5_Project_main/install/moveit_task_constructor_msgs/local/lib/python3.10/dist-packages/moveit_task_constructor_msgs/msg/_stage_description_s.c
[13.023s] -- Up-to-date: /home/kush/UR5_Project_main/install/moveit_task_constructor_msgs/local/lib/python3.10/dist-packages/moveit_task_constructor_msgs/msg/_task_statistics.py
[13.023s] -- Up-to-date: /home/kush/UR5_Project_main/install/moveit_task_constructor_msgs/local/lib/python3.10/dist-packages/moveit_task_constructor_msgs/msg/_solution_info.py
[13.024s] -- Up-to-date: /home/kush/UR5_Project_main/install/moveit_task_constructor_msgs/local/lib/python3.10/dist-packages/moveit_task_constructor_msgs/msg/_sub_trajectory_s.c
[13.024s] -- Up-to-date: /home/kush/UR5_Project_main/install/moveit_task_constructor_msgs/local/lib/python3.10/dist-packages/moveit_task_constructor_msgs/msg/_solution_info_s.c
[13.024s] -- Up-to-date: /home/kush/UR5_Project_main/install/moveit_task_constructor_msgs/local/lib/python3.10/dist-packages/moveit_task_constructor_msgs/msg/_stage_statistics_s.c
[13.024s] -- Up-to-date: /home/kush/UR5_Project_main/install/moveit_task_constructor_msgs/local/lib/python3.10/dist-packages/moveit_task_constructor_msgs/msg/_task_description.py
[13.024s] -- Up-to-date: /home/kush/UR5_Project_main/install/moveit_task_constructor_msgs/local/lib/python3.10/dist-packages/moveit_task_constructor_msgs/msg/_property_s.c
[13.024s] -- Up-to-date: /home/kush/UR5_Project_main/install/moveit_task_constructor_msgs/local/lib/python3.10/dist-packages/moveit_task_constructor_msgs/msg/_sub_solution_s.c
[13.025s] -- Up-to-date: /home/kush/UR5_Project_main/install/moveit_task_constructor_msgs/local/lib/python3.10/dist-packages/moveit_task_constructor_msgs/msg/_solution.py
[13.025s] -- Up-to-date: /home/kush/UR5_Project_main/install/moveit_task_constructor_msgs/local/lib/python3.10/dist-packages/moveit_task_constructor_msgs/msg/_stage_statistics.py
[13.025s] -- Up-to-date: /home/kush/UR5_Project_main/install/moveit_task_constructor_msgs/local/lib/python3.10/dist-packages/moveit_task_constructor_msgs/msg/_stage_description.py
[13.025s] -- Up-to-date: /home/kush/UR5_Project_main/install/moveit_task_constructor_msgs/local/lib/python3.10/dist-packages/moveit_task_constructor_msgs/msg/_sub_solution.py
[13.025s] -- Up-to-date: /home/kush/UR5_Project_main/install/moveit_task_constructor_msgs/local/lib/python3.10/dist-packages/moveit_task_constructor_msgs/msg/_property.py
[13.025s] -- Up-to-date: /home/kush/UR5_Project_main/install/moveit_task_constructor_msgs/local/lib/python3.10/dist-packages/moveit_task_constructor_msgs/msg/_sub_trajectory.py
[13.026s] -- Up-to-date: /home/kush/UR5_Project_main/install/moveit_task_constructor_msgs/local/lib/python3.10/dist-packages/moveit_task_constructor_msgs/msg/_task_description_s.c
[13.026s] -- Up-to-date: /home/kush/UR5_Project_main/install/moveit_task_constructor_msgs/local/lib/python3.10/dist-packages/moveit_task_constructor_msgs/moveit_task_constructor_msgs_s__rosidl_typesupport_introspection_c.cpython-310-x86_64-linux-gnu.so
[13.026s] -- Up-to-date: /home/kush/UR5_Project_main/install/moveit_task_constructor_msgs/local/lib/python3.10/dist-packages/moveit_task_constructor_msgs/action
[13.026s] -- Up-to-date: /home/kush/UR5_Project_main/install/moveit_task_constructor_msgs/local/lib/python3.10/dist-packages/moveit_task_constructor_msgs/action/__init__.py
[13.026s] -- Up-to-date: /home/kush/UR5_Project_main/install/moveit_task_constructor_msgs/local/lib/python3.10/dist-packages/moveit_task_constructor_msgs/action/_execute_task_solution.py
[13.026s] -- Up-to-date: /home/kush/UR5_Project_main/install/moveit_task_constructor_msgs/local/lib/python3.10/dist-packages/moveit_task_constructor_msgs/action/_execute_task_solution_s.c
[13.027s] -- Up-to-date: /home/kush/UR5_Project_main/install/moveit_task_constructor_msgs/local/lib/python3.10/dist-packages/moveit_task_constructor_msgs/_moveit_task_constructor_msgs_s.ep.rosidl_typesupport_fastrtps_c.c
[13.027s] -- Up-to-date: /home/kush/UR5_Project_main/install/moveit_task_constructor_msgs/local/lib/python3.10/dist-packages/moveit_task_constructor_msgs/_moveit_task_constructor_msgs_s.ep.rosidl_typesupport_c.c
[13.027s] -- Up-to-date: /home/kush/UR5_Project_main/install/moveit_task_constructor_msgs/local/lib/python3.10/dist-packages/moveit_task_constructor_msgs/moveit_task_constructor_msgs_s__rosidl_typesupport_c.cpython-310-x86_64-linux-gnu.so
[13.121s] Listing '/home/kush/UR5_Project_main/install/moveit_task_constructor_msgs/local/lib/python3.10/dist-packages/moveit_task_constructor_msgs'...
[13.122s] Listing '/home/kush/UR5_Project_main/install/moveit_task_constructor_msgs/local/lib/python3.10/dist-packages/moveit_task_constructor_msgs/action'...
[13.122s] Listing '/home/kush/UR5_Project_main/install/moveit_task_constructor_msgs/local/lib/python3.10/dist-packages/moveit_task_constructor_msgs/msg'...
[13.122s] Listing '/home/kush/UR5_Project_main/install/moveit_task_constructor_msgs/local/lib/python3.10/dist-packages/moveit_task_constructor_msgs/srv'...
[13.176s] -- Up-to-date: /home/kush/UR5_Project_main/install/moveit_task_constructor_msgs/local/lib/python3.10/dist-packages/moveit_task_constructor_msgs/moveit_task_constructor_msgs_s__rosidl_typesupport_fastrtps_c.cpython-310-x86_64-linux-gnu.so
[13.188s] -- Up-to-date: /home/kush/UR5_Project_main/install/moveit_task_constructor_msgs/local/lib/python3.10/dist-packages/moveit_task_constructor_msgs/moveit_task_constructor_msgs_s__rosidl_typesupport_introspection_c.cpython-310-x86_64-linux-gnu.so
[13.198s] -- Up-to-date: /home/kush/UR5_Project_main/install/moveit_task_constructor_msgs/local/lib/python3.10/dist-packages/moveit_task_constructor_msgs/moveit_task_constructor_msgs_s__rosidl_typesupport_c.cpython-310-x86_64-linux-gnu.so
[13.205s] -- Up-to-date: /home/kush/UR5_Project_main/install/moveit_task_constructor_msgs/lib/libmoveit_task_constructor_msgs__rosidl_generator_py.so
[13.205s] -- Up-to-date: /home/kush/UR5_Project_main/install/moveit_task_constructor_msgs/share/moveit_task_constructor_msgs/msg/Property.idl
[13.206s] -- Up-to-date: /home/kush/UR5_Project_main/install/moveit_task_constructor_msgs/share/moveit_task_constructor_msgs/msg/Solution.idl
[13.206s] -- Up-to-date: /home/kush/UR5_Project_main/install/moveit_task_constructor_msgs/share/moveit_task_constructor_msgs/msg/SolutionInfo.idl
[13.206s] -- Up-to-date: /home/kush/UR5_Project_main/install/moveit_task_constructor_msgs/share/moveit_task_constructor_msgs/msg/StageDescription.idl
[13.207s] -- Up-to-date: /home/kush/UR5_Project_main/install/moveit_task_constructor_msgs/share/moveit_task_constructor_msgs/msg/StageStatistics.idl
[13.207s] -- Up-to-date: /home/kush/UR5_Project_main/install/moveit_task_constructor_msgs/share/moveit_task_constructor_msgs/msg/SubSolution.idl
[13.207s] -- Up-to-date: /home/kush/UR5_Project_main/install/moveit_task_constructor_msgs/share/moveit_task_constructor_msgs/msg/SubTrajectory.idl
[13.207s] -- Up-to-date: /home/kush/UR5_Project_main/install/moveit_task_constructor_msgs/share/moveit_task_constructor_msgs/msg/TaskDescription.idl
[13.207s] -- Up-to-date: /home/kush/UR5_Project_main/install/moveit_task_constructor_msgs/share/moveit_task_constructor_msgs/msg/TaskStatistics.idl
[13.207s] -- Up-to-date: /home/kush/UR5_Project_main/install/moveit_task_constructor_msgs/share/moveit_task_constructor_msgs/srv/GetSolution.idl
[13.208s] -- Up-to-date: /home/kush/UR5_Project_main/install/moveit_task_constructor_msgs/share/moveit_task_constructor_msgs/action/ExecuteTaskSolution.idl
[13.208s] -- Up-to-date: /home/kush/UR5_Project_main/install/moveit_task_constructor_msgs/share/moveit_task_constructor_msgs/msg/Property.msg
[13.208s] -- Up-to-date: /home/kush/UR5_Project_main/install/moveit_task_constructor_msgs/share/moveit_task_constructor_msgs/msg/Solution.msg
[13.208s] -- Up-to-date: /home/kush/UR5_Project_main/install/moveit_task_constructor_msgs/share/moveit_task_constructor_msgs/msg/SolutionInfo.msg
[13.208s] -- Up-to-date: /home/kush/UR5_Project_main/install/moveit_task_constructor_msgs/share/moveit_task_constructor_msgs/msg/StageDescription.msg
[13.208s] -- Up-to-date: /home/kush/UR5_Project_main/install/moveit_task_constructor_msgs/share/moveit_task_constructor_msgs/msg/StageStatistics.msg
[13.209s] -- Up-to-date: /home/kush/UR5_Project_main/install/moveit_task_constructor_msgs/share/moveit_task_constructor_msgs/msg/SubSolution.msg
[13.209s] -- Up-to-date: /home/kush/UR5_Project_main/install/moveit_task_constructor_msgs/share/moveit_task_constructor_msgs/msg/SubTrajectory.msg
[13.209s] -- Up-to-date: /home/kush/UR5_Project_main/install/moveit_task_constructor_msgs/share/moveit_task_constructor_msgs/msg/TaskDescription.msg
[13.209s] -- Up-to-date: /home/kush/UR5_Project_main/install/moveit_task_constructor_msgs/share/moveit_task_constructor_msgs/msg/TaskStatistics.msg
[13.209s] -- Up-to-date: /home/kush/UR5_Project_main/install/moveit_task_constructor_msgs/share/moveit_task_constructor_msgs/srv/GetSolution.srv
[13.210s] -- Up-to-date: /home/kush/UR5_Project_main/install/moveit_task_constructor_msgs/share/moveit_task_constructor_msgs/srv/GetSolution_Request.msg
[13.210s] -- Up-to-date: /home/kush/UR5_Project_main/install/moveit_task_constructor_msgs/share/moveit_task_constructor_msgs/srv/GetSolution_Response.msg
[13.210s] -- Up-to-date: /home/kush/UR5_Project_main/install/moveit_task_constructor_msgs/share/moveit_task_constructor_msgs/action/ExecuteTaskSolution.action
[13.210s] -- Up-to-date: /home/kush/UR5_Project_main/install/moveit_task_constructor_msgs/share/ament_index/resource_index/package_run_dependencies/moveit_task_constructor_msgs
[13.210s] -- Up-to-date: /home/kush/UR5_Project_main/install/moveit_task_constructor_msgs/share/ament_index/resource_index/parent_prefix_path/moveit_task_constructor_msgs
[13.210s] -- Up-to-date: /home/kush/UR5_Project_main/install/moveit_task_constructor_msgs/share/moveit_task_constructor_msgs/environment/ament_prefix_path.sh
[13.211s] -- Up-to-date: /home/kush/UR5_Project_main/install/moveit_task_constructor_msgs/share/moveit_task_constructor_msgs/environment/ament_prefix_path.dsv
[13.211s] -- Up-to-date: /home/kush/UR5_Project_main/install/moveit_task_constructor_msgs/share/moveit_task_constructor_msgs/environment/path.sh
[13.211s] -- Up-to-date: /home/kush/UR5_Project_main/install/moveit_task_constructor_msgs/share/moveit_task_constructor_msgs/environment/path.dsv
[13.211s] -- Up-to-date: /home/kush/UR5_Project_main/install/moveit_task_constructor_msgs/share/moveit_task_constructor_msgs/local_setup.bash
[13.211s] -- Up-to-date: /home/kush/UR5_Project_main/install/moveit_task_constructor_msgs/share/moveit_task_constructor_msgs/local_setup.sh
[13.212s] -- Up-to-date: /home/kush/UR5_Project_main/install/moveit_task_constructor_msgs/share/moveit_task_constructor_msgs/local_setup.zsh
[13.212s] -- Up-to-date: /home/kush/UR5_Project_main/install/moveit_task_constructor_msgs/share/moveit_task_constructor_msgs/local_setup.dsv
[13.212s] -- Installing: /home/kush/UR5_Project_main/install/moveit_task_constructor_msgs/share/moveit_task_constructor_msgs/package.dsv
[13.215s] -- Up-to-date: /home/kush/UR5_Project_main/install/moveit_task_constructor_msgs/share/ament_index/resource_index/packages/moveit_task_constructor_msgs
[13.232s] -- Up-to-date: /home/kush/UR5_Project_main/install/moveit_task_constructor_msgs/share/moveit_task_constructor_msgs/cmake/export_moveit_task_constructor_msgs__rosidl_generator_cExport.cmake
[13.233s] -- Up-to-date: /home/kush/UR5_Project_main/install/moveit_task_constructor_msgs/share/moveit_task_constructor_msgs/cmake/export_moveit_task_constructor_msgs__rosidl_generator_cExport-release.cmake
[13.244s] -- Up-to-date: /home/kush/UR5_Project_main/install/moveit_task_constructor_msgs/share/moveit_task_constructor_msgs/cmake/export_moveit_task_constructor_msgs__rosidl_typesupport_fastrtps_cExport.cmake
[13.244s] -- Up-to-date: /home/kush/UR5_Project_main/install/moveit_task_constructor_msgs/share/moveit_task_constructor_msgs/cmake/export_moveit_task_constructor_msgs__rosidl_typesupport_fastrtps_cExport-release.cmake
[13.260s] -- Up-to-date: /home/kush/UR5_Project_main/install/moveit_task_constructor_msgs/share/moveit_task_constructor_msgs/cmake/export_moveit_task_constructor_msgs__rosidl_generator_cppExport.cmake
[13.261s] -- Up-to-date: /home/kush/UR5_Project_main/install/moveit_task_constructor_msgs/share/moveit_task_constructor_msgs/cmake/export_moveit_task_constructor_msgs__rosidl_typesupport_fastrtps_cppExport.cmake
[13.261s] -- Up-to-date: /home/kush/UR5_Project_main/install/moveit_task_constructor_msgs/share/moveit_task_constructor_msgs/cmake/export_moveit_task_constructor_msgs__rosidl_typesupport_fastrtps_cppExport-release.cmake
[13.262s] -- Up-to-date: /home/kush/UR5_Project_main/install/moveit_task_constructor_msgs/share/moveit_task_constructor_msgs/cmake/moveit_task_constructor_msgs__rosidl_typesupport_introspection_cExport.cmake
[13.262s] -- Up-to-date: /home/kush/UR5_Project_main/install/moveit_task_constructor_msgs/share/moveit_task_constructor_msgs/cmake/moveit_task_constructor_msgs__rosidl_typesupport_introspection_cExport-release.cmake
[13.263s] -- Up-to-date: /home/kush/UR5_Project_main/install/moveit_task_constructor_msgs/share/moveit_task_constructor_msgs/cmake/moveit_task_constructor_msgs__rosidl_typesupport_cExport.cmake
[13.264s] -- Up-to-date: /home/kush/UR5_Project_main/install/moveit_task_constructor_msgs/share/moveit_task_constructor_msgs/cmake/moveit_task_constructor_msgs__rosidl_typesupport_cExport-release.cmake
[13.265s] -- Up-to-date: /home/kush/UR5_Project_main/install/moveit_task_constructor_msgs/share/moveit_task_constructor_msgs/cmake/moveit_task_constructor_msgs__rosidl_typesupport_introspection_cppExport.cmake
[13.265s] -- Up-to-date: /home/kush/UR5_Project_main/install/moveit_task_constructor_msgs/share/moveit_task_constructor_msgs/cmake/moveit_task_constructor_msgs__rosidl_typesupport_introspection_cppExport-release.cmake
[13.267s] -- Up-to-date: /home/kush/UR5_Project_main/install/moveit_task_constructor_msgs/share/moveit_task_constructor_msgs/cmake/moveit_task_constructor_msgs__rosidl_typesupport_cppExport.cmake
[13.267s] -- Up-to-date: /home/kush/UR5_Project_main/install/moveit_task_constructor_msgs/share/moveit_task_constructor_msgs/cmake/moveit_task_constructor_msgs__rosidl_typesupport_cppExport-release.cmake
[13.268s] -- Up-to-date: /home/kush/UR5_Project_main/install/moveit_task_constructor_msgs/share/moveit_task_constructor_msgs/cmake/export_moveit_task_constructor_msgs__rosidl_generator_pyExport.cmake
[13.270s] -- Up-to-date: /home/kush/UR5_Project_main/install/moveit_task_constructor_msgs/share/moveit_task_constructor_msgs/cmake/export_moveit_task_constructor_msgs__rosidl_generator_pyExport-release.cmake
[13.277s] -- Up-to-date: /home/kush/UR5_Project_main/install/moveit_task_constructor_msgs/share/moveit_task_constructor_msgs/cmake/rosidl_cmake-extras.cmake
[13.278s] -- Up-to-date: /home/kush/UR5_Project_main/install/moveit_task_constructor_msgs/share/moveit_task_constructor_msgs/cmake/ament_cmake_export_dependencies-extras.cmake
[13.278s] -- Up-to-date: /home/kush/UR5_Project_main/install/moveit_task_constructor_msgs/share/moveit_task_constructor_msgs/cmake/ament_cmake_export_include_directories-extras.cmake
[13.279s] -- Up-to-date: /home/kush/UR5_Project_main/install/moveit_task_constructor_msgs/share/moveit_task_constructor_msgs/cmake/ament_cmake_export_libraries-extras.cmake
[13.279s] -- Up-to-date: /home/kush/UR5_Project_main/install/moveit_task_constructor_msgs/share/moveit_task_constructor_msgs/cmake/ament_cmake_export_targets-extras.cmake
[13.280s] -- Up-to-date: /home/kush/UR5_Project_main/install/moveit_task_constructor_msgs/share/moveit_task_constructor_msgs/cmake/rosidl_cmake_export_typesupport_targets-extras.cmake
[13.280s] -- Up-to-date: /home/kush/UR5_Project_main/install/moveit_task_constructor_msgs/share/moveit_task_constructor_msgs/cmake/rosidl_cmake_export_typesupport_libraries-extras.cmake
[13.282s] -- Up-to-date: /home/kush/UR5_Project_main/install/moveit_task_constructor_msgs/share/moveit_task_constructor_msgs/cmake/moveit_task_constructor_msgsConfig.cmake
[13.283s] -- Up-to-date: /home/kush/UR5_Project_main/install/moveit_task_constructor_msgs/share/moveit_task_constructor_msgs/cmake/moveit_task_constructor_msgsConfig-version.cmake
[13.283s] -- Up-to-date: /home/kush/UR5_Project_main/install/moveit_task_constructor_msgs/share/moveit_task_constructor_msgs/package.xml
[13.297s] Invoked command in '/home/kush/UR5_Project_main/build/moveit_task_constructor_msgs' returned '0': CMAKE_PREFIX_PATH=${CMAKE_PREFIX_PATH}:/home/kush/ws_moveit2_ur5/install/moveit_configs_utils:/home/kush/ws_moveit2_ur5/install/launch_param_builder:/opt/ros/humble /usr/bin/cmake --install /home/kush/UR5_Project_main/build/moveit_task_constructor_msgs
