[35m[1mConsolidate compiler generated dependencies of target moveit_hybrid_planning_manager[0m
[ 10%] Built target moveit_hybrid_planning_manager
[35m[1mConsolidate compiler generated dependencies of target moveit_local_planner_component[0m
[ 20%] Built target moveit_local_planner_component
[35m[1mConsolidate compiler generated dependencies of target simple_sampler_plugin[0m
[ 30%] Built target simple_sampler_plugin
[35m[1mConsolidate compiler generated dependencies of target forward_trajectory_plugin[0m
[ 40%] Built target forward_trajectory_plugin
[35m[1mConsolidate compiler generated dependencies of target single_plan_execution_plugin[0m
[ 50%] Built target single_plan_execution_plugin
[35m[1mConsolidate compiler generated dependencies of target motion_planning_pipeline_plugin[0m
[ 60%] Built target motion_planning_pipeline_plugin
[35m[1mConsolidate compiler generated dependencies of target replan_invalidated_trajectory_plugin[0m
[ 70%] Built target replan_invalidated_trajectory_plugin
[35m[1mConsolidate compiler generated dependencies of target moveit_global_planner_component[0m
[ 80%] Built target moveit_global_planner_component
[35m[1mConsolidate compiler generated dependencies of target cancel_action[0m
[ 90%] Built target cancel_action
[35m[1mConsolidate compiler generated dependencies of target hybrid_planning_demo_node[0m
[ 95%] [32mBuilding CXX object test/CMakeFiles/hybrid_planning_demo_node.dir/hybrid_planning_demo_node.cpp.o[0m
[100%] [32m[1mLinking CXX executable hybrid_planning_demo_node[0m
[100%] Built target hybrid_planning_demo_node
-- Install configuration: "Release"
-- Installing: /home/kush/UR5_Project_main/install/moveit_hybrid_planning/lib/libmoveit_global_planner_component.so.2.5.4
-- Set runtime path of "/home/kush/UR5_Project_main/install/moveit_hybrid_planning/lib/libmoveit_global_planner_component.so.2.5.4" to ""
-- Installing: /home/kush/UR5_Project_main/install/moveit_hybrid_planning/lib/libmoveit_global_planner_component.so
-- Installing: /home/kush/UR5_Project_main/install/moveit_hybrid_planning/lib/libmoveit_hybrid_planning_manager.so.2.5.4
-- Set runtime path of "/home/kush/UR5_Project_main/install/moveit_hybrid_planning/lib/libmoveit_hybrid_planning_manager.so.2.5.4" to ""
-- Installing: /home/kush/UR5_Project_main/install/moveit_hybrid_planning/lib/libmoveit_hybrid_planning_manager.so
-- Installing: /home/kush/UR5_Project_main/install/moveit_hybrid_planning/lib/libmoveit_local_planner_component.so.2.5.4
-- Set runtime path of "/home/kush/UR5_Project_main/install/moveit_hybrid_planning/lib/libmoveit_local_planner_component.so.2.5.4" to ""
-- Installing: /home/kush/UR5_Project_main/install/moveit_hybrid_planning/lib/libmoveit_local_planner_component.so
-- Installing: /home/kush/UR5_Project_main/install/moveit_hybrid_planning/lib/libforward_trajectory_plugin.so.2.5.4
-- Set runtime path of "/home/kush/UR5_Project_main/install/moveit_hybrid_planning/lib/libforward_trajectory_plugin.so.2.5.4" to ""
-- Installing: /home/kush/UR5_Project_main/install/moveit_hybrid_planning/lib/libforward_trajectory_plugin.so
-- Installing: /home/kush/UR5_Project_main/install/moveit_hybrid_planning/lib/libmotion_planning_pipeline_plugin.so.2.5.4
-- Set runtime path of "/home/kush/UR5_Project_main/install/moveit_hybrid_planning/lib/libmotion_planning_pipeline_plugin.so.2.5.4" to ""
-- Installing: /home/kush/UR5_Project_main/install/moveit_hybrid_planning/lib/libmotion_planning_pipeline_plugin.so
-- Installing: /home/kush/UR5_Project_main/install/moveit_hybrid_planning/lib/libreplan_invalidated_trajectory_plugin.so.2.5.4
-- Set runtime path of "/home/kush/UR5_Project_main/install/moveit_hybrid_planning/lib/libreplan_invalidated_trajectory_plugin.so.2.5.4" to ""
-- Installing: /home/kush/UR5_Project_main/install/moveit_hybrid_planning/lib/libreplan_invalidated_trajectory_plugin.so
-- Installing: /home/kush/UR5_Project_main/install/moveit_hybrid_planning/lib/libsimple_sampler_plugin.so.2.5.4
-- Set runtime path of "/home/kush/UR5_Project_main/install/moveit_hybrid_planning/lib/libsimple_sampler_plugin.so.2.5.4" to ""
-- Installing: /home/kush/UR5_Project_main/install/moveit_hybrid_planning/lib/libsimple_sampler_plugin.so
-- Installing: /home/kush/UR5_Project_main/install/moveit_hybrid_planning/lib/libsingle_plan_execution_plugin.so.2.5.4
-- Set runtime path of "/home/kush/UR5_Project_main/install/moveit_hybrid_planning/lib/libsingle_plan_execution_plugin.so.2.5.4" to ""
-- Installing: /home/kush/UR5_Project_main/install/moveit_hybrid_planning/lib/libsingle_plan_execution_plugin.so
-- Installing: /home/kush/UR5_Project_main/install/moveit_hybrid_planning/lib/moveit_hybrid_planning/cancel_action
-- Set runtime path of "/home/kush/UR5_Project_main/install/moveit_hybrid_planning/lib/moveit_hybrid_planning/cancel_action" to ""
-- Installing: /home/kush/UR5_Project_main/install/moveit_hybrid_planning/lib/moveit_hybrid_planning/hybrid_planning_demo_node
-- Set runtime path of "/home/kush/UR5_Project_main/install/moveit_hybrid_planning/lib/moveit_hybrid_planning/hybrid_planning_demo_node" to ""
-- Installing: /home/kush/UR5_Project_main/install/moveit_hybrid_planning/include
-- Installing: /home/kush/UR5_Project_main/install/moveit_hybrid_planning/include/moveit
-- Installing: /home/kush/UR5_Project_main/install/moveit_hybrid_planning/include/moveit/global_planner
-- Installing: /home/kush/UR5_Project_main/install/moveit_hybrid_planning/include/moveit/global_planner/global_planner_interface.h
-- Installing: /home/kush/UR5_Project_main/install/moveit_hybrid_planning/include/moveit/global_planner/global_planner_component.h
-- Up-to-date: /home/kush/UR5_Project_main/install/moveit_hybrid_planning/include
-- Up-to-date: /home/kush/UR5_Project_main/install/moveit_hybrid_planning/include/moveit
-- Up-to-date: /home/kush/UR5_Project_main/install/moveit_hybrid_planning/include/moveit/global_planner
-- Installing: /home/kush/UR5_Project_main/install/moveit_hybrid_planning/include/moveit/global_planner/moveit_planning_pipeline.h
-- Up-to-date: /home/kush/UR5_Project_main/install/moveit_hybrid_planning/include
-- Up-to-date: /home/kush/UR5_Project_main/install/moveit_hybrid_planning/include/moveit
-- Installing: /home/kush/UR5_Project_main/install/moveit_hybrid_planning/include/moveit/hybrid_planning_manager
-- Installing: /home/kush/UR5_Project_main/install/moveit_hybrid_planning/include/moveit/hybrid_planning_manager/hybrid_planning_events.h
-- Installing: /home/kush/UR5_Project_main/install/moveit_hybrid_planning/include/moveit/hybrid_planning_manager/moveit_error_code_interface.h
-- Installing: /home/kush/UR5_Project_main/install/moveit_hybrid_planning/include/moveit/hybrid_planning_manager/planner_logic_interface.h
-- Installing: /home/kush/UR5_Project_main/install/moveit_hybrid_planning/include/moveit/hybrid_planning_manager/hybrid_planning_manager.h
-- Up-to-date: /home/kush/UR5_Project_main/install/moveit_hybrid_planning/include
-- Up-to-date: /home/kush/UR5_Project_main/install/moveit_hybrid_planning/include/moveit
-- Installing: /home/kush/UR5_Project_main/install/moveit_hybrid_planning/include/moveit/planner_logic_plugins
-- Installing: /home/kush/UR5_Project_main/install/moveit_hybrid_planning/include/moveit/planner_logic_plugins/replan_invalidated_trajectory.h
-- Installing: /home/kush/UR5_Project_main/install/moveit_hybrid_planning/include/moveit/planner_logic_plugins/single_plan_execution.h
-- Up-to-date: /home/kush/UR5_Project_main/install/moveit_hybrid_planning/include
-- Up-to-date: /home/kush/UR5_Project_main/install/moveit_hybrid_planning/include/moveit
-- Installing: /home/kush/UR5_Project_main/install/moveit_hybrid_planning/include/moveit/local_planner
-- Installing: /home/kush/UR5_Project_main/install/moveit_hybrid_planning/include/moveit/local_planner/local_constraint_solver_interface.h
-- Installing: /home/kush/UR5_Project_main/install/moveit_hybrid_planning/include/moveit/local_planner/trajectory_operator_interface.h
-- Installing: /home/kush/UR5_Project_main/install/moveit_hybrid_planning/include/moveit/local_planner/feedback_types.h
-- Installing: /home/kush/UR5_Project_main/install/moveit_hybrid_planning/include/moveit/local_planner/local_planner_component.h
-- Up-to-date: /home/kush/UR5_Project_main/install/moveit_hybrid_planning/include
-- Up-to-date: /home/kush/UR5_Project_main/install/moveit_hybrid_planning/include/moveit
-- Installing: /home/kush/UR5_Project_main/install/moveit_hybrid_planning/include/moveit/trajectory_operator_plugins
-- Installing: /home/kush/UR5_Project_main/install/moveit_hybrid_planning/include/moveit/trajectory_operator_plugins/simple_sampler.h
-- Up-to-date: /home/kush/UR5_Project_main/install/moveit_hybrid_planning/include
-- Up-to-date: /home/kush/UR5_Project_main/install/moveit_hybrid_planning/include/moveit
-- Installing: /home/kush/UR5_Project_main/install/moveit_hybrid_planning/include/moveit/local_constraint_solver_plugins
-- Installing: /home/kush/UR5_Project_main/install/moveit_hybrid_planning/include/moveit/local_constraint_solver_plugins/forward_trajectory.h
-- Installing: /home/kush/UR5_Project_main/install/moveit_hybrid_planning/share/moveit_hybrid_planning/launch
-- Installing: /home/kush/UR5_Project_main/install/moveit_hybrid_planning/share/moveit_hybrid_planning/launch/test_basic_integration.test.py
-- Installing: /home/kush/UR5_Project_main/install/moveit_hybrid_planning/share/moveit_hybrid_planning/launch/hybrid_planning_common.py
-- Installing: /home/kush/UR5_Project_main/install/moveit_hybrid_planning/share/moveit_hybrid_planning/launch/hybrid_planning_demo.launch.py
-- Installing: /home/kush/UR5_Project_main/install/moveit_hybrid_planning/share/moveit_hybrid_planning/config
-- Installing: /home/kush/UR5_Project_main/install/moveit_hybrid_planning/share/moveit_hybrid_planning/config/local_planner.yaml
-- Installing: /home/kush/UR5_Project_main/install/moveit_hybrid_planning/share/moveit_hybrid_planning/config/hybrid_planning_demo.rviz
-- Installing: /home/kush/UR5_Project_main/install/moveit_hybrid_planning/share/moveit_hybrid_planning/config/global_planner.yaml
-- Installing: /home/kush/UR5_Project_main/install/moveit_hybrid_planning/share/moveit_hybrid_planning/config/demo_controller.yaml
-- Installing: /home/kush/UR5_Project_main/install/moveit_hybrid_planning/share/moveit_hybrid_planning/config/hybrid_planning_manager.yaml
-- Installing: /home/kush/UR5_Project_main/install/moveit_hybrid_planning/share/moveit_hybrid_planning/config/common_hybrid_planning_params.yaml
-- Installing: /home/kush/UR5_Project_main/install/moveit_hybrid_planning/share/moveit_hybrid_planning/single_plan_execution_plugin.xml
-- Installing: /home/kush/UR5_Project_main/install/moveit_hybrid_planning/share/moveit_hybrid_planning/moveit_planning_pipeline_plugin.xml
-- Installing: /home/kush/UR5_Project_main/install/moveit_hybrid_planning/share/moveit_hybrid_planning/simple_sampler_plugin.xml
-- Installing: /home/kush/UR5_Project_main/install/moveit_hybrid_planning/share/moveit_hybrid_planning/replan_invalidated_trajectory_plugin.xml
-- Installing: /home/kush/UR5_Project_main/install/moveit_hybrid_planning/share/moveit_hybrid_planning/forward_trajectory_plugin.xml
-- Installing: /home/kush/UR5_Project_main/install/moveit_hybrid_planning/share/moveit_hybrid_planning/environment/library_path.sh
-- Installing: /home/kush/UR5_Project_main/install/moveit_hybrid_planning/share/moveit_hybrid_planning/environment/library_path.dsv
-- Installing: /home/kush/UR5_Project_main/install/moveit_hybrid_planning/share/ament_index/resource_index/package_run_dependencies/moveit_hybrid_planning
-- Installing: /home/kush/UR5_Project_main/install/moveit_hybrid_planning/share/ament_index/resource_index/parent_prefix_path/moveit_hybrid_planning
-- Installing: /home/kush/UR5_Project_main/install/moveit_hybrid_planning/share/moveit_hybrid_planning/environment/ament_prefix_path.sh
-- Installing: /home/kush/UR5_Project_main/install/moveit_hybrid_planning/share/moveit_hybrid_planning/environment/ament_prefix_path.dsv
-- Installing: /home/kush/UR5_Project_main/install/moveit_hybrid_planning/share/moveit_hybrid_planning/environment/path.sh
-- Installing: /home/kush/UR5_Project_main/install/moveit_hybrid_planning/share/moveit_hybrid_planning/environment/path.dsv
-- Installing: /home/kush/UR5_Project_main/install/moveit_hybrid_planning/share/moveit_hybrid_planning/local_setup.bash
-- Installing: /home/kush/UR5_Project_main/install/moveit_hybrid_planning/share/moveit_hybrid_planning/local_setup.sh
-- Installing: /home/kush/UR5_Project_main/install/moveit_hybrid_planning/share/moveit_hybrid_planning/local_setup.zsh
-- Installing: /home/kush/UR5_Project_main/install/moveit_hybrid_planning/share/moveit_hybrid_planning/local_setup.dsv
-- Installing: /home/kush/UR5_Project_main/install/moveit_hybrid_planning/share/moveit_hybrid_planning/package.dsv
-- Installing: /home/kush/UR5_Project_main/install/moveit_hybrid_planning/share/ament_index/resource_index/packages/moveit_hybrid_planning
-- Installing: /home/kush/UR5_Project_main/install/moveit_hybrid_planning/share/ament_index/resource_index/moveit_hybrid_planning__pluginlib__plugin/moveit_hybrid_planning
-- Installing: /home/kush/UR5_Project_main/install/moveit_hybrid_planning/share/ament_index/resource_index/rclcpp_components/moveit_hybrid_planning
-- Installing: /home/kush/UR5_Project_main/install/moveit_hybrid_planning/share/moveit_hybrid_planning/cmake/export_moveit_hybrid_planningExport.cmake
-- Installing: /home/kush/UR5_Project_main/install/moveit_hybrid_planning/share/moveit_hybrid_planning/cmake/export_moveit_hybrid_planningExport-release.cmake
-- Installing: /home/kush/UR5_Project_main/install/moveit_hybrid_planning/share/moveit_hybrid_planning/cmake/ament_cmake_export_include_directories-extras.cmake
-- Installing: /home/kush/UR5_Project_main/install/moveit_hybrid_planning/share/moveit_hybrid_planning/cmake/ament_cmake_export_libraries-extras.cmake
-- Installing: /home/kush/UR5_Project_main/install/moveit_hybrid_planning/share/moveit_hybrid_planning/cmake/ament_cmake_export_dependencies-extras.cmake
-- Installing: /home/kush/UR5_Project_main/install/moveit_hybrid_planning/share/moveit_hybrid_planning/cmake/ament_cmake_export_targets-extras.cmake
-- Installing: /home/kush/UR5_Project_main/install/moveit_hybrid_planning/share/moveit_hybrid_planning/cmake/moveit_hybrid_planningConfig.cmake
-- Installing: /home/kush/UR5_Project_main/install/moveit_hybrid_planning/share/moveit_hybrid_planning/cmake/moveit_hybrid_planningConfig-version.cmake
-- Installing: /home/kush/UR5_Project_main/install/moveit_hybrid_planning/share/moveit_hybrid_planning/package.xml
