[0.656s] Invoking command in '/home/kush/UR5_Project_main/build/moveit_hybrid_planning': AMENT_PREFIX_PATH=/home/kush/UR5_Project_main/install/moveit_ros_planning_interface:/home/kush/UR5_Project_main/install/moveit_ros_move_group:/home/kush/UR5_Project_main/install/moveit_ros_warehouse:/home/kush/UR5_Project_main/install/moveit_planners_ompl:/home/kush/UR5_Project_main/install/moveit_kinematics:/home/kush/UR5_Project_main/install/moveit_ros_planning:/home/kush/UR5_Project_main/install/moveit_ros_occupancy_map_monitor:/home/kush/UR5_Project_main/install/moveit_core:/home/kush/UR5_Project_main/install/moveit_resources_panda_moveit_config:/home/kush/UR5_Project_main/install/srdfdom:/home/kush/UR5_Project_main/install/moveit_resources_panda_description:/home/kush/UR5_Project_main/install/moveit_common:${AMENT_PREFIX_PATH} CMAKE_PREFIX_PATH=/home/kush/UR5_Project_main/install/moveit_ros_planning_interface:/home/kush/UR5_Project_main/install/moveit_ros_move_group:/home/kush/UR5_Project_main/install/moveit_ros_warehouse:/home/kush/UR5_Project_main/install/moveit_planners_ompl:/home/kush/UR5_Project_main/install/moveit_kinematics:/home/kush/UR5_Project_main/install/moveit_ros_planning:/home/kush/UR5_Project_main/install/moveit_ros_occupancy_map_monitor:/home/kush/UR5_Project_main/install/moveit_core:/home/kush/UR5_Project_main/install/moveit_resources_panda_moveit_config:/home/kush/UR5_Project_main/install/srdfdom:/home/kush/UR5_Project_main/install/moveit_resources_panda_description:/home/kush/UR5_Project_main/install/moveit_common:/home/kush/ws_moveit2_ur5/install/ur_description:/home/kush/ws_moveit2_ur5/install/pilz_industrial_motion_planner_testutils:/home/kush/ws_moveit2_ur5/install/moveit_runtime:/home/kush/ws_moveit2_ur5/install/moveit2_tutorials:/home/kush/ws_moveit2_ur5/install/moveit:/home/kush/ws_moveit2_ur5/install/moveit_planners:/home/kush/ws_moveit2_ur5/install/pilz_industrial_motion_planner:/home/kush/ws_moveit2_ur5/install/moveit_visual_tools:/home/kush/ws_moveit2_ur5/install/moveit_task_constructor_visualization:/home/kush/ws_moveit2_ur5/install/moveit_task_constructor_demo:/home/kush/ws_moveit2_ur5/install/moveit_task_constructor_capabilities:/home/kush/ws_moveit2_ur5/install/moveit_task_constructor_core:/home/kush/ws_moveit2_ur5/install/moveit_ros_control_interface:/home/kush/ws_moveit2_ur5/install/moveit_plugins:/home/kush/ws_moveit2_ur5/install/moveit_simple_controller_manager:/home/kush/ws_moveit2_ur5/install/moveit_setup_assistant:/home/kush/ws_moveit2_ur5/install/moveit_setup_srdf_plugins:/home/kush/ws_moveit2_ur5/install/moveit_setup_core_plugins:/home/kush/ws_moveit2_ur5/install/moveit_setup_controllers:/home/kush/ws_moveit2_ur5/install/moveit_setup_app_plugins:/home/kush/ws_moveit2_ur5/install/moveit_setup_framework:/home/kush/ws_moveit2_ur5/install/moveit_servo:/home/kush/ws_moveit2_ur5/install/moveit_ros:/home/kush/ws_moveit2_ur5/install/moveit_ros_visualization:/home/kush/ws_moveit2_ur5/install/moveit_hybrid_planning:/home/kush/ws_moveit2_ur5/install/moveit_ros_planning_interface:/home/kush/ws_moveit2_ur5/install/moveit_ros_benchmarks:/home/kush/ws_moveit2_ur5/install/moveit_ros_warehouse:/home/kush/ws_moveit2_ur5/install/moveit_ros_robot_interaction:/home/kush/ws_moveit2_ur5/install/moveit_ros_perception:/home/kush/ws_moveit2_ur5/install/moveit_resources_prbt_pg70_support:/home/kush/ws_moveit2_ur5/install/moveit_resources_prbt_moveit_config:/home/kush/ws_moveit2_ur5/install/moveit_ros_move_group:/home/kush/ws_moveit2_ur5/install/moveit_planners_ompl:/home/kush/ws_moveit2_ur5/install/moveit_ros_planning:/home/kush/ws_moveit2_ur5/install/moveit_ros_occupancy_map_monitor:/home/kush/ws_moveit2_ur5/install/moveit_resources_prbt_ikfast_manipulator_plugin:/home/kush/ws_moveit2_ur5/install/moveit_planners_chomp:/home/kush/ws_moveit2_ur5/install/moveit_kinematics:/home/kush/ws_moveit2_ur5/install/moveit_chomp_optimizer_adapter:/home/kush/ws_moveit2_ur5/install/chomp_motion_planner:/home/kush/ws_moveit2_ur5/install/moveit_core:/home/kush/ws_moveit2_ur5/install/srdfdom:/home/kush/ws_moveit2_ur5/install/rviz_marker_tools:/home/kush/ws_moveit2_ur5/install/rosparam_shortcuts:/home/kush/ws_moveit2_ur5/install/moveit_task_constructor_msgs:/home/kush/ws_moveit2_ur5/install/moveit_resources_prbt_support:/home/kush/ws_moveit2_ur5/install/moveit_resources:/home/kush/ws_moveit2_ur5/install/moveit_resources_pr2_description:/home/kush/ws_moveit2_ur5/install/moveit_resources_panda_moveit_config:/home/kush/ws_moveit2_ur5/install/moveit_resources_panda_description:/home/kush/ws_moveit2_ur5/install/moveit_resources_fanuc_moveit_config:/home/kush/ws_moveit2_ur5/install/moveit_resources_fanuc_description:/home/kush/ws_moveit2_ur5/install/moveit_common:/home/kush/ws_moveit2_ur5/install/moveit_configs_utils:/home/kush/ws_moveit2_ur5/install/launch_param_builder:/opt/ros/humble LD_LIBRARY_PATH=/home/kush/UR5_Project_main/install/moveit_ros_planning_interface/lib:/home/kush/UR5_Project_main/install/moveit_ros_move_group/lib:/home/kush/UR5_Project_main/install/moveit_ros_warehouse/lib:/home/kush/UR5_Project_main/install/moveit_planners_ompl/lib:/home/kush/UR5_Project_main/install/moveit_kinematics/lib:/home/kush/UR5_Project_main/install/moveit_ros_planning/lib:/home/kush/UR5_Project_main/install/moveit_ros_occupancy_map_monitor/lib:/home/kush/UR5_Project_main/install/moveit_core/lib:/home/kush/UR5_Project_main/install/srdfdom/lib:${LD_LIBRARY_PATH} PATH=/home/kush/UR5_Project_main/install/moveit_core/bin:${PATH} PYTHONPATH=/home/kush/UR5_Project_main/install/srdfdom/local/lib/python3.10/dist-packages:${PYTHONPATH} /usr/bin/cmake --build /home/kush/UR5_Project_main/build/moveit_hybrid_planning -- -j4 -l4
[1.112s] [35m[1mConsolidate compiler generated dependencies of target moveit_hybrid_planning_manager[0m
[1.418s] [ 10%] Built target moveit_hybrid_planning_manager
[1.826s] [35m[1mConsolidate compiler generated dependencies of target moveit_local_planner_component[0m
[2.136s] [ 20%] Built target moveit_local_planner_component
[2.302s] [35m[1mConsolidate compiler generated dependencies of target simple_sampler_plugin[0m
[2.388s] [ 30%] Built target simple_sampler_plugin
[2.552s] [35m[1mConsolidate compiler generated dependencies of target forward_trajectory_plugin[0m
[2.622s] [ 40%] Built target forward_trajectory_plugin
[2.846s] [35m[1mConsolidate compiler generated dependencies of target single_plan_execution_plugin[0m
[2.972s] [ 50%] Built target single_plan_execution_plugin
[3.226s] [35m[1mConsolidate compiler generated dependencies of target motion_planning_pipeline_plugin[0m
[3.302s] [ 60%] Built target motion_planning_pipeline_plugin
[3.583s] [35m[1mConsolidate compiler generated dependencies of target replan_invalidated_trajectory_plugin[0m
[3.630s] [ 70%] Built target replan_invalidated_trajectory_plugin
[3.936s] [35m[1mConsolidate compiler generated dependencies of target moveit_global_planner_component[0m
[3.993s] [ 80%] Built target moveit_global_planner_component
[4.241s] [35m[1mConsolidate compiler generated dependencies of target cancel_action[0m
[4.280s] [ 90%] Built target cancel_action
[4.393s] [35m[1mConsolidate compiler generated dependencies of target hybrid_planning_demo_node[0m
[4.422s] [ 95%] [32mBuilding CXX object test/CMakeFiles/hybrid_planning_demo_node.dir/hybrid_planning_demo_node.cpp.o[0m
[80.873s] [100%] [32m[1mLinking CXX executable hybrid_planning_demo_node[0m
[108.131s] [100%] Built target hybrid_planning_demo_node
[108.186s] Invoked command in '/home/kush/UR5_Project_main/build/moveit_hybrid_planning' returned '0': AMENT_PREFIX_PATH=/home/kush/UR5_Project_main/install/moveit_ros_planning_interface:/home/kush/UR5_Project_main/install/moveit_ros_move_group:/home/kush/UR5_Project_main/install/moveit_ros_warehouse:/home/kush/UR5_Project_main/install/moveit_planners_ompl:/home/kush/UR5_Project_main/install/moveit_kinematics:/home/kush/UR5_Project_main/install/moveit_ros_planning:/home/kush/UR5_Project_main/install/moveit_ros_occupancy_map_monitor:/home/kush/UR5_Project_main/install/moveit_core:/home/kush/UR5_Project_main/install/moveit_resources_panda_moveit_config:/home/kush/UR5_Project_main/install/srdfdom:/home/kush/UR5_Project_main/install/moveit_resources_panda_description:/home/kush/UR5_Project_main/install/moveit_common:${AMENT_PREFIX_PATH} CMAKE_PREFIX_PATH=/home/kush/UR5_Project_main/install/moveit_ros_planning_interface:/home/kush/UR5_Project_main/install/moveit_ros_move_group:/home/kush/UR5_Project_main/install/moveit_ros_warehouse:/home/kush/UR5_Project_main/install/moveit_planners_ompl:/home/kush/UR5_Project_main/install/moveit_kinematics:/home/kush/UR5_Project_main/install/moveit_ros_planning:/home/kush/UR5_Project_main/install/moveit_ros_occupancy_map_monitor:/home/kush/UR5_Project_main/install/moveit_core:/home/kush/UR5_Project_main/install/moveit_resources_panda_moveit_config:/home/kush/UR5_Project_main/install/srdfdom:/home/kush/UR5_Project_main/install/moveit_resources_panda_description:/home/kush/UR5_Project_main/install/moveit_common:/home/kush/ws_moveit2_ur5/install/ur_description:/home/kush/ws_moveit2_ur5/install/pilz_industrial_motion_planner_testutils:/home/kush/ws_moveit2_ur5/install/moveit_runtime:/home/kush/ws_moveit2_ur5/install/moveit2_tutorials:/home/kush/ws_moveit2_ur5/install/moveit:/home/kush/ws_moveit2_ur5/install/moveit_planners:/home/kush/ws_moveit2_ur5/install/pilz_industrial_motion_planner:/home/kush/ws_moveit2_ur5/install/moveit_visual_tools:/home/kush/ws_moveit2_ur5/install/moveit_task_constructor_visualization:/home/kush/ws_moveit2_ur5/install/moveit_task_constructor_demo:/home/kush/ws_moveit2_ur5/install/moveit_task_constructor_capabilities:/home/kush/ws_moveit2_ur5/install/moveit_task_constructor_core:/home/kush/ws_moveit2_ur5/install/moveit_ros_control_interface:/home/kush/ws_moveit2_ur5/install/moveit_plugins:/home/kush/ws_moveit2_ur5/install/moveit_simple_controller_manager:/home/kush/ws_moveit2_ur5/install/moveit_setup_assistant:/home/kush/ws_moveit2_ur5/install/moveit_setup_srdf_plugins:/home/kush/ws_moveit2_ur5/install/moveit_setup_core_plugins:/home/kush/ws_moveit2_ur5/install/moveit_setup_controllers:/home/kush/ws_moveit2_ur5/install/moveit_setup_app_plugins:/home/kush/ws_moveit2_ur5/install/moveit_setup_framework:/home/kush/ws_moveit2_ur5/install/moveit_servo:/home/kush/ws_moveit2_ur5/install/moveit_ros:/home/kush/ws_moveit2_ur5/install/moveit_ros_visualization:/home/kush/ws_moveit2_ur5/install/moveit_hybrid_planning:/home/kush/ws_moveit2_ur5/install/moveit_ros_planning_interface:/home/kush/ws_moveit2_ur5/install/moveit_ros_benchmarks:/home/kush/ws_moveit2_ur5/install/moveit_ros_warehouse:/home/kush/ws_moveit2_ur5/install/moveit_ros_robot_interaction:/home/kush/ws_moveit2_ur5/install/moveit_ros_perception:/home/kush/ws_moveit2_ur5/install/moveit_resources_prbt_pg70_support:/home/kush/ws_moveit2_ur5/install/moveit_resources_prbt_moveit_config:/home/kush/ws_moveit2_ur5/install/moveit_ros_move_group:/home/kush/ws_moveit2_ur5/install/moveit_planners_ompl:/home/kush/ws_moveit2_ur5/install/moveit_ros_planning:/home/kush/ws_moveit2_ur5/install/moveit_ros_occupancy_map_monitor:/home/kush/ws_moveit2_ur5/install/moveit_resources_prbt_ikfast_manipulator_plugin:/home/kush/ws_moveit2_ur5/install/moveit_planners_chomp:/home/kush/ws_moveit2_ur5/install/moveit_kinematics:/home/kush/ws_moveit2_ur5/install/moveit_chomp_optimizer_adapter:/home/kush/ws_moveit2_ur5/install/chomp_motion_planner:/home/kush/ws_moveit2_ur5/install/moveit_core:/home/kush/ws_moveit2_ur5/install/srdfdom:/home/kush/ws_moveit2_ur5/install/rviz_marker_tools:/home/kush/ws_moveit2_ur5/install/rosparam_shortcuts:/home/kush/ws_moveit2_ur5/install/moveit_task_constructor_msgs:/home/kush/ws_moveit2_ur5/install/moveit_resources_prbt_support:/home/kush/ws_moveit2_ur5/install/moveit_resources:/home/kush/ws_moveit2_ur5/install/moveit_resources_pr2_description:/home/kush/ws_moveit2_ur5/install/moveit_resources_panda_moveit_config:/home/kush/ws_moveit2_ur5/install/moveit_resources_panda_description:/home/kush/ws_moveit2_ur5/install/moveit_resources_fanuc_moveit_config:/home/kush/ws_moveit2_ur5/install/moveit_resources_fanuc_description:/home/kush/ws_moveit2_ur5/install/moveit_common:/home/kush/ws_moveit2_ur5/install/moveit_configs_utils:/home/kush/ws_moveit2_ur5/install/launch_param_builder:/opt/ros/humble LD_LIBRARY_PATH=/home/kush/UR5_Project_main/install/moveit_ros_planning_interface/lib:/home/kush/UR5_Project_main/install/moveit_ros_move_group/lib:/home/kush/UR5_Project_main/install/moveit_ros_warehouse/lib:/home/kush/UR5_Project_main/install/moveit_planners_ompl/lib:/home/kush/UR5_Project_main/install/moveit_kinematics/lib:/home/kush/UR5_Project_main/install/moveit_ros_planning/lib:/home/kush/UR5_Project_main/install/moveit_ros_occupancy_map_monitor/lib:/home/kush/UR5_Project_main/install/moveit_core/lib:/home/kush/UR5_Project_main/install/srdfdom/lib:${LD_LIBRARY_PATH} PATH=/home/kush/UR5_Project_main/install/moveit_core/bin:${PATH} PYTHONPATH=/home/kush/UR5_Project_main/install/srdfdom/local/lib/python3.10/dist-packages:${PYTHONPATH} /usr/bin/cmake --build /home/kush/UR5_Project_main/build/moveit_hybrid_planning -- -j4 -l4
[108.611s] Invoking command in '/home/kush/UR5_Project_main/build/moveit_hybrid_planning': AMENT_PREFIX_PATH=/home/kush/UR5_Project_main/install/moveit_ros_planning_interface:/home/kush/UR5_Project_main/install/moveit_ros_move_group:/home/kush/UR5_Project_main/install/moveit_ros_warehouse:/home/kush/UR5_Project_main/install/moveit_planners_ompl:/home/kush/UR5_Project_main/install/moveit_kinematics:/home/kush/UR5_Project_main/install/moveit_ros_planning:/home/kush/UR5_Project_main/install/moveit_ros_occupancy_map_monitor:/home/kush/UR5_Project_main/install/moveit_core:/home/kush/UR5_Project_main/install/moveit_resources_panda_moveit_config:/home/kush/UR5_Project_main/install/srdfdom:/home/kush/UR5_Project_main/install/moveit_resources_panda_description:/home/kush/UR5_Project_main/install/moveit_common:${AMENT_PREFIX_PATH} CMAKE_PREFIX_PATH=/home/kush/UR5_Project_main/install/moveit_ros_planning_interface:/home/kush/UR5_Project_main/install/moveit_ros_move_group:/home/kush/UR5_Project_main/install/moveit_ros_warehouse:/home/kush/UR5_Project_main/install/moveit_planners_ompl:/home/kush/UR5_Project_main/install/moveit_kinematics:/home/kush/UR5_Project_main/install/moveit_ros_planning:/home/kush/UR5_Project_main/install/moveit_ros_occupancy_map_monitor:/home/kush/UR5_Project_main/install/moveit_core:/home/kush/UR5_Project_main/install/moveit_resources_panda_moveit_config:/home/kush/UR5_Project_main/install/srdfdom:/home/kush/UR5_Project_main/install/moveit_resources_panda_description:/home/kush/UR5_Project_main/install/moveit_common:/home/kush/ws_moveit2_ur5/install/ur_description:/home/kush/ws_moveit2_ur5/install/pilz_industrial_motion_planner_testutils:/home/kush/ws_moveit2_ur5/install/moveit_runtime:/home/kush/ws_moveit2_ur5/install/moveit2_tutorials:/home/kush/ws_moveit2_ur5/install/moveit:/home/kush/ws_moveit2_ur5/install/moveit_planners:/home/kush/ws_moveit2_ur5/install/pilz_industrial_motion_planner:/home/kush/ws_moveit2_ur5/install/moveit_visual_tools:/home/kush/ws_moveit2_ur5/install/moveit_task_constructor_visualization:/home/kush/ws_moveit2_ur5/install/moveit_task_constructor_demo:/home/kush/ws_moveit2_ur5/install/moveit_task_constructor_capabilities:/home/kush/ws_moveit2_ur5/install/moveit_task_constructor_core:/home/kush/ws_moveit2_ur5/install/moveit_ros_control_interface:/home/kush/ws_moveit2_ur5/install/moveit_plugins:/home/kush/ws_moveit2_ur5/install/moveit_simple_controller_manager:/home/kush/ws_moveit2_ur5/install/moveit_setup_assistant:/home/kush/ws_moveit2_ur5/install/moveit_setup_srdf_plugins:/home/kush/ws_moveit2_ur5/install/moveit_setup_core_plugins:/home/kush/ws_moveit2_ur5/install/moveit_setup_controllers:/home/kush/ws_moveit2_ur5/install/moveit_setup_app_plugins:/home/kush/ws_moveit2_ur5/install/moveit_setup_framework:/home/kush/ws_moveit2_ur5/install/moveit_servo:/home/kush/ws_moveit2_ur5/install/moveit_ros:/home/kush/ws_moveit2_ur5/install/moveit_ros_visualization:/home/kush/ws_moveit2_ur5/install/moveit_hybrid_planning:/home/kush/ws_moveit2_ur5/install/moveit_ros_planning_interface:/home/kush/ws_moveit2_ur5/install/moveit_ros_benchmarks:/home/kush/ws_moveit2_ur5/install/moveit_ros_warehouse:/home/kush/ws_moveit2_ur5/install/moveit_ros_robot_interaction:/home/kush/ws_moveit2_ur5/install/moveit_ros_perception:/home/kush/ws_moveit2_ur5/install/moveit_resources_prbt_pg70_support:/home/kush/ws_moveit2_ur5/install/moveit_resources_prbt_moveit_config:/home/kush/ws_moveit2_ur5/install/moveit_ros_move_group:/home/kush/ws_moveit2_ur5/install/moveit_planners_ompl:/home/kush/ws_moveit2_ur5/install/moveit_ros_planning:/home/kush/ws_moveit2_ur5/install/moveit_ros_occupancy_map_monitor:/home/kush/ws_moveit2_ur5/install/moveit_resources_prbt_ikfast_manipulator_plugin:/home/kush/ws_moveit2_ur5/install/moveit_planners_chomp:/home/kush/ws_moveit2_ur5/install/moveit_kinematics:/home/kush/ws_moveit2_ur5/install/moveit_chomp_optimizer_adapter:/home/kush/ws_moveit2_ur5/install/chomp_motion_planner:/home/kush/ws_moveit2_ur5/install/moveit_core:/home/kush/ws_moveit2_ur5/install/srdfdom:/home/kush/ws_moveit2_ur5/install/rviz_marker_tools:/home/kush/ws_moveit2_ur5/install/rosparam_shortcuts:/home/kush/ws_moveit2_ur5/install/moveit_task_constructor_msgs:/home/kush/ws_moveit2_ur5/install/moveit_resources_prbt_support:/home/kush/ws_moveit2_ur5/install/moveit_resources:/home/kush/ws_moveit2_ur5/install/moveit_resources_pr2_description:/home/kush/ws_moveit2_ur5/install/moveit_resources_panda_moveit_config:/home/kush/ws_moveit2_ur5/install/moveit_resources_panda_description:/home/kush/ws_moveit2_ur5/install/moveit_resources_fanuc_moveit_config:/home/kush/ws_moveit2_ur5/install/moveit_resources_fanuc_description:/home/kush/ws_moveit2_ur5/install/moveit_common:/home/kush/ws_moveit2_ur5/install/moveit_configs_utils:/home/kush/ws_moveit2_ur5/install/launch_param_builder:/opt/ros/humble LD_LIBRARY_PATH=/home/kush/UR5_Project_main/install/moveit_ros_planning_interface/lib:/home/kush/UR5_Project_main/install/moveit_ros_move_group/lib:/home/kush/UR5_Project_main/install/moveit_ros_warehouse/lib:/home/kush/UR5_Project_main/install/moveit_planners_ompl/lib:/home/kush/UR5_Project_main/install/moveit_kinematics/lib:/home/kush/UR5_Project_main/install/moveit_ros_planning/lib:/home/kush/UR5_Project_main/install/moveit_ros_occupancy_map_monitor/lib:/home/kush/UR5_Project_main/install/moveit_core/lib:/home/kush/UR5_Project_main/install/srdfdom/lib:${LD_LIBRARY_PATH} PATH=/home/kush/UR5_Project_main/install/moveit_core/bin:${PATH} PYTHONPATH=/home/kush/UR5_Project_main/install/srdfdom/local/lib/python3.10/dist-packages:${PYTHONPATH} /usr/bin/cmake --install /home/kush/UR5_Project_main/build/moveit_hybrid_planning
[108.810s] -- Install configuration: "Release"
[109.804s] -- Installing: /home/kush/UR5_Project_main/install/moveit_hybrid_planning/lib/libmoveit_global_planner_component.so.2.5.4
[109.904s] -- Set runtime path of "/home/kush/UR5_Project_main/install/moveit_hybrid_planning/lib/libmoveit_global_planner_component.so.2.5.4" to ""
[109.905s] -- Installing: /home/kush/UR5_Project_main/install/moveit_hybrid_planning/lib/libmoveit_global_planner_component.so
[109.905s] -- Installing: /home/kush/UR5_Project_main/install/moveit_hybrid_planning/lib/libmoveit_hybrid_planning_manager.so.2.5.4
[110.082s] -- Set runtime path of "/home/kush/UR5_Project_main/install/moveit_hybrid_planning/lib/libmoveit_hybrid_planning_manager.so.2.5.4" to ""
[110.083s] -- Installing: /home/kush/UR5_Project_main/install/moveit_hybrid_planning/lib/libmoveit_hybrid_planning_manager.so
[110.083s] -- Installing: /home/kush/UR5_Project_main/install/moveit_hybrid_planning/lib/libmoveit_local_planner_component.so.2.5.4
[110.171s] -- Set runtime path of "/home/kush/UR5_Project_main/install/moveit_hybrid_planning/lib/libmoveit_local_planner_component.so.2.5.4" to ""
[110.171s] -- Installing: /home/kush/UR5_Project_main/install/moveit_hybrid_planning/lib/libmoveit_local_planner_component.so
[110.171s] -- Installing: /home/kush/UR5_Project_main/install/moveit_hybrid_planning/lib/libforward_trajectory_plugin.so.2.5.4
[110.172s] -- Set runtime path of "/home/kush/UR5_Project_main/install/moveit_hybrid_planning/lib/libforward_trajectory_plugin.so.2.5.4" to ""
[110.172s] -- Installing: /home/kush/UR5_Project_main/install/moveit_hybrid_planning/lib/libforward_trajectory_plugin.so
[110.173s] -- Installing: /home/kush/UR5_Project_main/install/moveit_hybrid_planning/lib/libmotion_planning_pipeline_plugin.so.2.5.4
[110.218s] -- Set runtime path of "/home/kush/UR5_Project_main/install/moveit_hybrid_planning/lib/libmotion_planning_pipeline_plugin.so.2.5.4" to ""
[110.218s] -- Installing: /home/kush/UR5_Project_main/install/moveit_hybrid_planning/lib/libmotion_planning_pipeline_plugin.so
[110.218s] -- Installing: /home/kush/UR5_Project_main/install/moveit_hybrid_planning/lib/libreplan_invalidated_trajectory_plugin.so.2.5.4
[110.219s] -- Set runtime path of "/home/kush/UR5_Project_main/install/moveit_hybrid_planning/lib/libreplan_invalidated_trajectory_plugin.so.2.5.4" to ""
[110.219s] -- Installing: /home/kush/UR5_Project_main/install/moveit_hybrid_planning/lib/libreplan_invalidated_trajectory_plugin.so
[110.219s] -- Installing: /home/kush/UR5_Project_main/install/moveit_hybrid_planning/lib/libsimple_sampler_plugin.so.2.5.4
[110.310s] -- Set runtime path of "/home/kush/UR5_Project_main/install/moveit_hybrid_planning/lib/libsimple_sampler_plugin.so.2.5.4" to ""
[110.310s] -- Installing: /home/kush/UR5_Project_main/install/moveit_hybrid_planning/lib/libsimple_sampler_plugin.so
[110.311s] -- Installing: /home/kush/UR5_Project_main/install/moveit_hybrid_planning/lib/libsingle_plan_execution_plugin.so.2.5.4
[110.311s] -- Set runtime path of "/home/kush/UR5_Project_main/install/moveit_hybrid_planning/lib/libsingle_plan_execution_plugin.so.2.5.4" to ""
[110.311s] -- Installing: /home/kush/UR5_Project_main/install/moveit_hybrid_planning/lib/libsingle_plan_execution_plugin.so
[110.311s] -- Installing: /home/kush/UR5_Project_main/install/moveit_hybrid_planning/lib/moveit_hybrid_planning/cancel_action
[110.386s] -- Set runtime path of "/home/kush/UR5_Project_main/install/moveit_hybrid_planning/lib/moveit_hybrid_planning/cancel_action" to ""
[110.387s] -- Installing: /home/kush/UR5_Project_main/install/moveit_hybrid_planning/lib/moveit_hybrid_planning/hybrid_planning_demo_node
[110.394s] -- Set runtime path of "/home/kush/UR5_Project_main/install/moveit_hybrid_planning/lib/moveit_hybrid_planning/hybrid_planning_demo_node" to ""
[111.454s] -- Installing: /home/kush/UR5_Project_main/install/moveit_hybrid_planning/include
[111.509s] -- Installing: /home/kush/UR5_Project_main/install/moveit_hybrid_planning/include/moveit
[111.522s] -- Installing: /home/kush/UR5_Project_main/install/moveit_hybrid_planning/include/moveit/global_planner
[111.536s] -- Installing: /home/kush/UR5_Project_main/install/moveit_hybrid_planning/include/moveit/global_planner/global_planner_interface.h
[111.619s] -- Installing: /home/kush/UR5_Project_main/install/moveit_hybrid_planning/include/moveit/global_planner/global_planner_component.h
[111.636s] -- Up-to-date: /home/kush/UR5_Project_main/install/moveit_hybrid_planning/include
[111.643s] -- Up-to-date: /home/kush/UR5_Project_main/install/moveit_hybrid_planning/include/moveit
[111.670s] -- Up-to-date: /home/kush/UR5_Project_main/install/moveit_hybrid_planning/include/moveit/global_planner
[111.683s] -- Installing: /home/kush/UR5_Project_main/install/moveit_hybrid_planning/include/moveit/global_planner/moveit_planning_pipeline.h
[111.727s] -- Up-to-date: /home/kush/UR5_Project_main/install/moveit_hybrid_planning/include
[111.739s] -- Up-to-date: /home/kush/UR5_Project_main/install/moveit_hybrid_planning/include/moveit
[111.762s] -- Installing: /home/kush/UR5_Project_main/install/moveit_hybrid_planning/include/moveit/hybrid_planning_manager
[111.778s] -- Installing: /home/kush/UR5_Project_main/install/moveit_hybrid_planning/include/moveit/hybrid_planning_manager/hybrid_planning_events.h
[111.787s] -- Installing: /home/kush/UR5_Project_main/install/moveit_hybrid_planning/include/moveit/hybrid_planning_manager/moveit_error_code_interface.h
[111.798s] -- Installing: /home/kush/UR5_Project_main/install/moveit_hybrid_planning/include/moveit/hybrid_planning_manager/planner_logic_interface.h
[111.810s] -- Installing: /home/kush/UR5_Project_main/install/moveit_hybrid_planning/include/moveit/hybrid_planning_manager/hybrid_planning_manager.h
[111.833s] -- Up-to-date: /home/kush/UR5_Project_main/install/moveit_hybrid_planning/include
[111.857s] -- Up-to-date: /home/kush/UR5_Project_main/install/moveit_hybrid_planning/include/moveit
[111.870s] -- Installing: /home/kush/UR5_Project_main/install/moveit_hybrid_planning/include/moveit/planner_logic_plugins
[111.894s] -- Installing: /home/kush/UR5_Project_main/install/moveit_hybrid_planning/include/moveit/planner_logic_plugins/replan_invalidated_trajectory.h
[111.904s] -- Installing: /home/kush/UR5_Project_main/install/moveit_hybrid_planning/include/moveit/planner_logic_plugins/single_plan_execution.h
[111.948s] -- Up-to-date: /home/kush/UR5_Project_main/install/moveit_hybrid_planning/include
[111.960s] -- Up-to-date: /home/kush/UR5_Project_main/install/moveit_hybrid_planning/include/moveit
[111.976s] -- Installing: /home/kush/UR5_Project_main/install/moveit_hybrid_planning/include/moveit/local_planner
[111.983s] -- Installing: /home/kush/UR5_Project_main/install/moveit_hybrid_planning/include/moveit/local_planner/local_constraint_solver_interface.h
[112.044s] -- Installing: /home/kush/UR5_Project_main/install/moveit_hybrid_planning/include/moveit/local_planner/trajectory_operator_interface.h
[112.177s] -- Installing: /home/kush/UR5_Project_main/install/moveit_hybrid_planning/include/moveit/local_planner/feedback_types.h
[112.190s] -- Installing: /home/kush/UR5_Project_main/install/moveit_hybrid_planning/include/moveit/local_planner/local_planner_component.h
[112.214s] -- Up-to-date: /home/kush/UR5_Project_main/install/moveit_hybrid_planning/include
[112.225s] -- Up-to-date: /home/kush/UR5_Project_main/install/moveit_hybrid_planning/include/moveit
[112.239s] -- Installing: /home/kush/UR5_Project_main/install/moveit_hybrid_planning/include/moveit/trajectory_operator_plugins
[112.248s] -- Installing: /home/kush/UR5_Project_main/install/moveit_hybrid_planning/include/moveit/trajectory_operator_plugins/simple_sampler.h
[112.295s] -- Up-to-date: /home/kush/UR5_Project_main/install/moveit_hybrid_planning/include
[112.303s] -- Up-to-date: /home/kush/UR5_Project_main/install/moveit_hybrid_planning/include/moveit
[112.314s] -- Installing: /home/kush/UR5_Project_main/install/moveit_hybrid_planning/include/moveit/local_constraint_solver_plugins
[112.338s] -- Installing: /home/kush/UR5_Project_main/install/moveit_hybrid_planning/include/moveit/local_constraint_solver_plugins/forward_trajectory.h
[112.362s] -- Installing: /home/kush/UR5_Project_main/install/moveit_hybrid_planning/share/moveit_hybrid_planning/launch
[112.372s] -- Installing: /home/kush/UR5_Project_main/install/moveit_hybrid_planning/share/moveit_hybrid_planning/launch/test_basic_integration.test.py
[112.383s] -- Installing: /home/kush/UR5_Project_main/install/moveit_hybrid_planning/share/moveit_hybrid_planning/launch/hybrid_planning_common.py
[112.395s] -- Installing: /home/kush/UR5_Project_main/install/moveit_hybrid_planning/share/moveit_hybrid_planning/launch/hybrid_planning_demo.launch.py
[112.404s] -- Installing: /home/kush/UR5_Project_main/install/moveit_hybrid_planning/share/moveit_hybrid_planning/config
[112.423s] -- Installing: /home/kush/UR5_Project_main/install/moveit_hybrid_planning/share/moveit_hybrid_planning/config/local_planner.yaml
[112.441s] -- Installing: /home/kush/UR5_Project_main/install/moveit_hybrid_planning/share/moveit_hybrid_planning/config/hybrid_planning_demo.rviz
[112.450s] -- Installing: /home/kush/UR5_Project_main/install/moveit_hybrid_planning/share/moveit_hybrid_planning/config/global_planner.yaml
[112.473s] -- Installing: /home/kush/UR5_Project_main/install/moveit_hybrid_planning/share/moveit_hybrid_planning/config/demo_controller.yaml
[112.474s] -- Installing: /home/kush/UR5_Project_main/install/moveit_hybrid_planning/share/moveit_hybrid_planning/config/hybrid_planning_manager.yaml
[112.498s] -- Installing: /home/kush/UR5_Project_main/install/moveit_hybrid_planning/share/moveit_hybrid_planning/config/common_hybrid_planning_params.yaml
[112.506s] -- Installing: /home/kush/UR5_Project_main/install/moveit_hybrid_planning/share/moveit_hybrid_planning/single_plan_execution_plugin.xml
[112.529s] -- Installing: /home/kush/UR5_Project_main/install/moveit_hybrid_planning/share/moveit_hybrid_planning/moveit_planning_pipeline_plugin.xml
[112.542s] -- Installing: /home/kush/UR5_Project_main/install/moveit_hybrid_planning/share/moveit_hybrid_planning/simple_sampler_plugin.xml
[112.551s] -- Installing: /home/kush/UR5_Project_main/install/moveit_hybrid_planning/share/moveit_hybrid_planning/replan_invalidated_trajectory_plugin.xml
[112.574s] -- Installing: /home/kush/UR5_Project_main/install/moveit_hybrid_planning/share/moveit_hybrid_planning/forward_trajectory_plugin.xml
[112.827s] -- Installing: /home/kush/UR5_Project_main/install/moveit_hybrid_planning/share/moveit_hybrid_planning/environment/library_path.sh
[112.980s] -- Installing: /home/kush/UR5_Project_main/install/moveit_hybrid_planning/share/moveit_hybrid_planning/environment/library_path.dsv
[113.092s] -- Installing: /home/kush/UR5_Project_main/install/moveit_hybrid_planning/share/ament_index/resource_index/package_run_dependencies/moveit_hybrid_planning
[113.347s] -- Installing: /home/kush/UR5_Project_main/install/moveit_hybrid_planning/share/ament_index/resource_index/parent_prefix_path/moveit_hybrid_planning
[113.462s] -- Installing: /home/kush/UR5_Project_main/install/moveit_hybrid_planning/share/moveit_hybrid_planning/environment/ament_prefix_path.sh
[113.499s] -- Installing: /home/kush/UR5_Project_main/install/moveit_hybrid_planning/share/moveit_hybrid_planning/environment/ament_prefix_path.dsv
[113.535s] -- Installing: /home/kush/UR5_Project_main/install/moveit_hybrid_planning/share/moveit_hybrid_planning/environment/path.sh
[113.610s] -- Installing: /home/kush/UR5_Project_main/install/moveit_hybrid_planning/share/moveit_hybrid_planning/environment/path.dsv
[113.646s] -- Installing: /home/kush/UR5_Project_main/install/moveit_hybrid_planning/share/moveit_hybrid_planning/local_setup.bash
[113.658s] -- Installing: /home/kush/UR5_Project_main/install/moveit_hybrid_planning/share/moveit_hybrid_planning/local_setup.sh
[113.676s] -- Installing: /home/kush/UR5_Project_main/install/moveit_hybrid_planning/share/moveit_hybrid_planning/local_setup.zsh
[113.683s] -- Installing: /home/kush/UR5_Project_main/install/moveit_hybrid_planning/share/moveit_hybrid_planning/local_setup.dsv
[113.692s] -- Installing: /home/kush/UR5_Project_main/install/moveit_hybrid_planning/share/moveit_hybrid_planning/package.dsv
[113.813s] -- Installing: /home/kush/UR5_Project_main/install/moveit_hybrid_planning/share/ament_index/resource_index/packages/moveit_hybrid_planning
[113.891s] -- Installing: /home/kush/UR5_Project_main/install/moveit_hybrid_planning/share/ament_index/resource_index/moveit_hybrid_planning__pluginlib__plugin/moveit_hybrid_planning
[114.002s] -- Installing: /home/kush/UR5_Project_main/install/moveit_hybrid_planning/share/ament_index/resource_index/rclcpp_components/moveit_hybrid_planning
[114.127s] -- Installing: /home/kush/UR5_Project_main/install/moveit_hybrid_planning/share/moveit_hybrid_planning/cmake/export_moveit_hybrid_planningExport.cmake
[114.217s] -- Installing: /home/kush/UR5_Project_main/install/moveit_hybrid_planning/share/moveit_hybrid_planning/cmake/export_moveit_hybrid_planningExport-release.cmake
[114.260s] -- Installing: /home/kush/UR5_Project_main/install/moveit_hybrid_planning/share/moveit_hybrid_planning/cmake/ament_cmake_export_include_directories-extras.cmake
[114.290s] -- Installing: /home/kush/UR5_Project_main/install/moveit_hybrid_planning/share/moveit_hybrid_planning/cmake/ament_cmake_export_libraries-extras.cmake
[114.328s] -- Installing: /home/kush/UR5_Project_main/install/moveit_hybrid_planning/share/moveit_hybrid_planning/cmake/ament_cmake_export_dependencies-extras.cmake
[114.381s] -- Installing: /home/kush/UR5_Project_main/install/moveit_hybrid_planning/share/moveit_hybrid_planning/cmake/ament_cmake_export_targets-extras.cmake
[114.399s] -- Installing: /home/kush/UR5_Project_main/install/moveit_hybrid_planning/share/moveit_hybrid_planning/cmake/moveit_hybrid_planningConfig.cmake
[114.408s] -- Installing: /home/kush/UR5_Project_main/install/moveit_hybrid_planning/share/moveit_hybrid_planning/cmake/moveit_hybrid_planningConfig-version.cmake
[114.417s] -- Installing: /home/kush/UR5_Project_main/install/moveit_hybrid_planning/share/moveit_hybrid_planning/package.xml
[114.502s] Invoked command in '/home/kush/UR5_Project_main/build/moveit_hybrid_planning' returned '0': AMENT_PREFIX_PATH=/home/kush/UR5_Project_main/install/moveit_ros_planning_interface:/home/kush/UR5_Project_main/install/moveit_ros_move_group:/home/kush/UR5_Project_main/install/moveit_ros_warehouse:/home/kush/UR5_Project_main/install/moveit_planners_ompl:/home/kush/UR5_Project_main/install/moveit_kinematics:/home/kush/UR5_Project_main/install/moveit_ros_planning:/home/kush/UR5_Project_main/install/moveit_ros_occupancy_map_monitor:/home/kush/UR5_Project_main/install/moveit_core:/home/kush/UR5_Project_main/install/moveit_resources_panda_moveit_config:/home/kush/UR5_Project_main/install/srdfdom:/home/kush/UR5_Project_main/install/moveit_resources_panda_description:/home/kush/UR5_Project_main/install/moveit_common:${AMENT_PREFIX_PATH} CMAKE_PREFIX_PATH=/home/kush/UR5_Project_main/install/moveit_ros_planning_interface:/home/kush/UR5_Project_main/install/moveit_ros_move_group:/home/kush/UR5_Project_main/install/moveit_ros_warehouse:/home/kush/UR5_Project_main/install/moveit_planners_ompl:/home/kush/UR5_Project_main/install/moveit_kinematics:/home/kush/UR5_Project_main/install/moveit_ros_planning:/home/kush/UR5_Project_main/install/moveit_ros_occupancy_map_monitor:/home/kush/UR5_Project_main/install/moveit_core:/home/kush/UR5_Project_main/install/moveit_resources_panda_moveit_config:/home/kush/UR5_Project_main/install/srdfdom:/home/kush/UR5_Project_main/install/moveit_resources_panda_description:/home/kush/UR5_Project_main/install/moveit_common:/home/kush/ws_moveit2_ur5/install/ur_description:/home/kush/ws_moveit2_ur5/install/pilz_industrial_motion_planner_testutils:/home/kush/ws_moveit2_ur5/install/moveit_runtime:/home/kush/ws_moveit2_ur5/install/moveit2_tutorials:/home/kush/ws_moveit2_ur5/install/moveit:/home/kush/ws_moveit2_ur5/install/moveit_planners:/home/kush/ws_moveit2_ur5/install/pilz_industrial_motion_planner:/home/kush/ws_moveit2_ur5/install/moveit_visual_tools:/home/kush/ws_moveit2_ur5/install/moveit_task_constructor_visualization:/home/kush/ws_moveit2_ur5/install/moveit_task_constructor_demo:/home/kush/ws_moveit2_ur5/install/moveit_task_constructor_capabilities:/home/kush/ws_moveit2_ur5/install/moveit_task_constructor_core:/home/kush/ws_moveit2_ur5/install/moveit_ros_control_interface:/home/kush/ws_moveit2_ur5/install/moveit_plugins:/home/kush/ws_moveit2_ur5/install/moveit_simple_controller_manager:/home/kush/ws_moveit2_ur5/install/moveit_setup_assistant:/home/kush/ws_moveit2_ur5/install/moveit_setup_srdf_plugins:/home/kush/ws_moveit2_ur5/install/moveit_setup_core_plugins:/home/kush/ws_moveit2_ur5/install/moveit_setup_controllers:/home/kush/ws_moveit2_ur5/install/moveit_setup_app_plugins:/home/kush/ws_moveit2_ur5/install/moveit_setup_framework:/home/kush/ws_moveit2_ur5/install/moveit_servo:/home/kush/ws_moveit2_ur5/install/moveit_ros:/home/kush/ws_moveit2_ur5/install/moveit_ros_visualization:/home/kush/ws_moveit2_ur5/install/moveit_hybrid_planning:/home/kush/ws_moveit2_ur5/install/moveit_ros_planning_interface:/home/kush/ws_moveit2_ur5/install/moveit_ros_benchmarks:/home/kush/ws_moveit2_ur5/install/moveit_ros_warehouse:/home/kush/ws_moveit2_ur5/install/moveit_ros_robot_interaction:/home/kush/ws_moveit2_ur5/install/moveit_ros_perception:/home/kush/ws_moveit2_ur5/install/moveit_resources_prbt_pg70_support:/home/kush/ws_moveit2_ur5/install/moveit_resources_prbt_moveit_config:/home/kush/ws_moveit2_ur5/install/moveit_ros_move_group:/home/kush/ws_moveit2_ur5/install/moveit_planners_ompl:/home/kush/ws_moveit2_ur5/install/moveit_ros_planning:/home/kush/ws_moveit2_ur5/install/moveit_ros_occupancy_map_monitor:/home/kush/ws_moveit2_ur5/install/moveit_resources_prbt_ikfast_manipulator_plugin:/home/kush/ws_moveit2_ur5/install/moveit_planners_chomp:/home/kush/ws_moveit2_ur5/install/moveit_kinematics:/home/kush/ws_moveit2_ur5/install/moveit_chomp_optimizer_adapter:/home/kush/ws_moveit2_ur5/install/chomp_motion_planner:/home/kush/ws_moveit2_ur5/install/moveit_core:/home/kush/ws_moveit2_ur5/install/srdfdom:/home/kush/ws_moveit2_ur5/install/rviz_marker_tools:/home/kush/ws_moveit2_ur5/install/rosparam_shortcuts:/home/kush/ws_moveit2_ur5/install/moveit_task_constructor_msgs:/home/kush/ws_moveit2_ur5/install/moveit_resources_prbt_support:/home/kush/ws_moveit2_ur5/install/moveit_resources:/home/kush/ws_moveit2_ur5/install/moveit_resources_pr2_description:/home/kush/ws_moveit2_ur5/install/moveit_resources_panda_moveit_config:/home/kush/ws_moveit2_ur5/install/moveit_resources_panda_description:/home/kush/ws_moveit2_ur5/install/moveit_resources_fanuc_moveit_config:/home/kush/ws_moveit2_ur5/install/moveit_resources_fanuc_description:/home/kush/ws_moveit2_ur5/install/moveit_common:/home/kush/ws_moveit2_ur5/install/moveit_configs_utils:/home/kush/ws_moveit2_ur5/install/launch_param_builder:/opt/ros/humble LD_LIBRARY_PATH=/home/kush/UR5_Project_main/install/moveit_ros_planning_interface/lib:/home/kush/UR5_Project_main/install/moveit_ros_move_group/lib:/home/kush/UR5_Project_main/install/moveit_ros_warehouse/lib:/home/kush/UR5_Project_main/install/moveit_planners_ompl/lib:/home/kush/UR5_Project_main/install/moveit_kinematics/lib:/home/kush/UR5_Project_main/install/moveit_ros_planning/lib:/home/kush/UR5_Project_main/install/moveit_ros_occupancy_map_monitor/lib:/home/kush/UR5_Project_main/install/moveit_core/lib:/home/kush/UR5_Project_main/install/srdfdom/lib:${LD_LIBRARY_PATH} PATH=/home/kush/UR5_Project_main/install/moveit_core/bin:${PATH} PYTHONPATH=/home/kush/UR5_Project_main/install/srdfdom/local/lib/python3.10/dist-packages:${PYTHONPATH} /usr/bin/cmake --install /home/kush/UR5_Project_main/build/moveit_hybrid_planning
