[0.709s] Invoking command in '/home/kush/UR5_Project_main/build/moveit_task_constructor_core': AMENT_PREFIX_PATH=/home/kush/UR5_Project_main/install/moveit_planners:/home/kush/UR5_Project_main/install/pilz_industrial_motion_planner:/home/kush/UR5_Project_main/install/moveit_ros_planning_interface:/home/kush/UR5_Project_main/install/moveit_ros_move_group:/home/kush/UR5_Project_main/install/moveit_ros_warehouse:/home/kush/UR5_Project_main/install/moveit_planners_ompl:/home/kush/UR5_Project_main/install/moveit_kinematics:/home/kush/UR5_Project_main/install/moveit_ros_planning:/home/kush/UR5_Project_main/install/moveit_ros_occupancy_map_monitor:/home/kush/UR5_Project_main/install/moveit_core:/home/kush/UR5_Project_main/install/rviz_marker_tools:/home/kush/UR5_Project_main/install/moveit_configs_utils:/home/kush/UR5_Project_main/install/srdfdom:/home/kush/UR5_Project_main/install/moveit_task_constructor_msgs:/home/kush/UR5_Project_main/install/moveit_common:/home/kush/UR5_Project_main/install/launch_param_builder:${AMENT_PREFIX_PATH} CMAKE_PREFIX_PATH=/home/kush/UR5_Project_main/install/moveit_planners:/home/kush/UR5_Project_main/install/pilz_industrial_motion_planner:/home/kush/UR5_Project_main/install/moveit_ros_planning_interface:/home/kush/UR5_Project_main/install/moveit_ros_move_group:/home/kush/UR5_Project_main/install/moveit_ros_warehouse:/home/kush/UR5_Project_main/install/moveit_planners_ompl:/home/kush/UR5_Project_main/install/moveit_kinematics:/home/kush/UR5_Project_main/install/moveit_ros_planning:/home/kush/UR5_Project_main/install/moveit_ros_occupancy_map_monitor:/home/kush/UR5_Project_main/install/moveit_core:/home/kush/UR5_Project_main/install/rviz_marker_tools:/home/kush/UR5_Project_main/install/srdfdom:/home/kush/UR5_Project_main/install/moveit_task_constructor_msgs:/home/kush/UR5_Project_main/install/moveit_common:/home/kush/ws_moveit2_ur5/install/ur_description:/home/kush/ws_moveit2_ur5/install/pilz_industrial_motion_planner_testutils:/home/kush/ws_moveit2_ur5/install/moveit_runtime:/home/kush/ws_moveit2_ur5/install/moveit2_tutorials:/home/kush/ws_moveit2_ur5/install/moveit:/home/kush/ws_moveit2_ur5/install/moveit_planners:/home/kush/ws_moveit2_ur5/install/pilz_industrial_motion_planner:/home/kush/ws_moveit2_ur5/install/moveit_visual_tools:/home/kush/ws_moveit2_ur5/install/moveit_task_constructor_visualization:/home/kush/ws_moveit2_ur5/install/moveit_task_constructor_demo:/home/kush/ws_moveit2_ur5/install/moveit_task_constructor_capabilities:/home/kush/ws_moveit2_ur5/install/moveit_task_constructor_core:/home/kush/ws_moveit2_ur5/install/moveit_ros_control_interface:/home/kush/ws_moveit2_ur5/install/moveit_plugins:/home/kush/ws_moveit2_ur5/install/moveit_simple_controller_manager:/home/kush/ws_moveit2_ur5/install/moveit_setup_assistant:/home/kush/ws_moveit2_ur5/install/moveit_setup_srdf_plugins:/home/kush/ws_moveit2_ur5/install/moveit_setup_core_plugins:/home/kush/ws_moveit2_ur5/install/moveit_setup_controllers:/home/kush/ws_moveit2_ur5/install/moveit_setup_app_plugins:/home/kush/ws_moveit2_ur5/install/moveit_setup_framework:/home/kush/ws_moveit2_ur5/install/moveit_servo:/home/kush/ws_moveit2_ur5/install/moveit_ros:/home/kush/ws_moveit2_ur5/install/moveit_ros_visualization:/home/kush/ws_moveit2_ur5/install/moveit_hybrid_planning:/home/kush/ws_moveit2_ur5/install/moveit_ros_planning_interface:/home/kush/ws_moveit2_ur5/install/moveit_ros_benchmarks:/home/kush/ws_moveit2_ur5/install/moveit_ros_warehouse:/home/kush/ws_moveit2_ur5/install/moveit_ros_robot_interaction:/home/kush/ws_moveit2_ur5/install/moveit_ros_perception:/home/kush/ws_moveit2_ur5/install/moveit_resources_prbt_pg70_support:/home/kush/ws_moveit2_ur5/install/moveit_resources_prbt_moveit_config:/home/kush/ws_moveit2_ur5/install/moveit_ros_move_group:/home/kush/ws_moveit2_ur5/install/moveit_planners_ompl:/home/kush/ws_moveit2_ur5/install/moveit_ros_planning:/home/kush/ws_moveit2_ur5/install/moveit_ros_occupancy_map_monitor:/home/kush/ws_moveit2_ur5/install/moveit_resources_prbt_ikfast_manipulator_plugin:/home/kush/ws_moveit2_ur5/install/moveit_planners_chomp:/home/kush/ws_moveit2_ur5/install/moveit_kinematics:/home/kush/ws_moveit2_ur5/install/moveit_chomp_optimizer_adapter:/home/kush/ws_moveit2_ur5/install/chomp_motion_planner:/home/kush/ws_moveit2_ur5/install/moveit_core:/home/kush/ws_moveit2_ur5/install/srdfdom:/home/kush/ws_moveit2_ur5/install/rviz_marker_tools:/home/kush/ws_moveit2_ur5/install/rosparam_shortcuts:/home/kush/ws_moveit2_ur5/install/moveit_task_constructor_msgs:/home/kush/ws_moveit2_ur5/install/moveit_resources_prbt_support:/home/kush/ws_moveit2_ur5/install/moveit_resources:/home/kush/ws_moveit2_ur5/install/moveit_resources_pr2_description:/home/kush/ws_moveit2_ur5/install/moveit_resources_panda_moveit_config:/home/kush/ws_moveit2_ur5/install/moveit_resources_panda_description:/home/kush/ws_moveit2_ur5/install/moveit_resources_fanuc_moveit_config:/home/kush/ws_moveit2_ur5/install/moveit_resources_fanuc_description:/home/kush/ws_moveit2_ur5/install/moveit_common:/home/kush/ws_moveit2_ur5/install/moveit_configs_utils:/home/kush/ws_moveit2_ur5/install/launch_param_builder:/opt/ros/humble LD_LIBRARY_PATH=/home/kush/UR5_Project_main/install/pilz_industrial_motion_planner/lib:/home/kush/UR5_Project_main/install/moveit_ros_planning_interface/lib:/home/kush/UR5_Project_main/install/moveit_ros_move_group/lib:/home/kush/UR5_Project_main/install/moveit_ros_warehouse/lib:/home/kush/UR5_Project_main/install/moveit_planners_ompl/lib:/home/kush/UR5_Project_main/install/moveit_kinematics/lib:/home/kush/UR5_Project_main/install/moveit_ros_planning/lib:/home/kush/UR5_Project_main/install/moveit_ros_occupancy_map_monitor/lib:/home/kush/UR5_Project_main/install/moveit_core/lib:/home/kush/UR5_Project_main/install/rviz_marker_tools/lib:/home/kush/UR5_Project_main/install/srdfdom/lib:/home/kush/UR5_Project_main/install/moveit_task_constructor_msgs/lib:${LD_LIBRARY_PATH} PATH=/home/kush/UR5_Project_main/install/moveit_core/bin:${PATH} PYTHONPATH=/home/kush/UR5_Project_main/install/moveit_configs_utils/lib/python3.10/site-packages:/home/kush/UR5_Project_main/install/srdfdom/local/lib/python3.10/dist-packages:/home/kush/UR5_Project_main/install/moveit_task_constructor_msgs/local/lib/python3.10/dist-packages:/home/kush/UR5_Project_main/install/launch_param_builder/lib/python3.10/site-packages:${PYTHONPATH} /usr/bin/cmake --build /home/kush/UR5_Project_main/build/moveit_task_constructor_core -- -j4 -l4
[3.324s] [35m[1mConsolidate compiler generated dependencies of target moveit_task_constructor_core[0m
[3.527s] [ 21%] Built target moveit_task_constructor_core
[3.712s] [35m[1mConsolidate compiler generated dependencies of target gmock_main[0m
[3.743s] [ 23%] Built target gmock_main
[3.941s] [35m[1mConsolidate compiler generated dependencies of target gmock[0m
[3.997s] [ 27%] Built target gmock
[4.709s] [35m[1mConsolidate compiler generated dependencies of target moveit_task_constructor_core_stages[0m
[4.811s] [ 28%] [32mBuilding CXX object src/stages/CMakeFiles/moveit_task_constructor_core_stages.dir/fix_collision_objects.cpp.o[0m
[59.595s] [ 30%] [32mBuilding CXX object src/stages/CMakeFiles/moveit_task_constructor_core_stages.dir/current_state.cpp.o[0m
[85.611s] [ 31%] [32mBuilding CXX object src/stages/CMakeFiles/moveit_task_constructor_core_stages.dir/compute_ik.cpp.o[0m
[123.099s] [ 32%] [32mBuilding CXX object src/stages/CMakeFiles/moveit_task_constructor_core_stages.dir/passthrough.cpp.o[0m
[147.035s] [ 34%] [32mBuilding CXX object src/stages/CMakeFiles/moveit_task_constructor_core_stages.dir/predicate_filter.cpp.o[0m
[162.296s] [ 35%] [32mBuilding CXX object src/stages/CMakeFiles/moveit_task_constructor_core_stages.dir/connect.cpp.o[0m
[183.687s] [ 36%] [32mBuilding CXX object src/stages/CMakeFiles/moveit_task_constructor_core_stages.dir/move_to.cpp.o[0m
[211.150s] [ 38%] [32mBuilding CXX object src/stages/CMakeFiles/moveit_task_constructor_core_stages.dir/move_relative.cpp.o[0m
[256.069s] [ 39%] [32mBuilding CXX object src/stages/CMakeFiles/moveit_task_constructor_core_stages.dir/simple_grasp.cpp.o[0m
[285.330s] [ 40%] [32mBuilding CXX object src/stages/CMakeFiles/moveit_task_constructor_core_stages.dir/pick.cpp.o[0m
[308.568s] [ 42%] [32m[1mLinking CXX shared library libmoveit_task_constructor_core_stages.so[0m
[309.479s] [ 50%] Built target moveit_task_constructor_core_stages
[309.746s] [35m[1mConsolidate compiler generated dependencies of target gtest_utils[0m
[309.829s] [ 55%] Built target gtest_utils
[309.922s] [ 56%] [32mBuilding CXX object src/stages/CMakeFiles/moveit_task_constructor_core_stage_plugins.dir/plugins.cpp.o[0m
[314.056s] [ 57%] [32m[1mLinking CXX shared library libmoveit_task_constructor_core_stage_plugins.so[0m
[314.515s] [ 57%] Built target moveit_task_constructor_core_stage_plugins
[314.606s] [35m[1mConsolidate compiler generated dependencies of target gtest[0m
[314.653s] [ 60%] Built target gtest
[314.724s] [35m[1mConsolidate compiler generated dependencies of target gtest_main[0m
[314.767s] [ 63%] Built target gtest_main
[314.847s] [ 64%] [32mBuilding CXX object test/CMakeFiles/moveit_task_constructor_core-test-stage.dir/test_stage.cpp.o[0m
[335.449s] [ 65%] [32m[1mLinking CXX executable moveit_task_constructor_core-test-stage[0m
[336.637s] [ 65%] Built target moveit_task_constructor_core-test-stage
[336.728s] [ 67%] [32mBuilding CXX object test/CMakeFiles/moveit_task_constructor_core-test-pruning.dir/test_pruning.cpp.o[0m
[359.024s] [ 68%] [32m[1mLinking CXX executable moveit_task_constructor_core-test-pruning[0m
[359.865s] [ 68%] Built target moveit_task_constructor_core-test-pruning
[359.959s] [ 69%] [32mBuilding CXX object test/CMakeFiles/moveit_task_constructor_core-test-properties.dir/test_properties.cpp.o[0m
[367.046s] [ 71%] [32m[1mLinking CXX executable moveit_task_constructor_core-test-properties[0m
[367.906s] [ 71%] Built target moveit_task_constructor_core-test-properties
[367.995s] [ 72%] [32mBuilding CXX object test/CMakeFiles/moveit_task_constructor_core-test-cost-terms.dir/test_cost_terms.cpp.o[0m
[394.857s] [ 73%] [32m[1mLinking CXX executable moveit_task_constructor_core-test-cost-terms[0m
[395.965s] [ 73%] Built target moveit_task_constructor_core-test-cost-terms
[396.102s] [ 75%] [32mBuilding CXX object test/CMakeFiles/moveit_task_constructor_core-test-fallback.dir/test_fallback.cpp.o[0m
[421.207s] [ 76%] [32m[1mLinking CXX executable moveit_task_constructor_core-test-fallback[0m
[422.304s] [ 76%] Built target moveit_task_constructor_core-test-fallback
[422.387s] [ 77%] [32mBuilding CXX object test/CMakeFiles/moveit_task_constructor_core-test-cost-queue.dir/test_cost_queue.cpp.o[0m
[432.549s] [ 78%] [32mBuilding CXX object test/CMakeFiles/moveit_task_constructor_core-test-interface-state.dir/test_interface_state.cpp.o[0m
[434.746s] [ 80%] [32mBuilding CXX object test/CMakeFiles/moveit_task_constructor_core-test-serial.dir/test_serial.cpp.o[0m
[435.459s] [ 81%] [32m[1mLinking CXX executable moveit_task_constructor_core-test-cost-queue[0m
[437.689s] [ 81%] Built target moveit_task_constructor_core-test-cost-queue
[463.306s] [ 82%] [32m[1mLinking CXX executable moveit_task_constructor_core-test-interface-state[0m
[464.568s] [ 82%] Built target moveit_task_constructor_core-test-interface-state
[469.436s] [ 84%] [32m[1mLinking CXX executable moveit_task_constructor_core-test-serial[0m
[470.617s] [ 84%] Built target moveit_task_constructor_core-test-serial
[470.708s] [ 85%] [32mBuilding CXX object test/CMakeFiles/moveit_task_constructor_core-test-move-relative.dir/test_move_relative.cpp.o[0m
[495.471s] [ 86%] [32m[1mLinking CXX executable moveit_task_constructor_core-test-move-relative[0m
[496.587s] [ 86%] Built target moveit_task_constructor_core-test-move-relative
[496.674s] [ 88%] [32mBuilding CXX object test/CMakeFiles/pick_ur5.dir/pick_ur5.cpp.o[0m
[517.888s] [ 89%] [32m[1mLinking CXX executable pick_ur5[0m
[518.903s] [ 89%] Built target pick_ur5
[518.983s] [ 90%] [32mBuilding CXX object test/CMakeFiles/pick_pr2.dir/pick_pr2.cpp.o[0m
[538.948s] [ 92%] [32m[1mLinking CXX executable pick_pr2[0m
[539.721s] [ 92%] Built target pick_pr2
[539.788s] [ 93%] [32mBuilding CXX object test/CMakeFiles/pick_pa10.dir/pick_pa10.cpp.o[0m
[559.325s] [ 94%] [32m[1mLinking CXX executable pick_pa10[0m
[560.354s] [ 94%] Built target pick_pa10
[560.471s] [ 96%] [32mBuilding CXX object test/CMakeFiles/moveit_task_constructor_core-test-move-to.dir/test_move_to.cpp.o[0m
[584.882s] [ 97%] [32m[1mLinking CXX executable moveit_task_constructor_core-test-move-to[0m
[585.968s] [ 97%] Built target moveit_task_constructor_core-test-move-to
[586.066s] [ 98%] [32mBuilding CXX object test/CMakeFiles/moveit_task_constructor_core-test-container.dir/test_container.cpp.o[0m
[614.315s] [100%] [32m[1mLinking CXX executable moveit_task_constructor_core-test-container[0m
[615.200s] [100%] Built target moveit_task_constructor_core-test-container
[615.242s] Invoked command in '/home/kush/UR5_Project_main/build/moveit_task_constructor_core' returned '0': AMENT_PREFIX_PATH=/home/kush/UR5_Project_main/install/moveit_planners:/home/kush/UR5_Project_main/install/pilz_industrial_motion_planner:/home/kush/UR5_Project_main/install/moveit_ros_planning_interface:/home/kush/UR5_Project_main/install/moveit_ros_move_group:/home/kush/UR5_Project_main/install/moveit_ros_warehouse:/home/kush/UR5_Project_main/install/moveit_planners_ompl:/home/kush/UR5_Project_main/install/moveit_kinematics:/home/kush/UR5_Project_main/install/moveit_ros_planning:/home/kush/UR5_Project_main/install/moveit_ros_occupancy_map_monitor:/home/kush/UR5_Project_main/install/moveit_core:/home/kush/UR5_Project_main/install/rviz_marker_tools:/home/kush/UR5_Project_main/install/moveit_configs_utils:/home/kush/UR5_Project_main/install/srdfdom:/home/kush/UR5_Project_main/install/moveit_task_constructor_msgs:/home/kush/UR5_Project_main/install/moveit_common:/home/kush/UR5_Project_main/install/launch_param_builder:${AMENT_PREFIX_PATH} CMAKE_PREFIX_PATH=/home/kush/UR5_Project_main/install/moveit_planners:/home/kush/UR5_Project_main/install/pilz_industrial_motion_planner:/home/kush/UR5_Project_main/install/moveit_ros_planning_interface:/home/kush/UR5_Project_main/install/moveit_ros_move_group:/home/kush/UR5_Project_main/install/moveit_ros_warehouse:/home/kush/UR5_Project_main/install/moveit_planners_ompl:/home/kush/UR5_Project_main/install/moveit_kinematics:/home/kush/UR5_Project_main/install/moveit_ros_planning:/home/kush/UR5_Project_main/install/moveit_ros_occupancy_map_monitor:/home/kush/UR5_Project_main/install/moveit_core:/home/kush/UR5_Project_main/install/rviz_marker_tools:/home/kush/UR5_Project_main/install/srdfdom:/home/kush/UR5_Project_main/install/moveit_task_constructor_msgs:/home/kush/UR5_Project_main/install/moveit_common:/home/kush/ws_moveit2_ur5/install/ur_description:/home/kush/ws_moveit2_ur5/install/pilz_industrial_motion_planner_testutils:/home/kush/ws_moveit2_ur5/install/moveit_runtime:/home/kush/ws_moveit2_ur5/install/moveit2_tutorials:/home/kush/ws_moveit2_ur5/install/moveit:/home/kush/ws_moveit2_ur5/install/moveit_planners:/home/kush/ws_moveit2_ur5/install/pilz_industrial_motion_planner:/home/kush/ws_moveit2_ur5/install/moveit_visual_tools:/home/kush/ws_moveit2_ur5/install/moveit_task_constructor_visualization:/home/kush/ws_moveit2_ur5/install/moveit_task_constructor_demo:/home/kush/ws_moveit2_ur5/install/moveit_task_constructor_capabilities:/home/kush/ws_moveit2_ur5/install/moveit_task_constructor_core:/home/kush/ws_moveit2_ur5/install/moveit_ros_control_interface:/home/kush/ws_moveit2_ur5/install/moveit_plugins:/home/kush/ws_moveit2_ur5/install/moveit_simple_controller_manager:/home/kush/ws_moveit2_ur5/install/moveit_setup_assistant:/home/kush/ws_moveit2_ur5/install/moveit_setup_srdf_plugins:/home/kush/ws_moveit2_ur5/install/moveit_setup_core_plugins:/home/kush/ws_moveit2_ur5/install/moveit_setup_controllers:/home/kush/ws_moveit2_ur5/install/moveit_setup_app_plugins:/home/kush/ws_moveit2_ur5/install/moveit_setup_framework:/home/kush/ws_moveit2_ur5/install/moveit_servo:/home/kush/ws_moveit2_ur5/install/moveit_ros:/home/kush/ws_moveit2_ur5/install/moveit_ros_visualization:/home/kush/ws_moveit2_ur5/install/moveit_hybrid_planning:/home/kush/ws_moveit2_ur5/install/moveit_ros_planning_interface:/home/kush/ws_moveit2_ur5/install/moveit_ros_benchmarks:/home/kush/ws_moveit2_ur5/install/moveit_ros_warehouse:/home/kush/ws_moveit2_ur5/install/moveit_ros_robot_interaction:/home/kush/ws_moveit2_ur5/install/moveit_ros_perception:/home/kush/ws_moveit2_ur5/install/moveit_resources_prbt_pg70_support:/home/kush/ws_moveit2_ur5/install/moveit_resources_prbt_moveit_config:/home/kush/ws_moveit2_ur5/install/moveit_ros_move_group:/home/kush/ws_moveit2_ur5/install/moveit_planners_ompl:/home/kush/ws_moveit2_ur5/install/moveit_ros_planning:/home/kush/ws_moveit2_ur5/install/moveit_ros_occupancy_map_monitor:/home/kush/ws_moveit2_ur5/install/moveit_resources_prbt_ikfast_manipulator_plugin:/home/kush/ws_moveit2_ur5/install/moveit_planners_chomp:/home/kush/ws_moveit2_ur5/install/moveit_kinematics:/home/kush/ws_moveit2_ur5/install/moveit_chomp_optimizer_adapter:/home/kush/ws_moveit2_ur5/install/chomp_motion_planner:/home/kush/ws_moveit2_ur5/install/moveit_core:/home/kush/ws_moveit2_ur5/install/srdfdom:/home/kush/ws_moveit2_ur5/install/rviz_marker_tools:/home/kush/ws_moveit2_ur5/install/rosparam_shortcuts:/home/kush/ws_moveit2_ur5/install/moveit_task_constructor_msgs:/home/kush/ws_moveit2_ur5/install/moveit_resources_prbt_support:/home/kush/ws_moveit2_ur5/install/moveit_resources:/home/kush/ws_moveit2_ur5/install/moveit_resources_pr2_description:/home/kush/ws_moveit2_ur5/install/moveit_resources_panda_moveit_config:/home/kush/ws_moveit2_ur5/install/moveit_resources_panda_description:/home/kush/ws_moveit2_ur5/install/moveit_resources_fanuc_moveit_config:/home/kush/ws_moveit2_ur5/install/moveit_resources_fanuc_description:/home/kush/ws_moveit2_ur5/install/moveit_common:/home/kush/ws_moveit2_ur5/install/moveit_configs_utils:/home/kush/ws_moveit2_ur5/install/launch_param_builder:/opt/ros/humble LD_LIBRARY_PATH=/home/kush/UR5_Project_main/install/pilz_industrial_motion_planner/lib:/home/kush/UR5_Project_main/install/moveit_ros_planning_interface/lib:/home/kush/UR5_Project_main/install/moveit_ros_move_group/lib:/home/kush/UR5_Project_main/install/moveit_ros_warehouse/lib:/home/kush/UR5_Project_main/install/moveit_planners_ompl/lib:/home/kush/UR5_Project_main/install/moveit_kinematics/lib:/home/kush/UR5_Project_main/install/moveit_ros_planning/lib:/home/kush/UR5_Project_main/install/moveit_ros_occupancy_map_monitor/lib:/home/kush/UR5_Project_main/install/moveit_core/lib:/home/kush/UR5_Project_main/install/rviz_marker_tools/lib:/home/kush/UR5_Project_main/install/srdfdom/lib:/home/kush/UR5_Project_main/install/moveit_task_constructor_msgs/lib:${LD_LIBRARY_PATH} PATH=/home/kush/UR5_Project_main/install/moveit_core/bin:${PATH} PYTHONPATH=/home/kush/UR5_Project_main/install/moveit_configs_utils/lib/python3.10/site-packages:/home/kush/UR5_Project_main/install/srdfdom/local/lib/python3.10/dist-packages:/home/kush/UR5_Project_main/install/moveit_task_constructor_msgs/local/lib/python3.10/dist-packages:/home/kush/UR5_Project_main/install/launch_param_builder/lib/python3.10/site-packages:${PYTHONPATH} /usr/bin/cmake --build /home/kush/UR5_Project_main/build/moveit_task_constructor_core -- -j4 -l4
[615.423s] Invoking command in '/home/kush/UR5_Project_main/build/moveit_task_constructor_core': AMENT_PREFIX_PATH=/home/kush/UR5_Project_main/install/moveit_planners:/home/kush/UR5_Project_main/install/pilz_industrial_motion_planner:/home/kush/UR5_Project_main/install/moveit_ros_planning_interface:/home/kush/UR5_Project_main/install/moveit_ros_move_group:/home/kush/UR5_Project_main/install/moveit_ros_warehouse:/home/kush/UR5_Project_main/install/moveit_planners_ompl:/home/kush/UR5_Project_main/install/moveit_kinematics:/home/kush/UR5_Project_main/install/moveit_ros_planning:/home/kush/UR5_Project_main/install/moveit_ros_occupancy_map_monitor:/home/kush/UR5_Project_main/install/moveit_core:/home/kush/UR5_Project_main/install/rviz_marker_tools:/home/kush/UR5_Project_main/install/moveit_configs_utils:/home/kush/UR5_Project_main/install/srdfdom:/home/kush/UR5_Project_main/install/moveit_task_constructor_msgs:/home/kush/UR5_Project_main/install/moveit_common:/home/kush/UR5_Project_main/install/launch_param_builder:${AMENT_PREFIX_PATH} CMAKE_PREFIX_PATH=/home/kush/UR5_Project_main/install/moveit_planners:/home/kush/UR5_Project_main/install/pilz_industrial_motion_planner:/home/kush/UR5_Project_main/install/moveit_ros_planning_interface:/home/kush/UR5_Project_main/install/moveit_ros_move_group:/home/kush/UR5_Project_main/install/moveit_ros_warehouse:/home/kush/UR5_Project_main/install/moveit_planners_ompl:/home/kush/UR5_Project_main/install/moveit_kinematics:/home/kush/UR5_Project_main/install/moveit_ros_planning:/home/kush/UR5_Project_main/install/moveit_ros_occupancy_map_monitor:/home/kush/UR5_Project_main/install/moveit_core:/home/kush/UR5_Project_main/install/rviz_marker_tools:/home/kush/UR5_Project_main/install/srdfdom:/home/kush/UR5_Project_main/install/moveit_task_constructor_msgs:/home/kush/UR5_Project_main/install/moveit_common:/home/kush/ws_moveit2_ur5/install/ur_description:/home/kush/ws_moveit2_ur5/install/pilz_industrial_motion_planner_testutils:/home/kush/ws_moveit2_ur5/install/moveit_runtime:/home/kush/ws_moveit2_ur5/install/moveit2_tutorials:/home/kush/ws_moveit2_ur5/install/moveit:/home/kush/ws_moveit2_ur5/install/moveit_planners:/home/kush/ws_moveit2_ur5/install/pilz_industrial_motion_planner:/home/kush/ws_moveit2_ur5/install/moveit_visual_tools:/home/kush/ws_moveit2_ur5/install/moveit_task_constructor_visualization:/home/kush/ws_moveit2_ur5/install/moveit_task_constructor_demo:/home/kush/ws_moveit2_ur5/install/moveit_task_constructor_capabilities:/home/kush/ws_moveit2_ur5/install/moveit_task_constructor_core:/home/kush/ws_moveit2_ur5/install/moveit_ros_control_interface:/home/kush/ws_moveit2_ur5/install/moveit_plugins:/home/kush/ws_moveit2_ur5/install/moveit_simple_controller_manager:/home/kush/ws_moveit2_ur5/install/moveit_setup_assistant:/home/kush/ws_moveit2_ur5/install/moveit_setup_srdf_plugins:/home/kush/ws_moveit2_ur5/install/moveit_setup_core_plugins:/home/kush/ws_moveit2_ur5/install/moveit_setup_controllers:/home/kush/ws_moveit2_ur5/install/moveit_setup_app_plugins:/home/kush/ws_moveit2_ur5/install/moveit_setup_framework:/home/kush/ws_moveit2_ur5/install/moveit_servo:/home/kush/ws_moveit2_ur5/install/moveit_ros:/home/kush/ws_moveit2_ur5/install/moveit_ros_visualization:/home/kush/ws_moveit2_ur5/install/moveit_hybrid_planning:/home/kush/ws_moveit2_ur5/install/moveit_ros_planning_interface:/home/kush/ws_moveit2_ur5/install/moveit_ros_benchmarks:/home/kush/ws_moveit2_ur5/install/moveit_ros_warehouse:/home/kush/ws_moveit2_ur5/install/moveit_ros_robot_interaction:/home/kush/ws_moveit2_ur5/install/moveit_ros_perception:/home/kush/ws_moveit2_ur5/install/moveit_resources_prbt_pg70_support:/home/kush/ws_moveit2_ur5/install/moveit_resources_prbt_moveit_config:/home/kush/ws_moveit2_ur5/install/moveit_ros_move_group:/home/kush/ws_moveit2_ur5/install/moveit_planners_ompl:/home/kush/ws_moveit2_ur5/install/moveit_ros_planning:/home/kush/ws_moveit2_ur5/install/moveit_ros_occupancy_map_monitor:/home/kush/ws_moveit2_ur5/install/moveit_resources_prbt_ikfast_manipulator_plugin:/home/kush/ws_moveit2_ur5/install/moveit_planners_chomp:/home/kush/ws_moveit2_ur5/install/moveit_kinematics:/home/kush/ws_moveit2_ur5/install/moveit_chomp_optimizer_adapter:/home/kush/ws_moveit2_ur5/install/chomp_motion_planner:/home/kush/ws_moveit2_ur5/install/moveit_core:/home/kush/ws_moveit2_ur5/install/srdfdom:/home/kush/ws_moveit2_ur5/install/rviz_marker_tools:/home/kush/ws_moveit2_ur5/install/rosparam_shortcuts:/home/kush/ws_moveit2_ur5/install/moveit_task_constructor_msgs:/home/kush/ws_moveit2_ur5/install/moveit_resources_prbt_support:/home/kush/ws_moveit2_ur5/install/moveit_resources:/home/kush/ws_moveit2_ur5/install/moveit_resources_pr2_description:/home/kush/ws_moveit2_ur5/install/moveit_resources_panda_moveit_config:/home/kush/ws_moveit2_ur5/install/moveit_resources_panda_description:/home/kush/ws_moveit2_ur5/install/moveit_resources_fanuc_moveit_config:/home/kush/ws_moveit2_ur5/install/moveit_resources_fanuc_description:/home/kush/ws_moveit2_ur5/install/moveit_common:/home/kush/ws_moveit2_ur5/install/moveit_configs_utils:/home/kush/ws_moveit2_ur5/install/launch_param_builder:/opt/ros/humble LD_LIBRARY_PATH=/home/kush/UR5_Project_main/install/pilz_industrial_motion_planner/lib:/home/kush/UR5_Project_main/install/moveit_ros_planning_interface/lib:/home/kush/UR5_Project_main/install/moveit_ros_move_group/lib:/home/kush/UR5_Project_main/install/moveit_ros_warehouse/lib:/home/kush/UR5_Project_main/install/moveit_planners_ompl/lib:/home/kush/UR5_Project_main/install/moveit_kinematics/lib:/home/kush/UR5_Project_main/install/moveit_ros_planning/lib:/home/kush/UR5_Project_main/install/moveit_ros_occupancy_map_monitor/lib:/home/kush/UR5_Project_main/install/moveit_core/lib:/home/kush/UR5_Project_main/install/rviz_marker_tools/lib:/home/kush/UR5_Project_main/install/srdfdom/lib:/home/kush/UR5_Project_main/install/moveit_task_constructor_msgs/lib:${LD_LIBRARY_PATH} PATH=/home/kush/UR5_Project_main/install/moveit_core/bin:${PATH} PYTHONPATH=/home/kush/UR5_Project_main/install/moveit_configs_utils/lib/python3.10/site-packages:/home/kush/UR5_Project_main/install/srdfdom/local/lib/python3.10/dist-packages:/home/kush/UR5_Project_main/install/moveit_task_constructor_msgs/local/lib/python3.10/dist-packages:/home/kush/UR5_Project_main/install/launch_param_builder/lib/python3.10/site-packages:${PYTHONPATH} /usr/bin/cmake --install /home/kush/UR5_Project_main/build/moveit_task_constructor_core
[615.465s] -- Install configuration: "Release"
[615.466s] -- Installing: /home/kush/UR5_Project_main/install/moveit_task_constructor_core/include
[615.467s] -- Installing: /home/kush/UR5_Project_main/install/moveit_task_constructor_core/include/moveit
[615.467s] -- Installing: /home/kush/UR5_Project_main/install/moveit_task_constructor_core/include/moveit/python
[615.468s] -- Installing: /home/kush/UR5_Project_main/install/moveit_task_constructor_core/include/moveit/python/task_constructor
[615.468s] -- Installing: /home/kush/UR5_Project_main/install/moveit_task_constructor_core/include/moveit/python/task_constructor/properties.h
[615.483s] -- Installing: /home/kush/UR5_Project_main/install/moveit_task_constructor_core/include/moveit/python/python_tools
[615.483s] -- Installing: /home/kush/UR5_Project_main/install/moveit_task_constructor_core/include/moveit/python/python_tools/ros_types.h
[615.483s] -- Installing: /home/kush/UR5_Project_main/install/moveit_task_constructor_core/include/moveit/task_constructor
[615.484s] -- Installing: /home/kush/UR5_Project_main/install/moveit_task_constructor_core/include/moveit/task_constructor/moveit_compat.h
[615.485s] -- Installing: /home/kush/UR5_Project_main/install/moveit_task_constructor_core/include/moveit/task_constructor/merge.h
[615.486s] -- Installing: /home/kush/UR5_Project_main/install/moveit_task_constructor_core/include/moveit/task_constructor/storage.h
[615.486s] -- Installing: /home/kush/UR5_Project_main/install/moveit_task_constructor_core/include/moveit/task_constructor/solvers.h
[615.487s] -- Installing: /home/kush/UR5_Project_main/install/moveit_task_constructor_core/include/moveit/task_constructor/properties.h
[615.488s] -- Installing: /home/kush/UR5_Project_main/install/moveit_task_constructor_core/include/moveit/task_constructor/cost_terms.h
[615.488s] -- Installing: /home/kush/UR5_Project_main/install/moveit_task_constructor_core/include/moveit/task_constructor/container.h
[615.489s] -- Installing: /home/kush/UR5_Project_main/install/moveit_task_constructor_core/include/moveit/task_constructor/stage.h
[615.490s] -- Installing: /home/kush/UR5_Project_main/install/moveit_task_constructor_core/include/moveit/task_constructor/utils.h
[615.490s] -- Installing: /home/kush/UR5_Project_main/install/moveit_task_constructor_core/include/moveit/task_constructor/task.h
[615.491s] -- Installing: /home/kush/UR5_Project_main/install/moveit_task_constructor_core/include/moveit/task_constructor/marker_tools.h
[615.491s] -- Installing: /home/kush/UR5_Project_main/install/moveit_task_constructor_core/include/moveit/task_constructor/solvers
[615.492s] -- Installing: /home/kush/UR5_Project_main/install/moveit_task_constructor_core/include/moveit/task_constructor/solvers/pipeline_planner.h
[615.493s] -- Installing: /home/kush/UR5_Project_main/install/moveit_task_constructor_core/include/moveit/task_constructor/solvers/cartesian_path.h
[615.493s] -- Installing: /home/kush/UR5_Project_main/install/moveit_task_constructor_core/include/moveit/task_constructor/solvers/planner_interface.h
[615.495s] -- Installing: /home/kush/UR5_Project_main/install/moveit_task_constructor_core/include/moveit/task_constructor/solvers/multi_planner.h
[615.495s] -- Installing: /home/kush/UR5_Project_main/install/moveit_task_constructor_core/include/moveit/task_constructor/solvers/joint_interpolation.h
[615.496s] -- Installing: /home/kush/UR5_Project_main/install/moveit_task_constructor_core/include/moveit/task_constructor/stages.h
[615.497s] -- Installing: /home/kush/UR5_Project_main/install/moveit_task_constructor_core/include/moveit/task_constructor/cost_queue.h
[615.497s] -- Installing: /home/kush/UR5_Project_main/install/moveit_task_constructor_core/include/moveit/task_constructor/introspection.h
[615.498s] -- Installing: /home/kush/UR5_Project_main/install/moveit_task_constructor_core/include/moveit/task_constructor/stages
[615.498s] -- Installing: /home/kush/UR5_Project_main/install/moveit_task_constructor_core/include/moveit/task_constructor/stages/pick.h
[615.499s] -- Installing: /home/kush/UR5_Project_main/install/moveit_task_constructor_core/include/moveit/task_constructor/stages/passthrough.h
[615.499s] -- Installing: /home/kush/UR5_Project_main/install/moveit_task_constructor_core/include/moveit/task_constructor/stages/generate_pose.h
[615.500s] -- Installing: /home/kush/UR5_Project_main/install/moveit_task_constructor_core/include/moveit/task_constructor/stages/current_state.h
[615.500s] -- Installing: /home/kush/UR5_Project_main/install/moveit_task_constructor_core/include/moveit/task_constructor/stages/generate_place_pose.h
[615.501s] -- Installing: /home/kush/UR5_Project_main/install/moveit_task_constructor_core/include/moveit/task_constructor/stages/fixed_cartesian_poses.h
[615.502s] -- Installing: /home/kush/UR5_Project_main/install/moveit_task_constructor_core/include/moveit/task_constructor/stages/move_to.h
[615.502s] -- Installing: /home/kush/UR5_Project_main/install/moveit_task_constructor_core/include/moveit/task_constructor/stages/connect.h
[615.503s] -- Installing: /home/kush/UR5_Project_main/install/moveit_task_constructor_core/include/moveit/task_constructor/stages/compute_ik.h
[615.503s] -- Installing: /home/kush/UR5_Project_main/install/moveit_task_constructor_core/include/moveit/task_constructor/stages/fixed_state.h
[615.504s] -- Installing: /home/kush/UR5_Project_main/install/moveit_task_constructor_core/include/moveit/task_constructor/stages/move_relative.h
[615.504s] -- Installing: /home/kush/UR5_Project_main/install/moveit_task_constructor_core/include/moveit/task_constructor/stages/modify_planning_scene.h
[615.505s] -- Installing: /home/kush/UR5_Project_main/install/moveit_task_constructor_core/include/moveit/task_constructor/stages/fix_collision_objects.h
[615.505s] -- Installing: /home/kush/UR5_Project_main/install/moveit_task_constructor_core/include/moveit/task_constructor/stages/predicate_filter.h
[615.506s] -- Installing: /home/kush/UR5_Project_main/install/moveit_task_constructor_core/include/moveit/task_constructor/stages/generate_grasp_pose.h
[615.506s] -- Installing: /home/kush/UR5_Project_main/install/moveit_task_constructor_core/include/moveit/task_constructor/stages/simple_grasp.h
[615.507s] -- Installing: /home/kush/UR5_Project_main/install/moveit_task_constructor_core/include/moveit/task_constructor/type_traits.h
[615.508s] -- Installing: /home/kush/UR5_Project_main/install/moveit_task_constructor_core/share/moveit_task_constructor_core/motion_planning_stages_plugin_description.xml
[615.509s] -- Installing: /home/kush/UR5_Project_main/install/moveit_task_constructor_core/share/moveit_task_constructor_core/environment/library_path.sh
[615.509s] -- Installing: /home/kush/UR5_Project_main/install/moveit_task_constructor_core/share/moveit_task_constructor_core/environment/library_path.dsv
[615.525s] -- Installing: /home/kush/UR5_Project_main/install/moveit_task_constructor_core/share/ament_index/resource_index/package_run_dependencies/moveit_task_constructor_core
[615.527s] -- Installing: /home/kush/UR5_Project_main/install/moveit_task_constructor_core/share/ament_index/resource_index/parent_prefix_path/moveit_task_constructor_core
[615.530s] -- Installing: /home/kush/UR5_Project_main/install/moveit_task_constructor_core/share/moveit_task_constructor_core/environment/ament_prefix_path.sh
[615.531s] -- Installing: /home/kush/UR5_Project_main/install/moveit_task_constructor_core/share/moveit_task_constructor_core/environment/ament_prefix_path.dsv
[615.531s] -- Installing: /home/kush/UR5_Project_main/install/moveit_task_constructor_core/share/moveit_task_constructor_core/environment/path.sh
[615.531s] -- Installing: /home/kush/UR5_Project_main/install/moveit_task_constructor_core/share/moveit_task_constructor_core/environment/path.dsv
[615.531s] -- Installing: /home/kush/UR5_Project_main/install/moveit_task_constructor_core/share/moveit_task_constructor_core/local_setup.bash
[615.532s] -- Installing: /home/kush/UR5_Project_main/install/moveit_task_constructor_core/share/moveit_task_constructor_core/local_setup.sh
[615.532s] -- Installing: /home/kush/UR5_Project_main/install/moveit_task_constructor_core/share/moveit_task_constructor_core/local_setup.zsh
[615.533s] -- Installing: /home/kush/UR5_Project_main/install/moveit_task_constructor_core/share/moveit_task_constructor_core/local_setup.dsv
[615.534s] -- Installing: /home/kush/UR5_Project_main/install/moveit_task_constructor_core/share/moveit_task_constructor_core/package.dsv
[615.535s] -- Installing: /home/kush/UR5_Project_main/install/moveit_task_constructor_core/share/ament_index/resource_index/packages/moveit_task_constructor_core
[615.535s] -- Installing: /home/kush/UR5_Project_main/install/moveit_task_constructor_core/share/ament_index/resource_index/moveit_task_constructor_core__pluginlib__plugin/moveit_task_constructor_core
[615.536s] -- Installing: /home/kush/UR5_Project_main/install/moveit_task_constructor_core/share/moveit_task_constructor_core/cmake/moveit_task_constructor_coreTargetsExport.cmake
[615.537s] -- Installing: /home/kush/UR5_Project_main/install/moveit_task_constructor_core/share/moveit_task_constructor_core/cmake/moveit_task_constructor_coreTargetsExport-release.cmake
[615.537s] -- Installing: /home/kush/UR5_Project_main/install/moveit_task_constructor_core/share/moveit_task_constructor_core/cmake/ament_cmake_export_targets-extras.cmake
[615.538s] -- Installing: /home/kush/UR5_Project_main/install/moveit_task_constructor_core/share/moveit_task_constructor_core/cmake/ament_cmake_export_dependencies-extras.cmake
[615.538s] -- Installing: /home/kush/UR5_Project_main/install/moveit_task_constructor_core/share/moveit_task_constructor_core/cmake/moveit_task_constructor_coreConfig.cmake
[615.539s] -- Installing: /home/kush/UR5_Project_main/install/moveit_task_constructor_core/share/moveit_task_constructor_core/cmake/moveit_task_constructor_coreConfig-version.cmake
[615.540s] -- Installing: /home/kush/UR5_Project_main/install/moveit_task_constructor_core/share/moveit_task_constructor_core/package.xml
[615.541s] -- Installing: /home/kush/UR5_Project_main/install/moveit_task_constructor_core/lib/libmoveit_task_constructor_core.so
[615.580s] -- Set runtime path of "/home/kush/UR5_Project_main/install/moveit_task_constructor_core/lib/libmoveit_task_constructor_core.so" to ""
[615.581s] -- Installing: /home/kush/UR5_Project_main/install/moveit_task_constructor_core/lib/libmoveit_task_constructor_core_stages.so
[615.585s] -- Set runtime path of "/home/kush/UR5_Project_main/install/moveit_task_constructor_core/lib/libmoveit_task_constructor_core_stages.so" to ""
[615.586s] -- Installing: /home/kush/UR5_Project_main/install/moveit_task_constructor_core/lib/libmoveit_task_constructor_core_stage_plugins.so
[615.586s] -- Set runtime path of "/home/kush/UR5_Project_main/install/moveit_task_constructor_core/lib/libmoveit_task_constructor_core_stage_plugins.so" to ""
[615.612s] Invoked command in '/home/kush/UR5_Project_main/build/moveit_task_constructor_core' returned '0': AMENT_PREFIX_PATH=/home/kush/UR5_Project_main/install/moveit_planners:/home/kush/UR5_Project_main/install/pilz_industrial_motion_planner:/home/kush/UR5_Project_main/install/moveit_ros_planning_interface:/home/kush/UR5_Project_main/install/moveit_ros_move_group:/home/kush/UR5_Project_main/install/moveit_ros_warehouse:/home/kush/UR5_Project_main/install/moveit_planners_ompl:/home/kush/UR5_Project_main/install/moveit_kinematics:/home/kush/UR5_Project_main/install/moveit_ros_planning:/home/kush/UR5_Project_main/install/moveit_ros_occupancy_map_monitor:/home/kush/UR5_Project_main/install/moveit_core:/home/kush/UR5_Project_main/install/rviz_marker_tools:/home/kush/UR5_Project_main/install/moveit_configs_utils:/home/kush/UR5_Project_main/install/srdfdom:/home/kush/UR5_Project_main/install/moveit_task_constructor_msgs:/home/kush/UR5_Project_main/install/moveit_common:/home/kush/UR5_Project_main/install/launch_param_builder:${AMENT_PREFIX_PATH} CMAKE_PREFIX_PATH=/home/kush/UR5_Project_main/install/moveit_planners:/home/kush/UR5_Project_main/install/pilz_industrial_motion_planner:/home/kush/UR5_Project_main/install/moveit_ros_planning_interface:/home/kush/UR5_Project_main/install/moveit_ros_move_group:/home/kush/UR5_Project_main/install/moveit_ros_warehouse:/home/kush/UR5_Project_main/install/moveit_planners_ompl:/home/kush/UR5_Project_main/install/moveit_kinematics:/home/kush/UR5_Project_main/install/moveit_ros_planning:/home/kush/UR5_Project_main/install/moveit_ros_occupancy_map_monitor:/home/kush/UR5_Project_main/install/moveit_core:/home/kush/UR5_Project_main/install/rviz_marker_tools:/home/kush/UR5_Project_main/install/srdfdom:/home/kush/UR5_Project_main/install/moveit_task_constructor_msgs:/home/kush/UR5_Project_main/install/moveit_common:/home/kush/ws_moveit2_ur5/install/ur_description:/home/kush/ws_moveit2_ur5/install/pilz_industrial_motion_planner_testutils:/home/kush/ws_moveit2_ur5/install/moveit_runtime:/home/kush/ws_moveit2_ur5/install/moveit2_tutorials:/home/kush/ws_moveit2_ur5/install/moveit:/home/kush/ws_moveit2_ur5/install/moveit_planners:/home/kush/ws_moveit2_ur5/install/pilz_industrial_motion_planner:/home/kush/ws_moveit2_ur5/install/moveit_visual_tools:/home/kush/ws_moveit2_ur5/install/moveit_task_constructor_visualization:/home/kush/ws_moveit2_ur5/install/moveit_task_constructor_demo:/home/kush/ws_moveit2_ur5/install/moveit_task_constructor_capabilities:/home/kush/ws_moveit2_ur5/install/moveit_task_constructor_core:/home/kush/ws_moveit2_ur5/install/moveit_ros_control_interface:/home/kush/ws_moveit2_ur5/install/moveit_plugins:/home/kush/ws_moveit2_ur5/install/moveit_simple_controller_manager:/home/kush/ws_moveit2_ur5/install/moveit_setup_assistant:/home/kush/ws_moveit2_ur5/install/moveit_setup_srdf_plugins:/home/kush/ws_moveit2_ur5/install/moveit_setup_core_plugins:/home/kush/ws_moveit2_ur5/install/moveit_setup_controllers:/home/kush/ws_moveit2_ur5/install/moveit_setup_app_plugins:/home/kush/ws_moveit2_ur5/install/moveit_setup_framework:/home/kush/ws_moveit2_ur5/install/moveit_servo:/home/kush/ws_moveit2_ur5/install/moveit_ros:/home/kush/ws_moveit2_ur5/install/moveit_ros_visualization:/home/kush/ws_moveit2_ur5/install/moveit_hybrid_planning:/home/kush/ws_moveit2_ur5/install/moveit_ros_planning_interface:/home/kush/ws_moveit2_ur5/install/moveit_ros_benchmarks:/home/kush/ws_moveit2_ur5/install/moveit_ros_warehouse:/home/kush/ws_moveit2_ur5/install/moveit_ros_robot_interaction:/home/kush/ws_moveit2_ur5/install/moveit_ros_perception:/home/kush/ws_moveit2_ur5/install/moveit_resources_prbt_pg70_support:/home/kush/ws_moveit2_ur5/install/moveit_resources_prbt_moveit_config:/home/kush/ws_moveit2_ur5/install/moveit_ros_move_group:/home/kush/ws_moveit2_ur5/install/moveit_planners_ompl:/home/kush/ws_moveit2_ur5/install/moveit_ros_planning:/home/kush/ws_moveit2_ur5/install/moveit_ros_occupancy_map_monitor:/home/kush/ws_moveit2_ur5/install/moveit_resources_prbt_ikfast_manipulator_plugin:/home/kush/ws_moveit2_ur5/install/moveit_planners_chomp:/home/kush/ws_moveit2_ur5/install/moveit_kinematics:/home/kush/ws_moveit2_ur5/install/moveit_chomp_optimizer_adapter:/home/kush/ws_moveit2_ur5/install/chomp_motion_planner:/home/kush/ws_moveit2_ur5/install/moveit_core:/home/kush/ws_moveit2_ur5/install/srdfdom:/home/kush/ws_moveit2_ur5/install/rviz_marker_tools:/home/kush/ws_moveit2_ur5/install/rosparam_shortcuts:/home/kush/ws_moveit2_ur5/install/moveit_task_constructor_msgs:/home/kush/ws_moveit2_ur5/install/moveit_resources_prbt_support:/home/kush/ws_moveit2_ur5/install/moveit_resources:/home/kush/ws_moveit2_ur5/install/moveit_resources_pr2_description:/home/kush/ws_moveit2_ur5/install/moveit_resources_panda_moveit_config:/home/kush/ws_moveit2_ur5/install/moveit_resources_panda_description:/home/kush/ws_moveit2_ur5/install/moveit_resources_fanuc_moveit_config:/home/kush/ws_moveit2_ur5/install/moveit_resources_fanuc_description:/home/kush/ws_moveit2_ur5/install/moveit_common:/home/kush/ws_moveit2_ur5/install/moveit_configs_utils:/home/kush/ws_moveit2_ur5/install/launch_param_builder:/opt/ros/humble LD_LIBRARY_PATH=/home/kush/UR5_Project_main/install/pilz_industrial_motion_planner/lib:/home/kush/UR5_Project_main/install/moveit_ros_planning_interface/lib:/home/kush/UR5_Project_main/install/moveit_ros_move_group/lib:/home/kush/UR5_Project_main/install/moveit_ros_warehouse/lib:/home/kush/UR5_Project_main/install/moveit_planners_ompl/lib:/home/kush/UR5_Project_main/install/moveit_kinematics/lib:/home/kush/UR5_Project_main/install/moveit_ros_planning/lib:/home/kush/UR5_Project_main/install/moveit_ros_occupancy_map_monitor/lib:/home/kush/UR5_Project_main/install/moveit_core/lib:/home/kush/UR5_Project_main/install/rviz_marker_tools/lib:/home/kush/UR5_Project_main/install/srdfdom/lib:/home/kush/UR5_Project_main/install/moveit_task_constructor_msgs/lib:${LD_LIBRARY_PATH} PATH=/home/kush/UR5_Project_main/install/moveit_core/bin:${PATH} PYTHONPATH=/home/kush/UR5_Project_main/install/moveit_configs_utils/lib/python3.10/site-packages:/home/kush/UR5_Project_main/install/srdfdom/local/lib/python3.10/dist-packages:/home/kush/UR5_Project_main/install/moveit_task_constructor_msgs/local/lib/python3.10/dist-packages:/home/kush/UR5_Project_main/install/launch_param_builder/lib/python3.10/site-packages:${PYTHONPATH} /usr/bin/cmake --install /home/kush/UR5_Project_main/build/moveit_task_constructor_core
