[0.280s] Invoking command in '/home/kush/UR5_Project_main/build/moveit_ros_visualization': AMENT_PREFIX_PATH=/home/kush/UR5_Project_main/install/moveit_ros_planning_interface:/home/kush/UR5_Project_main/install/moveit_ros_move_group:/home/kush/UR5_Project_main/install/moveit_ros_warehouse:/home/kush/UR5_Project_main/install/moveit_ros_robot_interaction:/home/kush/UR5_Project_main/install/moveit_kinematics:/home/kush/UR5_Project_main/install/moveit_ros_planning:/home/kush/UR5_Project_main/install/moveit_ros_occupancy_map_monitor:/home/kush/UR5_Project_main/install/moveit_core:/home/kush/UR5_Project_main/install/srdfdom:/home/kush/UR5_Project_main/install/moveit_common:${AMENT_PREFIX_PATH} CMAKE_PREFIX_PATH=/home/kush/UR5_Project_main/install/moveit_ros_planning_interface:/home/kush/UR5_Project_main/install/moveit_ros_move_group:/home/kush/UR5_Project_main/install/moveit_ros_warehouse:/home/kush/UR5_Project_main/install/moveit_ros_robot_interaction:/home/kush/UR5_Project_main/install/moveit_kinematics:/home/kush/UR5_Project_main/install/moveit_ros_planning:/home/kush/UR5_Project_main/install/moveit_ros_occupancy_map_monitor:/home/kush/UR5_Project_main/install/moveit_core:/home/kush/UR5_Project_main/install/srdfdom:/home/kush/UR5_Project_main/install/moveit_common:/home/kush/ws_moveit2_ur5/install/ur_description:/home/kush/ws_moveit2_ur5/install/pilz_industrial_motion_planner_testutils:/home/kush/ws_moveit2_ur5/install/moveit_runtime:/home/kush/ws_moveit2_ur5/install/moveit2_tutorials:/home/kush/ws_moveit2_ur5/install/moveit:/home/kush/ws_moveit2_ur5/install/moveit_planners:/home/kush/ws_moveit2_ur5/install/pilz_industrial_motion_planner:/home/kush/ws_moveit2_ur5/install/moveit_visual_tools:/home/kush/ws_moveit2_ur5/install/moveit_task_constructor_visualization:/home/kush/ws_moveit2_ur5/install/moveit_task_constructor_demo:/home/kush/ws_moveit2_ur5/install/moveit_task_constructor_capabilities:/home/kush/ws_moveit2_ur5/install/moveit_task_constructor_core:/home/kush/ws_moveit2_ur5/install/moveit_ros_control_interface:/home/kush/ws_moveit2_ur5/install/moveit_plugins:/home/kush/ws_moveit2_ur5/install/moveit_simple_controller_manager:/home/kush/ws_moveit2_ur5/install/moveit_setup_assistant:/home/kush/ws_moveit2_ur5/install/moveit_setup_srdf_plugins:/home/kush/ws_moveit2_ur5/install/moveit_setup_core_plugins:/home/kush/ws_moveit2_ur5/install/moveit_setup_controllers:/home/kush/ws_moveit2_ur5/install/moveit_setup_app_plugins:/home/kush/ws_moveit2_ur5/install/moveit_setup_framework:/home/kush/ws_moveit2_ur5/install/moveit_servo:/home/kush/ws_moveit2_ur5/install/moveit_ros:/home/kush/ws_moveit2_ur5/install/moveit_ros_visualization:/home/kush/ws_moveit2_ur5/install/moveit_hybrid_planning:/home/kush/ws_moveit2_ur5/install/moveit_ros_planning_interface:/home/kush/ws_moveit2_ur5/install/moveit_ros_benchmarks:/home/kush/ws_moveit2_ur5/install/moveit_ros_warehouse:/home/kush/ws_moveit2_ur5/install/moveit_ros_robot_interaction:/home/kush/ws_moveit2_ur5/install/moveit_ros_perception:/home/kush/ws_moveit2_ur5/install/moveit_resources_prbt_pg70_support:/home/kush/ws_moveit2_ur5/install/moveit_resources_prbt_moveit_config:/home/kush/ws_moveit2_ur5/install/moveit_ros_move_group:/home/kush/ws_moveit2_ur5/install/moveit_planners_ompl:/home/kush/ws_moveit2_ur5/install/moveit_ros_planning:/home/kush/ws_moveit2_ur5/install/moveit_ros_occupancy_map_monitor:/home/kush/ws_moveit2_ur5/install/moveit_resources_prbt_ikfast_manipulator_plugin:/home/kush/ws_moveit2_ur5/install/moveit_planners_chomp:/home/kush/ws_moveit2_ur5/install/moveit_kinematics:/home/kush/ws_moveit2_ur5/install/moveit_chomp_optimizer_adapter:/home/kush/ws_moveit2_ur5/install/chomp_motion_planner:/home/kush/ws_moveit2_ur5/install/moveit_core:/home/kush/ws_moveit2_ur5/install/srdfdom:/home/kush/ws_moveit2_ur5/install/rviz_marker_tools:/home/kush/ws_moveit2_ur5/install/rosparam_shortcuts:/home/kush/ws_moveit2_ur5/install/moveit_task_constructor_msgs:/home/kush/ws_moveit2_ur5/install/moveit_resources_prbt_support:/home/kush/ws_moveit2_ur5/install/moveit_resources:/home/kush/ws_moveit2_ur5/install/moveit_resources_pr2_description:/home/kush/ws_moveit2_ur5/install/moveit_resources_panda_moveit_config:/home/kush/ws_moveit2_ur5/install/moveit_resources_panda_description:/home/kush/ws_moveit2_ur5/install/moveit_resources_fanuc_moveit_config:/home/kush/ws_moveit2_ur5/install/moveit_resources_fanuc_description:/home/kush/ws_moveit2_ur5/install/moveit_common:/home/kush/ws_moveit2_ur5/install/moveit_configs_utils:/home/kush/ws_moveit2_ur5/install/launch_param_builder:/opt/ros/humble LD_LIBRARY_PATH=/home/kush/UR5_Project_main/install/moveit_ros_planning_interface/lib:/home/kush/UR5_Project_main/install/moveit_ros_move_group/lib:/home/kush/UR5_Project_main/install/moveit_ros_warehouse/lib:/home/kush/UR5_Project_main/install/moveit_ros_robot_interaction/lib:/home/kush/UR5_Project_main/install/moveit_kinematics/lib:/home/kush/UR5_Project_main/install/moveit_ros_planning/lib:/home/kush/UR5_Project_main/install/moveit_ros_occupancy_map_monitor/lib:/home/kush/UR5_Project_main/install/moveit_core/lib:/home/kush/UR5_Project_main/install/srdfdom/lib:${LD_LIBRARY_PATH} PATH=/home/kush/UR5_Project_main/install/moveit_core/bin:${PATH} PYTHONPATH=/home/kush/UR5_Project_main/install/srdfdom/local/lib/python3.10/dist-packages:${PYTHONPATH} /usr/bin/cmake --build /home/kush/UR5_Project_main/build/moveit_ros_visualization -- -j4 -l4
[0.907s] [  1%] [34m[1mAutomatic MOC for target moveit_rviz_plugin_render_tools[0m
[1.367s] [  1%] Built target moveit_rviz_plugin_render_tools_autogen
[2.481s] [ 18%] Built target moveit_rviz_plugin_render_tools
[2.596s] [ 20%] [34m[1mAutomatic MOC for target moveit_robot_state_rviz_plugin_core[0m
[2.779s] [ 20%] Built target moveit_robot_state_rviz_plugin_core_autogen
[3.013s] [ 22%] [34m[1mAutomatic MOC for target moveit_planning_scene_rviz_plugin_core[0m
[3.132s] [ 22%] Built target moveit_planning_scene_rviz_plugin_core_autogen
[3.506s] [ 27%] Built target moveit_robot_state_rviz_plugin_core
[4.055s] [35m[1mConsolidate compiler generated dependencies of target moveit_planning_scene_rviz_plugin_core[0m
[4.186s] [ 34%] Built target moveit_planning_scene_rviz_plugin_core
[4.328s] [ 36%] [34m[1mAutomatic MOC for target moveit_robot_state_rviz_plugin[0m
[4.581s] [ 36%] Built target moveit_robot_state_rviz_plugin_autogen
[4.674s] [ 37%] [34m[1mAutomatic MOC for target moveit_trajectory_rviz_plugin_core[0m
[4.797s] [ 37%] Built target moveit_trajectory_rviz_plugin_core_autogen
[5.024s] [35m[1mConsolidate compiler generated dependencies of target moveit_robot_state_rviz_plugin[0m
[5.121s] [ 43%] Built target moveit_robot_state_rviz_plugin
[5.358s] [35m[1mConsolidate compiler generated dependencies of target moveit_trajectory_rviz_plugin_core[0m
[5.431s] [ 48%] Built target moveit_trajectory_rviz_plugin_core
[5.557s] [ 50%] [34m[1mAutomatic MOC for target moveit_planning_scene_rviz_plugin[0m
[5.679s] [ 50%] Built target moveit_planning_scene_rviz_plugin_autogen
[5.778s] [ 51%] [34m[1mAutomatic MOC for target moveit_trajectory_rviz_plugin[0m
[5.946s] [ 51%] Built target moveit_trajectory_rviz_plugin_autogen
[6.133s] [35m[1mConsolidate compiler generated dependencies of target moveit_planning_scene_rviz_plugin[0m
[6.237s] [ 56%] Built target moveit_planning_scene_rviz_plugin
[6.457s] [35m[1mConsolidate compiler generated dependencies of target moveit_trajectory_rviz_plugin[0m
[6.530s] [ 62%] Built target moveit_trajectory_rviz_plugin
[6.646s] [ 63%] [34m[1mAutomatic MOC for target moveit_motion_planning_rviz_plugin_core[0m
[6.895s] [ 63%] Built target moveit_motion_planning_rviz_plugin_core_autogen
[7.799s] [35m[1mConsolidate compiler generated dependencies of target moveit_motion_planning_rviz_plugin_core[0m
[8.192s] [ 93%] Built target moveit_motion_planning_rviz_plugin_core
[8.311s] [ 94%] [34m[1mAutomatic MOC for target moveit_motion_planning_rviz_plugin[0m
[8.409s] [ 94%] Built target moveit_motion_planning_rviz_plugin_autogen
[8.550s] [35m[1mConsolidate compiler generated dependencies of target moveit_motion_planning_rviz_plugin[0m
[8.654s] [100%] Built target moveit_motion_planning_rviz_plugin
[8.692s] Invoked command in '/home/kush/UR5_Project_main/build/moveit_ros_visualization' returned '0': AMENT_PREFIX_PATH=/home/kush/UR5_Project_main/install/moveit_ros_planning_interface:/home/kush/UR5_Project_main/install/moveit_ros_move_group:/home/kush/UR5_Project_main/install/moveit_ros_warehouse:/home/kush/UR5_Project_main/install/moveit_ros_robot_interaction:/home/kush/UR5_Project_main/install/moveit_kinematics:/home/kush/UR5_Project_main/install/moveit_ros_planning:/home/kush/UR5_Project_main/install/moveit_ros_occupancy_map_monitor:/home/kush/UR5_Project_main/install/moveit_core:/home/kush/UR5_Project_main/install/srdfdom:/home/kush/UR5_Project_main/install/moveit_common:${AMENT_PREFIX_PATH} CMAKE_PREFIX_PATH=/home/kush/UR5_Project_main/install/moveit_ros_planning_interface:/home/kush/UR5_Project_main/install/moveit_ros_move_group:/home/kush/UR5_Project_main/install/moveit_ros_warehouse:/home/kush/UR5_Project_main/install/moveit_ros_robot_interaction:/home/kush/UR5_Project_main/install/moveit_kinematics:/home/kush/UR5_Project_main/install/moveit_ros_planning:/home/kush/UR5_Project_main/install/moveit_ros_occupancy_map_monitor:/home/kush/UR5_Project_main/install/moveit_core:/home/kush/UR5_Project_main/install/srdfdom:/home/kush/UR5_Project_main/install/moveit_common:/home/kush/ws_moveit2_ur5/install/ur_description:/home/kush/ws_moveit2_ur5/install/pilz_industrial_motion_planner_testutils:/home/kush/ws_moveit2_ur5/install/moveit_runtime:/home/kush/ws_moveit2_ur5/install/moveit2_tutorials:/home/kush/ws_moveit2_ur5/install/moveit:/home/kush/ws_moveit2_ur5/install/moveit_planners:/home/kush/ws_moveit2_ur5/install/pilz_industrial_motion_planner:/home/kush/ws_moveit2_ur5/install/moveit_visual_tools:/home/kush/ws_moveit2_ur5/install/moveit_task_constructor_visualization:/home/kush/ws_moveit2_ur5/install/moveit_task_constructor_demo:/home/kush/ws_moveit2_ur5/install/moveit_task_constructor_capabilities:/home/kush/ws_moveit2_ur5/install/moveit_task_constructor_core:/home/kush/ws_moveit2_ur5/install/moveit_ros_control_interface:/home/kush/ws_moveit2_ur5/install/moveit_plugins:/home/kush/ws_moveit2_ur5/install/moveit_simple_controller_manager:/home/kush/ws_moveit2_ur5/install/moveit_setup_assistant:/home/kush/ws_moveit2_ur5/install/moveit_setup_srdf_plugins:/home/kush/ws_moveit2_ur5/install/moveit_setup_core_plugins:/home/kush/ws_moveit2_ur5/install/moveit_setup_controllers:/home/kush/ws_moveit2_ur5/install/moveit_setup_app_plugins:/home/kush/ws_moveit2_ur5/install/moveit_setup_framework:/home/kush/ws_moveit2_ur5/install/moveit_servo:/home/kush/ws_moveit2_ur5/install/moveit_ros:/home/kush/ws_moveit2_ur5/install/moveit_ros_visualization:/home/kush/ws_moveit2_ur5/install/moveit_hybrid_planning:/home/kush/ws_moveit2_ur5/install/moveit_ros_planning_interface:/home/kush/ws_moveit2_ur5/install/moveit_ros_benchmarks:/home/kush/ws_moveit2_ur5/install/moveit_ros_warehouse:/home/kush/ws_moveit2_ur5/install/moveit_ros_robot_interaction:/home/kush/ws_moveit2_ur5/install/moveit_ros_perception:/home/kush/ws_moveit2_ur5/install/moveit_resources_prbt_pg70_support:/home/kush/ws_moveit2_ur5/install/moveit_resources_prbt_moveit_config:/home/kush/ws_moveit2_ur5/install/moveit_ros_move_group:/home/kush/ws_moveit2_ur5/install/moveit_planners_ompl:/home/kush/ws_moveit2_ur5/install/moveit_ros_planning:/home/kush/ws_moveit2_ur5/install/moveit_ros_occupancy_map_monitor:/home/kush/ws_moveit2_ur5/install/moveit_resources_prbt_ikfast_manipulator_plugin:/home/kush/ws_moveit2_ur5/install/moveit_planners_chomp:/home/kush/ws_moveit2_ur5/install/moveit_kinematics:/home/kush/ws_moveit2_ur5/install/moveit_chomp_optimizer_adapter:/home/kush/ws_moveit2_ur5/install/chomp_motion_planner:/home/kush/ws_moveit2_ur5/install/moveit_core:/home/kush/ws_moveit2_ur5/install/srdfdom:/home/kush/ws_moveit2_ur5/install/rviz_marker_tools:/home/kush/ws_moveit2_ur5/install/rosparam_shortcuts:/home/kush/ws_moveit2_ur5/install/moveit_task_constructor_msgs:/home/kush/ws_moveit2_ur5/install/moveit_resources_prbt_support:/home/kush/ws_moveit2_ur5/install/moveit_resources:/home/kush/ws_moveit2_ur5/install/moveit_resources_pr2_description:/home/kush/ws_moveit2_ur5/install/moveit_resources_panda_moveit_config:/home/kush/ws_moveit2_ur5/install/moveit_resources_panda_description:/home/kush/ws_moveit2_ur5/install/moveit_resources_fanuc_moveit_config:/home/kush/ws_moveit2_ur5/install/moveit_resources_fanuc_description:/home/kush/ws_moveit2_ur5/install/moveit_common:/home/kush/ws_moveit2_ur5/install/moveit_configs_utils:/home/kush/ws_moveit2_ur5/install/launch_param_builder:/opt/ros/humble LD_LIBRARY_PATH=/home/kush/UR5_Project_main/install/moveit_ros_planning_interface/lib:/home/kush/UR5_Project_main/install/moveit_ros_move_group/lib:/home/kush/UR5_Project_main/install/moveit_ros_warehouse/lib:/home/kush/UR5_Project_main/install/moveit_ros_robot_interaction/lib:/home/kush/UR5_Project_main/install/moveit_kinematics/lib:/home/kush/UR5_Project_main/install/moveit_ros_planning/lib:/home/kush/UR5_Project_main/install/moveit_ros_occupancy_map_monitor/lib:/home/kush/UR5_Project_main/install/moveit_core/lib:/home/kush/UR5_Project_main/install/srdfdom/lib:${LD_LIBRARY_PATH} PATH=/home/kush/UR5_Project_main/install/moveit_core/bin:${PATH} PYTHONPATH=/home/kush/UR5_Project_main/install/srdfdom/local/lib/python3.10/dist-packages:${PYTHONPATH} /usr/bin/cmake --build /home/kush/UR5_Project_main/build/moveit_ros_visualization -- -j4 -l4
[8.838s] Invoking command in '/home/kush/UR5_Project_main/build/moveit_ros_visualization': AMENT_PREFIX_PATH=/home/kush/UR5_Project_main/install/moveit_ros_planning_interface:/home/kush/UR5_Project_main/install/moveit_ros_move_group:/home/kush/UR5_Project_main/install/moveit_ros_warehouse:/home/kush/UR5_Project_main/install/moveit_ros_robot_interaction:/home/kush/UR5_Project_main/install/moveit_kinematics:/home/kush/UR5_Project_main/install/moveit_ros_planning:/home/kush/UR5_Project_main/install/moveit_ros_occupancy_map_monitor:/home/kush/UR5_Project_main/install/moveit_core:/home/kush/UR5_Project_main/install/srdfdom:/home/kush/UR5_Project_main/install/moveit_common:${AMENT_PREFIX_PATH} CMAKE_PREFIX_PATH=/home/kush/UR5_Project_main/install/moveit_ros_planning_interface:/home/kush/UR5_Project_main/install/moveit_ros_move_group:/home/kush/UR5_Project_main/install/moveit_ros_warehouse:/home/kush/UR5_Project_main/install/moveit_ros_robot_interaction:/home/kush/UR5_Project_main/install/moveit_kinematics:/home/kush/UR5_Project_main/install/moveit_ros_planning:/home/kush/UR5_Project_main/install/moveit_ros_occupancy_map_monitor:/home/kush/UR5_Project_main/install/moveit_core:/home/kush/UR5_Project_main/install/srdfdom:/home/kush/UR5_Project_main/install/moveit_common:/home/kush/ws_moveit2_ur5/install/ur_description:/home/kush/ws_moveit2_ur5/install/pilz_industrial_motion_planner_testutils:/home/kush/ws_moveit2_ur5/install/moveit_runtime:/home/kush/ws_moveit2_ur5/install/moveit2_tutorials:/home/kush/ws_moveit2_ur5/install/moveit:/home/kush/ws_moveit2_ur5/install/moveit_planners:/home/kush/ws_moveit2_ur5/install/pilz_industrial_motion_planner:/home/kush/ws_moveit2_ur5/install/moveit_visual_tools:/home/kush/ws_moveit2_ur5/install/moveit_task_constructor_visualization:/home/kush/ws_moveit2_ur5/install/moveit_task_constructor_demo:/home/kush/ws_moveit2_ur5/install/moveit_task_constructor_capabilities:/home/kush/ws_moveit2_ur5/install/moveit_task_constructor_core:/home/kush/ws_moveit2_ur5/install/moveit_ros_control_interface:/home/kush/ws_moveit2_ur5/install/moveit_plugins:/home/kush/ws_moveit2_ur5/install/moveit_simple_controller_manager:/home/kush/ws_moveit2_ur5/install/moveit_setup_assistant:/home/kush/ws_moveit2_ur5/install/moveit_setup_srdf_plugins:/home/kush/ws_moveit2_ur5/install/moveit_setup_core_plugins:/home/kush/ws_moveit2_ur5/install/moveit_setup_controllers:/home/kush/ws_moveit2_ur5/install/moveit_setup_app_plugins:/home/kush/ws_moveit2_ur5/install/moveit_setup_framework:/home/kush/ws_moveit2_ur5/install/moveit_servo:/home/kush/ws_moveit2_ur5/install/moveit_ros:/home/kush/ws_moveit2_ur5/install/moveit_ros_visualization:/home/kush/ws_moveit2_ur5/install/moveit_hybrid_planning:/home/kush/ws_moveit2_ur5/install/moveit_ros_planning_interface:/home/kush/ws_moveit2_ur5/install/moveit_ros_benchmarks:/home/kush/ws_moveit2_ur5/install/moveit_ros_warehouse:/home/kush/ws_moveit2_ur5/install/moveit_ros_robot_interaction:/home/kush/ws_moveit2_ur5/install/moveit_ros_perception:/home/kush/ws_moveit2_ur5/install/moveit_resources_prbt_pg70_support:/home/kush/ws_moveit2_ur5/install/moveit_resources_prbt_moveit_config:/home/kush/ws_moveit2_ur5/install/moveit_ros_move_group:/home/kush/ws_moveit2_ur5/install/moveit_planners_ompl:/home/kush/ws_moveit2_ur5/install/moveit_ros_planning:/home/kush/ws_moveit2_ur5/install/moveit_ros_occupancy_map_monitor:/home/kush/ws_moveit2_ur5/install/moveit_resources_prbt_ikfast_manipulator_plugin:/home/kush/ws_moveit2_ur5/install/moveit_planners_chomp:/home/kush/ws_moveit2_ur5/install/moveit_kinematics:/home/kush/ws_moveit2_ur5/install/moveit_chomp_optimizer_adapter:/home/kush/ws_moveit2_ur5/install/chomp_motion_planner:/home/kush/ws_moveit2_ur5/install/moveit_core:/home/kush/ws_moveit2_ur5/install/srdfdom:/home/kush/ws_moveit2_ur5/install/rviz_marker_tools:/home/kush/ws_moveit2_ur5/install/rosparam_shortcuts:/home/kush/ws_moveit2_ur5/install/moveit_task_constructor_msgs:/home/kush/ws_moveit2_ur5/install/moveit_resources_prbt_support:/home/kush/ws_moveit2_ur5/install/moveit_resources:/home/kush/ws_moveit2_ur5/install/moveit_resources_pr2_description:/home/kush/ws_moveit2_ur5/install/moveit_resources_panda_moveit_config:/home/kush/ws_moveit2_ur5/install/moveit_resources_panda_description:/home/kush/ws_moveit2_ur5/install/moveit_resources_fanuc_moveit_config:/home/kush/ws_moveit2_ur5/install/moveit_resources_fanuc_description:/home/kush/ws_moveit2_ur5/install/moveit_common:/home/kush/ws_moveit2_ur5/install/moveit_configs_utils:/home/kush/ws_moveit2_ur5/install/launch_param_builder:/opt/ros/humble LD_LIBRARY_PATH=/home/kush/UR5_Project_main/install/moveit_ros_planning_interface/lib:/home/kush/UR5_Project_main/install/moveit_ros_move_group/lib:/home/kush/UR5_Project_main/install/moveit_ros_warehouse/lib:/home/kush/UR5_Project_main/install/moveit_ros_robot_interaction/lib:/home/kush/UR5_Project_main/install/moveit_kinematics/lib:/home/kush/UR5_Project_main/install/moveit_ros_planning/lib:/home/kush/UR5_Project_main/install/moveit_ros_occupancy_map_monitor/lib:/home/kush/UR5_Project_main/install/moveit_core/lib:/home/kush/UR5_Project_main/install/srdfdom/lib:${LD_LIBRARY_PATH} PATH=/home/kush/UR5_Project_main/install/moveit_core/bin:${PATH} PYTHONPATH=/home/kush/UR5_Project_main/install/srdfdom/local/lib/python3.10/dist-packages:${PYTHONPATH} /usr/bin/cmake --install /home/kush/UR5_Project_main/build/moveit_ros_visualization
[8.897s] -- Install configuration: "Release"
[8.909s] -- Up-to-date: /home/kush/UR5_Project_main/install/moveit_ros_visualization/include
[8.910s] -- Up-to-date: /home/kush/UR5_Project_main/install/moveit_ros_visualization/include/moveit
[8.910s] -- Up-to-date: /home/kush/UR5_Project_main/install/moveit_ros_visualization/include/moveit/rviz_plugin_render_tools
[8.910s] -- Up-to-date: /home/kush/UR5_Project_main/install/moveit_ros_visualization/include/moveit/rviz_plugin_render_tools/planning_link_updater.h
[8.910s] -- Up-to-date: /home/kush/UR5_Project_main/install/moveit_ros_visualization/include/moveit/rviz_plugin_render_tools/octomap_render.h
[8.910s] -- Up-to-date: /home/kush/UR5_Project_main/install/moveit_ros_visualization/include/moveit/rviz_plugin_render_tools/trajectory_panel.h
[8.910s] -- Up-to-date: /home/kush/UR5_Project_main/install/moveit_ros_visualization/include/moveit/rviz_plugin_render_tools/planning_scene_render.h
[8.911s] -- Up-to-date: /home/kush/UR5_Project_main/install/moveit_ros_visualization/include/moveit/rviz_plugin_render_tools/trajectory_visualization.h
[8.911s] -- Up-to-date: /home/kush/UR5_Project_main/install/moveit_ros_visualization/include/moveit/rviz_plugin_render_tools/render_shapes.h
[8.911s] -- Up-to-date: /home/kush/UR5_Project_main/install/moveit_ros_visualization/include/moveit/rviz_plugin_render_tools/robot_state_visualization.h
[8.911s] -- Up-to-date: /home/kush/UR5_Project_main/install/moveit_ros_visualization/include/ogre_helpers
[8.911s] -- Up-to-date: /home/kush/UR5_Project_main/install/moveit_ros_visualization/include/ogre_helpers/mesh_shape.hpp
[8.936s] -- Up-to-date: /home/kush/UR5_Project_main/install/moveit_ros_visualization/include
[8.936s] -- Up-to-date: /home/kush/UR5_Project_main/install/moveit_ros_visualization/include/moveit
[8.936s] -- Up-to-date: /home/kush/UR5_Project_main/install/moveit_ros_visualization/include/moveit/robot_state_rviz_plugin
[8.936s] -- Up-to-date: /home/kush/UR5_Project_main/install/moveit_ros_visualization/include/moveit/robot_state_rviz_plugin/robot_state_display.h
[8.940s] -- Up-to-date: /home/kush/UR5_Project_main/install/moveit_ros_visualization/include
[8.940s] -- Up-to-date: /home/kush/UR5_Project_main/install/moveit_ros_visualization/include/moveit
[8.941s] -- Up-to-date: /home/kush/UR5_Project_main/install/moveit_ros_visualization/include/moveit/planning_scene_rviz_plugin
[8.941s] -- Up-to-date: /home/kush/UR5_Project_main/install/moveit_ros_visualization/include/moveit/planning_scene_rviz_plugin/planning_scene_display.h
[8.941s] -- Up-to-date: /home/kush/UR5_Project_main/install/moveit_ros_visualization/include/moveit/planning_scene_rviz_plugin/background_processing.hpp
[8.941s] -- Up-to-date: /home/kush/UR5_Project_main/install/moveit_ros_visualization/include/moveit_planning_scene_rviz_plugin_core_export.h
[8.946s] -- Up-to-date: /home/kush/UR5_Project_main/install/moveit_ros_visualization/include
[8.946s] -- Up-to-date: /home/kush/UR5_Project_main/install/moveit_ros_visualization/include/moveit
[8.946s] -- Up-to-date: /home/kush/UR5_Project_main/install/moveit_ros_visualization/include/moveit/motion_planning_rviz_plugin
[8.946s] -- Up-to-date: /home/kush/UR5_Project_main/install/moveit_ros_visualization/include/moveit/motion_planning_rviz_plugin/interactive_marker_display.h
[8.946s] -- Up-to-date: /home/kush/UR5_Project_main/install/moveit_ros_visualization/include/moveit/motion_planning_rviz_plugin/motion_planning_param_widget.h
[8.946s] -- Up-to-date: /home/kush/UR5_Project_main/install/moveit_ros_visualization/include/moveit/motion_planning_rviz_plugin/motion_planning_frame_joints_widget.h
[8.947s] -- Up-to-date: /home/kush/UR5_Project_main/install/moveit_ros_visualization/include/moveit/motion_planning_rviz_plugin/motion_planning_frame.h
[8.947s] -- Up-to-date: /home/kush/UR5_Project_main/install/moveit_ros_visualization/include/moveit/motion_planning_rviz_plugin/motion_planning_display.h
[8.961s] -- Up-to-date: /home/kush/UR5_Project_main/install/moveit_ros_visualization/include
[8.961s] -- Up-to-date: /home/kush/UR5_Project_main/install/moveit_ros_visualization/include/moveit
[8.962s] -- Up-to-date: /home/kush/UR5_Project_main/install/moveit_ros_visualization/include/moveit/trajectory_rviz_plugin
[8.962s] -- Up-to-date: /home/kush/UR5_Project_main/install/moveit_ros_visualization/include/moveit/trajectory_rviz_plugin/trajectory_display.h
[8.962s] -- Up-to-date: /home/kush/UR5_Project_main/install/moveit_ros_visualization/share/moveit_ros_visualization/icons
[8.962s] -- Up-to-date: /home/kush/UR5_Project_main/install/moveit_ros_visualization/share/moveit_ros_visualization/icons/classes
[8.962s] -- Up-to-date: /home/kush/UR5_Project_main/install/moveit_ros_visualization/share/moveit_ros_visualization/icons/classes/PlanningScene.png
[8.962s] -- Up-to-date: /home/kush/UR5_Project_main/install/moveit_ros_visualization/share/moveit_ros_visualization/icons/classes/RobotState.png
[8.962s] -- Up-to-date: /home/kush/UR5_Project_main/install/moveit_ros_visualization/share/moveit_ros_visualization/icons/classes/MotionPlanning.png
[8.962s] -- Up-to-date: /home/kush/UR5_Project_main/install/moveit_ros_visualization/share/moveit_ros_visualization/icons/classes/Trajectory.png
[8.962s] -- Up-to-date: /home/kush/UR5_Project_main/install/moveit_ros_visualization/share/moveit_ros_visualization/motion_planning_rviz_plugin_description.xml
[8.963s] -- Up-to-date: /home/kush/UR5_Project_main/install/moveit_ros_visualization/share/moveit_ros_visualization/trajectory_rviz_plugin_description.xml
[8.963s] -- Up-to-date: /home/kush/UR5_Project_main/install/moveit_ros_visualization/share/moveit_ros_visualization/planning_scene_rviz_plugin_description.xml
[8.963s] -- Up-to-date: /home/kush/UR5_Project_main/install/moveit_ros_visualization/share/moveit_ros_visualization/robot_state_rviz_plugin_description.xml
[9.000s] -- Up-to-date: /home/kush/UR5_Project_main/install/moveit_ros_visualization/lib/libmoveit_motion_planning_rviz_plugin.so.2.5.4
[9.000s] -- Up-to-date: /home/kush/UR5_Project_main/install/moveit_ros_visualization/lib/libmoveit_motion_planning_rviz_plugin.so
[9.053s] -- Up-to-date: /home/kush/UR5_Project_main/install/moveit_ros_visualization/lib/libmoveit_motion_planning_rviz_plugin_core.so.2.5.4
[9.054s] -- Up-to-date: /home/kush/UR5_Project_main/install/moveit_ros_visualization/lib/libmoveit_motion_planning_rviz_plugin_core.so
[9.069s] -- Up-to-date: /home/kush/UR5_Project_main/install/moveit_ros_visualization/lib/libmoveit_planning_scene_rviz_plugin.so.2.5.4
[9.069s] -- Up-to-date: /home/kush/UR5_Project_main/install/moveit_ros_visualization/lib/libmoveit_planning_scene_rviz_plugin.so
[9.089s] -- Up-to-date: /home/kush/UR5_Project_main/install/moveit_ros_visualization/lib/libmoveit_planning_scene_rviz_plugin_core.so.2.5.4
[9.090s] -- Up-to-date: /home/kush/UR5_Project_main/install/moveit_ros_visualization/lib/libmoveit_planning_scene_rviz_plugin_core.so
[9.091s] -- Up-to-date: /home/kush/UR5_Project_main/install/moveit_ros_visualization/lib/libmoveit_robot_state_rviz_plugin.so.2.5.4
[9.091s] -- Up-to-date: /home/kush/UR5_Project_main/install/moveit_ros_visualization/lib/libmoveit_robot_state_rviz_plugin.so
[9.135s] -- Up-to-date: /home/kush/UR5_Project_main/install/moveit_ros_visualization/lib/libmoveit_robot_state_rviz_plugin_core.so.2.5.4
[9.135s] -- Up-to-date: /home/kush/UR5_Project_main/install/moveit_ros_visualization/lib/libmoveit_robot_state_rviz_plugin_core.so
[9.236s] -- Up-to-date: /home/kush/UR5_Project_main/install/moveit_ros_visualization/lib/libmoveit_rviz_plugin_render_tools.so.2.5.4
[9.237s] -- Up-to-date: /home/kush/UR5_Project_main/install/moveit_ros_visualization/lib/libmoveit_rviz_plugin_render_tools.so
[9.253s] -- Up-to-date: /home/kush/UR5_Project_main/install/moveit_ros_visualization/lib/libmoveit_trajectory_rviz_plugin.so.2.5.4
[9.254s] -- Up-to-date: /home/kush/UR5_Project_main/install/moveit_ros_visualization/lib/libmoveit_trajectory_rviz_plugin.so
[9.329s] -- Up-to-date: /home/kush/UR5_Project_main/install/moveit_ros_visualization/lib/libmoveit_trajectory_rviz_plugin_core.so.2.5.4
[9.330s] -- Up-to-date: /home/kush/UR5_Project_main/install/moveit_ros_visualization/lib/libmoveit_trajectory_rviz_plugin_core.so
[9.330s] -- Up-to-date: /home/kush/UR5_Project_main/install/moveit_ros_visualization/share/moveit_ros_visualization/environment/library_path.sh
[9.330s] -- Up-to-date: /home/kush/UR5_Project_main/install/moveit_ros_visualization/share/moveit_ros_visualization/environment/library_path.dsv
[9.330s] -- Up-to-date: /home/kush/UR5_Project_main/install/moveit_ros_visualization/share/ament_index/resource_index/package_run_dependencies/moveit_ros_visualization
[9.331s] -- Up-to-date: /home/kush/UR5_Project_main/install/moveit_ros_visualization/share/ament_index/resource_index/parent_prefix_path/moveit_ros_visualization
[9.331s] -- Up-to-date: /home/kush/UR5_Project_main/install/moveit_ros_visualization/share/moveit_ros_visualization/environment/ament_prefix_path.sh
[9.331s] -- Up-to-date: /home/kush/UR5_Project_main/install/moveit_ros_visualization/share/moveit_ros_visualization/environment/ament_prefix_path.dsv
[9.331s] -- Up-to-date: /home/kush/UR5_Project_main/install/moveit_ros_visualization/share/moveit_ros_visualization/environment/path.sh
[9.331s] -- Up-to-date: /home/kush/UR5_Project_main/install/moveit_ros_visualization/share/moveit_ros_visualization/environment/path.dsv
[9.331s] -- Up-to-date: /home/kush/UR5_Project_main/install/moveit_ros_visualization/share/moveit_ros_visualization/local_setup.bash
[9.331s] -- Up-to-date: /home/kush/UR5_Project_main/install/moveit_ros_visualization/share/moveit_ros_visualization/local_setup.sh
[9.331s] -- Up-to-date: /home/kush/UR5_Project_main/install/moveit_ros_visualization/share/moveit_ros_visualization/local_setup.zsh
[9.332s] -- Up-to-date: /home/kush/UR5_Project_main/install/moveit_ros_visualization/share/moveit_ros_visualization/local_setup.dsv
[9.332s] -- Installing: /home/kush/UR5_Project_main/install/moveit_ros_visualization/share/moveit_ros_visualization/package.dsv
[9.355s] -- Up-to-date: /home/kush/UR5_Project_main/install/moveit_ros_visualization/share/ament_index/resource_index/packages/moveit_ros_visualization
[9.355s] -- Up-to-date: /home/kush/UR5_Project_main/install/moveit_ros_visualization/share/ament_index/resource_index/rviz_common__pluginlib__plugin/moveit_ros_visualization
[9.368s] -- Up-to-date: /home/kush/UR5_Project_main/install/moveit_ros_visualization/share/moveit_ros_visualization/cmake/export_moveit_ros_visualizationExport.cmake
[9.368s] -- Up-to-date: /home/kush/UR5_Project_main/install/moveit_ros_visualization/share/moveit_ros_visualization/cmake/export_moveit_ros_visualizationExport-release.cmake
[9.368s] -- Up-to-date: /home/kush/UR5_Project_main/install/moveit_ros_visualization/share/moveit_ros_visualization/cmake/ConfigExtras.cmake
[9.369s] -- Up-to-date: /home/kush/UR5_Project_main/install/moveit_ros_visualization/share/moveit_ros_visualization/cmake/ament_cmake_export_targets-extras.cmake
[9.369s] -- Up-to-date: /home/kush/UR5_Project_main/install/moveit_ros_visualization/share/moveit_ros_visualization/cmake/ament_cmake_export_dependencies-extras.cmake
[9.369s] -- Up-to-date: /home/kush/UR5_Project_main/install/moveit_ros_visualization/share/moveit_ros_visualization/cmake/moveit_ros_visualizationConfig.cmake
[9.369s] -- Up-to-date: /home/kush/UR5_Project_main/install/moveit_ros_visualization/share/moveit_ros_visualization/cmake/moveit_ros_visualizationConfig-version.cmake
[9.369s] -- Up-to-date: /home/kush/UR5_Project_main/install/moveit_ros_visualization/share/moveit_ros_visualization/package.xml
[9.389s] Invoked command in '/home/kush/UR5_Project_main/build/moveit_ros_visualization' returned '0': AMENT_PREFIX_PATH=/home/kush/UR5_Project_main/install/moveit_ros_planning_interface:/home/kush/UR5_Project_main/install/moveit_ros_move_group:/home/kush/UR5_Project_main/install/moveit_ros_warehouse:/home/kush/UR5_Project_main/install/moveit_ros_robot_interaction:/home/kush/UR5_Project_main/install/moveit_kinematics:/home/kush/UR5_Project_main/install/moveit_ros_planning:/home/kush/UR5_Project_main/install/moveit_ros_occupancy_map_monitor:/home/kush/UR5_Project_main/install/moveit_core:/home/kush/UR5_Project_main/install/srdfdom:/home/kush/UR5_Project_main/install/moveit_common:${AMENT_PREFIX_PATH} CMAKE_PREFIX_PATH=/home/kush/UR5_Project_main/install/moveit_ros_planning_interface:/home/kush/UR5_Project_main/install/moveit_ros_move_group:/home/kush/UR5_Project_main/install/moveit_ros_warehouse:/home/kush/UR5_Project_main/install/moveit_ros_robot_interaction:/home/kush/UR5_Project_main/install/moveit_kinematics:/home/kush/UR5_Project_main/install/moveit_ros_planning:/home/kush/UR5_Project_main/install/moveit_ros_occupancy_map_monitor:/home/kush/UR5_Project_main/install/moveit_core:/home/kush/UR5_Project_main/install/srdfdom:/home/kush/UR5_Project_main/install/moveit_common:/home/kush/ws_moveit2_ur5/install/ur_description:/home/kush/ws_moveit2_ur5/install/pilz_industrial_motion_planner_testutils:/home/kush/ws_moveit2_ur5/install/moveit_runtime:/home/kush/ws_moveit2_ur5/install/moveit2_tutorials:/home/kush/ws_moveit2_ur5/install/moveit:/home/kush/ws_moveit2_ur5/install/moveit_planners:/home/kush/ws_moveit2_ur5/install/pilz_industrial_motion_planner:/home/kush/ws_moveit2_ur5/install/moveit_visual_tools:/home/kush/ws_moveit2_ur5/install/moveit_task_constructor_visualization:/home/kush/ws_moveit2_ur5/install/moveit_task_constructor_demo:/home/kush/ws_moveit2_ur5/install/moveit_task_constructor_capabilities:/home/kush/ws_moveit2_ur5/install/moveit_task_constructor_core:/home/kush/ws_moveit2_ur5/install/moveit_ros_control_interface:/home/kush/ws_moveit2_ur5/install/moveit_plugins:/home/kush/ws_moveit2_ur5/install/moveit_simple_controller_manager:/home/kush/ws_moveit2_ur5/install/moveit_setup_assistant:/home/kush/ws_moveit2_ur5/install/moveit_setup_srdf_plugins:/home/kush/ws_moveit2_ur5/install/moveit_setup_core_plugins:/home/kush/ws_moveit2_ur5/install/moveit_setup_controllers:/home/kush/ws_moveit2_ur5/install/moveit_setup_app_plugins:/home/kush/ws_moveit2_ur5/install/moveit_setup_framework:/home/kush/ws_moveit2_ur5/install/moveit_servo:/home/kush/ws_moveit2_ur5/install/moveit_ros:/home/kush/ws_moveit2_ur5/install/moveit_ros_visualization:/home/kush/ws_moveit2_ur5/install/moveit_hybrid_planning:/home/kush/ws_moveit2_ur5/install/moveit_ros_planning_interface:/home/kush/ws_moveit2_ur5/install/moveit_ros_benchmarks:/home/kush/ws_moveit2_ur5/install/moveit_ros_warehouse:/home/kush/ws_moveit2_ur5/install/moveit_ros_robot_interaction:/home/kush/ws_moveit2_ur5/install/moveit_ros_perception:/home/kush/ws_moveit2_ur5/install/moveit_resources_prbt_pg70_support:/home/kush/ws_moveit2_ur5/install/moveit_resources_prbt_moveit_config:/home/kush/ws_moveit2_ur5/install/moveit_ros_move_group:/home/kush/ws_moveit2_ur5/install/moveit_planners_ompl:/home/kush/ws_moveit2_ur5/install/moveit_ros_planning:/home/kush/ws_moveit2_ur5/install/moveit_ros_occupancy_map_monitor:/home/kush/ws_moveit2_ur5/install/moveit_resources_prbt_ikfast_manipulator_plugin:/home/kush/ws_moveit2_ur5/install/moveit_planners_chomp:/home/kush/ws_moveit2_ur5/install/moveit_kinematics:/home/kush/ws_moveit2_ur5/install/moveit_chomp_optimizer_adapter:/home/kush/ws_moveit2_ur5/install/chomp_motion_planner:/home/kush/ws_moveit2_ur5/install/moveit_core:/home/kush/ws_moveit2_ur5/install/srdfdom:/home/kush/ws_moveit2_ur5/install/rviz_marker_tools:/home/kush/ws_moveit2_ur5/install/rosparam_shortcuts:/home/kush/ws_moveit2_ur5/install/moveit_task_constructor_msgs:/home/kush/ws_moveit2_ur5/install/moveit_resources_prbt_support:/home/kush/ws_moveit2_ur5/install/moveit_resources:/home/kush/ws_moveit2_ur5/install/moveit_resources_pr2_description:/home/kush/ws_moveit2_ur5/install/moveit_resources_panda_moveit_config:/home/kush/ws_moveit2_ur5/install/moveit_resources_panda_description:/home/kush/ws_moveit2_ur5/install/moveit_resources_fanuc_moveit_config:/home/kush/ws_moveit2_ur5/install/moveit_resources_fanuc_description:/home/kush/ws_moveit2_ur5/install/moveit_common:/home/kush/ws_moveit2_ur5/install/moveit_configs_utils:/home/kush/ws_moveit2_ur5/install/launch_param_builder:/opt/ros/humble LD_LIBRARY_PATH=/home/kush/UR5_Project_main/install/moveit_ros_planning_interface/lib:/home/kush/UR5_Project_main/install/moveit_ros_move_group/lib:/home/kush/UR5_Project_main/install/moveit_ros_warehouse/lib:/home/kush/UR5_Project_main/install/moveit_ros_robot_interaction/lib:/home/kush/UR5_Project_main/install/moveit_kinematics/lib:/home/kush/UR5_Project_main/install/moveit_ros_planning/lib:/home/kush/UR5_Project_main/install/moveit_ros_occupancy_map_monitor/lib:/home/kush/UR5_Project_main/install/moveit_core/lib:/home/kush/UR5_Project_main/install/srdfdom/lib:${LD_LIBRARY_PATH} PATH=/home/kush/UR5_Project_main/install/moveit_core/bin:${PATH} PYTHONPATH=/home/kush/UR5_Project_main/install/srdfdom/local/lib/python3.10/dist-packages:${PYTHONPATH} /usr/bin/cmake --install /home/kush/UR5_Project_main/build/moveit_ros_visualization
